[2018-11-09 08:19:25][debug] start
[2018-11-09 08:19:25][debug] call back
[2018-11-09 08:19:25][debug] update order flow:"TC20181109081910-603088"
[2018-11-09 08:19:25][debug] update order:"TC20181109081910-603088"
[2018-11-09 08:19:25][debug] success
[2018-11-09 10:28:53][debug] start
[2018-11-09 10:28:53][debug] call back
[2018-11-09 10:28:53][debug] error:can shu cuo wu
[2018-11-09 10:28:53][debug] start
[2018-11-09 10:28:53][debug] call back
[2018-11-09 10:28:53][debug] error:can shu cuo wu
[2018-11-09 10:51:04][debug] start
[2018-11-09 10:51:04][debug] call back
[2018-11-09 10:51:04][debug] error:can shu cuo wu
[2018-11-09 10:51:04][debug] start
[2018-11-09 10:51:04][debug] call back
[2018-11-09 10:51:04][debug] error:can shu cuo wu
[2018-11-09 11:48:48][debug] start
[2018-11-09 11:48:48][debug] call back
[2018-11-09 11:48:48][debug] error:can shu cuo wu
[2018-11-09 11:48:49][debug] start
[2018-11-09 11:48:49][debug] call back
[2018-11-09 11:48:49][debug] error:can shu cuo wu
[2018-11-09 12:04:43][debug] start
[2018-11-09 12:04:43][debug] call back
[2018-11-09 12:04:43][debug] error:can shu cuo wu
[2018-11-09 12:04:43][debug] start
[2018-11-09 12:04:43][debug] call back
[2018-11-09 12:04:43][debug] error:can shu cuo wu
[2018-11-09 12:47:58][debug] start
[2018-11-09 12:47:58][debug] call back
[2018-11-09 12:47:58][debug] error:can shu cuo wu
[2018-11-09 12:47:58][debug] start
[2018-11-09 12:47:58][debug] call back
[2018-11-09 12:47:58][debug] error:can shu cuo wu
[2018-11-09 13:03:20][debug] start
[2018-11-09 13:03:20][debug] call back
[2018-11-09 13:03:20][debug] error:can shu cuo wu
[2018-11-09 13:03:20][debug] start
[2018-11-09 13:03:20][debug] call back
[2018-11-09 13:03:20][debug] error:can shu cuo wu
