[2019-02-19 10:13:40][debug] start
[2019-02-19 10:13:40][debug] call back
[2019-02-19 10:13:40][debug] error:can shu cuo wu
[2019-02-19 10:13:40][debug] start
[2019-02-19 10:13:40][debug] call back
[2019-02-19 10:13:40][debug] error:can shu cuo wu
[2019-02-19 10:45:40][debug] start
[2019-02-19 10:45:40][debug] call back
[2019-02-19 10:45:40][debug] error:can shu cuo wu
[2019-02-19 10:45:40][debug] start
[2019-02-19 10:45:40][debug] call back
[2019-02-19 10:45:40][debug] error:can shu cuo wu
[2019-02-19 12:44:19][debug] start
[2019-02-19 12:44:19][debug] call back
[2019-02-19 12:44:19][debug] error:can shu cuo wu
[2019-02-19 12:44:19][debug] start
[2019-02-19 12:44:19][debug] call back
[2019-02-19 12:44:19][debug] error:can shu cuo wu
[2019-02-19 13:07:29][debug] start
[2019-02-19 13:07:29][debug] call back
[2019-02-19 13:07:29][debug] error:can shu cuo wu
[2019-02-19 13:07:29][debug] start
[2019-02-19 13:07:29][debug] call back
[2019-02-19 13:07:29][debug] error:can shu cuo wu
[2019-02-19 14:55:51][debug] start
[2019-02-19 14:55:51][debug] call back
[2019-02-19 14:55:51][debug] error:can shu cuo wu
[2019-02-19 14:55:51][debug] start
[2019-02-19 14:55:51][debug] call back
[2019-02-19 14:55:51][debug] error:can shu cuo wu
[2019-02-19 15:21:22][debug] start
[2019-02-19 15:21:22][debug] call back
[2019-02-19 15:21:22][debug] error:can shu cuo wu
[2019-02-19 15:21:22][debug] start
[2019-02-19 15:21:22][debug] call back
[2019-02-19 15:21:22][debug] error:can shu cuo wu
[2019-02-19 23:59:31][debug] start
[2019-02-19 23:59:31][debug] call back
[2019-02-19 23:59:31][debug] update order flow:"TC20190219235913-589599"
[2019-02-19 23:59:31][debug] update order:{"id":"79","site_id":"1","user_id":"612","tongcheng_id":"874","tcshop_id":"0","money":"10.00","all_money":"10.00","sx_money":"0.00","hb_count":"10","open_kouling":"2","kouling":"","kouling_pormpt":"","status":"1","only_show":"1","pay_status":"1","order_no":"TC20190219235913-589599","fenpei_status":"1","send_status":"0","add_time":"1550591953","part1":null,"part2":null,"part3":null}
[2019-02-19 23:59:31][debug] success
