[2018-06-02 15:28:12][debug] start
[2018-06-02 15:28:12][debug] call back
[2018-06-02 15:28:13][debug] update order flow:"TC20180602152755-464359"
[2018-06-02 15:28:13][debug] update order:"TC20180602152755-464359"
[2018-06-02 15:28:13][debug] success
[2018-06-02 16:09:16][debug] start
[2018-06-02 16:09:16][debug] call back
[2018-06-02 16:09:16][debug] update order flow:"TC20180602160902-467997"
[2018-06-02 16:09:16][debug] update user:"400"
[2018-06-02 16:09:17][debug] success
[2018-06-02 22:02:52][debug] start
[2018-06-02 22:02:52][debug] call back
[2018-06-02 22:02:52][debug] update order flow:"TC20180602220243-599896"
[2018-06-02 22:02:52][debug] update order:{"id":"40","site_id":"1","user_id":"259","tongcheng_id":"66","tcshop_id":"0","money":"10.00","all_money":"10.00","sx_money":"0.00","hb_count":"20","open_kouling":"2","kouling":"","kouling_pormpt":"","status":"1","only_show":"1","pay_status":"1","order_no":"TC20180602220243-599896","fenpei_status":"2","send_status":"0","add_time":"1527948162","part1":null,"part2":null,"part3":null}
[2018-06-02 22:02:52][debug] success
[2018-06-02 23:05:22][debug] start
[2018-06-02 23:05:22][debug] call back
[2018-06-02 23:05:23][debug] update order flow:"TC20180602230512-125326"
[2018-06-02 23:05:23][debug] update order:"TC20180602230512-125326"
[2018-06-02 23:05:23][debug] success
