[2018-07-19 21:57:00][debug] start
[2018-07-19 21:57:00][debug] call back
[2018-07-19 21:57:00][debug] update order flow:"TC20180719215635-302617"
[2018-07-19 21:57:00][debug] update user:"170"
[2018-07-19 21:57:01][debug] success
[2018-07-19 22:03:30][debug] start
[2018-07-19 22:03:30][debug] call back
[2018-07-19 22:03:30][debug] update order flow:"TC20180719220321-252333"
[2018-07-19 22:03:30][debug] update order:"TC20180719220321-252333"
[2018-07-19 22:03:30][debug] success
[2018-07-19 22:07:57][debug] start
[2018-07-19 22:07:57][debug] call back
[2018-07-19 22:07:57][debug] update order flow:"TC20180719220748-423993"
[2018-07-19 22:07:57][debug] update order:"TC20180719220748-423993"
[2018-07-19 22:07:57][debug] success
[2018-07-19 22:09:20][debug] start
[2018-07-19 22:09:20][debug] call back
[2018-07-19 22:09:20][debug] update order flow:"TC20180719220912-259767"
[2018-07-19 22:09:20][debug] update order:{"id":"53","site_id":"1","user_id":"1122","tongcheng_id":"453","tcshop_id":"0","money":"10.00","all_money":"10.00","sx_money":"0.00","hb_count":"10","open_kouling":"2","kouling":"","kouling_pormpt":"","status":"1","only_show":"1","pay_status":"1","order_no":"TC20180719220912-259767","fenpei_status":"1","send_status":"0","add_time":"1532009351","part1":null,"part2":null,"part3":null}
[2018-07-19 22:09:20][debug] success
