[2018-09-23 18:52:32][debug] [sms]--------------------- new -------------------------
[2018-09-23 18:52:32][debug] [sms]hongbao id:62
[2018-09-23 18:52:32][debug] [sms]page:1
[2018-09-23 18:52:32][debug] [sms]client IP:118.89.52.235
[2018-09-23 18:52:32][debug] [sms]start:1537699952
[2018-09-23 18:52:36][debug] [sms]all num:10
[2018-09-23 18:52:36][debug] [sms]run num:10
[2018-09-23 18:52:36][debug] [sms]ok num:7
[2018-09-23 18:52:36][debug] [sms]no num:0
[2018-09-23 18:52:36][debug] [sms]run time:4
[2018-09-23 18:52:36][debug] [sms]end:1537699956
[2018-09-23 18:52:36][debug] [sms]page:https://bbs.sex002.xyz/plugin.php?id=tom_tchongbao:ajax&act=nitice_sms_hb_run&site=1&tongcheng_id=520&hongbao_id=62&page=2
[2018-09-23 18:52:36][debug] [sms]hongbao id:62
[2018-09-23 18:52:36][debug] [sms]page:2
[2018-09-23 18:52:36][debug] [sms]client IP:118.89.52.235
[2018-09-23 18:52:36][debug] [sms]start:1537699956
[2018-09-23 18:52:39][debug] [sms]all num:10
[2018-09-23 18:52:39][debug] [sms]run num:10
[2018-09-23 18:52:39][debug] [sms]ok num:6
[2018-09-23 18:52:39][debug] [sms]no num:0
[2018-09-23 18:52:39][debug] [sms]run time:3
[2018-09-23 18:52:39][debug] [sms]end:1537699959
[2018-09-23 18:52:39][debug] [sms]page:https://bbs.sex002.xyz/plugin.php?id=tom_tchongbao:ajax&act=nitice_sms_hb_run&site=1&tongcheng_id=520&hongbao_id=62&page=3
[2018-09-23 18:52:40][debug] [sms]hongbao id:62
[2018-09-23 18:52:40][debug] [sms]page:3
[2018-09-23 18:52:40][debug] [sms]client IP:118.89.52.235
[2018-09-23 18:52:40][debug] [sms]start:1537699960
[2018-09-23 18:52:43][debug] [sms]all num:10
[2018-09-23 18:52:43][debug] [sms]run num:10
[2018-09-23 18:52:43][debug] [sms]ok num:7
[2018-09-23 18:52:43][debug] [sms]no num:0
[2018-09-23 18:52:43][debug] [sms]run time:3
[2018-09-23 18:52:43][debug] [sms]end:1537699963
[2018-09-23 18:52:43][debug] [sms]page:https://bbs.sex002.xyz/plugin.php?id=tom_tchongbao:ajax&act=nitice_sms_hb_run&site=1&tongcheng_id=520&hongbao_id=62&page=4
[2018-09-23 18:52:43][debug] [sms]hongbao id:62
[2018-09-23 18:52:43][debug] [sms]page:4
[2018-09-23 18:52:43][debug] [sms]client IP:118.89.52.235
[2018-09-23 18:52:43][debug] [sms]start:1537699963
[2018-09-23 18:52:47][debug] [sms]all num:10
[2018-09-23 18:52:47][debug] [sms]run num:10
[2018-09-23 18:52:47][debug] [sms]ok num:6
[2018-09-23 18:52:47][debug] [sms]no num:0
[2018-09-23 18:52:47][debug] [sms]run time:4
[2018-09-23 18:52:47][debug] [sms]end:1537699967
[2018-09-23 18:52:47][debug] [sms]page:https://bbs.sex002.xyz/plugin.php?id=tom_tchongbao:ajax&act=nitice_sms_hb_run&site=1&tongcheng_id=520&hongbao_id=62&page=5
[2018-09-23 18:52:47][debug] [sms]hongbao id:62
[2018-09-23 18:52:47][debug] [sms]page:5
[2018-09-23 18:52:47][debug] [sms]client IP:118.89.52.235
[2018-09-23 18:52:47][debug] [sms]start:1537699967
[2018-09-23 18:52:50][debug] [sms]all num:10
[2018-09-23 18:52:50][debug] [sms]run num:10
[2018-09-23 18:52:50][debug] [sms]ok num:7
[2018-09-23 18:52:50][debug] [sms]no num:0
[2018-09-23 18:52:50][debug] [sms]run time:3
[2018-09-23 18:52:50][debug] [sms]end:1537699970
[2018-09-23 18:52:50][debug] [sms]page:https://bbs.sex002.xyz/plugin.php?id=tom_tchongbao:ajax&act=nitice_sms_hb_run&site=1&tongcheng_id=520&hongbao_id=62&page=6
[2018-09-23 18:52:50][debug] [sms]hongbao id:62
[2018-09-23 18:52:50][debug] [sms]page:6
[2018-09-23 18:52:50][debug] [sms]client IP:118.89.52.235
[2018-09-23 18:52:50][debug] [sms]start:1537699970
[2018-09-23 18:52:53][debug] [sms]all num:10
[2018-09-23 18:52:53][debug] [sms]run num:10
[2018-09-23 18:52:53][debug] [sms]ok num:9
[2018-09-23 18:52:53][debug] [sms]no num:0
[2018-09-23 18:52:53][debug] [sms]run time:3
[2018-09-23 18:52:53][debug] [sms]end:1537699973
[2018-09-23 18:52:53][debug] [sms]page:https://bbs.sex002.xyz/plugin.php?id=tom_tchongbao:ajax&act=nitice_sms_hb_run&site=1&tongcheng_id=520&hongbao_id=62&page=7
[2018-09-23 18:52:54][debug] [sms]hongbao id:62
[2018-09-23 18:52:54][debug] [sms]page:7
[2018-09-23 18:52:54][debug] [sms]client IP:118.89.52.235
[2018-09-23 18:52:54][debug] [sms]start:1537699974
[2018-09-23 18:52:57][debug] [sms]all num:10
[2018-09-23 18:52:57][debug] [sms]run num:10
[2018-09-23 18:52:57][debug] [sms]ok num:7
[2018-09-23 18:52:57][debug] [sms]no num:0
[2018-09-23 18:52:57][debug] [sms]run time:3
[2018-09-23 18:52:57][debug] [sms]end:1537699977
[2018-09-23 18:52:57][debug] [sms]page:https://bbs.sex002.xyz/plugin.php?id=tom_tchongbao:ajax&act=nitice_sms_hb_run&site=1&tongcheng_id=520&hongbao_id=62&page=8
[2018-09-23 18:52:57][debug] [sms]hongbao id:62
[2018-09-23 18:52:57][debug] [sms]page:8
[2018-09-23 18:52:57][debug] [sms]client IP:118.89.52.235
[2018-09-23 18:52:57][debug] [sms]start:1537699977
[2018-09-23 18:53:00][debug] [sms]all num:10
[2018-09-23 18:53:00][debug] [sms]run num:10
[2018-09-23 18:53:00][debug] [sms]ok num:8
[2018-09-23 18:53:00][debug] [sms]no num:0
[2018-09-23 18:53:00][debug] [sms]run time:3
[2018-09-23 18:53:00][debug] [sms]end:1537699980
[2018-09-23 18:53:00][debug] [sms]page:https://bbs.sex002.xyz/plugin.php?id=tom_tchongbao:ajax&act=nitice_sms_hb_run&site=1&tongcheng_id=520&hongbao_id=62&page=9
[2018-09-23 18:53:00][debug] [sms]hongbao id:62
[2018-09-23 18:53:00][debug] [sms]page:9
[2018-09-23 18:53:00][debug] [sms]client IP:118.89.52.235
[2018-09-23 18:53:00][debug] [sms]start:1537699980
[2018-09-23 18:53:03][debug] [sms]all num:10
[2018-09-23 18:53:03][debug] [sms]run num:10
[2018-09-23 18:53:03][debug] [sms]ok num:4
[2018-09-23 18:53:03][debug] [sms]no num:0
[2018-09-23 18:53:03][debug] [sms]run time:3
[2018-09-23 18:53:03][debug] [sms]end:1537699983
[2018-09-23 18:53:03][debug] [sms]page:https://bbs.sex002.xyz/plugin.php?id=tom_tchongbao:ajax&act=nitice_sms_hb_run&site=1&tongcheng_id=520&hongbao_id=62&page=10
[2018-09-23 18:53:03][debug] [sms]hongbao id:62
[2018-09-23 18:53:03][debug] [sms]page:10
[2018-09-23 18:53:03][debug] [sms]client IP:118.89.52.235
[2018-09-23 18:53:03][debug] [sms]start:1537699983
[2018-09-23 18:53:07][debug] [sms]all num:10
[2018-09-23 18:53:07][debug] [sms]run num:10
[2018-09-23 18:53:07][debug] [sms]ok num:10
[2018-09-23 18:53:07][debug] [sms]no num:0
[2018-09-23 18:53:07][debug] [sms]run time:4
[2018-09-23 18:53:07][debug] [sms]end:1537699987
[2018-09-23 18:53:07][debug] [sms]page:https://bbs.sex002.xyz/plugin.php?id=tom_tchongbao:ajax&act=nitice_sms_hb_run&site=1&tongcheng_id=520&hongbao_id=62&page=11
[2018-09-23 18:53:07][debug] [sms]hongbao id:62
[2018-09-23 18:53:07][debug] [sms]page:11
[2018-09-23 18:53:07][debug] [sms]client IP:118.89.52.235
[2018-09-23 18:53:07][debug] [sms]start:1537699987
[2018-09-23 18:53:10][debug] [sms]all num:10
[2018-09-23 18:53:10][debug] [sms]run num:10
[2018-09-23 18:53:10][debug] [sms]ok num:8
[2018-09-23 18:53:10][debug] [sms]no num:0
[2018-09-23 18:53:10][debug] [sms]run time:3
[2018-09-23 18:53:10][debug] [sms]end:1537699990
[2018-09-23 18:53:10][debug] [sms]page:https://bbs.sex002.xyz/plugin.php?id=tom_tchongbao:ajax&act=nitice_sms_hb_run&site=1&tongcheng_id=520&hongbao_id=62&page=12
[2018-09-23 18:53:10][debug] [sms]hongbao id:62
[2018-09-23 18:53:10][debug] [sms]page:12
[2018-09-23 18:53:10][debug] [sms]client IP:118.89.52.235
[2018-09-23 18:53:10][debug] [sms]start:1537699990
[2018-09-23 18:53:13][debug] [sms]all num:10
[2018-09-23 18:53:13][debug] [sms]run num:10
[2018-09-23 18:53:13][debug] [sms]ok num:9
[2018-09-23 18:53:13][debug] [sms]no num:0
[2018-09-23 18:53:13][debug] [sms]run time:3
[2018-09-23 18:53:13][debug] [sms]end:1537699993
[2018-09-23 18:53:13][debug] [sms]page:https://bbs.sex002.xyz/plugin.php?id=tom_tchongbao:ajax&act=nitice_sms_hb_run&site=1&tongcheng_id=520&hongbao_id=62&page=13
[2018-09-23 18:53:13][debug] [sms]hongbao id:62
[2018-09-23 18:53:13][debug] [sms]page:13
[2018-09-23 18:53:13][debug] [sms]client IP:118.89.52.235
[2018-09-23 18:53:13][debug] [sms]start:1537699993
[2018-09-23 18:53:17][debug] [sms]all num:10
[2018-09-23 18:53:17][debug] [sms]run num:10
[2018-09-23 18:53:17][debug] [sms]ok num:7
[2018-09-23 18:53:17][debug] [sms]no num:0
[2018-09-23 18:53:17][debug] [sms]run time:4
[2018-09-23 18:53:17][debug] [sms]end:1537699997
[2018-09-23 18:53:17][debug] [sms]page:https://bbs.sex002.xyz/plugin.php?id=tom_tchongbao:ajax&act=nitice_sms_hb_run&site=1&tongcheng_id=520&hongbao_id=62&page=14
[2018-09-23 18:53:17][debug] [sms]hongbao id:62
[2018-09-23 18:53:17][debug] [sms]page:14
[2018-09-23 18:53:17][debug] [sms]client IP:118.89.52.235
[2018-09-23 18:53:17][debug] [sms]start:1537699997
[2018-09-23 18:53:20][debug] [sms]all num:10
[2018-09-23 18:53:20][debug] [sms]run num:10
[2018-09-23 18:53:20][debug] [sms]ok num:4
[2018-09-23 18:53:20][debug] [sms]no num:0
[2018-09-23 18:53:20][debug] [sms]run time:3
[2018-09-23 18:53:20][debug] [sms]end:1537700000
[2018-09-23 18:53:20][debug] [sms]page:https://bbs.sex002.xyz/plugin.php?id=tom_tchongbao:ajax&act=nitice_sms_hb_run&site=1&tongcheng_id=520&hongbao_id=62&page=15
[2018-09-23 18:53:21][debug] [sms]hongbao id:62
[2018-09-23 18:53:21][debug] [sms]page:15
[2018-09-23 18:53:21][debug] [sms]client IP:118.89.52.235
[2018-09-23 18:53:21][debug] [sms]start:1537700001
[2018-09-23 18:53:24][debug] [sms]all num:10
[2018-09-23 18:53:24][debug] [sms]run num:10
[2018-09-23 18:53:24][debug] [sms]ok num:9
[2018-09-23 18:53:24][debug] [sms]no num:0
[2018-09-23 18:53:24][debug] [sms]run time:3
[2018-09-23 18:53:24][debug] [sms]end:1537700004
[2018-09-23 18:53:24][debug] [sms]page:https://bbs.sex002.xyz/plugin.php?id=tom_tchongbao:ajax&act=nitice_sms_hb_run&site=1&tongcheng_id=520&hongbao_id=62&page=16
[2018-09-23 18:53:24][debug] [sms]hongbao id:62
[2018-09-23 18:53:24][debug] [sms]page:16
[2018-09-23 18:53:24][debug] [sms]client IP:118.89.52.235
[2018-09-23 18:53:24][debug] [sms]start:1537700004
[2018-09-23 18:53:27][debug] [sms]all num:10
[2018-09-23 18:53:27][debug] [sms]run num:10
[2018-09-23 18:53:27][debug] [sms]ok num:5
[2018-09-23 18:53:27][debug] [sms]no num:0
[2018-09-23 18:53:27][debug] [sms]run time:3
[2018-09-23 18:53:27][debug] [sms]end:1537700007
[2018-09-23 18:53:27][debug] [sms]page:https://bbs.sex002.xyz/plugin.php?id=tom_tchongbao:ajax&act=nitice_sms_hb_run&site=1&tongcheng_id=520&hongbao_id=62&page=17
[2018-09-23 18:53:27][debug] [sms]hongbao id:62
[2018-09-23 18:53:27][debug] [sms]page:17
[2018-09-23 18:53:27][debug] [sms]client IP:118.89.52.235
[2018-09-23 18:53:27][debug] [sms]start:1537700007
[2018-09-23 18:53:30][debug] [sms]all num:10
[2018-09-23 18:53:30][debug] [sms]run num:10
[2018-09-23 18:53:30][debug] [sms]ok num:9
[2018-09-23 18:53:30][debug] [sms]no num:0
[2018-09-23 18:53:30][debug] [sms]run time:3
[2018-09-23 18:53:30][debug] [sms]end:1537700010
[2018-09-23 18:53:30][debug] [sms]page:https://bbs.sex002.xyz/plugin.php?id=tom_tchongbao:ajax&act=nitice_sms_hb_run&site=1&tongcheng_id=520&hongbao_id=62&page=18
[2018-09-23 18:53:30][debug] [sms]hongbao id:62
[2018-09-23 18:53:30][debug] [sms]page:18
[2018-09-23 18:53:30][debug] [sms]client IP:118.89.52.235
[2018-09-23 18:53:30][debug] [sms]start:1537700010
[2018-09-23 18:53:33][debug] [sms]all num:10
[2018-09-23 18:53:33][debug] [sms]run num:10
[2018-09-23 18:53:33][debug] [sms]ok num:10
[2018-09-23 18:53:33][debug] [sms]no num:0
[2018-09-23 18:53:33][debug] [sms]run time:3
[2018-09-23 18:53:33][debug] [sms]end:1537700013
[2018-09-23 18:53:33][debug] [sms]page:https://bbs.sex002.xyz/plugin.php?id=tom_tchongbao:ajax&act=nitice_sms_hb_run&site=1&tongcheng_id=520&hongbao_id=62&page=19
[2018-09-23 18:53:34][debug] [sms]hongbao id:62
[2018-09-23 18:53:34][debug] [sms]page:19
[2018-09-23 18:53:34][debug] [sms]client IP:118.89.52.235
[2018-09-23 18:53:34][debug] [sms]start:1537700014
[2018-09-23 18:53:36][debug] [sms]all num:10
[2018-09-23 18:53:36][debug] [sms]run num:10
[2018-09-23 18:53:36][debug] [sms]ok num:9
[2018-09-23 18:53:36][debug] [sms]no num:0
[2018-09-23 18:53:36][debug] [sms]run time:2
[2018-09-23 18:53:36][debug] [sms]end:1537700016
[2018-09-23 18:53:36][debug] [sms]page:https://bbs.sex002.xyz/plugin.php?id=tom_tchongbao:ajax&act=nitice_sms_hb_run&site=1&tongcheng_id=520&hongbao_id=62&page=20
[2018-09-23 18:53:37][debug] [sms]hongbao id:62
[2018-09-23 18:53:37][debug] [sms]page:20
[2018-09-23 18:53:37][debug] [sms]client IP:118.89.52.235
[2018-09-23 18:53:37][debug] [sms]start:1537700017
[2018-09-23 18:53:40][debug] [sms]all num:10
[2018-09-23 18:53:40][debug] [sms]run num:10
[2018-09-23 18:53:40][debug] [sms]ok num:10
[2018-09-23 18:53:40][debug] [sms]no num:0
[2018-09-23 18:53:40][debug] [sms]run time:3
[2018-09-23 18:53:40][debug] [sms]end:1537700020
[2018-09-23 18:53:40][debug] [sms]page:https://bbs.sex002.xyz/plugin.php?id=tom_tchongbao:ajax&act=nitice_sms_hb_run&site=1&tongcheng_id=520&hongbao_id=62&page=21
[2018-09-23 18:53:40][debug] [sms]hongbao id:62
[2018-09-23 18:53:40][debug] [sms]page:21
[2018-09-23 18:53:40][debug] [sms]client IP:118.89.52.235
[2018-09-23 18:53:40][debug] [sms]start:1537700020
[2018-09-23 18:53:43][debug] [sms]all num:10
[2018-09-23 18:53:43][debug] [sms]run num:10
[2018-09-23 18:53:43][debug] [sms]ok num:10
[2018-09-23 18:53:43][debug] [sms]no num:0
[2018-09-23 18:53:43][debug] [sms]run time:3
[2018-09-23 18:53:43][debug] [sms]end:1537700023
[2018-09-23 18:53:43][debug] [sms]page:https://bbs.sex002.xyz/plugin.php?id=tom_tchongbao:ajax&act=nitice_sms_hb_run&site=1&tongcheng_id=520&hongbao_id=62&page=22
[2018-09-23 18:53:43][debug] [sms]hongbao id:62
[2018-09-23 18:53:43][debug] [sms]page:22
[2018-09-23 18:53:43][debug] [sms]client IP:118.89.52.235
[2018-09-23 18:53:43][debug] [sms]start:1537700023
[2018-09-23 18:53:46][debug] [sms]all num:10
[2018-09-23 18:53:46][debug] [sms]run num:10
[2018-09-23 18:53:46][debug] [sms]ok num:10
[2018-09-23 18:53:46][debug] [sms]no num:0
[2018-09-23 18:53:46][debug] [sms]run time:3
[2018-09-23 18:53:46][debug] [sms]end:1537700026
[2018-09-23 18:53:46][debug] [sms]page:https://bbs.sex002.xyz/plugin.php?id=tom_tchongbao:ajax&act=nitice_sms_hb_run&site=1&tongcheng_id=520&hongbao_id=62&page=23
[2018-09-23 18:53:47][debug] [sms]hongbao id:62
[2018-09-23 18:53:47][debug] [sms]page:23
[2018-09-23 18:53:47][debug] [sms]client IP:118.89.52.235
[2018-09-23 18:53:47][debug] [sms]start:1537700027
[2018-09-23 18:53:50][debug] [sms]all num:10
[2018-09-23 18:53:50][debug] [sms]run num:10
[2018-09-23 18:53:50][debug] [sms]ok num:9
[2018-09-23 18:53:50][debug] [sms]no num:0
[2018-09-23 18:53:50][debug] [sms]run time:3
[2018-09-23 18:53:50][debug] [sms]end:1537700030
[2018-09-23 18:53:50][debug] [sms]page:https://bbs.sex002.xyz/plugin.php?id=tom_tchongbao:ajax&act=nitice_sms_hb_run&site=1&tongcheng_id=520&hongbao_id=62&page=24
[2018-09-23 18:53:50][debug] [sms]hongbao id:62
[2018-09-23 18:53:50][debug] [sms]page:24
[2018-09-23 18:53:50][debug] [sms]client IP:118.89.52.235
[2018-09-23 18:53:50][debug] [sms]start:1537700030
[2018-09-23 18:53:53][debug] [sms]all num:10
[2018-09-23 18:53:53][debug] [sms]run num:10
[2018-09-23 18:53:53][debug] [sms]ok num:10
[2018-09-23 18:53:53][debug] [sms]no num:0
[2018-09-23 18:53:53][debug] [sms]run time:3
[2018-09-23 18:53:53][debug] [sms]end:1537700033
[2018-09-23 18:53:53][debug] [sms]page:https://bbs.sex002.xyz/plugin.php?id=tom_tchongbao:ajax&act=nitice_sms_hb_run&site=1&tongcheng_id=520&hongbao_id=62&page=25
[2018-09-23 18:53:53][debug] [sms]hongbao id:62
[2018-09-23 18:53:53][debug] [sms]page:25
[2018-09-23 18:53:53][debug] [sms]client IP:118.89.52.235
[2018-09-23 18:53:53][debug] [sms]start:1537700033
[2018-09-23 18:53:56][debug] [sms]all num:10
[2018-09-23 18:53:56][debug] [sms]run num:10
[2018-09-23 18:53:56][debug] [sms]ok num:10
[2018-09-23 18:53:56][debug] [sms]no num:0
[2018-09-23 18:53:56][debug] [sms]run time:3
[2018-09-23 18:53:56][debug] [sms]end:1537700036
[2018-09-23 18:53:56][debug] [sms]page:https://bbs.sex002.xyz/plugin.php?id=tom_tchongbao:ajax&act=nitice_sms_hb_run&site=1&tongcheng_id=520&hongbao_id=62&page=26
[2018-09-23 18:53:57][debug] [sms]hongbao id:62
[2018-09-23 18:53:57][debug] [sms]page:26
[2018-09-23 18:53:57][debug] [sms]client IP:118.89.52.235
[2018-09-23 18:53:57][debug] [sms]start:1537700037
[2018-09-23 18:54:00][debug] [sms]all num:10
[2018-09-23 18:54:00][debug] [sms]run num:10
[2018-09-23 18:54:00][debug] [sms]ok num:10
[2018-09-23 18:54:00][debug] [sms]no num:0
[2018-09-23 18:54:00][debug] [sms]run time:3
[2018-09-23 18:54:00][debug] [sms]end:1537700040
[2018-09-23 18:54:00][debug] [sms]page:https://bbs.sex002.xyz/plugin.php?id=tom_tchongbao:ajax&act=nitice_sms_hb_run&site=1&tongcheng_id=520&hongbao_id=62&page=27
[2018-09-23 18:54:00][debug] [sms]hongbao id:62
[2018-09-23 18:54:00][debug] [sms]page:27
[2018-09-23 18:54:00][debug] [sms]client IP:118.89.52.235
[2018-09-23 18:54:00][debug] [sms]start:1537700040
[2018-09-23 18:54:03][debug] [sms]all num:10
[2018-09-23 18:54:03][debug] [sms]run num:10
[2018-09-23 18:54:03][debug] [sms]ok num:10
[2018-09-23 18:54:03][debug] [sms]no num:0
[2018-09-23 18:54:03][debug] [sms]run time:3
[2018-09-23 18:54:03][debug] [sms]end:1537700043
[2018-09-23 18:54:03][debug] [sms]page:https://bbs.sex002.xyz/plugin.php?id=tom_tchongbao:ajax&act=nitice_sms_hb_run&site=1&tongcheng_id=520&hongbao_id=62&page=28
[2018-09-23 18:54:03][debug] [sms]hongbao id:62
[2018-09-23 18:54:03][debug] [sms]page:28
[2018-09-23 18:54:03][debug] [sms]client IP:118.89.52.235
[2018-09-23 18:54:03][debug] [sms]start:1537700043
[2018-09-23 18:54:06][debug] [sms]all num:10
[2018-09-23 18:54:06][debug] [sms]run num:10
[2018-09-23 18:54:06][debug] [sms]ok num:9
[2018-09-23 18:54:06][debug] [sms]no num:0
[2018-09-23 18:54:06][debug] [sms]run time:3
[2018-09-23 18:54:06][debug] [sms]end:1537700046
[2018-09-23 18:54:06][debug] [sms]page:https://bbs.sex002.xyz/plugin.php?id=tom_tchongbao:ajax&act=nitice_sms_hb_run&site=1&tongcheng_id=520&hongbao_id=62&page=29
[2018-09-23 18:54:06][debug] [sms]hongbao id:62
[2018-09-23 18:54:06][debug] [sms]page:29
[2018-09-23 18:54:06][debug] [sms]client IP:118.89.52.235
[2018-09-23 18:54:06][debug] [sms]start:1537700046
[2018-09-23 18:54:09][debug] [sms]all num:10
[2018-09-23 18:54:09][debug] [sms]run num:9
[2018-09-23 18:54:09][debug] [sms]ok num:5
[2018-09-23 18:54:09][debug] [sms]no num:0
[2018-09-23 18:54:09][debug] [sms]run time:3
[2018-09-23 18:54:09][debug] [sms]end:1537700049
[2018-09-23 18:54:09][debug] [sms]page:https://bbs.sex002.xyz/plugin.php?id=tom_tchongbao:ajax&act=nitice_sms_hb_run&site=1&tongcheng_id=520&hongbao_id=62&page=30
[2018-09-23 18:54:09][debug] [sms]hongbao id:62
[2018-09-23 18:54:09][debug] [sms]page:30
[2018-09-23 18:54:09][debug] [sms]client IP:118.89.52.235
[2018-09-23 18:54:09][debug] [sms]start:1537700049
[2018-09-23 18:54:12][debug] [sms]all num:10
[2018-09-23 18:54:12][debug] [sms]run num:10
[2018-09-23 18:54:12][debug] [sms]ok num:7
[2018-09-23 18:54:12][debug] [sms]no num:0
[2018-09-23 18:54:12][debug] [sms]run time:3
[2018-09-23 18:54:12][debug] [sms]end:1537700052
[2018-09-23 18:54:12][debug] [sms]page:https://bbs.sex002.xyz/plugin.php?id=tom_tchongbao:ajax&act=nitice_sms_hb_run&site=1&tongcheng_id=520&hongbao_id=62&page=31
[2018-09-23 18:54:12][debug] [sms]hongbao id:62
[2018-09-23 18:54:12][debug] [sms]page:31
[2018-09-23 18:54:12][debug] [sms]client IP:118.89.52.235
[2018-09-23 18:54:12][debug] [sms]start:1537700052
[2018-09-23 18:54:15][debug] [sms]all num:10
[2018-09-23 18:54:15][debug] [sms]run num:10
[2018-09-23 18:54:15][debug] [sms]ok num:4
[2018-09-23 18:54:15][debug] [sms]no num:0
[2018-09-23 18:54:15][debug] [sms]run time:3
[2018-09-23 18:54:15][debug] [sms]end:1537700055
[2018-09-23 18:54:15][debug] [sms]page:https://bbs.sex002.xyz/plugin.php?id=tom_tchongbao:ajax&act=nitice_sms_hb_run&site=1&tongcheng_id=520&hongbao_id=62&page=32
[2018-09-23 18:54:15][debug] [sms]hongbao id:62
[2018-09-23 18:54:15][debug] [sms]page:32
[2018-09-23 18:54:15][debug] [sms]client IP:118.89.52.235
[2018-09-23 18:54:15][debug] [sms]start:1537700055
[2018-09-23 18:54:19][debug] [sms]all num:10
[2018-09-23 18:54:19][debug] [sms]run num:10
[2018-09-23 18:54:19][debug] [sms]ok num:4
[2018-09-23 18:54:19][debug] [sms]no num:0
[2018-09-23 18:54:19][debug] [sms]run time:4
[2018-09-23 18:54:19][debug] [sms]end:1537700059
[2018-09-23 18:54:19][debug] [sms]page:https://bbs.sex002.xyz/plugin.php?id=tom_tchongbao:ajax&act=nitice_sms_hb_run&site=1&tongcheng_id=520&hongbao_id=62&page=33
[2018-09-23 18:54:19][debug] [sms]hongbao id:62
[2018-09-23 18:54:19][debug] [sms]page:33
[2018-09-23 18:54:19][debug] [sms]client IP:118.89.52.235
[2018-09-23 18:54:19][debug] [sms]start:1537700059
[2018-09-23 18:54:22][debug] [sms]all num:10
[2018-09-23 18:54:22][debug] [sms]run num:10
[2018-09-23 18:54:22][debug] [sms]ok num:9
[2018-09-23 18:54:22][debug] [sms]no num:0
[2018-09-23 18:54:22][debug] [sms]run time:3
[2018-09-23 18:54:22][debug] [sms]end:1537700062
[2018-09-23 18:54:22][debug] [sms]page:https://bbs.sex002.xyz/plugin.php?id=tom_tchongbao:ajax&act=nitice_sms_hb_run&site=1&tongcheng_id=520&hongbao_id=62&page=34
[2018-09-23 18:54:22][debug] [sms]hongbao id:62
[2018-09-23 18:54:22][debug] [sms]page:34
[2018-09-23 18:54:22][debug] [sms]client IP:118.89.52.235
[2018-09-23 18:54:22][debug] [sms]start:1537700062
[2018-09-23 18:54:25][debug] [sms]all num:10
[2018-09-23 18:54:25][debug] [sms]run num:10
[2018-09-23 18:54:25][debug] [sms]ok num:10
[2018-09-23 18:54:25][debug] [sms]no num:0
[2018-09-23 18:54:25][debug] [sms]run time:3
[2018-09-23 18:54:25][debug] [sms]end:1537700065
[2018-09-23 18:54:25][debug] [sms]page:https://bbs.sex002.xyz/plugin.php?id=tom_tchongbao:ajax&act=nitice_sms_hb_run&site=1&tongcheng_id=520&hongbao_id=62&page=35
[2018-09-23 18:54:25][debug] [sms]hongbao id:62
[2018-09-23 18:54:25][debug] [sms]page:35
[2018-09-23 18:54:25][debug] [sms]client IP:118.89.52.235
[2018-09-23 18:54:25][debug] [sms]start:1537700065
[2018-09-23 18:54:29][debug] [sms]all num:10
[2018-09-23 18:54:29][debug] [sms]run num:10
[2018-09-23 18:54:29][debug] [sms]ok num:10
[2018-09-23 18:54:29][debug] [sms]no num:0
[2018-09-23 18:54:29][debug] [sms]run time:4
[2018-09-23 18:54:29][debug] [sms]end:1537700069
[2018-09-23 18:54:29][debug] [sms]page:https://bbs.sex002.xyz/plugin.php?id=tom_tchongbao:ajax&act=nitice_sms_hb_run&site=1&tongcheng_id=520&hongbao_id=62&page=36
[2018-09-23 18:54:29][debug] [sms]hongbao id:62
[2018-09-23 18:54:29][debug] [sms]page:36
[2018-09-23 18:54:29][debug] [sms]client IP:118.89.52.235
[2018-09-23 18:54:29][debug] [sms]start:1537700069
[2018-09-23 18:54:32][debug] [sms]all num:10
[2018-09-23 18:54:32][debug] [sms]run num:10
[2018-09-23 18:54:32][debug] [sms]ok num:9
[2018-09-23 18:54:32][debug] [sms]no num:0
[2018-09-23 18:54:32][debug] [sms]run time:3
[2018-09-23 18:54:32][debug] [sms]end:1537700072
[2018-09-23 18:54:32][debug] [sms]page:https://bbs.sex002.xyz/plugin.php?id=tom_tchongbao:ajax&act=nitice_sms_hb_run&site=1&tongcheng_id=520&hongbao_id=62&page=37
[2018-09-23 18:54:32][debug] [sms]hongbao id:62
[2018-09-23 18:54:32][debug] [sms]page:37
[2018-09-23 18:54:32][debug] [sms]client IP:118.89.52.235
[2018-09-23 18:54:32][debug] [sms]start:1537700072
[2018-09-23 18:54:35][debug] [sms]all num:10
[2018-09-23 18:54:35][debug] [sms]run num:10
[2018-09-23 18:54:35][debug] [sms]ok num:10
[2018-09-23 18:54:35][debug] [sms]no num:0
[2018-09-23 18:54:35][debug] [sms]run time:3
[2018-09-23 18:54:35][debug] [sms]end:1537700075
[2018-09-23 18:54:35][debug] [sms]page:https://bbs.sex002.xyz/plugin.php?id=tom_tchongbao:ajax&act=nitice_sms_hb_run&site=1&tongcheng_id=520&hongbao_id=62&page=38
[2018-09-23 18:54:35][debug] [sms]hongbao id:62
[2018-09-23 18:54:35][debug] [sms]page:38
[2018-09-23 18:54:35][debug] [sms]client IP:118.89.52.235
[2018-09-23 18:54:35][debug] [sms]start:1537700075
[2018-09-23 18:54:39][debug] [sms]all num:10
[2018-09-23 18:54:39][debug] [sms]run num:10
[2018-09-23 18:54:39][debug] [sms]ok num:10
[2018-09-23 18:54:39][debug] [sms]no num:0
[2018-09-23 18:54:39][debug] [sms]run time:4
[2018-09-23 18:54:39][debug] [sms]end:1537700079
[2018-09-23 18:54:39][debug] [sms]page:https://bbs.sex002.xyz/plugin.php?id=tom_tchongbao:ajax&act=nitice_sms_hb_run&site=1&tongcheng_id=520&hongbao_id=62&page=39
[2018-09-23 18:54:39][debug] [sms]hongbao id:62
[2018-09-23 18:54:39][debug] [sms]page:39
[2018-09-23 18:54:39][debug] [sms]client IP:118.89.52.235
[2018-09-23 18:54:39][debug] [sms]start:1537700079
[2018-09-23 18:54:42][debug] [sms]all num:10
[2018-09-23 18:54:42][debug] [sms]run num:10
[2018-09-23 18:54:42][debug] [sms]ok num:5
[2018-09-23 18:54:42][debug] [sms]no num:0
[2018-09-23 18:54:42][debug] [sms]run time:3
[2018-09-23 18:54:42][debug] [sms]end:1537700082
[2018-09-23 18:54:42][debug] [sms]page:https://bbs.sex002.xyz/plugin.php?id=tom_tchongbao:ajax&act=nitice_sms_hb_run&site=1&tongcheng_id=520&hongbao_id=62&page=40
[2018-09-23 18:54:42][debug] [sms]hongbao id:62
[2018-09-23 18:54:42][debug] [sms]page:40
[2018-09-23 18:54:42][debug] [sms]client IP:118.89.52.235
[2018-09-23 18:54:42][debug] [sms]start:1537700082
[2018-09-23 18:54:45][debug] [sms]all num:10
[2018-09-23 18:54:45][debug] [sms]run num:10
[2018-09-23 18:54:45][debug] [sms]ok num:6
[2018-09-23 18:54:45][debug] [sms]no num:0
[2018-09-23 18:54:45][debug] [sms]run time:3
[2018-09-23 18:54:45][debug] [sms]end:1537700085
[2018-09-23 18:54:45][debug] [sms]page:https://bbs.sex002.xyz/plugin.php?id=tom_tchongbao:ajax&act=nitice_sms_hb_run&site=1&tongcheng_id=520&hongbao_id=62&page=41
[2018-09-23 18:54:45][debug] [sms]hongbao id:62
[2018-09-23 18:54:45][debug] [sms]page:41
[2018-09-23 18:54:45][debug] [sms]client IP:118.89.52.235
[2018-09-23 18:54:45][debug] [sms]start:1537700085
[2018-09-23 18:54:48][debug] [sms]all num:10
[2018-09-23 18:54:48][debug] [sms]run num:10
[2018-09-23 18:54:48][debug] [sms]ok num:4
[2018-09-23 18:54:48][debug] [sms]no num:0
[2018-09-23 18:54:48][debug] [sms]run time:3
[2018-09-23 18:54:48][debug] [sms]end:1537700088
[2018-09-23 18:54:48][debug] [sms]page:https://bbs.sex002.xyz/plugin.php?id=tom_tchongbao:ajax&act=nitice_sms_hb_run&site=1&tongcheng_id=520&hongbao_id=62&page=42
[2018-09-23 18:54:49][debug] [sms]hongbao id:62
[2018-09-23 18:54:49][debug] [sms]page:42
[2018-09-23 18:54:49][debug] [sms]client IP:118.89.52.235
[2018-09-23 18:54:49][debug] [sms]start:1537700089
[2018-09-23 18:54:52][debug] [sms]all num:10
[2018-09-23 18:54:52][debug] [sms]run num:10
[2018-09-23 18:54:52][debug] [sms]ok num:7
[2018-09-23 18:54:52][debug] [sms]no num:0
[2018-09-23 18:54:52][debug] [sms]run time:3
[2018-09-23 18:54:52][debug] [sms]end:1537700092
[2018-09-23 18:54:52][debug] [sms]page:https://bbs.sex002.xyz/plugin.php?id=tom_tchongbao:ajax&act=nitice_sms_hb_run&site=1&tongcheng_id=520&hongbao_id=62&page=43
[2018-09-23 18:54:52][debug] [sms]hongbao id:62
[2018-09-23 18:54:52][debug] [sms]page:43
[2018-09-23 18:54:52][debug] [sms]client IP:118.89.52.235
[2018-09-23 18:54:52][debug] [sms]start:1537700092
[2018-09-23 18:54:56][debug] [sms]all num:10
[2018-09-23 18:54:56][debug] [sms]run num:10
[2018-09-23 18:54:56][debug] [sms]ok num:7
[2018-09-23 18:54:56][debug] [sms]no num:0
[2018-09-23 18:54:56][debug] [sms]run time:4
[2018-09-23 18:54:56][debug] [sms]end:1537700096
[2018-09-23 18:54:56][debug] [sms]page:https://bbs.sex002.xyz/plugin.php?id=tom_tchongbao:ajax&act=nitice_sms_hb_run&site=1&tongcheng_id=520&hongbao_id=62&page=44
[2018-09-23 18:54:56][debug] [sms]hongbao id:62
[2018-09-23 18:54:56][debug] [sms]page:44
[2018-09-23 18:54:56][debug] [sms]client IP:118.89.52.235
[2018-09-23 18:54:56][debug] [sms]start:1537700096
[2018-09-23 18:55:00][debug] [sms]all num:10
[2018-09-23 18:55:00][debug] [sms]run num:10
[2018-09-23 18:55:00][debug] [sms]ok num:10
[2018-09-23 18:55:00][debug] [sms]no num:0
[2018-09-23 18:55:00][debug] [sms]run time:4
[2018-09-23 18:55:00][debug] [sms]end:1537700100
[2018-09-23 18:55:00][debug] [sms]page:https://bbs.sex002.xyz/plugin.php?id=tom_tchongbao:ajax&act=nitice_sms_hb_run&site=1&tongcheng_id=520&hongbao_id=62&page=45
[2018-09-23 18:55:00][debug] [sms]hongbao id:62
[2018-09-23 18:55:00][debug] [sms]page:45
[2018-09-23 18:55:00][debug] [sms]client IP:118.89.52.235
[2018-09-23 18:55:00][debug] [sms]start:1537700100
[2018-09-23 18:55:03][debug] [sms]all num:10
[2018-09-23 18:55:03][debug] [sms]run num:10
[2018-09-23 18:55:03][debug] [sms]ok num:9
[2018-09-23 18:55:03][debug] [sms]no num:0
[2018-09-23 18:55:03][debug] [sms]run time:3
[2018-09-23 18:55:03][debug] [sms]end:1537700103
[2018-09-23 18:55:03][debug] [sms]page:https://bbs.sex002.xyz/plugin.php?id=tom_tchongbao:ajax&act=nitice_sms_hb_run&site=1&tongcheng_id=520&hongbao_id=62&page=46
[2018-09-23 18:55:04][debug] [sms]hongbao id:62
[2018-09-23 18:55:04][debug] [sms]page:46
[2018-09-23 18:55:04][debug] [sms]client IP:118.89.52.235
[2018-09-23 18:55:04][debug] [sms]start:1537700104
[2018-09-23 18:55:07][debug] [sms]all num:10
[2018-09-23 18:55:07][debug] [sms]run num:10
[2018-09-23 18:55:07][debug] [sms]ok num:3
[2018-09-23 18:55:07][debug] [sms]no num:0
[2018-09-23 18:55:07][debug] [sms]run time:3
[2018-09-23 18:55:07][debug] [sms]end:1537700107
[2018-09-23 18:55:07][debug] [sms]page:https://bbs.sex002.xyz/plugin.php?id=tom_tchongbao:ajax&act=nitice_sms_hb_run&site=1&tongcheng_id=520&hongbao_id=62&page=47
[2018-09-23 18:55:07][debug] [sms]hongbao id:62
[2018-09-23 18:55:07][debug] [sms]page:47
[2018-09-23 18:55:07][debug] [sms]client IP:118.89.52.235
[2018-09-23 18:55:07][debug] [sms]start:1537700107
[2018-09-23 18:55:10][debug] [sms]all num:10
[2018-09-23 18:55:10][debug] [sms]run num:10
[2018-09-23 18:55:10][debug] [sms]ok num:4
[2018-09-23 18:55:10][debug] [sms]no num:0
[2018-09-23 18:55:10][debug] [sms]run time:3
[2018-09-23 18:55:10][debug] [sms]end:1537700110
[2018-09-23 18:55:10][debug] [sms]page:https://bbs.sex002.xyz/plugin.php?id=tom_tchongbao:ajax&act=nitice_sms_hb_run&site=1&tongcheng_id=520&hongbao_id=62&page=48
[2018-09-23 18:55:10][debug] [sms]hongbao id:62
[2018-09-23 18:55:10][debug] [sms]page:48
[2018-09-23 18:55:10][debug] [sms]client IP:118.89.52.235
[2018-09-23 18:55:10][debug] [sms]start:1537700110
[2018-09-23 18:55:13][debug] [sms]all num:10
[2018-09-23 18:55:13][debug] [sms]run num:10
[2018-09-23 18:55:13][debug] [sms]ok num:3
[2018-09-23 18:55:13][debug] [sms]no num:0
[2018-09-23 18:55:13][debug] [sms]run time:3
[2018-09-23 18:55:13][debug] [sms]end:1537700113
[2018-09-23 18:55:13][debug] [sms]page:https://bbs.sex002.xyz/plugin.php?id=tom_tchongbao:ajax&act=nitice_sms_hb_run&site=1&tongcheng_id=520&hongbao_id=62&page=49
[2018-09-23 18:55:13][debug] [sms]hongbao id:62
[2018-09-23 18:55:13][debug] [sms]page:49
[2018-09-23 18:55:13][debug] [sms]client IP:118.89.52.235
[2018-09-23 18:55:13][debug] [sms]start:1537700113
[2018-09-23 18:55:16][debug] [sms]all num:10
[2018-09-23 18:55:16][debug] [sms]run num:10
[2018-09-23 18:55:16][debug] [sms]ok num:4
[2018-09-23 18:55:16][debug] [sms]no num:0
[2018-09-23 18:55:16][debug] [sms]run time:3
[2018-09-23 18:55:16][debug] [sms]end:1537700116
[2018-09-23 18:55:16][debug] [sms]page:https://bbs.sex002.xyz/plugin.php?id=tom_tchongbao:ajax&act=nitice_sms_hb_run&site=1&tongcheng_id=520&hongbao_id=62&page=50
[2018-09-23 18:55:16][debug] [sms]hongbao id:62
[2018-09-23 18:55:16][debug] [sms]page:50
[2018-09-23 18:55:16][debug] [sms]client IP:118.89.52.235
[2018-09-23 18:55:16][debug] [sms]start:1537700116
[2018-09-23 18:55:19][debug] [sms]all num:10
[2018-09-23 18:55:19][debug] [sms]run num:10
[2018-09-23 18:55:19][debug] [sms]ok num:3
[2018-09-23 18:55:19][debug] [sms]no num:0
[2018-09-23 18:55:19][debug] [sms]run time:3
[2018-09-23 18:55:19][debug] [sms]end:1537700119
[2018-09-23 18:55:19][debug] [sms]page:https://bbs.sex002.xyz/plugin.php?id=tom_tchongbao:ajax&act=nitice_sms_hb_run&site=1&tongcheng_id=520&hongbao_id=62&page=51
[2018-09-23 18:55:19][debug] [sms]hongbao id:62
[2018-09-23 18:55:19][debug] [sms]page:51
[2018-09-23 18:55:19][debug] [sms]client IP:118.89.52.235
[2018-09-23 18:55:19][debug] [sms]start:1537700119
[2018-09-23 18:55:22][debug] [sms]all num:10
[2018-09-23 18:55:22][debug] [sms]run num:10
[2018-09-23 18:55:22][debug] [sms]ok num:6
[2018-09-23 18:55:22][debug] [sms]no num:0
[2018-09-23 18:55:22][debug] [sms]run time:3
[2018-09-23 18:55:22][debug] [sms]end:1537700122
[2018-09-23 18:55:22][debug] [sms]page:https://bbs.sex002.xyz/plugin.php?id=tom_tchongbao:ajax&act=nitice_sms_hb_run&site=1&tongcheng_id=520&hongbao_id=62&page=52
[2018-09-23 18:55:23][debug] [sms]hongbao id:62
[2018-09-23 18:55:23][debug] [sms]page:52
[2018-09-23 18:55:23][debug] [sms]client IP:118.89.52.235
[2018-09-23 18:55:23][debug] [sms]start:1537700123
[2018-09-23 18:55:25][debug] [sms]all num:10
[2018-09-23 18:55:25][debug] [sms]run num:10
[2018-09-23 18:55:25][debug] [sms]ok num:5
[2018-09-23 18:55:25][debug] [sms]no num:0
[2018-09-23 18:55:25][debug] [sms]run time:2
[2018-09-23 18:55:25][debug] [sms]end:1537700125
[2018-09-23 18:55:25][debug] [sms]page:https://bbs.sex002.xyz/plugin.php?id=tom_tchongbao:ajax&act=nitice_sms_hb_run&site=1&tongcheng_id=520&hongbao_id=62&page=53
[2018-09-23 18:55:26][debug] [sms]hongbao id:62
[2018-09-23 18:55:26][debug] [sms]page:53
[2018-09-23 18:55:26][debug] [sms]client IP:118.89.52.235
[2018-09-23 18:55:26][debug] [sms]start:1537700126
[2018-09-23 18:55:29][debug] [sms]all num:10
[2018-09-23 18:55:29][debug] [sms]run num:10
[2018-09-23 18:55:29][debug] [sms]ok num:5
[2018-09-23 18:55:29][debug] [sms]no num:0
[2018-09-23 18:55:29][debug] [sms]run time:3
[2018-09-23 18:55:29][debug] [sms]end:1537700129
[2018-09-23 18:55:29][debug] [sms]page:https://bbs.sex002.xyz/plugin.php?id=tom_tchongbao:ajax&act=nitice_sms_hb_run&site=1&tongcheng_id=520&hongbao_id=62&page=54
[2018-09-23 18:55:29][debug] [sms]hongbao id:62
[2018-09-23 18:55:29][debug] [sms]page:54
[2018-09-23 18:55:29][debug] [sms]client IP:118.89.52.235
[2018-09-23 18:55:29][debug] [sms]start:1537700129
[2018-09-23 18:55:32][debug] [sms]all num:10
[2018-09-23 18:55:32][debug] [sms]run num:10
[2018-09-23 18:55:32][debug] [sms]ok num:7
[2018-09-23 18:55:32][debug] [sms]no num:0
[2018-09-23 18:55:32][debug] [sms]run time:3
[2018-09-23 18:55:32][debug] [sms]end:1537700132
[2018-09-23 18:55:32][debug] [sms]page:https://bbs.sex002.xyz/plugin.php?id=tom_tchongbao:ajax&act=nitice_sms_hb_run&site=1&tongcheng_id=520&hongbao_id=62&page=55
[2018-09-23 18:55:32][debug] [sms]hongbao id:62
[2018-09-23 18:55:32][debug] [sms]page:55
[2018-09-23 18:55:32][debug] [sms]client IP:118.89.52.235
[2018-09-23 18:55:32][debug] [sms]start:1537700132
[2018-09-23 18:55:35][debug] [sms]all num:10
[2018-09-23 18:55:35][debug] [sms]run num:10
[2018-09-23 18:55:35][debug] [sms]ok num:5
[2018-09-23 18:55:35][debug] [sms]no num:0
[2018-09-23 18:55:35][debug] [sms]run time:3
[2018-09-23 18:55:35][debug] [sms]end:1537700135
[2018-09-23 18:55:35][debug] [sms]page:https://bbs.sex002.xyz/plugin.php?id=tom_tchongbao:ajax&act=nitice_sms_hb_run&site=1&tongcheng_id=520&hongbao_id=62&page=56
[2018-09-23 18:55:36][debug] [sms]hongbao id:62
[2018-09-23 18:55:36][debug] [sms]page:56
[2018-09-23 18:55:36][debug] [sms]client IP:118.89.52.235
[2018-09-23 18:55:36][debug] [sms]start:1537700136
[2018-09-23 18:55:39][debug] [sms]all num:10
[2018-09-23 18:55:39][debug] [sms]run num:10
[2018-09-23 18:55:39][debug] [sms]ok num:4
[2018-09-23 18:55:39][debug] [sms]no num:0
[2018-09-23 18:55:39][debug] [sms]run time:3
[2018-09-23 18:55:39][debug] [sms]end:1537700139
[2018-09-23 18:55:39][debug] [sms]page:https://bbs.sex002.xyz/plugin.php?id=tom_tchongbao:ajax&act=nitice_sms_hb_run&site=1&tongcheng_id=520&hongbao_id=62&page=57
[2018-09-23 18:55:39][debug] [sms]hongbao id:62
[2018-09-23 18:55:39][debug] [sms]page:57
[2018-09-23 18:55:39][debug] [sms]client IP:118.89.52.235
[2018-09-23 18:55:39][debug] [sms]start:1537700139
[2018-09-23 18:55:42][debug] [sms]all num:10
[2018-09-23 18:55:42][debug] [sms]run num:10
[2018-09-23 18:55:42][debug] [sms]ok num:7
[2018-09-23 18:55:42][debug] [sms]no num:0
[2018-09-23 18:55:42][debug] [sms]run time:3
[2018-09-23 18:55:42][debug] [sms]end:1537700142
[2018-09-23 18:55:42][debug] [sms]page:https://bbs.sex002.xyz/plugin.php?id=tom_tchongbao:ajax&act=nitice_sms_hb_run&site=1&tongcheng_id=520&hongbao_id=62&page=58
[2018-09-23 18:55:42][debug] [sms]hongbao id:62
[2018-09-23 18:55:42][debug] [sms]page:58
[2018-09-23 18:55:42][debug] [sms]client IP:118.89.52.235
[2018-09-23 18:55:42][debug] [sms]start:1537700142
[2018-09-23 18:55:45][debug] [sms]all num:10
[2018-09-23 18:55:45][debug] [sms]run num:10
[2018-09-23 18:55:45][debug] [sms]ok num:6
[2018-09-23 18:55:45][debug] [sms]no num:0
[2018-09-23 18:55:45][debug] [sms]run time:3
[2018-09-23 18:55:45][debug] [sms]end:1537700145
[2018-09-23 18:55:45][debug] [sms]page:https://bbs.sex002.xyz/plugin.php?id=tom_tchongbao:ajax&act=nitice_sms_hb_run&site=1&tongcheng_id=520&hongbao_id=62&page=59
[2018-09-23 18:55:45][debug] [sms]hongbao id:62
[2018-09-23 18:55:45][debug] [sms]page:59
[2018-09-23 18:55:45][debug] [sms]client IP:118.89.52.235
[2018-09-23 18:55:45][debug] [sms]start:1537700145
[2018-09-23 18:55:48][debug] [sms]all num:10
[2018-09-23 18:55:48][debug] [sms]run num:10
[2018-09-23 18:55:48][debug] [sms]ok num:9
[2018-09-23 18:55:48][debug] [sms]no num:0
[2018-09-23 18:55:48][debug] [sms]run time:3
[2018-09-23 18:55:48][debug] [sms]end:1537700148
[2018-09-23 18:55:48][debug] [sms]page:https://bbs.sex002.xyz/plugin.php?id=tom_tchongbao:ajax&act=nitice_sms_hb_run&site=1&tongcheng_id=520&hongbao_id=62&page=60
[2018-09-23 18:55:49][debug] [sms]hongbao id:62
[2018-09-23 18:55:49][debug] [sms]page:60
[2018-09-23 18:55:49][debug] [sms]client IP:118.89.52.235
[2018-09-23 18:55:49][debug] [sms]start:1537700149
[2018-09-23 18:55:51][debug] [sms]all num:10
[2018-09-23 18:55:51][debug] [sms]run num:10
[2018-09-23 18:55:51][debug] [sms]ok num:8
[2018-09-23 18:55:51][debug] [sms]no num:0
[2018-09-23 18:55:51][debug] [sms]run time:2
[2018-09-23 18:55:51][debug] [sms]end:1537700151
[2018-09-23 18:55:51][debug] [sms]page:https://bbs.sex002.xyz/plugin.php?id=tom_tchongbao:ajax&act=nitice_sms_hb_run&site=1&tongcheng_id=520&hongbao_id=62&page=61
[2018-09-23 18:55:52][debug] [sms]hongbao id:62
[2018-09-23 18:55:52][debug] [sms]page:61
[2018-09-23 18:55:52][debug] [sms]client IP:118.89.52.235
[2018-09-23 18:55:52][debug] [sms]start:1537700152
[2018-09-23 18:55:55][debug] [sms]all num:10
[2018-09-23 18:55:55][debug] [sms]run num:10
[2018-09-23 18:55:55][debug] [sms]ok num:8
[2018-09-23 18:55:55][debug] [sms]no num:0
[2018-09-23 18:55:55][debug] [sms]run time:3
[2018-09-23 18:55:55][debug] [sms]end:1537700155
[2018-09-23 18:55:55][debug] [sms]page:https://bbs.sex002.xyz/plugin.php?id=tom_tchongbao:ajax&act=nitice_sms_hb_run&site=1&tongcheng_id=520&hongbao_id=62&page=62
[2018-09-23 18:55:55][debug] [sms]hongbao id:62
[2018-09-23 18:55:55][debug] [sms]page:62
[2018-09-23 18:55:55][debug] [sms]client IP:118.89.52.235
[2018-09-23 18:55:55][debug] [sms]start:1537700155
[2018-09-23 18:55:58][debug] [sms]all num:10
[2018-09-23 18:55:58][debug] [sms]run num:10
[2018-09-23 18:55:58][debug] [sms]ok num:4
[2018-09-23 18:55:58][debug] [sms]no num:0
[2018-09-23 18:55:58][debug] [sms]run time:3
[2018-09-23 18:55:58][debug] [sms]end:1537700158
[2018-09-23 18:55:58][debug] [sms]page:https://bbs.sex002.xyz/plugin.php?id=tom_tchongbao:ajax&act=nitice_sms_hb_run&site=1&tongcheng_id=520&hongbao_id=62&page=63
[2018-09-23 18:55:58][debug] [sms]hongbao id:62
[2018-09-23 18:55:58][debug] [sms]page:63
[2018-09-23 18:55:58][debug] [sms]client IP:118.89.52.235
[2018-09-23 18:55:58][debug] [sms]start:1537700158
[2018-09-23 18:56:01][debug] [sms]all num:10
[2018-09-23 18:56:01][debug] [sms]run num:10
[2018-09-23 18:56:01][debug] [sms]ok num:4
[2018-09-23 18:56:01][debug] [sms]no num:0
[2018-09-23 18:56:01][debug] [sms]run time:3
[2018-09-23 18:56:01][debug] [sms]end:1537700161
[2018-09-23 18:56:01][debug] [sms]page:https://bbs.sex002.xyz/plugin.php?id=tom_tchongbao:ajax&act=nitice_sms_hb_run&site=1&tongcheng_id=520&hongbao_id=62&page=64
[2018-09-23 18:56:01][debug] [sms]hongbao id:62
[2018-09-23 18:56:01][debug] [sms]page:64
[2018-09-23 18:56:01][debug] [sms]client IP:118.89.52.235
[2018-09-23 18:56:01][debug] [sms]start:1537700161
[2018-09-23 18:56:04][debug] [sms]all num:10
[2018-09-23 18:56:04][debug] [sms]run num:10
[2018-09-23 18:56:04][debug] [sms]ok num:3
[2018-09-23 18:56:04][debug] [sms]no num:0
[2018-09-23 18:56:04][debug] [sms]run time:3
[2018-09-23 18:56:04][debug] [sms]end:1537700164
[2018-09-23 18:56:04][debug] [sms]page:https://bbs.sex002.xyz/plugin.php?id=tom_tchongbao:ajax&act=nitice_sms_hb_run&site=1&tongcheng_id=520&hongbao_id=62&page=65
[2018-09-23 18:56:05][debug] [sms]hongbao id:62
[2018-09-23 18:56:05][debug] [sms]page:65
[2018-09-23 18:56:05][debug] [sms]client IP:118.89.52.235
[2018-09-23 18:56:05][debug] [sms]start:1537700165
[2018-09-23 18:56:08][debug] [sms]all num:10
[2018-09-23 18:56:08][debug] [sms]run num:10
[2018-09-23 18:56:08][debug] [sms]ok num:4
[2018-09-23 18:56:08][debug] [sms]no num:0
[2018-09-23 18:56:08][debug] [sms]run time:3
[2018-09-23 18:56:08][debug] [sms]end:1537700168
[2018-09-23 18:56:08][debug] [sms]page:https://bbs.sex002.xyz/plugin.php?id=tom_tchongbao:ajax&act=nitice_sms_hb_run&site=1&tongcheng_id=520&hongbao_id=62&page=66
[2018-09-23 18:56:08][debug] [sms]hongbao id:62
[2018-09-23 18:56:08][debug] [sms]page:66
[2018-09-23 18:56:08][debug] [sms]client IP:118.89.52.235
[2018-09-23 18:56:08][debug] [sms]start:1537700168
[2018-09-23 18:56:11][debug] [sms]all num:10
[2018-09-23 18:56:11][debug] [sms]run num:10
[2018-09-23 18:56:11][debug] [sms]ok num:8
[2018-09-23 18:56:11][debug] [sms]no num:0
[2018-09-23 18:56:11][debug] [sms]run time:3
[2018-09-23 18:56:11][debug] [sms]end:1537700171
[2018-09-23 18:56:11][debug] [sms]page:https://bbs.sex002.xyz/plugin.php?id=tom_tchongbao:ajax&act=nitice_sms_hb_run&site=1&tongcheng_id=520&hongbao_id=62&page=67
[2018-09-23 18:56:11][debug] [sms]hongbao id:62
[2018-09-23 18:56:11][debug] [sms]page:67
[2018-09-23 18:56:11][debug] [sms]client IP:118.89.52.235
[2018-09-23 18:56:11][debug] [sms]start:1537700171
[2018-09-23 18:56:14][debug] [sms]all num:10
[2018-09-23 18:56:14][debug] [sms]run num:10
[2018-09-23 18:56:14][debug] [sms]ok num:8
[2018-09-23 18:56:14][debug] [sms]no num:0
[2018-09-23 18:56:14][debug] [sms]run time:3
[2018-09-23 18:56:14][debug] [sms]end:1537700174
[2018-09-23 18:56:14][debug] [sms]page:https://bbs.sex002.xyz/plugin.php?id=tom_tchongbao:ajax&act=nitice_sms_hb_run&site=1&tongcheng_id=520&hongbao_id=62&page=68
[2018-09-23 18:56:14][debug] [sms]hongbao id:62
[2018-09-23 18:56:14][debug] [sms]page:68
[2018-09-23 18:56:14][debug] [sms]client IP:118.89.52.235
[2018-09-23 18:56:14][debug] [sms]start:1537700174
[2018-09-23 18:56:17][debug] [sms]all num:10
[2018-09-23 18:56:17][debug] [sms]run num:10
[2018-09-23 18:56:17][debug] [sms]ok num:2
[2018-09-23 18:56:17][debug] [sms]no num:0
[2018-09-23 18:56:17][debug] [sms]run time:3
[2018-09-23 18:56:17][debug] [sms]end:1537700177
[2018-09-23 18:56:17][debug] [sms]page:https://bbs.sex002.xyz/plugin.php?id=tom_tchongbao:ajax&act=nitice_sms_hb_run&site=1&tongcheng_id=520&hongbao_id=62&page=69
[2018-09-23 18:56:17][debug] [sms]hongbao id:62
[2018-09-23 18:56:17][debug] [sms]page:69
[2018-09-23 18:56:17][debug] [sms]client IP:118.89.52.235
[2018-09-23 18:56:17][debug] [sms]start:1537700177
[2018-09-23 18:56:20][debug] [sms]all num:10
[2018-09-23 18:56:20][debug] [sms]run num:10
[2018-09-23 18:56:20][debug] [sms]ok num:4
[2018-09-23 18:56:20][debug] [sms]no num:0
[2018-09-23 18:56:20][debug] [sms]run time:3
[2018-09-23 18:56:20][debug] [sms]end:1537700180
[2018-09-23 18:56:20][debug] [sms]page:https://bbs.sex002.xyz/plugin.php?id=tom_tchongbao:ajax&act=nitice_sms_hb_run&site=1&tongcheng_id=520&hongbao_id=62&page=70
[2018-09-23 18:56:21][debug] [sms]hongbao id:62
[2018-09-23 18:56:21][debug] [sms]page:70
[2018-09-23 18:56:21][debug] [sms]client IP:118.89.52.235
[2018-09-23 18:56:21][debug] [sms]start:1537700181
[2018-09-23 18:56:24][debug] [sms]all num:10
[2018-09-23 18:56:24][debug] [sms]run num:10
[2018-09-23 18:56:24][debug] [sms]ok num:6
[2018-09-23 18:56:24][debug] [sms]no num:0
[2018-09-23 18:56:24][debug] [sms]run time:3
[2018-09-23 18:56:24][debug] [sms]end:1537700184
[2018-09-23 18:56:24][debug] [sms]page:https://bbs.sex002.xyz/plugin.php?id=tom_tchongbao:ajax&act=nitice_sms_hb_run&site=1&tongcheng_id=520&hongbao_id=62&page=71
[2018-09-23 18:56:24][debug] [sms]hongbao id:62
[2018-09-23 18:56:24][debug] [sms]page:71
[2018-09-23 18:56:24][debug] [sms]client IP:118.89.52.235
[2018-09-23 18:56:24][debug] [sms]start:1537700184
[2018-09-23 18:56:27][debug] [sms]all num:10
[2018-09-23 18:56:27][debug] [sms]run num:10
[2018-09-23 18:56:27][debug] [sms]ok num:2
[2018-09-23 18:56:27][debug] [sms]no num:0
[2018-09-23 18:56:27][debug] [sms]run time:3
[2018-09-23 18:56:27][debug] [sms]end:1537700187
[2018-09-23 18:56:27][debug] [sms]page:https://bbs.sex002.xyz/plugin.php?id=tom_tchongbao:ajax&act=nitice_sms_hb_run&site=1&tongcheng_id=520&hongbao_id=62&page=72
[2018-09-23 18:56:27][debug] [sms]hongbao id:62
[2018-09-23 18:56:27][debug] [sms]page:72
[2018-09-23 18:56:27][debug] [sms]client IP:118.89.52.235
[2018-09-23 18:56:27][debug] [sms]start:1537700187
[2018-09-23 18:56:30][debug] [sms]all num:10
[2018-09-23 18:56:30][debug] [sms]run num:10
[2018-09-23 18:56:30][debug] [sms]ok num:4
[2018-09-23 18:56:30][debug] [sms]no num:0
[2018-09-23 18:56:30][debug] [sms]run time:3
[2018-09-23 18:56:30][debug] [sms]end:1537700190
[2018-09-23 18:56:30][debug] [sms]page:https://bbs.sex002.xyz/plugin.php?id=tom_tchongbao:ajax&act=nitice_sms_hb_run&site=1&tongcheng_id=520&hongbao_id=62&page=73
[2018-09-23 18:56:30][debug] [sms]hongbao id:62
[2018-09-23 18:56:30][debug] [sms]page:73
[2018-09-23 18:56:30][debug] [sms]client IP:118.89.52.235
[2018-09-23 18:56:30][debug] [sms]start:1537700190
[2018-09-23 18:56:33][debug] [sms]all num:10
[2018-09-23 18:56:33][debug] [sms]run num:10
[2018-09-23 18:56:33][debug] [sms]ok num:0
[2018-09-23 18:56:33][debug] [sms]no num:0
[2018-09-23 18:56:33][debug] [sms]run time:3
[2018-09-23 18:56:33][debug] [sms]end:1537700193
[2018-09-23 18:56:33][debug] [sms]page:https://bbs.sex002.xyz/plugin.php?id=tom_tchongbao:ajax&act=nitice_sms_hb_run&site=1&tongcheng_id=520&hongbao_id=62&page=74
[2018-09-23 18:56:33][debug] [sms]hongbao id:62
[2018-09-23 18:56:33][debug] [sms]page:74
[2018-09-23 18:56:33][debug] [sms]client IP:118.89.52.235
[2018-09-23 18:56:33][debug] [sms]start:1537700193
[2018-09-23 18:56:36][debug] [sms]all num:10
[2018-09-23 18:56:36][debug] [sms]run num:10
[2018-09-23 18:56:36][debug] [sms]ok num:7
[2018-09-23 18:56:36][debug] [sms]no num:0
[2018-09-23 18:56:36][debug] [sms]run time:3
[2018-09-23 18:56:36][debug] [sms]end:1537700196
[2018-09-23 18:56:36][debug] [sms]page:https://bbs.sex002.xyz/plugin.php?id=tom_tchongbao:ajax&act=nitice_sms_hb_run&site=1&tongcheng_id=520&hongbao_id=62&page=75
[2018-09-23 18:56:37][debug] [sms]hongbao id:62
[2018-09-23 18:56:37][debug] [sms]page:75
[2018-09-23 18:56:37][debug] [sms]client IP:118.89.52.235
[2018-09-23 18:56:37][debug] [sms]start:1537700197
[2018-09-23 18:56:40][debug] [sms]all num:10
[2018-09-23 18:56:40][debug] [sms]run num:10
[2018-09-23 18:56:40][debug] [sms]ok num:2
[2018-09-23 18:56:40][debug] [sms]no num:0
[2018-09-23 18:56:40][debug] [sms]run time:3
[2018-09-23 18:56:40][debug] [sms]end:1537700200
[2018-09-23 18:56:40][debug] [sms]page:https://bbs.sex002.xyz/plugin.php?id=tom_tchongbao:ajax&act=nitice_sms_hb_run&site=1&tongcheng_id=520&hongbao_id=62&page=76
[2018-09-23 18:56:40][debug] [sms]hongbao id:62
[2018-09-23 18:56:40][debug] [sms]page:76
[2018-09-23 18:56:40][debug] [sms]client IP:118.89.52.235
[2018-09-23 18:56:40][debug] [sms]start:1537700200
[2018-09-23 18:56:43][debug] [sms]all num:10
[2018-09-23 18:56:43][debug] [sms]run num:10
[2018-09-23 18:56:43][debug] [sms]ok num:2
[2018-09-23 18:56:43][debug] [sms]no num:0
[2018-09-23 18:56:43][debug] [sms]run time:3
[2018-09-23 18:56:43][debug] [sms]end:1537700203
[2018-09-23 18:56:43][debug] [sms]page:https://bbs.sex002.xyz/plugin.php?id=tom_tchongbao:ajax&act=nitice_sms_hb_run&site=1&tongcheng_id=520&hongbao_id=62&page=77
[2018-09-23 18:56:43][debug] [sms]hongbao id:62
[2018-09-23 18:56:43][debug] [sms]page:77
[2018-09-23 18:56:43][debug] [sms]client IP:118.89.52.235
[2018-09-23 18:56:43][debug] [sms]start:1537700203
[2018-09-23 18:56:46][debug] [sms]all num:10
[2018-09-23 18:56:46][debug] [sms]run num:10
[2018-09-23 18:56:46][debug] [sms]ok num:4
[2018-09-23 18:56:46][debug] [sms]no num:0
[2018-09-23 18:56:46][debug] [sms]run time:3
[2018-09-23 18:56:46][debug] [sms]end:1537700206
[2018-09-23 18:56:46][debug] [sms]page:https://bbs.sex002.xyz/plugin.php?id=tom_tchongbao:ajax&act=nitice_sms_hb_run&site=1&tongcheng_id=520&hongbao_id=62&page=78
[2018-09-23 18:56:46][debug] [sms]hongbao id:62
[2018-09-23 18:56:46][debug] [sms]page:78
[2018-09-23 18:56:46][debug] [sms]client IP:118.89.52.235
[2018-09-23 18:56:46][debug] [sms]start:1537700206
[2018-09-23 18:56:50][debug] [sms]all num:10
[2018-09-23 18:56:50][debug] [sms]run num:10
[2018-09-23 18:56:50][debug] [sms]ok num:7
[2018-09-23 18:56:50][debug] [sms]no num:0
[2018-09-23 18:56:50][debug] [sms]run time:4
[2018-09-23 18:56:50][debug] [sms]end:1537700210
[2018-09-23 18:56:50][debug] [sms]page:https://bbs.sex002.xyz/plugin.php?id=tom_tchongbao:ajax&act=nitice_sms_hb_run&site=1&tongcheng_id=520&hongbao_id=62&page=79
[2018-09-23 18:56:50][debug] [sms]hongbao id:62
[2018-09-23 18:56:50][debug] [sms]page:79
[2018-09-23 18:56:50][debug] [sms]client IP:118.89.52.235
[2018-09-23 18:56:50][debug] [sms]start:1537700210
[2018-09-23 18:56:53][debug] [sms]all num:10
[2018-09-23 18:56:53][debug] [sms]run num:10
[2018-09-23 18:56:53][debug] [sms]ok num:6
[2018-09-23 18:56:53][debug] [sms]no num:0
[2018-09-23 18:56:53][debug] [sms]run time:3
[2018-09-23 18:56:53][debug] [sms]end:1537700213
[2018-09-23 18:56:53][debug] [sms]page:https://bbs.sex002.xyz/plugin.php?id=tom_tchongbao:ajax&act=nitice_sms_hb_run&site=1&tongcheng_id=520&hongbao_id=62&page=80
[2018-09-23 18:56:53][debug] [sms]hongbao id:62
[2018-09-23 18:56:53][debug] [sms]page:80
[2018-09-23 18:56:53][debug] [sms]client IP:118.89.52.235
[2018-09-23 18:56:53][debug] [sms]start:1537700213
[2018-09-23 18:56:56][debug] [sms]all num:10
[2018-09-23 18:56:56][debug] [sms]run num:10
[2018-09-23 18:56:56][debug] [sms]ok num:4
[2018-09-23 18:56:56][debug] [sms]no num:0
[2018-09-23 18:56:56][debug] [sms]run time:3
[2018-09-23 18:56:56][debug] [sms]end:1537700216
[2018-09-23 18:56:56][debug] [sms]page:https://bbs.sex002.xyz/plugin.php?id=tom_tchongbao:ajax&act=nitice_sms_hb_run&site=1&tongcheng_id=520&hongbao_id=62&page=81
[2018-09-23 18:56:56][debug] [sms]hongbao id:62
[2018-09-23 18:56:56][debug] [sms]page:81
[2018-09-23 18:56:56][debug] [sms]client IP:118.89.52.235
[2018-09-23 18:56:56][debug] [sms]start:1537700216
[2018-09-23 18:56:59][debug] [sms]all num:10
[2018-09-23 18:56:59][debug] [sms]run num:10
[2018-09-23 18:56:59][debug] [sms]ok num:9
[2018-09-23 18:56:59][debug] [sms]no num:0
[2018-09-23 18:56:59][debug] [sms]run time:3
[2018-09-23 18:56:59][debug] [sms]end:1537700219
[2018-09-23 18:56:59][debug] [sms]page:https://bbs.sex002.xyz/plugin.php?id=tom_tchongbao:ajax&act=nitice_sms_hb_run&site=1&tongcheng_id=520&hongbao_id=62&page=82
[2018-09-23 18:57:00][debug] [sms]hongbao id:62
[2018-09-23 18:57:00][debug] [sms]page:82
[2018-09-23 18:57:00][debug] [sms]client IP:118.89.52.235
[2018-09-23 18:57:00][debug] [sms]start:1537700220
[2018-09-23 18:57:03][debug] [sms]all num:10
[2018-09-23 18:57:03][debug] [sms]run num:10
[2018-09-23 18:57:03][debug] [sms]ok num:6
[2018-09-23 18:57:03][debug] [sms]no num:0
[2018-09-23 18:57:03][debug] [sms]run time:3
[2018-09-23 18:57:03][debug] [sms]end:1537700223
[2018-09-23 18:57:03][debug] [sms]page:https://bbs.sex002.xyz/plugin.php?id=tom_tchongbao:ajax&act=nitice_sms_hb_run&site=1&tongcheng_id=520&hongbao_id=62&page=83
[2018-09-23 18:57:03][debug] [sms]hongbao id:62
[2018-09-23 18:57:03][debug] [sms]page:83
[2018-09-23 18:57:03][debug] [sms]client IP:118.89.52.235
[2018-09-23 18:57:03][debug] [sms]start:1537700223
[2018-09-23 18:57:06][debug] [sms]all num:10
[2018-09-23 18:57:06][debug] [sms]run num:10
[2018-09-23 18:57:06][debug] [sms]ok num:3
[2018-09-23 18:57:06][debug] [sms]no num:0
[2018-09-23 18:57:06][debug] [sms]run time:3
[2018-09-23 18:57:06][debug] [sms]end:1537700226
[2018-09-23 18:57:06][debug] [sms]page:https://bbs.sex002.xyz/plugin.php?id=tom_tchongbao:ajax&act=nitice_sms_hb_run&site=1&tongcheng_id=520&hongbao_id=62&page=84
[2018-09-23 18:57:06][debug] [sms]hongbao id:62
[2018-09-23 18:57:06][debug] [sms]page:84
[2018-09-23 18:57:06][debug] [sms]client IP:118.89.52.235
[2018-09-23 18:57:06][debug] [sms]start:1537700226
[2018-09-23 18:57:09][debug] [sms]all num:10
[2018-09-23 18:57:09][debug] [sms]run num:10
[2018-09-23 18:57:09][debug] [sms]ok num:3
[2018-09-23 18:57:09][debug] [sms]no num:0
[2018-09-23 18:57:09][debug] [sms]run time:3
[2018-09-23 18:57:09][debug] [sms]end:1537700229
[2018-09-23 18:57:09][debug] [sms]page:https://bbs.sex002.xyz/plugin.php?id=tom_tchongbao:ajax&act=nitice_sms_hb_run&site=1&tongcheng_id=520&hongbao_id=62&page=85
[2018-09-23 18:57:09][debug] [sms]hongbao id:62
[2018-09-23 18:57:09][debug] [sms]page:85
[2018-09-23 18:57:09][debug] [sms]client IP:118.89.52.235
[2018-09-23 18:57:09][debug] [sms]start:1537700229
[2018-09-23 18:57:12][debug] [sms]all num:10
[2018-09-23 18:57:12][debug] [sms]run num:9
[2018-09-23 18:57:12][debug] [sms]ok num:0
[2018-09-23 18:57:12][debug] [sms]no num:0
[2018-09-23 18:57:12][debug] [sms]run time:3
[2018-09-23 18:57:12][debug] [sms]end:1537700232
[2018-09-23 18:57:12][debug] [sms]page:https://bbs.sex002.xyz/plugin.php?id=tom_tchongbao:ajax&act=nitice_sms_hb_run&site=1&tongcheng_id=520&hongbao_id=62&page=86
[2018-09-23 18:57:12][debug] [sms]hongbao id:62
[2018-09-23 18:57:12][debug] [sms]page:86
[2018-09-23 18:57:12][debug] [sms]client IP:118.89.52.235
[2018-09-23 18:57:12][debug] [sms]start:1537700232
[2018-09-23 18:57:15][debug] [sms]all num:10
[2018-09-23 18:57:15][debug] [sms]run num:10
[2018-09-23 18:57:15][debug] [sms]ok num:5
[2018-09-23 18:57:15][debug] [sms]no num:0
[2018-09-23 18:57:15][debug] [sms]run time:3
[2018-09-23 18:57:15][debug] [sms]end:1537700235
[2018-09-23 18:57:15][debug] [sms]page:https://bbs.sex002.xyz/plugin.php?id=tom_tchongbao:ajax&act=nitice_sms_hb_run&site=1&tongcheng_id=520&hongbao_id=62&page=87
[2018-09-23 18:57:15][debug] [sms]hongbao id:62
[2018-09-23 18:57:15][debug] [sms]page:87
[2018-09-23 18:57:15][debug] [sms]client IP:118.89.52.235
[2018-09-23 18:57:15][debug] [sms]start:1537700235
[2018-09-23 18:57:18][debug] [sms]all num:10
[2018-09-23 18:57:18][debug] [sms]run num:10
[2018-09-23 18:57:18][debug] [sms]ok num:3
[2018-09-23 18:57:18][debug] [sms]no num:0
[2018-09-23 18:57:18][debug] [sms]run time:3
[2018-09-23 18:57:18][debug] [sms]end:1537700238
[2018-09-23 18:57:18][debug] [sms]page:https://bbs.sex002.xyz/plugin.php?id=tom_tchongbao:ajax&act=nitice_sms_hb_run&site=1&tongcheng_id=520&hongbao_id=62&page=88
[2018-09-23 18:57:19][debug] [sms]hongbao id:62
[2018-09-23 18:57:19][debug] [sms]page:88
[2018-09-23 18:57:19][debug] [sms]client IP:118.89.52.235
[2018-09-23 18:57:19][debug] [sms]start:1537700239
[2018-09-23 18:57:22][debug] [sms]all num:10
[2018-09-23 18:57:22][debug] [sms]run num:10
[2018-09-23 18:57:22][debug] [sms]ok num:3
[2018-09-23 18:57:22][debug] [sms]no num:0
[2018-09-23 18:57:22][debug] [sms]run time:3
[2018-09-23 18:57:22][debug] [sms]end:1537700242
[2018-09-23 18:57:22][debug] [sms]page:https://bbs.sex002.xyz/plugin.php?id=tom_tchongbao:ajax&act=nitice_sms_hb_run&site=1&tongcheng_id=520&hongbao_id=62&page=89
[2018-09-23 18:57:22][debug] [sms]hongbao id:62
[2018-09-23 18:57:22][debug] [sms]page:89
[2018-09-23 18:57:22][debug] [sms]client IP:118.89.52.235
[2018-09-23 18:57:22][debug] [sms]start:1537700242
[2018-09-23 18:57:25][debug] [sms]all num:10
[2018-09-23 18:57:25][debug] [sms]run num:10
[2018-09-23 18:57:25][debug] [sms]ok num:5
[2018-09-23 18:57:25][debug] [sms]no num:0
[2018-09-23 18:57:25][debug] [sms]run time:3
[2018-09-23 18:57:25][debug] [sms]end:1537700245
[2018-09-23 18:57:25][debug] [sms]page:https://bbs.sex002.xyz/plugin.php?id=tom_tchongbao:ajax&act=nitice_sms_hb_run&site=1&tongcheng_id=520&hongbao_id=62&page=90
[2018-09-23 18:57:25][debug] [sms]hongbao id:62
[2018-09-23 18:57:25][debug] [sms]page:90
[2018-09-23 18:57:25][debug] [sms]client IP:118.89.52.235
[2018-09-23 18:57:25][debug] [sms]start:1537700245
[2018-09-23 18:57:28][debug] [sms]all num:10
[2018-09-23 18:57:28][debug] [sms]run num:10
[2018-09-23 18:57:28][debug] [sms]ok num:6
[2018-09-23 18:57:28][debug] [sms]no num:0
[2018-09-23 18:57:28][debug] [sms]run time:3
[2018-09-23 18:57:28][debug] [sms]end:1537700248
[2018-09-23 18:57:28][debug] [sms]page:https://bbs.sex002.xyz/plugin.php?id=tom_tchongbao:ajax&act=nitice_sms_hb_run&site=1&tongcheng_id=520&hongbao_id=62&page=91
[2018-09-23 18:57:28][debug] [sms]hongbao id:62
[2018-09-23 18:57:28][debug] [sms]page:91
[2018-09-23 18:57:28][debug] [sms]client IP:118.89.52.235
[2018-09-23 18:57:28][debug] [sms]start:1537700248
[2018-09-23 18:57:31][debug] [sms]all num:10
[2018-09-23 18:57:31][debug] [sms]run num:10
[2018-09-23 18:57:31][debug] [sms]ok num:3
[2018-09-23 18:57:31][debug] [sms]no num:0
[2018-09-23 18:57:31][debug] [sms]run time:3
[2018-09-23 18:57:31][debug] [sms]end:1537700251
[2018-09-23 18:57:31][debug] [sms]page:https://bbs.sex002.xyz/plugin.php?id=tom_tchongbao:ajax&act=nitice_sms_hb_run&site=1&tongcheng_id=520&hongbao_id=62&page=92
[2018-09-23 18:57:31][debug] [sms]hongbao id:62
[2018-09-23 18:57:31][debug] [sms]page:92
[2018-09-23 18:57:31][debug] [sms]client IP:118.89.52.235
[2018-09-23 18:57:31][debug] [sms]start:1537700251
[2018-09-23 18:57:35][debug] [sms]all num:10
[2018-09-23 18:57:35][debug] [sms]run num:10
[2018-09-23 18:57:35][debug] [sms]ok num:4
[2018-09-23 18:57:35][debug] [sms]no num:0
[2018-09-23 18:57:35][debug] [sms]run time:4
[2018-09-23 18:57:35][debug] [sms]end:1537700255
[2018-09-23 18:57:35][debug] [sms]page:https://bbs.sex002.xyz/plugin.php?id=tom_tchongbao:ajax&act=nitice_sms_hb_run&site=1&tongcheng_id=520&hongbao_id=62&page=93
[2018-09-23 18:57:35][debug] [sms]hongbao id:62
[2018-09-23 18:57:35][debug] [sms]page:93
[2018-09-23 18:57:35][debug] [sms]client IP:118.89.52.235
[2018-09-23 18:57:35][debug] [sms]start:1537700255
[2018-09-23 18:57:38][debug] [sms]all num:10
[2018-09-23 18:57:38][debug] [sms]run num:10
[2018-09-23 18:57:38][debug] [sms]ok num:4
[2018-09-23 18:57:38][debug] [sms]no num:0
[2018-09-23 18:57:38][debug] [sms]run time:3
[2018-09-23 18:57:38][debug] [sms]end:1537700258
[2018-09-23 18:57:38][debug] [sms]page:https://bbs.sex002.xyz/plugin.php?id=tom_tchongbao:ajax&act=nitice_sms_hb_run&site=1&tongcheng_id=520&hongbao_id=62&page=94
[2018-09-23 18:57:38][debug] [sms]hongbao id:62
[2018-09-23 18:57:38][debug] [sms]page:94
[2018-09-23 18:57:38][debug] [sms]client IP:118.89.52.235
[2018-09-23 18:57:38][debug] [sms]start:1537700258
[2018-09-23 18:57:41][debug] [sms]all num:10
[2018-09-23 18:57:41][debug] [sms]run num:10
[2018-09-23 18:57:41][debug] [sms]ok num:1
[2018-09-23 18:57:41][debug] [sms]no num:0
[2018-09-23 18:57:41][debug] [sms]run time:3
[2018-09-23 18:57:41][debug] [sms]end:1537700261
[2018-09-23 18:57:41][debug] [sms]page:https://bbs.sex002.xyz/plugin.php?id=tom_tchongbao:ajax&act=nitice_sms_hb_run&site=1&tongcheng_id=520&hongbao_id=62&page=95
[2018-09-23 18:57:41][debug] [sms]hongbao id:62
[2018-09-23 18:57:41][debug] [sms]page:95
[2018-09-23 18:57:41][debug] [sms]client IP:118.89.52.235
[2018-09-23 18:57:41][debug] [sms]start:1537700261
[2018-09-23 18:57:44][debug] [sms]all num:10
[2018-09-23 18:57:44][debug] [sms]run num:9
[2018-09-23 18:57:44][debug] [sms]ok num:3
[2018-09-23 18:57:44][debug] [sms]no num:0
[2018-09-23 18:57:44][debug] [sms]run time:3
[2018-09-23 18:57:44][debug] [sms]end:1537700264
[2018-09-23 18:57:44][debug] [sms]page:https://bbs.sex002.xyz/plugin.php?id=tom_tchongbao:ajax&act=nitice_sms_hb_run&site=1&tongcheng_id=520&hongbao_id=62&page=96
[2018-09-23 18:57:44][debug] [sms]hongbao id:62
[2018-09-23 18:57:44][debug] [sms]page:96
[2018-09-23 18:57:44][debug] [sms]client IP:118.89.52.235
[2018-09-23 18:57:44][debug] [sms]start:1537700264
[2018-09-23 18:57:47][debug] [sms]all num:10
[2018-09-23 18:57:47][debug] [sms]run num:10
[2018-09-23 18:57:47][debug] [sms]ok num:5
[2018-09-23 18:57:47][debug] [sms]no num:0
[2018-09-23 18:57:47][debug] [sms]run time:3
[2018-09-23 18:57:47][debug] [sms]end:1537700267
[2018-09-23 18:57:47][debug] [sms]page:https://bbs.sex002.xyz/plugin.php?id=tom_tchongbao:ajax&act=nitice_sms_hb_run&site=1&tongcheng_id=520&hongbao_id=62&page=97
[2018-09-23 18:57:47][debug] [sms]hongbao id:62
[2018-09-23 18:57:47][debug] [sms]page:97
[2018-09-23 18:57:47][debug] [sms]client IP:118.89.52.235
[2018-09-23 18:57:47][debug] [sms]start:1537700267
[2018-09-23 18:57:50][debug] [sms]all num:10
[2018-09-23 18:57:50][debug] [sms]run num:10
[2018-09-23 18:57:50][debug] [sms]ok num:2
[2018-09-23 18:57:50][debug] [sms]no num:0
[2018-09-23 18:57:50][debug] [sms]run time:3
[2018-09-23 18:57:50][debug] [sms]end:1537700270
[2018-09-23 18:57:50][debug] [sms]page:https://bbs.sex002.xyz/plugin.php?id=tom_tchongbao:ajax&act=nitice_sms_hb_run&site=1&tongcheng_id=520&hongbao_id=62&page=98
[2018-09-23 18:57:51][debug] [sms]hongbao id:62
[2018-09-23 18:57:51][debug] [sms]page:98
[2018-09-23 18:57:51][debug] [sms]client IP:118.89.52.235
[2018-09-23 18:57:51][debug] [sms]start:1537700271
[2018-09-23 18:57:54][debug] [sms]all num:10
[2018-09-23 18:57:54][debug] [sms]run num:10
[2018-09-23 18:57:54][debug] [sms]ok num:2
[2018-09-23 18:57:54][debug] [sms]no num:0
[2018-09-23 18:57:54][debug] [sms]run time:3
[2018-09-23 18:57:54][debug] [sms]end:1537700274
[2018-09-23 18:57:54][debug] [sms]page:https://bbs.sex002.xyz/plugin.php?id=tom_tchongbao:ajax&act=nitice_sms_hb_run&site=1&tongcheng_id=520&hongbao_id=62&page=99
[2018-09-23 18:57:54][debug] [sms]hongbao id:62
[2018-09-23 18:57:54][debug] [sms]page:99
[2018-09-23 18:57:54][debug] [sms]client IP:118.89.52.235
[2018-09-23 18:57:54][debug] [sms]start:1537700274
[2018-09-23 18:57:57][debug] [sms]all num:10
[2018-09-23 18:57:57][debug] [sms]run num:10
[2018-09-23 18:57:57][debug] [sms]ok num:0
[2018-09-23 18:57:57][debug] [sms]no num:0
[2018-09-23 18:57:57][debug] [sms]run time:3
[2018-09-23 18:57:57][debug] [sms]end:1537700277
[2018-09-23 18:57:57][debug] [sms]page:https://bbs.sex002.xyz/plugin.php?id=tom_tchongbao:ajax&act=nitice_sms_hb_run&site=1&tongcheng_id=520&hongbao_id=62&page=100
[2018-09-23 18:57:57][debug] [sms]hongbao id:62
[2018-09-23 18:57:57][debug] [sms]page:100
[2018-09-23 18:57:57][debug] [sms]client IP:118.89.52.235
[2018-09-23 18:57:57][debug] [sms]start:1537700277
[2018-09-23 18:58:00][debug] [sms]all num:10
[2018-09-23 18:58:00][debug] [sms]run num:10
[2018-09-23 18:58:00][debug] [sms]ok num:0
[2018-09-23 18:58:00][debug] [sms]no num:0
[2018-09-23 18:58:00][debug] [sms]run time:3
[2018-09-23 18:58:00][debug] [sms]end:1537700280
[2018-09-23 18:58:00][debug] [sms]page:https://bbs.sex002.xyz/plugin.php?id=tom_tchongbao:ajax&act=nitice_sms_hb_run&site=1&tongcheng_id=520&hongbao_id=62&page=101
[2018-09-23 18:58:00][debug] [sms]--------------------- over 101 -------------------------
