[2018-10-04 19:33:19][debug] [sms]--------------------- new -------------------------
[2018-10-04 19:33:19][debug] [sms]hongbao id:63
[2018-10-04 19:33:19][debug] [sms]page:1
[2018-10-04 19:33:19][debug] [sms]client IP:118.89.52.235
[2018-10-04 19:33:19][debug] [sms]start:1538652799
[2018-10-04 19:33:23][debug] [sms]all num:10
[2018-10-04 19:33:23][debug] [sms]run num:10
[2018-10-04 19:33:23][debug] [sms]ok num:8
[2018-10-04 19:33:23][debug] [sms]no num:0
[2018-10-04 19:33:23][debug] [sms]run time:4
[2018-10-04 19:33:23][debug] [sms]end:1538652803
[2018-10-04 19:33:23][debug] [sms]page:https://bbs.sex002.xyz/plugin.php?id=tom_tchongbao:ajax&act=nitice_sms_hb_run&site=1&tongcheng_id=582&hongbao_id=63&page=2
[2018-10-04 19:33:23][debug] [sms]hongbao id:63
[2018-10-04 19:33:23][debug] [sms]page:2
[2018-10-04 19:33:23][debug] [sms]client IP:118.89.52.235
[2018-10-04 19:33:23][debug] [sms]start:1538652803
[2018-10-04 19:33:27][debug] [sms]all num:10
[2018-10-04 19:33:27][debug] [sms]run num:10
[2018-10-04 19:33:27][debug] [sms]ok num:8
[2018-10-04 19:33:27][debug] [sms]no num:0
[2018-10-04 19:33:27][debug] [sms]run time:4
[2018-10-04 19:33:27][debug] [sms]end:1538652807
[2018-10-04 19:33:27][debug] [sms]page:https://bbs.sex002.xyz/plugin.php?id=tom_tchongbao:ajax&act=nitice_sms_hb_run&site=1&tongcheng_id=582&hongbao_id=63&page=3
[2018-10-04 19:33:27][debug] [sms]hongbao id:63
[2018-10-04 19:33:27][debug] [sms]page:3
[2018-10-04 19:33:27][debug] [sms]client IP:118.89.52.235
[2018-10-04 19:33:27][debug] [sms]start:1538652807
[2018-10-04 19:33:30][debug] [sms]all num:10
[2018-10-04 19:33:30][debug] [sms]run num:10
[2018-10-04 19:33:30][debug] [sms]ok num:8
[2018-10-04 19:33:30][debug] [sms]no num:0
[2018-10-04 19:33:30][debug] [sms]run time:3
[2018-10-04 19:33:30][debug] [sms]end:1538652810
[2018-10-04 19:33:30][debug] [sms]page:https://bbs.sex002.xyz/plugin.php?id=tom_tchongbao:ajax&act=nitice_sms_hb_run&site=1&tongcheng_id=582&hongbao_id=63&page=4
[2018-10-04 19:33:30][debug] [sms]hongbao id:63
[2018-10-04 19:33:30][debug] [sms]page:4
[2018-10-04 19:33:30][debug] [sms]client IP:118.89.52.235
[2018-10-04 19:33:30][debug] [sms]start:1538652810
[2018-10-04 19:33:33][debug] [sms]all num:10
[2018-10-04 19:33:33][debug] [sms]run num:10
[2018-10-04 19:33:33][debug] [sms]ok num:9
[2018-10-04 19:33:33][debug] [sms]no num:0
[2018-10-04 19:33:33][debug] [sms]run time:3
[2018-10-04 19:33:33][debug] [sms]end:1538652813
[2018-10-04 19:33:33][debug] [sms]page:https://bbs.sex002.xyz/plugin.php?id=tom_tchongbao:ajax&act=nitice_sms_hb_run&site=1&tongcheng_id=582&hongbao_id=63&page=5
[2018-10-04 19:33:33][debug] [sms]hongbao id:63
[2018-10-04 19:33:33][debug] [sms]page:5
[2018-10-04 19:33:33][debug] [sms]client IP:118.89.52.235
[2018-10-04 19:33:33][debug] [sms]start:1538652813
[2018-10-04 19:33:37][debug] [sms]all num:10
[2018-10-04 19:33:37][debug] [sms]run num:10
[2018-10-04 19:33:37][debug] [sms]ok num:7
[2018-10-04 19:33:37][debug] [sms]no num:0
[2018-10-04 19:33:37][debug] [sms]run time:4
[2018-10-04 19:33:37][debug] [sms]end:1538652817
[2018-10-04 19:33:37][debug] [sms]page:https://bbs.sex002.xyz/plugin.php?id=tom_tchongbao:ajax&act=nitice_sms_hb_run&site=1&tongcheng_id=582&hongbao_id=63&page=6
[2018-10-04 19:33:37][debug] [sms]hongbao id:63
[2018-10-04 19:33:37][debug] [sms]page:6
[2018-10-04 19:33:37][debug] [sms]client IP:118.89.52.235
[2018-10-04 19:33:37][debug] [sms]start:1538652817
[2018-10-04 19:33:40][debug] [sms]all num:10
[2018-10-04 19:33:40][debug] [sms]run num:10
[2018-10-04 19:33:40][debug] [sms]ok num:7
[2018-10-04 19:33:40][debug] [sms]no num:0
[2018-10-04 19:33:40][debug] [sms]run time:3
[2018-10-04 19:33:40][debug] [sms]end:1538652820
[2018-10-04 19:33:40][debug] [sms]page:https://bbs.sex002.xyz/plugin.php?id=tom_tchongbao:ajax&act=nitice_sms_hb_run&site=1&tongcheng_id=582&hongbao_id=63&page=7
[2018-10-04 19:33:40][debug] [sms]hongbao id:63
[2018-10-04 19:33:40][debug] [sms]page:7
[2018-10-04 19:33:40][debug] [sms]client IP:118.89.52.235
[2018-10-04 19:33:40][debug] [sms]start:1538652820
[2018-10-04 19:33:43][debug] [sms]all num:10
[2018-10-04 19:33:43][debug] [sms]run num:10
[2018-10-04 19:33:43][debug] [sms]ok num:8
[2018-10-04 19:33:43][debug] [sms]no num:0
[2018-10-04 19:33:43][debug] [sms]run time:3
[2018-10-04 19:33:43][debug] [sms]end:1538652823
[2018-10-04 19:33:43][debug] [sms]page:https://bbs.sex002.xyz/plugin.php?id=tom_tchongbao:ajax&act=nitice_sms_hb_run&site=1&tongcheng_id=582&hongbao_id=63&page=8
[2018-10-04 19:33:43][debug] [sms]hongbao id:63
[2018-10-04 19:33:43][debug] [sms]page:8
[2018-10-04 19:33:43][debug] [sms]client IP:118.89.52.235
[2018-10-04 19:33:43][debug] [sms]start:1538652823
[2018-10-04 19:33:47][debug] [sms]all num:10
[2018-10-04 19:33:47][debug] [sms]run num:10
[2018-10-04 19:33:47][debug] [sms]ok num:8
[2018-10-04 19:33:47][debug] [sms]no num:0
[2018-10-04 19:33:47][debug] [sms]run time:4
[2018-10-04 19:33:47][debug] [sms]end:1538652827
[2018-10-04 19:33:47][debug] [sms]page:https://bbs.sex002.xyz/plugin.php?id=tom_tchongbao:ajax&act=nitice_sms_hb_run&site=1&tongcheng_id=582&hongbao_id=63&page=9
[2018-10-04 19:33:47][debug] [sms]hongbao id:63
[2018-10-04 19:33:47][debug] [sms]page:9
[2018-10-04 19:33:47][debug] [sms]client IP:118.89.52.235
[2018-10-04 19:33:47][debug] [sms]start:1538652827
[2018-10-04 19:33:50][debug] [sms]all num:10
[2018-10-04 19:33:50][debug] [sms]run num:10
[2018-10-04 19:33:50][debug] [sms]ok num:8
[2018-10-04 19:33:50][debug] [sms]no num:0
[2018-10-04 19:33:50][debug] [sms]run time:3
[2018-10-04 19:33:50][debug] [sms]end:1538652830
[2018-10-04 19:33:50][debug] [sms]page:https://bbs.sex002.xyz/plugin.php?id=tom_tchongbao:ajax&act=nitice_sms_hb_run&site=1&tongcheng_id=582&hongbao_id=63&page=10
[2018-10-04 19:33:50][debug] [sms]hongbao id:63
[2018-10-04 19:33:50][debug] [sms]page:10
[2018-10-04 19:33:50][debug] [sms]client IP:118.89.52.235
[2018-10-04 19:33:50][debug] [sms]start:1538652830
[2018-10-04 19:33:53][debug] [sms]all num:10
[2018-10-04 19:33:53][debug] [sms]run num:10
[2018-10-04 19:33:53][debug] [sms]ok num:5
[2018-10-04 19:33:53][debug] [sms]no num:0
[2018-10-04 19:33:53][debug] [sms]run time:3
[2018-10-04 19:33:53][debug] [sms]end:1538652833
[2018-10-04 19:33:53][debug] [sms]page:https://bbs.sex002.xyz/plugin.php?id=tom_tchongbao:ajax&act=nitice_sms_hb_run&site=1&tongcheng_id=582&hongbao_id=63&page=11
[2018-10-04 19:33:53][debug] [sms]hongbao id:63
[2018-10-04 19:33:53][debug] [sms]page:11
[2018-10-04 19:33:53][debug] [sms]client IP:118.89.52.235
[2018-10-04 19:33:53][debug] [sms]start:1538652833
[2018-10-04 19:33:56][debug] [sms]all num:10
[2018-10-04 19:33:56][debug] [sms]run num:10
[2018-10-04 19:33:56][debug] [sms]ok num:8
[2018-10-04 19:33:56][debug] [sms]no num:0
[2018-10-04 19:33:56][debug] [sms]run time:3
[2018-10-04 19:33:56][debug] [sms]end:1538652836
[2018-10-04 19:33:56][debug] [sms]page:https://bbs.sex002.xyz/plugin.php?id=tom_tchongbao:ajax&act=nitice_sms_hb_run&site=1&tongcheng_id=582&hongbao_id=63&page=12
[2018-10-04 19:33:57][debug] [sms]hongbao id:63
[2018-10-04 19:33:57][debug] [sms]page:12
[2018-10-04 19:33:57][debug] [sms]client IP:118.89.52.235
[2018-10-04 19:33:57][debug] [sms]start:1538652837
[2018-10-04 19:34:00][debug] [sms]all num:10
[2018-10-04 19:34:00][debug] [sms]run num:10
[2018-10-04 19:34:00][debug] [sms]ok num:7
[2018-10-04 19:34:00][debug] [sms]no num:0
[2018-10-04 19:34:00][debug] [sms]run time:3
[2018-10-04 19:34:00][debug] [sms]end:1538652840
[2018-10-04 19:34:00][debug] [sms]page:https://bbs.sex002.xyz/plugin.php?id=tom_tchongbao:ajax&act=nitice_sms_hb_run&site=1&tongcheng_id=582&hongbao_id=63&page=13
[2018-10-04 19:34:00][debug] [sms]hongbao id:63
[2018-10-04 19:34:00][debug] [sms]page:13
[2018-10-04 19:34:00][debug] [sms]client IP:118.89.52.235
[2018-10-04 19:34:00][debug] [sms]start:1538652840
[2018-10-04 19:34:03][debug] [sms]all num:10
[2018-10-04 19:34:03][debug] [sms]run num:10
[2018-10-04 19:34:03][debug] [sms]ok num:7
[2018-10-04 19:34:03][debug] [sms]no num:0
[2018-10-04 19:34:03][debug] [sms]run time:3
[2018-10-04 19:34:03][debug] [sms]end:1538652843
[2018-10-04 19:34:03][debug] [sms]page:https://bbs.sex002.xyz/plugin.php?id=tom_tchongbao:ajax&act=nitice_sms_hb_run&site=1&tongcheng_id=582&hongbao_id=63&page=14
[2018-10-04 19:34:03][debug] [sms]hongbao id:63
[2018-10-04 19:34:03][debug] [sms]page:14
[2018-10-04 19:34:03][debug] [sms]client IP:118.89.52.235
[2018-10-04 19:34:03][debug] [sms]start:1538652843
[2018-10-04 19:34:07][debug] [sms]all num:10
[2018-10-04 19:34:07][debug] [sms]run num:10
[2018-10-04 19:34:07][debug] [sms]ok num:8
[2018-10-04 19:34:07][debug] [sms]no num:0
[2018-10-04 19:34:07][debug] [sms]run time:4
[2018-10-04 19:34:07][debug] [sms]end:1538652847
[2018-10-04 19:34:07][debug] [sms]page:https://bbs.sex002.xyz/plugin.php?id=tom_tchongbao:ajax&act=nitice_sms_hb_run&site=1&tongcheng_id=582&hongbao_id=63&page=15
[2018-10-04 19:34:08][debug] [sms]hongbao id:63
[2018-10-04 19:34:08][debug] [sms]page:15
[2018-10-04 19:34:08][debug] [sms]client IP:118.89.52.235
[2018-10-04 19:34:08][debug] [sms]start:1538652848
[2018-10-04 19:34:11][debug] [sms]all num:10
[2018-10-04 19:34:11][debug] [sms]run num:10
[2018-10-04 19:34:11][debug] [sms]ok num:7
[2018-10-04 19:34:11][debug] [sms]no num:0
[2018-10-04 19:34:11][debug] [sms]run time:3
[2018-10-04 19:34:11][debug] [sms]end:1538652851
[2018-10-04 19:34:11][debug] [sms]page:https://bbs.sex002.xyz/plugin.php?id=tom_tchongbao:ajax&act=nitice_sms_hb_run&site=1&tongcheng_id=582&hongbao_id=63&page=16
[2018-10-04 19:34:11][debug] [sms]hongbao id:63
[2018-10-04 19:34:11][debug] [sms]page:16
[2018-10-04 19:34:11][debug] [sms]client IP:118.89.52.235
[2018-10-04 19:34:11][debug] [sms]start:1538652851
[2018-10-04 19:34:14][debug] [sms]all num:10
[2018-10-04 19:34:14][debug] [sms]run num:10
[2018-10-04 19:34:14][debug] [sms]ok num:10
[2018-10-04 19:34:14][debug] [sms]no num:0
[2018-10-04 19:34:14][debug] [sms]run time:3
[2018-10-04 19:34:14][debug] [sms]end:1538652854
[2018-10-04 19:34:14][debug] [sms]page:https://bbs.sex002.xyz/plugin.php?id=tom_tchongbao:ajax&act=nitice_sms_hb_run&site=1&tongcheng_id=582&hongbao_id=63&page=17
[2018-10-04 19:34:14][debug] [sms]hongbao id:63
[2018-10-04 19:34:14][debug] [sms]page:17
[2018-10-04 19:34:14][debug] [sms]client IP:118.89.52.235
[2018-10-04 19:34:14][debug] [sms]start:1538652854
[2018-10-04 19:34:17][debug] [sms]all num:10
[2018-10-04 19:34:17][debug] [sms]run num:10
[2018-10-04 19:34:17][debug] [sms]ok num:10
[2018-10-04 19:34:17][debug] [sms]no num:0
[2018-10-04 19:34:17][debug] [sms]run time:3
[2018-10-04 19:34:17][debug] [sms]end:1538652857
[2018-10-04 19:34:17][debug] [sms]page:https://bbs.sex002.xyz/plugin.php?id=tom_tchongbao:ajax&act=nitice_sms_hb_run&site=1&tongcheng_id=582&hongbao_id=63&page=18
[2018-10-04 19:34:18][debug] [sms]hongbao id:63
[2018-10-04 19:34:18][debug] [sms]page:18
[2018-10-04 19:34:18][debug] [sms]client IP:118.89.52.235
[2018-10-04 19:34:18][debug] [sms]start:1538652858
[2018-10-04 19:34:21][debug] [sms]all num:10
[2018-10-04 19:34:21][debug] [sms]run num:10
[2018-10-04 19:34:21][debug] [sms]ok num:10
[2018-10-04 19:34:21][debug] [sms]no num:0
[2018-10-04 19:34:21][debug] [sms]run time:3
[2018-10-04 19:34:21][debug] [sms]end:1538652861
[2018-10-04 19:34:21][debug] [sms]page:https://bbs.sex002.xyz/plugin.php?id=tom_tchongbao:ajax&act=nitice_sms_hb_run&site=1&tongcheng_id=582&hongbao_id=63&page=19
[2018-10-04 19:34:21][debug] [sms]hongbao id:63
[2018-10-04 19:34:21][debug] [sms]page:19
[2018-10-04 19:34:21][debug] [sms]client IP:118.89.52.235
[2018-10-04 19:34:21][debug] [sms]start:1538652861
[2018-10-04 19:34:24][debug] [sms]all num:10
[2018-10-04 19:34:24][debug] [sms]run num:10
[2018-10-04 19:34:24][debug] [sms]ok num:9
[2018-10-04 19:34:24][debug] [sms]no num:0
[2018-10-04 19:34:24][debug] [sms]run time:3
[2018-10-04 19:34:24][debug] [sms]end:1538652864
[2018-10-04 19:34:24][debug] [sms]page:https://bbs.sex002.xyz/plugin.php?id=tom_tchongbao:ajax&act=nitice_sms_hb_run&site=1&tongcheng_id=582&hongbao_id=63&page=20
[2018-10-04 19:34:24][debug] [sms]hongbao id:63
[2018-10-04 19:34:24][debug] [sms]page:20
[2018-10-04 19:34:24][debug] [sms]client IP:118.89.52.235
[2018-10-04 19:34:24][debug] [sms]start:1538652864
[2018-10-04 19:34:27][debug] [sms]all num:10
[2018-10-04 19:34:27][debug] [sms]run num:10
[2018-10-04 19:34:27][debug] [sms]ok num:10
[2018-10-04 19:34:27][debug] [sms]no num:0
[2018-10-04 19:34:27][debug] [sms]run time:3
[2018-10-04 19:34:27][debug] [sms]end:1538652867
[2018-10-04 19:34:27][debug] [sms]page:https://bbs.sex002.xyz/plugin.php?id=tom_tchongbao:ajax&act=nitice_sms_hb_run&site=1&tongcheng_id=582&hongbao_id=63&page=21
[2018-10-04 19:34:28][debug] [sms]hongbao id:63
[2018-10-04 19:34:28][debug] [sms]page:21
[2018-10-04 19:34:28][debug] [sms]client IP:118.89.52.235
[2018-10-04 19:34:28][debug] [sms]start:1538652868
[2018-10-04 19:34:31][debug] [sms]all num:10
[2018-10-04 19:34:31][debug] [sms]run num:10
[2018-10-04 19:34:31][debug] [sms]ok num:10
[2018-10-04 19:34:31][debug] [sms]no num:0
[2018-10-04 19:34:31][debug] [sms]run time:3
[2018-10-04 19:34:31][debug] [sms]end:1538652871
[2018-10-04 19:34:31][debug] [sms]page:https://bbs.sex002.xyz/plugin.php?id=tom_tchongbao:ajax&act=nitice_sms_hb_run&site=1&tongcheng_id=582&hongbao_id=63&page=22
[2018-10-04 19:34:31][debug] [sms]hongbao id:63
[2018-10-04 19:34:31][debug] [sms]page:22
[2018-10-04 19:34:31][debug] [sms]client IP:118.89.52.235
[2018-10-04 19:34:31][debug] [sms]start:1538652871
[2018-10-04 19:34:34][debug] [sms]all num:10
[2018-10-04 19:34:34][debug] [sms]run num:10
[2018-10-04 19:34:34][debug] [sms]ok num:10
[2018-10-04 19:34:34][debug] [sms]no num:0
[2018-10-04 19:34:34][debug] [sms]run time:3
[2018-10-04 19:34:34][debug] [sms]end:1538652874
[2018-10-04 19:34:34][debug] [sms]page:https://bbs.sex002.xyz/plugin.php?id=tom_tchongbao:ajax&act=nitice_sms_hb_run&site=1&tongcheng_id=582&hongbao_id=63&page=23
[2018-10-04 19:34:34][debug] [sms]hongbao id:63
[2018-10-04 19:34:34][debug] [sms]page:23
[2018-10-04 19:34:34][debug] [sms]client IP:118.89.52.235
[2018-10-04 19:34:34][debug] [sms]start:1538652874
[2018-10-04 19:34:39][debug] [sms]all num:10
[2018-10-04 19:34:39][debug] [sms]run num:10
[2018-10-04 19:34:39][debug] [sms]ok num:10
[2018-10-04 19:34:39][debug] [sms]no num:0
[2018-10-04 19:34:39][debug] [sms]run time:5
[2018-10-04 19:34:39][debug] [sms]end:1538652879
[2018-10-04 19:34:39][debug] [sms]page:https://bbs.sex002.xyz/plugin.php?id=tom_tchongbao:ajax&act=nitice_sms_hb_run&site=1&tongcheng_id=582&hongbao_id=63&page=24
[2018-10-04 19:34:39][debug] [sms]hongbao id:63
[2018-10-04 19:34:39][debug] [sms]page:24
[2018-10-04 19:34:39][debug] [sms]client IP:118.89.52.235
[2018-10-04 19:34:39][debug] [sms]start:1538652879
[2018-10-04 19:34:43][debug] [sms]all num:10
[2018-10-04 19:34:43][debug] [sms]run num:10
[2018-10-04 19:34:43][debug] [sms]ok num:10
[2018-10-04 19:34:43][debug] [sms]no num:0
[2018-10-04 19:34:43][debug] [sms]run time:4
[2018-10-04 19:34:43][debug] [sms]end:1538652883
[2018-10-04 19:34:43][debug] [sms]page:https://bbs.sex002.xyz/plugin.php?id=tom_tchongbao:ajax&act=nitice_sms_hb_run&site=1&tongcheng_id=582&hongbao_id=63&page=25
[2018-10-04 19:34:43][debug] [sms]hongbao id:63
[2018-10-04 19:34:43][debug] [sms]page:25
[2018-10-04 19:34:43][debug] [sms]client IP:118.89.52.235
[2018-10-04 19:34:43][debug] [sms]start:1538652883
[2018-10-04 19:34:46][debug] [sms]all num:10
[2018-10-04 19:34:46][debug] [sms]run num:10
[2018-10-04 19:34:46][debug] [sms]ok num:10
[2018-10-04 19:34:46][debug] [sms]no num:0
[2018-10-04 19:34:46][debug] [sms]run time:3
[2018-10-04 19:34:46][debug] [sms]end:1538652886
[2018-10-04 19:34:46][debug] [sms]page:https://bbs.sex002.xyz/plugin.php?id=tom_tchongbao:ajax&act=nitice_sms_hb_run&site=1&tongcheng_id=582&hongbao_id=63&page=26
[2018-10-04 19:34:46][debug] [sms]hongbao id:63
[2018-10-04 19:34:46][debug] [sms]page:26
[2018-10-04 19:34:46][debug] [sms]client IP:118.89.52.235
[2018-10-04 19:34:46][debug] [sms]start:1538652886
[2018-10-04 19:34:51][debug] [sms]all num:10
[2018-10-04 19:34:51][debug] [sms]run num:10
[2018-10-04 19:34:51][debug] [sms]ok num:10
[2018-10-04 19:34:51][debug] [sms]no num:0
[2018-10-04 19:34:51][debug] [sms]run time:5
[2018-10-04 19:34:51][debug] [sms]end:1538652891
[2018-10-04 19:34:51][debug] [sms]page:https://bbs.sex002.xyz/plugin.php?id=tom_tchongbao:ajax&act=nitice_sms_hb_run&site=1&tongcheng_id=582&hongbao_id=63&page=27
[2018-10-04 19:34:52][debug] [sms]hongbao id:63
[2018-10-04 19:34:52][debug] [sms]page:27
[2018-10-04 19:34:52][debug] [sms]client IP:118.89.52.235
[2018-10-04 19:34:52][debug] [sms]start:1538652892
[2018-10-04 19:34:55][debug] [sms]all num:10
[2018-10-04 19:34:55][debug] [sms]run num:10
[2018-10-04 19:34:55][debug] [sms]ok num:5
[2018-10-04 19:34:55][debug] [sms]no num:0
[2018-10-04 19:34:55][debug] [sms]run time:3
[2018-10-04 19:34:55][debug] [sms]end:1538652895
[2018-10-04 19:34:55][debug] [sms]page:https://bbs.sex002.xyz/plugin.php?id=tom_tchongbao:ajax&act=nitice_sms_hb_run&site=1&tongcheng_id=582&hongbao_id=63&page=28
[2018-10-04 19:34:57][debug] [sms]hongbao id:63
[2018-10-04 19:34:57][debug] [sms]page:28
[2018-10-04 19:34:57][debug] [sms]client IP:118.89.52.235
[2018-10-04 19:34:57][debug] [sms]start:1538652897
[2018-10-04 19:35:02][debug] [sms]all num:10
[2018-10-04 19:35:02][debug] [sms]run num:10
[2018-10-04 19:35:02][debug] [sms]ok num:5
[2018-10-04 19:35:02][debug] [sms]no num:0
[2018-10-04 19:35:02][debug] [sms]run time:5
[2018-10-04 19:35:02][debug] [sms]end:1538652902
[2018-10-04 19:35:02][debug] [sms]page:https://bbs.sex002.xyz/plugin.php?id=tom_tchongbao:ajax&act=nitice_sms_hb_run&site=1&tongcheng_id=582&hongbao_id=63&page=29
[2018-10-04 19:35:04][debug] [sms]hongbao id:63
[2018-10-04 19:35:04][debug] [sms]page:29
[2018-10-04 19:35:04][debug] [sms]client IP:118.89.52.235
[2018-10-04 19:35:04][debug] [sms]start:1538652904
[2018-10-04 19:35:08][debug] [sms]all num:10
[2018-10-04 19:35:08][debug] [sms]run num:10
[2018-10-04 19:35:08][debug] [sms]ok num:8
[2018-10-04 19:35:08][debug] [sms]no num:0
[2018-10-04 19:35:08][debug] [sms]run time:4
[2018-10-04 19:35:08][debug] [sms]end:1538652908
[2018-10-04 19:35:08][debug] [sms]page:https://bbs.sex002.xyz/plugin.php?id=tom_tchongbao:ajax&act=nitice_sms_hb_run&site=1&tongcheng_id=582&hongbao_id=63&page=30
[2018-10-04 19:35:09][debug] [sms]hongbao id:63
[2018-10-04 19:35:09][debug] [sms]page:30
[2018-10-04 19:35:09][debug] [sms]client IP:118.89.52.235
[2018-10-04 19:35:09][debug] [sms]start:1538652909
[2018-10-04 19:35:14][debug] [sms]all num:10
[2018-10-04 19:35:14][debug] [sms]run num:10
[2018-10-04 19:35:14][debug] [sms]ok num:7
[2018-10-04 19:35:14][debug] [sms]no num:0
[2018-10-04 19:35:14][debug] [sms]run time:5
[2018-10-04 19:35:14][debug] [sms]end:1538652914
[2018-10-04 19:35:14][debug] [sms]page:https://bbs.sex002.xyz/plugin.php?id=tom_tchongbao:ajax&act=nitice_sms_hb_run&site=1&tongcheng_id=582&hongbao_id=63&page=31
[2018-10-04 19:35:14][debug] [sms]hongbao id:63
[2018-10-04 19:35:14][debug] [sms]page:31
[2018-10-04 19:35:14][debug] [sms]client IP:118.89.52.235
[2018-10-04 19:35:14][debug] [sms]start:1538652914
[2018-10-04 19:35:18][debug] [sms]all num:10
[2018-10-04 19:35:18][debug] [sms]run num:10
[2018-10-04 19:35:18][debug] [sms]ok num:5
[2018-10-04 19:35:18][debug] [sms]no num:0
[2018-10-04 19:35:18][debug] [sms]run time:4
[2018-10-04 19:35:18][debug] [sms]end:1538652918
[2018-10-04 19:35:18][debug] [sms]page:https://bbs.sex002.xyz/plugin.php?id=tom_tchongbao:ajax&act=nitice_sms_hb_run&site=1&tongcheng_id=582&hongbao_id=63&page=32
[2018-10-04 19:35:19][debug] [sms]hongbao id:63
[2018-10-04 19:35:19][debug] [sms]page:32
[2018-10-04 19:35:19][debug] [sms]client IP:118.89.52.235
[2018-10-04 19:35:19][debug] [sms]start:1538652919
[2018-10-04 19:35:24][debug] [sms]all num:10
[2018-10-04 19:35:24][debug] [sms]run num:10
[2018-10-04 19:35:24][debug] [sms]ok num:8
[2018-10-04 19:35:24][debug] [sms]no num:0
[2018-10-04 19:35:24][debug] [sms]run time:5
[2018-10-04 19:35:24][debug] [sms]end:1538652924
[2018-10-04 19:35:24][debug] [sms]page:https://bbs.sex002.xyz/plugin.php?id=tom_tchongbao:ajax&act=nitice_sms_hb_run&site=1&tongcheng_id=582&hongbao_id=63&page=33
[2018-10-04 19:35:24][debug] [sms]hongbao id:63
[2018-10-04 19:35:24][debug] [sms]page:33
[2018-10-04 19:35:24][debug] [sms]client IP:118.89.52.235
[2018-10-04 19:35:24][debug] [sms]start:1538652924
[2018-10-04 19:35:28][debug] [sms]all num:10
[2018-10-04 19:35:28][debug] [sms]run num:10
[2018-10-04 19:35:28][debug] [sms]ok num:2
[2018-10-04 19:35:28][debug] [sms]no num:0
[2018-10-04 19:35:28][debug] [sms]run time:4
[2018-10-04 19:35:28][debug] [sms]end:1538652928
[2018-10-04 19:35:28][debug] [sms]page:https://bbs.sex002.xyz/plugin.php?id=tom_tchongbao:ajax&act=nitice_sms_hb_run&site=1&tongcheng_id=582&hongbao_id=63&page=34
[2018-10-04 19:35:31][debug] [sms]hongbao id:63
[2018-10-04 19:35:31][debug] [sms]page:34
[2018-10-04 19:35:31][debug] [sms]client IP:118.89.52.235
[2018-10-04 19:35:31][debug] [sms]start:1538652931
[2018-10-04 19:35:37][debug] [sms]all num:10
[2018-10-04 19:35:37][debug] [sms]run num:10
[2018-10-04 19:35:37][debug] [sms]ok num:4
[2018-10-04 19:35:37][debug] [sms]no num:0
[2018-10-04 19:35:37][debug] [sms]run time:6
[2018-10-04 19:35:37][debug] [sms]end:1538652937
[2018-10-04 19:35:37][debug] [sms]page:https://bbs.sex002.xyz/plugin.php?id=tom_tchongbao:ajax&act=nitice_sms_hb_run&site=1&tongcheng_id=582&hongbao_id=63&page=35
[2018-10-04 19:35:38][debug] [sms]hongbao id:63
[2018-10-04 19:35:38][debug] [sms]page:35
[2018-10-04 19:35:38][debug] [sms]client IP:118.89.52.235
[2018-10-04 19:35:38][debug] [sms]start:1538652938
[2018-10-04 19:35:42][debug] [sms]all num:10
[2018-10-04 19:35:42][debug] [sms]run num:10
[2018-10-04 19:35:42][debug] [sms]ok num:8
[2018-10-04 19:35:42][debug] [sms]no num:0
[2018-10-04 19:35:42][debug] [sms]run time:4
[2018-10-04 19:35:42][debug] [sms]end:1538652942
[2018-10-04 19:35:42][debug] [sms]page:https://bbs.sex002.xyz/plugin.php?id=tom_tchongbao:ajax&act=nitice_sms_hb_run&site=1&tongcheng_id=582&hongbao_id=63&page=36
[2018-10-04 19:35:43][debug] [sms]hongbao id:63
[2018-10-04 19:35:43][debug] [sms]page:36
[2018-10-04 19:35:43][debug] [sms]client IP:118.89.52.235
[2018-10-04 19:35:43][debug] [sms]start:1538652943
[2018-10-04 19:35:46][debug] [sms]all num:10
[2018-10-04 19:35:46][debug] [sms]run num:10
[2018-10-04 19:35:46][debug] [sms]ok num:9
[2018-10-04 19:35:46][debug] [sms]no num:0
[2018-10-04 19:35:46][debug] [sms]run time:3
[2018-10-04 19:35:46][debug] [sms]end:1538652946
[2018-10-04 19:35:46][debug] [sms]page:https://bbs.sex002.xyz/plugin.php?id=tom_tchongbao:ajax&act=nitice_sms_hb_run&site=1&tongcheng_id=582&hongbao_id=63&page=37
[2018-10-04 19:35:46][debug] [sms]hongbao id:63
[2018-10-04 19:35:46][debug] [sms]page:37
[2018-10-04 19:35:46][debug] [sms]client IP:118.89.52.235
[2018-10-04 19:35:46][debug] [sms]start:1538652946
[2018-10-04 19:35:50][debug] [sms]all num:10
[2018-10-04 19:35:50][debug] [sms]run num:10
[2018-10-04 19:35:50][debug] [sms]ok num:8
[2018-10-04 19:35:50][debug] [sms]no num:0
[2018-10-04 19:35:50][debug] [sms]run time:4
[2018-10-04 19:35:50][debug] [sms]end:1538652950
[2018-10-04 19:35:50][debug] [sms]page:https://bbs.sex002.xyz/plugin.php?id=tom_tchongbao:ajax&act=nitice_sms_hb_run&site=1&tongcheng_id=582&hongbao_id=63&page=38
[2018-10-04 19:35:51][debug] [sms]hongbao id:63
[2018-10-04 19:35:51][debug] [sms]page:38
[2018-10-04 19:35:51][debug] [sms]client IP:118.89.52.235
[2018-10-04 19:35:51][debug] [sms]start:1538652951
[2018-10-04 19:35:55][debug] [sms]all num:10
[2018-10-04 19:35:55][debug] [sms]run num:10
[2018-10-04 19:35:55][debug] [sms]ok num:10
[2018-10-04 19:35:55][debug] [sms]no num:0
[2018-10-04 19:35:55][debug] [sms]run time:4
[2018-10-04 19:35:55][debug] [sms]end:1538652955
[2018-10-04 19:35:55][debug] [sms]page:https://bbs.sex002.xyz/plugin.php?id=tom_tchongbao:ajax&act=nitice_sms_hb_run&site=1&tongcheng_id=582&hongbao_id=63&page=39
[2018-10-04 19:35:56][debug] [sms]hongbao id:63
[2018-10-04 19:35:56][debug] [sms]page:39
[2018-10-04 19:35:56][debug] [sms]client IP:118.89.52.235
[2018-10-04 19:35:56][debug] [sms]start:1538652956
[2018-10-04 19:36:00][debug] [sms]all num:10
[2018-10-04 19:36:00][debug] [sms]run num:10
[2018-10-04 19:36:00][debug] [sms]ok num:9
[2018-10-04 19:36:00][debug] [sms]no num:0
[2018-10-04 19:36:00][debug] [sms]run time:4
[2018-10-04 19:36:00][debug] [sms]end:1538652960
[2018-10-04 19:36:00][debug] [sms]page:https://bbs.sex002.xyz/plugin.php?id=tom_tchongbao:ajax&act=nitice_sms_hb_run&site=1&tongcheng_id=582&hongbao_id=63&page=40
[2018-10-04 19:36:00][debug] [sms]hongbao id:63
[2018-10-04 19:36:00][debug] [sms]page:40
[2018-10-04 19:36:00][debug] [sms]client IP:118.89.52.235
[2018-10-04 19:36:00][debug] [sms]start:1538652960
[2018-10-04 19:36:03][debug] [sms]all num:10
[2018-10-04 19:36:03][debug] [sms]run num:9
[2018-10-04 19:36:03][debug] [sms]ok num:5
[2018-10-04 19:36:03][debug] [sms]no num:0
[2018-10-04 19:36:03][debug] [sms]run time:3
[2018-10-04 19:36:03][debug] [sms]end:1538652963
[2018-10-04 19:36:03][debug] [sms]page:https://bbs.sex002.xyz/plugin.php?id=tom_tchongbao:ajax&act=nitice_sms_hb_run&site=1&tongcheng_id=582&hongbao_id=63&page=41
[2018-10-04 19:36:04][debug] [sms]hongbao id:63
[2018-10-04 19:36:04][debug] [sms]page:41
[2018-10-04 19:36:04][debug] [sms]client IP:118.89.52.235
[2018-10-04 19:36:04][debug] [sms]start:1538652964
[2018-10-04 19:36:10][debug] [sms]all num:10
[2018-10-04 19:36:10][debug] [sms]run num:10
[2018-10-04 19:36:10][debug] [sms]ok num:5
[2018-10-04 19:36:10][debug] [sms]no num:0
[2018-10-04 19:36:10][debug] [sms]run time:6
[2018-10-04 19:36:10][debug] [sms]end:1538652970
[2018-10-04 19:36:10][debug] [sms]page:https://bbs.sex002.xyz/plugin.php?id=tom_tchongbao:ajax&act=nitice_sms_hb_run&site=1&tongcheng_id=582&hongbao_id=63&page=42
[2018-10-04 19:36:10][debug] [sms]hongbao id:63
[2018-10-04 19:36:10][debug] [sms]page:42
[2018-10-04 19:36:10][debug] [sms]client IP:118.89.52.235
[2018-10-04 19:36:10][debug] [sms]start:1538652970
[2018-10-04 19:36:15][debug] [sms]all num:10
[2018-10-04 19:36:15][debug] [sms]run num:10
[2018-10-04 19:36:15][debug] [sms]ok num:4
[2018-10-04 19:36:15][debug] [sms]no num:0
[2018-10-04 19:36:15][debug] [sms]run time:5
[2018-10-04 19:36:15][debug] [sms]end:1538652975
[2018-10-04 19:36:15][debug] [sms]page:https://bbs.sex002.xyz/plugin.php?id=tom_tchongbao:ajax&act=nitice_sms_hb_run&site=1&tongcheng_id=582&hongbao_id=63&page=43
[2018-10-04 19:36:15][debug] [sms]hongbao id:63
[2018-10-04 19:36:15][debug] [sms]page:43
[2018-10-04 19:36:15][debug] [sms]client IP:118.89.52.235
[2018-10-04 19:36:15][debug] [sms]start:1538652975
[2018-10-04 19:36:19][debug] [sms]all num:10
[2018-10-04 19:36:19][debug] [sms]run num:10
[2018-10-04 19:36:19][debug] [sms]ok num:6
[2018-10-04 19:36:19][debug] [sms]no num:0
[2018-10-04 19:36:19][debug] [sms]run time:4
[2018-10-04 19:36:19][debug] [sms]end:1538652979
[2018-10-04 19:36:19][debug] [sms]page:https://bbs.sex002.xyz/plugin.php?id=tom_tchongbao:ajax&act=nitice_sms_hb_run&site=1&tongcheng_id=582&hongbao_id=63&page=44
[2018-10-04 19:36:19][debug] [sms]hongbao id:63
[2018-10-04 19:36:19][debug] [sms]page:44
[2018-10-04 19:36:19][debug] [sms]client IP:118.89.52.235
[2018-10-04 19:36:19][debug] [sms]start:1538652979
[2018-10-04 19:36:23][debug] [sms]all num:10
[2018-10-04 19:36:23][debug] [sms]run num:10
[2018-10-04 19:36:23][debug] [sms]ok num:8
[2018-10-04 19:36:23][debug] [sms]no num:0
[2018-10-04 19:36:23][debug] [sms]run time:4
[2018-10-04 19:36:23][debug] [sms]end:1538652983
[2018-10-04 19:36:23][debug] [sms]page:https://bbs.sex002.xyz/plugin.php?id=tom_tchongbao:ajax&act=nitice_sms_hb_run&site=1&tongcheng_id=582&hongbao_id=63&page=45
[2018-10-04 19:36:24][debug] [sms]hongbao id:63
[2018-10-04 19:36:24][debug] [sms]page:45
[2018-10-04 19:36:24][debug] [sms]client IP:118.89.52.235
[2018-10-04 19:36:24][debug] [sms]start:1538652984
[2018-10-04 19:36:27][debug] [sms]all num:10
[2018-10-04 19:36:27][debug] [sms]run num:10
[2018-10-04 19:36:27][debug] [sms]ok num:10
[2018-10-04 19:36:27][debug] [sms]no num:0
[2018-10-04 19:36:27][debug] [sms]run time:3
[2018-10-04 19:36:27][debug] [sms]end:1538652987
[2018-10-04 19:36:27][debug] [sms]page:https://bbs.sex002.xyz/plugin.php?id=tom_tchongbao:ajax&act=nitice_sms_hb_run&site=1&tongcheng_id=582&hongbao_id=63&page=46
[2018-10-04 19:36:28][debug] [sms]hongbao id:63
[2018-10-04 19:36:28][debug] [sms]page:46
[2018-10-04 19:36:28][debug] [sms]client IP:118.89.52.235
[2018-10-04 19:36:28][debug] [sms]start:1538652988
[2018-10-04 19:36:31][debug] [sms]all num:10
[2018-10-04 19:36:31][debug] [sms]run num:10
[2018-10-04 19:36:31][debug] [sms]ok num:8
[2018-10-04 19:36:31][debug] [sms]no num:0
[2018-10-04 19:36:31][debug] [sms]run time:3
[2018-10-04 19:36:31][debug] [sms]end:1538652991
[2018-10-04 19:36:31][debug] [sms]page:https://bbs.sex002.xyz/plugin.php?id=tom_tchongbao:ajax&act=nitice_sms_hb_run&site=1&tongcheng_id=582&hongbao_id=63&page=47
[2018-10-04 19:36:32][debug] [sms]hongbao id:63
[2018-10-04 19:36:32][debug] [sms]page:47
[2018-10-04 19:36:32][debug] [sms]client IP:118.89.52.235
[2018-10-04 19:36:32][debug] [sms]start:1538652992
[2018-10-04 19:36:35][debug] [sms]all num:10
[2018-10-04 19:36:35][debug] [sms]run num:10
[2018-10-04 19:36:35][debug] [sms]ok num:9
[2018-10-04 19:36:35][debug] [sms]no num:0
[2018-10-04 19:36:35][debug] [sms]run time:3
[2018-10-04 19:36:35][debug] [sms]end:1538652995
[2018-10-04 19:36:35][debug] [sms]page:https://bbs.sex002.xyz/plugin.php?id=tom_tchongbao:ajax&act=nitice_sms_hb_run&site=1&tongcheng_id=582&hongbao_id=63&page=48
[2018-10-04 19:36:35][debug] [sms]hongbao id:63
[2018-10-04 19:36:35][debug] [sms]page:48
[2018-10-04 19:36:35][debug] [sms]client IP:118.89.52.235
[2018-10-04 19:36:35][debug] [sms]start:1538652995
[2018-10-04 19:36:38][debug] [sms]all num:10
[2018-10-04 19:36:38][debug] [sms]run num:10
[2018-10-04 19:36:38][debug] [sms]ok num:5
[2018-10-04 19:36:38][debug] [sms]no num:0
[2018-10-04 19:36:38][debug] [sms]run time:3
[2018-10-04 19:36:38][debug] [sms]end:1538652998
[2018-10-04 19:36:38][debug] [sms]page:https://bbs.sex002.xyz/plugin.php?id=tom_tchongbao:ajax&act=nitice_sms_hb_run&site=1&tongcheng_id=582&hongbao_id=63&page=49
[2018-10-04 19:36:39][debug] [sms]hongbao id:63
[2018-10-04 19:36:39][debug] [sms]page:49
[2018-10-04 19:36:39][debug] [sms]client IP:118.89.52.235
[2018-10-04 19:36:39][debug] [sms]start:1538652999
[2018-10-04 19:36:44][debug] [sms]all num:10
[2018-10-04 19:36:44][debug] [sms]run num:10
[2018-10-04 19:36:44][debug] [sms]ok num:5
[2018-10-04 19:36:44][debug] [sms]no num:0
[2018-10-04 19:36:44][debug] [sms]run time:5
[2018-10-04 19:36:44][debug] [sms]end:1538653004
[2018-10-04 19:36:44][debug] [sms]page:https://bbs.sex002.xyz/plugin.php?id=tom_tchongbao:ajax&act=nitice_sms_hb_run&site=1&tongcheng_id=582&hongbao_id=63&page=50
[2018-10-04 19:36:44][debug] [sms]hongbao id:63
[2018-10-04 19:36:44][debug] [sms]page:50
[2018-10-04 19:36:44][debug] [sms]client IP:118.89.52.235
[2018-10-04 19:36:44][debug] [sms]start:1538653004
[2018-10-04 19:36:47][debug] [sms]all num:10
[2018-10-04 19:36:47][debug] [sms]run num:10
[2018-10-04 19:36:47][debug] [sms]ok num:6
[2018-10-04 19:36:47][debug] [sms]no num:0
[2018-10-04 19:36:47][debug] [sms]run time:3
[2018-10-04 19:36:47][debug] [sms]end:1538653007
[2018-10-04 19:36:47][debug] [sms]page:https://bbs.sex002.xyz/plugin.php?id=tom_tchongbao:ajax&act=nitice_sms_hb_run&site=1&tongcheng_id=582&hongbao_id=63&page=51
[2018-10-04 19:36:47][debug] [sms]hongbao id:63
[2018-10-04 19:36:47][debug] [sms]page:51
[2018-10-04 19:36:47][debug] [sms]client IP:118.89.52.235
[2018-10-04 19:36:47][debug] [sms]start:1538653007
[2018-10-04 19:36:51][debug] [sms]all num:10
[2018-10-04 19:36:51][debug] [sms]run num:10
[2018-10-04 19:36:51][debug] [sms]ok num:5
[2018-10-04 19:36:51][debug] [sms]no num:0
[2018-10-04 19:36:51][debug] [sms]run time:4
[2018-10-04 19:36:51][debug] [sms]end:1538653011
[2018-10-04 19:36:51][debug] [sms]page:https://bbs.sex002.xyz/plugin.php?id=tom_tchongbao:ajax&act=nitice_sms_hb_run&site=1&tongcheng_id=582&hongbao_id=63&page=52
[2018-10-04 19:36:51][debug] [sms]hongbao id:63
[2018-10-04 19:36:51][debug] [sms]page:52
[2018-10-04 19:36:51][debug] [sms]client IP:118.89.52.235
[2018-10-04 19:36:51][debug] [sms]start:1538653011
[2018-10-04 19:36:55][debug] [sms]all num:10
[2018-10-04 19:36:55][debug] [sms]run num:10
[2018-10-04 19:36:55][debug] [sms]ok num:10
[2018-10-04 19:36:55][debug] [sms]no num:0
[2018-10-04 19:36:55][debug] [sms]run time:4
[2018-10-04 19:36:55][debug] [sms]end:1538653015
[2018-10-04 19:36:55][debug] [sms]page:https://bbs.sex002.xyz/plugin.php?id=tom_tchongbao:ajax&act=nitice_sms_hb_run&site=1&tongcheng_id=582&hongbao_id=63&page=53
[2018-10-04 19:36:55][debug] [sms]hongbao id:63
[2018-10-04 19:36:55][debug] [sms]page:53
[2018-10-04 19:36:55][debug] [sms]client IP:118.89.52.235
[2018-10-04 19:36:55][debug] [sms]start:1538653015
[2018-10-04 19:36:58][debug] [sms]all num:10
[2018-10-04 19:36:58][debug] [sms]run num:10
[2018-10-04 19:36:58][debug] [sms]ok num:4
[2018-10-04 19:36:58][debug] [sms]no num:0
[2018-10-04 19:36:58][debug] [sms]run time:3
[2018-10-04 19:36:58][debug] [sms]end:1538653018
[2018-10-04 19:36:58][debug] [sms]page:https://bbs.sex002.xyz/plugin.php?id=tom_tchongbao:ajax&act=nitice_sms_hb_run&site=1&tongcheng_id=582&hongbao_id=63&page=54
[2018-10-04 19:36:58][debug] [sms]hongbao id:63
[2018-10-04 19:36:58][debug] [sms]page:54
[2018-10-04 19:36:58][debug] [sms]client IP:118.89.52.235
[2018-10-04 19:36:58][debug] [sms]start:1538653018
[2018-10-04 19:37:02][debug] [sms]all num:10
[2018-10-04 19:37:02][debug] [sms]run num:10
[2018-10-04 19:37:02][debug] [sms]ok num:4
[2018-10-04 19:37:02][debug] [sms]no num:0
[2018-10-04 19:37:02][debug] [sms]run time:4
[2018-10-04 19:37:02][debug] [sms]end:1538653022
[2018-10-04 19:37:02][debug] [sms]page:https://bbs.sex002.xyz/plugin.php?id=tom_tchongbao:ajax&act=nitice_sms_hb_run&site=1&tongcheng_id=582&hongbao_id=63&page=55
[2018-10-04 19:37:02][debug] [sms]hongbao id:63
[2018-10-04 19:37:02][debug] [sms]page:55
[2018-10-04 19:37:02][debug] [sms]client IP:118.89.52.235
[2018-10-04 19:37:02][debug] [sms]start:1538653022
[2018-10-04 19:37:05][debug] [sms]all num:10
[2018-10-04 19:37:05][debug] [sms]run num:10
[2018-10-04 19:37:05][debug] [sms]ok num:4
[2018-10-04 19:37:05][debug] [sms]no num:0
[2018-10-04 19:37:05][debug] [sms]run time:3
[2018-10-04 19:37:05][debug] [sms]end:1538653025
[2018-10-04 19:37:05][debug] [sms]page:https://bbs.sex002.xyz/plugin.php?id=tom_tchongbao:ajax&act=nitice_sms_hb_run&site=1&tongcheng_id=582&hongbao_id=63&page=56
[2018-10-04 19:37:05][debug] [sms]hongbao id:63
[2018-10-04 19:37:05][debug] [sms]page:56
[2018-10-04 19:37:05][debug] [sms]client IP:118.89.52.235
[2018-10-04 19:37:05][debug] [sms]start:1538653025
[2018-10-04 19:37:09][debug] [sms]all num:10
[2018-10-04 19:37:09][debug] [sms]run num:10
[2018-10-04 19:37:09][debug] [sms]ok num:3
[2018-10-04 19:37:09][debug] [sms]no num:0
[2018-10-04 19:37:09][debug] [sms]run time:4
[2018-10-04 19:37:09][debug] [sms]end:1538653029
[2018-10-04 19:37:09][debug] [sms]page:https://bbs.sex002.xyz/plugin.php?id=tom_tchongbao:ajax&act=nitice_sms_hb_run&site=1&tongcheng_id=582&hongbao_id=63&page=57
[2018-10-04 19:37:09][debug] [sms]hongbao id:63
[2018-10-04 19:37:09][debug] [sms]page:57
[2018-10-04 19:37:09][debug] [sms]client IP:118.89.52.235
[2018-10-04 19:37:09][debug] [sms]start:1538653029
[2018-10-04 19:37:13][debug] [sms]all num:10
[2018-10-04 19:37:13][debug] [sms]run num:10
[2018-10-04 19:37:13][debug] [sms]ok num:5
[2018-10-04 19:37:13][debug] [sms]no num:0
[2018-10-04 19:37:13][debug] [sms]run time:4
[2018-10-04 19:37:13][debug] [sms]end:1538653033
[2018-10-04 19:37:13][debug] [sms]page:https://bbs.sex002.xyz/plugin.php?id=tom_tchongbao:ajax&act=nitice_sms_hb_run&site=1&tongcheng_id=582&hongbao_id=63&page=58
[2018-10-04 19:37:13][debug] [sms]hongbao id:63
[2018-10-04 19:37:13][debug] [sms]page:58
[2018-10-04 19:37:13][debug] [sms]client IP:118.89.52.235
[2018-10-04 19:37:13][debug] [sms]start:1538653033
[2018-10-04 19:37:18][debug] [sms]all num:10
[2018-10-04 19:37:18][debug] [sms]run num:10
[2018-10-04 19:37:18][debug] [sms]ok num:4
[2018-10-04 19:37:18][debug] [sms]no num:0
[2018-10-04 19:37:18][debug] [sms]run time:5
[2018-10-04 19:37:18][debug] [sms]end:1538653038
[2018-10-04 19:37:18][debug] [sms]page:https://bbs.sex002.xyz/plugin.php?id=tom_tchongbao:ajax&act=nitice_sms_hb_run&site=1&tongcheng_id=582&hongbao_id=63&page=59
[2018-10-04 19:37:18][debug] [sms]hongbao id:63
[2018-10-04 19:37:18][debug] [sms]page:59
[2018-10-04 19:37:18][debug] [sms]client IP:118.89.52.235
[2018-10-04 19:37:18][debug] [sms]start:1538653038
[2018-10-04 19:37:21][debug] [sms]all num:10
[2018-10-04 19:37:21][debug] [sms]run num:10
[2018-10-04 19:37:21][debug] [sms]ok num:6
[2018-10-04 19:37:21][debug] [sms]no num:0
[2018-10-04 19:37:21][debug] [sms]run time:3
[2018-10-04 19:37:21][debug] [sms]end:1538653041
[2018-10-04 19:37:21][debug] [sms]page:https://bbs.sex002.xyz/plugin.php?id=tom_tchongbao:ajax&act=nitice_sms_hb_run&site=1&tongcheng_id=582&hongbao_id=63&page=60
[2018-10-04 19:37:21][debug] [sms]hongbao id:63
[2018-10-04 19:37:21][debug] [sms]page:60
[2018-10-04 19:37:21][debug] [sms]client IP:118.89.52.235
[2018-10-04 19:37:21][debug] [sms]start:1538653041
[2018-10-04 19:37:25][debug] [sms]all num:10
[2018-10-04 19:37:25][debug] [sms]run num:10
[2018-10-04 19:37:25][debug] [sms]ok num:5
[2018-10-04 19:37:25][debug] [sms]no num:0
[2018-10-04 19:37:25][debug] [sms]run time:4
[2018-10-04 19:37:25][debug] [sms]end:1538653045
[2018-10-04 19:37:25][debug] [sms]page:https://bbs.sex002.xyz/plugin.php?id=tom_tchongbao:ajax&act=nitice_sms_hb_run&site=1&tongcheng_id=582&hongbao_id=63&page=61
[2018-10-04 19:37:25][debug] [sms]hongbao id:63
[2018-10-04 19:37:25][debug] [sms]page:61
[2018-10-04 19:37:25][debug] [sms]client IP:118.89.52.235
[2018-10-04 19:37:25][debug] [sms]start:1538653045
[2018-10-04 19:37:28][debug] [sms]all num:10
[2018-10-04 19:37:28][debug] [sms]run num:10
[2018-10-04 19:37:28][debug] [sms]ok num:6
[2018-10-04 19:37:28][debug] [sms]no num:0
[2018-10-04 19:37:28][debug] [sms]run time:3
[2018-10-04 19:37:28][debug] [sms]end:1538653048
[2018-10-04 19:37:28][debug] [sms]page:https://bbs.sex002.xyz/plugin.php?id=tom_tchongbao:ajax&act=nitice_sms_hb_run&site=1&tongcheng_id=582&hongbao_id=63&page=62
[2018-10-04 19:37:28][debug] [sms]hongbao id:63
[2018-10-04 19:37:28][debug] [sms]page:62
[2018-10-04 19:37:28][debug] [sms]client IP:118.89.52.235
[2018-10-04 19:37:28][debug] [sms]start:1538653048
[2018-10-04 19:37:31][debug] [sms]all num:10
[2018-10-04 19:37:31][debug] [sms]run num:10
[2018-10-04 19:37:31][debug] [sms]ok num:3
[2018-10-04 19:37:31][debug] [sms]no num:0
[2018-10-04 19:37:31][debug] [sms]run time:3
[2018-10-04 19:37:31][debug] [sms]end:1538653051
[2018-10-04 19:37:31][debug] [sms]page:https://bbs.sex002.xyz/plugin.php?id=tom_tchongbao:ajax&act=nitice_sms_hb_run&site=1&tongcheng_id=582&hongbao_id=63&page=63
[2018-10-04 19:37:32][debug] [sms]hongbao id:63
[2018-10-04 19:37:32][debug] [sms]page:63
[2018-10-04 19:37:32][debug] [sms]client IP:118.89.52.235
[2018-10-04 19:37:32][debug] [sms]start:1538653052
[2018-10-04 19:37:34][debug] [sms]all num:10
[2018-10-04 19:37:34][debug] [sms]run num:10
[2018-10-04 19:37:34][debug] [sms]ok num:5
[2018-10-04 19:37:34][debug] [sms]no num:0
[2018-10-04 19:37:34][debug] [sms]run time:2
[2018-10-04 19:37:34][debug] [sms]end:1538653054
[2018-10-04 19:37:34][debug] [sms]page:https://bbs.sex002.xyz/plugin.php?id=tom_tchongbao:ajax&act=nitice_sms_hb_run&site=1&tongcheng_id=582&hongbao_id=63&page=64
[2018-10-04 19:37:35][debug] [sms]hongbao id:63
[2018-10-04 19:37:35][debug] [sms]page:64
[2018-10-04 19:37:35][debug] [sms]client IP:118.89.52.235
[2018-10-04 19:37:35][debug] [sms]start:1538653055
[2018-10-04 19:37:38][debug] [sms]all num:10
[2018-10-04 19:37:38][debug] [sms]run num:10
[2018-10-04 19:37:38][debug] [sms]ok num:7
[2018-10-04 19:37:38][debug] [sms]no num:0
[2018-10-04 19:37:38][debug] [sms]run time:3
[2018-10-04 19:37:38][debug] [sms]end:1538653058
[2018-10-04 19:37:38][debug] [sms]page:https://bbs.sex002.xyz/plugin.php?id=tom_tchongbao:ajax&act=nitice_sms_hb_run&site=1&tongcheng_id=582&hongbao_id=63&page=65
[2018-10-04 19:37:39][debug] [sms]hongbao id:63
[2018-10-04 19:37:39][debug] [sms]page:65
[2018-10-04 19:37:39][debug] [sms]client IP:118.89.52.235
[2018-10-04 19:37:39][debug] [sms]start:1538653059
[2018-10-04 19:37:42][debug] [sms]all num:10
[2018-10-04 19:37:42][debug] [sms]run num:10
[2018-10-04 19:37:42][debug] [sms]ok num:9
[2018-10-04 19:37:42][debug] [sms]no num:0
[2018-10-04 19:37:42][debug] [sms]run time:3
[2018-10-04 19:37:42][debug] [sms]end:1538653062
[2018-10-04 19:37:42][debug] [sms]page:https://bbs.sex002.xyz/plugin.php?id=tom_tchongbao:ajax&act=nitice_sms_hb_run&site=1&tongcheng_id=582&hongbao_id=63&page=66
[2018-10-04 19:37:43][debug] [sms]hongbao id:63
[2018-10-04 19:37:43][debug] [sms]page:66
[2018-10-04 19:37:43][debug] [sms]client IP:118.89.52.235
[2018-10-04 19:37:43][debug] [sms]start:1538653063
[2018-10-04 19:37:45][debug] [sms]all num:10
[2018-10-04 19:37:45][debug] [sms]run num:10
[2018-10-04 19:37:45][debug] [sms]ok num:7
[2018-10-04 19:37:45][debug] [sms]no num:0
[2018-10-04 19:37:45][debug] [sms]run time:2
[2018-10-04 19:37:45][debug] [sms]end:1538653065
[2018-10-04 19:37:45][debug] [sms]page:https://bbs.sex002.xyz/plugin.php?id=tom_tchongbao:ajax&act=nitice_sms_hb_run&site=1&tongcheng_id=582&hongbao_id=63&page=67
[2018-10-04 19:37:46][debug] [sms]hongbao id:63
[2018-10-04 19:37:46][debug] [sms]page:67
[2018-10-04 19:37:46][debug] [sms]client IP:118.89.52.235
[2018-10-04 19:37:46][debug] [sms]start:1538653066
[2018-10-04 19:37:48][debug] [sms]all num:10
[2018-10-04 19:37:48][debug] [sms]run num:10
[2018-10-04 19:37:48][debug] [sms]ok num:8
[2018-10-04 19:37:48][debug] [sms]no num:0
[2018-10-04 19:37:48][debug] [sms]run time:2
[2018-10-04 19:37:48][debug] [sms]end:1538653068
[2018-10-04 19:37:48][debug] [sms]page:https://bbs.sex002.xyz/plugin.php?id=tom_tchongbao:ajax&act=nitice_sms_hb_run&site=1&tongcheng_id=582&hongbao_id=63&page=68
[2018-10-04 19:37:49][debug] [sms]hongbao id:63
[2018-10-04 19:37:49][debug] [sms]page:68
[2018-10-04 19:37:49][debug] [sms]client IP:118.89.52.235
[2018-10-04 19:37:49][debug] [sms]start:1538653069
[2018-10-04 19:37:51][debug] [sms]all num:10
[2018-10-04 19:37:51][debug] [sms]run num:10
[2018-10-04 19:37:51][debug] [sms]ok num:4
[2018-10-04 19:37:51][debug] [sms]no num:0
[2018-10-04 19:37:51][debug] [sms]run time:2
[2018-10-04 19:37:51][debug] [sms]end:1538653071
[2018-10-04 19:37:51][debug] [sms]page:https://bbs.sex002.xyz/plugin.php?id=tom_tchongbao:ajax&act=nitice_sms_hb_run&site=1&tongcheng_id=582&hongbao_id=63&page=69
[2018-10-04 19:37:52][debug] [sms]hongbao id:63
[2018-10-04 19:37:52][debug] [sms]page:69
[2018-10-04 19:37:52][debug] [sms]client IP:118.89.52.235
[2018-10-04 19:37:52][debug] [sms]start:1538653072
[2018-10-04 19:37:54][debug] [sms]all num:10
[2018-10-04 19:37:54][debug] [sms]run num:10
[2018-10-04 19:37:54][debug] [sms]ok num:4
[2018-10-04 19:37:54][debug] [sms]no num:0
[2018-10-04 19:37:54][debug] [sms]run time:2
[2018-10-04 19:37:54][debug] [sms]end:1538653074
[2018-10-04 19:37:54][debug] [sms]page:https://bbs.sex002.xyz/plugin.php?id=tom_tchongbao:ajax&act=nitice_sms_hb_run&site=1&tongcheng_id=582&hongbao_id=63&page=70
[2018-10-04 19:37:55][debug] [sms]hongbao id:63
[2018-10-04 19:37:55][debug] [sms]page:70
[2018-10-04 19:37:55][debug] [sms]client IP:118.89.52.235
[2018-10-04 19:37:55][debug] [sms]start:1538653075
[2018-10-04 19:37:58][debug] [sms]all num:10
[2018-10-04 19:37:58][debug] [sms]run num:10
[2018-10-04 19:37:58][debug] [sms]ok num:2
[2018-10-04 19:37:58][debug] [sms]no num:0
[2018-10-04 19:37:58][debug] [sms]run time:3
[2018-10-04 19:37:58][debug] [sms]end:1538653078
[2018-10-04 19:37:58][debug] [sms]page:https://bbs.sex002.xyz/plugin.php?id=tom_tchongbao:ajax&act=nitice_sms_hb_run&site=1&tongcheng_id=582&hongbao_id=63&page=71
[2018-10-04 19:37:58][debug] [sms]hongbao id:63
[2018-10-04 19:37:58][debug] [sms]page:71
[2018-10-04 19:37:58][debug] [sms]client IP:118.89.52.235
[2018-10-04 19:37:58][debug] [sms]start:1538653078
[2018-10-04 19:38:01][debug] [sms]all num:10
[2018-10-04 19:38:01][debug] [sms]run num:10
[2018-10-04 19:38:01][debug] [sms]ok num:5
[2018-10-04 19:38:01][debug] [sms]no num:0
[2018-10-04 19:38:01][debug] [sms]run time:3
[2018-10-04 19:38:01][debug] [sms]end:1538653081
[2018-10-04 19:38:01][debug] [sms]page:https://bbs.sex002.xyz/plugin.php?id=tom_tchongbao:ajax&act=nitice_sms_hb_run&site=1&tongcheng_id=582&hongbao_id=63&page=72
[2018-10-04 19:38:01][debug] [sms]hongbao id:63
[2018-10-04 19:38:01][debug] [sms]page:72
[2018-10-04 19:38:01][debug] [sms]client IP:118.89.52.235
[2018-10-04 19:38:01][debug] [sms]start:1538653081
[2018-10-04 19:38:04][debug] [sms]all num:10
[2018-10-04 19:38:04][debug] [sms]run num:10
[2018-10-04 19:38:04][debug] [sms]ok num:8
[2018-10-04 19:38:04][debug] [sms]no num:0
[2018-10-04 19:38:04][debug] [sms]run time:3
[2018-10-04 19:38:04][debug] [sms]end:1538653084
[2018-10-04 19:38:04][debug] [sms]page:https://bbs.sex002.xyz/plugin.php?id=tom_tchongbao:ajax&act=nitice_sms_hb_run&site=1&tongcheng_id=582&hongbao_id=63&page=73
[2018-10-04 19:38:04][debug] [sms]hongbao id:63
[2018-10-04 19:38:04][debug] [sms]page:73
[2018-10-04 19:38:04][debug] [sms]client IP:118.89.52.235
[2018-10-04 19:38:04][debug] [sms]start:1538653084
[2018-10-04 19:38:07][debug] [sms]all num:10
[2018-10-04 19:38:07][debug] [sms]run num:10
[2018-10-04 19:38:07][debug] [sms]ok num:6
[2018-10-04 19:38:07][debug] [sms]no num:0
[2018-10-04 19:38:07][debug] [sms]run time:3
[2018-10-04 19:38:07][debug] [sms]end:1538653087
[2018-10-04 19:38:07][debug] [sms]page:https://bbs.sex002.xyz/plugin.php?id=tom_tchongbao:ajax&act=nitice_sms_hb_run&site=1&tongcheng_id=582&hongbao_id=63&page=74
[2018-10-04 19:38:08][debug] [sms]hongbao id:63
[2018-10-04 19:38:08][debug] [sms]page:74
[2018-10-04 19:38:08][debug] [sms]client IP:118.89.52.235
[2018-10-04 19:38:08][debug] [sms]start:1538653088
[2018-10-04 19:38:11][debug] [sms]all num:10
[2018-10-04 19:38:11][debug] [sms]run num:10
[2018-10-04 19:38:11][debug] [sms]ok num:2
[2018-10-04 19:38:11][debug] [sms]no num:0
[2018-10-04 19:38:11][debug] [sms]run time:3
[2018-10-04 19:38:11][debug] [sms]end:1538653091
[2018-10-04 19:38:11][debug] [sms]page:https://bbs.sex002.xyz/plugin.php?id=tom_tchongbao:ajax&act=nitice_sms_hb_run&site=1&tongcheng_id=582&hongbao_id=63&page=75
[2018-10-04 19:38:11][debug] [sms]hongbao id:63
[2018-10-04 19:38:11][debug] [sms]page:75
[2018-10-04 19:38:11][debug] [sms]client IP:118.89.52.235
[2018-10-04 19:38:11][debug] [sms]start:1538653091
[2018-10-04 19:38:14][debug] [sms]all num:10
[2018-10-04 19:38:14][debug] [sms]run num:10
[2018-10-04 19:38:14][debug] [sms]ok num:6
[2018-10-04 19:38:14][debug] [sms]no num:0
[2018-10-04 19:38:14][debug] [sms]run time:3
[2018-10-04 19:38:14][debug] [sms]end:1538653094
[2018-10-04 19:38:14][debug] [sms]page:https://bbs.sex002.xyz/plugin.php?id=tom_tchongbao:ajax&act=nitice_sms_hb_run&site=1&tongcheng_id=582&hongbao_id=63&page=76
[2018-10-04 19:38:15][debug] [sms]hongbao id:63
[2018-10-04 19:38:15][debug] [sms]page:76
[2018-10-04 19:38:15][debug] [sms]client IP:118.89.52.235
[2018-10-04 19:38:15][debug] [sms]start:1538653095
[2018-10-04 19:38:18][debug] [sms]all num:10
[2018-10-04 19:38:18][debug] [sms]run num:10
[2018-10-04 19:38:18][debug] [sms]ok num:2
[2018-10-04 19:38:18][debug] [sms]no num:0
[2018-10-04 19:38:18][debug] [sms]run time:3
[2018-10-04 19:38:18][debug] [sms]end:1538653098
[2018-10-04 19:38:18][debug] [sms]page:https://bbs.sex002.xyz/plugin.php?id=tom_tchongbao:ajax&act=nitice_sms_hb_run&site=1&tongcheng_id=582&hongbao_id=63&page=77
[2018-10-04 19:38:19][debug] [sms]hongbao id:63
[2018-10-04 19:38:19][debug] [sms]page:77
[2018-10-04 19:38:19][debug] [sms]client IP:118.89.52.235
[2018-10-04 19:38:19][debug] [sms]start:1538653099
[2018-10-04 19:38:22][debug] [sms]all num:10
[2018-10-04 19:38:22][debug] [sms]run num:10
[2018-10-04 19:38:22][debug] [sms]ok num:4
[2018-10-04 19:38:22][debug] [sms]no num:0
[2018-10-04 19:38:22][debug] [sms]run time:3
[2018-10-04 19:38:22][debug] [sms]end:1538653102
[2018-10-04 19:38:22][debug] [sms]page:https://bbs.sex002.xyz/plugin.php?id=tom_tchongbao:ajax&act=nitice_sms_hb_run&site=1&tongcheng_id=582&hongbao_id=63&page=78
[2018-10-04 19:38:22][debug] [sms]hongbao id:63
[2018-10-04 19:38:22][debug] [sms]page:78
[2018-10-04 19:38:22][debug] [sms]client IP:118.89.52.235
[2018-10-04 19:38:22][debug] [sms]start:1538653102
[2018-10-04 19:38:25][debug] [sms]all num:10
[2018-10-04 19:38:25][debug] [sms]run num:10
[2018-10-04 19:38:25][debug] [sms]ok num:2
[2018-10-04 19:38:25][debug] [sms]no num:0
[2018-10-04 19:38:25][debug] [sms]run time:3
[2018-10-04 19:38:25][debug] [sms]end:1538653105
[2018-10-04 19:38:25][debug] [sms]page:https://bbs.sex002.xyz/plugin.php?id=tom_tchongbao:ajax&act=nitice_sms_hb_run&site=1&tongcheng_id=582&hongbao_id=63&page=79
[2018-10-04 19:38:25][debug] [sms]hongbao id:63
[2018-10-04 19:38:25][debug] [sms]page:79
[2018-10-04 19:38:25][debug] [sms]client IP:118.89.52.235
[2018-10-04 19:38:25][debug] [sms]start:1538653105
[2018-10-04 19:38:28][debug] [sms]all num:10
[2018-10-04 19:38:28][debug] [sms]run num:10
[2018-10-04 19:38:28][debug] [sms]ok num:2
[2018-10-04 19:38:28][debug] [sms]no num:0
[2018-10-04 19:38:28][debug] [sms]run time:3
[2018-10-04 19:38:28][debug] [sms]end:1538653108
[2018-10-04 19:38:28][debug] [sms]page:https://bbs.sex002.xyz/plugin.php?id=tom_tchongbao:ajax&act=nitice_sms_hb_run&site=1&tongcheng_id=582&hongbao_id=63&page=80
[2018-10-04 19:38:28][debug] [sms]hongbao id:63
[2018-10-04 19:38:28][debug] [sms]page:80
[2018-10-04 19:38:28][debug] [sms]client IP:118.89.52.235
[2018-10-04 19:38:28][debug] [sms]start:1538653108
[2018-10-04 19:38:31][debug] [sms]all num:10
[2018-10-04 19:38:31][debug] [sms]run num:10
[2018-10-04 19:38:31][debug] [sms]ok num:4
[2018-10-04 19:38:31][debug] [sms]no num:0
[2018-10-04 19:38:31][debug] [sms]run time:3
[2018-10-04 19:38:31][debug] [sms]end:1538653111
[2018-10-04 19:38:31][debug] [sms]page:https://bbs.sex002.xyz/plugin.php?id=tom_tchongbao:ajax&act=nitice_sms_hb_run&site=1&tongcheng_id=582&hongbao_id=63&page=81
[2018-10-04 19:38:31][debug] [sms]hongbao id:63
[2018-10-04 19:38:31][debug] [sms]page:81
[2018-10-04 19:38:31][debug] [sms]client IP:118.89.52.235
[2018-10-04 19:38:31][debug] [sms]start:1538653111
[2018-10-04 19:38:34][debug] [sms]all num:10
[2018-10-04 19:38:34][debug] [sms]run num:10
[2018-10-04 19:38:34][debug] [sms]ok num:1
[2018-10-04 19:38:34][debug] [sms]no num:0
[2018-10-04 19:38:34][debug] [sms]run time:3
[2018-10-04 19:38:34][debug] [sms]end:1538653114
[2018-10-04 19:38:34][debug] [sms]page:https://bbs.sex002.xyz/plugin.php?id=tom_tchongbao:ajax&act=nitice_sms_hb_run&site=1&tongcheng_id=582&hongbao_id=63&page=82
[2018-10-04 19:38:35][debug] [sms]hongbao id:63
[2018-10-04 19:38:35][debug] [sms]page:82
[2018-10-04 19:38:35][debug] [sms]client IP:118.89.52.235
[2018-10-04 19:38:35][debug] [sms]start:1538653115
[2018-10-04 19:38:38][debug] [sms]all num:10
[2018-10-04 19:38:38][debug] [sms]run num:10
[2018-10-04 19:38:38][debug] [sms]ok num:4
[2018-10-04 19:38:38][debug] [sms]no num:0
[2018-10-04 19:38:38][debug] [sms]run time:3
[2018-10-04 19:38:38][debug] [sms]end:1538653118
[2018-10-04 19:38:38][debug] [sms]page:https://bbs.sex002.xyz/plugin.php?id=tom_tchongbao:ajax&act=nitice_sms_hb_run&site=1&tongcheng_id=582&hongbao_id=63&page=83
[2018-10-04 19:38:38][debug] [sms]hongbao id:63
[2018-10-04 19:38:38][debug] [sms]page:83
[2018-10-04 19:38:38][debug] [sms]client IP:118.89.52.235
[2018-10-04 19:38:38][debug] [sms]start:1538653118
[2018-10-04 19:38:41][debug] [sms]all num:10
[2018-10-04 19:38:41][debug] [sms]run num:10
[2018-10-04 19:38:41][debug] [sms]ok num:5
[2018-10-04 19:38:41][debug] [sms]no num:0
[2018-10-04 19:38:41][debug] [sms]run time:3
[2018-10-04 19:38:41][debug] [sms]end:1538653121
[2018-10-04 19:38:41][debug] [sms]page:https://bbs.sex002.xyz/plugin.php?id=tom_tchongbao:ajax&act=nitice_sms_hb_run&site=1&tongcheng_id=582&hongbao_id=63&page=84
[2018-10-04 19:38:41][debug] [sms]hongbao id:63
[2018-10-04 19:38:41][debug] [sms]page:84
[2018-10-04 19:38:41][debug] [sms]client IP:118.89.52.235
[2018-10-04 19:38:41][debug] [sms]start:1538653121
[2018-10-04 19:38:44][debug] [sms]all num:10
[2018-10-04 19:38:44][debug] [sms]run num:10
[2018-10-04 19:38:44][debug] [sms]ok num:8
[2018-10-04 19:38:44][debug] [sms]no num:0
[2018-10-04 19:38:44][debug] [sms]run time:3
[2018-10-04 19:38:44][debug] [sms]end:1538653124
[2018-10-04 19:38:44][debug] [sms]page:https://bbs.sex002.xyz/plugin.php?id=tom_tchongbao:ajax&act=nitice_sms_hb_run&site=1&tongcheng_id=582&hongbao_id=63&page=85
[2018-10-04 19:38:44][debug] [sms]hongbao id:63
[2018-10-04 19:38:44][debug] [sms]page:85
[2018-10-04 19:38:44][debug] [sms]client IP:118.89.52.235
[2018-10-04 19:38:44][debug] [sms]start:1538653124
[2018-10-04 19:38:47][debug] [sms]all num:10
[2018-10-04 19:38:47][debug] [sms]run num:10
[2018-10-04 19:38:47][debug] [sms]ok num:2
[2018-10-04 19:38:47][debug] [sms]no num:0
[2018-10-04 19:38:47][debug] [sms]run time:3
[2018-10-04 19:38:47][debug] [sms]end:1538653127
[2018-10-04 19:38:47][debug] [sms]page:https://bbs.sex002.xyz/plugin.php?id=tom_tchongbao:ajax&act=nitice_sms_hb_run&site=1&tongcheng_id=582&hongbao_id=63&page=86
[2018-10-04 19:38:48][debug] [sms]hongbao id:63
[2018-10-04 19:38:48][debug] [sms]page:86
[2018-10-04 19:38:48][debug] [sms]client IP:118.89.52.235
[2018-10-04 19:38:48][debug] [sms]start:1538653128
[2018-10-04 19:38:51][debug] [sms]all num:10
[2018-10-04 19:38:51][debug] [sms]run num:10
[2018-10-04 19:38:51][debug] [sms]ok num:9
[2018-10-04 19:38:51][debug] [sms]no num:0
[2018-10-04 19:38:51][debug] [sms]run time:3
[2018-10-04 19:38:51][debug] [sms]end:1538653131
[2018-10-04 19:38:51][debug] [sms]page:https://bbs.sex002.xyz/plugin.php?id=tom_tchongbao:ajax&act=nitice_sms_hb_run&site=1&tongcheng_id=582&hongbao_id=63&page=87
[2018-10-04 19:38:51][debug] [sms]hongbao id:63
[2018-10-04 19:38:51][debug] [sms]page:87
[2018-10-04 19:38:51][debug] [sms]client IP:118.89.52.235
[2018-10-04 19:38:51][debug] [sms]start:1538653131
[2018-10-04 19:38:54][debug] [sms]all num:10
[2018-10-04 19:38:54][debug] [sms]run num:10
[2018-10-04 19:38:54][debug] [sms]ok num:7
[2018-10-04 19:38:54][debug] [sms]no num:0
[2018-10-04 19:38:54][debug] [sms]run time:3
[2018-10-04 19:38:54][debug] [sms]end:1538653134
[2018-10-04 19:38:54][debug] [sms]page:https://bbs.sex002.xyz/plugin.php?id=tom_tchongbao:ajax&act=nitice_sms_hb_run&site=1&tongcheng_id=582&hongbao_id=63&page=88
[2018-10-04 19:38:54][debug] [sms]hongbao id:63
[2018-10-04 19:38:54][debug] [sms]page:88
[2018-10-04 19:38:54][debug] [sms]client IP:118.89.52.235
[2018-10-04 19:38:54][debug] [sms]start:1538653134
[2018-10-04 19:38:57][debug] [sms]all num:10
[2018-10-04 19:38:57][debug] [sms]run num:10
[2018-10-04 19:38:57][debug] [sms]ok num:2
[2018-10-04 19:38:57][debug] [sms]no num:0
[2018-10-04 19:38:57][debug] [sms]run time:3
[2018-10-04 19:38:57][debug] [sms]end:1538653137
[2018-10-04 19:38:57][debug] [sms]page:https://bbs.sex002.xyz/plugin.php?id=tom_tchongbao:ajax&act=nitice_sms_hb_run&site=1&tongcheng_id=582&hongbao_id=63&page=89
[2018-10-04 19:38:57][debug] [sms]hongbao id:63
[2018-10-04 19:38:57][debug] [sms]page:89
[2018-10-04 19:38:57][debug] [sms]client IP:118.89.52.235
[2018-10-04 19:38:57][debug] [sms]start:1538653137
[2018-10-04 19:39:01][debug] [sms]all num:10
[2018-10-04 19:39:01][debug] [sms]run num:10
[2018-10-04 19:39:01][debug] [sms]ok num:5
[2018-10-04 19:39:01][debug] [sms]no num:0
[2018-10-04 19:39:01][debug] [sms]run time:4
[2018-10-04 19:39:01][debug] [sms]end:1538653141
[2018-10-04 19:39:01][debug] [sms]page:https://bbs.sex002.xyz/plugin.php?id=tom_tchongbao:ajax&act=nitice_sms_hb_run&site=1&tongcheng_id=582&hongbao_id=63&page=90
[2018-10-04 19:39:02][debug] [sms]hongbao id:63
[2018-10-04 19:39:02][debug] [sms]page:90
[2018-10-04 19:39:02][debug] [sms]client IP:118.89.52.235
[2018-10-04 19:39:02][debug] [sms]start:1538653142
[2018-10-04 19:39:06][debug] [sms]all num:10
[2018-10-04 19:39:06][debug] [sms]run num:10
[2018-10-04 19:39:06][debug] [sms]ok num:0
[2018-10-04 19:39:06][debug] [sms]no num:0
[2018-10-04 19:39:06][debug] [sms]run time:4
[2018-10-04 19:39:06][debug] [sms]end:1538653146
[2018-10-04 19:39:06][debug] [sms]page:https://bbs.sex002.xyz/plugin.php?id=tom_tchongbao:ajax&act=nitice_sms_hb_run&site=1&tongcheng_id=582&hongbao_id=63&page=91
[2018-10-04 19:39:06][debug] [sms]hongbao id:63
[2018-10-04 19:39:06][debug] [sms]page:91
[2018-10-04 19:39:06][debug] [sms]client IP:118.89.52.235
[2018-10-04 19:39:06][debug] [sms]start:1538653146
[2018-10-04 19:39:09][debug] [sms]all num:10
[2018-10-04 19:39:09][debug] [sms]run num:9
[2018-10-04 19:39:09][debug] [sms]ok num:4
[2018-10-04 19:39:09][debug] [sms]no num:0
[2018-10-04 19:39:09][debug] [sms]run time:3
[2018-10-04 19:39:09][debug] [sms]end:1538653149
[2018-10-04 19:39:09][debug] [sms]page:https://bbs.sex002.xyz/plugin.php?id=tom_tchongbao:ajax&act=nitice_sms_hb_run&site=1&tongcheng_id=582&hongbao_id=63&page=92
[2018-10-04 19:39:09][debug] [sms]hongbao id:63
[2018-10-04 19:39:09][debug] [sms]page:92
[2018-10-04 19:39:09][debug] [sms]client IP:118.89.52.235
[2018-10-04 19:39:09][debug] [sms]start:1538653149
[2018-10-04 19:39:12][debug] [sms]all num:10
[2018-10-04 19:39:12][debug] [sms]run num:10
[2018-10-04 19:39:12][debug] [sms]ok num:3
[2018-10-04 19:39:12][debug] [sms]no num:0
[2018-10-04 19:39:12][debug] [sms]run time:3
[2018-10-04 19:39:12][debug] [sms]end:1538653152
[2018-10-04 19:39:12][debug] [sms]page:https://bbs.sex002.xyz/plugin.php?id=tom_tchongbao:ajax&act=nitice_sms_hb_run&site=1&tongcheng_id=582&hongbao_id=63&page=93
[2018-10-04 19:39:12][debug] [sms]hongbao id:63
[2018-10-04 19:39:12][debug] [sms]page:93
[2018-10-04 19:39:12][debug] [sms]client IP:118.89.52.235
[2018-10-04 19:39:12][debug] [sms]start:1538653152
[2018-10-04 19:39:16][debug] [sms]all num:10
[2018-10-04 19:39:16][debug] [sms]run num:10
[2018-10-04 19:39:16][debug] [sms]ok num:4
[2018-10-04 19:39:16][debug] [sms]no num:0
[2018-10-04 19:39:16][debug] [sms]run time:4
[2018-10-04 19:39:16][debug] [sms]end:1538653156
[2018-10-04 19:39:16][debug] [sms]page:https://bbs.sex002.xyz/plugin.php?id=tom_tchongbao:ajax&act=nitice_sms_hb_run&site=1&tongcheng_id=582&hongbao_id=63&page=94
[2018-10-04 19:39:16][debug] [sms]hongbao id:63
[2018-10-04 19:39:16][debug] [sms]page:94
[2018-10-04 19:39:16][debug] [sms]client IP:118.89.52.235
[2018-10-04 19:39:16][debug] [sms]start:1538653156
[2018-10-04 19:39:19][debug] [sms]all num:10
[2018-10-04 19:39:19][debug] [sms]run num:10
[2018-10-04 19:39:19][debug] [sms]ok num:3
[2018-10-04 19:39:19][debug] [sms]no num:0
[2018-10-04 19:39:19][debug] [sms]run time:3
[2018-10-04 19:39:19][debug] [sms]end:1538653159
[2018-10-04 19:39:19][debug] [sms]page:https://bbs.sex002.xyz/plugin.php?id=tom_tchongbao:ajax&act=nitice_sms_hb_run&site=1&tongcheng_id=582&hongbao_id=63&page=95
[2018-10-04 19:39:19][debug] [sms]hongbao id:63
[2018-10-04 19:39:19][debug] [sms]page:95
[2018-10-04 19:39:19][debug] [sms]client IP:118.89.52.235
[2018-10-04 19:39:19][debug] [sms]start:1538653159
[2018-10-04 19:39:22][debug] [sms]all num:10
[2018-10-04 19:39:22][debug] [sms]run num:10
[2018-10-04 19:39:22][debug] [sms]ok num:6
[2018-10-04 19:39:22][debug] [sms]no num:0
[2018-10-04 19:39:22][debug] [sms]run time:3
[2018-10-04 19:39:22][debug] [sms]end:1538653162
[2018-10-04 19:39:22][debug] [sms]page:https://bbs.sex002.xyz/plugin.php?id=tom_tchongbao:ajax&act=nitice_sms_hb_run&site=1&tongcheng_id=582&hongbao_id=63&page=96
[2018-10-04 19:39:22][debug] [sms]hongbao id:63
[2018-10-04 19:39:22][debug] [sms]page:96
[2018-10-04 19:39:22][debug] [sms]client IP:118.89.52.235
[2018-10-04 19:39:22][debug] [sms]start:1538653162
[2018-10-04 19:39:26][debug] [sms]all num:10
[2018-10-04 19:39:26][debug] [sms]run num:10
[2018-10-04 19:39:26][debug] [sms]ok num:4
[2018-10-04 19:39:26][debug] [sms]no num:0
[2018-10-04 19:39:26][debug] [sms]run time:4
[2018-10-04 19:39:26][debug] [sms]end:1538653166
[2018-10-04 19:39:26][debug] [sms]page:https://bbs.sex002.xyz/plugin.php?id=tom_tchongbao:ajax&act=nitice_sms_hb_run&site=1&tongcheng_id=582&hongbao_id=63&page=97
[2018-10-04 19:39:26][debug] [sms]hongbao id:63
[2018-10-04 19:39:26][debug] [sms]page:97
[2018-10-04 19:39:26][debug] [sms]client IP:118.89.52.235
[2018-10-04 19:39:26][debug] [sms]start:1538653166
[2018-10-04 19:39:29][debug] [sms]all num:10
[2018-10-04 19:39:29][debug] [sms]run num:10
[2018-10-04 19:39:29][debug] [sms]ok num:3
[2018-10-04 19:39:29][debug] [sms]no num:0
[2018-10-04 19:39:29][debug] [sms]run time:3
[2018-10-04 19:39:29][debug] [sms]end:1538653169
[2018-10-04 19:39:29][debug] [sms]page:https://bbs.sex002.xyz/plugin.php?id=tom_tchongbao:ajax&act=nitice_sms_hb_run&site=1&tongcheng_id=582&hongbao_id=63&page=98
[2018-10-04 19:39:29][debug] [sms]hongbao id:63
[2018-10-04 19:39:29][debug] [sms]page:98
[2018-10-04 19:39:29][debug] [sms]client IP:118.89.52.235
[2018-10-04 19:39:29][debug] [sms]start:1538653169
[2018-10-04 19:39:33][debug] [sms]all num:10
[2018-10-04 19:39:33][debug] [sms]run num:10
[2018-10-04 19:39:33][debug] [sms]ok num:5
[2018-10-04 19:39:33][debug] [sms]no num:0
[2018-10-04 19:39:33][debug] [sms]run time:4
[2018-10-04 19:39:33][debug] [sms]end:1538653173
[2018-10-04 19:39:33][debug] [sms]page:https://bbs.sex002.xyz/plugin.php?id=tom_tchongbao:ajax&act=nitice_sms_hb_run&site=1&tongcheng_id=582&hongbao_id=63&page=99
[2018-10-04 19:39:33][debug] [sms]hongbao id:63
[2018-10-04 19:39:33][debug] [sms]page:99
[2018-10-04 19:39:33][debug] [sms]client IP:118.89.52.235
[2018-10-04 19:39:33][debug] [sms]start:1538653173
[2018-10-04 19:39:36][debug] [sms]all num:10
[2018-10-04 19:39:36][debug] [sms]run num:10
[2018-10-04 19:39:36][debug] [sms]ok num:1
[2018-10-04 19:39:36][debug] [sms]no num:0
[2018-10-04 19:39:36][debug] [sms]run time:3
[2018-10-04 19:39:36][debug] [sms]end:1538653176
[2018-10-04 19:39:36][debug] [sms]page:https://bbs.sex002.xyz/plugin.php?id=tom_tchongbao:ajax&act=nitice_sms_hb_run&site=1&tongcheng_id=582&hongbao_id=63&page=100
[2018-10-04 19:39:36][debug] [sms]hongbao id:63
[2018-10-04 19:39:36][debug] [sms]page:100
[2018-10-04 19:39:36][debug] [sms]client IP:118.89.52.235
[2018-10-04 19:39:36][debug] [sms]start:1538653176
[2018-10-04 19:39:39][debug] [sms]all num:10
[2018-10-04 19:39:39][debug] [sms]run num:9
[2018-10-04 19:39:39][debug] [sms]ok num:2
[2018-10-04 19:39:39][debug] [sms]no num:0
[2018-10-04 19:39:39][debug] [sms]run time:3
[2018-10-04 19:39:39][debug] [sms]end:1538653179
[2018-10-04 19:39:39][debug] [sms]page:https://bbs.sex002.xyz/plugin.php?id=tom_tchongbao:ajax&act=nitice_sms_hb_run&site=1&tongcheng_id=582&hongbao_id=63&page=101
[2018-10-04 19:39:40][debug] [sms]--------------------- over 101 -------------------------
