[2018-06-04 00:08:41][debug] [sms]--------------------- new -------------------------
[2018-06-04 00:08:41][debug] [sms]hongbao id:42
[2018-06-04 00:08:41][debug] [sms]page:1
[2018-06-04 00:08:41][debug] [sms]client IP:118.89.52.235
[2018-06-04 00:08:41][debug] [sms]start:1528042121
[2018-06-04 00:08:44][debug] [sms]all num:10
[2018-06-04 00:08:44][debug] [sms]run num:10
[2018-06-04 00:08:44][debug] [sms]ok num:9
[2018-06-04 00:08:44][debug] [sms]no num:0
[2018-06-04 00:08:44][debug] [sms]run time:3
[2018-06-04 00:08:44][debug] [sms]end:1528042124
[2018-06-04 00:08:44][debug] [sms]page:https://bbs.bivfw.top/plugin.php?id=tom_tchongbao:ajax&act=nitice_sms_hb_run&site=1&tongcheng_id=327&hongbao_id=42&page=2
[2018-06-04 00:08:45][debug] [sms]hongbao id:42
[2018-06-04 00:08:45][debug] [sms]page:2
[2018-06-04 00:08:45][debug] [sms]client IP:118.89.52.235
[2018-06-04 00:08:45][debug] [sms]start:1528042125
[2018-06-04 00:08:48][debug] [sms]all num:10
[2018-06-04 00:08:48][debug] [sms]run num:10
[2018-06-04 00:08:48][debug] [sms]ok num:7
[2018-06-04 00:08:48][debug] [sms]no num:0
[2018-06-04 00:08:48][debug] [sms]run time:3
[2018-06-04 00:08:48][debug] [sms]end:1528042128
[2018-06-04 00:08:48][debug] [sms]page:https://bbs.bivfw.top/plugin.php?id=tom_tchongbao:ajax&act=nitice_sms_hb_run&site=1&tongcheng_id=327&hongbao_id=42&page=3
[2018-06-04 00:08:48][debug] [sms]hongbao id:42
[2018-06-04 00:08:48][debug] [sms]page:3
[2018-06-04 00:08:48][debug] [sms]client IP:118.89.52.235
[2018-06-04 00:08:48][debug] [sms]start:1528042128
[2018-06-04 00:08:52][debug] [sms]all num:10
[2018-06-04 00:08:52][debug] [sms]run num:10
[2018-06-04 00:08:52][debug] [sms]ok num:9
[2018-06-04 00:08:52][debug] [sms]no num:0
[2018-06-04 00:08:52][debug] [sms]run time:4
[2018-06-04 00:08:52][debug] [sms]end:1528042132
[2018-06-04 00:08:52][debug] [sms]page:https://bbs.bivfw.top/plugin.php?id=tom_tchongbao:ajax&act=nitice_sms_hb_run&site=1&tongcheng_id=327&hongbao_id=42&page=4
[2018-06-04 00:08:52][debug] [sms]hongbao id:42
[2018-06-04 00:08:52][debug] [sms]page:4
[2018-06-04 00:08:52][debug] [sms]client IP:118.89.52.235
[2018-06-04 00:08:52][debug] [sms]start:1528042132
[2018-06-04 00:08:55][debug] [sms]all num:10
[2018-06-04 00:08:55][debug] [sms]run num:10
[2018-06-04 00:08:55][debug] [sms]ok num:10
[2018-06-04 00:08:55][debug] [sms]no num:0
[2018-06-04 00:08:55][debug] [sms]run time:3
[2018-06-04 00:08:55][debug] [sms]end:1528042135
[2018-06-04 00:08:55][debug] [sms]page:https://bbs.bivfw.top/plugin.php?id=tom_tchongbao:ajax&act=nitice_sms_hb_run&site=1&tongcheng_id=327&hongbao_id=42&page=5
[2018-06-04 00:08:55][debug] [sms]hongbao id:42
[2018-06-04 00:08:55][debug] [sms]page:5
[2018-06-04 00:08:55][debug] [sms]client IP:118.89.52.235
[2018-06-04 00:08:55][debug] [sms]start:1528042135
[2018-06-04 00:08:58][debug] [sms]all num:10
[2018-06-04 00:08:58][debug] [sms]run num:10
[2018-06-04 00:08:58][debug] [sms]ok num:10
[2018-06-04 00:08:58][debug] [sms]no num:0
[2018-06-04 00:08:58][debug] [sms]run time:3
[2018-06-04 00:08:58][debug] [sms]end:1528042138
[2018-06-04 00:08:58][debug] [sms]page:https://bbs.bivfw.top/plugin.php?id=tom_tchongbao:ajax&act=nitice_sms_hb_run&site=1&tongcheng_id=327&hongbao_id=42&page=6
[2018-06-04 00:08:59][debug] [sms]hongbao id:42
[2018-06-04 00:08:59][debug] [sms]page:6
[2018-06-04 00:08:59][debug] [sms]client IP:118.89.52.235
[2018-06-04 00:08:59][debug] [sms]start:1528042139
[2018-06-04 00:09:02][debug] [sms]all num:10
[2018-06-04 00:09:02][debug] [sms]run num:10
[2018-06-04 00:09:02][debug] [sms]ok num:9
[2018-06-04 00:09:02][debug] [sms]no num:0
[2018-06-04 00:09:02][debug] [sms]run time:3
[2018-06-04 00:09:02][debug] [sms]end:1528042142
[2018-06-04 00:09:02][debug] [sms]page:https://bbs.bivfw.top/plugin.php?id=tom_tchongbao:ajax&act=nitice_sms_hb_run&site=1&tongcheng_id=327&hongbao_id=42&page=7
[2018-06-04 00:09:02][debug] [sms]hongbao id:42
[2018-06-04 00:09:02][debug] [sms]page:7
[2018-06-04 00:09:02][debug] [sms]client IP:118.89.52.235
[2018-06-04 00:09:02][debug] [sms]start:1528042142
[2018-06-04 00:09:06][debug] [sms]all num:10
[2018-06-04 00:09:06][debug] [sms]run num:10
[2018-06-04 00:09:06][debug] [sms]ok num:9
[2018-06-04 00:09:06][debug] [sms]no num:0
[2018-06-04 00:09:06][debug] [sms]run time:4
[2018-06-04 00:09:06][debug] [sms]end:1528042146
[2018-06-04 00:09:06][debug] [sms]page:https://bbs.bivfw.top/plugin.php?id=tom_tchongbao:ajax&act=nitice_sms_hb_run&site=1&tongcheng_id=327&hongbao_id=42&page=8
[2018-06-04 00:09:06][debug] [sms]hongbao id:42
[2018-06-04 00:09:06][debug] [sms]page:8
[2018-06-04 00:09:06][debug] [sms]client IP:118.89.52.235
[2018-06-04 00:09:06][debug] [sms]start:1528042146
[2018-06-04 00:09:09][debug] [sms]all num:10
[2018-06-04 00:09:09][debug] [sms]run num:10
[2018-06-04 00:09:09][debug] [sms]ok num:10
[2018-06-04 00:09:09][debug] [sms]no num:0
[2018-06-04 00:09:09][debug] [sms]run time:3
[2018-06-04 00:09:09][debug] [sms]end:1528042149
[2018-06-04 00:09:09][debug] [sms]page:https://bbs.bivfw.top/plugin.php?id=tom_tchongbao:ajax&act=nitice_sms_hb_run&site=1&tongcheng_id=327&hongbao_id=42&page=9
[2018-06-04 00:09:10][debug] [sms]hongbao id:42
[2018-06-04 00:09:10][debug] [sms]page:9
[2018-06-04 00:09:10][debug] [sms]client IP:118.89.52.235
[2018-06-04 00:09:10][debug] [sms]start:1528042150
[2018-06-04 00:09:13][debug] [sms]all num:10
[2018-06-04 00:09:13][debug] [sms]run num:10
[2018-06-04 00:09:13][debug] [sms]ok num:10
[2018-06-04 00:09:13][debug] [sms]no num:0
[2018-06-04 00:09:13][debug] [sms]run time:3
[2018-06-04 00:09:13][debug] [sms]end:1528042153
[2018-06-04 00:09:13][debug] [sms]page:https://bbs.bivfw.top/plugin.php?id=tom_tchongbao:ajax&act=nitice_sms_hb_run&site=1&tongcheng_id=327&hongbao_id=42&page=10
[2018-06-04 00:09:13][debug] [sms]hongbao id:42
[2018-06-04 00:09:13][debug] [sms]page:10
[2018-06-04 00:09:13][debug] [sms]client IP:118.89.52.235
[2018-06-04 00:09:13][debug] [sms]start:1528042153
[2018-06-04 00:09:16][debug] [sms]all num:10
[2018-06-04 00:09:16][debug] [sms]run num:10
[2018-06-04 00:09:16][debug] [sms]ok num:10
[2018-06-04 00:09:16][debug] [sms]no num:0
[2018-06-04 00:09:16][debug] [sms]run time:3
[2018-06-04 00:09:16][debug] [sms]end:1528042156
[2018-06-04 00:09:16][debug] [sms]page:https://bbs.bivfw.top/plugin.php?id=tom_tchongbao:ajax&act=nitice_sms_hb_run&site=1&tongcheng_id=327&hongbao_id=42&page=11
[2018-06-04 00:09:16][debug] [sms]hongbao id:42
[2018-06-04 00:09:16][debug] [sms]page:11
[2018-06-04 00:09:16][debug] [sms]client IP:118.89.52.235
[2018-06-04 00:09:16][debug] [sms]start:1528042156
[2018-06-04 00:09:20][debug] [sms]all num:10
[2018-06-04 00:09:20][debug] [sms]run num:10
[2018-06-04 00:09:20][debug] [sms]ok num:10
[2018-06-04 00:09:20][debug] [sms]no num:0
[2018-06-04 00:09:20][debug] [sms]run time:4
[2018-06-04 00:09:20][debug] [sms]end:1528042160
[2018-06-04 00:09:20][debug] [sms]page:https://bbs.bivfw.top/plugin.php?id=tom_tchongbao:ajax&act=nitice_sms_hb_run&site=1&tongcheng_id=327&hongbao_id=42&page=12
[2018-06-04 00:09:20][debug] [sms]hongbao id:42
[2018-06-04 00:09:20][debug] [sms]page:12
[2018-06-04 00:09:20][debug] [sms]client IP:118.89.52.235
[2018-06-04 00:09:20][debug] [sms]start:1528042160
[2018-06-04 00:09:23][debug] [sms]all num:10
[2018-06-04 00:09:23][debug] [sms]run num:10
[2018-06-04 00:09:23][debug] [sms]ok num:10
[2018-06-04 00:09:23][debug] [sms]no num:0
[2018-06-04 00:09:23][debug] [sms]run time:3
[2018-06-04 00:09:23][debug] [sms]end:1528042163
[2018-06-04 00:09:23][debug] [sms]page:https://bbs.bivfw.top/plugin.php?id=tom_tchongbao:ajax&act=nitice_sms_hb_run&site=1&tongcheng_id=327&hongbao_id=42&page=13
[2018-06-04 00:09:23][debug] [sms]hongbao id:42
[2018-06-04 00:09:23][debug] [sms]page:13
[2018-06-04 00:09:23][debug] [sms]client IP:118.89.52.235
[2018-06-04 00:09:23][debug] [sms]start:1528042163
[2018-06-04 00:09:26][debug] [sms]all num:10
[2018-06-04 00:09:26][debug] [sms]run num:10
[2018-06-04 00:09:26][debug] [sms]ok num:10
[2018-06-04 00:09:26][debug] [sms]no num:0
[2018-06-04 00:09:26][debug] [sms]run time:3
[2018-06-04 00:09:26][debug] [sms]end:1528042166
[2018-06-04 00:09:26][debug] [sms]page:https://bbs.bivfw.top/plugin.php?id=tom_tchongbao:ajax&act=nitice_sms_hb_run&site=1&tongcheng_id=327&hongbao_id=42&page=14
[2018-06-04 00:09:26][debug] [sms]hongbao id:42
[2018-06-04 00:09:26][debug] [sms]page:14
[2018-06-04 00:09:26][debug] [sms]client IP:118.89.52.235
[2018-06-04 00:09:26][debug] [sms]start:1528042166
[2018-06-04 00:09:30][debug] [sms]all num:10
[2018-06-04 00:09:30][debug] [sms]run num:10
[2018-06-04 00:09:30][debug] [sms]ok num:10
[2018-06-04 00:09:30][debug] [sms]no num:0
[2018-06-04 00:09:30][debug] [sms]run time:4
[2018-06-04 00:09:30][debug] [sms]end:1528042170
[2018-06-04 00:09:30][debug] [sms]page:https://bbs.bivfw.top/plugin.php?id=tom_tchongbao:ajax&act=nitice_sms_hb_run&site=1&tongcheng_id=327&hongbao_id=42&page=15
[2018-06-04 00:09:30][debug] [sms]hongbao id:42
[2018-06-04 00:09:30][debug] [sms]page:15
[2018-06-04 00:09:30][debug] [sms]client IP:118.89.52.235
[2018-06-04 00:09:30][debug] [sms]start:1528042170
[2018-06-04 00:09:33][debug] [sms]all num:10
[2018-06-04 00:09:33][debug] [sms]run num:10
[2018-06-04 00:09:33][debug] [sms]ok num:10
[2018-06-04 00:09:33][debug] [sms]no num:0
[2018-06-04 00:09:33][debug] [sms]run time:3
[2018-06-04 00:09:33][debug] [sms]end:1528042173
[2018-06-04 00:09:33][debug] [sms]page:https://bbs.bivfw.top/plugin.php?id=tom_tchongbao:ajax&act=nitice_sms_hb_run&site=1&tongcheng_id=327&hongbao_id=42&page=16
[2018-06-04 00:09:33][debug] [sms]hongbao id:42
[2018-06-04 00:09:33][debug] [sms]page:16
[2018-06-04 00:09:33][debug] [sms]client IP:118.89.52.235
[2018-06-04 00:09:33][debug] [sms]start:1528042173
[2018-06-04 00:09:36][debug] [sms]all num:10
[2018-06-04 00:09:36][debug] [sms]run num:10
[2018-06-04 00:09:36][debug] [sms]ok num:4
[2018-06-04 00:09:36][debug] [sms]no num:0
[2018-06-04 00:09:36][debug] [sms]run time:3
[2018-06-04 00:09:36][debug] [sms]end:1528042176
[2018-06-04 00:09:36][debug] [sms]page:https://bbs.bivfw.top/plugin.php?id=tom_tchongbao:ajax&act=nitice_sms_hb_run&site=1&tongcheng_id=327&hongbao_id=42&page=17
[2018-06-04 00:09:36][debug] [sms]hongbao id:42
[2018-06-04 00:09:36][debug] [sms]page:17
[2018-06-04 00:09:36][debug] [sms]client IP:118.89.52.235
[2018-06-04 00:09:36][debug] [sms]start:1528042176
[2018-06-04 00:09:39][debug] [sms]all num:10
[2018-06-04 00:09:39][debug] [sms]run num:10
[2018-06-04 00:09:39][debug] [sms]ok num:4
[2018-06-04 00:09:39][debug] [sms]no num:0
[2018-06-04 00:09:39][debug] [sms]run time:3
[2018-06-04 00:09:39][debug] [sms]end:1528042179
[2018-06-04 00:09:39][debug] [sms]page:https://bbs.bivfw.top/plugin.php?id=tom_tchongbao:ajax&act=nitice_sms_hb_run&site=1&tongcheng_id=327&hongbao_id=42&page=18
[2018-06-04 00:09:39][debug] [sms]hongbao id:42
[2018-06-04 00:09:39][debug] [sms]page:18
[2018-06-04 00:09:39][debug] [sms]client IP:118.89.52.235
[2018-06-04 00:09:39][debug] [sms]start:1528042179
[2018-06-04 00:09:42][debug] [sms]all num:10
[2018-06-04 00:09:42][debug] [sms]run num:9
[2018-06-04 00:09:42][debug] [sms]ok num:5
[2018-06-04 00:09:42][debug] [sms]no num:0
[2018-06-04 00:09:42][debug] [sms]run time:3
[2018-06-04 00:09:42][debug] [sms]end:1528042182
[2018-06-04 00:09:42][debug] [sms]page:https://bbs.bivfw.top/plugin.php?id=tom_tchongbao:ajax&act=nitice_sms_hb_run&site=1&tongcheng_id=327&hongbao_id=42&page=19
[2018-06-04 00:09:43][debug] [sms]hongbao id:42
[2018-06-04 00:09:43][debug] [sms]page:19
[2018-06-04 00:09:43][debug] [sms]client IP:118.89.52.235
[2018-06-04 00:09:43][debug] [sms]start:1528042183
[2018-06-04 00:09:45][debug] [sms]all num:10
[2018-06-04 00:09:45][debug] [sms]run num:9
[2018-06-04 00:09:45][debug] [sms]ok num:5
[2018-06-04 00:09:45][debug] [sms]no num:0
[2018-06-04 00:09:45][debug] [sms]run time:2
[2018-06-04 00:09:45][debug] [sms]end:1528042185
[2018-06-04 00:09:45][debug] [sms]page:https://bbs.bivfw.top/plugin.php?id=tom_tchongbao:ajax&act=nitice_sms_hb_run&site=1&tongcheng_id=327&hongbao_id=42&page=20
[2018-06-04 00:09:46][debug] [sms]hongbao id:42
[2018-06-04 00:09:46][debug] [sms]page:20
[2018-06-04 00:09:46][debug] [sms]client IP:118.89.52.235
[2018-06-04 00:09:46][debug] [sms]start:1528042186
[2018-06-04 00:09:49][debug] [sms]all num:10
[2018-06-04 00:09:49][debug] [sms]run num:10
[2018-06-04 00:09:49][debug] [sms]ok num:2
[2018-06-04 00:09:49][debug] [sms]no num:0
[2018-06-04 00:09:49][debug] [sms]run time:3
[2018-06-04 00:09:49][debug] [sms]end:1528042189
[2018-06-04 00:09:49][debug] [sms]page:https://bbs.bivfw.top/plugin.php?id=tom_tchongbao:ajax&act=nitice_sms_hb_run&site=1&tongcheng_id=327&hongbao_id=42&page=21
[2018-06-04 00:09:49][debug] [sms]hongbao id:42
[2018-06-04 00:09:49][debug] [sms]page:21
[2018-06-04 00:09:49][debug] [sms]client IP:118.89.52.235
[2018-06-04 00:09:49][debug] [sms]start:1528042189
[2018-06-04 00:09:52][debug] [sms]all num:10
[2018-06-04 00:09:52][debug] [sms]run num:10
[2018-06-04 00:09:52][debug] [sms]ok num:5
[2018-06-04 00:09:52][debug] [sms]no num:0
[2018-06-04 00:09:52][debug] [sms]run time:3
[2018-06-04 00:09:52][debug] [sms]end:1528042192
[2018-06-04 00:09:52][debug] [sms]page:https://bbs.bivfw.top/plugin.php?id=tom_tchongbao:ajax&act=nitice_sms_hb_run&site=1&tongcheng_id=327&hongbao_id=42&page=22
[2018-06-04 00:09:53][debug] [sms]hongbao id:42
[2018-06-04 00:09:53][debug] [sms]page:22
[2018-06-04 00:09:53][debug] [sms]client IP:118.89.52.235
[2018-06-04 00:09:53][debug] [sms]start:1528042193
[2018-06-04 00:09:56][debug] [sms]all num:10
[2018-06-04 00:09:56][debug] [sms]run num:10
[2018-06-04 00:09:56][debug] [sms]ok num:7
[2018-06-04 00:09:56][debug] [sms]no num:0
[2018-06-04 00:09:56][debug] [sms]run time:3
[2018-06-04 00:09:56][debug] [sms]end:1528042196
[2018-06-04 00:09:56][debug] [sms]page:https://bbs.bivfw.top/plugin.php?id=tom_tchongbao:ajax&act=nitice_sms_hb_run&site=1&tongcheng_id=327&hongbao_id=42&page=23
[2018-06-04 00:09:56][debug] [sms]hongbao id:42
[2018-06-04 00:09:56][debug] [sms]page:23
[2018-06-04 00:09:56][debug] [sms]client IP:118.89.52.235
[2018-06-04 00:09:56][debug] [sms]start:1528042196
[2018-06-04 00:09:59][debug] [sms]all num:10
[2018-06-04 00:09:59][debug] [sms]run num:10
[2018-06-04 00:09:59][debug] [sms]ok num:5
[2018-06-04 00:09:59][debug] [sms]no num:0
[2018-06-04 00:09:59][debug] [sms]run time:3
[2018-06-04 00:09:59][debug] [sms]end:1528042199
[2018-06-04 00:09:59][debug] [sms]page:https://bbs.bivfw.top/plugin.php?id=tom_tchongbao:ajax&act=nitice_sms_hb_run&site=1&tongcheng_id=327&hongbao_id=42&page=24
[2018-06-04 00:09:59][debug] [sms]hongbao id:42
[2018-06-04 00:09:59][debug] [sms]page:24
[2018-06-04 00:09:59][debug] [sms]client IP:118.89.52.235
[2018-06-04 00:09:59][debug] [sms]start:1528042199
[2018-06-04 00:10:02][debug] [sms]all num:10
[2018-06-04 00:10:02][debug] [sms]run num:10
[2018-06-04 00:10:02][debug] [sms]ok num:8
[2018-06-04 00:10:02][debug] [sms]no num:0
[2018-06-04 00:10:02][debug] [sms]run time:3
[2018-06-04 00:10:02][debug] [sms]end:1528042202
[2018-06-04 00:10:02][debug] [sms]page:https://bbs.bivfw.top/plugin.php?id=tom_tchongbao:ajax&act=nitice_sms_hb_run&site=1&tongcheng_id=327&hongbao_id=42&page=25
[2018-06-04 00:10:03][debug] [sms]hongbao id:42
[2018-06-04 00:10:03][debug] [sms]page:25
[2018-06-04 00:10:03][debug] [sms]client IP:118.89.52.235
[2018-06-04 00:10:03][debug] [sms]start:1528042203
[2018-06-04 00:10:06][debug] [sms]all num:10
[2018-06-04 00:10:06][debug] [sms]run num:10
[2018-06-04 00:10:06][debug] [sms]ok num:8
[2018-06-04 00:10:06][debug] [sms]no num:0
[2018-06-04 00:10:06][debug] [sms]run time:3
[2018-06-04 00:10:06][debug] [sms]end:1528042206
[2018-06-04 00:10:06][debug] [sms]page:https://bbs.bivfw.top/plugin.php?id=tom_tchongbao:ajax&act=nitice_sms_hb_run&site=1&tongcheng_id=327&hongbao_id=42&page=26
[2018-06-04 00:10:06][debug] [sms]hongbao id:42
[2018-06-04 00:10:06][debug] [sms]page:26
[2018-06-04 00:10:06][debug] [sms]client IP:118.89.52.235
[2018-06-04 00:10:06][debug] [sms]start:1528042206
[2018-06-04 00:10:09][debug] [sms]all num:10
[2018-06-04 00:10:09][debug] [sms]run num:9
[2018-06-04 00:10:09][debug] [sms]ok num:8
[2018-06-04 00:10:09][debug] [sms]no num:0
[2018-06-04 00:10:09][debug] [sms]run time:3
[2018-06-04 00:10:09][debug] [sms]end:1528042209
[2018-06-04 00:10:09][debug] [sms]page:https://bbs.bivfw.top/plugin.php?id=tom_tchongbao:ajax&act=nitice_sms_hb_run&site=1&tongcheng_id=327&hongbao_id=42&page=27
[2018-06-04 00:10:09][debug] [sms]hongbao id:42
[2018-06-04 00:10:09][debug] [sms]page:27
[2018-06-04 00:10:09][debug] [sms]client IP:118.89.52.235
[2018-06-04 00:10:09][debug] [sms]start:1528042209
[2018-06-04 00:10:12][debug] [sms]all num:10
[2018-06-04 00:10:12][debug] [sms]run num:10
[2018-06-04 00:10:12][debug] [sms]ok num:5
[2018-06-04 00:10:12][debug] [sms]no num:0
[2018-06-04 00:10:12][debug] [sms]run time:3
[2018-06-04 00:10:12][debug] [sms]end:1528042212
[2018-06-04 00:10:12][debug] [sms]page:https://bbs.bivfw.top/plugin.php?id=tom_tchongbao:ajax&act=nitice_sms_hb_run&site=1&tongcheng_id=327&hongbao_id=42&page=28
[2018-06-04 00:10:13][debug] [sms]hongbao id:42
[2018-06-04 00:10:13][debug] [sms]page:28
[2018-06-04 00:10:13][debug] [sms]client IP:118.89.52.235
[2018-06-04 00:10:13][debug] [sms]start:1528042213
[2018-06-04 00:10:16][debug] [sms]all num:10
[2018-06-04 00:10:16][debug] [sms]run num:10
[2018-06-04 00:10:16][debug] [sms]ok num:4
[2018-06-04 00:10:16][debug] [sms]no num:0
[2018-06-04 00:10:16][debug] [sms]run time:3
[2018-06-04 00:10:16][debug] [sms]end:1528042216
[2018-06-04 00:10:16][debug] [sms]page:https://bbs.bivfw.top/plugin.php?id=tom_tchongbao:ajax&act=nitice_sms_hb_run&site=1&tongcheng_id=327&hongbao_id=42&page=29
[2018-06-04 00:10:16][debug] [sms]hongbao id:42
[2018-06-04 00:10:16][debug] [sms]page:29
[2018-06-04 00:10:16][debug] [sms]client IP:118.89.52.235
[2018-06-04 00:10:16][debug] [sms]start:1528042216
[2018-06-04 00:10:19][debug] [sms]all num:10
[2018-06-04 00:10:19][debug] [sms]run num:10
[2018-06-04 00:10:19][debug] [sms]ok num:6
[2018-06-04 00:10:19][debug] [sms]no num:0
[2018-06-04 00:10:19][debug] [sms]run time:3
[2018-06-04 00:10:19][debug] [sms]end:1528042219
[2018-06-04 00:10:19][debug] [sms]page:https://bbs.bivfw.top/plugin.php?id=tom_tchongbao:ajax&act=nitice_sms_hb_run&site=1&tongcheng_id=327&hongbao_id=42&page=30
[2018-06-04 00:10:19][debug] [sms]hongbao id:42
[2018-06-04 00:10:19][debug] [sms]page:30
[2018-06-04 00:10:19][debug] [sms]client IP:118.89.52.235
[2018-06-04 00:10:19][debug] [sms]start:1528042219
[2018-06-04 00:10:22][debug] [sms]all num:10
[2018-06-04 00:10:22][debug] [sms]run num:10
[2018-06-04 00:10:22][debug] [sms]ok num:5
[2018-06-04 00:10:22][debug] [sms]no num:0
[2018-06-04 00:10:22][debug] [sms]run time:3
[2018-06-04 00:10:22][debug] [sms]end:1528042222
[2018-06-04 00:10:22][debug] [sms]page:https://bbs.bivfw.top/plugin.php?id=tom_tchongbao:ajax&act=nitice_sms_hb_run&site=1&tongcheng_id=327&hongbao_id=42&page=31
[2018-06-04 00:10:22][debug] [sms]hongbao id:42
[2018-06-04 00:10:22][debug] [sms]page:31
[2018-06-04 00:10:22][debug] [sms]client IP:118.89.52.235
[2018-06-04 00:10:22][debug] [sms]start:1528042222
[2018-06-04 00:10:25][debug] [sms]all num:10
[2018-06-04 00:10:25][debug] [sms]run num:10
[2018-06-04 00:10:25][debug] [sms]ok num:6
[2018-06-04 00:10:25][debug] [sms]no num:0
[2018-06-04 00:10:25][debug] [sms]run time:3
[2018-06-04 00:10:25][debug] [sms]end:1528042225
[2018-06-04 00:10:25][debug] [sms]page:https://bbs.bivfw.top/plugin.php?id=tom_tchongbao:ajax&act=nitice_sms_hb_run&site=1&tongcheng_id=327&hongbao_id=42&page=32
[2018-06-04 00:10:26][debug] [sms]hongbao id:42
[2018-06-04 00:10:26][debug] [sms]page:32
[2018-06-04 00:10:26][debug] [sms]client IP:118.89.52.235
[2018-06-04 00:10:26][debug] [sms]start:1528042226
[2018-06-04 00:10:30][debug] [sms]all num:10
[2018-06-04 00:10:30][debug] [sms]run num:10
[2018-06-04 00:10:30][debug] [sms]ok num:5
[2018-06-04 00:10:30][debug] [sms]no num:0
[2018-06-04 00:10:30][debug] [sms]run time:4
[2018-06-04 00:10:30][debug] [sms]end:1528042230
[2018-06-04 00:10:30][debug] [sms]page:https://bbs.bivfw.top/plugin.php?id=tom_tchongbao:ajax&act=nitice_sms_hb_run&site=1&tongcheng_id=327&hongbao_id=42&page=33
[2018-06-04 00:10:30][debug] [sms]hongbao id:42
[2018-06-04 00:10:30][debug] [sms]page:33
[2018-06-04 00:10:30][debug] [sms]client IP:118.89.52.235
[2018-06-04 00:10:30][debug] [sms]start:1528042230
[2018-06-04 00:10:33][debug] [sms]all num:10
[2018-06-04 00:10:33][debug] [sms]run num:10
[2018-06-04 00:10:33][debug] [sms]ok num:4
[2018-06-04 00:10:33][debug] [sms]no num:0
[2018-06-04 00:10:33][debug] [sms]run time:3
[2018-06-04 00:10:33][debug] [sms]end:1528042233
[2018-06-04 00:10:33][debug] [sms]page:https://bbs.bivfw.top/plugin.php?id=tom_tchongbao:ajax&act=nitice_sms_hb_run&site=1&tongcheng_id=327&hongbao_id=42&page=34
[2018-06-04 00:10:33][debug] [sms]hongbao id:42
[2018-06-04 00:10:33][debug] [sms]page:34
[2018-06-04 00:10:33][debug] [sms]client IP:118.89.52.235
[2018-06-04 00:10:33][debug] [sms]start:1528042233
[2018-06-04 00:10:37][debug] [sms]all num:10
[2018-06-04 00:10:37][debug] [sms]run num:10
[2018-06-04 00:10:37][debug] [sms]ok num:4
[2018-06-04 00:10:37][debug] [sms]no num:0
[2018-06-04 00:10:37][debug] [sms]run time:4
[2018-06-04 00:10:37][debug] [sms]end:1528042237
[2018-06-04 00:10:37][debug] [sms]page:https://bbs.bivfw.top/plugin.php?id=tom_tchongbao:ajax&act=nitice_sms_hb_run&site=1&tongcheng_id=327&hongbao_id=42&page=35
[2018-06-04 00:10:37][debug] [sms]hongbao id:42
[2018-06-04 00:10:37][debug] [sms]page:35
[2018-06-04 00:10:37][debug] [sms]client IP:118.89.52.235
[2018-06-04 00:10:37][debug] [sms]start:1528042237
[2018-06-04 00:10:40][debug] [sms]all num:10
[2018-06-04 00:10:40][debug] [sms]run num:10
[2018-06-04 00:10:40][debug] [sms]ok num:3
[2018-06-04 00:10:40][debug] [sms]no num:0
[2018-06-04 00:10:40][debug] [sms]run time:3
[2018-06-04 00:10:40][debug] [sms]end:1528042240
[2018-06-04 00:10:40][debug] [sms]page:https://bbs.bivfw.top/plugin.php?id=tom_tchongbao:ajax&act=nitice_sms_hb_run&site=1&tongcheng_id=327&hongbao_id=42&page=36
[2018-06-04 00:10:40][debug] [sms]hongbao id:42
[2018-06-04 00:10:40][debug] [sms]page:36
[2018-06-04 00:10:40][debug] [sms]client IP:118.89.52.235
[2018-06-04 00:10:40][debug] [sms]start:1528042240
[2018-06-04 00:10:43][debug] [sms]all num:10
[2018-06-04 00:10:43][debug] [sms]run num:9
[2018-06-04 00:10:43][debug] [sms]ok num:2
[2018-06-04 00:10:43][debug] [sms]no num:0
[2018-06-04 00:10:43][debug] [sms]run time:3
[2018-06-04 00:10:43][debug] [sms]end:1528042243
[2018-06-04 00:10:43][debug] [sms]page:https://bbs.bivfw.top/plugin.php?id=tom_tchongbao:ajax&act=nitice_sms_hb_run&site=1&tongcheng_id=327&hongbao_id=42&page=37
[2018-06-04 00:10:43][debug] [sms]hongbao id:42
[2018-06-04 00:10:43][debug] [sms]page:37
[2018-06-04 00:10:43][debug] [sms]client IP:118.89.52.235
[2018-06-04 00:10:43][debug] [sms]start:1528042243
[2018-06-04 00:10:46][debug] [sms]all num:10
[2018-06-04 00:10:46][debug] [sms]run num:10
[2018-06-04 00:10:46][debug] [sms]ok num:5
[2018-06-04 00:10:46][debug] [sms]no num:0
[2018-06-04 00:10:46][debug] [sms]run time:3
[2018-06-04 00:10:46][debug] [sms]end:1528042246
[2018-06-04 00:10:46][debug] [sms]page:https://bbs.bivfw.top/plugin.php?id=tom_tchongbao:ajax&act=nitice_sms_hb_run&site=1&tongcheng_id=327&hongbao_id=42&page=38
[2018-06-04 00:10:46][debug] [sms]hongbao id:42
[2018-06-04 00:10:46][debug] [sms]page:38
[2018-06-04 00:10:46][debug] [sms]client IP:118.89.52.235
[2018-06-04 00:10:46][debug] [sms]start:1528042246
[2018-06-04 00:10:50][debug] [sms]all num:10
[2018-06-04 00:10:50][debug] [sms]run num:10
[2018-06-04 00:10:50][debug] [sms]ok num:4
[2018-06-04 00:10:50][debug] [sms]no num:0
[2018-06-04 00:10:50][debug] [sms]run time:4
[2018-06-04 00:10:50][debug] [sms]end:1528042250
[2018-06-04 00:10:50][debug] [sms]page:https://bbs.bivfw.top/plugin.php?id=tom_tchongbao:ajax&act=nitice_sms_hb_run&site=1&tongcheng_id=327&hongbao_id=42&page=39
[2018-06-04 00:10:50][debug] [sms]hongbao id:42
[2018-06-04 00:10:50][debug] [sms]page:39
[2018-06-04 00:10:50][debug] [sms]client IP:118.89.52.235
[2018-06-04 00:10:50][debug] [sms]start:1528042250
[2018-06-04 00:10:53][debug] [sms]all num:10
[2018-06-04 00:10:53][debug] [sms]run num:10
[2018-06-04 00:10:53][debug] [sms]ok num:5
[2018-06-04 00:10:53][debug] [sms]no num:0
[2018-06-04 00:10:53][debug] [sms]run time:3
[2018-06-04 00:10:53][debug] [sms]end:1528042253
[2018-06-04 00:10:53][debug] [sms]page:https://bbs.bivfw.top/plugin.php?id=tom_tchongbao:ajax&act=nitice_sms_hb_run&site=1&tongcheng_id=327&hongbao_id=42&page=40
[2018-06-04 00:10:53][debug] [sms]hongbao id:42
[2018-06-04 00:10:53][debug] [sms]page:40
[2018-06-04 00:10:53][debug] [sms]client IP:118.89.52.235
[2018-06-04 00:10:53][debug] [sms]start:1528042253
[2018-06-04 00:10:56][debug] [sms]all num:10
[2018-06-04 00:10:56][debug] [sms]run num:10
[2018-06-04 00:10:56][debug] [sms]ok num:3
[2018-06-04 00:10:56][debug] [sms]no num:0
[2018-06-04 00:10:56][debug] [sms]run time:3
[2018-06-04 00:10:56][debug] [sms]end:1528042256
[2018-06-04 00:10:56][debug] [sms]page:https://bbs.bivfw.top/plugin.php?id=tom_tchongbao:ajax&act=nitice_sms_hb_run&site=1&tongcheng_id=327&hongbao_id=42&page=41
[2018-06-04 00:10:56][debug] [sms]hongbao id:42
[2018-06-04 00:10:56][debug] [sms]page:41
[2018-06-04 00:10:56][debug] [sms]client IP:118.89.52.235
[2018-06-04 00:10:56][debug] [sms]start:1528042256
[2018-06-04 00:10:59][debug] [sms]all num:10
[2018-06-04 00:10:59][debug] [sms]run num:9
[2018-06-04 00:10:59][debug] [sms]ok num:5
[2018-06-04 00:10:59][debug] [sms]no num:0
[2018-06-04 00:10:59][debug] [sms]run time:3
[2018-06-04 00:10:59][debug] [sms]end:1528042259
[2018-06-04 00:10:59][debug] [sms]page:https://bbs.bivfw.top/plugin.php?id=tom_tchongbao:ajax&act=nitice_sms_hb_run&site=1&tongcheng_id=327&hongbao_id=42&page=42
[2018-06-04 00:10:59][debug] [sms]hongbao id:42
[2018-06-04 00:10:59][debug] [sms]page:42
[2018-06-04 00:10:59][debug] [sms]client IP:118.89.52.235
[2018-06-04 00:10:59][debug] [sms]start:1528042259
[2018-06-04 00:11:02][debug] [sms]all num:10
[2018-06-04 00:11:02][debug] [sms]run num:10
[2018-06-04 00:11:02][debug] [sms]ok num:5
[2018-06-04 00:11:02][debug] [sms]no num:0
[2018-06-04 00:11:02][debug] [sms]run time:3
[2018-06-04 00:11:02][debug] [sms]end:1528042262
[2018-06-04 00:11:02][debug] [sms]page:https://bbs.bivfw.top/plugin.php?id=tom_tchongbao:ajax&act=nitice_sms_hb_run&site=1&tongcheng_id=327&hongbao_id=42&page=43
[2018-06-04 00:11:02][debug] [sms]hongbao id:42
[2018-06-04 00:11:02][debug] [sms]page:43
[2018-06-04 00:11:02][debug] [sms]client IP:118.89.52.235
[2018-06-04 00:11:02][debug] [sms]start:1528042262
[2018-06-04 00:11:05][debug] [sms]all num:10
[2018-06-04 00:11:05][debug] [sms]run num:9
[2018-06-04 00:11:05][debug] [sms]ok num:3
[2018-06-04 00:11:05][debug] [sms]no num:0
[2018-06-04 00:11:05][debug] [sms]run time:3
[2018-06-04 00:11:05][debug] [sms]end:1528042265
[2018-06-04 00:11:05][debug] [sms]page:https://bbs.bivfw.top/plugin.php?id=tom_tchongbao:ajax&act=nitice_sms_hb_run&site=1&tongcheng_id=327&hongbao_id=42&page=44
[2018-06-04 00:11:05][debug] [sms]hongbao id:42
[2018-06-04 00:11:05][debug] [sms]page:44
[2018-06-04 00:11:05][debug] [sms]client IP:118.89.52.235
[2018-06-04 00:11:05][debug] [sms]start:1528042265
[2018-06-04 00:11:08][debug] [sms]all num:10
[2018-06-04 00:11:08][debug] [sms]run num:10
[2018-06-04 00:11:08][debug] [sms]ok num:2
[2018-06-04 00:11:08][debug] [sms]no num:0
[2018-06-04 00:11:08][debug] [sms]run time:3
[2018-06-04 00:11:08][debug] [sms]end:1528042268
[2018-06-04 00:11:08][debug] [sms]page:https://bbs.bivfw.top/plugin.php?id=tom_tchongbao:ajax&act=nitice_sms_hb_run&site=1&tongcheng_id=327&hongbao_id=42&page=45
[2018-06-04 00:11:08][debug] [sms]hongbao id:42
[2018-06-04 00:11:08][debug] [sms]page:45
[2018-06-04 00:11:08][debug] [sms]client IP:118.89.52.235
[2018-06-04 00:11:08][debug] [sms]start:1528042268
[2018-06-04 00:11:12][debug] [sms]all num:10
[2018-06-04 00:11:12][debug] [sms]run num:10
[2018-06-04 00:11:12][debug] [sms]ok num:4
[2018-06-04 00:11:12][debug] [sms]no num:0
[2018-06-04 00:11:12][debug] [sms]run time:4
[2018-06-04 00:11:12][debug] [sms]end:1528042272
[2018-06-04 00:11:12][debug] [sms]page:https://bbs.bivfw.top/plugin.php?id=tom_tchongbao:ajax&act=nitice_sms_hb_run&site=1&tongcheng_id=327&hongbao_id=42&page=46
[2018-06-04 00:11:12][debug] [sms]hongbao id:42
[2018-06-04 00:11:12][debug] [sms]page:46
[2018-06-04 00:11:12][debug] [sms]client IP:118.89.52.235
[2018-06-04 00:11:12][debug] [sms]start:1528042272
[2018-06-04 00:11:15][debug] [sms]all num:10
[2018-06-04 00:11:15][debug] [sms]run num:10
[2018-06-04 00:11:15][debug] [sms]ok num:6
[2018-06-04 00:11:15][debug] [sms]no num:0
[2018-06-04 00:11:15][debug] [sms]run time:3
[2018-06-04 00:11:15][debug] [sms]end:1528042275
[2018-06-04 00:11:15][debug] [sms]page:https://bbs.bivfw.top/plugin.php?id=tom_tchongbao:ajax&act=nitice_sms_hb_run&site=1&tongcheng_id=327&hongbao_id=42&page=47
[2018-06-04 00:11:15][debug] [sms]hongbao id:42
[2018-06-04 00:11:15][debug] [sms]page:47
[2018-06-04 00:11:15][debug] [sms]client IP:118.89.52.235
[2018-06-04 00:11:15][debug] [sms]start:1528042275
[2018-06-04 00:11:18][debug] [sms]all num:10
[2018-06-04 00:11:18][debug] [sms]run num:10
[2018-06-04 00:11:18][debug] [sms]ok num:5
[2018-06-04 00:11:18][debug] [sms]no num:0
[2018-06-04 00:11:18][debug] [sms]run time:3
[2018-06-04 00:11:18][debug] [sms]end:1528042278
[2018-06-04 00:11:18][debug] [sms]page:https://bbs.bivfw.top/plugin.php?id=tom_tchongbao:ajax&act=nitice_sms_hb_run&site=1&tongcheng_id=327&hongbao_id=42&page=48
[2018-06-04 00:11:19][debug] [sms]hongbao id:42
[2018-06-04 00:11:19][debug] [sms]page:48
[2018-06-04 00:11:19][debug] [sms]client IP:118.89.52.235
[2018-06-04 00:11:19][debug] [sms]start:1528042279
[2018-06-04 00:11:22][debug] [sms]all num:10
[2018-06-04 00:11:22][debug] [sms]run num:10
[2018-06-04 00:11:22][debug] [sms]ok num:3
[2018-06-04 00:11:22][debug] [sms]no num:0
[2018-06-04 00:11:22][debug] [sms]run time:3
[2018-06-04 00:11:22][debug] [sms]end:1528042282
[2018-06-04 00:11:22][debug] [sms]page:https://bbs.bivfw.top/plugin.php?id=tom_tchongbao:ajax&act=nitice_sms_hb_run&site=1&tongcheng_id=327&hongbao_id=42&page=49
[2018-06-04 00:11:22][debug] [sms]hongbao id:42
[2018-06-04 00:11:22][debug] [sms]page:49
[2018-06-04 00:11:22][debug] [sms]client IP:118.89.52.235
[2018-06-04 00:11:22][debug] [sms]start:1528042282
[2018-06-04 00:11:25][debug] [sms]all num:10
[2018-06-04 00:11:25][debug] [sms]run num:10
[2018-06-04 00:11:25][debug] [sms]ok num:1
[2018-06-04 00:11:25][debug] [sms]no num:0
[2018-06-04 00:11:25][debug] [sms]run time:3
[2018-06-04 00:11:25][debug] [sms]end:1528042285
[2018-06-04 00:11:25][debug] [sms]page:https://bbs.bivfw.top/plugin.php?id=tom_tchongbao:ajax&act=nitice_sms_hb_run&site=1&tongcheng_id=327&hongbao_id=42&page=50
[2018-06-04 00:11:25][debug] [sms]hongbao id:42
[2018-06-04 00:11:25][debug] [sms]page:50
[2018-06-04 00:11:25][debug] [sms]client IP:118.89.52.235
[2018-06-04 00:11:25][debug] [sms]start:1528042285
[2018-06-04 00:11:28][debug] [sms]all num:10
[2018-06-04 00:11:28][debug] [sms]run num:10
[2018-06-04 00:11:28][debug] [sms]ok num:4
[2018-06-04 00:11:28][debug] [sms]no num:0
[2018-06-04 00:11:28][debug] [sms]run time:3
[2018-06-04 00:11:28][debug] [sms]end:1528042288
[2018-06-04 00:11:28][debug] [sms]page:https://bbs.bivfw.top/plugin.php?id=tom_tchongbao:ajax&act=nitice_sms_hb_run&site=1&tongcheng_id=327&hongbao_id=42&page=51
[2018-06-04 00:11:28][debug] [sms]hongbao id:42
[2018-06-04 00:11:28][debug] [sms]page:51
[2018-06-04 00:11:28][debug] [sms]client IP:118.89.52.235
[2018-06-04 00:11:28][debug] [sms]start:1528042288
[2018-06-04 00:11:31][debug] [sms]all num:10
[2018-06-04 00:11:31][debug] [sms]run num:10
[2018-06-04 00:11:31][debug] [sms]ok num:4
[2018-06-04 00:11:31][debug] [sms]no num:0
[2018-06-04 00:11:31][debug] [sms]run time:3
[2018-06-04 00:11:31][debug] [sms]end:1528042291
[2018-06-04 00:11:31][debug] [sms]page:https://bbs.bivfw.top/plugin.php?id=tom_tchongbao:ajax&act=nitice_sms_hb_run&site=1&tongcheng_id=327&hongbao_id=42&page=52
[2018-06-04 00:11:32][debug] [sms]hongbao id:42
[2018-06-04 00:11:32][debug] [sms]page:52
[2018-06-04 00:11:32][debug] [sms]client IP:118.89.52.235
[2018-06-04 00:11:32][debug] [sms]start:1528042292
[2018-06-04 00:11:35][debug] [sms]all num:10
[2018-06-04 00:11:35][debug] [sms]run num:10
[2018-06-04 00:11:35][debug] [sms]ok num:3
[2018-06-04 00:11:35][debug] [sms]no num:0
[2018-06-04 00:11:35][debug] [sms]run time:3
[2018-06-04 00:11:35][debug] [sms]end:1528042295
[2018-06-04 00:11:35][debug] [sms]page:https://bbs.bivfw.top/plugin.php?id=tom_tchongbao:ajax&act=nitice_sms_hb_run&site=1&tongcheng_id=327&hongbao_id=42&page=53
[2018-06-04 00:11:35][debug] [sms]hongbao id:42
[2018-06-04 00:11:35][debug] [sms]page:53
[2018-06-04 00:11:35][debug] [sms]client IP:118.89.52.235
[2018-06-04 00:11:35][debug] [sms]start:1528042295
[2018-06-04 00:11:38][debug] [sms]all num:10
[2018-06-04 00:11:38][debug] [sms]run num:10
[2018-06-04 00:11:38][debug] [sms]ok num:2
[2018-06-04 00:11:38][debug] [sms]no num:0
[2018-06-04 00:11:38][debug] [sms]run time:3
[2018-06-04 00:11:38][debug] [sms]end:1528042298
[2018-06-04 00:11:38][debug] [sms]page:https://bbs.bivfw.top/plugin.php?id=tom_tchongbao:ajax&act=nitice_sms_hb_run&site=1&tongcheng_id=327&hongbao_id=42&page=54
[2018-06-04 00:11:38][debug] [sms]hongbao id:42
[2018-06-04 00:11:38][debug] [sms]page:54
[2018-06-04 00:11:38][debug] [sms]client IP:118.89.52.235
[2018-06-04 00:11:38][debug] [sms]start:1528042298
[2018-06-04 00:11:41][debug] [sms]all num:10
[2018-06-04 00:11:41][debug] [sms]run num:9
[2018-06-04 00:11:41][debug] [sms]ok num:3
[2018-06-04 00:11:41][debug] [sms]no num:0
[2018-06-04 00:11:41][debug] [sms]run time:3
[2018-06-04 00:11:41][debug] [sms]end:1528042301
[2018-06-04 00:11:41][debug] [sms]page:https://bbs.bivfw.top/plugin.php?id=tom_tchongbao:ajax&act=nitice_sms_hb_run&site=1&tongcheng_id=327&hongbao_id=42&page=55
[2018-06-04 00:11:41][debug] [sms]hongbao id:42
[2018-06-04 00:11:41][debug] [sms]page:55
[2018-06-04 00:11:41][debug] [sms]client IP:118.89.52.235
[2018-06-04 00:11:41][debug] [sms]start:1528042301
[2018-06-04 00:11:44][debug] [sms]all num:10
[2018-06-04 00:11:44][debug] [sms]run num:10
[2018-06-04 00:11:44][debug] [sms]ok num:4
[2018-06-04 00:11:44][debug] [sms]no num:0
[2018-06-04 00:11:44][debug] [sms]run time:3
[2018-06-04 00:11:44][debug] [sms]end:1528042304
[2018-06-04 00:11:44][debug] [sms]page:https://bbs.bivfw.top/plugin.php?id=tom_tchongbao:ajax&act=nitice_sms_hb_run&site=1&tongcheng_id=327&hongbao_id=42&page=56
[2018-06-04 00:11:44][debug] [sms]hongbao id:42
[2018-06-04 00:11:44][debug] [sms]page:56
[2018-06-04 00:11:44][debug] [sms]client IP:118.89.52.235
[2018-06-04 00:11:44][debug] [sms]start:1528042304
[2018-06-04 00:11:47][debug] [sms]all num:10
[2018-06-04 00:11:47][debug] [sms]run num:9
[2018-06-04 00:11:47][debug] [sms]ok num:2
[2018-06-04 00:11:47][debug] [sms]no num:0
[2018-06-04 00:11:47][debug] [sms]run time:3
[2018-06-04 00:11:47][debug] [sms]end:1528042307
[2018-06-04 00:11:47][debug] [sms]page:https://bbs.bivfw.top/plugin.php?id=tom_tchongbao:ajax&act=nitice_sms_hb_run&site=1&tongcheng_id=327&hongbao_id=42&page=57
[2018-06-04 00:11:47][debug] [sms]hongbao id:42
[2018-06-04 00:11:47][debug] [sms]page:57
[2018-06-04 00:11:47][debug] [sms]client IP:118.89.52.235
[2018-06-04 00:11:47][debug] [sms]start:1528042307
[2018-06-04 00:11:50][debug] [sms]all num:10
[2018-06-04 00:11:50][debug] [sms]run num:10
[2018-06-04 00:11:50][debug] [sms]ok num:4
[2018-06-04 00:11:50][debug] [sms]no num:0
[2018-06-04 00:11:50][debug] [sms]run time:3
[2018-06-04 00:11:50][debug] [sms]end:1528042310
[2018-06-04 00:11:50][debug] [sms]page:https://bbs.bivfw.top/plugin.php?id=tom_tchongbao:ajax&act=nitice_sms_hb_run&site=1&tongcheng_id=327&hongbao_id=42&page=58
[2018-06-04 00:11:51][debug] [sms]hongbao id:42
[2018-06-04 00:11:51][debug] [sms]page:58
[2018-06-04 00:11:51][debug] [sms]client IP:118.89.52.235
[2018-06-04 00:11:51][debug] [sms]start:1528042311
[2018-06-04 00:11:53][debug] [sms]all num:10
[2018-06-04 00:11:53][debug] [sms]run num:9
[2018-06-04 00:11:53][debug] [sms]ok num:2
[2018-06-04 00:11:53][debug] [sms]no num:0
[2018-06-04 00:11:53][debug] [sms]run time:2
[2018-06-04 00:11:53][debug] [sms]end:1528042313
[2018-06-04 00:11:53][debug] [sms]page:https://bbs.bivfw.top/plugin.php?id=tom_tchongbao:ajax&act=nitice_sms_hb_run&site=1&tongcheng_id=327&hongbao_id=42&page=59
[2018-06-04 00:11:54][debug] [sms]hongbao id:42
[2018-06-04 00:11:54][debug] [sms]page:59
[2018-06-04 00:11:54][debug] [sms]client IP:118.89.52.235
[2018-06-04 00:11:54][debug] [sms]start:1528042314
[2018-06-04 00:11:57][debug] [sms]all num:10
[2018-06-04 00:11:57][debug] [sms]run num:10
[2018-06-04 00:11:57][debug] [sms]ok num:3
[2018-06-04 00:11:57][debug] [sms]no num:0
[2018-06-04 00:11:57][debug] [sms]run time:3
[2018-06-04 00:11:57][debug] [sms]end:1528042317
[2018-06-04 00:11:57][debug] [sms]page:https://bbs.bivfw.top/plugin.php?id=tom_tchongbao:ajax&act=nitice_sms_hb_run&site=1&tongcheng_id=327&hongbao_id=42&page=60
[2018-06-04 00:11:57][debug] [sms]hongbao id:42
[2018-06-04 00:11:57][debug] [sms]page:60
[2018-06-04 00:11:57][debug] [sms]client IP:118.89.52.235
[2018-06-04 00:11:57][debug] [sms]start:1528042317
[2018-06-04 00:12:00][debug] [sms]all num:10
[2018-06-04 00:12:00][debug] [sms]run num:10
[2018-06-04 00:12:00][debug] [sms]ok num:5
[2018-06-04 00:12:00][debug] [sms]no num:0
[2018-06-04 00:12:00][debug] [sms]run time:3
[2018-06-04 00:12:00][debug] [sms]end:1528042320
[2018-06-04 00:12:00][debug] [sms]page:https://bbs.bivfw.top/plugin.php?id=tom_tchongbao:ajax&act=nitice_sms_hb_run&site=1&tongcheng_id=327&hongbao_id=42&page=61
[2018-06-04 00:12:00][debug] [sms]hongbao id:42
[2018-06-04 00:12:00][debug] [sms]page:61
[2018-06-04 00:12:00][debug] [sms]client IP:118.89.52.235
[2018-06-04 00:12:00][debug] [sms]start:1528042320
[2018-06-04 00:12:03][debug] [sms]all num:10
[2018-06-04 00:12:03][debug] [sms]run num:10
[2018-06-04 00:12:03][debug] [sms]ok num:4
[2018-06-04 00:12:03][debug] [sms]no num:0
[2018-06-04 00:12:03][debug] [sms]run time:3
[2018-06-04 00:12:03][debug] [sms]end:1528042323
[2018-06-04 00:12:03][debug] [sms]page:https://bbs.bivfw.top/plugin.php?id=tom_tchongbao:ajax&act=nitice_sms_hb_run&site=1&tongcheng_id=327&hongbao_id=42&page=62
[2018-06-04 00:12:03][debug] [sms]hongbao id:42
[2018-06-04 00:12:03][debug] [sms]page:62
[2018-06-04 00:12:03][debug] [sms]client IP:118.89.52.235
[2018-06-04 00:12:03][debug] [sms]start:1528042323
[2018-06-04 00:12:07][debug] [sms]all num:10
[2018-06-04 00:12:07][debug] [sms]run num:10
[2018-06-04 00:12:07][debug] [sms]ok num:3
[2018-06-04 00:12:07][debug] [sms]no num:0
[2018-06-04 00:12:07][debug] [sms]run time:4
[2018-06-04 00:12:07][debug] [sms]end:1528042327
[2018-06-04 00:12:07][debug] [sms]page:https://bbs.bivfw.top/plugin.php?id=tom_tchongbao:ajax&act=nitice_sms_hb_run&site=1&tongcheng_id=327&hongbao_id=42&page=63
[2018-06-04 00:12:07][debug] [sms]hongbao id:42
[2018-06-04 00:12:07][debug] [sms]page:63
[2018-06-04 00:12:07][debug] [sms]client IP:118.89.52.235
[2018-06-04 00:12:07][debug] [sms]start:1528042327
[2018-06-04 00:12:10][debug] [sms]all num:10
[2018-06-04 00:12:10][debug] [sms]run num:10
[2018-06-04 00:12:10][debug] [sms]ok num:0
[2018-06-04 00:12:10][debug] [sms]no num:0
[2018-06-04 00:12:10][debug] [sms]run time:3
[2018-06-04 00:12:10][debug] [sms]end:1528042330
[2018-06-04 00:12:10][debug] [sms]page:https://bbs.bivfw.top/plugin.php?id=tom_tchongbao:ajax&act=nitice_sms_hb_run&site=1&tongcheng_id=327&hongbao_id=42&page=64
[2018-06-04 00:12:10][debug] [sms]hongbao id:42
[2018-06-04 00:12:10][debug] [sms]page:64
[2018-06-04 00:12:10][debug] [sms]client IP:118.89.52.235
[2018-06-04 00:12:10][debug] [sms]start:1528042330
[2018-06-04 00:12:13][debug] [sms]all num:10
[2018-06-04 00:12:13][debug] [sms]run num:10
[2018-06-04 00:12:13][debug] [sms]ok num:1
[2018-06-04 00:12:13][debug] [sms]no num:0
[2018-06-04 00:12:13][debug] [sms]run time:3
[2018-06-04 00:12:13][debug] [sms]end:1528042333
[2018-06-04 00:12:13][debug] [sms]page:https://bbs.bivfw.top/plugin.php?id=tom_tchongbao:ajax&act=nitice_sms_hb_run&site=1&tongcheng_id=327&hongbao_id=42&page=65
[2018-06-04 00:12:14][debug] [sms]hongbao id:42
[2018-06-04 00:12:14][debug] [sms]page:65
[2018-06-04 00:12:14][debug] [sms]client IP:118.89.52.235
[2018-06-04 00:12:14][debug] [sms]start:1528042334
[2018-06-04 00:12:17][debug] [sms]all num:10
[2018-06-04 00:12:17][debug] [sms]run num:10
[2018-06-04 00:12:17][debug] [sms]ok num:3
[2018-06-04 00:12:17][debug] [sms]no num:0
[2018-06-04 00:12:17][debug] [sms]run time:3
[2018-06-04 00:12:17][debug] [sms]end:1528042337
[2018-06-04 00:12:17][debug] [sms]page:https://bbs.bivfw.top/plugin.php?id=tom_tchongbao:ajax&act=nitice_sms_hb_run&site=1&tongcheng_id=327&hongbao_id=42&page=66
[2018-06-04 00:12:17][debug] [sms]hongbao id:42
[2018-06-04 00:12:17][debug] [sms]page:66
[2018-06-04 00:12:17][debug] [sms]client IP:118.89.52.235
[2018-06-04 00:12:17][debug] [sms]start:1528042337
[2018-06-04 00:12:20][debug] [sms]all num:10
[2018-06-04 00:12:20][debug] [sms]run num:9
[2018-06-04 00:12:20][debug] [sms]ok num:4
[2018-06-04 00:12:20][debug] [sms]no num:0
[2018-06-04 00:12:20][debug] [sms]run time:3
[2018-06-04 00:12:20][debug] [sms]end:1528042340
[2018-06-04 00:12:20][debug] [sms]page:https://bbs.bivfw.top/plugin.php?id=tom_tchongbao:ajax&act=nitice_sms_hb_run&site=1&tongcheng_id=327&hongbao_id=42&page=67
[2018-06-04 00:12:20][debug] [sms]hongbao id:42
[2018-06-04 00:12:20][debug] [sms]page:67
[2018-06-04 00:12:20][debug] [sms]client IP:118.89.52.235
[2018-06-04 00:12:20][debug] [sms]start:1528042340
[2018-06-04 00:12:23][debug] [sms]all num:10
[2018-06-04 00:12:23][debug] [sms]run num:10
[2018-06-04 00:12:23][debug] [sms]ok num:7
[2018-06-04 00:12:23][debug] [sms]no num:0
[2018-06-04 00:12:23][debug] [sms]run time:3
[2018-06-04 00:12:23][debug] [sms]end:1528042343
[2018-06-04 00:12:23][debug] [sms]page:https://bbs.bivfw.top/plugin.php?id=tom_tchongbao:ajax&act=nitice_sms_hb_run&site=1&tongcheng_id=327&hongbao_id=42&page=68
[2018-06-04 00:12:23][debug] [sms]hongbao id:42
[2018-06-04 00:12:23][debug] [sms]page:68
[2018-06-04 00:12:23][debug] [sms]client IP:118.89.52.235
[2018-06-04 00:12:23][debug] [sms]start:1528042343
[2018-06-04 00:12:26][debug] [sms]all num:10
[2018-06-04 00:12:26][debug] [sms]run num:10
[2018-06-04 00:12:26][debug] [sms]ok num:5
[2018-06-04 00:12:26][debug] [sms]no num:0
[2018-06-04 00:12:26][debug] [sms]run time:3
[2018-06-04 00:12:26][debug] [sms]end:1528042346
[2018-06-04 00:12:26][debug] [sms]page:https://bbs.bivfw.top/plugin.php?id=tom_tchongbao:ajax&act=nitice_sms_hb_run&site=1&tongcheng_id=327&hongbao_id=42&page=69
[2018-06-04 00:12:26][debug] [sms]hongbao id:42
[2018-06-04 00:12:26][debug] [sms]page:69
[2018-06-04 00:12:26][debug] [sms]client IP:118.89.52.235
[2018-06-04 00:12:26][debug] [sms]start:1528042346
[2018-06-04 00:12:30][debug] [sms]all num:10
[2018-06-04 00:12:30][debug] [sms]run num:10
[2018-06-04 00:12:30][debug] [sms]ok num:4
[2018-06-04 00:12:30][debug] [sms]no num:0
[2018-06-04 00:12:30][debug] [sms]run time:4
[2018-06-04 00:12:30][debug] [sms]end:1528042350
[2018-06-04 00:12:30][debug] [sms]page:https://bbs.bivfw.top/plugin.php?id=tom_tchongbao:ajax&act=nitice_sms_hb_run&site=1&tongcheng_id=327&hongbao_id=42&page=70
[2018-06-04 00:12:30][debug] [sms]hongbao id:42
[2018-06-04 00:12:30][debug] [sms]page:70
[2018-06-04 00:12:30][debug] [sms]client IP:118.89.52.235
[2018-06-04 00:12:30][debug] [sms]start:1528042350
[2018-06-04 00:12:33][debug] [sms]all num:10
[2018-06-04 00:12:33][debug] [sms]run num:10
[2018-06-04 00:12:33][debug] [sms]ok num:4
[2018-06-04 00:12:33][debug] [sms]no num:0
[2018-06-04 00:12:33][debug] [sms]run time:3
[2018-06-04 00:12:33][debug] [sms]end:1528042353
[2018-06-04 00:12:33][debug] [sms]page:https://bbs.bivfw.top/plugin.php?id=tom_tchongbao:ajax&act=nitice_sms_hb_run&site=1&tongcheng_id=327&hongbao_id=42&page=71
[2018-06-04 00:12:33][debug] [sms]hongbao id:42
[2018-06-04 00:12:33][debug] [sms]page:71
[2018-06-04 00:12:33][debug] [sms]client IP:118.89.52.235
[2018-06-04 00:12:33][debug] [sms]start:1528042353
[2018-06-04 00:12:36][debug] [sms]all num:10
[2018-06-04 00:12:36][debug] [sms]run num:10
[2018-06-04 00:12:36][debug] [sms]ok num:6
[2018-06-04 00:12:36][debug] [sms]no num:0
[2018-06-04 00:12:36][debug] [sms]run time:3
[2018-06-04 00:12:36][debug] [sms]end:1528042356
[2018-06-04 00:12:36][debug] [sms]page:https://bbs.bivfw.top/plugin.php?id=tom_tchongbao:ajax&act=nitice_sms_hb_run&site=1&tongcheng_id=327&hongbao_id=42&page=72
[2018-06-04 00:12:37][debug] [sms]hongbao id:42
[2018-06-04 00:12:37][debug] [sms]page:72
[2018-06-04 00:12:37][debug] [sms]client IP:118.89.52.235
[2018-06-04 00:12:37][debug] [sms]start:1528042357
[2018-06-04 00:12:39][debug] [sms]all num:10
[2018-06-04 00:12:39][debug] [sms]run num:10
[2018-06-04 00:12:39][debug] [sms]ok num:3
[2018-06-04 00:12:39][debug] [sms]no num:0
[2018-06-04 00:12:39][debug] [sms]run time:2
[2018-06-04 00:12:39][debug] [sms]end:1528042359
[2018-06-04 00:12:39][debug] [sms]page:https://bbs.bivfw.top/plugin.php?id=tom_tchongbao:ajax&act=nitice_sms_hb_run&site=1&tongcheng_id=327&hongbao_id=42&page=73
[2018-06-04 00:12:40][debug] [sms]hongbao id:42
[2018-06-04 00:12:40][debug] [sms]page:73
[2018-06-04 00:12:40][debug] [sms]client IP:118.89.52.235
[2018-06-04 00:12:40][debug] [sms]start:1528042360
[2018-06-04 00:12:43][debug] [sms]all num:10
[2018-06-04 00:12:43][debug] [sms]run num:10
[2018-06-04 00:12:43][debug] [sms]ok num:3
[2018-06-04 00:12:43][debug] [sms]no num:0
[2018-06-04 00:12:43][debug] [sms]run time:3
[2018-06-04 00:12:43][debug] [sms]end:1528042363
[2018-06-04 00:12:43][debug] [sms]page:https://bbs.bivfw.top/plugin.php?id=tom_tchongbao:ajax&act=nitice_sms_hb_run&site=1&tongcheng_id=327&hongbao_id=42&page=74
[2018-06-04 00:12:43][debug] [sms]hongbao id:42
[2018-06-04 00:12:43][debug] [sms]page:74
[2018-06-04 00:12:43][debug] [sms]client IP:118.89.52.235
[2018-06-04 00:12:43][debug] [sms]start:1528042363
[2018-06-04 00:12:46][debug] [sms]all num:10
[2018-06-04 00:12:46][debug] [sms]run num:10
[2018-06-04 00:12:46][debug] [sms]ok num:2
[2018-06-04 00:12:46][debug] [sms]no num:0
[2018-06-04 00:12:46][debug] [sms]run time:3
[2018-06-04 00:12:46][debug] [sms]end:1528042366
[2018-06-04 00:12:46][debug] [sms]page:https://bbs.bivfw.top/plugin.php?id=tom_tchongbao:ajax&act=nitice_sms_hb_run&site=1&tongcheng_id=327&hongbao_id=42&page=75
[2018-06-04 00:12:46][debug] [sms]hongbao id:42
[2018-06-04 00:12:46][debug] [sms]page:75
[2018-06-04 00:12:46][debug] [sms]client IP:118.89.52.235
[2018-06-04 00:12:46][debug] [sms]start:1528042366
[2018-06-04 00:12:49][debug] [sms]all num:10
[2018-06-04 00:12:49][debug] [sms]run num:10
[2018-06-04 00:12:49][debug] [sms]ok num:1
[2018-06-04 00:12:49][debug] [sms]no num:0
[2018-06-04 00:12:49][debug] [sms]run time:3
[2018-06-04 00:12:49][debug] [sms]end:1528042369
[2018-06-04 00:12:49][debug] [sms]page:https://bbs.bivfw.top/plugin.php?id=tom_tchongbao:ajax&act=nitice_sms_hb_run&site=1&tongcheng_id=327&hongbao_id=42&page=76
[2018-06-04 00:12:50][debug] [sms]hongbao id:42
[2018-06-04 00:12:50][debug] [sms]page:76
[2018-06-04 00:12:50][debug] [sms]client IP:118.89.52.235
[2018-06-04 00:12:50][debug] [sms]start:1528042370
[2018-06-04 00:12:53][debug] [sms]all num:10
[2018-06-04 00:12:53][debug] [sms]run num:10
[2018-06-04 00:12:53][debug] [sms]ok num:4
[2018-06-04 00:12:53][debug] [sms]no num:0
[2018-06-04 00:12:53][debug] [sms]run time:3
[2018-06-04 00:12:53][debug] [sms]end:1528042373
[2018-06-04 00:12:53][debug] [sms]page:https://bbs.bivfw.top/plugin.php?id=tom_tchongbao:ajax&act=nitice_sms_hb_run&site=1&tongcheng_id=327&hongbao_id=42&page=77
[2018-06-04 00:12:53][debug] [sms]hongbao id:42
[2018-06-04 00:12:53][debug] [sms]page:77
[2018-06-04 00:12:53][debug] [sms]client IP:118.89.52.235
[2018-06-04 00:12:53][debug] [sms]start:1528042373
[2018-06-04 00:12:57][debug] [sms]all num:10
[2018-06-04 00:12:57][debug] [sms]run num:10
[2018-06-04 00:12:57][debug] [sms]ok num:2
[2018-06-04 00:12:57][debug] [sms]no num:0
[2018-06-04 00:12:57][debug] [sms]run time:4
[2018-06-04 00:12:57][debug] [sms]end:1528042377
[2018-06-04 00:12:57][debug] [sms]page:https://bbs.bivfw.top/plugin.php?id=tom_tchongbao:ajax&act=nitice_sms_hb_run&site=1&tongcheng_id=327&hongbao_id=42&page=78
[2018-06-04 00:12:57][debug] [sms]hongbao id:42
[2018-06-04 00:12:57][debug] [sms]page:78
[2018-06-04 00:12:57][debug] [sms]client IP:118.89.52.235
[2018-06-04 00:12:57][debug] [sms]start:1528042377
[2018-06-04 00:13:01][debug] [sms]all num:10
[2018-06-04 00:13:01][debug] [sms]run num:10
[2018-06-04 00:13:01][debug] [sms]ok num:3
[2018-06-04 00:13:01][debug] [sms]no num:0
[2018-06-04 00:13:01][debug] [sms]run time:4
[2018-06-04 00:13:01][debug] [sms]end:1528042381
[2018-06-04 00:13:01][debug] [sms]page:https://bbs.bivfw.top/plugin.php?id=tom_tchongbao:ajax&act=nitice_sms_hb_run&site=1&tongcheng_id=327&hongbao_id=42&page=79
[2018-06-04 00:13:01][debug] [sms]hongbao id:42
[2018-06-04 00:13:01][debug] [sms]page:79
[2018-06-04 00:13:01][debug] [sms]client IP:118.89.52.235
[2018-06-04 00:13:01][debug] [sms]start:1528042381
[2018-06-04 00:13:01][debug] [sms]all num:1
[2018-06-04 00:13:01][debug] [sms]run num:1
[2018-06-04 00:13:01][debug] [sms]ok num:0
[2018-06-04 00:13:01][debug] [sms]no num:0
[2018-06-04 00:13:01][debug] [sms]run time:0
[2018-06-04 00:13:01][debug] [sms]end:1528042381
[2018-06-04 00:13:01][debug] [sms]page:https://bbs.bivfw.top/plugin.php?id=tom_tchongbao:ajax&act=nitice_sms_hb_run&site=1&tongcheng_id=327&hongbao_id=42&page=80
[2018-06-04 00:13:02][debug] [sms]hongbao id:42
[2018-06-04 00:13:02][debug] [sms]page:80
[2018-06-04 00:13:02][debug] [sms]client IP:118.89.52.235
[2018-06-04 00:13:02][debug] [sms]start:1528042382
[2018-06-04 00:13:02][debug] [sms]all num:0
[2018-06-04 00:13:02][debug] [sms]run num:0
[2018-06-04 00:13:02][debug] [sms]ok num:0
[2018-06-04 00:13:02][debug] [sms]no num:0
[2018-06-04 00:13:02][debug] [sms]run time:0
[2018-06-04 00:13:02][debug] [sms]end:1528042382
[2018-06-04 00:13:02][debug] [sms]over:1528042382
