[2018-07-19 22:09:23][debug] [sms]--------------------- new -------------------------
[2018-07-19 22:09:23][debug] [sms]hongbao id:53
[2018-07-19 22:09:23][debug] [sms]page:1
[2018-07-19 22:09:23][debug] [sms]client IP:118.89.52.235
[2018-07-19 22:09:23][debug] [sms]start:1532009363
[2018-07-19 22:09:26][debug] [sms]all num:10
[2018-07-19 22:09:26][debug] [sms]run num:10
[2018-07-19 22:09:26][debug] [sms]ok num:8
[2018-07-19 22:09:26][debug] [sms]no num:0
[2018-07-19 22:09:26][debug] [sms]run time:3
[2018-07-19 22:09:26][debug] [sms]end:1532009366
[2018-07-19 22:09:26][debug] [sms]page:https://bbs.bivfw.top/plugin.php?id=tom_tchongbao:ajax&act=nitice_sms_hb_run&site=1&tongcheng_id=453&hongbao_id=53&page=2
[2018-07-19 22:09:27][debug] [sms]hongbao id:53
[2018-07-19 22:09:27][debug] [sms]page:2
[2018-07-19 22:09:27][debug] [sms]client IP:118.89.52.235
[2018-07-19 22:09:27][debug] [sms]start:1532009367
[2018-07-19 22:09:30][debug] [sms]all num:10
[2018-07-19 22:09:30][debug] [sms]run num:10
[2018-07-19 22:09:30][debug] [sms]ok num:8
[2018-07-19 22:09:30][debug] [sms]no num:0
[2018-07-19 22:09:30][debug] [sms]run time:3
[2018-07-19 22:09:30][debug] [sms]end:1532009370
[2018-07-19 22:09:30][debug] [sms]page:https://bbs.bivfw.top/plugin.php?id=tom_tchongbao:ajax&act=nitice_sms_hb_run&site=1&tongcheng_id=453&hongbao_id=53&page=3
[2018-07-19 22:09:30][debug] [sms]hongbao id:53
[2018-07-19 22:09:30][debug] [sms]page:3
[2018-07-19 22:09:30][debug] [sms]client IP:118.89.52.235
[2018-07-19 22:09:30][debug] [sms]start:1532009370
[2018-07-19 22:09:33][debug] [sms]all num:10
[2018-07-19 22:09:33][debug] [sms]run num:10
[2018-07-19 22:09:33][debug] [sms]ok num:9
[2018-07-19 22:09:33][debug] [sms]no num:0
[2018-07-19 22:09:33][debug] [sms]run time:3
[2018-07-19 22:09:33][debug] [sms]end:1532009373
[2018-07-19 22:09:33][debug] [sms]page:https://bbs.bivfw.top/plugin.php?id=tom_tchongbao:ajax&act=nitice_sms_hb_run&site=1&tongcheng_id=453&hongbao_id=53&page=4
[2018-07-19 22:09:34][debug] [sms]hongbao id:53
[2018-07-19 22:09:34][debug] [sms]page:4
[2018-07-19 22:09:34][debug] [sms]client IP:118.89.52.235
[2018-07-19 22:09:34][debug] [sms]start:1532009374
[2018-07-19 22:09:37][debug] [sms]all num:10
[2018-07-19 22:09:37][debug] [sms]run num:10
[2018-07-19 22:09:37][debug] [sms]ok num:10
[2018-07-19 22:09:37][debug] [sms]no num:0
[2018-07-19 22:09:37][debug] [sms]run time:3
[2018-07-19 22:09:37][debug] [sms]end:1532009377
[2018-07-19 22:09:37][debug] [sms]page:https://bbs.bivfw.top/plugin.php?id=tom_tchongbao:ajax&act=nitice_sms_hb_run&site=1&tongcheng_id=453&hongbao_id=53&page=5
[2018-07-19 22:09:37][debug] [sms]hongbao id:53
[2018-07-19 22:09:37][debug] [sms]page:5
[2018-07-19 22:09:37][debug] [sms]client IP:118.89.52.235
[2018-07-19 22:09:37][debug] [sms]start:1532009377
[2018-07-19 22:09:40][debug] [sms]all num:10
[2018-07-19 22:09:40][debug] [sms]run num:10
[2018-07-19 22:09:40][debug] [sms]ok num:7
[2018-07-19 22:09:40][debug] [sms]no num:0
[2018-07-19 22:09:40][debug] [sms]run time:3
[2018-07-19 22:09:40][debug] [sms]end:1532009380
[2018-07-19 22:09:40][debug] [sms]page:https://bbs.bivfw.top/plugin.php?id=tom_tchongbao:ajax&act=nitice_sms_hb_run&site=1&tongcheng_id=453&hongbao_id=53&page=6
[2018-07-19 22:09:40][debug] [sms]hongbao id:53
[2018-07-19 22:09:40][debug] [sms]page:6
[2018-07-19 22:09:40][debug] [sms]client IP:118.89.52.235
[2018-07-19 22:09:40][debug] [sms]start:1532009380
[2018-07-19 22:09:43][debug] [sms]all num:10
[2018-07-19 22:09:43][debug] [sms]run num:10
[2018-07-19 22:09:43][debug] [sms]ok num:9
[2018-07-19 22:09:43][debug] [sms]no num:0
[2018-07-19 22:09:43][debug] [sms]run time:3
[2018-07-19 22:09:43][debug] [sms]end:1532009383
[2018-07-19 22:09:43][debug] [sms]page:https://bbs.bivfw.top/plugin.php?id=tom_tchongbao:ajax&act=nitice_sms_hb_run&site=1&tongcheng_id=453&hongbao_id=53&page=7
[2018-07-19 22:09:44][debug] [sms]hongbao id:53
[2018-07-19 22:09:44][debug] [sms]page:7
[2018-07-19 22:09:44][debug] [sms]client IP:118.89.52.235
[2018-07-19 22:09:44][debug] [sms]start:1532009384
[2018-07-19 22:09:46][debug] [sms]all num:10
[2018-07-19 22:09:46][debug] [sms]run num:10
[2018-07-19 22:09:46][debug] [sms]ok num:6
[2018-07-19 22:09:46][debug] [sms]no num:0
[2018-07-19 22:09:46][debug] [sms]run time:2
[2018-07-19 22:09:46][debug] [sms]end:1532009386
[2018-07-19 22:09:46][debug] [sms]page:https://bbs.bivfw.top/plugin.php?id=tom_tchongbao:ajax&act=nitice_sms_hb_run&site=1&tongcheng_id=453&hongbao_id=53&page=8
[2018-07-19 22:09:47][debug] [sms]hongbao id:53
[2018-07-19 22:09:47][debug] [sms]page:8
[2018-07-19 22:09:47][debug] [sms]client IP:118.89.52.235
[2018-07-19 22:09:47][debug] [sms]start:1532009387
[2018-07-19 22:09:50][debug] [sms]all num:10
[2018-07-19 22:09:50][debug] [sms]run num:10
[2018-07-19 22:09:50][debug] [sms]ok num:6
[2018-07-19 22:09:50][debug] [sms]no num:0
[2018-07-19 22:09:50][debug] [sms]run time:3
[2018-07-19 22:09:50][debug] [sms]end:1532009390
[2018-07-19 22:09:50][debug] [sms]page:https://bbs.bivfw.top/plugin.php?id=tom_tchongbao:ajax&act=nitice_sms_hb_run&site=1&tongcheng_id=453&hongbao_id=53&page=9
[2018-07-19 22:09:50][debug] [sms]hongbao id:53
[2018-07-19 22:09:50][debug] [sms]page:9
[2018-07-19 22:09:50][debug] [sms]client IP:118.89.52.235
[2018-07-19 22:09:50][debug] [sms]start:1532009390
[2018-07-19 22:09:53][debug] [sms]all num:10
[2018-07-19 22:09:53][debug] [sms]run num:10
[2018-07-19 22:09:53][debug] [sms]ok num:6
[2018-07-19 22:09:53][debug] [sms]no num:0
[2018-07-19 22:09:53][debug] [sms]run time:3
[2018-07-19 22:09:53][debug] [sms]end:1532009393
[2018-07-19 22:09:53][debug] [sms]page:https://bbs.bivfw.top/plugin.php?id=tom_tchongbao:ajax&act=nitice_sms_hb_run&site=1&tongcheng_id=453&hongbao_id=53&page=10
[2018-07-19 22:09:53][debug] [sms]hongbao id:53
[2018-07-19 22:09:53][debug] [sms]page:10
[2018-07-19 22:09:53][debug] [sms]client IP:118.89.52.235
[2018-07-19 22:09:53][debug] [sms]start:1532009393
[2018-07-19 22:09:56][debug] [sms]all num:10
[2018-07-19 22:09:56][debug] [sms]run num:10
[2018-07-19 22:09:56][debug] [sms]ok num:10
[2018-07-19 22:09:56][debug] [sms]no num:0
[2018-07-19 22:09:56][debug] [sms]run time:3
[2018-07-19 22:09:56][debug] [sms]end:1532009396
[2018-07-19 22:09:56][debug] [sms]page:https://bbs.bivfw.top/plugin.php?id=tom_tchongbao:ajax&act=nitice_sms_hb_run&site=1&tongcheng_id=453&hongbao_id=53&page=11
[2018-07-19 22:09:57][debug] [sms]hongbao id:53
[2018-07-19 22:09:57][debug] [sms]page:11
[2018-07-19 22:09:57][debug] [sms]client IP:118.89.52.235
[2018-07-19 22:09:57][debug] [sms]start:1532009397
[2018-07-19 22:10:00][debug] [sms]all num:10
[2018-07-19 22:10:00][debug] [sms]run num:10
[2018-07-19 22:10:00][debug] [sms]ok num:7
[2018-07-19 22:10:00][debug] [sms]no num:0
[2018-07-19 22:10:00][debug] [sms]run time:3
[2018-07-19 22:10:00][debug] [sms]end:1532009400
[2018-07-19 22:10:00][debug] [sms]page:https://bbs.bivfw.top/plugin.php?id=tom_tchongbao:ajax&act=nitice_sms_hb_run&site=1&tongcheng_id=453&hongbao_id=53&page=12
[2018-07-19 22:10:00][debug] [sms]hongbao id:53
[2018-07-19 22:10:00][debug] [sms]page:12
[2018-07-19 22:10:00][debug] [sms]client IP:118.89.52.235
[2018-07-19 22:10:00][debug] [sms]start:1532009400
[2018-07-19 22:10:03][debug] [sms]all num:10
[2018-07-19 22:10:03][debug] [sms]run num:10
[2018-07-19 22:10:03][debug] [sms]ok num:9
[2018-07-19 22:10:03][debug] [sms]no num:0
[2018-07-19 22:10:03][debug] [sms]run time:3
[2018-07-19 22:10:03][debug] [sms]end:1532009403
[2018-07-19 22:10:03][debug] [sms]page:https://bbs.bivfw.top/plugin.php?id=tom_tchongbao:ajax&act=nitice_sms_hb_run&site=1&tongcheng_id=453&hongbao_id=53&page=13
[2018-07-19 22:10:03][debug] [sms]hongbao id:53
[2018-07-19 22:10:03][debug] [sms]page:13
[2018-07-19 22:10:03][debug] [sms]client IP:118.89.52.235
[2018-07-19 22:10:03][debug] [sms]start:1532009403
[2018-07-19 22:10:06][debug] [sms]all num:10
[2018-07-19 22:10:06][debug] [sms]run num:10
[2018-07-19 22:10:06][debug] [sms]ok num:8
[2018-07-19 22:10:06][debug] [sms]no num:0
[2018-07-19 22:10:06][debug] [sms]run time:3
[2018-07-19 22:10:06][debug] [sms]end:1532009406
[2018-07-19 22:10:06][debug] [sms]page:https://bbs.bivfw.top/plugin.php?id=tom_tchongbao:ajax&act=nitice_sms_hb_run&site=1&tongcheng_id=453&hongbao_id=53&page=14
[2018-07-19 22:10:07][debug] [sms]hongbao id:53
[2018-07-19 22:10:07][debug] [sms]page:14
[2018-07-19 22:10:07][debug] [sms]client IP:118.89.52.235
[2018-07-19 22:10:07][debug] [sms]start:1532009407
[2018-07-19 22:10:10][debug] [sms]all num:10
[2018-07-19 22:10:10][debug] [sms]run num:10
[2018-07-19 22:10:10][debug] [sms]ok num:7
[2018-07-19 22:10:10][debug] [sms]no num:0
[2018-07-19 22:10:10][debug] [sms]run time:3
[2018-07-19 22:10:10][debug] [sms]end:1532009410
[2018-07-19 22:10:10][debug] [sms]page:https://bbs.bivfw.top/plugin.php?id=tom_tchongbao:ajax&act=nitice_sms_hb_run&site=1&tongcheng_id=453&hongbao_id=53&page=15
[2018-07-19 22:10:10][debug] [sms]hongbao id:53
[2018-07-19 22:10:10][debug] [sms]page:15
[2018-07-19 22:10:10][debug] [sms]client IP:118.89.52.235
[2018-07-19 22:10:10][debug] [sms]start:1532009410
[2018-07-19 22:10:13][debug] [sms]all num:10
[2018-07-19 22:10:13][debug] [sms]run num:10
[2018-07-19 22:10:13][debug] [sms]ok num:7
[2018-07-19 22:10:13][debug] [sms]no num:0
[2018-07-19 22:10:13][debug] [sms]run time:3
[2018-07-19 22:10:13][debug] [sms]end:1532009413
[2018-07-19 22:10:13][debug] [sms]page:https://bbs.bivfw.top/plugin.php?id=tom_tchongbao:ajax&act=nitice_sms_hb_run&site=1&tongcheng_id=453&hongbao_id=53&page=16
[2018-07-19 22:10:13][debug] [sms]hongbao id:53
[2018-07-19 22:10:13][debug] [sms]page:16
[2018-07-19 22:10:13][debug] [sms]client IP:118.89.52.235
[2018-07-19 22:10:13][debug] [sms]start:1532009413
[2018-07-19 22:10:16][debug] [sms]all num:10
[2018-07-19 22:10:16][debug] [sms]run num:10
[2018-07-19 22:10:16][debug] [sms]ok num:4
[2018-07-19 22:10:16][debug] [sms]no num:0
[2018-07-19 22:10:16][debug] [sms]run time:3
[2018-07-19 22:10:16][debug] [sms]end:1532009416
[2018-07-19 22:10:16][debug] [sms]page:https://bbs.bivfw.top/plugin.php?id=tom_tchongbao:ajax&act=nitice_sms_hb_run&site=1&tongcheng_id=453&hongbao_id=53&page=17
[2018-07-19 22:10:16][debug] [sms]hongbao id:53
[2018-07-19 22:10:16][debug] [sms]page:17
[2018-07-19 22:10:16][debug] [sms]client IP:118.89.52.235
[2018-07-19 22:10:16][debug] [sms]start:1532009416
[2018-07-19 22:10:19][debug] [sms]all num:10
[2018-07-19 22:10:19][debug] [sms]run num:10
[2018-07-19 22:10:19][debug] [sms]ok num:4
[2018-07-19 22:10:19][debug] [sms]no num:0
[2018-07-19 22:10:19][debug] [sms]run time:3
[2018-07-19 22:10:19][debug] [sms]end:1532009419
[2018-07-19 22:10:19][debug] [sms]page:https://bbs.bivfw.top/plugin.php?id=tom_tchongbao:ajax&act=nitice_sms_hb_run&site=1&tongcheng_id=453&hongbao_id=53&page=18
[2018-07-19 22:10:20][debug] [sms]hongbao id:53
[2018-07-19 22:10:20][debug] [sms]page:18
[2018-07-19 22:10:20][debug] [sms]client IP:118.89.52.235
[2018-07-19 22:10:20][debug] [sms]start:1532009420
[2018-07-19 22:10:23][debug] [sms]all num:10
[2018-07-19 22:10:23][debug] [sms]run num:10
[2018-07-19 22:10:23][debug] [sms]ok num:5
[2018-07-19 22:10:23][debug] [sms]no num:0
[2018-07-19 22:10:23][debug] [sms]run time:3
[2018-07-19 22:10:23][debug] [sms]end:1532009423
[2018-07-19 22:10:23][debug] [sms]page:https://bbs.bivfw.top/plugin.php?id=tom_tchongbao:ajax&act=nitice_sms_hb_run&site=1&tongcheng_id=453&hongbao_id=53&page=19
[2018-07-19 22:10:23][debug] [sms]hongbao id:53
[2018-07-19 22:10:23][debug] [sms]page:19
[2018-07-19 22:10:23][debug] [sms]client IP:118.89.52.235
[2018-07-19 22:10:23][debug] [sms]start:1532009423
[2018-07-19 22:10:26][debug] [sms]all num:10
[2018-07-19 22:10:26][debug] [sms]run num:10
[2018-07-19 22:10:26][debug] [sms]ok num:9
[2018-07-19 22:10:26][debug] [sms]no num:0
[2018-07-19 22:10:26][debug] [sms]run time:3
[2018-07-19 22:10:26][debug] [sms]end:1532009426
[2018-07-19 22:10:26][debug] [sms]page:https://bbs.bivfw.top/plugin.php?id=tom_tchongbao:ajax&act=nitice_sms_hb_run&site=1&tongcheng_id=453&hongbao_id=53&page=20
[2018-07-19 22:10:27][debug] [sms]hongbao id:53
[2018-07-19 22:10:27][debug] [sms]page:20
[2018-07-19 22:10:27][debug] [sms]client IP:118.89.52.235
[2018-07-19 22:10:27][debug] [sms]start:1532009427
[2018-07-19 22:10:30][debug] [sms]all num:10
[2018-07-19 22:10:30][debug] [sms]run num:9
[2018-07-19 22:10:30][debug] [sms]ok num:5
[2018-07-19 22:10:30][debug] [sms]no num:0
[2018-07-19 22:10:30][debug] [sms]run time:3
[2018-07-19 22:10:30][debug] [sms]end:1532009430
[2018-07-19 22:10:30][debug] [sms]page:https://bbs.bivfw.top/plugin.php?id=tom_tchongbao:ajax&act=nitice_sms_hb_run&site=1&tongcheng_id=453&hongbao_id=53&page=21
[2018-07-19 22:10:30][debug] [sms]hongbao id:53
[2018-07-19 22:10:30][debug] [sms]page:21
[2018-07-19 22:10:30][debug] [sms]client IP:118.89.52.235
[2018-07-19 22:10:30][debug] [sms]start:1532009430
[2018-07-19 22:10:33][debug] [sms]all num:10
[2018-07-19 22:10:33][debug] [sms]run num:10
[2018-07-19 22:10:33][debug] [sms]ok num:7
[2018-07-19 22:10:33][debug] [sms]no num:0
[2018-07-19 22:10:33][debug] [sms]run time:3
[2018-07-19 22:10:33][debug] [sms]end:1532009433
[2018-07-19 22:10:33][debug] [sms]page:https://bbs.bivfw.top/plugin.php?id=tom_tchongbao:ajax&act=nitice_sms_hb_run&site=1&tongcheng_id=453&hongbao_id=53&page=22
[2018-07-19 22:10:33][debug] [sms]hongbao id:53
[2018-07-19 22:10:33][debug] [sms]page:22
[2018-07-19 22:10:33][debug] [sms]client IP:118.89.52.235
[2018-07-19 22:10:33][debug] [sms]start:1532009433
[2018-07-19 22:10:36][debug] [sms]all num:10
[2018-07-19 22:10:36][debug] [sms]run num:10
[2018-07-19 22:10:36][debug] [sms]ok num:6
[2018-07-19 22:10:36][debug] [sms]no num:0
[2018-07-19 22:10:36][debug] [sms]run time:3
[2018-07-19 22:10:36][debug] [sms]end:1532009436
[2018-07-19 22:10:36][debug] [sms]page:https://bbs.bivfw.top/plugin.php?id=tom_tchongbao:ajax&act=nitice_sms_hb_run&site=1&tongcheng_id=453&hongbao_id=53&page=23
[2018-07-19 22:10:36][debug] [sms]hongbao id:53
[2018-07-19 22:10:36][debug] [sms]page:23
[2018-07-19 22:10:36][debug] [sms]client IP:118.89.52.235
[2018-07-19 22:10:36][debug] [sms]start:1532009436
[2018-07-19 22:10:40][debug] [sms]all num:10
[2018-07-19 22:10:40][debug] [sms]run num:10
[2018-07-19 22:10:40][debug] [sms]ok num:7
[2018-07-19 22:10:40][debug] [sms]no num:0
[2018-07-19 22:10:40][debug] [sms]run time:4
[2018-07-19 22:10:40][debug] [sms]end:1532009440
[2018-07-19 22:10:40][debug] [sms]page:https://bbs.bivfw.top/plugin.php?id=tom_tchongbao:ajax&act=nitice_sms_hb_run&site=1&tongcheng_id=453&hongbao_id=53&page=24
[2018-07-19 22:10:40][debug] [sms]hongbao id:53
[2018-07-19 22:10:40][debug] [sms]page:24
[2018-07-19 22:10:40][debug] [sms]client IP:118.89.52.235
[2018-07-19 22:10:40][debug] [sms]start:1532009440
[2018-07-19 22:10:43][debug] [sms]all num:10
[2018-07-19 22:10:43][debug] [sms]run num:10
[2018-07-19 22:10:43][debug] [sms]ok num:3
[2018-07-19 22:10:43][debug] [sms]no num:0
[2018-07-19 22:10:43][debug] [sms]run time:3
[2018-07-19 22:10:43][debug] [sms]end:1532009443
[2018-07-19 22:10:43][debug] [sms]page:https://bbs.bivfw.top/plugin.php?id=tom_tchongbao:ajax&act=nitice_sms_hb_run&site=1&tongcheng_id=453&hongbao_id=53&page=25
[2018-07-19 22:10:43][debug] [sms]hongbao id:53
[2018-07-19 22:10:43][debug] [sms]page:25
[2018-07-19 22:10:43][debug] [sms]client IP:118.89.52.235
[2018-07-19 22:10:43][debug] [sms]start:1532009443
[2018-07-19 22:10:46][debug] [sms]all num:10
[2018-07-19 22:10:46][debug] [sms]run num:10
[2018-07-19 22:10:46][debug] [sms]ok num:3
[2018-07-19 22:10:46][debug] [sms]no num:0
[2018-07-19 22:10:46][debug] [sms]run time:3
[2018-07-19 22:10:46][debug] [sms]end:1532009446
[2018-07-19 22:10:46][debug] [sms]page:https://bbs.bivfw.top/plugin.php?id=tom_tchongbao:ajax&act=nitice_sms_hb_run&site=1&tongcheng_id=453&hongbao_id=53&page=26
[2018-07-19 22:10:46][debug] [sms]hongbao id:53
[2018-07-19 22:10:46][debug] [sms]page:26
[2018-07-19 22:10:46][debug] [sms]client IP:118.89.52.235
[2018-07-19 22:10:46][debug] [sms]start:1532009446
[2018-07-19 22:10:49][debug] [sms]all num:10
[2018-07-19 22:10:49][debug] [sms]run num:10
[2018-07-19 22:10:49][debug] [sms]ok num:5
[2018-07-19 22:10:49][debug] [sms]no num:0
[2018-07-19 22:10:49][debug] [sms]run time:3
[2018-07-19 22:10:49][debug] [sms]end:1532009449
[2018-07-19 22:10:49][debug] [sms]page:https://bbs.bivfw.top/plugin.php?id=tom_tchongbao:ajax&act=nitice_sms_hb_run&site=1&tongcheng_id=453&hongbao_id=53&page=27
[2018-07-19 22:10:49][debug] [sms]hongbao id:53
[2018-07-19 22:10:49][debug] [sms]page:27
[2018-07-19 22:10:49][debug] [sms]client IP:118.89.52.235
[2018-07-19 22:10:49][debug] [sms]start:1532009449
[2018-07-19 22:10:53][debug] [sms]all num:10
[2018-07-19 22:10:53][debug] [sms]run num:10
[2018-07-19 22:10:53][debug] [sms]ok num:2
[2018-07-19 22:10:53][debug] [sms]no num:0
[2018-07-19 22:10:53][debug] [sms]run time:4
[2018-07-19 22:10:53][debug] [sms]end:1532009453
[2018-07-19 22:10:53][debug] [sms]page:https://bbs.bivfw.top/plugin.php?id=tom_tchongbao:ajax&act=nitice_sms_hb_run&site=1&tongcheng_id=453&hongbao_id=53&page=28
[2018-07-19 22:10:53][debug] [sms]hongbao id:53
[2018-07-19 22:10:53][debug] [sms]page:28
[2018-07-19 22:10:53][debug] [sms]client IP:118.89.52.235
[2018-07-19 22:10:53][debug] [sms]start:1532009453
[2018-07-19 22:10:56][debug] [sms]all num:10
[2018-07-19 22:10:56][debug] [sms]run num:10
[2018-07-19 22:10:56][debug] [sms]ok num:3
[2018-07-19 22:10:56][debug] [sms]no num:0
[2018-07-19 22:10:56][debug] [sms]run time:3
[2018-07-19 22:10:56][debug] [sms]end:1532009456
[2018-07-19 22:10:56][debug] [sms]page:https://bbs.bivfw.top/plugin.php?id=tom_tchongbao:ajax&act=nitice_sms_hb_run&site=1&tongcheng_id=453&hongbao_id=53&page=29
[2018-07-19 22:10:57][debug] [sms]hongbao id:53
[2018-07-19 22:10:57][debug] [sms]page:29
[2018-07-19 22:10:57][debug] [sms]client IP:118.89.52.235
[2018-07-19 22:10:57][debug] [sms]start:1532009457
[2018-07-19 22:11:00][debug] [sms]all num:10
[2018-07-19 22:11:00][debug] [sms]run num:10
[2018-07-19 22:11:00][debug] [sms]ok num:0
[2018-07-19 22:11:00][debug] [sms]no num:0
[2018-07-19 22:11:00][debug] [sms]run time:3
[2018-07-19 22:11:00][debug] [sms]end:1532009460
[2018-07-19 22:11:00][debug] [sms]page:https://bbs.bivfw.top/plugin.php?id=tom_tchongbao:ajax&act=nitice_sms_hb_run&site=1&tongcheng_id=453&hongbao_id=53&page=30
[2018-07-19 22:11:00][debug] [sms]hongbao id:53
[2018-07-19 22:11:00][debug] [sms]page:30
[2018-07-19 22:11:00][debug] [sms]client IP:118.89.52.235
[2018-07-19 22:11:00][debug] [sms]start:1532009460
[2018-07-19 22:11:03][debug] [sms]all num:10
[2018-07-19 22:11:03][debug] [sms]run num:10
[2018-07-19 22:11:03][debug] [sms]ok num:3
[2018-07-19 22:11:03][debug] [sms]no num:1
[2018-07-19 22:11:03][debug] [sms]run time:3
[2018-07-19 22:11:03][debug] [sms]end:1532009463
[2018-07-19 22:11:03][debug] [sms]page:https://bbs.bivfw.top/plugin.php?id=tom_tchongbao:ajax&act=nitice_sms_hb_run&site=1&tongcheng_id=453&hongbao_id=53&page=31
[2018-07-19 22:11:03][debug] [sms]hongbao id:53
[2018-07-19 22:11:03][debug] [sms]page:31
[2018-07-19 22:11:03][debug] [sms]client IP:118.89.52.235
[2018-07-19 22:11:03][debug] [sms]start:1532009463
[2018-07-19 22:11:07][debug] [sms]all num:10
[2018-07-19 22:11:07][debug] [sms]run num:10
[2018-07-19 22:11:07][debug] [sms]ok num:4
[2018-07-19 22:11:07][debug] [sms]no num:0
[2018-07-19 22:11:07][debug] [sms]run time:4
[2018-07-19 22:11:07][debug] [sms]end:1532009467
[2018-07-19 22:11:07][debug] [sms]page:https://bbs.bivfw.top/plugin.php?id=tom_tchongbao:ajax&act=nitice_sms_hb_run&site=1&tongcheng_id=453&hongbao_id=53&page=32
[2018-07-19 22:11:07][debug] [sms]hongbao id:53
[2018-07-19 22:11:07][debug] [sms]page:32
[2018-07-19 22:11:07][debug] [sms]client IP:118.89.52.235
[2018-07-19 22:11:07][debug] [sms]start:1532009467
[2018-07-19 22:11:10][debug] [sms]all num:10
[2018-07-19 22:11:10][debug] [sms]run num:10
[2018-07-19 22:11:10][debug] [sms]ok num:5
[2018-07-19 22:11:10][debug] [sms]no num:0
[2018-07-19 22:11:10][debug] [sms]run time:3
[2018-07-19 22:11:10][debug] [sms]end:1532009470
[2018-07-19 22:11:10][debug] [sms]page:https://bbs.bivfw.top/plugin.php?id=tom_tchongbao:ajax&act=nitice_sms_hb_run&site=1&tongcheng_id=453&hongbao_id=53&page=33
[2018-07-19 22:11:10][debug] [sms]hongbao id:53
[2018-07-19 22:11:10][debug] [sms]page:33
[2018-07-19 22:11:10][debug] [sms]client IP:118.89.52.235
[2018-07-19 22:11:10][debug] [sms]start:1532009470
[2018-07-19 22:11:13][debug] [sms]all num:10
[2018-07-19 22:11:13][debug] [sms]run num:10
[2018-07-19 22:11:13][debug] [sms]ok num:4
[2018-07-19 22:11:13][debug] [sms]no num:0
[2018-07-19 22:11:13][debug] [sms]run time:3
[2018-07-19 22:11:13][debug] [sms]end:1532009473
[2018-07-19 22:11:13][debug] [sms]page:https://bbs.bivfw.top/plugin.php?id=tom_tchongbao:ajax&act=nitice_sms_hb_run&site=1&tongcheng_id=453&hongbao_id=53&page=34
[2018-07-19 22:11:14][debug] [sms]hongbao id:53
[2018-07-19 22:11:14][debug] [sms]page:34
[2018-07-19 22:11:14][debug] [sms]client IP:118.89.52.235
[2018-07-19 22:11:14][debug] [sms]start:1532009474
[2018-07-19 22:11:17][debug] [sms]all num:10
[2018-07-19 22:11:17][debug] [sms]run num:10
[2018-07-19 22:11:17][debug] [sms]ok num:4
[2018-07-19 22:11:17][debug] [sms]no num:0
[2018-07-19 22:11:17][debug] [sms]run time:3
[2018-07-19 22:11:17][debug] [sms]end:1532009477
[2018-07-19 22:11:17][debug] [sms]page:https://bbs.bivfw.top/plugin.php?id=tom_tchongbao:ajax&act=nitice_sms_hb_run&site=1&tongcheng_id=453&hongbao_id=53&page=35
[2018-07-19 22:11:17][debug] [sms]hongbao id:53
[2018-07-19 22:11:17][debug] [sms]page:35
[2018-07-19 22:11:17][debug] [sms]client IP:118.89.52.235
[2018-07-19 22:11:17][debug] [sms]start:1532009477
[2018-07-19 22:11:20][debug] [sms]all num:10
[2018-07-19 22:11:20][debug] [sms]run num:10
[2018-07-19 22:11:20][debug] [sms]ok num:6
[2018-07-19 22:11:20][debug] [sms]no num:0
[2018-07-19 22:11:20][debug] [sms]run time:3
[2018-07-19 22:11:20][debug] [sms]end:1532009480
[2018-07-19 22:11:20][debug] [sms]page:https://bbs.bivfw.top/plugin.php?id=tom_tchongbao:ajax&act=nitice_sms_hb_run&site=1&tongcheng_id=453&hongbao_id=53&page=36
[2018-07-19 22:11:20][debug] [sms]hongbao id:53
[2018-07-19 22:11:20][debug] [sms]page:36
[2018-07-19 22:11:20][debug] [sms]client IP:118.89.52.235
[2018-07-19 22:11:20][debug] [sms]start:1532009480
[2018-07-19 22:11:23][debug] [sms]all num:10
[2018-07-19 22:11:23][debug] [sms]run num:10
[2018-07-19 22:11:23][debug] [sms]ok num:9
[2018-07-19 22:11:23][debug] [sms]no num:0
[2018-07-19 22:11:23][debug] [sms]run time:3
[2018-07-19 22:11:23][debug] [sms]end:1532009483
[2018-07-19 22:11:23][debug] [sms]page:https://bbs.bivfw.top/plugin.php?id=tom_tchongbao:ajax&act=nitice_sms_hb_run&site=1&tongcheng_id=453&hongbao_id=53&page=37
[2018-07-19 22:11:24][debug] [sms]hongbao id:53
[2018-07-19 22:11:24][debug] [sms]page:37
[2018-07-19 22:11:24][debug] [sms]client IP:118.89.52.235
[2018-07-19 22:11:24][debug] [sms]start:1532009484
[2018-07-19 22:11:27][debug] [sms]all num:10
[2018-07-19 22:11:27][debug] [sms]run num:10
[2018-07-19 22:11:27][debug] [sms]ok num:7
[2018-07-19 22:11:27][debug] [sms]no num:0
[2018-07-19 22:11:27][debug] [sms]run time:3
[2018-07-19 22:11:27][debug] [sms]end:1532009487
[2018-07-19 22:11:27][debug] [sms]page:https://bbs.bivfw.top/plugin.php?id=tom_tchongbao:ajax&act=nitice_sms_hb_run&site=1&tongcheng_id=453&hongbao_id=53&page=38
[2018-07-19 22:11:27][debug] [sms]hongbao id:53
[2018-07-19 22:11:27][debug] [sms]page:38
[2018-07-19 22:11:27][debug] [sms]client IP:118.89.52.235
[2018-07-19 22:11:27][debug] [sms]start:1532009487
[2018-07-19 22:11:31][debug] [sms]all num:10
[2018-07-19 22:11:31][debug] [sms]run num:10
[2018-07-19 22:11:31][debug] [sms]ok num:10
[2018-07-19 22:11:31][debug] [sms]no num:0
[2018-07-19 22:11:31][debug] [sms]run time:4
[2018-07-19 22:11:31][debug] [sms]end:1532009491
[2018-07-19 22:11:31][debug] [sms]page:https://bbs.bivfw.top/plugin.php?id=tom_tchongbao:ajax&act=nitice_sms_hb_run&site=1&tongcheng_id=453&hongbao_id=53&page=39
[2018-07-19 22:11:31][debug] [sms]hongbao id:53
[2018-07-19 22:11:31][debug] [sms]page:39
[2018-07-19 22:11:31][debug] [sms]client IP:118.89.52.235
[2018-07-19 22:11:31][debug] [sms]start:1532009491
[2018-07-19 22:11:34][debug] [sms]all num:10
[2018-07-19 22:11:34][debug] [sms]run num:10
[2018-07-19 22:11:34][debug] [sms]ok num:7
[2018-07-19 22:11:34][debug] [sms]no num:0
[2018-07-19 22:11:34][debug] [sms]run time:3
[2018-07-19 22:11:34][debug] [sms]end:1532009494
[2018-07-19 22:11:34][debug] [sms]page:https://bbs.bivfw.top/plugin.php?id=tom_tchongbao:ajax&act=nitice_sms_hb_run&site=1&tongcheng_id=453&hongbao_id=53&page=40
[2018-07-19 22:11:35][debug] [sms]hongbao id:53
[2018-07-19 22:11:35][debug] [sms]page:40
[2018-07-19 22:11:35][debug] [sms]client IP:118.89.52.235
[2018-07-19 22:11:35][debug] [sms]start:1532009495
[2018-07-19 22:11:38][debug] [sms]all num:10
[2018-07-19 22:11:38][debug] [sms]run num:10
[2018-07-19 22:11:38][debug] [sms]ok num:6
[2018-07-19 22:11:38][debug] [sms]no num:0
[2018-07-19 22:11:38][debug] [sms]run time:3
[2018-07-19 22:11:38][debug] [sms]end:1532009498
[2018-07-19 22:11:38][debug] [sms]page:https://bbs.bivfw.top/plugin.php?id=tom_tchongbao:ajax&act=nitice_sms_hb_run&site=1&tongcheng_id=453&hongbao_id=53&page=41
[2018-07-19 22:11:38][debug] [sms]hongbao id:53
[2018-07-19 22:11:38][debug] [sms]page:41
[2018-07-19 22:11:38][debug] [sms]client IP:118.89.52.235
[2018-07-19 22:11:38][debug] [sms]start:1532009498
[2018-07-19 22:11:40][debug] [sms]all num:10
[2018-07-19 22:11:40][debug] [sms]run num:9
[2018-07-19 22:11:40][debug] [sms]ok num:3
[2018-07-19 22:11:40][debug] [sms]no num:0
[2018-07-19 22:11:40][debug] [sms]run time:2
[2018-07-19 22:11:40][debug] [sms]end:1532009500
[2018-07-19 22:11:40][debug] [sms]page:https://bbs.bivfw.top/plugin.php?id=tom_tchongbao:ajax&act=nitice_sms_hb_run&site=1&tongcheng_id=453&hongbao_id=53&page=42
[2018-07-19 22:11:41][debug] [sms]hongbao id:53
[2018-07-19 22:11:41][debug] [sms]page:42
[2018-07-19 22:11:41][debug] [sms]client IP:118.89.52.235
[2018-07-19 22:11:41][debug] [sms]start:1532009501
[2018-07-19 22:11:43][debug] [sms]all num:10
[2018-07-19 22:11:43][debug] [sms]run num:10
[2018-07-19 22:11:43][debug] [sms]ok num:3
[2018-07-19 22:11:43][debug] [sms]no num:0
[2018-07-19 22:11:43][debug] [sms]run time:2
[2018-07-19 22:11:43][debug] [sms]end:1532009503
[2018-07-19 22:11:43][debug] [sms]page:https://bbs.bivfw.top/plugin.php?id=tom_tchongbao:ajax&act=nitice_sms_hb_run&site=1&tongcheng_id=453&hongbao_id=53&page=43
[2018-07-19 22:11:44][debug] [sms]hongbao id:53
[2018-07-19 22:11:44][debug] [sms]page:43
[2018-07-19 22:11:44][debug] [sms]client IP:118.89.52.235
[2018-07-19 22:11:44][debug] [sms]start:1532009504
[2018-07-19 22:11:47][debug] [sms]all num:10
[2018-07-19 22:11:47][debug] [sms]run num:10
[2018-07-19 22:11:47][debug] [sms]ok num:3
[2018-07-19 22:11:47][debug] [sms]no num:0
[2018-07-19 22:11:47][debug] [sms]run time:3
[2018-07-19 22:11:47][debug] [sms]end:1532009507
[2018-07-19 22:11:47][debug] [sms]page:https://bbs.bivfw.top/plugin.php?id=tom_tchongbao:ajax&act=nitice_sms_hb_run&site=1&tongcheng_id=453&hongbao_id=53&page=44
[2018-07-19 22:11:47][debug] [sms]hongbao id:53
[2018-07-19 22:11:47][debug] [sms]page:44
[2018-07-19 22:11:47][debug] [sms]client IP:118.89.52.235
[2018-07-19 22:11:47][debug] [sms]start:1532009507
[2018-07-19 22:11:50][debug] [sms]all num:10
[2018-07-19 22:11:50][debug] [sms]run num:10
[2018-07-19 22:11:50][debug] [sms]ok num:8
[2018-07-19 22:11:50][debug] [sms]no num:0
[2018-07-19 22:11:50][debug] [sms]run time:3
[2018-07-19 22:11:50][debug] [sms]end:1532009510
[2018-07-19 22:11:50][debug] [sms]page:https://bbs.bivfw.top/plugin.php?id=tom_tchongbao:ajax&act=nitice_sms_hb_run&site=1&tongcheng_id=453&hongbao_id=53&page=45
[2018-07-19 22:11:51][debug] [sms]hongbao id:53
[2018-07-19 22:11:51][debug] [sms]page:45
[2018-07-19 22:11:51][debug] [sms]client IP:118.89.52.235
[2018-07-19 22:11:51][debug] [sms]start:1532009511
[2018-07-19 22:11:54][debug] [sms]all num:10
[2018-07-19 22:11:54][debug] [sms]run num:10
[2018-07-19 22:11:54][debug] [sms]ok num:10
[2018-07-19 22:11:54][debug] [sms]no num:0
[2018-07-19 22:11:54][debug] [sms]run time:3
[2018-07-19 22:11:54][debug] [sms]end:1532009514
[2018-07-19 22:11:54][debug] [sms]page:https://bbs.bivfw.top/plugin.php?id=tom_tchongbao:ajax&act=nitice_sms_hb_run&site=1&tongcheng_id=453&hongbao_id=53&page=46
[2018-07-19 22:11:54][debug] [sms]hongbao id:53
[2018-07-19 22:11:54][debug] [sms]page:46
[2018-07-19 22:11:54][debug] [sms]client IP:118.89.52.235
[2018-07-19 22:11:54][debug] [sms]start:1532009514
[2018-07-19 22:11:57][debug] [sms]all num:10
[2018-07-19 22:11:57][debug] [sms]run num:10
[2018-07-19 22:11:57][debug] [sms]ok num:9
[2018-07-19 22:11:57][debug] [sms]no num:0
[2018-07-19 22:11:57][debug] [sms]run time:3
[2018-07-19 22:11:57][debug] [sms]end:1532009517
[2018-07-19 22:11:57][debug] [sms]page:https://bbs.bivfw.top/plugin.php?id=tom_tchongbao:ajax&act=nitice_sms_hb_run&site=1&tongcheng_id=453&hongbao_id=53&page=47
[2018-07-19 22:11:57][debug] [sms]hongbao id:53
[2018-07-19 22:11:57][debug] [sms]page:47
[2018-07-19 22:11:57][debug] [sms]client IP:118.89.52.235
[2018-07-19 22:11:57][debug] [sms]start:1532009517
[2018-07-19 22:12:00][debug] [sms]all num:10
[2018-07-19 22:12:00][debug] [sms]run num:10
[2018-07-19 22:12:00][debug] [sms]ok num:10
[2018-07-19 22:12:00][debug] [sms]no num:0
[2018-07-19 22:12:00][debug] [sms]run time:3
[2018-07-19 22:12:00][debug] [sms]end:1532009520
[2018-07-19 22:12:00][debug] [sms]page:https://bbs.bivfw.top/plugin.php?id=tom_tchongbao:ajax&act=nitice_sms_hb_run&site=1&tongcheng_id=453&hongbao_id=53&page=48
[2018-07-19 22:12:01][debug] [sms]hongbao id:53
[2018-07-19 22:12:01][debug] [sms]page:48
[2018-07-19 22:12:01][debug] [sms]client IP:118.89.52.235
[2018-07-19 22:12:01][debug] [sms]start:1532009521
[2018-07-19 22:12:04][debug] [sms]all num:10
[2018-07-19 22:12:04][debug] [sms]run num:10
[2018-07-19 22:12:04][debug] [sms]ok num:10
[2018-07-19 22:12:04][debug] [sms]no num:0
[2018-07-19 22:12:04][debug] [sms]run time:3
[2018-07-19 22:12:04][debug] [sms]end:1532009524
[2018-07-19 22:12:04][debug] [sms]page:https://bbs.bivfw.top/plugin.php?id=tom_tchongbao:ajax&act=nitice_sms_hb_run&site=1&tongcheng_id=453&hongbao_id=53&page=49
[2018-07-19 22:12:04][debug] [sms]hongbao id:53
[2018-07-19 22:12:04][debug] [sms]page:49
[2018-07-19 22:12:04][debug] [sms]client IP:118.89.52.235
[2018-07-19 22:12:04][debug] [sms]start:1532009524
[2018-07-19 22:12:07][debug] [sms]all num:10
[2018-07-19 22:12:07][debug] [sms]run num:10
[2018-07-19 22:12:07][debug] [sms]ok num:6
[2018-07-19 22:12:07][debug] [sms]no num:0
[2018-07-19 22:12:07][debug] [sms]run time:3
[2018-07-19 22:12:07][debug] [sms]end:1532009527
[2018-07-19 22:12:07][debug] [sms]page:https://bbs.bivfw.top/plugin.php?id=tom_tchongbao:ajax&act=nitice_sms_hb_run&site=1&tongcheng_id=453&hongbao_id=53&page=50
[2018-07-19 22:12:07][debug] [sms]hongbao id:53
[2018-07-19 22:12:07][debug] [sms]page:50
[2018-07-19 22:12:07][debug] [sms]client IP:118.89.52.235
[2018-07-19 22:12:07][debug] [sms]start:1532009527
[2018-07-19 22:12:10][debug] [sms]all num:10
[2018-07-19 22:12:10][debug] [sms]run num:10
[2018-07-19 22:12:10][debug] [sms]ok num:2
[2018-07-19 22:12:10][debug] [sms]no num:0
[2018-07-19 22:12:10][debug] [sms]run time:3
[2018-07-19 22:12:10][debug] [sms]end:1532009530
[2018-07-19 22:12:10][debug] [sms]page:https://bbs.bivfw.top/plugin.php?id=tom_tchongbao:ajax&act=nitice_sms_hb_run&site=1&tongcheng_id=453&hongbao_id=53&page=51
[2018-07-19 22:12:10][debug] [sms]hongbao id:53
[2018-07-19 22:12:10][debug] [sms]page:51
[2018-07-19 22:12:10][debug] [sms]client IP:118.89.52.235
[2018-07-19 22:12:10][debug] [sms]start:1532009530
[2018-07-19 22:12:13][debug] [sms]all num:10
[2018-07-19 22:12:13][debug] [sms]run num:10
[2018-07-19 22:12:13][debug] [sms]ok num:4
[2018-07-19 22:12:13][debug] [sms]no num:0
[2018-07-19 22:12:13][debug] [sms]run time:3
[2018-07-19 22:12:13][debug] [sms]end:1532009533
[2018-07-19 22:12:13][debug] [sms]page:https://bbs.bivfw.top/plugin.php?id=tom_tchongbao:ajax&act=nitice_sms_hb_run&site=1&tongcheng_id=453&hongbao_id=53&page=52
[2018-07-19 22:12:14][debug] [sms]hongbao id:53
[2018-07-19 22:12:14][debug] [sms]page:52
[2018-07-19 22:12:14][debug] [sms]client IP:118.89.52.235
[2018-07-19 22:12:14][debug] [sms]start:1532009534
[2018-07-19 22:12:16][debug] [sms]all num:10
[2018-07-19 22:12:16][debug] [sms]run num:10
[2018-07-19 22:12:16][debug] [sms]ok num:0
[2018-07-19 22:12:16][debug] [sms]no num:0
[2018-07-19 22:12:16][debug] [sms]run time:2
[2018-07-19 22:12:16][debug] [sms]end:1532009536
[2018-07-19 22:12:16][debug] [sms]page:https://bbs.bivfw.top/plugin.php?id=tom_tchongbao:ajax&act=nitice_sms_hb_run&site=1&tongcheng_id=453&hongbao_id=53&page=53
[2018-07-19 22:12:17][debug] [sms]hongbao id:53
[2018-07-19 22:12:17][debug] [sms]page:53
[2018-07-19 22:12:17][debug] [sms]client IP:118.89.52.235
[2018-07-19 22:12:17][debug] [sms]start:1532009537
[2018-07-19 22:12:21][debug] [sms]all num:10
[2018-07-19 22:12:21][debug] [sms]run num:10
[2018-07-19 22:12:21][debug] [sms]ok num:1
[2018-07-19 22:12:21][debug] [sms]no num:0
[2018-07-19 22:12:21][debug] [sms]run time:4
[2018-07-19 22:12:21][debug] [sms]end:1532009541
[2018-07-19 22:12:21][debug] [sms]page:https://bbs.bivfw.top/plugin.php?id=tom_tchongbao:ajax&act=nitice_sms_hb_run&site=1&tongcheng_id=453&hongbao_id=53&page=54
[2018-07-19 22:12:21][debug] [sms]hongbao id:53
[2018-07-19 22:12:21][debug] [sms]page:54
[2018-07-19 22:12:21][debug] [sms]client IP:118.89.52.235
[2018-07-19 22:12:21][debug] [sms]start:1532009541
[2018-07-19 22:12:24][debug] [sms]all num:10
[2018-07-19 22:12:24][debug] [sms]run num:10
[2018-07-19 22:12:24][debug] [sms]ok num:1
[2018-07-19 22:12:24][debug] [sms]no num:0
[2018-07-19 22:12:24][debug] [sms]run time:3
[2018-07-19 22:12:24][debug] [sms]end:1532009544
[2018-07-19 22:12:24][debug] [sms]page:https://bbs.bivfw.top/plugin.php?id=tom_tchongbao:ajax&act=nitice_sms_hb_run&site=1&tongcheng_id=453&hongbao_id=53&page=55
[2018-07-19 22:12:24][debug] [sms]hongbao id:53
[2018-07-19 22:12:24][debug] [sms]page:55
[2018-07-19 22:12:24][debug] [sms]client IP:118.89.52.235
[2018-07-19 22:12:24][debug] [sms]start:1532009544
[2018-07-19 22:12:27][debug] [sms]all num:10
[2018-07-19 22:12:27][debug] [sms]run num:10
[2018-07-19 22:12:27][debug] [sms]ok num:2
[2018-07-19 22:12:27][debug] [sms]no num:0
[2018-07-19 22:12:27][debug] [sms]run time:3
[2018-07-19 22:12:27][debug] [sms]end:1532009547
[2018-07-19 22:12:27][debug] [sms]page:https://bbs.bivfw.top/plugin.php?id=tom_tchongbao:ajax&act=nitice_sms_hb_run&site=1&tongcheng_id=453&hongbao_id=53&page=56
[2018-07-19 22:12:28][debug] [sms]hongbao id:53
[2018-07-19 22:12:28][debug] [sms]page:56
[2018-07-19 22:12:28][debug] [sms]client IP:118.89.52.235
[2018-07-19 22:12:28][debug] [sms]start:1532009548
[2018-07-19 22:12:31][debug] [sms]all num:10
[2018-07-19 22:12:31][debug] [sms]run num:10
[2018-07-19 22:12:31][debug] [sms]ok num:7
[2018-07-19 22:12:31][debug] [sms]no num:0
[2018-07-19 22:12:31][debug] [sms]run time:3
[2018-07-19 22:12:31][debug] [sms]end:1532009551
[2018-07-19 22:12:31][debug] [sms]page:https://bbs.bivfw.top/plugin.php?id=tom_tchongbao:ajax&act=nitice_sms_hb_run&site=1&tongcheng_id=453&hongbao_id=53&page=57
[2018-07-19 22:12:31][debug] [sms]hongbao id:53
[2018-07-19 22:12:31][debug] [sms]page:57
[2018-07-19 22:12:31][debug] [sms]client IP:118.89.52.235
[2018-07-19 22:12:31][debug] [sms]start:1532009551
[2018-07-19 22:12:34][debug] [sms]all num:10
[2018-07-19 22:12:34][debug] [sms]run num:10
[2018-07-19 22:12:34][debug] [sms]ok num:10
[2018-07-19 22:12:34][debug] [sms]no num:0
[2018-07-19 22:12:34][debug] [sms]run time:3
[2018-07-19 22:12:34][debug] [sms]end:1532009554
[2018-07-19 22:12:34][debug] [sms]page:https://bbs.bivfw.top/plugin.php?id=tom_tchongbao:ajax&act=nitice_sms_hb_run&site=1&tongcheng_id=453&hongbao_id=53&page=58
[2018-07-19 22:12:34][debug] [sms]hongbao id:53
[2018-07-19 22:12:34][debug] [sms]page:58
[2018-07-19 22:12:34][debug] [sms]client IP:118.89.52.235
[2018-07-19 22:12:34][debug] [sms]start:1532009554
[2018-07-19 22:12:37][debug] [sms]all num:10
[2018-07-19 22:12:37][debug] [sms]run num:10
[2018-07-19 22:12:37][debug] [sms]ok num:10
[2018-07-19 22:12:37][debug] [sms]no num:0
[2018-07-19 22:12:37][debug] [sms]run time:3
[2018-07-19 22:12:37][debug] [sms]end:1532009557
[2018-07-19 22:12:37][debug] [sms]page:https://bbs.bivfw.top/plugin.php?id=tom_tchongbao:ajax&act=nitice_sms_hb_run&site=1&tongcheng_id=453&hongbao_id=53&page=59
[2018-07-19 22:12:38][debug] [sms]hongbao id:53
[2018-07-19 22:12:38][debug] [sms]page:59
[2018-07-19 22:12:38][debug] [sms]client IP:118.89.52.235
[2018-07-19 22:12:38][debug] [sms]start:1532009558
[2018-07-19 22:12:40][debug] [sms]all num:10
[2018-07-19 22:12:40][debug] [sms]run num:10
[2018-07-19 22:12:40][debug] [sms]ok num:2
[2018-07-19 22:12:40][debug] [sms]no num:0
[2018-07-19 22:12:40][debug] [sms]run time:2
[2018-07-19 22:12:40][debug] [sms]end:1532009560
[2018-07-19 22:12:40][debug] [sms]page:https://bbs.bivfw.top/plugin.php?id=tom_tchongbao:ajax&act=nitice_sms_hb_run&site=1&tongcheng_id=453&hongbao_id=53&page=60
[2018-07-19 22:12:41][debug] [sms]hongbao id:53
[2018-07-19 22:12:41][debug] [sms]page:60
[2018-07-19 22:12:41][debug] [sms]client IP:118.89.52.235
[2018-07-19 22:12:41][debug] [sms]start:1532009561
[2018-07-19 22:12:43][debug] [sms]all num:10
[2018-07-19 22:12:43][debug] [sms]run num:9
[2018-07-19 22:12:43][debug] [sms]ok num:2
[2018-07-19 22:12:43][debug] [sms]no num:0
[2018-07-19 22:12:43][debug] [sms]run time:2
[2018-07-19 22:12:43][debug] [sms]end:1532009563
[2018-07-19 22:12:43][debug] [sms]page:https://bbs.bivfw.top/plugin.php?id=tom_tchongbao:ajax&act=nitice_sms_hb_run&site=1&tongcheng_id=453&hongbao_id=53&page=61
[2018-07-19 22:12:43][debug] [sms]hongbao id:53
[2018-07-19 22:12:43][debug] [sms]page:61
[2018-07-19 22:12:43][debug] [sms]client IP:118.89.52.235
[2018-07-19 22:12:43][debug] [sms]start:1532009563
[2018-07-19 22:12:46][debug] [sms]all num:10
[2018-07-19 22:12:46][debug] [sms]run num:10
[2018-07-19 22:12:46][debug] [sms]ok num:4
[2018-07-19 22:12:46][debug] [sms]no num:0
[2018-07-19 22:12:46][debug] [sms]run time:3
[2018-07-19 22:12:46][debug] [sms]end:1532009566
[2018-07-19 22:12:46][debug] [sms]page:https://bbs.bivfw.top/plugin.php?id=tom_tchongbao:ajax&act=nitice_sms_hb_run&site=1&tongcheng_id=453&hongbao_id=53&page=62
[2018-07-19 22:12:46][debug] [sms]hongbao id:53
[2018-07-19 22:12:46][debug] [sms]page:62
[2018-07-19 22:12:46][debug] [sms]client IP:118.89.52.235
[2018-07-19 22:12:46][debug] [sms]start:1532009566
[2018-07-19 22:12:49][debug] [sms]all num:10
[2018-07-19 22:12:49][debug] [sms]run num:10
[2018-07-19 22:12:49][debug] [sms]ok num:3
[2018-07-19 22:12:49][debug] [sms]no num:0
[2018-07-19 22:12:49][debug] [sms]run time:3
[2018-07-19 22:12:49][debug] [sms]end:1532009569
[2018-07-19 22:12:49][debug] [sms]page:https://bbs.bivfw.top/plugin.php?id=tom_tchongbao:ajax&act=nitice_sms_hb_run&site=1&tongcheng_id=453&hongbao_id=53&page=63
[2018-07-19 22:12:49][debug] [sms]hongbao id:53
[2018-07-19 22:12:49][debug] [sms]page:63
[2018-07-19 22:12:49][debug] [sms]client IP:118.89.52.235
[2018-07-19 22:12:49][debug] [sms]start:1532009569
[2018-07-19 22:12:52][debug] [sms]all num:10
[2018-07-19 22:12:52][debug] [sms]run num:10
[2018-07-19 22:12:52][debug] [sms]ok num:2
[2018-07-19 22:12:52][debug] [sms]no num:0
[2018-07-19 22:12:52][debug] [sms]run time:3
[2018-07-19 22:12:52][debug] [sms]end:1532009572
[2018-07-19 22:12:52][debug] [sms]page:https://bbs.bivfw.top/plugin.php?id=tom_tchongbao:ajax&act=nitice_sms_hb_run&site=1&tongcheng_id=453&hongbao_id=53&page=64
[2018-07-19 22:12:52][debug] [sms]hongbao id:53
[2018-07-19 22:12:52][debug] [sms]page:64
[2018-07-19 22:12:52][debug] [sms]client IP:118.89.52.235
[2018-07-19 22:12:52][debug] [sms]start:1532009572
[2018-07-19 22:12:55][debug] [sms]all num:10
[2018-07-19 22:12:55][debug] [sms]run num:10
[2018-07-19 22:12:55][debug] [sms]ok num:6
[2018-07-19 22:12:55][debug] [sms]no num:0
[2018-07-19 22:12:55][debug] [sms]run time:3
[2018-07-19 22:12:55][debug] [sms]end:1532009575
[2018-07-19 22:12:55][debug] [sms]page:https://bbs.bivfw.top/plugin.php?id=tom_tchongbao:ajax&act=nitice_sms_hb_run&site=1&tongcheng_id=453&hongbao_id=53&page=65
[2018-07-19 22:12:56][debug] [sms]hongbao id:53
[2018-07-19 22:12:56][debug] [sms]page:65
[2018-07-19 22:12:56][debug] [sms]client IP:118.89.52.235
[2018-07-19 22:12:56][debug] [sms]start:1532009576
[2018-07-19 22:12:59][debug] [sms]all num:10
[2018-07-19 22:12:59][debug] [sms]run num:10
[2018-07-19 22:12:59][debug] [sms]ok num:7
[2018-07-19 22:12:59][debug] [sms]no num:0
[2018-07-19 22:12:59][debug] [sms]run time:3
[2018-07-19 22:12:59][debug] [sms]end:1532009579
[2018-07-19 22:12:59][debug] [sms]page:https://bbs.bivfw.top/plugin.php?id=tom_tchongbao:ajax&act=nitice_sms_hb_run&site=1&tongcheng_id=453&hongbao_id=53&page=66
[2018-07-19 22:12:59][debug] [sms]hongbao id:53
[2018-07-19 22:12:59][debug] [sms]page:66
[2018-07-19 22:12:59][debug] [sms]client IP:118.89.52.235
[2018-07-19 22:12:59][debug] [sms]start:1532009579
[2018-07-19 22:13:02][debug] [sms]all num:10
[2018-07-19 22:13:02][debug] [sms]run num:10
[2018-07-19 22:13:02][debug] [sms]ok num:9
[2018-07-19 22:13:02][debug] [sms]no num:0
[2018-07-19 22:13:02][debug] [sms]run time:3
[2018-07-19 22:13:02][debug] [sms]end:1532009582
[2018-07-19 22:13:02][debug] [sms]page:https://bbs.bivfw.top/plugin.php?id=tom_tchongbao:ajax&act=nitice_sms_hb_run&site=1&tongcheng_id=453&hongbao_id=53&page=67
[2018-07-19 22:13:02][debug] [sms]hongbao id:53
[2018-07-19 22:13:02][debug] [sms]page:67
[2018-07-19 22:13:02][debug] [sms]client IP:118.89.52.235
[2018-07-19 22:13:02][debug] [sms]start:1532009582
[2018-07-19 22:13:05][debug] [sms]all num:10
[2018-07-19 22:13:05][debug] [sms]run num:10
[2018-07-19 22:13:05][debug] [sms]ok num:10
[2018-07-19 22:13:05][debug] [sms]no num:0
[2018-07-19 22:13:05][debug] [sms]run time:3
[2018-07-19 22:13:05][debug] [sms]end:1532009585
[2018-07-19 22:13:05][debug] [sms]page:https://bbs.bivfw.top/plugin.php?id=tom_tchongbao:ajax&act=nitice_sms_hb_run&site=1&tongcheng_id=453&hongbao_id=53&page=68
[2018-07-19 22:13:05][debug] [sms]hongbao id:53
[2018-07-19 22:13:05][debug] [sms]page:68
[2018-07-19 22:13:05][debug] [sms]client IP:118.89.52.235
[2018-07-19 22:13:05][debug] [sms]start:1532009585
[2018-07-19 22:13:08][debug] [sms]all num:10
[2018-07-19 22:13:08][debug] [sms]run num:10
[2018-07-19 22:13:08][debug] [sms]ok num:5
[2018-07-19 22:13:08][debug] [sms]no num:0
[2018-07-19 22:13:08][debug] [sms]run time:3
[2018-07-19 22:13:08][debug] [sms]end:1532009588
[2018-07-19 22:13:08][debug] [sms]page:https://bbs.bivfw.top/plugin.php?id=tom_tchongbao:ajax&act=nitice_sms_hb_run&site=1&tongcheng_id=453&hongbao_id=53&page=69
[2018-07-19 22:13:09][debug] [sms]hongbao id:53
[2018-07-19 22:13:09][debug] [sms]page:69
[2018-07-19 22:13:09][debug] [sms]client IP:118.89.52.235
[2018-07-19 22:13:09][debug] [sms]start:1532009589
[2018-07-19 22:13:11][debug] [sms]all num:10
[2018-07-19 22:13:11][debug] [sms]run num:10
[2018-07-19 22:13:11][debug] [sms]ok num:3
[2018-07-19 22:13:11][debug] [sms]no num:0
[2018-07-19 22:13:11][debug] [sms]run time:2
[2018-07-19 22:13:11][debug] [sms]end:1532009591
[2018-07-19 22:13:11][debug] [sms]page:https://bbs.bivfw.top/plugin.php?id=tom_tchongbao:ajax&act=nitice_sms_hb_run&site=1&tongcheng_id=453&hongbao_id=53&page=70
[2018-07-19 22:13:12][debug] [sms]hongbao id:53
[2018-07-19 22:13:12][debug] [sms]page:70
[2018-07-19 22:13:12][debug] [sms]client IP:118.89.52.235
[2018-07-19 22:13:12][debug] [sms]start:1532009592
[2018-07-19 22:13:14][debug] [sms]all num:10
[2018-07-19 22:13:14][debug] [sms]run num:10
[2018-07-19 22:13:14][debug] [sms]ok num:3
[2018-07-19 22:13:14][debug] [sms]no num:0
[2018-07-19 22:13:14][debug] [sms]run time:2
[2018-07-19 22:13:14][debug] [sms]end:1532009594
[2018-07-19 22:13:14][debug] [sms]page:https://bbs.bivfw.top/plugin.php?id=tom_tchongbao:ajax&act=nitice_sms_hb_run&site=1&tongcheng_id=453&hongbao_id=53&page=71
[2018-07-19 22:13:15][debug] [sms]hongbao id:53
[2018-07-19 22:13:15][debug] [sms]page:71
[2018-07-19 22:13:15][debug] [sms]client IP:118.89.52.235
[2018-07-19 22:13:15][debug] [sms]start:1532009595
[2018-07-19 22:13:17][debug] [sms]all num:10
[2018-07-19 22:13:17][debug] [sms]run num:10
[2018-07-19 22:13:17][debug] [sms]ok num:0
[2018-07-19 22:13:17][debug] [sms]no num:0
[2018-07-19 22:13:17][debug] [sms]run time:2
[2018-07-19 22:13:17][debug] [sms]end:1532009597
[2018-07-19 22:13:17][debug] [sms]page:https://bbs.bivfw.top/plugin.php?id=tom_tchongbao:ajax&act=nitice_sms_hb_run&site=1&tongcheng_id=453&hongbao_id=53&page=72
[2018-07-19 22:13:18][debug] [sms]hongbao id:53
[2018-07-19 22:13:18][debug] [sms]page:72
[2018-07-19 22:13:18][debug] [sms]client IP:118.89.52.235
[2018-07-19 22:13:18][debug] [sms]start:1532009598
[2018-07-19 22:13:20][debug] [sms]all num:10
[2018-07-19 22:13:20][debug] [sms]run num:10
[2018-07-19 22:13:20][debug] [sms]ok num:1
[2018-07-19 22:13:20][debug] [sms]no num:0
[2018-07-19 22:13:20][debug] [sms]run time:2
[2018-07-19 22:13:20][debug] [sms]end:1532009600
[2018-07-19 22:13:20][debug] [sms]page:https://bbs.bivfw.top/plugin.php?id=tom_tchongbao:ajax&act=nitice_sms_hb_run&site=1&tongcheng_id=453&hongbao_id=53&page=73
[2018-07-19 22:13:21][debug] [sms]hongbao id:53
[2018-07-19 22:13:21][debug] [sms]page:73
[2018-07-19 22:13:21][debug] [sms]client IP:118.89.52.235
[2018-07-19 22:13:21][debug] [sms]start:1532009601
[2018-07-19 22:13:24][debug] [sms]all num:10
[2018-07-19 22:13:24][debug] [sms]run num:10
[2018-07-19 22:13:24][debug] [sms]ok num:3
[2018-07-19 22:13:24][debug] [sms]no num:0
[2018-07-19 22:13:24][debug] [sms]run time:3
[2018-07-19 22:13:24][debug] [sms]end:1532009604
[2018-07-19 22:13:24][debug] [sms]page:https://bbs.bivfw.top/plugin.php?id=tom_tchongbao:ajax&act=nitice_sms_hb_run&site=1&tongcheng_id=453&hongbao_id=53&page=74
[2018-07-19 22:13:24][debug] [sms]hongbao id:53
[2018-07-19 22:13:24][debug] [sms]page:74
[2018-07-19 22:13:24][debug] [sms]client IP:118.89.52.235
[2018-07-19 22:13:24][debug] [sms]start:1532009604
[2018-07-19 22:13:27][debug] [sms]all num:10
[2018-07-19 22:13:27][debug] [sms]run num:10
[2018-07-19 22:13:27][debug] [sms]ok num:2
[2018-07-19 22:13:27][debug] [sms]no num:0
[2018-07-19 22:13:27][debug] [sms]run time:3
[2018-07-19 22:13:27][debug] [sms]end:1532009607
[2018-07-19 22:13:27][debug] [sms]page:https://bbs.bivfw.top/plugin.php?id=tom_tchongbao:ajax&act=nitice_sms_hb_run&site=1&tongcheng_id=453&hongbao_id=53&page=75
[2018-07-19 22:13:27][debug] [sms]hongbao id:53
[2018-07-19 22:13:27][debug] [sms]page:75
[2018-07-19 22:13:27][debug] [sms]client IP:118.89.52.235
[2018-07-19 22:13:27][debug] [sms]start:1532009607
[2018-07-19 22:13:30][debug] [sms]all num:10
[2018-07-19 22:13:30][debug] [sms]run num:9
[2018-07-19 22:13:30][debug] [sms]ok num:5
[2018-07-19 22:13:30][debug] [sms]no num:0
[2018-07-19 22:13:30][debug] [sms]run time:3
[2018-07-19 22:13:30][debug] [sms]end:1532009610
[2018-07-19 22:13:30][debug] [sms]page:https://bbs.bivfw.top/plugin.php?id=tom_tchongbao:ajax&act=nitice_sms_hb_run&site=1&tongcheng_id=453&hongbao_id=53&page=76
[2018-07-19 22:13:30][debug] [sms]hongbao id:53
[2018-07-19 22:13:30][debug] [sms]page:76
[2018-07-19 22:13:30][debug] [sms]client IP:118.89.52.235
[2018-07-19 22:13:30][debug] [sms]start:1532009610
[2018-07-19 22:13:33][debug] [sms]all num:10
[2018-07-19 22:13:33][debug] [sms]run num:10
[2018-07-19 22:13:33][debug] [sms]ok num:1
[2018-07-19 22:13:33][debug] [sms]no num:0
[2018-07-19 22:13:33][debug] [sms]run time:3
[2018-07-19 22:13:33][debug] [sms]end:1532009613
[2018-07-19 22:13:33][debug] [sms]page:https://bbs.bivfw.top/plugin.php?id=tom_tchongbao:ajax&act=nitice_sms_hb_run&site=1&tongcheng_id=453&hongbao_id=53&page=77
[2018-07-19 22:13:33][debug] [sms]hongbao id:53
[2018-07-19 22:13:33][debug] [sms]page:77
[2018-07-19 22:13:33][debug] [sms]client IP:118.89.52.235
[2018-07-19 22:13:33][debug] [sms]start:1532009613
[2018-07-19 22:13:36][debug] [sms]all num:10
[2018-07-19 22:13:36][debug] [sms]run num:10
[2018-07-19 22:13:36][debug] [sms]ok num:3
[2018-07-19 22:13:36][debug] [sms]no num:0
[2018-07-19 22:13:36][debug] [sms]run time:3
[2018-07-19 22:13:36][debug] [sms]end:1532009616
[2018-07-19 22:13:36][debug] [sms]page:https://bbs.bivfw.top/plugin.php?id=tom_tchongbao:ajax&act=nitice_sms_hb_run&site=1&tongcheng_id=453&hongbao_id=53&page=78
[2018-07-19 22:13:37][debug] [sms]hongbao id:53
[2018-07-19 22:13:37][debug] [sms]page:78
[2018-07-19 22:13:37][debug] [sms]client IP:118.89.52.235
[2018-07-19 22:13:37][debug] [sms]start:1532009617
[2018-07-19 22:13:40][debug] [sms]all num:10
[2018-07-19 22:13:40][debug] [sms]run num:10
[2018-07-19 22:13:40][debug] [sms]ok num:2
[2018-07-19 22:13:40][debug] [sms]no num:0
[2018-07-19 22:13:40][debug] [sms]run time:3
[2018-07-19 22:13:40][debug] [sms]end:1532009620
[2018-07-19 22:13:40][debug] [sms]page:https://bbs.bivfw.top/plugin.php?id=tom_tchongbao:ajax&act=nitice_sms_hb_run&site=1&tongcheng_id=453&hongbao_id=53&page=79
[2018-07-19 22:13:40][debug] [sms]hongbao id:53
[2018-07-19 22:13:40][debug] [sms]page:79
[2018-07-19 22:13:40][debug] [sms]client IP:118.89.52.235
[2018-07-19 22:13:40][debug] [sms]start:1532009620
[2018-07-19 22:13:43][debug] [sms]all num:10
[2018-07-19 22:13:43][debug] [sms]run num:10
[2018-07-19 22:13:43][debug] [sms]ok num:7
[2018-07-19 22:13:43][debug] [sms]no num:0
[2018-07-19 22:13:43][debug] [sms]run time:3
[2018-07-19 22:13:43][debug] [sms]end:1532009623
[2018-07-19 22:13:43][debug] [sms]page:https://bbs.bivfw.top/plugin.php?id=tom_tchongbao:ajax&act=nitice_sms_hb_run&site=1&tongcheng_id=453&hongbao_id=53&page=80
[2018-07-19 22:13:43][debug] [sms]hongbao id:53
[2018-07-19 22:13:43][debug] [sms]page:80
[2018-07-19 22:13:43][debug] [sms]client IP:118.89.52.235
[2018-07-19 22:13:43][debug] [sms]start:1532009623
[2018-07-19 22:13:46][debug] [sms]all num:10
[2018-07-19 22:13:46][debug] [sms]run num:10
[2018-07-19 22:13:46][debug] [sms]ok num:4
[2018-07-19 22:13:46][debug] [sms]no num:0
[2018-07-19 22:13:46][debug] [sms]run time:3
[2018-07-19 22:13:46][debug] [sms]end:1532009626
[2018-07-19 22:13:46][debug] [sms]page:https://bbs.bivfw.top/plugin.php?id=tom_tchongbao:ajax&act=nitice_sms_hb_run&site=1&tongcheng_id=453&hongbao_id=53&page=81
[2018-07-19 22:13:47][debug] [sms]hongbao id:53
[2018-07-19 22:13:47][debug] [sms]page:81
[2018-07-19 22:13:47][debug] [sms]client IP:118.89.52.235
[2018-07-19 22:13:47][debug] [sms]start:1532009627
[2018-07-19 22:13:49][debug] [sms]all num:10
[2018-07-19 22:13:49][debug] [sms]run num:10
[2018-07-19 22:13:49][debug] [sms]ok num:3
[2018-07-19 22:13:49][debug] [sms]no num:0
[2018-07-19 22:13:49][debug] [sms]run time:2
[2018-07-19 22:13:49][debug] [sms]end:1532009629
[2018-07-19 22:13:49][debug] [sms]page:https://bbs.bivfw.top/plugin.php?id=tom_tchongbao:ajax&act=nitice_sms_hb_run&site=1&tongcheng_id=453&hongbao_id=53&page=82
[2018-07-19 22:13:50][debug] [sms]hongbao id:53
[2018-07-19 22:13:50][debug] [sms]page:82
[2018-07-19 22:13:50][debug] [sms]client IP:118.89.52.235
[2018-07-19 22:13:50][debug] [sms]start:1532009630
[2018-07-19 22:13:53][debug] [sms]all num:10
[2018-07-19 22:13:53][debug] [sms]run num:10
[2018-07-19 22:13:53][debug] [sms]ok num:4
[2018-07-19 22:13:53][debug] [sms]no num:0
[2018-07-19 22:13:53][debug] [sms]run time:3
[2018-07-19 22:13:53][debug] [sms]end:1532009633
[2018-07-19 22:13:53][debug] [sms]page:https://bbs.bivfw.top/plugin.php?id=tom_tchongbao:ajax&act=nitice_sms_hb_run&site=1&tongcheng_id=453&hongbao_id=53&page=83
[2018-07-19 22:13:53][debug] [sms]hongbao id:53
[2018-07-19 22:13:53][debug] [sms]page:83
[2018-07-19 22:13:53][debug] [sms]client IP:118.89.52.235
[2018-07-19 22:13:53][debug] [sms]start:1532009633
[2018-07-19 22:13:56][debug] [sms]all num:10
[2018-07-19 22:13:56][debug] [sms]run num:10
[2018-07-19 22:13:56][debug] [sms]ok num:5
[2018-07-19 22:13:56][debug] [sms]no num:0
[2018-07-19 22:13:56][debug] [sms]run time:3
[2018-07-19 22:13:56][debug] [sms]end:1532009636
[2018-07-19 22:13:56][debug] [sms]page:https://bbs.bivfw.top/plugin.php?id=tom_tchongbao:ajax&act=nitice_sms_hb_run&site=1&tongcheng_id=453&hongbao_id=53&page=84
[2018-07-19 22:13:56][debug] [sms]hongbao id:53
[2018-07-19 22:13:56][debug] [sms]page:84
[2018-07-19 22:13:56][debug] [sms]client IP:118.89.52.235
[2018-07-19 22:13:56][debug] [sms]start:1532009636
[2018-07-19 22:13:59][debug] [sms]all num:10
[2018-07-19 22:13:59][debug] [sms]run num:10
[2018-07-19 22:13:59][debug] [sms]ok num:5
[2018-07-19 22:13:59][debug] [sms]no num:0
[2018-07-19 22:13:59][debug] [sms]run time:3
[2018-07-19 22:13:59][debug] [sms]end:1532009639
[2018-07-19 22:13:59][debug] [sms]page:https://bbs.bivfw.top/plugin.php?id=tom_tchongbao:ajax&act=nitice_sms_hb_run&site=1&tongcheng_id=453&hongbao_id=53&page=85
[2018-07-19 22:14:00][debug] [sms]hongbao id:53
[2018-07-19 22:14:00][debug] [sms]page:85
[2018-07-19 22:14:00][debug] [sms]client IP:118.89.52.235
[2018-07-19 22:14:00][debug] [sms]start:1532009640
[2018-07-19 22:14:03][debug] [sms]all num:10
[2018-07-19 22:14:03][debug] [sms]run num:10
[2018-07-19 22:14:03][debug] [sms]ok num:1
[2018-07-19 22:14:03][debug] [sms]no num:0
[2018-07-19 22:14:03][debug] [sms]run time:3
[2018-07-19 22:14:03][debug] [sms]end:1532009643
[2018-07-19 22:14:03][debug] [sms]page:https://bbs.bivfw.top/plugin.php?id=tom_tchongbao:ajax&act=nitice_sms_hb_run&site=1&tongcheng_id=453&hongbao_id=53&page=86
[2018-07-19 22:14:03][debug] [sms]hongbao id:53
[2018-07-19 22:14:03][debug] [sms]page:86
[2018-07-19 22:14:03][debug] [sms]client IP:118.89.52.235
[2018-07-19 22:14:03][debug] [sms]start:1532009643
[2018-07-19 22:14:06][debug] [sms]all num:10
[2018-07-19 22:14:06][debug] [sms]run num:10
[2018-07-19 22:14:06][debug] [sms]ok num:2
[2018-07-19 22:14:06][debug] [sms]no num:1
[2018-07-19 22:14:06][debug] [sms]run time:3
[2018-07-19 22:14:06][debug] [sms]end:1532009646
[2018-07-19 22:14:06][debug] [sms]page:https://bbs.bivfw.top/plugin.php?id=tom_tchongbao:ajax&act=nitice_sms_hb_run&site=1&tongcheng_id=453&hongbao_id=53&page=87
[2018-07-19 22:14:06][debug] [sms]hongbao id:53
[2018-07-19 22:14:06][debug] [sms]page:87
[2018-07-19 22:14:06][debug] [sms]client IP:118.89.52.235
[2018-07-19 22:14:06][debug] [sms]start:1532009646
[2018-07-19 22:14:09][debug] [sms]all num:10
[2018-07-19 22:14:09][debug] [sms]run num:10
[2018-07-19 22:14:09][debug] [sms]ok num:6
[2018-07-19 22:14:09][debug] [sms]no num:0
[2018-07-19 22:14:09][debug] [sms]run time:3
[2018-07-19 22:14:09][debug] [sms]end:1532009649
[2018-07-19 22:14:09][debug] [sms]page:https://bbs.bivfw.top/plugin.php?id=tom_tchongbao:ajax&act=nitice_sms_hb_run&site=1&tongcheng_id=453&hongbao_id=53&page=88
[2018-07-19 22:14:09][debug] [sms]hongbao id:53
[2018-07-19 22:14:09][debug] [sms]page:88
[2018-07-19 22:14:09][debug] [sms]client IP:118.89.52.235
[2018-07-19 22:14:09][debug] [sms]start:1532009649
[2018-07-19 22:14:12][debug] [sms]all num:10
[2018-07-19 22:14:12][debug] [sms]run num:10
[2018-07-19 22:14:12][debug] [sms]ok num:4
[2018-07-19 22:14:12][debug] [sms]no num:0
[2018-07-19 22:14:12][debug] [sms]run time:3
[2018-07-19 22:14:12][debug] [sms]end:1532009652
[2018-07-19 22:14:12][debug] [sms]page:https://bbs.bivfw.top/plugin.php?id=tom_tchongbao:ajax&act=nitice_sms_hb_run&site=1&tongcheng_id=453&hongbao_id=53&page=89
[2018-07-19 22:14:12][debug] [sms]hongbao id:53
[2018-07-19 22:14:12][debug] [sms]page:89
[2018-07-19 22:14:12][debug] [sms]client IP:118.89.52.235
[2018-07-19 22:14:12][debug] [sms]start:1532009652
[2018-07-19 22:14:15][debug] [sms]all num:10
[2018-07-19 22:14:15][debug] [sms]run num:10
[2018-07-19 22:14:15][debug] [sms]ok num:3
[2018-07-19 22:14:15][debug] [sms]no num:0
[2018-07-19 22:14:15][debug] [sms]run time:3
[2018-07-19 22:14:15][debug] [sms]end:1532009655
[2018-07-19 22:14:15][debug] [sms]page:https://bbs.bivfw.top/plugin.php?id=tom_tchongbao:ajax&act=nitice_sms_hb_run&site=1&tongcheng_id=453&hongbao_id=53&page=90
[2018-07-19 22:14:15][debug] [sms]hongbao id:53
[2018-07-19 22:14:15][debug] [sms]page:90
[2018-07-19 22:14:15][debug] [sms]client IP:118.89.52.235
[2018-07-19 22:14:15][debug] [sms]start:1532009655
[2018-07-19 22:14:18][debug] [sms]all num:10
[2018-07-19 22:14:18][debug] [sms]run num:10
[2018-07-19 22:14:18][debug] [sms]ok num:4
[2018-07-19 22:14:18][debug] [sms]no num:0
[2018-07-19 22:14:18][debug] [sms]run time:3
[2018-07-19 22:14:18][debug] [sms]end:1532009658
[2018-07-19 22:14:18][debug] [sms]page:https://bbs.bivfw.top/plugin.php?id=tom_tchongbao:ajax&act=nitice_sms_hb_run&site=1&tongcheng_id=453&hongbao_id=53&page=91
[2018-07-19 22:14:18][debug] [sms]hongbao id:53
[2018-07-19 22:14:18][debug] [sms]page:91
[2018-07-19 22:14:18][debug] [sms]client IP:118.89.52.235
[2018-07-19 22:14:18][debug] [sms]start:1532009658
[2018-07-19 22:14:21][debug] [sms]all num:10
[2018-07-19 22:14:21][debug] [sms]run num:10
[2018-07-19 22:14:21][debug] [sms]ok num:7
[2018-07-19 22:14:21][debug] [sms]no num:0
[2018-07-19 22:14:21][debug] [sms]run time:3
[2018-07-19 22:14:21][debug] [sms]end:1532009661
[2018-07-19 22:14:21][debug] [sms]page:https://bbs.bivfw.top/plugin.php?id=tom_tchongbao:ajax&act=nitice_sms_hb_run&site=1&tongcheng_id=453&hongbao_id=53&page=92
[2018-07-19 22:14:22][debug] [sms]hongbao id:53
[2018-07-19 22:14:22][debug] [sms]page:92
[2018-07-19 22:14:22][debug] [sms]client IP:118.89.52.235
[2018-07-19 22:14:22][debug] [sms]start:1532009662
[2018-07-19 22:14:25][debug] [sms]all num:10
[2018-07-19 22:14:25][debug] [sms]run num:10
[2018-07-19 22:14:25][debug] [sms]ok num:4
[2018-07-19 22:14:25][debug] [sms]no num:0
[2018-07-19 22:14:25][debug] [sms]run time:3
[2018-07-19 22:14:25][debug] [sms]end:1532009665
[2018-07-19 22:14:25][debug] [sms]page:https://bbs.bivfw.top/plugin.php?id=tom_tchongbao:ajax&act=nitice_sms_hb_run&site=1&tongcheng_id=453&hongbao_id=53&page=93
[2018-07-19 22:14:25][debug] [sms]hongbao id:53
[2018-07-19 22:14:25][debug] [sms]page:93
[2018-07-19 22:14:25][debug] [sms]client IP:118.89.52.235
[2018-07-19 22:14:25][debug] [sms]start:1532009665
[2018-07-19 22:14:28][debug] [sms]all num:10
[2018-07-19 22:14:28][debug] [sms]run num:10
[2018-07-19 22:14:28][debug] [sms]ok num:0
[2018-07-19 22:14:28][debug] [sms]no num:0
[2018-07-19 22:14:28][debug] [sms]run time:3
[2018-07-19 22:14:28][debug] [sms]end:1532009668
[2018-07-19 22:14:28][debug] [sms]page:https://bbs.bivfw.top/plugin.php?id=tom_tchongbao:ajax&act=nitice_sms_hb_run&site=1&tongcheng_id=453&hongbao_id=53&page=94
[2018-07-19 22:14:28][debug] [sms]hongbao id:53
[2018-07-19 22:14:28][debug] [sms]page:94
[2018-07-19 22:14:28][debug] [sms]client IP:118.89.52.235
[2018-07-19 22:14:28][debug] [sms]start:1532009668
[2018-07-19 22:14:31][debug] [sms]all num:10
[2018-07-19 22:14:31][debug] [sms]run num:10
[2018-07-19 22:14:31][debug] [sms]ok num:3
[2018-07-19 22:14:31][debug] [sms]no num:0
[2018-07-19 22:14:31][debug] [sms]run time:3
[2018-07-19 22:14:31][debug] [sms]end:1532009671
[2018-07-19 22:14:31][debug] [sms]page:https://bbs.bivfw.top/plugin.php?id=tom_tchongbao:ajax&act=nitice_sms_hb_run&site=1&tongcheng_id=453&hongbao_id=53&page=95
[2018-07-19 22:14:31][debug] [sms]hongbao id:53
[2018-07-19 22:14:31][debug] [sms]page:95
[2018-07-19 22:14:31][debug] [sms]client IP:118.89.52.235
[2018-07-19 22:14:31][debug] [sms]start:1532009671
[2018-07-19 22:14:34][debug] [sms]all num:10
[2018-07-19 22:14:34][debug] [sms]run num:10
[2018-07-19 22:14:34][debug] [sms]ok num:3
[2018-07-19 22:14:34][debug] [sms]no num:0
[2018-07-19 22:14:34][debug] [sms]run time:3
[2018-07-19 22:14:34][debug] [sms]end:1532009674
[2018-07-19 22:14:34][debug] [sms]page:https://bbs.bivfw.top/plugin.php?id=tom_tchongbao:ajax&act=nitice_sms_hb_run&site=1&tongcheng_id=453&hongbao_id=53&page=96
[2018-07-19 22:14:34][debug] [sms]hongbao id:53
[2018-07-19 22:14:34][debug] [sms]page:96
[2018-07-19 22:14:34][debug] [sms]client IP:118.89.52.235
[2018-07-19 22:14:34][debug] [sms]start:1532009674
[2018-07-19 22:14:37][debug] [sms]all num:10
[2018-07-19 22:14:37][debug] [sms]run num:10
[2018-07-19 22:14:37][debug] [sms]ok num:7
[2018-07-19 22:14:37][debug] [sms]no num:0
[2018-07-19 22:14:37][debug] [sms]run time:3
[2018-07-19 22:14:37][debug] [sms]end:1532009677
[2018-07-19 22:14:37][debug] [sms]page:https://bbs.bivfw.top/plugin.php?id=tom_tchongbao:ajax&act=nitice_sms_hb_run&site=1&tongcheng_id=453&hongbao_id=53&page=97
[2018-07-19 22:14:37][debug] [sms]hongbao id:53
[2018-07-19 22:14:37][debug] [sms]page:97
[2018-07-19 22:14:37][debug] [sms]client IP:118.89.52.235
[2018-07-19 22:14:37][debug] [sms]start:1532009677
[2018-07-19 22:14:40][debug] [sms]all num:10
[2018-07-19 22:14:40][debug] [sms]run num:10
[2018-07-19 22:14:40][debug] [sms]ok num:2
[2018-07-19 22:14:40][debug] [sms]no num:0
[2018-07-19 22:14:40][debug] [sms]run time:3
[2018-07-19 22:14:40][debug] [sms]end:1532009680
[2018-07-19 22:14:40][debug] [sms]page:https://bbs.bivfw.top/plugin.php?id=tom_tchongbao:ajax&act=nitice_sms_hb_run&site=1&tongcheng_id=453&hongbao_id=53&page=98
[2018-07-19 22:14:40][debug] [sms]hongbao id:53
[2018-07-19 22:14:40][debug] [sms]page:98
[2018-07-19 22:14:40][debug] [sms]client IP:118.89.52.235
[2018-07-19 22:14:40][debug] [sms]start:1532009680
[2018-07-19 22:14:43][debug] [sms]all num:10
[2018-07-19 22:14:43][debug] [sms]run num:10
[2018-07-19 22:14:43][debug] [sms]ok num:2
[2018-07-19 22:14:43][debug] [sms]no num:0
[2018-07-19 22:14:43][debug] [sms]run time:3
[2018-07-19 22:14:43][debug] [sms]end:1532009683
[2018-07-19 22:14:43][debug] [sms]page:https://bbs.bivfw.top/plugin.php?id=tom_tchongbao:ajax&act=nitice_sms_hb_run&site=1&tongcheng_id=453&hongbao_id=53&page=99
[2018-07-19 22:14:43][debug] [sms]hongbao id:53
[2018-07-19 22:14:43][debug] [sms]page:99
[2018-07-19 22:14:43][debug] [sms]client IP:118.89.52.235
[2018-07-19 22:14:43][debug] [sms]start:1532009683
[2018-07-19 22:14:46][debug] [sms]all num:10
[2018-07-19 22:14:46][debug] [sms]run num:10
[2018-07-19 22:14:46][debug] [sms]ok num:7
[2018-07-19 22:14:46][debug] [sms]no num:0
[2018-07-19 22:14:46][debug] [sms]run time:3
[2018-07-19 22:14:46][debug] [sms]end:1532009686
[2018-07-19 22:14:46][debug] [sms]page:https://bbs.bivfw.top/plugin.php?id=tom_tchongbao:ajax&act=nitice_sms_hb_run&site=1&tongcheng_id=453&hongbao_id=53&page=100
[2018-07-19 22:14:46][debug] [sms]hongbao id:53
[2018-07-19 22:14:46][debug] [sms]page:100
[2018-07-19 22:14:46][debug] [sms]client IP:118.89.52.235
[2018-07-19 22:14:46][debug] [sms]start:1532009686
[2018-07-19 22:14:49][debug] [sms]all num:10
[2018-07-19 22:14:49][debug] [sms]run num:10
[2018-07-19 22:14:49][debug] [sms]ok num:3
[2018-07-19 22:14:49][debug] [sms]no num:0
[2018-07-19 22:14:49][debug] [sms]run time:3
[2018-07-19 22:14:49][debug] [sms]end:1532009689
[2018-07-19 22:14:49][debug] [sms]page:https://bbs.bivfw.top/plugin.php?id=tom_tchongbao:ajax&act=nitice_sms_hb_run&site=1&tongcheng_id=453&hongbao_id=53&page=101
[2018-07-19 22:14:50][debug] [sms]--------------------- over 101 -------------------------
