[2018-05-11 21:06:13][debug] [sms]--------------------- new -------------------------
[2018-05-11 21:06:13][debug] [sms]hongbao id:35
[2018-05-11 21:06:13][debug] [sms]page:1
[2018-05-11 21:06:13][debug] [sms]client IP:118.89.52.235
[2018-05-11 21:06:13][debug] [sms]start:1526043973
[2018-05-11 21:06:16][debug] [sms]all num:10
[2018-05-11 21:06:16][debug] [sms]run num:8
[2018-05-11 21:06:16][debug] [sms]ok num:6
[2018-05-11 21:06:16][debug] [sms]no num:0
[2018-05-11 21:06:16][debug] [sms]run time:3
[2018-05-11 21:06:16][debug] [sms]end:1526043976
[2018-05-11 21:06:16][debug] [sms]page:https://bbs.bivfw.top/plugin.php?id=tom_tchongbao:ajax&act=nitice_sms_hb_run&site=1&tongcheng_id=280&hongbao_id=35&page=2
[2018-05-11 21:06:17][debug] [sms]hongbao id:35
[2018-05-11 21:06:17][debug] [sms]page:2
[2018-05-11 21:06:17][debug] [sms]client IP:118.89.52.235
[2018-05-11 21:06:17][debug] [sms]start:1526043977
[2018-05-11 21:06:20][debug] [sms]all num:10
[2018-05-11 21:06:20][debug] [sms]run num:10
[2018-05-11 21:06:20][debug] [sms]ok num:9
[2018-05-11 21:06:20][debug] [sms]no num:0
[2018-05-11 21:06:20][debug] [sms]run time:3
[2018-05-11 21:06:20][debug] [sms]end:1526043980
[2018-05-11 21:06:20][debug] [sms]page:https://bbs.bivfw.top/plugin.php?id=tom_tchongbao:ajax&act=nitice_sms_hb_run&site=1&tongcheng_id=280&hongbao_id=35&page=3
[2018-05-11 21:06:20][debug] [sms]hongbao id:35
[2018-05-11 21:06:20][debug] [sms]page:3
[2018-05-11 21:06:20][debug] [sms]client IP:118.89.52.235
[2018-05-11 21:06:20][debug] [sms]start:1526043980
[2018-05-11 21:06:23][debug] [sms]all num:10
[2018-05-11 21:06:23][debug] [sms]run num:10
[2018-05-11 21:06:23][debug] [sms]ok num:7
[2018-05-11 21:06:23][debug] [sms]no num:0
[2018-05-11 21:06:23][debug] [sms]run time:3
[2018-05-11 21:06:23][debug] [sms]end:1526043983
[2018-05-11 21:06:23][debug] [sms]page:https://bbs.bivfw.top/plugin.php?id=tom_tchongbao:ajax&act=nitice_sms_hb_run&site=1&tongcheng_id=280&hongbao_id=35&page=4
[2018-05-11 21:06:24][debug] [sms]hongbao id:35
[2018-05-11 21:06:24][debug] [sms]page:4
[2018-05-11 21:06:24][debug] [sms]client IP:118.89.52.235
[2018-05-11 21:06:24][debug] [sms]start:1526043984
[2018-05-11 21:06:27][debug] [sms]all num:10
[2018-05-11 21:06:27][debug] [sms]run num:10
[2018-05-11 21:06:27][debug] [sms]ok num:2
[2018-05-11 21:06:27][debug] [sms]no num:0
[2018-05-11 21:06:27][debug] [sms]run time:3
[2018-05-11 21:06:27][debug] [sms]end:1526043987
[2018-05-11 21:06:27][debug] [sms]page:https://bbs.bivfw.top/plugin.php?id=tom_tchongbao:ajax&act=nitice_sms_hb_run&site=1&tongcheng_id=280&hongbao_id=35&page=5
[2018-05-11 21:06:27][debug] [sms]hongbao id:35
[2018-05-11 21:06:27][debug] [sms]page:5
[2018-05-11 21:06:27][debug] [sms]client IP:118.89.52.235
[2018-05-11 21:06:27][debug] [sms]start:1526043987
[2018-05-11 21:06:30][debug] [sms]all num:10
[2018-05-11 21:06:30][debug] [sms]run num:10
[2018-05-11 21:06:30][debug] [sms]ok num:7
[2018-05-11 21:06:30][debug] [sms]no num:0
[2018-05-11 21:06:30][debug] [sms]run time:3
[2018-05-11 21:06:30][debug] [sms]end:1526043990
[2018-05-11 21:06:30][debug] [sms]page:https://bbs.bivfw.top/plugin.php?id=tom_tchongbao:ajax&act=nitice_sms_hb_run&site=1&tongcheng_id=280&hongbao_id=35&page=6
[2018-05-11 21:06:30][debug] [sms]hongbao id:35
[2018-05-11 21:06:30][debug] [sms]page:6
[2018-05-11 21:06:30][debug] [sms]client IP:118.89.52.235
[2018-05-11 21:06:30][debug] [sms]start:1526043990
[2018-05-11 21:06:33][debug] [sms]all num:10
[2018-05-11 21:06:33][debug] [sms]run num:10
[2018-05-11 21:06:33][debug] [sms]ok num:9
[2018-05-11 21:06:33][debug] [sms]no num:0
[2018-05-11 21:06:33][debug] [sms]run time:3
[2018-05-11 21:06:33][debug] [sms]end:1526043993
[2018-05-11 21:06:33][debug] [sms]page:https://bbs.bivfw.top/plugin.php?id=tom_tchongbao:ajax&act=nitice_sms_hb_run&site=1&tongcheng_id=280&hongbao_id=35&page=7
[2018-05-11 21:06:34][debug] [sms]hongbao id:35
[2018-05-11 21:06:34][debug] [sms]page:7
[2018-05-11 21:06:34][debug] [sms]client IP:118.89.52.235
[2018-05-11 21:06:34][debug] [sms]start:1526043994
[2018-05-11 21:06:37][debug] [sms]all num:10
[2018-05-11 21:06:37][debug] [sms]run num:10
[2018-05-11 21:06:37][debug] [sms]ok num:9
[2018-05-11 21:06:37][debug] [sms]no num:0
[2018-05-11 21:06:37][debug] [sms]run time:3
[2018-05-11 21:06:37][debug] [sms]end:1526043997
[2018-05-11 21:06:37][debug] [sms]page:https://bbs.bivfw.top/plugin.php?id=tom_tchongbao:ajax&act=nitice_sms_hb_run&site=1&tongcheng_id=280&hongbao_id=35&page=8
[2018-05-11 21:06:37][debug] [sms]hongbao id:35
[2018-05-11 21:06:37][debug] [sms]page:8
[2018-05-11 21:06:37][debug] [sms]client IP:118.89.52.235
[2018-05-11 21:06:37][debug] [sms]start:1526043997
[2018-05-11 21:06:40][debug] [sms]all num:10
[2018-05-11 21:06:40][debug] [sms]run num:10
[2018-05-11 21:06:40][debug] [sms]ok num:9
[2018-05-11 21:06:40][debug] [sms]no num:0
[2018-05-11 21:06:40][debug] [sms]run time:3
[2018-05-11 21:06:40][debug] [sms]end:1526044000
[2018-05-11 21:06:40][debug] [sms]page:https://bbs.bivfw.top/plugin.php?id=tom_tchongbao:ajax&act=nitice_sms_hb_run&site=1&tongcheng_id=280&hongbao_id=35&page=9
[2018-05-11 21:06:40][debug] [sms]hongbao id:35
[2018-05-11 21:06:40][debug] [sms]page:9
[2018-05-11 21:06:40][debug] [sms]client IP:118.89.52.235
[2018-05-11 21:06:40][debug] [sms]start:1526044000
[2018-05-11 21:06:43][debug] [sms]all num:10
[2018-05-11 21:06:43][debug] [sms]run num:10
[2018-05-11 21:06:43][debug] [sms]ok num:3
[2018-05-11 21:06:43][debug] [sms]no num:0
[2018-05-11 21:06:43][debug] [sms]run time:3
[2018-05-11 21:06:43][debug] [sms]end:1526044003
[2018-05-11 21:06:43][debug] [sms]page:https://bbs.bivfw.top/plugin.php?id=tom_tchongbao:ajax&act=nitice_sms_hb_run&site=1&tongcheng_id=280&hongbao_id=35&page=10
[2018-05-11 21:06:43][debug] [sms]hongbao id:35
[2018-05-11 21:06:43][debug] [sms]page:10
[2018-05-11 21:06:43][debug] [sms]client IP:118.89.52.235
[2018-05-11 21:06:43][debug] [sms]start:1526044003
[2018-05-11 21:06:46][debug] [sms]all num:10
[2018-05-11 21:06:46][debug] [sms]run num:10
[2018-05-11 21:06:46][debug] [sms]ok num:8
[2018-05-11 21:06:46][debug] [sms]no num:0
[2018-05-11 21:06:46][debug] [sms]run time:3
[2018-05-11 21:06:46][debug] [sms]end:1526044006
[2018-05-11 21:06:46][debug] [sms]page:https://bbs.bivfw.top/plugin.php?id=tom_tchongbao:ajax&act=nitice_sms_hb_run&site=1&tongcheng_id=280&hongbao_id=35&page=11
[2018-05-11 21:06:47][debug] [sms]hongbao id:35
[2018-05-11 21:06:47][debug] [sms]page:11
[2018-05-11 21:06:47][debug] [sms]client IP:118.89.52.235
[2018-05-11 21:06:47][debug] [sms]start:1526044007
[2018-05-11 21:06:50][debug] [sms]all num:10
[2018-05-11 21:06:50][debug] [sms]run num:10
[2018-05-11 21:06:50][debug] [sms]ok num:8
[2018-05-11 21:06:50][debug] [sms]no num:1
[2018-05-11 21:06:50][debug] [sms]run time:3
[2018-05-11 21:06:50][debug] [sms]end:1526044010
[2018-05-11 21:06:50][debug] [sms]page:https://bbs.bivfw.top/plugin.php?id=tom_tchongbao:ajax&act=nitice_sms_hb_run&site=1&tongcheng_id=280&hongbao_id=35&page=12
[2018-05-11 21:06:50][debug] [sms]hongbao id:35
[2018-05-11 21:06:50][debug] [sms]page:12
[2018-05-11 21:06:50][debug] [sms]client IP:118.89.52.235
[2018-05-11 21:06:50][debug] [sms]start:1526044010
[2018-05-11 21:06:53][debug] [sms]all num:10
[2018-05-11 21:06:53][debug] [sms]run num:10
[2018-05-11 21:06:53][debug] [sms]ok num:9
[2018-05-11 21:06:53][debug] [sms]no num:0
[2018-05-11 21:06:53][debug] [sms]run time:3
[2018-05-11 21:06:53][debug] [sms]end:1526044013
[2018-05-11 21:06:53][debug] [sms]page:https://bbs.bivfw.top/plugin.php?id=tom_tchongbao:ajax&act=nitice_sms_hb_run&site=1&tongcheng_id=280&hongbao_id=35&page=13
[2018-05-11 21:06:54][debug] [sms]hongbao id:35
[2018-05-11 21:06:54][debug] [sms]page:13
[2018-05-11 21:06:54][debug] [sms]client IP:118.89.52.235
[2018-05-11 21:06:54][debug] [sms]start:1526044014
[2018-05-11 21:06:57][debug] [sms]all num:10
[2018-05-11 21:06:57][debug] [sms]run num:10
[2018-05-11 21:06:57][debug] [sms]ok num:7
[2018-05-11 21:06:57][debug] [sms]no num:0
[2018-05-11 21:06:57][debug] [sms]run time:3
[2018-05-11 21:06:57][debug] [sms]end:1526044017
[2018-05-11 21:06:57][debug] [sms]page:https://bbs.bivfw.top/plugin.php?id=tom_tchongbao:ajax&act=nitice_sms_hb_run&site=1&tongcheng_id=280&hongbao_id=35&page=14
[2018-05-11 21:06:57][debug] [sms]hongbao id:35
[2018-05-11 21:06:57][debug] [sms]page:14
[2018-05-11 21:06:57][debug] [sms]client IP:118.89.52.235
[2018-05-11 21:06:57][debug] [sms]start:1526044017
[2018-05-11 21:07:01][debug] [sms]all num:10
[2018-05-11 21:07:01][debug] [sms]run num:10
[2018-05-11 21:07:01][debug] [sms]ok num:10
[2018-05-11 21:07:01][debug] [sms]no num:0
[2018-05-11 21:07:01][debug] [sms]run time:4
[2018-05-11 21:07:01][debug] [sms]end:1526044021
[2018-05-11 21:07:01][debug] [sms]page:https://bbs.bivfw.top/plugin.php?id=tom_tchongbao:ajax&act=nitice_sms_hb_run&site=1&tongcheng_id=280&hongbao_id=35&page=15
[2018-05-11 21:07:01][debug] [sms]hongbao id:35
[2018-05-11 21:07:01][debug] [sms]page:15
[2018-05-11 21:07:01][debug] [sms]client IP:118.89.52.235
[2018-05-11 21:07:01][debug] [sms]start:1526044021
[2018-05-11 21:07:04][debug] [sms]all num:10
[2018-05-11 21:07:04][debug] [sms]run num:10
[2018-05-11 21:07:04][debug] [sms]ok num:9
[2018-05-11 21:07:04][debug] [sms]no num:0
[2018-05-11 21:07:04][debug] [sms]run time:3
[2018-05-11 21:07:04][debug] [sms]end:1526044024
[2018-05-11 21:07:04][debug] [sms]page:https://bbs.bivfw.top/plugin.php?id=tom_tchongbao:ajax&act=nitice_sms_hb_run&site=1&tongcheng_id=280&hongbao_id=35&page=16
[2018-05-11 21:07:04][debug] [sms]hongbao id:35
[2018-05-11 21:07:04][debug] [sms]page:16
[2018-05-11 21:07:04][debug] [sms]client IP:118.89.52.235
[2018-05-11 21:07:04][debug] [sms]start:1526044024
[2018-05-11 21:07:08][debug] [sms]all num:10
[2018-05-11 21:07:08][debug] [sms]run num:10
[2018-05-11 21:07:08][debug] [sms]ok num:9
[2018-05-11 21:07:08][debug] [sms]no num:0
[2018-05-11 21:07:08][debug] [sms]run time:4
[2018-05-11 21:07:08][debug] [sms]end:1526044028
[2018-05-11 21:07:08][debug] [sms]page:https://bbs.bivfw.top/plugin.php?id=tom_tchongbao:ajax&act=nitice_sms_hb_run&site=1&tongcheng_id=280&hongbao_id=35&page=17
[2018-05-11 21:07:08][debug] [sms]hongbao id:35
[2018-05-11 21:07:08][debug] [sms]page:17
[2018-05-11 21:07:08][debug] [sms]client IP:118.89.52.235
[2018-05-11 21:07:08][debug] [sms]start:1526044028
[2018-05-11 21:07:11][debug] [sms]all num:10
[2018-05-11 21:07:11][debug] [sms]run num:10
[2018-05-11 21:07:11][debug] [sms]ok num:6
[2018-05-11 21:07:11][debug] [sms]no num:0
[2018-05-11 21:07:11][debug] [sms]run time:3
[2018-05-11 21:07:11][debug] [sms]end:1526044031
[2018-05-11 21:07:11][debug] [sms]page:https://bbs.bivfw.top/plugin.php?id=tom_tchongbao:ajax&act=nitice_sms_hb_run&site=1&tongcheng_id=280&hongbao_id=35&page=18
[2018-05-11 21:07:11][debug] [sms]hongbao id:35
[2018-05-11 21:07:11][debug] [sms]page:18
[2018-05-11 21:07:11][debug] [sms]client IP:118.89.52.235
[2018-05-11 21:07:11][debug] [sms]start:1526044031
[2018-05-11 21:07:14][debug] [sms]all num:10
[2018-05-11 21:07:14][debug] [sms]run num:10
[2018-05-11 21:07:14][debug] [sms]ok num:5
[2018-05-11 21:07:14][debug] [sms]no num:0
[2018-05-11 21:07:14][debug] [sms]run time:3
[2018-05-11 21:07:14][debug] [sms]end:1526044034
[2018-05-11 21:07:14][debug] [sms]page:https://bbs.bivfw.top/plugin.php?id=tom_tchongbao:ajax&act=nitice_sms_hb_run&site=1&tongcheng_id=280&hongbao_id=35&page=19
[2018-05-11 21:07:15][debug] [sms]hongbao id:35
[2018-05-11 21:07:15][debug] [sms]page:19
[2018-05-11 21:07:15][debug] [sms]client IP:118.89.52.235
[2018-05-11 21:07:15][debug] [sms]start:1526044035
[2018-05-11 21:07:18][debug] [sms]all num:10
[2018-05-11 21:07:18][debug] [sms]run num:10
[2018-05-11 21:07:18][debug] [sms]ok num:6
[2018-05-11 21:07:18][debug] [sms]no num:0
[2018-05-11 21:07:18][debug] [sms]run time:3
[2018-05-11 21:07:18][debug] [sms]end:1526044038
[2018-05-11 21:07:18][debug] [sms]page:https://bbs.bivfw.top/plugin.php?id=tom_tchongbao:ajax&act=nitice_sms_hb_run&site=1&tongcheng_id=280&hongbao_id=35&page=20
[2018-05-11 21:07:18][debug] [sms]hongbao id:35
[2018-05-11 21:07:18][debug] [sms]page:20
[2018-05-11 21:07:18][debug] [sms]client IP:118.89.52.235
[2018-05-11 21:07:18][debug] [sms]start:1526044038
[2018-05-11 21:07:21][debug] [sms]all num:10
[2018-05-11 21:07:21][debug] [sms]run num:10
[2018-05-11 21:07:21][debug] [sms]ok num:5
[2018-05-11 21:07:21][debug] [sms]no num:0
[2018-05-11 21:07:21][debug] [sms]run time:3
[2018-05-11 21:07:21][debug] [sms]end:1526044041
[2018-05-11 21:07:21][debug] [sms]page:https://bbs.bivfw.top/plugin.php?id=tom_tchongbao:ajax&act=nitice_sms_hb_run&site=1&tongcheng_id=280&hongbao_id=35&page=21
[2018-05-11 21:07:21][debug] [sms]hongbao id:35
[2018-05-11 21:07:21][debug] [sms]page:21
[2018-05-11 21:07:21][debug] [sms]client IP:118.89.52.235
[2018-05-11 21:07:21][debug] [sms]start:1526044041
[2018-05-11 21:07:24][debug] [sms]all num:10
[2018-05-11 21:07:24][debug] [sms]run num:10
[2018-05-11 21:07:24][debug] [sms]ok num:6
[2018-05-11 21:07:24][debug] [sms]no num:0
[2018-05-11 21:07:24][debug] [sms]run time:3
[2018-05-11 21:07:24][debug] [sms]end:1526044044
[2018-05-11 21:07:24][debug] [sms]page:https://bbs.bivfw.top/plugin.php?id=tom_tchongbao:ajax&act=nitice_sms_hb_run&site=1&tongcheng_id=280&hongbao_id=35&page=22
[2018-05-11 21:07:25][debug] [sms]hongbao id:35
[2018-05-11 21:07:25][debug] [sms]page:22
[2018-05-11 21:07:25][debug] [sms]client IP:118.89.52.235
[2018-05-11 21:07:25][debug] [sms]start:1526044045
[2018-05-11 21:07:28][debug] [sms]all num:10
[2018-05-11 21:07:28][debug] [sms]run num:10
[2018-05-11 21:07:28][debug] [sms]ok num:6
[2018-05-11 21:07:28][debug] [sms]no num:0
[2018-05-11 21:07:28][debug] [sms]run time:3
[2018-05-11 21:07:28][debug] [sms]end:1526044048
[2018-05-11 21:07:28][debug] [sms]page:https://bbs.bivfw.top/plugin.php?id=tom_tchongbao:ajax&act=nitice_sms_hb_run&site=1&tongcheng_id=280&hongbao_id=35&page=23
[2018-05-11 21:07:28][debug] [sms]hongbao id:35
[2018-05-11 21:07:28][debug] [sms]page:23
[2018-05-11 21:07:28][debug] [sms]client IP:118.89.52.235
[2018-05-11 21:07:28][debug] [sms]start:1526044048
[2018-05-11 21:07:31][debug] [sms]all num:10
[2018-05-11 21:07:31][debug] [sms]run num:10
[2018-05-11 21:07:31][debug] [sms]ok num:6
[2018-05-11 21:07:31][debug] [sms]no num:0
[2018-05-11 21:07:31][debug] [sms]run time:3
[2018-05-11 21:07:31][debug] [sms]end:1526044051
[2018-05-11 21:07:31][debug] [sms]page:https://bbs.bivfw.top/plugin.php?id=tom_tchongbao:ajax&act=nitice_sms_hb_run&site=1&tongcheng_id=280&hongbao_id=35&page=24
[2018-05-11 21:07:31][debug] [sms]hongbao id:35
[2018-05-11 21:07:31][debug] [sms]page:24
[2018-05-11 21:07:31][debug] [sms]client IP:118.89.52.235
[2018-05-11 21:07:31][debug] [sms]start:1526044051
[2018-05-11 21:07:34][debug] [sms]all num:10
[2018-05-11 21:07:34][debug] [sms]run num:10
[2018-05-11 21:07:34][debug] [sms]ok num:5
[2018-05-11 21:07:34][debug] [sms]no num:0
[2018-05-11 21:07:34][debug] [sms]run time:3
[2018-05-11 21:07:34][debug] [sms]end:1526044054
[2018-05-11 21:07:34][debug] [sms]page:https://bbs.bivfw.top/plugin.php?id=tom_tchongbao:ajax&act=nitice_sms_hb_run&site=1&tongcheng_id=280&hongbao_id=35&page=25
[2018-05-11 21:07:34][debug] [sms]hongbao id:35
[2018-05-11 21:07:34][debug] [sms]page:25
[2018-05-11 21:07:34][debug] [sms]client IP:118.89.52.235
[2018-05-11 21:07:34][debug] [sms]start:1526044054
[2018-05-11 21:07:37][debug] [sms]all num:10
[2018-05-11 21:07:37][debug] [sms]run num:10
[2018-05-11 21:07:37][debug] [sms]ok num:5
[2018-05-11 21:07:37][debug] [sms]no num:0
[2018-05-11 21:07:37][debug] [sms]run time:3
[2018-05-11 21:07:37][debug] [sms]end:1526044057
[2018-05-11 21:07:37][debug] [sms]page:https://bbs.bivfw.top/plugin.php?id=tom_tchongbao:ajax&act=nitice_sms_hb_run&site=1&tongcheng_id=280&hongbao_id=35&page=26
[2018-05-11 21:07:38][debug] [sms]hongbao id:35
[2018-05-11 21:07:38][debug] [sms]page:26
[2018-05-11 21:07:38][debug] [sms]client IP:118.89.52.235
[2018-05-11 21:07:38][debug] [sms]start:1526044058
[2018-05-11 21:07:41][debug] [sms]all num:10
[2018-05-11 21:07:41][debug] [sms]run num:10
[2018-05-11 21:07:41][debug] [sms]ok num:6
[2018-05-11 21:07:41][debug] [sms]no num:0
[2018-05-11 21:07:41][debug] [sms]run time:3
[2018-05-11 21:07:41][debug] [sms]end:1526044061
[2018-05-11 21:07:41][debug] [sms]page:https://bbs.bivfw.top/plugin.php?id=tom_tchongbao:ajax&act=nitice_sms_hb_run&site=1&tongcheng_id=280&hongbao_id=35&page=27
[2018-05-11 21:07:41][debug] [sms]hongbao id:35
[2018-05-11 21:07:41][debug] [sms]page:27
[2018-05-11 21:07:41][debug] [sms]client IP:118.89.52.235
[2018-05-11 21:07:41][debug] [sms]start:1526044061
[2018-05-11 21:07:44][debug] [sms]all num:10
[2018-05-11 21:07:44][debug] [sms]run num:10
[2018-05-11 21:07:44][debug] [sms]ok num:7
[2018-05-11 21:07:44][debug] [sms]no num:0
[2018-05-11 21:07:44][debug] [sms]run time:3
[2018-05-11 21:07:44][debug] [sms]end:1526044064
[2018-05-11 21:07:44][debug] [sms]page:https://bbs.bivfw.top/plugin.php?id=tom_tchongbao:ajax&act=nitice_sms_hb_run&site=1&tongcheng_id=280&hongbao_id=35&page=28
[2018-05-11 21:07:44][debug] [sms]hongbao id:35
[2018-05-11 21:07:44][debug] [sms]page:28
[2018-05-11 21:07:44][debug] [sms]client IP:118.89.52.235
[2018-05-11 21:07:44][debug] [sms]start:1526044064
[2018-05-11 21:07:48][debug] [sms]all num:10
[2018-05-11 21:07:48][debug] [sms]run num:9
[2018-05-11 21:07:48][debug] [sms]ok num:5
[2018-05-11 21:07:48][debug] [sms]no num:0
[2018-05-11 21:07:48][debug] [sms]run time:4
[2018-05-11 21:07:48][debug] [sms]end:1526044068
[2018-05-11 21:07:48][debug] [sms]page:https://bbs.bivfw.top/plugin.php?id=tom_tchongbao:ajax&act=nitice_sms_hb_run&site=1&tongcheng_id=280&hongbao_id=35&page=29
[2018-05-11 21:07:49][debug] [sms]hongbao id:35
[2018-05-11 21:07:49][debug] [sms]page:29
[2018-05-11 21:07:49][debug] [sms]client IP:118.89.52.235
[2018-05-11 21:07:49][debug] [sms]start:1526044069
[2018-05-11 21:07:53][debug] [sms]all num:10
[2018-05-11 21:07:53][debug] [sms]run num:10
[2018-05-11 21:07:53][debug] [sms]ok num:3
[2018-05-11 21:07:53][debug] [sms]no num:0
[2018-05-11 21:07:53][debug] [sms]run time:4
[2018-05-11 21:07:53][debug] [sms]end:1526044073
[2018-05-11 21:07:53][debug] [sms]page:https://bbs.bivfw.top/plugin.php?id=tom_tchongbao:ajax&act=nitice_sms_hb_run&site=1&tongcheng_id=280&hongbao_id=35&page=30
[2018-05-11 21:07:54][debug] [sms]hongbao id:35
[2018-05-11 21:07:54][debug] [sms]page:30
[2018-05-11 21:07:54][debug] [sms]client IP:118.89.52.235
[2018-05-11 21:07:54][debug] [sms]start:1526044074
[2018-05-11 21:07:57][debug] [sms]all num:10
[2018-05-11 21:07:57][debug] [sms]run num:10
[2018-05-11 21:07:57][debug] [sms]ok num:7
[2018-05-11 21:07:57][debug] [sms]no num:0
[2018-05-11 21:07:57][debug] [sms]run time:3
[2018-05-11 21:07:57][debug] [sms]end:1526044077
[2018-05-11 21:07:57][debug] [sms]page:https://bbs.bivfw.top/plugin.php?id=tom_tchongbao:ajax&act=nitice_sms_hb_run&site=1&tongcheng_id=280&hongbao_id=35&page=31
[2018-05-11 21:07:57][debug] [sms]hongbao id:35
[2018-05-11 21:07:57][debug] [sms]page:31
[2018-05-11 21:07:57][debug] [sms]client IP:118.89.52.235
[2018-05-11 21:07:57][debug] [sms]start:1526044077
[2018-05-11 21:08:00][debug] [sms]all num:10
[2018-05-11 21:08:00][debug] [sms]run num:10
[2018-05-11 21:08:00][debug] [sms]ok num:4
[2018-05-11 21:08:00][debug] [sms]no num:0
[2018-05-11 21:08:00][debug] [sms]run time:3
[2018-05-11 21:08:00][debug] [sms]end:1526044080
[2018-05-11 21:08:00][debug] [sms]page:https://bbs.bivfw.top/plugin.php?id=tom_tchongbao:ajax&act=nitice_sms_hb_run&site=1&tongcheng_id=280&hongbao_id=35&page=32
[2018-05-11 21:08:01][debug] [sms]hongbao id:35
[2018-05-11 21:08:01][debug] [sms]page:32
[2018-05-11 21:08:01][debug] [sms]client IP:118.89.52.235
[2018-05-11 21:08:01][debug] [sms]start:1526044081
[2018-05-11 21:08:04][debug] [sms]all num:10
[2018-05-11 21:08:04][debug] [sms]run num:9
[2018-05-11 21:08:04][debug] [sms]ok num:6
[2018-05-11 21:08:04][debug] [sms]no num:0
[2018-05-11 21:08:04][debug] [sms]run time:3
[2018-05-11 21:08:04][debug] [sms]end:1526044084
[2018-05-11 21:08:04][debug] [sms]page:https://bbs.bivfw.top/plugin.php?id=tom_tchongbao:ajax&act=nitice_sms_hb_run&site=1&tongcheng_id=280&hongbao_id=35&page=33
[2018-05-11 21:08:04][debug] [sms]hongbao id:35
[2018-05-11 21:08:04][debug] [sms]page:33
[2018-05-11 21:08:04][debug] [sms]client IP:118.89.52.235
[2018-05-11 21:08:04][debug] [sms]start:1526044084
[2018-05-11 21:08:07][debug] [sms]all num:10
[2018-05-11 21:08:07][debug] [sms]run num:9
[2018-05-11 21:08:07][debug] [sms]ok num:7
[2018-05-11 21:08:07][debug] [sms]no num:0
[2018-05-11 21:08:07][debug] [sms]run time:3
[2018-05-11 21:08:07][debug] [sms]end:1526044087
[2018-05-11 21:08:07][debug] [sms]page:https://bbs.bivfw.top/plugin.php?id=tom_tchongbao:ajax&act=nitice_sms_hb_run&site=1&tongcheng_id=280&hongbao_id=35&page=34
[2018-05-11 21:08:07][debug] [sms]hongbao id:35
[2018-05-11 21:08:07][debug] [sms]page:34
[2018-05-11 21:08:07][debug] [sms]client IP:118.89.52.235
[2018-05-11 21:08:07][debug] [sms]start:1526044087
[2018-05-11 21:08:10][debug] [sms]all num:10
[2018-05-11 21:08:10][debug] [sms]run num:10
[2018-05-11 21:08:10][debug] [sms]ok num:4
[2018-05-11 21:08:10][debug] [sms]no num:0
[2018-05-11 21:08:10][debug] [sms]run time:3
[2018-05-11 21:08:10][debug] [sms]end:1526044090
[2018-05-11 21:08:10][debug] [sms]page:https://bbs.bivfw.top/plugin.php?id=tom_tchongbao:ajax&act=nitice_sms_hb_run&site=1&tongcheng_id=280&hongbao_id=35&page=35
[2018-05-11 21:08:11][debug] [sms]hongbao id:35
[2018-05-11 21:08:11][debug] [sms]page:35
[2018-05-11 21:08:11][debug] [sms]client IP:118.89.52.235
[2018-05-11 21:08:11][debug] [sms]start:1526044091
[2018-05-11 21:08:14][debug] [sms]all num:10
[2018-05-11 21:08:14][debug] [sms]run num:10
[2018-05-11 21:08:14][debug] [sms]ok num:7
[2018-05-11 21:08:14][debug] [sms]no num:0
[2018-05-11 21:08:14][debug] [sms]run time:3
[2018-05-11 21:08:14][debug] [sms]end:1526044094
[2018-05-11 21:08:14][debug] [sms]page:https://bbs.bivfw.top/plugin.php?id=tom_tchongbao:ajax&act=nitice_sms_hb_run&site=1&tongcheng_id=280&hongbao_id=35&page=36
[2018-05-11 21:08:14][debug] [sms]hongbao id:35
[2018-05-11 21:08:14][debug] [sms]page:36
[2018-05-11 21:08:14][debug] [sms]client IP:118.89.52.235
[2018-05-11 21:08:14][debug] [sms]start:1526044094
[2018-05-11 21:08:17][debug] [sms]all num:10
[2018-05-11 21:08:17][debug] [sms]run num:9
[2018-05-11 21:08:17][debug] [sms]ok num:4
[2018-05-11 21:08:17][debug] [sms]no num:0
[2018-05-11 21:08:17][debug] [sms]run time:3
[2018-05-11 21:08:17][debug] [sms]end:1526044097
[2018-05-11 21:08:17][debug] [sms]page:https://bbs.bivfw.top/plugin.php?id=tom_tchongbao:ajax&act=nitice_sms_hb_run&site=1&tongcheng_id=280&hongbao_id=35&page=37
[2018-05-11 21:08:17][debug] [sms]hongbao id:35
[2018-05-11 21:08:17][debug] [sms]page:37
[2018-05-11 21:08:17][debug] [sms]client IP:118.89.52.235
[2018-05-11 21:08:17][debug] [sms]start:1526044097
[2018-05-11 21:08:20][debug] [sms]all num:10
[2018-05-11 21:08:20][debug] [sms]run num:10
[2018-05-11 21:08:20][debug] [sms]ok num:6
[2018-05-11 21:08:20][debug] [sms]no num:0
[2018-05-11 21:08:20][debug] [sms]run time:3
[2018-05-11 21:08:20][debug] [sms]end:1526044100
[2018-05-11 21:08:20][debug] [sms]page:https://bbs.bivfw.top/plugin.php?id=tom_tchongbao:ajax&act=nitice_sms_hb_run&site=1&tongcheng_id=280&hongbao_id=35&page=38
[2018-05-11 21:08:21][debug] [sms]hongbao id:35
[2018-05-11 21:08:21][debug] [sms]page:38
[2018-05-11 21:08:21][debug] [sms]client IP:118.89.52.235
[2018-05-11 21:08:21][debug] [sms]start:1526044101
[2018-05-11 21:08:24][debug] [sms]all num:10
[2018-05-11 21:08:24][debug] [sms]run num:10
[2018-05-11 21:08:24][debug] [sms]ok num:9
[2018-05-11 21:08:24][debug] [sms]no num:0
[2018-05-11 21:08:24][debug] [sms]run time:3
[2018-05-11 21:08:24][debug] [sms]end:1526044104
[2018-05-11 21:08:24][debug] [sms]page:https://bbs.bivfw.top/plugin.php?id=tom_tchongbao:ajax&act=nitice_sms_hb_run&site=1&tongcheng_id=280&hongbao_id=35&page=39
[2018-05-11 21:08:24][debug] [sms]hongbao id:35
[2018-05-11 21:08:24][debug] [sms]page:39
[2018-05-11 21:08:24][debug] [sms]client IP:118.89.52.235
[2018-05-11 21:08:24][debug] [sms]start:1526044104
[2018-05-11 21:08:26][debug] [sms]all num:10
[2018-05-11 21:08:26][debug] [sms]run num:10
[2018-05-11 21:08:26][debug] [sms]ok num:9
[2018-05-11 21:08:26][debug] [sms]no num:0
[2018-05-11 21:08:26][debug] [sms]run time:2
[2018-05-11 21:08:26][debug] [sms]end:1526044106
[2018-05-11 21:08:26][debug] [sms]page:https://bbs.bivfw.top/plugin.php?id=tom_tchongbao:ajax&act=nitice_sms_hb_run&site=1&tongcheng_id=280&hongbao_id=35&page=40
[2018-05-11 21:08:27][debug] [sms]hongbao id:35
[2018-05-11 21:08:27][debug] [sms]page:40
[2018-05-11 21:08:27][debug] [sms]client IP:118.89.52.235
[2018-05-11 21:08:27][debug] [sms]start:1526044107
[2018-05-11 21:08:30][debug] [sms]all num:10
[2018-05-11 21:08:30][debug] [sms]run num:10
[2018-05-11 21:08:30][debug] [sms]ok num:4
[2018-05-11 21:08:30][debug] [sms]no num:0
[2018-05-11 21:08:30][debug] [sms]run time:3
[2018-05-11 21:08:30][debug] [sms]end:1526044110
[2018-05-11 21:08:30][debug] [sms]page:https://bbs.bivfw.top/plugin.php?id=tom_tchongbao:ajax&act=nitice_sms_hb_run&site=1&tongcheng_id=280&hongbao_id=35&page=41
[2018-05-11 21:08:31][debug] [sms]hongbao id:35
[2018-05-11 21:08:31][debug] [sms]page:41
[2018-05-11 21:08:31][debug] [sms]client IP:118.89.52.235
[2018-05-11 21:08:31][debug] [sms]start:1526044111
[2018-05-11 21:08:35][debug] [sms]all num:10
[2018-05-11 21:08:35][debug] [sms]run num:10
[2018-05-11 21:08:35][debug] [sms]ok num:5
[2018-05-11 21:08:35][debug] [sms]no num:0
[2018-05-11 21:08:35][debug] [sms]run time:4
[2018-05-11 21:08:35][debug] [sms]end:1526044115
[2018-05-11 21:08:35][debug] [sms]page:https://bbs.bivfw.top/plugin.php?id=tom_tchongbao:ajax&act=nitice_sms_hb_run&site=1&tongcheng_id=280&hongbao_id=35&page=42
[2018-05-11 21:08:36][debug] [sms]hongbao id:35
[2018-05-11 21:08:36][debug] [sms]page:42
[2018-05-11 21:08:36][debug] [sms]client IP:118.89.52.235
[2018-05-11 21:08:36][debug] [sms]start:1526044116
[2018-05-11 21:08:39][debug] [sms]all num:10
[2018-05-11 21:08:39][debug] [sms]run num:10
[2018-05-11 21:08:39][debug] [sms]ok num:5
[2018-05-11 21:08:39][debug] [sms]no num:0
[2018-05-11 21:08:39][debug] [sms]run time:3
[2018-05-11 21:08:39][debug] [sms]end:1526044119
[2018-05-11 21:08:39][debug] [sms]page:https://bbs.bivfw.top/plugin.php?id=tom_tchongbao:ajax&act=nitice_sms_hb_run&site=1&tongcheng_id=280&hongbao_id=35&page=43
[2018-05-11 21:08:39][debug] [sms]hongbao id:35
[2018-05-11 21:08:39][debug] [sms]page:43
[2018-05-11 21:08:39][debug] [sms]client IP:118.89.52.235
[2018-05-11 21:08:39][debug] [sms]start:1526044119
[2018-05-11 21:08:43][debug] [sms]all num:10
[2018-05-11 21:08:43][debug] [sms]run num:10
[2018-05-11 21:08:43][debug] [sms]ok num:1
[2018-05-11 21:08:43][debug] [sms]no num:0
[2018-05-11 21:08:43][debug] [sms]run time:4
[2018-05-11 21:08:43][debug] [sms]end:1526044123
[2018-05-11 21:08:43][debug] [sms]page:https://bbs.bivfw.top/plugin.php?id=tom_tchongbao:ajax&act=nitice_sms_hb_run&site=1&tongcheng_id=280&hongbao_id=35&page=44
[2018-05-11 21:08:44][debug] [sms]hongbao id:35
[2018-05-11 21:08:44][debug] [sms]page:44
[2018-05-11 21:08:44][debug] [sms]client IP:118.89.52.235
[2018-05-11 21:08:44][debug] [sms]start:1526044124
[2018-05-11 21:08:49][debug] [sms]all num:10
[2018-05-11 21:08:49][debug] [sms]run num:10
[2018-05-11 21:08:49][debug] [sms]ok num:0
[2018-05-11 21:08:49][debug] [sms]no num:0
[2018-05-11 21:08:49][debug] [sms]run time:5
[2018-05-11 21:08:49][debug] [sms]end:1526044129
[2018-05-11 21:08:49][debug] [sms]page:https://bbs.bivfw.top/plugin.php?id=tom_tchongbao:ajax&act=nitice_sms_hb_run&site=1&tongcheng_id=280&hongbao_id=35&page=45
[2018-05-11 21:08:50][debug] [sms]hongbao id:35
[2018-05-11 21:08:50][debug] [sms]page:45
[2018-05-11 21:08:50][debug] [sms]client IP:118.89.52.235
[2018-05-11 21:08:50][debug] [sms]start:1526044130
[2018-05-11 21:08:53][debug] [sms]all num:10
[2018-05-11 21:08:53][debug] [sms]run num:10
[2018-05-11 21:08:53][debug] [sms]ok num:5
[2018-05-11 21:08:53][debug] [sms]no num:0
[2018-05-11 21:08:53][debug] [sms]run time:3
[2018-05-11 21:08:53][debug] [sms]end:1526044133
[2018-05-11 21:08:53][debug] [sms]page:https://bbs.bivfw.top/plugin.php?id=tom_tchongbao:ajax&act=nitice_sms_hb_run&site=1&tongcheng_id=280&hongbao_id=35&page=46
[2018-05-11 21:08:53][debug] [sms]hongbao id:35
[2018-05-11 21:08:53][debug] [sms]page:46
[2018-05-11 21:08:53][debug] [sms]client IP:118.89.52.235
[2018-05-11 21:08:53][debug] [sms]start:1526044133
[2018-05-11 21:08:57][debug] [sms]all num:10
[2018-05-11 21:08:57][debug] [sms]run num:10
[2018-05-11 21:08:57][debug] [sms]ok num:6
[2018-05-11 21:08:57][debug] [sms]no num:0
[2018-05-11 21:08:57][debug] [sms]run time:4
[2018-05-11 21:08:57][debug] [sms]end:1526044137
[2018-05-11 21:08:57][debug] [sms]page:https://bbs.bivfw.top/plugin.php?id=tom_tchongbao:ajax&act=nitice_sms_hb_run&site=1&tongcheng_id=280&hongbao_id=35&page=47
[2018-05-11 21:08:57][debug] [sms]hongbao id:35
[2018-05-11 21:08:57][debug] [sms]page:47
[2018-05-11 21:08:57][debug] [sms]client IP:118.89.52.235
[2018-05-11 21:08:57][debug] [sms]start:1526044137
[2018-05-11 21:09:00][debug] [sms]all num:10
[2018-05-11 21:09:00][debug] [sms]run num:8
[2018-05-11 21:09:00][debug] [sms]ok num:4
[2018-05-11 21:09:00][debug] [sms]no num:0
[2018-05-11 21:09:00][debug] [sms]run time:3
[2018-05-11 21:09:00][debug] [sms]end:1526044140
[2018-05-11 21:09:00][debug] [sms]page:https://bbs.bivfw.top/plugin.php?id=tom_tchongbao:ajax&act=nitice_sms_hb_run&site=1&tongcheng_id=280&hongbao_id=35&page=48
[2018-05-11 21:09:01][debug] [sms]hongbao id:35
[2018-05-11 21:09:01][debug] [sms]page:48
[2018-05-11 21:09:01][debug] [sms]client IP:118.89.52.235
[2018-05-11 21:09:01][debug] [sms]start:1526044141
[2018-05-11 21:09:04][debug] [sms]all num:10
[2018-05-11 21:09:04][debug] [sms]run num:10
[2018-05-11 21:09:04][debug] [sms]ok num:6
[2018-05-11 21:09:04][debug] [sms]no num:0
[2018-05-11 21:09:04][debug] [sms]run time:3
[2018-05-11 21:09:04][debug] [sms]end:1526044144
[2018-05-11 21:09:04][debug] [sms]page:https://bbs.bivfw.top/plugin.php?id=tom_tchongbao:ajax&act=nitice_sms_hb_run&site=1&tongcheng_id=280&hongbao_id=35&page=49
[2018-05-11 21:09:05][debug] [sms]hongbao id:35
[2018-05-11 21:09:05][debug] [sms]page:49
[2018-05-11 21:09:05][debug] [sms]client IP:118.89.52.235
[2018-05-11 21:09:05][debug] [sms]start:1526044145
[2018-05-11 21:09:08][debug] [sms]all num:10
[2018-05-11 21:09:08][debug] [sms]run num:10
[2018-05-11 21:09:08][debug] [sms]ok num:6
[2018-05-11 21:09:08][debug] [sms]no num:0
[2018-05-11 21:09:08][debug] [sms]run time:3
[2018-05-11 21:09:08][debug] [sms]end:1526044148
[2018-05-11 21:09:08][debug] [sms]page:https://bbs.bivfw.top/plugin.php?id=tom_tchongbao:ajax&act=nitice_sms_hb_run&site=1&tongcheng_id=280&hongbao_id=35&page=50
[2018-05-11 21:09:09][debug] [sms]hongbao id:35
[2018-05-11 21:09:09][debug] [sms]page:50
[2018-05-11 21:09:09][debug] [sms]client IP:118.89.52.235
[2018-05-11 21:09:09][debug] [sms]start:1526044149
[2018-05-11 21:09:12][debug] [sms]all num:10
[2018-05-11 21:09:12][debug] [sms]run num:10
[2018-05-11 21:09:12][debug] [sms]ok num:9
[2018-05-11 21:09:12][debug] [sms]no num:0
[2018-05-11 21:09:12][debug] [sms]run time:3
[2018-05-11 21:09:12][debug] [sms]end:1526044152
[2018-05-11 21:09:12][debug] [sms]page:https://bbs.bivfw.top/plugin.php?id=tom_tchongbao:ajax&act=nitice_sms_hb_run&site=1&tongcheng_id=280&hongbao_id=35&page=51
[2018-05-11 21:09:12][debug] [sms]hongbao id:35
[2018-05-11 21:09:12][debug] [sms]page:51
[2018-05-11 21:09:12][debug] [sms]client IP:118.89.52.235
[2018-05-11 21:09:12][debug] [sms]start:1526044152
[2018-05-11 21:09:15][debug] [sms]all num:10
[2018-05-11 21:09:15][debug] [sms]run num:10
[2018-05-11 21:09:15][debug] [sms]ok num:5
[2018-05-11 21:09:15][debug] [sms]no num:0
[2018-05-11 21:09:15][debug] [sms]run time:3
[2018-05-11 21:09:15][debug] [sms]end:1526044155
[2018-05-11 21:09:15][debug] [sms]page:https://bbs.bivfw.top/plugin.php?id=tom_tchongbao:ajax&act=nitice_sms_hb_run&site=1&tongcheng_id=280&hongbao_id=35&page=52
[2018-05-11 21:09:16][debug] [sms]hongbao id:35
[2018-05-11 21:09:16][debug] [sms]page:52
[2018-05-11 21:09:16][debug] [sms]client IP:118.89.52.235
[2018-05-11 21:09:16][debug] [sms]start:1526044156
[2018-05-11 21:09:19][debug] [sms]all num:10
[2018-05-11 21:09:19][debug] [sms]run num:10
[2018-05-11 21:09:19][debug] [sms]ok num:5
[2018-05-11 21:09:19][debug] [sms]no num:0
[2018-05-11 21:09:19][debug] [sms]run time:3
[2018-05-11 21:09:19][debug] [sms]end:1526044159
[2018-05-11 21:09:19][debug] [sms]page:https://bbs.bivfw.top/plugin.php?id=tom_tchongbao:ajax&act=nitice_sms_hb_run&site=1&tongcheng_id=280&hongbao_id=35&page=53
[2018-05-11 21:09:19][debug] [sms]hongbao id:35
[2018-05-11 21:09:19][debug] [sms]page:53
[2018-05-11 21:09:19][debug] [sms]client IP:118.89.52.235
[2018-05-11 21:09:19][debug] [sms]start:1526044159
[2018-05-11 21:09:22][debug] [sms]all num:10
[2018-05-11 21:09:22][debug] [sms]run num:10
[2018-05-11 21:09:22][debug] [sms]ok num:7
[2018-05-11 21:09:22][debug] [sms]no num:0
[2018-05-11 21:09:22][debug] [sms]run time:3
[2018-05-11 21:09:22][debug] [sms]end:1526044162
[2018-05-11 21:09:22][debug] [sms]page:https://bbs.bivfw.top/plugin.php?id=tom_tchongbao:ajax&act=nitice_sms_hb_run&site=1&tongcheng_id=280&hongbao_id=35&page=54
[2018-05-11 21:09:22][debug] [sms]hongbao id:35
[2018-05-11 21:09:22][debug] [sms]page:54
[2018-05-11 21:09:22][debug] [sms]client IP:118.89.52.235
[2018-05-11 21:09:22][debug] [sms]start:1526044162
[2018-05-11 21:09:25][debug] [sms]all num:10
[2018-05-11 21:09:25][debug] [sms]run num:10
[2018-05-11 21:09:25][debug] [sms]ok num:7
[2018-05-11 21:09:25][debug] [sms]no num:0
[2018-05-11 21:09:25][debug] [sms]run time:3
[2018-05-11 21:09:25][debug] [sms]end:1526044165
[2018-05-11 21:09:25][debug] [sms]page:https://bbs.bivfw.top/plugin.php?id=tom_tchongbao:ajax&act=nitice_sms_hb_run&site=1&tongcheng_id=280&hongbao_id=35&page=55
[2018-05-11 21:09:26][debug] [sms]hongbao id:35
[2018-05-11 21:09:26][debug] [sms]page:55
[2018-05-11 21:09:26][debug] [sms]client IP:118.89.52.235
[2018-05-11 21:09:26][debug] [sms]start:1526044166
[2018-05-11 21:09:28][debug] [sms]all num:10
[2018-05-11 21:09:28][debug] [sms]run num:10
[2018-05-11 21:09:28][debug] [sms]ok num:5
[2018-05-11 21:09:28][debug] [sms]no num:0
[2018-05-11 21:09:28][debug] [sms]run time:2
[2018-05-11 21:09:28][debug] [sms]end:1526044168
[2018-05-11 21:09:28][debug] [sms]page:https://bbs.bivfw.top/plugin.php?id=tom_tchongbao:ajax&act=nitice_sms_hb_run&site=1&tongcheng_id=280&hongbao_id=35&page=56
[2018-05-11 21:09:29][debug] [sms]hongbao id:35
[2018-05-11 21:09:29][debug] [sms]page:56
[2018-05-11 21:09:29][debug] [sms]client IP:118.89.52.235
[2018-05-11 21:09:29][debug] [sms]start:1526044169
[2018-05-11 21:09:32][debug] [sms]all num:10
[2018-05-11 21:09:32][debug] [sms]run num:10
[2018-05-11 21:09:32][debug] [sms]ok num:1
[2018-05-11 21:09:32][debug] [sms]no num:0
[2018-05-11 21:09:32][debug] [sms]run time:3
[2018-05-11 21:09:32][debug] [sms]end:1526044172
[2018-05-11 21:09:32][debug] [sms]page:https://bbs.bivfw.top/plugin.php?id=tom_tchongbao:ajax&act=nitice_sms_hb_run&site=1&tongcheng_id=280&hongbao_id=35&page=57
[2018-05-11 21:09:32][debug] [sms]hongbao id:35
[2018-05-11 21:09:32][debug] [sms]page:57
[2018-05-11 21:09:32][debug] [sms]client IP:118.89.52.235
[2018-05-11 21:09:32][debug] [sms]start:1526044172
[2018-05-11 21:09:35][debug] [sms]all num:10
[2018-05-11 21:09:35][debug] [sms]run num:10
[2018-05-11 21:09:35][debug] [sms]ok num:4
[2018-05-11 21:09:35][debug] [sms]no num:0
[2018-05-11 21:09:35][debug] [sms]run time:3
[2018-05-11 21:09:35][debug] [sms]end:1526044175
[2018-05-11 21:09:35][debug] [sms]page:https://bbs.bivfw.top/plugin.php?id=tom_tchongbao:ajax&act=nitice_sms_hb_run&site=1&tongcheng_id=280&hongbao_id=35&page=58
[2018-05-11 21:09:35][debug] [sms]hongbao id:35
[2018-05-11 21:09:35][debug] [sms]page:58
[2018-05-11 21:09:35][debug] [sms]client IP:118.89.52.235
[2018-05-11 21:09:35][debug] [sms]start:1526044175
[2018-05-11 21:09:39][debug] [sms]all num:10
[2018-05-11 21:09:39][debug] [sms]run num:10
[2018-05-11 21:09:39][debug] [sms]ok num:2
[2018-05-11 21:09:39][debug] [sms]no num:0
[2018-05-11 21:09:39][debug] [sms]run time:4
[2018-05-11 21:09:39][debug] [sms]end:1526044179
[2018-05-11 21:09:39][debug] [sms]page:https://bbs.bivfw.top/plugin.php?id=tom_tchongbao:ajax&act=nitice_sms_hb_run&site=1&tongcheng_id=280&hongbao_id=35&page=59
[2018-05-11 21:09:39][debug] [sms]hongbao id:35
[2018-05-11 21:09:39][debug] [sms]page:59
[2018-05-11 21:09:39][debug] [sms]client IP:118.89.52.235
[2018-05-11 21:09:39][debug] [sms]start:1526044179
[2018-05-11 21:09:42][debug] [sms]all num:10
[2018-05-11 21:09:42][debug] [sms]run num:10
[2018-05-11 21:09:42][debug] [sms]ok num:3
[2018-05-11 21:09:42][debug] [sms]no num:0
[2018-05-11 21:09:42][debug] [sms]run time:3
[2018-05-11 21:09:42][debug] [sms]end:1526044182
[2018-05-11 21:09:42][debug] [sms]page:https://bbs.bivfw.top/plugin.php?id=tom_tchongbao:ajax&act=nitice_sms_hb_run&site=1&tongcheng_id=280&hongbao_id=35&page=60
[2018-05-11 21:09:42][debug] [sms]hongbao id:35
[2018-05-11 21:09:42][debug] [sms]page:60
[2018-05-11 21:09:42][debug] [sms]client IP:118.89.52.235
[2018-05-11 21:09:42][debug] [sms]start:1526044182
[2018-05-11 21:09:45][debug] [sms]all num:10
[2018-05-11 21:09:45][debug] [sms]run num:10
[2018-05-11 21:09:45][debug] [sms]ok num:3
[2018-05-11 21:09:45][debug] [sms]no num:0
[2018-05-11 21:09:45][debug] [sms]run time:3
[2018-05-11 21:09:45][debug] [sms]end:1526044185
[2018-05-11 21:09:45][debug] [sms]page:https://bbs.bivfw.top/plugin.php?id=tom_tchongbao:ajax&act=nitice_sms_hb_run&site=1&tongcheng_id=280&hongbao_id=35&page=61
[2018-05-11 21:09:45][debug] [sms]hongbao id:35
[2018-05-11 21:09:45][debug] [sms]page:61
[2018-05-11 21:09:45][debug] [sms]client IP:118.89.52.235
[2018-05-11 21:09:45][debug] [sms]start:1526044185
[2018-05-11 21:09:48][debug] [sms]all num:10
[2018-05-11 21:09:48][debug] [sms]run num:10
[2018-05-11 21:09:48][debug] [sms]ok num:3
[2018-05-11 21:09:48][debug] [sms]no num:0
[2018-05-11 21:09:48][debug] [sms]run time:3
[2018-05-11 21:09:48][debug] [sms]end:1526044188
[2018-05-11 21:09:48][debug] [sms]page:https://bbs.bivfw.top/plugin.php?id=tom_tchongbao:ajax&act=nitice_sms_hb_run&site=1&tongcheng_id=280&hongbao_id=35&page=62
[2018-05-11 21:09:49][debug] [sms]hongbao id:35
[2018-05-11 21:09:49][debug] [sms]page:62
[2018-05-11 21:09:49][debug] [sms]client IP:118.89.52.235
[2018-05-11 21:09:49][debug] [sms]start:1526044189
[2018-05-11 21:09:49][debug] [sms]all num:4
[2018-05-11 21:09:49][debug] [sms]run num:3
[2018-05-11 21:09:49][debug] [sms]ok num:2
[2018-05-11 21:09:49][debug] [sms]no num:0
[2018-05-11 21:09:49][debug] [sms]run time:0
[2018-05-11 21:09:49][debug] [sms]end:1526044189
[2018-05-11 21:09:49][debug] [sms]page:https://bbs.bivfw.top/plugin.php?id=tom_tchongbao:ajax&act=nitice_sms_hb_run&site=1&tongcheng_id=280&hongbao_id=35&page=63
[2018-05-11 21:09:50][debug] [sms]hongbao id:35
[2018-05-11 21:09:50][debug] [sms]page:63
[2018-05-11 21:09:50][debug] [sms]client IP:118.89.52.235
[2018-05-11 21:09:50][debug] [sms]start:1526044190
[2018-05-11 21:09:50][debug] [sms]all num:0
[2018-05-11 21:09:50][debug] [sms]run num:0
[2018-05-11 21:09:50][debug] [sms]ok num:0
[2018-05-11 21:09:50][debug] [sms]no num:0
[2018-05-11 21:09:50][debug] [sms]run time:0
[2018-05-11 21:09:50][debug] [sms]end:1526044190
[2018-05-11 21:09:50][debug] [sms]over:1526044190
