[2019-02-12 02:17:35][debug] [sms]--------------------- new -------------------------
[2019-02-12 02:17:35][debug] [sms]hongbao id:76
[2019-02-12 02:17:35][debug] [sms]page:1
[2019-02-12 02:17:35][debug] [sms]client IP:113.79.171.102
[2019-02-12 02:17:35][debug] [sms]start:1549909055
[2019-02-12 02:17:39][debug] [sms]all num:10
[2019-02-12 02:17:39][debug] [sms]run num:10
[2019-02-12 02:17:39][debug] [sms]ok num:6
[2019-02-12 02:17:39][debug] [sms]no num:0
[2019-02-12 02:17:39][debug] [sms]run time:4
[2019-02-12 02:17:39][debug] [sms]end:1549909059
[2019-02-12 02:17:39][debug] [sms]page:https://bbs.sex002.xyz/plugin.php?id=tom_tchongbao:ajax&act=nitice_sms_hb_run&site=1&tongcheng_id=773&hongbao_id=76&page=2
[2019-02-12 02:17:40][debug] [sms]hongbao id:76
[2019-02-12 02:17:40][debug] [sms]page:2
[2019-02-12 02:17:40][debug] [sms]client IP:118.89.52.235
[2019-02-12 02:17:40][debug] [sms]start:1549909060
[2019-02-12 02:17:44][debug] [sms]all num:10
[2019-02-12 02:17:44][debug] [sms]run num:10
[2019-02-12 02:17:44][debug] [sms]ok num:9
[2019-02-12 02:17:44][debug] [sms]no num:0
[2019-02-12 02:17:44][debug] [sms]run time:4
[2019-02-12 02:17:44][debug] [sms]end:1549909064
[2019-02-12 02:17:44][debug] [sms]page:https://bbs.sex002.xyz/plugin.php?id=tom_tchongbao:ajax&act=nitice_sms_hb_run&site=1&tongcheng_id=773&hongbao_id=76&page=3
[2019-02-12 02:17:44][debug] [sms]hongbao id:76
[2019-02-12 02:17:44][debug] [sms]page:3
[2019-02-12 02:17:44][debug] [sms]client IP:118.89.52.235
[2019-02-12 02:17:44][debug] [sms]start:1549909064
[2019-02-12 02:17:48][debug] [sms]all num:10
[2019-02-12 02:17:48][debug] [sms]run num:10
[2019-02-12 02:17:48][debug] [sms]ok num:7
[2019-02-12 02:17:48][debug] [sms]no num:0
[2019-02-12 02:17:48][debug] [sms]run time:4
[2019-02-12 02:17:48][debug] [sms]end:1549909068
[2019-02-12 02:17:48][debug] [sms]page:https://bbs.sex002.xyz/plugin.php?id=tom_tchongbao:ajax&act=nitice_sms_hb_run&site=1&tongcheng_id=773&hongbao_id=76&page=4
[2019-02-12 02:17:48][debug] [sms]hongbao id:76
[2019-02-12 02:17:48][debug] [sms]page:4
[2019-02-12 02:17:48][debug] [sms]client IP:118.89.52.235
[2019-02-12 02:17:48][debug] [sms]start:1549909068
[2019-02-12 02:17:51][debug] [sms]all num:10
[2019-02-12 02:17:51][debug] [sms]run num:10
[2019-02-12 02:17:51][debug] [sms]ok num:7
[2019-02-12 02:17:51][debug] [sms]no num:0
[2019-02-12 02:17:51][debug] [sms]run time:3
[2019-02-12 02:17:51][debug] [sms]end:1549909071
[2019-02-12 02:17:51][debug] [sms]page:https://bbs.sex002.xyz/plugin.php?id=tom_tchongbao:ajax&act=nitice_sms_hb_run&site=1&tongcheng_id=773&hongbao_id=76&page=5
[2019-02-12 02:17:52][debug] [sms]hongbao id:76
[2019-02-12 02:17:52][debug] [sms]page:5
[2019-02-12 02:17:52][debug] [sms]client IP:118.89.52.235
[2019-02-12 02:17:52][debug] [sms]start:1549909072
[2019-02-12 02:17:55][debug] [sms]all num:10
[2019-02-12 02:17:55][debug] [sms]run num:10
[2019-02-12 02:17:55][debug] [sms]ok num:6
[2019-02-12 02:17:55][debug] [sms]no num:0
[2019-02-12 02:17:55][debug] [sms]run time:3
[2019-02-12 02:17:55][debug] [sms]end:1549909075
[2019-02-12 02:17:55][debug] [sms]page:https://bbs.sex002.xyz/plugin.php?id=tom_tchongbao:ajax&act=nitice_sms_hb_run&site=1&tongcheng_id=773&hongbao_id=76&page=6
[2019-02-12 02:17:55][debug] [sms]hongbao id:76
[2019-02-12 02:17:55][debug] [sms]page:6
[2019-02-12 02:17:55][debug] [sms]client IP:118.89.52.235
[2019-02-12 02:17:55][debug] [sms]start:1549909075
[2019-02-12 02:17:58][debug] [sms]all num:10
[2019-02-12 02:17:58][debug] [sms]run num:10
[2019-02-12 02:17:58][debug] [sms]ok num:6
[2019-02-12 02:17:58][debug] [sms]no num:0
[2019-02-12 02:17:58][debug] [sms]run time:3
[2019-02-12 02:17:58][debug] [sms]end:1549909078
[2019-02-12 02:17:58][debug] [sms]page:https://bbs.sex002.xyz/plugin.php?id=tom_tchongbao:ajax&act=nitice_sms_hb_run&site=1&tongcheng_id=773&hongbao_id=76&page=7
[2019-02-12 02:17:59][debug] [sms]hongbao id:76
[2019-02-12 02:17:59][debug] [sms]page:7
[2019-02-12 02:17:59][debug] [sms]client IP:118.89.52.235
[2019-02-12 02:17:59][debug] [sms]start:1549909079
[2019-02-12 02:18:02][debug] [sms]all num:10
[2019-02-12 02:18:02][debug] [sms]run num:10
[2019-02-12 02:18:02][debug] [sms]ok num:7
[2019-02-12 02:18:02][debug] [sms]no num:0
[2019-02-12 02:18:02][debug] [sms]run time:3
[2019-02-12 02:18:02][debug] [sms]end:1549909082
[2019-02-12 02:18:02][debug] [sms]page:https://bbs.sex002.xyz/plugin.php?id=tom_tchongbao:ajax&act=nitice_sms_hb_run&site=1&tongcheng_id=773&hongbao_id=76&page=8
[2019-02-12 02:18:03][debug] [sms]hongbao id:76
[2019-02-12 02:18:03][debug] [sms]page:8
[2019-02-12 02:18:03][debug] [sms]client IP:118.89.52.235
[2019-02-12 02:18:03][debug] [sms]start:1549909083
[2019-02-12 02:18:06][debug] [sms]all num:10
[2019-02-12 02:18:06][debug] [sms]run num:10
[2019-02-12 02:18:06][debug] [sms]ok num:9
[2019-02-12 02:18:06][debug] [sms]no num:0
[2019-02-12 02:18:06][debug] [sms]run time:3
[2019-02-12 02:18:06][debug] [sms]end:1549909086
[2019-02-12 02:18:06][debug] [sms]page:https://bbs.sex002.xyz/plugin.php?id=tom_tchongbao:ajax&act=nitice_sms_hb_run&site=1&tongcheng_id=773&hongbao_id=76&page=9
[2019-02-12 02:18:06][debug] [sms]hongbao id:76
[2019-02-12 02:18:06][debug] [sms]page:9
[2019-02-12 02:18:06][debug] [sms]client IP:118.89.52.235
[2019-02-12 02:18:06][debug] [sms]start:1549909086
[2019-02-12 02:18:09][debug] [sms]all num:10
[2019-02-12 02:18:09][debug] [sms]run num:10
[2019-02-12 02:18:09][debug] [sms]ok num:7
[2019-02-12 02:18:09][debug] [sms]no num:0
[2019-02-12 02:18:09][debug] [sms]run time:3
[2019-02-12 02:18:09][debug] [sms]end:1549909089
[2019-02-12 02:18:09][debug] [sms]page:https://bbs.sex002.xyz/plugin.php?id=tom_tchongbao:ajax&act=nitice_sms_hb_run&site=1&tongcheng_id=773&hongbao_id=76&page=10
[2019-02-12 02:18:10][debug] [sms]hongbao id:76
[2019-02-12 02:18:10][debug] [sms]page:10
[2019-02-12 02:18:10][debug] [sms]client IP:118.89.52.235
[2019-02-12 02:18:10][debug] [sms]start:1549909090
[2019-02-12 02:18:13][debug] [sms]all num:10
[2019-02-12 02:18:13][debug] [sms]run num:10
[2019-02-12 02:18:13][debug] [sms]ok num:5
[2019-02-12 02:18:13][debug] [sms]no num:0
[2019-02-12 02:18:13][debug] [sms]run time:3
[2019-02-12 02:18:13][debug] [sms]end:1549909093
[2019-02-12 02:18:13][debug] [sms]page:https://bbs.sex002.xyz/plugin.php?id=tom_tchongbao:ajax&act=nitice_sms_hb_run&site=1&tongcheng_id=773&hongbao_id=76&page=11
[2019-02-12 02:18:13][debug] [sms]hongbao id:76
[2019-02-12 02:18:13][debug] [sms]page:11
[2019-02-12 02:18:13][debug] [sms]client IP:118.89.52.235
[2019-02-12 02:18:13][debug] [sms]start:1549909093
[2019-02-12 02:18:16][debug] [sms]all num:10
[2019-02-12 02:18:16][debug] [sms]run num:10
[2019-02-12 02:18:16][debug] [sms]ok num:9
[2019-02-12 02:18:16][debug] [sms]no num:0
[2019-02-12 02:18:16][debug] [sms]run time:3
[2019-02-12 02:18:16][debug] [sms]end:1549909096
[2019-02-12 02:18:16][debug] [sms]page:https://bbs.sex002.xyz/plugin.php?id=tom_tchongbao:ajax&act=nitice_sms_hb_run&site=1&tongcheng_id=773&hongbao_id=76&page=12
[2019-02-12 02:18:17][debug] [sms]hongbao id:76
[2019-02-12 02:18:17][debug] [sms]page:12
[2019-02-12 02:18:17][debug] [sms]client IP:118.89.52.235
[2019-02-12 02:18:17][debug] [sms]start:1549909097
[2019-02-12 02:18:20][debug] [sms]all num:10
[2019-02-12 02:18:20][debug] [sms]run num:10
[2019-02-12 02:18:20][debug] [sms]ok num:6
[2019-02-12 02:18:20][debug] [sms]no num:0
[2019-02-12 02:18:20][debug] [sms]run time:3
[2019-02-12 02:18:20][debug] [sms]end:1549909100
[2019-02-12 02:18:20][debug] [sms]page:https://bbs.sex002.xyz/plugin.php?id=tom_tchongbao:ajax&act=nitice_sms_hb_run&site=1&tongcheng_id=773&hongbao_id=76&page=13
[2019-02-12 02:18:20][debug] [sms]hongbao id:76
[2019-02-12 02:18:20][debug] [sms]page:13
[2019-02-12 02:18:20][debug] [sms]client IP:118.89.52.235
[2019-02-12 02:18:20][debug] [sms]start:1549909100
[2019-02-12 02:18:23][debug] [sms]all num:10
[2019-02-12 02:18:23][debug] [sms]run num:10
[2019-02-12 02:18:23][debug] [sms]ok num:3
[2019-02-12 02:18:23][debug] [sms]no num:0
[2019-02-12 02:18:23][debug] [sms]run time:3
[2019-02-12 02:18:23][debug] [sms]end:1549909103
[2019-02-12 02:18:23][debug] [sms]page:https://bbs.sex002.xyz/plugin.php?id=tom_tchongbao:ajax&act=nitice_sms_hb_run&site=1&tongcheng_id=773&hongbao_id=76&page=14
[2019-02-12 02:18:23][debug] [sms]hongbao id:76
[2019-02-12 02:18:23][debug] [sms]page:14
[2019-02-12 02:18:23][debug] [sms]client IP:118.89.52.235
[2019-02-12 02:18:23][debug] [sms]start:1549909103
[2019-02-12 02:18:27][debug] [sms]all num:10
[2019-02-12 02:18:27][debug] [sms]run num:10
[2019-02-12 02:18:27][debug] [sms]ok num:5
[2019-02-12 02:18:27][debug] [sms]no num:0
[2019-02-12 02:18:27][debug] [sms]run time:4
[2019-02-12 02:18:27][debug] [sms]end:1549909107
[2019-02-12 02:18:27][debug] [sms]page:https://bbs.sex002.xyz/plugin.php?id=tom_tchongbao:ajax&act=nitice_sms_hb_run&site=1&tongcheng_id=773&hongbao_id=76&page=15
[2019-02-12 02:18:27][debug] [sms]hongbao id:76
[2019-02-12 02:18:27][debug] [sms]page:15
[2019-02-12 02:18:27][debug] [sms]client IP:118.89.52.235
[2019-02-12 02:18:27][debug] [sms]start:1549909107
[2019-02-12 02:18:30][debug] [sms]all num:10
[2019-02-12 02:18:30][debug] [sms]run num:10
[2019-02-12 02:18:30][debug] [sms]ok num:7
[2019-02-12 02:18:30][debug] [sms]no num:0
[2019-02-12 02:18:30][debug] [sms]run time:3
[2019-02-12 02:18:30][debug] [sms]end:1549909110
[2019-02-12 02:18:30][debug] [sms]page:https://bbs.sex002.xyz/plugin.php?id=tom_tchongbao:ajax&act=nitice_sms_hb_run&site=1&tongcheng_id=773&hongbao_id=76&page=16
[2019-02-12 02:18:30][debug] [sms]hongbao id:76
[2019-02-12 02:18:30][debug] [sms]page:16
[2019-02-12 02:18:30][debug] [sms]client IP:118.89.52.235
[2019-02-12 02:18:30][debug] [sms]start:1549909110
[2019-02-12 02:18:34][debug] [sms]all num:10
[2019-02-12 02:18:34][debug] [sms]run num:10
[2019-02-12 02:18:34][debug] [sms]ok num:8
[2019-02-12 02:18:34][debug] [sms]no num:0
[2019-02-12 02:18:34][debug] [sms]run time:4
[2019-02-12 02:18:34][debug] [sms]end:1549909114
[2019-02-12 02:18:34][debug] [sms]page:https://bbs.sex002.xyz/plugin.php?id=tom_tchongbao:ajax&act=nitice_sms_hb_run&site=1&tongcheng_id=773&hongbao_id=76&page=17
[2019-02-12 02:18:34][debug] [sms]hongbao id:76
[2019-02-12 02:18:34][debug] [sms]page:17
[2019-02-12 02:18:34][debug] [sms]client IP:118.89.52.235
[2019-02-12 02:18:34][debug] [sms]start:1549909114
[2019-02-12 02:18:38][debug] [sms]all num:10
[2019-02-12 02:18:38][debug] [sms]run num:10
[2019-02-12 02:18:38][debug] [sms]ok num:5
[2019-02-12 02:18:38][debug] [sms]no num:0
[2019-02-12 02:18:38][debug] [sms]run time:4
[2019-02-12 02:18:38][debug] [sms]end:1549909118
[2019-02-12 02:18:38][debug] [sms]page:https://bbs.sex002.xyz/plugin.php?id=tom_tchongbao:ajax&act=nitice_sms_hb_run&site=1&tongcheng_id=773&hongbao_id=76&page=18
[2019-02-12 02:18:38][debug] [sms]hongbao id:76
[2019-02-12 02:18:38][debug] [sms]page:18
[2019-02-12 02:18:38][debug] [sms]client IP:118.89.52.235
[2019-02-12 02:18:38][debug] [sms]start:1549909118
[2019-02-12 02:18:41][debug] [sms]all num:10
[2019-02-12 02:18:41][debug] [sms]run num:10
[2019-02-12 02:18:41][debug] [sms]ok num:6
[2019-02-12 02:18:41][debug] [sms]no num:0
[2019-02-12 02:18:41][debug] [sms]run time:3
[2019-02-12 02:18:41][debug] [sms]end:1549909121
[2019-02-12 02:18:41][debug] [sms]page:https://bbs.sex002.xyz/plugin.php?id=tom_tchongbao:ajax&act=nitice_sms_hb_run&site=1&tongcheng_id=773&hongbao_id=76&page=19
[2019-02-12 02:18:42][debug] [sms]hongbao id:76
[2019-02-12 02:18:42][debug] [sms]page:19
[2019-02-12 02:18:42][debug] [sms]client IP:118.89.52.235
[2019-02-12 02:18:42][debug] [sms]start:1549909122
[2019-02-12 02:18:45][debug] [sms]all num:10
[2019-02-12 02:18:45][debug] [sms]run num:10
[2019-02-12 02:18:45][debug] [sms]ok num:6
[2019-02-12 02:18:45][debug] [sms]no num:0
[2019-02-12 02:18:45][debug] [sms]run time:3
[2019-02-12 02:18:45][debug] [sms]end:1549909125
[2019-02-12 02:18:45][debug] [sms]page:https://bbs.sex002.xyz/plugin.php?id=tom_tchongbao:ajax&act=nitice_sms_hb_run&site=1&tongcheng_id=773&hongbao_id=76&page=20
[2019-02-12 02:18:45][debug] [sms]hongbao id:76
[2019-02-12 02:18:45][debug] [sms]page:20
[2019-02-12 02:18:45][debug] [sms]client IP:118.89.52.235
[2019-02-12 02:18:45][debug] [sms]start:1549909125
[2019-02-12 02:18:48][debug] [sms]all num:10
[2019-02-12 02:18:48][debug] [sms]run num:10
[2019-02-12 02:18:48][debug] [sms]ok num:5
[2019-02-12 02:18:48][debug] [sms]no num:0
[2019-02-12 02:18:48][debug] [sms]run time:3
[2019-02-12 02:18:48][debug] [sms]end:1549909128
[2019-02-12 02:18:48][debug] [sms]page:https://bbs.sex002.xyz/plugin.php?id=tom_tchongbao:ajax&act=nitice_sms_hb_run&site=1&tongcheng_id=773&hongbao_id=76&page=21
[2019-02-12 02:18:48][debug] [sms]hongbao id:76
[2019-02-12 02:18:48][debug] [sms]page:21
[2019-02-12 02:18:48][debug] [sms]client IP:118.89.52.235
[2019-02-12 02:18:48][debug] [sms]start:1549909128
[2019-02-12 02:18:52][debug] [sms]all num:10
[2019-02-12 02:18:52][debug] [sms]run num:10
[2019-02-12 02:18:52][debug] [sms]ok num:6
[2019-02-12 02:18:52][debug] [sms]no num:0
[2019-02-12 02:18:52][debug] [sms]run time:4
[2019-02-12 02:18:52][debug] [sms]end:1549909132
[2019-02-12 02:18:52][debug] [sms]page:https://bbs.sex002.xyz/plugin.php?id=tom_tchongbao:ajax&act=nitice_sms_hb_run&site=1&tongcheng_id=773&hongbao_id=76&page=22
[2019-02-12 02:18:52][debug] [sms]hongbao id:76
[2019-02-12 02:18:52][debug] [sms]page:22
[2019-02-12 02:18:52][debug] [sms]client IP:118.89.52.235
[2019-02-12 02:18:52][debug] [sms]start:1549909132
[2019-02-12 02:18:55][debug] [sms]all num:10
[2019-02-12 02:18:55][debug] [sms]run num:10
[2019-02-12 02:18:55][debug] [sms]ok num:7
[2019-02-12 02:18:55][debug] [sms]no num:0
[2019-02-12 02:18:55][debug] [sms]run time:3
[2019-02-12 02:18:55][debug] [sms]end:1549909135
[2019-02-12 02:18:55][debug] [sms]page:https://bbs.sex002.xyz/plugin.php?id=tom_tchongbao:ajax&act=nitice_sms_hb_run&site=1&tongcheng_id=773&hongbao_id=76&page=23
[2019-02-12 02:18:55][debug] [sms]hongbao id:76
[2019-02-12 02:18:55][debug] [sms]page:23
[2019-02-12 02:18:55][debug] [sms]client IP:118.89.52.235
[2019-02-12 02:18:55][debug] [sms]start:1549909135
[2019-02-12 02:18:59][debug] [sms]all num:10
[2019-02-12 02:18:59][debug] [sms]run num:10
[2019-02-12 02:18:59][debug] [sms]ok num:8
[2019-02-12 02:18:59][debug] [sms]no num:0
[2019-02-12 02:18:59][debug] [sms]run time:4
[2019-02-12 02:18:59][debug] [sms]end:1549909139
[2019-02-12 02:18:59][debug] [sms]page:https://bbs.sex002.xyz/plugin.php?id=tom_tchongbao:ajax&act=nitice_sms_hb_run&site=1&tongcheng_id=773&hongbao_id=76&page=24
[2019-02-12 02:18:59][debug] [sms]hongbao id:76
[2019-02-12 02:18:59][debug] [sms]page:24
[2019-02-12 02:18:59][debug] [sms]client IP:118.89.52.235
[2019-02-12 02:18:59][debug] [sms]start:1549909139
[2019-02-12 02:19:02][debug] [sms]all num:10
[2019-02-12 02:19:02][debug] [sms]run num:10
[2019-02-12 02:19:02][debug] [sms]ok num:6
[2019-02-12 02:19:02][debug] [sms]no num:0
[2019-02-12 02:19:02][debug] [sms]run time:3
[2019-02-12 02:19:02][debug] [sms]end:1549909142
[2019-02-12 02:19:02][debug] [sms]page:https://bbs.sex002.xyz/plugin.php?id=tom_tchongbao:ajax&act=nitice_sms_hb_run&site=1&tongcheng_id=773&hongbao_id=76&page=25
[2019-02-12 02:19:02][debug] [sms]hongbao id:76
[2019-02-12 02:19:02][debug] [sms]page:25
[2019-02-12 02:19:02][debug] [sms]client IP:118.89.52.235
[2019-02-12 02:19:02][debug] [sms]start:1549909142
[2019-02-12 02:19:06][debug] [sms]all num:10
[2019-02-12 02:19:06][debug] [sms]run num:10
[2019-02-12 02:19:06][debug] [sms]ok num:7
[2019-02-12 02:19:06][debug] [sms]no num:0
[2019-02-12 02:19:06][debug] [sms]run time:4
[2019-02-12 02:19:06][debug] [sms]end:1549909146
[2019-02-12 02:19:06][debug] [sms]page:https://bbs.sex002.xyz/plugin.php?id=tom_tchongbao:ajax&act=nitice_sms_hb_run&site=1&tongcheng_id=773&hongbao_id=76&page=26
[2019-02-12 02:19:06][debug] [sms]hongbao id:76
[2019-02-12 02:19:06][debug] [sms]page:26
[2019-02-12 02:19:06][debug] [sms]client IP:118.89.52.235
[2019-02-12 02:19:06][debug] [sms]start:1549909146
[2019-02-12 02:19:09][debug] [sms]all num:10
[2019-02-12 02:19:09][debug] [sms]run num:10
[2019-02-12 02:19:09][debug] [sms]ok num:7
[2019-02-12 02:19:09][debug] [sms]no num:0
[2019-02-12 02:19:09][debug] [sms]run time:3
[2019-02-12 02:19:09][debug] [sms]end:1549909149
[2019-02-12 02:19:09][debug] [sms]page:https://bbs.sex002.xyz/plugin.php?id=tom_tchongbao:ajax&act=nitice_sms_hb_run&site=1&tongcheng_id=773&hongbao_id=76&page=27
[2019-02-12 02:19:09][debug] [sms]hongbao id:76
[2019-02-12 02:19:09][debug] [sms]page:27
[2019-02-12 02:19:09][debug] [sms]client IP:118.89.52.235
[2019-02-12 02:19:09][debug] [sms]start:1549909149
[2019-02-12 02:19:12][debug] [sms]all num:10
[2019-02-12 02:19:12][debug] [sms]run num:10
[2019-02-12 02:19:12][debug] [sms]ok num:10
[2019-02-12 02:19:12][debug] [sms]no num:0
[2019-02-12 02:19:12][debug] [sms]run time:3
[2019-02-12 02:19:12][debug] [sms]end:1549909152
[2019-02-12 02:19:12][debug] [sms]page:https://bbs.sex002.xyz/plugin.php?id=tom_tchongbao:ajax&act=nitice_sms_hb_run&site=1&tongcheng_id=773&hongbao_id=76&page=28
[2019-02-12 02:19:12][debug] [sms]hongbao id:76
[2019-02-12 02:19:12][debug] [sms]page:28
[2019-02-12 02:19:12][debug] [sms]client IP:118.89.52.235
[2019-02-12 02:19:12][debug] [sms]start:1549909152
[2019-02-12 02:19:16][debug] [sms]all num:10
[2019-02-12 02:19:16][debug] [sms]run num:10
[2019-02-12 02:19:16][debug] [sms]ok num:6
[2019-02-12 02:19:16][debug] [sms]no num:0
[2019-02-12 02:19:16][debug] [sms]run time:4
[2019-02-12 02:19:16][debug] [sms]end:1549909156
[2019-02-12 02:19:16][debug] [sms]page:https://bbs.sex002.xyz/plugin.php?id=tom_tchongbao:ajax&act=nitice_sms_hb_run&site=1&tongcheng_id=773&hongbao_id=76&page=29
[2019-02-12 02:19:16][debug] [sms]hongbao id:76
[2019-02-12 02:19:16][debug] [sms]page:29
[2019-02-12 02:19:16][debug] [sms]client IP:118.89.52.235
[2019-02-12 02:19:16][debug] [sms]start:1549909156
[2019-02-12 02:19:19][debug] [sms]all num:10
[2019-02-12 02:19:19][debug] [sms]run num:10
[2019-02-12 02:19:19][debug] [sms]ok num:7
[2019-02-12 02:19:19][debug] [sms]no num:0
[2019-02-12 02:19:19][debug] [sms]run time:3
[2019-02-12 02:19:19][debug] [sms]end:1549909159
[2019-02-12 02:19:19][debug] [sms]page:https://bbs.sex002.xyz/plugin.php?id=tom_tchongbao:ajax&act=nitice_sms_hb_run&site=1&tongcheng_id=773&hongbao_id=76&page=30
[2019-02-12 02:19:19][debug] [sms]hongbao id:76
[2019-02-12 02:19:19][debug] [sms]page:30
[2019-02-12 02:19:19][debug] [sms]client IP:118.89.52.235
[2019-02-12 02:19:19][debug] [sms]start:1549909159
[2019-02-12 02:19:23][debug] [sms]all num:10
[2019-02-12 02:19:23][debug] [sms]run num:10
[2019-02-12 02:19:23][debug] [sms]ok num:8
[2019-02-12 02:19:23][debug] [sms]no num:0
[2019-02-12 02:19:23][debug] [sms]run time:4
[2019-02-12 02:19:23][debug] [sms]end:1549909163
[2019-02-12 02:19:23][debug] [sms]page:https://bbs.sex002.xyz/plugin.php?id=tom_tchongbao:ajax&act=nitice_sms_hb_run&site=1&tongcheng_id=773&hongbao_id=76&page=31
[2019-02-12 02:19:23][debug] [sms]hongbao id:76
[2019-02-12 02:19:23][debug] [sms]page:31
[2019-02-12 02:19:23][debug] [sms]client IP:118.89.52.235
[2019-02-12 02:19:23][debug] [sms]start:1549909163
[2019-02-12 02:19:26][debug] [sms]all num:10
[2019-02-12 02:19:26][debug] [sms]run num:10
[2019-02-12 02:19:26][debug] [sms]ok num:6
[2019-02-12 02:19:26][debug] [sms]no num:0
[2019-02-12 02:19:26][debug] [sms]run time:3
[2019-02-12 02:19:26][debug] [sms]end:1549909166
[2019-02-12 02:19:26][debug] [sms]page:https://bbs.sex002.xyz/plugin.php?id=tom_tchongbao:ajax&act=nitice_sms_hb_run&site=1&tongcheng_id=773&hongbao_id=76&page=32
[2019-02-12 02:19:26][debug] [sms]hongbao id:76
[2019-02-12 02:19:26][debug] [sms]page:32
[2019-02-12 02:19:26][debug] [sms]client IP:118.89.52.235
[2019-02-12 02:19:26][debug] [sms]start:1549909166
[2019-02-12 02:19:29][debug] [sms]all num:10
[2019-02-12 02:19:29][debug] [sms]run num:10
[2019-02-12 02:19:29][debug] [sms]ok num:6
[2019-02-12 02:19:29][debug] [sms]no num:0
[2019-02-12 02:19:29][debug] [sms]run time:3
[2019-02-12 02:19:29][debug] [sms]end:1549909169
[2019-02-12 02:19:29][debug] [sms]page:https://bbs.sex002.xyz/plugin.php?id=tom_tchongbao:ajax&act=nitice_sms_hb_run&site=1&tongcheng_id=773&hongbao_id=76&page=33
[2019-02-12 02:19:29][debug] [sms]hongbao id:76
[2019-02-12 02:19:29][debug] [sms]page:33
[2019-02-12 02:19:29][debug] [sms]client IP:118.89.52.235
[2019-02-12 02:19:29][debug] [sms]start:1549909169
[2019-02-12 02:19:32][debug] [sms]all num:10
[2019-02-12 02:19:32][debug] [sms]run num:10
[2019-02-12 02:19:32][debug] [sms]ok num:9
[2019-02-12 02:19:32][debug] [sms]no num:0
[2019-02-12 02:19:32][debug] [sms]run time:3
[2019-02-12 02:19:32][debug] [sms]end:1549909172
[2019-02-12 02:19:32][debug] [sms]page:https://bbs.sex002.xyz/plugin.php?id=tom_tchongbao:ajax&act=nitice_sms_hb_run&site=1&tongcheng_id=773&hongbao_id=76&page=34
[2019-02-12 02:19:33][debug] [sms]hongbao id:76
[2019-02-12 02:19:33][debug] [sms]page:34
[2019-02-12 02:19:33][debug] [sms]client IP:118.89.52.235
[2019-02-12 02:19:33][debug] [sms]start:1549909173
[2019-02-12 02:19:36][debug] [sms]all num:10
[2019-02-12 02:19:36][debug] [sms]run num:10
[2019-02-12 02:19:36][debug] [sms]ok num:5
[2019-02-12 02:19:36][debug] [sms]no num:0
[2019-02-12 02:19:36][debug] [sms]run time:3
[2019-02-12 02:19:36][debug] [sms]end:1549909176
[2019-02-12 02:19:36][debug] [sms]page:https://bbs.sex002.xyz/plugin.php?id=tom_tchongbao:ajax&act=nitice_sms_hb_run&site=1&tongcheng_id=773&hongbao_id=76&page=35
[2019-02-12 02:19:36][debug] [sms]hongbao id:76
[2019-02-12 02:19:36][debug] [sms]page:35
[2019-02-12 02:19:36][debug] [sms]client IP:118.89.52.235
[2019-02-12 02:19:36][debug] [sms]start:1549909176
[2019-02-12 02:19:39][debug] [sms]all num:10
[2019-02-12 02:19:39][debug] [sms]run num:10
[2019-02-12 02:19:39][debug] [sms]ok num:7
[2019-02-12 02:19:39][debug] [sms]no num:0
[2019-02-12 02:19:39][debug] [sms]run time:3
[2019-02-12 02:19:39][debug] [sms]end:1549909179
[2019-02-12 02:19:39][debug] [sms]page:https://bbs.sex002.xyz/plugin.php?id=tom_tchongbao:ajax&act=nitice_sms_hb_run&site=1&tongcheng_id=773&hongbao_id=76&page=36
[2019-02-12 02:19:39][debug] [sms]hongbao id:76
[2019-02-12 02:19:39][debug] [sms]page:36
[2019-02-12 02:19:39][debug] [sms]client IP:118.89.52.235
[2019-02-12 02:19:39][debug] [sms]start:1549909179
[2019-02-12 02:19:43][debug] [sms]all num:10
[2019-02-12 02:19:43][debug] [sms]run num:10
[2019-02-12 02:19:43][debug] [sms]ok num:7
[2019-02-12 02:19:43][debug] [sms]no num:0
[2019-02-12 02:19:43][debug] [sms]run time:4
[2019-02-12 02:19:43][debug] [sms]end:1549909183
[2019-02-12 02:19:43][debug] [sms]page:https://bbs.sex002.xyz/plugin.php?id=tom_tchongbao:ajax&act=nitice_sms_hb_run&site=1&tongcheng_id=773&hongbao_id=76&page=37
[2019-02-12 02:19:43][debug] [sms]hongbao id:76
[2019-02-12 02:19:43][debug] [sms]page:37
[2019-02-12 02:19:43][debug] [sms]client IP:118.89.52.235
[2019-02-12 02:19:43][debug] [sms]start:1549909183
[2019-02-12 02:19:46][debug] [sms]all num:10
[2019-02-12 02:19:46][debug] [sms]run num:10
[2019-02-12 02:19:46][debug] [sms]ok num:8
[2019-02-12 02:19:46][debug] [sms]no num:0
[2019-02-12 02:19:46][debug] [sms]run time:3
[2019-02-12 02:19:46][debug] [sms]end:1549909186
[2019-02-12 02:19:46][debug] [sms]page:https://bbs.sex002.xyz/plugin.php?id=tom_tchongbao:ajax&act=nitice_sms_hb_run&site=1&tongcheng_id=773&hongbao_id=76&page=38
[2019-02-12 02:19:46][debug] [sms]hongbao id:76
[2019-02-12 02:19:46][debug] [sms]page:38
[2019-02-12 02:19:46][debug] [sms]client IP:118.89.52.235
[2019-02-12 02:19:46][debug] [sms]start:1549909186
[2019-02-12 02:19:50][debug] [sms]all num:10
[2019-02-12 02:19:50][debug] [sms]run num:10
[2019-02-12 02:19:50][debug] [sms]ok num:7
[2019-02-12 02:19:50][debug] [sms]no num:0
[2019-02-12 02:19:50][debug] [sms]run time:4
[2019-02-12 02:19:50][debug] [sms]end:1549909190
[2019-02-12 02:19:50][debug] [sms]page:https://bbs.sex002.xyz/plugin.php?id=tom_tchongbao:ajax&act=nitice_sms_hb_run&site=1&tongcheng_id=773&hongbao_id=76&page=39
[2019-02-12 02:19:50][debug] [sms]hongbao id:76
[2019-02-12 02:19:50][debug] [sms]page:39
[2019-02-12 02:19:50][debug] [sms]client IP:118.89.52.235
[2019-02-12 02:19:50][debug] [sms]start:1549909190
[2019-02-12 02:19:54][debug] [sms]all num:10
[2019-02-12 02:19:54][debug] [sms]run num:10
[2019-02-12 02:19:54][debug] [sms]ok num:7
[2019-02-12 02:19:54][debug] [sms]no num:0
[2019-02-12 02:19:54][debug] [sms]run time:4
[2019-02-12 02:19:54][debug] [sms]end:1549909194
[2019-02-12 02:19:54][debug] [sms]page:https://bbs.sex002.xyz/plugin.php?id=tom_tchongbao:ajax&act=nitice_sms_hb_run&site=1&tongcheng_id=773&hongbao_id=76&page=40
[2019-02-12 02:19:54][debug] [sms]hongbao id:76
[2019-02-12 02:19:54][debug] [sms]page:40
[2019-02-12 02:19:54][debug] [sms]client IP:118.89.52.235
[2019-02-12 02:19:54][debug] [sms]start:1549909194
[2019-02-12 02:19:57][debug] [sms]all num:10
[2019-02-12 02:19:57][debug] [sms]run num:10
[2019-02-12 02:19:57][debug] [sms]ok num:5
[2019-02-12 02:19:57][debug] [sms]no num:0
[2019-02-12 02:19:57][debug] [sms]run time:3
[2019-02-12 02:19:57][debug] [sms]end:1549909197
[2019-02-12 02:19:57][debug] [sms]page:https://bbs.sex002.xyz/plugin.php?id=tom_tchongbao:ajax&act=nitice_sms_hb_run&site=1&tongcheng_id=773&hongbao_id=76&page=41
[2019-02-12 02:19:57][debug] [sms]hongbao id:76
[2019-02-12 02:19:57][debug] [sms]page:41
[2019-02-12 02:19:57][debug] [sms]client IP:118.89.52.235
[2019-02-12 02:19:57][debug] [sms]start:1549909197
[2019-02-12 02:20:01][debug] [sms]all num:10
[2019-02-12 02:20:01][debug] [sms]run num:10
[2019-02-12 02:20:01][debug] [sms]ok num:4
[2019-02-12 02:20:01][debug] [sms]no num:0
[2019-02-12 02:20:01][debug] [sms]run time:4
[2019-02-12 02:20:01][debug] [sms]end:1549909201
[2019-02-12 02:20:01][debug] [sms]page:https://bbs.sex002.xyz/plugin.php?id=tom_tchongbao:ajax&act=nitice_sms_hb_run&site=1&tongcheng_id=773&hongbao_id=76&page=42
[2019-02-12 02:20:01][debug] [sms]hongbao id:76
[2019-02-12 02:20:01][debug] [sms]page:42
[2019-02-12 02:20:01][debug] [sms]client IP:118.89.52.235
[2019-02-12 02:20:01][debug] [sms]start:1549909201
[2019-02-12 02:20:05][debug] [sms]all num:10
[2019-02-12 02:20:05][debug] [sms]run num:10
[2019-02-12 02:20:05][debug] [sms]ok num:9
[2019-02-12 02:20:05][debug] [sms]no num:0
[2019-02-12 02:20:05][debug] [sms]run time:4
[2019-02-12 02:20:05][debug] [sms]end:1549909205
[2019-02-12 02:20:05][debug] [sms]page:https://bbs.sex002.xyz/plugin.php?id=tom_tchongbao:ajax&act=nitice_sms_hb_run&site=1&tongcheng_id=773&hongbao_id=76&page=43
[2019-02-12 02:20:05][debug] [sms]hongbao id:76
[2019-02-12 02:20:05][debug] [sms]page:43
[2019-02-12 02:20:05][debug] [sms]client IP:118.89.52.235
[2019-02-12 02:20:05][debug] [sms]start:1549909205
[2019-02-12 02:20:09][debug] [sms]all num:10
[2019-02-12 02:20:09][debug] [sms]run num:10
[2019-02-12 02:20:09][debug] [sms]ok num:7
[2019-02-12 02:20:09][debug] [sms]no num:0
[2019-02-12 02:20:09][debug] [sms]run time:4
[2019-02-12 02:20:09][debug] [sms]end:1549909209
[2019-02-12 02:20:09][debug] [sms]page:https://bbs.sex002.xyz/plugin.php?id=tom_tchongbao:ajax&act=nitice_sms_hb_run&site=1&tongcheng_id=773&hongbao_id=76&page=44
[2019-02-12 02:20:09][debug] [sms]hongbao id:76
[2019-02-12 02:20:09][debug] [sms]page:44
[2019-02-12 02:20:09][debug] [sms]client IP:118.89.52.235
[2019-02-12 02:20:09][debug] [sms]start:1549909209
[2019-02-12 02:20:12][debug] [sms]all num:10
[2019-02-12 02:20:12][debug] [sms]run num:10
[2019-02-12 02:20:12][debug] [sms]ok num:6
[2019-02-12 02:20:12][debug] [sms]no num:0
[2019-02-12 02:20:12][debug] [sms]run time:3
[2019-02-12 02:20:12][debug] [sms]end:1549909212
[2019-02-12 02:20:12][debug] [sms]page:https://bbs.sex002.xyz/plugin.php?id=tom_tchongbao:ajax&act=nitice_sms_hb_run&site=1&tongcheng_id=773&hongbao_id=76&page=45
[2019-02-12 02:20:12][debug] [sms]hongbao id:76
[2019-02-12 02:20:12][debug] [sms]page:45
[2019-02-12 02:20:12][debug] [sms]client IP:118.89.52.235
[2019-02-12 02:20:12][debug] [sms]start:1549909212
[2019-02-12 02:20:16][debug] [sms]all num:10
[2019-02-12 02:20:16][debug] [sms]run num:10
[2019-02-12 02:20:16][debug] [sms]ok num:8
[2019-02-12 02:20:16][debug] [sms]no num:0
[2019-02-12 02:20:16][debug] [sms]run time:4
[2019-02-12 02:20:16][debug] [sms]end:1549909216
[2019-02-12 02:20:16][debug] [sms]page:https://bbs.sex002.xyz/plugin.php?id=tom_tchongbao:ajax&act=nitice_sms_hb_run&site=1&tongcheng_id=773&hongbao_id=76&page=46
[2019-02-12 02:20:16][debug] [sms]hongbao id:76
[2019-02-12 02:20:16][debug] [sms]page:46
[2019-02-12 02:20:16][debug] [sms]client IP:118.89.52.235
[2019-02-12 02:20:16][debug] [sms]start:1549909216
[2019-02-12 02:20:19][debug] [sms]all num:10
[2019-02-12 02:20:19][debug] [sms]run num:10
[2019-02-12 02:20:19][debug] [sms]ok num:6
[2019-02-12 02:20:19][debug] [sms]no num:0
[2019-02-12 02:20:19][debug] [sms]run time:3
[2019-02-12 02:20:19][debug] [sms]end:1549909219
[2019-02-12 02:20:19][debug] [sms]page:https://bbs.sex002.xyz/plugin.php?id=tom_tchongbao:ajax&act=nitice_sms_hb_run&site=1&tongcheng_id=773&hongbao_id=76&page=47
[2019-02-12 02:20:19][debug] [sms]hongbao id:76
[2019-02-12 02:20:19][debug] [sms]page:47
[2019-02-12 02:20:19][debug] [sms]client IP:118.89.52.235
[2019-02-12 02:20:19][debug] [sms]start:1549909219
[2019-02-12 02:20:23][debug] [sms]all num:10
[2019-02-12 02:20:23][debug] [sms]run num:10
[2019-02-12 02:20:23][debug] [sms]ok num:7
[2019-02-12 02:20:23][debug] [sms]no num:0
[2019-02-12 02:20:23][debug] [sms]run time:4
[2019-02-12 02:20:23][debug] [sms]end:1549909223
[2019-02-12 02:20:23][debug] [sms]page:https://bbs.sex002.xyz/plugin.php?id=tom_tchongbao:ajax&act=nitice_sms_hb_run&site=1&tongcheng_id=773&hongbao_id=76&page=48
[2019-02-12 02:20:23][debug] [sms]hongbao id:76
[2019-02-12 02:20:23][debug] [sms]page:48
[2019-02-12 02:20:23][debug] [sms]client IP:118.89.52.235
[2019-02-12 02:20:23][debug] [sms]start:1549909223
[2019-02-12 02:20:26][debug] [sms]all num:10
[2019-02-12 02:20:26][debug] [sms]run num:10
[2019-02-12 02:20:26][debug] [sms]ok num:9
[2019-02-12 02:20:26][debug] [sms]no num:0
[2019-02-12 02:20:26][debug] [sms]run time:3
[2019-02-12 02:20:26][debug] [sms]end:1549909226
[2019-02-12 02:20:26][debug] [sms]page:https://bbs.sex002.xyz/plugin.php?id=tom_tchongbao:ajax&act=nitice_sms_hb_run&site=1&tongcheng_id=773&hongbao_id=76&page=49
[2019-02-12 02:20:26][debug] [sms]hongbao id:76
[2019-02-12 02:20:26][debug] [sms]page:49
[2019-02-12 02:20:26][debug] [sms]client IP:118.89.52.235
[2019-02-12 02:20:26][debug] [sms]start:1549909226
[2019-02-12 02:20:29][debug] [sms]all num:10
[2019-02-12 02:20:29][debug] [sms]run num:10
[2019-02-12 02:20:29][debug] [sms]ok num:8
[2019-02-12 02:20:29][debug] [sms]no num:0
[2019-02-12 02:20:29][debug] [sms]run time:3
[2019-02-12 02:20:29][debug] [sms]end:1549909229
[2019-02-12 02:20:29][debug] [sms]page:https://bbs.sex002.xyz/plugin.php?id=tom_tchongbao:ajax&act=nitice_sms_hb_run&site=1&tongcheng_id=773&hongbao_id=76&page=50
[2019-02-12 02:20:29][debug] [sms]hongbao id:76
[2019-02-12 02:20:29][debug] [sms]page:50
[2019-02-12 02:20:29][debug] [sms]client IP:118.89.52.235
[2019-02-12 02:20:29][debug] [sms]start:1549909229
[2019-02-12 02:20:33][debug] [sms]all num:10
[2019-02-12 02:20:33][debug] [sms]run num:10
[2019-02-12 02:20:33][debug] [sms]ok num:8
[2019-02-12 02:20:33][debug] [sms]no num:0
[2019-02-12 02:20:33][debug] [sms]run time:4
[2019-02-12 02:20:33][debug] [sms]end:1549909233
[2019-02-12 02:20:33][debug] [sms]page:https://bbs.sex002.xyz/plugin.php?id=tom_tchongbao:ajax&act=nitice_sms_hb_run&site=1&tongcheng_id=773&hongbao_id=76&page=51
[2019-02-12 02:20:33][debug] [sms]hongbao id:76
[2019-02-12 02:20:33][debug] [sms]page:51
[2019-02-12 02:20:33][debug] [sms]client IP:118.89.52.235
[2019-02-12 02:20:33][debug] [sms]start:1549909233
[2019-02-12 02:20:36][debug] [sms]all num:10
[2019-02-12 02:20:36][debug] [sms]run num:10
[2019-02-12 02:20:36][debug] [sms]ok num:8
[2019-02-12 02:20:36][debug] [sms]no num:0
[2019-02-12 02:20:36][debug] [sms]run time:3
[2019-02-12 02:20:36][debug] [sms]end:1549909236
[2019-02-12 02:20:36][debug] [sms]page:https://bbs.sex002.xyz/plugin.php?id=tom_tchongbao:ajax&act=nitice_sms_hb_run&site=1&tongcheng_id=773&hongbao_id=76&page=52
[2019-02-12 02:20:36][debug] [sms]hongbao id:76
[2019-02-12 02:20:36][debug] [sms]page:52
[2019-02-12 02:20:36][debug] [sms]client IP:118.89.52.235
[2019-02-12 02:20:36][debug] [sms]start:1549909236
[2019-02-12 02:20:40][debug] [sms]all num:10
[2019-02-12 02:20:40][debug] [sms]run num:10
[2019-02-12 02:20:40][debug] [sms]ok num:7
[2019-02-12 02:20:40][debug] [sms]no num:0
[2019-02-12 02:20:40][debug] [sms]run time:4
[2019-02-12 02:20:40][debug] [sms]end:1549909240
[2019-02-12 02:20:40][debug] [sms]page:https://bbs.sex002.xyz/plugin.php?id=tom_tchongbao:ajax&act=nitice_sms_hb_run&site=1&tongcheng_id=773&hongbao_id=76&page=53
[2019-02-12 02:20:40][debug] [sms]hongbao id:76
[2019-02-12 02:20:40][debug] [sms]page:53
[2019-02-12 02:20:40][debug] [sms]client IP:118.89.52.235
[2019-02-12 02:20:40][debug] [sms]start:1549909240
[2019-02-12 02:20:43][debug] [sms]all num:10
[2019-02-12 02:20:43][debug] [sms]run num:10
[2019-02-12 02:20:43][debug] [sms]ok num:5
[2019-02-12 02:20:43][debug] [sms]no num:0
[2019-02-12 02:20:43][debug] [sms]run time:3
[2019-02-12 02:20:43][debug] [sms]end:1549909243
[2019-02-12 02:20:43][debug] [sms]page:https://bbs.sex002.xyz/plugin.php?id=tom_tchongbao:ajax&act=nitice_sms_hb_run&site=1&tongcheng_id=773&hongbao_id=76&page=54
[2019-02-12 02:20:44][debug] [sms]hongbao id:76
[2019-02-12 02:20:44][debug] [sms]page:54
[2019-02-12 02:20:44][debug] [sms]client IP:118.89.52.235
[2019-02-12 02:20:44][debug] [sms]start:1549909244
[2019-02-12 02:20:47][debug] [sms]all num:10
[2019-02-12 02:20:47][debug] [sms]run num:10
[2019-02-12 02:20:47][debug] [sms]ok num:4
[2019-02-12 02:20:47][debug] [sms]no num:0
[2019-02-12 02:20:47][debug] [sms]run time:3
[2019-02-12 02:20:47][debug] [sms]end:1549909247
[2019-02-12 02:20:47][debug] [sms]page:https://bbs.sex002.xyz/plugin.php?id=tom_tchongbao:ajax&act=nitice_sms_hb_run&site=1&tongcheng_id=773&hongbao_id=76&page=55
[2019-02-12 02:20:47][debug] [sms]hongbao id:76
[2019-02-12 02:20:47][debug] [sms]page:55
[2019-02-12 02:20:47][debug] [sms]client IP:118.89.52.235
[2019-02-12 02:20:47][debug] [sms]start:1549909247
[2019-02-12 02:20:50][debug] [sms]all num:10
[2019-02-12 02:20:50][debug] [sms]run num:10
[2019-02-12 02:20:50][debug] [sms]ok num:2
[2019-02-12 02:20:50][debug] [sms]no num:0
[2019-02-12 02:20:50][debug] [sms]run time:3
[2019-02-12 02:20:50][debug] [sms]end:1549909250
[2019-02-12 02:20:50][debug] [sms]page:https://bbs.sex002.xyz/plugin.php?id=tom_tchongbao:ajax&act=nitice_sms_hb_run&site=1&tongcheng_id=773&hongbao_id=76&page=56
[2019-02-12 02:20:50][debug] [sms]hongbao id:76
[2019-02-12 02:20:50][debug] [sms]page:56
[2019-02-12 02:20:50][debug] [sms]client IP:118.89.52.235
[2019-02-12 02:20:50][debug] [sms]start:1549909250
[2019-02-12 02:20:54][debug] [sms]all num:10
[2019-02-12 02:20:54][debug] [sms]run num:10
[2019-02-12 02:20:54][debug] [sms]ok num:6
[2019-02-12 02:20:54][debug] [sms]no num:0
[2019-02-12 02:20:54][debug] [sms]run time:4
[2019-02-12 02:20:54][debug] [sms]end:1549909254
[2019-02-12 02:20:54][debug] [sms]page:https://bbs.sex002.xyz/plugin.php?id=tom_tchongbao:ajax&act=nitice_sms_hb_run&site=1&tongcheng_id=773&hongbao_id=76&page=57
[2019-02-12 02:20:54][debug] [sms]hongbao id:76
[2019-02-12 02:20:54][debug] [sms]page:57
[2019-02-12 02:20:54][debug] [sms]client IP:118.89.52.235
[2019-02-12 02:20:54][debug] [sms]start:1549909254
[2019-02-12 02:20:57][debug] [sms]all num:10
[2019-02-12 02:20:57][debug] [sms]run num:10
[2019-02-12 02:20:57][debug] [sms]ok num:4
[2019-02-12 02:20:57][debug] [sms]no num:0
[2019-02-12 02:20:57][debug] [sms]run time:3
[2019-02-12 02:20:57][debug] [sms]end:1549909257
[2019-02-12 02:20:57][debug] [sms]page:https://bbs.sex002.xyz/plugin.php?id=tom_tchongbao:ajax&act=nitice_sms_hb_run&site=1&tongcheng_id=773&hongbao_id=76&page=58
[2019-02-12 02:20:57][debug] [sms]hongbao id:76
[2019-02-12 02:20:57][debug] [sms]page:58
[2019-02-12 02:20:57][debug] [sms]client IP:118.89.52.235
[2019-02-12 02:20:57][debug] [sms]start:1549909257
[2019-02-12 02:21:01][debug] [sms]all num:10
[2019-02-12 02:21:01][debug] [sms]run num:10
[2019-02-12 02:21:01][debug] [sms]ok num:5
[2019-02-12 02:21:01][debug] [sms]no num:0
[2019-02-12 02:21:01][debug] [sms]run time:4
[2019-02-12 02:21:01][debug] [sms]end:1549909261
[2019-02-12 02:21:01][debug] [sms]page:https://bbs.sex002.xyz/plugin.php?id=tom_tchongbao:ajax&act=nitice_sms_hb_run&site=1&tongcheng_id=773&hongbao_id=76&page=59
[2019-02-12 02:21:01][debug] [sms]hongbao id:76
[2019-02-12 02:21:01][debug] [sms]page:59
[2019-02-12 02:21:01][debug] [sms]client IP:118.89.52.235
[2019-02-12 02:21:01][debug] [sms]start:1549909261
[2019-02-12 02:21:04][debug] [sms]all num:10
[2019-02-12 02:21:04][debug] [sms]run num:10
[2019-02-12 02:21:04][debug] [sms]ok num:4
[2019-02-12 02:21:04][debug] [sms]no num:0
[2019-02-12 02:21:04][debug] [sms]run time:3
[2019-02-12 02:21:04][debug] [sms]end:1549909264
[2019-02-12 02:21:04][debug] [sms]page:https://bbs.sex002.xyz/plugin.php?id=tom_tchongbao:ajax&act=nitice_sms_hb_run&site=1&tongcheng_id=773&hongbao_id=76&page=60
[2019-02-12 02:21:04][debug] [sms]hongbao id:76
[2019-02-12 02:21:04][debug] [sms]page:60
[2019-02-12 02:21:04][debug] [sms]client IP:118.89.52.235
[2019-02-12 02:21:04][debug] [sms]start:1549909264
[2019-02-12 02:21:07][debug] [sms]all num:10
[2019-02-12 02:21:07][debug] [sms]run num:10
[2019-02-12 02:21:07][debug] [sms]ok num:5
[2019-02-12 02:21:07][debug] [sms]no num:0
[2019-02-12 02:21:07][debug] [sms]run time:3
[2019-02-12 02:21:07][debug] [sms]end:1549909267
[2019-02-12 02:21:07][debug] [sms]page:https://bbs.sex002.xyz/plugin.php?id=tom_tchongbao:ajax&act=nitice_sms_hb_run&site=1&tongcheng_id=773&hongbao_id=76&page=61
[2019-02-12 02:21:08][debug] [sms]hongbao id:76
[2019-02-12 02:21:08][debug] [sms]page:61
[2019-02-12 02:21:08][debug] [sms]client IP:118.89.52.235
[2019-02-12 02:21:08][debug] [sms]start:1549909268
[2019-02-12 02:21:11][debug] [sms]all num:10
[2019-02-12 02:21:11][debug] [sms]run num:10
[2019-02-12 02:21:11][debug] [sms]ok num:4
[2019-02-12 02:21:11][debug] [sms]no num:0
[2019-02-12 02:21:11][debug] [sms]run time:3
[2019-02-12 02:21:11][debug] [sms]end:1549909271
[2019-02-12 02:21:11][debug] [sms]page:https://bbs.sex002.xyz/plugin.php?id=tom_tchongbao:ajax&act=nitice_sms_hb_run&site=1&tongcheng_id=773&hongbao_id=76&page=62
[2019-02-12 02:21:11][debug] [sms]hongbao id:76
[2019-02-12 02:21:11][debug] [sms]page:62
[2019-02-12 02:21:11][debug] [sms]client IP:118.89.52.235
[2019-02-12 02:21:11][debug] [sms]start:1549909271
[2019-02-12 02:21:14][debug] [sms]all num:10
[2019-02-12 02:21:14][debug] [sms]run num:10
[2019-02-12 02:21:14][debug] [sms]ok num:4
[2019-02-12 02:21:14][debug] [sms]no num:0
[2019-02-12 02:21:14][debug] [sms]run time:3
[2019-02-12 02:21:14][debug] [sms]end:1549909274
[2019-02-12 02:21:14][debug] [sms]page:https://bbs.sex002.xyz/plugin.php?id=tom_tchongbao:ajax&act=nitice_sms_hb_run&site=1&tongcheng_id=773&hongbao_id=76&page=63
[2019-02-12 02:21:14][debug] [sms]hongbao id:76
[2019-02-12 02:21:14][debug] [sms]page:63
[2019-02-12 02:21:14][debug] [sms]client IP:118.89.52.235
[2019-02-12 02:21:14][debug] [sms]start:1549909274
[2019-02-12 02:21:17][debug] [sms]all num:10
[2019-02-12 02:21:17][debug] [sms]run num:10
[2019-02-12 02:21:17][debug] [sms]ok num:5
[2019-02-12 02:21:17][debug] [sms]no num:0
[2019-02-12 02:21:17][debug] [sms]run time:3
[2019-02-12 02:21:17][debug] [sms]end:1549909277
[2019-02-12 02:21:17][debug] [sms]page:https://bbs.sex002.xyz/plugin.php?id=tom_tchongbao:ajax&act=nitice_sms_hb_run&site=1&tongcheng_id=773&hongbao_id=76&page=64
[2019-02-12 02:21:17][debug] [sms]hongbao id:76
[2019-02-12 02:21:17][debug] [sms]page:64
[2019-02-12 02:21:17][debug] [sms]client IP:118.89.52.235
[2019-02-12 02:21:17][debug] [sms]start:1549909277
[2019-02-12 02:21:21][debug] [sms]all num:10
[2019-02-12 02:21:21][debug] [sms]run num:10
[2019-02-12 02:21:21][debug] [sms]ok num:8
[2019-02-12 02:21:21][debug] [sms]no num:0
[2019-02-12 02:21:21][debug] [sms]run time:4
[2019-02-12 02:21:21][debug] [sms]end:1549909281
[2019-02-12 02:21:21][debug] [sms]page:https://bbs.sex002.xyz/plugin.php?id=tom_tchongbao:ajax&act=nitice_sms_hb_run&site=1&tongcheng_id=773&hongbao_id=76&page=65
[2019-02-12 02:21:21][debug] [sms]hongbao id:76
[2019-02-12 02:21:21][debug] [sms]page:65
[2019-02-12 02:21:21][debug] [sms]client IP:118.89.52.235
[2019-02-12 02:21:21][debug] [sms]start:1549909281
[2019-02-12 02:21:24][debug] [sms]all num:10
[2019-02-12 02:21:24][debug] [sms]run num:10
[2019-02-12 02:21:24][debug] [sms]ok num:8
[2019-02-12 02:21:24][debug] [sms]no num:0
[2019-02-12 02:21:24][debug] [sms]run time:3
[2019-02-12 02:21:24][debug] [sms]end:1549909284
[2019-02-12 02:21:24][debug] [sms]page:https://bbs.sex002.xyz/plugin.php?id=tom_tchongbao:ajax&act=nitice_sms_hb_run&site=1&tongcheng_id=773&hongbao_id=76&page=66
[2019-02-12 02:21:24][debug] [sms]hongbao id:76
[2019-02-12 02:21:24][debug] [sms]page:66
[2019-02-12 02:21:24][debug] [sms]client IP:118.89.52.235
[2019-02-12 02:21:24][debug] [sms]start:1549909284
[2019-02-12 02:21:28][debug] [sms]all num:10
[2019-02-12 02:21:28][debug] [sms]run num:10
[2019-02-12 02:21:28][debug] [sms]ok num:8
[2019-02-12 02:21:28][debug] [sms]no num:0
[2019-02-12 02:21:28][debug] [sms]run time:4
[2019-02-12 02:21:28][debug] [sms]end:1549909288
[2019-02-12 02:21:28][debug] [sms]page:https://bbs.sex002.xyz/plugin.php?id=tom_tchongbao:ajax&act=nitice_sms_hb_run&site=1&tongcheng_id=773&hongbao_id=76&page=67
[2019-02-12 02:21:28][debug] [sms]hongbao id:76
[2019-02-12 02:21:28][debug] [sms]page:67
[2019-02-12 02:21:28][debug] [sms]client IP:118.89.52.235
[2019-02-12 02:21:28][debug] [sms]start:1549909288
[2019-02-12 02:21:31][debug] [sms]all num:10
[2019-02-12 02:21:31][debug] [sms]run num:10
[2019-02-12 02:21:31][debug] [sms]ok num:8
[2019-02-12 02:21:31][debug] [sms]no num:0
[2019-02-12 02:21:31][debug] [sms]run time:3
[2019-02-12 02:21:31][debug] [sms]end:1549909291
[2019-02-12 02:21:31][debug] [sms]page:https://bbs.sex002.xyz/plugin.php?id=tom_tchongbao:ajax&act=nitice_sms_hb_run&site=1&tongcheng_id=773&hongbao_id=76&page=68
[2019-02-12 02:21:31][debug] [sms]hongbao id:76
[2019-02-12 02:21:31][debug] [sms]page:68
[2019-02-12 02:21:31][debug] [sms]client IP:118.89.52.235
[2019-02-12 02:21:31][debug] [sms]start:1549909291
[2019-02-12 02:21:34][debug] [sms]all num:10
[2019-02-12 02:21:34][debug] [sms]run num:10
[2019-02-12 02:21:34][debug] [sms]ok num:9
[2019-02-12 02:21:34][debug] [sms]no num:0
[2019-02-12 02:21:34][debug] [sms]run time:3
[2019-02-12 02:21:34][debug] [sms]end:1549909294
[2019-02-12 02:21:34][debug] [sms]page:https://bbs.sex002.xyz/plugin.php?id=tom_tchongbao:ajax&act=nitice_sms_hb_run&site=1&tongcheng_id=773&hongbao_id=76&page=69
[2019-02-12 02:21:35][debug] [sms]hongbao id:76
[2019-02-12 02:21:35][debug] [sms]page:69
[2019-02-12 02:21:35][debug] [sms]client IP:118.89.52.235
[2019-02-12 02:21:35][debug] [sms]start:1549909295
[2019-02-12 02:21:38][debug] [sms]all num:10
[2019-02-12 02:21:38][debug] [sms]run num:10
[2019-02-12 02:21:38][debug] [sms]ok num:9
[2019-02-12 02:21:38][debug] [sms]no num:0
[2019-02-12 02:21:38][debug] [sms]run time:3
[2019-02-12 02:21:38][debug] [sms]end:1549909298
[2019-02-12 02:21:38][debug] [sms]page:https://bbs.sex002.xyz/plugin.php?id=tom_tchongbao:ajax&act=nitice_sms_hb_run&site=1&tongcheng_id=773&hongbao_id=76&page=70
[2019-02-12 02:21:38][debug] [sms]hongbao id:76
[2019-02-12 02:21:38][debug] [sms]page:70
[2019-02-12 02:21:38][debug] [sms]client IP:118.89.52.235
[2019-02-12 02:21:38][debug] [sms]start:1549909298
[2019-02-12 02:21:42][debug] [sms]all num:10
[2019-02-12 02:21:42][debug] [sms]run num:10
[2019-02-12 02:21:42][debug] [sms]ok num:8
[2019-02-12 02:21:42][debug] [sms]no num:0
[2019-02-12 02:21:42][debug] [sms]run time:4
[2019-02-12 02:21:42][debug] [sms]end:1549909302
[2019-02-12 02:21:42][debug] [sms]page:https://bbs.sex002.xyz/plugin.php?id=tom_tchongbao:ajax&act=nitice_sms_hb_run&site=1&tongcheng_id=773&hongbao_id=76&page=71
[2019-02-12 02:21:42][debug] [sms]hongbao id:76
[2019-02-12 02:21:42][debug] [sms]page:71
[2019-02-12 02:21:42][debug] [sms]client IP:118.89.52.235
[2019-02-12 02:21:42][debug] [sms]start:1549909302
[2019-02-12 02:21:45][debug] [sms]all num:10
[2019-02-12 02:21:45][debug] [sms]run num:10
[2019-02-12 02:21:45][debug] [sms]ok num:8
[2019-02-12 02:21:45][debug] [sms]no num:0
[2019-02-12 02:21:45][debug] [sms]run time:3
[2019-02-12 02:21:45][debug] [sms]end:1549909305
[2019-02-12 02:21:45][debug] [sms]page:https://bbs.sex002.xyz/plugin.php?id=tom_tchongbao:ajax&act=nitice_sms_hb_run&site=1&tongcheng_id=773&hongbao_id=76&page=72
[2019-02-12 02:21:46][debug] [sms]hongbao id:76
[2019-02-12 02:21:46][debug] [sms]page:72
[2019-02-12 02:21:46][debug] [sms]client IP:118.89.52.235
[2019-02-12 02:21:46][debug] [sms]start:1549909306
[2019-02-12 02:21:49][debug] [sms]all num:10
[2019-02-12 02:21:49][debug] [sms]run num:10
[2019-02-12 02:21:49][debug] [sms]ok num:10
[2019-02-12 02:21:49][debug] [sms]no num:0
[2019-02-12 02:21:49][debug] [sms]run time:3
[2019-02-12 02:21:49][debug] [sms]end:1549909309
[2019-02-12 02:21:49][debug] [sms]page:https://bbs.sex002.xyz/plugin.php?id=tom_tchongbao:ajax&act=nitice_sms_hb_run&site=1&tongcheng_id=773&hongbao_id=76&page=73
[2019-02-12 02:21:49][debug] [sms]hongbao id:76
[2019-02-12 02:21:49][debug] [sms]page:73
[2019-02-12 02:21:49][debug] [sms]client IP:118.89.52.235
[2019-02-12 02:21:49][debug] [sms]start:1549909309
[2019-02-12 02:21:52][debug] [sms]all num:10
[2019-02-12 02:21:52][debug] [sms]run num:10
[2019-02-12 02:21:52][debug] [sms]ok num:10
[2019-02-12 02:21:52][debug] [sms]no num:0
[2019-02-12 02:21:52][debug] [sms]run time:3
[2019-02-12 02:21:52][debug] [sms]end:1549909312
[2019-02-12 02:21:52][debug] [sms]page:https://bbs.sex002.xyz/plugin.php?id=tom_tchongbao:ajax&act=nitice_sms_hb_run&site=1&tongcheng_id=773&hongbao_id=76&page=74
[2019-02-12 02:21:53][debug] [sms]hongbao id:76
[2019-02-12 02:21:53][debug] [sms]page:74
[2019-02-12 02:21:53][debug] [sms]client IP:118.89.52.235
[2019-02-12 02:21:53][debug] [sms]start:1549909313
[2019-02-12 02:21:56][debug] [sms]all num:10
[2019-02-12 02:21:56][debug] [sms]run num:10
[2019-02-12 02:21:56][debug] [sms]ok num:10
[2019-02-12 02:21:56][debug] [sms]no num:0
[2019-02-12 02:21:56][debug] [sms]run time:3
[2019-02-12 02:21:56][debug] [sms]end:1549909316
[2019-02-12 02:21:56][debug] [sms]page:https://bbs.sex002.xyz/plugin.php?id=tom_tchongbao:ajax&act=nitice_sms_hb_run&site=1&tongcheng_id=773&hongbao_id=76&page=75
[2019-02-12 02:21:56][debug] [sms]hongbao id:76
[2019-02-12 02:21:56][debug] [sms]page:75
[2019-02-12 02:21:56][debug] [sms]client IP:118.89.52.235
[2019-02-12 02:21:56][debug] [sms]start:1549909316
[2019-02-12 02:22:00][debug] [sms]all num:10
[2019-02-12 02:22:00][debug] [sms]run num:10
[2019-02-12 02:22:00][debug] [sms]ok num:9
[2019-02-12 02:22:00][debug] [sms]no num:0
[2019-02-12 02:22:00][debug] [sms]run time:4
[2019-02-12 02:22:00][debug] [sms]end:1549909320
[2019-02-12 02:22:00][debug] [sms]page:https://bbs.sex002.xyz/plugin.php?id=tom_tchongbao:ajax&act=nitice_sms_hb_run&site=1&tongcheng_id=773&hongbao_id=76&page=76
[2019-02-12 02:22:00][debug] [sms]hongbao id:76
[2019-02-12 02:22:00][debug] [sms]page:76
[2019-02-12 02:22:00][debug] [sms]client IP:118.89.52.235
[2019-02-12 02:22:00][debug] [sms]start:1549909320
[2019-02-12 02:22:04][debug] [sms]all num:10
[2019-02-12 02:22:04][debug] [sms]run num:10
[2019-02-12 02:22:04][debug] [sms]ok num:9
[2019-02-12 02:22:04][debug] [sms]no num:0
[2019-02-12 02:22:04][debug] [sms]run time:4
[2019-02-12 02:22:04][debug] [sms]end:1549909324
[2019-02-12 02:22:04][debug] [sms]page:https://bbs.sex002.xyz/plugin.php?id=tom_tchongbao:ajax&act=nitice_sms_hb_run&site=1&tongcheng_id=773&hongbao_id=76&page=77
[2019-02-12 02:22:04][debug] [sms]hongbao id:76
[2019-02-12 02:22:04][debug] [sms]page:77
[2019-02-12 02:22:04][debug] [sms]client IP:118.89.52.235
[2019-02-12 02:22:04][debug] [sms]start:1549909324
[2019-02-12 02:22:07][debug] [sms]all num:10
[2019-02-12 02:22:07][debug] [sms]run num:10
[2019-02-12 02:22:07][debug] [sms]ok num:7
[2019-02-12 02:22:07][debug] [sms]no num:0
[2019-02-12 02:22:07][debug] [sms]run time:3
[2019-02-12 02:22:07][debug] [sms]end:1549909327
[2019-02-12 02:22:07][debug] [sms]page:https://bbs.sex002.xyz/plugin.php?id=tom_tchongbao:ajax&act=nitice_sms_hb_run&site=1&tongcheng_id=773&hongbao_id=76&page=78
[2019-02-12 02:22:08][debug] [sms]hongbao id:76
[2019-02-12 02:22:08][debug] [sms]page:78
[2019-02-12 02:22:08][debug] [sms]client IP:118.89.52.235
[2019-02-12 02:22:08][debug] [sms]start:1549909328
[2019-02-12 02:22:12][debug] [sms]all num:10
[2019-02-12 02:22:12][debug] [sms]run num:10
[2019-02-12 02:22:12][debug] [sms]ok num:2
[2019-02-12 02:22:12][debug] [sms]no num:0
[2019-02-12 02:22:12][debug] [sms]run time:4
[2019-02-12 02:22:12][debug] [sms]end:1549909332
[2019-02-12 02:22:12][debug] [sms]page:https://bbs.sex002.xyz/plugin.php?id=tom_tchongbao:ajax&act=nitice_sms_hb_run&site=1&tongcheng_id=773&hongbao_id=76&page=79
[2019-02-12 02:22:12][debug] [sms]hongbao id:76
[2019-02-12 02:22:12][debug] [sms]page:79
[2019-02-12 02:22:12][debug] [sms]client IP:118.89.52.235
[2019-02-12 02:22:12][debug] [sms]start:1549909332
[2019-02-12 02:22:15][debug] [sms]all num:10
[2019-02-12 02:22:15][debug] [sms]run num:10
[2019-02-12 02:22:15][debug] [sms]ok num:6
[2019-02-12 02:22:15][debug] [sms]no num:0
[2019-02-12 02:22:15][debug] [sms]run time:3
[2019-02-12 02:22:15][debug] [sms]end:1549909335
[2019-02-12 02:22:15][debug] [sms]page:https://bbs.sex002.xyz/plugin.php?id=tom_tchongbao:ajax&act=nitice_sms_hb_run&site=1&tongcheng_id=773&hongbao_id=76&page=80
[2019-02-12 02:22:15][debug] [sms]hongbao id:76
[2019-02-12 02:22:15][debug] [sms]page:80
[2019-02-12 02:22:15][debug] [sms]client IP:118.89.52.235
[2019-02-12 02:22:15][debug] [sms]start:1549909335
[2019-02-12 02:22:18][debug] [sms]all num:10
[2019-02-12 02:22:18][debug] [sms]run num:10
[2019-02-12 02:22:18][debug] [sms]ok num:5
[2019-02-12 02:22:18][debug] [sms]no num:0
[2019-02-12 02:22:18][debug] [sms]run time:3
[2019-02-12 02:22:18][debug] [sms]end:1549909338
[2019-02-12 02:22:18][debug] [sms]page:https://bbs.sex002.xyz/plugin.php?id=tom_tchongbao:ajax&act=nitice_sms_hb_run&site=1&tongcheng_id=773&hongbao_id=76&page=81
[2019-02-12 02:22:19][debug] [sms]hongbao id:76
[2019-02-12 02:22:19][debug] [sms]page:81
[2019-02-12 02:22:19][debug] [sms]client IP:118.89.52.235
[2019-02-12 02:22:19][debug] [sms]start:1549909339
[2019-02-12 02:22:22][debug] [sms]all num:10
[2019-02-12 02:22:22][debug] [sms]run num:10
[2019-02-12 02:22:22][debug] [sms]ok num:6
[2019-02-12 02:22:22][debug] [sms]no num:0
[2019-02-12 02:22:22][debug] [sms]run time:3
[2019-02-12 02:22:22][debug] [sms]end:1549909342
[2019-02-12 02:22:22][debug] [sms]page:https://bbs.sex002.xyz/plugin.php?id=tom_tchongbao:ajax&act=nitice_sms_hb_run&site=1&tongcheng_id=773&hongbao_id=76&page=82
[2019-02-12 02:22:22][debug] [sms]hongbao id:76
[2019-02-12 02:22:22][debug] [sms]page:82
[2019-02-12 02:22:22][debug] [sms]client IP:118.89.52.235
[2019-02-12 02:22:22][debug] [sms]start:1549909342
[2019-02-12 02:22:25][debug] [sms]all num:10
[2019-02-12 02:22:25][debug] [sms]run num:10
[2019-02-12 02:22:25][debug] [sms]ok num:9
[2019-02-12 02:22:25][debug] [sms]no num:0
[2019-02-12 02:22:25][debug] [sms]run time:3
[2019-02-12 02:22:25][debug] [sms]end:1549909345
[2019-02-12 02:22:25][debug] [sms]page:https://bbs.sex002.xyz/plugin.php?id=tom_tchongbao:ajax&act=nitice_sms_hb_run&site=1&tongcheng_id=773&hongbao_id=76&page=83
[2019-02-12 02:22:25][debug] [sms]hongbao id:76
[2019-02-12 02:22:25][debug] [sms]page:83
[2019-02-12 02:22:25][debug] [sms]client IP:118.89.52.235
[2019-02-12 02:22:25][debug] [sms]start:1549909345
[2019-02-12 02:22:29][debug] [sms]all num:10
[2019-02-12 02:22:29][debug] [sms]run num:10
[2019-02-12 02:22:29][debug] [sms]ok num:2
[2019-02-12 02:22:29][debug] [sms]no num:0
[2019-02-12 02:22:29][debug] [sms]run time:4
[2019-02-12 02:22:29][debug] [sms]end:1549909349
[2019-02-12 02:22:29][debug] [sms]page:https://bbs.sex002.xyz/plugin.php?id=tom_tchongbao:ajax&act=nitice_sms_hb_run&site=1&tongcheng_id=773&hongbao_id=76&page=84
[2019-02-12 02:22:29][debug] [sms]hongbao id:76
[2019-02-12 02:22:29][debug] [sms]page:84
[2019-02-12 02:22:29][debug] [sms]client IP:118.89.52.235
[2019-02-12 02:22:29][debug] [sms]start:1549909349
[2019-02-12 02:22:33][debug] [sms]all num:10
[2019-02-12 02:22:33][debug] [sms]run num:10
[2019-02-12 02:22:33][debug] [sms]ok num:3
[2019-02-12 02:22:33][debug] [sms]no num:0
[2019-02-12 02:22:33][debug] [sms]run time:4
[2019-02-12 02:22:33][debug] [sms]end:1549909353
[2019-02-12 02:22:33][debug] [sms]page:https://bbs.sex002.xyz/plugin.php?id=tom_tchongbao:ajax&act=nitice_sms_hb_run&site=1&tongcheng_id=773&hongbao_id=76&page=85
[2019-02-12 02:22:33][debug] [sms]hongbao id:76
[2019-02-12 02:22:33][debug] [sms]page:85
[2019-02-12 02:22:33][debug] [sms]client IP:118.89.52.235
[2019-02-12 02:22:33][debug] [sms]start:1549909353
[2019-02-12 02:22:36][debug] [sms]all num:10
[2019-02-12 02:22:36][debug] [sms]run num:10
[2019-02-12 02:22:36][debug] [sms]ok num:3
[2019-02-12 02:22:36][debug] [sms]no num:0
[2019-02-12 02:22:36][debug] [sms]run time:3
[2019-02-12 02:22:36][debug] [sms]end:1549909356
[2019-02-12 02:22:36][debug] [sms]page:https://bbs.sex002.xyz/plugin.php?id=tom_tchongbao:ajax&act=nitice_sms_hb_run&site=1&tongcheng_id=773&hongbao_id=76&page=86
[2019-02-12 02:22:37][debug] [sms]hongbao id:76
[2019-02-12 02:22:37][debug] [sms]page:86
[2019-02-12 02:22:37][debug] [sms]client IP:118.89.52.235
[2019-02-12 02:22:37][debug] [sms]start:1549909357
[2019-02-12 02:22:40][debug] [sms]all num:10
[2019-02-12 02:22:40][debug] [sms]run num:10
[2019-02-12 02:22:40][debug] [sms]ok num:5
[2019-02-12 02:22:40][debug] [sms]no num:0
[2019-02-12 02:22:40][debug] [sms]run time:3
[2019-02-12 02:22:40][debug] [sms]end:1549909360
[2019-02-12 02:22:40][debug] [sms]page:https://bbs.sex002.xyz/plugin.php?id=tom_tchongbao:ajax&act=nitice_sms_hb_run&site=1&tongcheng_id=773&hongbao_id=76&page=87
[2019-02-12 02:22:40][debug] [sms]hongbao id:76
[2019-02-12 02:22:40][debug] [sms]page:87
[2019-02-12 02:22:40][debug] [sms]client IP:118.89.52.235
[2019-02-12 02:22:40][debug] [sms]start:1549909360
[2019-02-12 02:22:43][debug] [sms]all num:10
[2019-02-12 02:22:43][debug] [sms]run num:10
[2019-02-12 02:22:43][debug] [sms]ok num:4
[2019-02-12 02:22:43][debug] [sms]no num:0
[2019-02-12 02:22:43][debug] [sms]run time:3
[2019-02-12 02:22:43][debug] [sms]end:1549909363
[2019-02-12 02:22:43][debug] [sms]page:https://bbs.sex002.xyz/plugin.php?id=tom_tchongbao:ajax&act=nitice_sms_hb_run&site=1&tongcheng_id=773&hongbao_id=76&page=88
[2019-02-12 02:22:43][debug] [sms]hongbao id:76
[2019-02-12 02:22:43][debug] [sms]page:88
[2019-02-12 02:22:43][debug] [sms]client IP:118.89.52.235
[2019-02-12 02:22:43][debug] [sms]start:1549909363
[2019-02-12 02:22:46][debug] [sms]all num:10
[2019-02-12 02:22:46][debug] [sms]run num:10
[2019-02-12 02:22:46][debug] [sms]ok num:4
[2019-02-12 02:22:46][debug] [sms]no num:0
[2019-02-12 02:22:46][debug] [sms]run time:3
[2019-02-12 02:22:46][debug] [sms]end:1549909366
[2019-02-12 02:22:46][debug] [sms]page:https://bbs.sex002.xyz/plugin.php?id=tom_tchongbao:ajax&act=nitice_sms_hb_run&site=1&tongcheng_id=773&hongbao_id=76&page=89
[2019-02-12 02:22:47][debug] [sms]hongbao id:76
[2019-02-12 02:22:47][debug] [sms]page:89
[2019-02-12 02:22:47][debug] [sms]client IP:118.89.52.235
[2019-02-12 02:22:47][debug] [sms]start:1549909367
[2019-02-12 02:22:50][debug] [sms]all num:10
[2019-02-12 02:22:50][debug] [sms]run num:10
[2019-02-12 02:22:50][debug] [sms]ok num:10
[2019-02-12 02:22:50][debug] [sms]no num:0
[2019-02-12 02:22:50][debug] [sms]run time:3
[2019-02-12 02:22:50][debug] [sms]end:1549909370
[2019-02-12 02:22:50][debug] [sms]page:https://bbs.sex002.xyz/plugin.php?id=tom_tchongbao:ajax&act=nitice_sms_hb_run&site=1&tongcheng_id=773&hongbao_id=76&page=90
[2019-02-12 02:22:51][debug] [sms]hongbao id:76
[2019-02-12 02:22:51][debug] [sms]page:90
[2019-02-12 02:22:51][debug] [sms]client IP:118.89.52.235
[2019-02-12 02:22:51][debug] [sms]start:1549909371
[2019-02-12 02:22:54][debug] [sms]all num:10
[2019-02-12 02:22:54][debug] [sms]run num:10
[2019-02-12 02:22:54][debug] [sms]ok num:6
[2019-02-12 02:22:54][debug] [sms]no num:0
[2019-02-12 02:22:54][debug] [sms]run time:3
[2019-02-12 02:22:54][debug] [sms]end:1549909374
[2019-02-12 02:22:54][debug] [sms]page:https://bbs.sex002.xyz/plugin.php?id=tom_tchongbao:ajax&act=nitice_sms_hb_run&site=1&tongcheng_id=773&hongbao_id=76&page=91
[2019-02-12 02:22:55][debug] [sms]hongbao id:76
[2019-02-12 02:22:55][debug] [sms]page:91
[2019-02-12 02:22:55][debug] [sms]client IP:118.89.52.235
[2019-02-12 02:22:55][debug] [sms]start:1549909375
[2019-02-12 02:22:58][debug] [sms]all num:10
[2019-02-12 02:22:58][debug] [sms]run num:10
[2019-02-12 02:22:58][debug] [sms]ok num:10
[2019-02-12 02:22:58][debug] [sms]no num:0
[2019-02-12 02:22:58][debug] [sms]run time:3
[2019-02-12 02:22:58][debug] [sms]end:1549909378
[2019-02-12 02:22:58][debug] [sms]page:https://bbs.sex002.xyz/plugin.php?id=tom_tchongbao:ajax&act=nitice_sms_hb_run&site=1&tongcheng_id=773&hongbao_id=76&page=92
[2019-02-12 02:22:58][debug] [sms]hongbao id:76
[2019-02-12 02:22:58][debug] [sms]page:92
[2019-02-12 02:22:58][debug] [sms]client IP:118.89.52.235
[2019-02-12 02:22:58][debug] [sms]start:1549909378
[2019-02-12 02:23:02][debug] [sms]all num:10
[2019-02-12 02:23:02][debug] [sms]run num:10
[2019-02-12 02:23:02][debug] [sms]ok num:9
[2019-02-12 02:23:02][debug] [sms]no num:0
[2019-02-12 02:23:02][debug] [sms]run time:4
[2019-02-12 02:23:02][debug] [sms]end:1549909382
[2019-02-12 02:23:02][debug] [sms]page:https://bbs.sex002.xyz/plugin.php?id=tom_tchongbao:ajax&act=nitice_sms_hb_run&site=1&tongcheng_id=773&hongbao_id=76&page=93
[2019-02-12 02:23:02][debug] [sms]hongbao id:76
[2019-02-12 02:23:02][debug] [sms]page:93
[2019-02-12 02:23:02][debug] [sms]client IP:118.89.52.235
[2019-02-12 02:23:02][debug] [sms]start:1549909382
[2019-02-12 02:23:05][debug] [sms]all num:10
[2019-02-12 02:23:05][debug] [sms]run num:9
[2019-02-12 02:23:05][debug] [sms]ok num:8
[2019-02-12 02:23:05][debug] [sms]no num:0
[2019-02-12 02:23:05][debug] [sms]run time:3
[2019-02-12 02:23:05][debug] [sms]end:1549909385
[2019-02-12 02:23:05][debug] [sms]page:https://bbs.sex002.xyz/plugin.php?id=tom_tchongbao:ajax&act=nitice_sms_hb_run&site=1&tongcheng_id=773&hongbao_id=76&page=94
[2019-02-12 02:23:05][debug] [sms]hongbao id:76
[2019-02-12 02:23:05][debug] [sms]page:94
[2019-02-12 02:23:05][debug] [sms]client IP:118.89.52.235
[2019-02-12 02:23:05][debug] [sms]start:1549909385
[2019-02-12 02:23:08][debug] [sms]all num:10
[2019-02-12 02:23:08][debug] [sms]run num:10
[2019-02-12 02:23:08][debug] [sms]ok num:4
[2019-02-12 02:23:08][debug] [sms]no num:0
[2019-02-12 02:23:08][debug] [sms]run time:3
[2019-02-12 02:23:08][debug] [sms]end:1549909388
[2019-02-12 02:23:08][debug] [sms]page:https://bbs.sex002.xyz/plugin.php?id=tom_tchongbao:ajax&act=nitice_sms_hb_run&site=1&tongcheng_id=773&hongbao_id=76&page=95
[2019-02-12 02:23:08][debug] [sms]hongbao id:76
[2019-02-12 02:23:08][debug] [sms]page:95
[2019-02-12 02:23:08][debug] [sms]client IP:118.89.52.235
[2019-02-12 02:23:08][debug] [sms]start:1549909388
[2019-02-12 02:23:12][debug] [sms]all num:10
[2019-02-12 02:23:12][debug] [sms]run num:10
[2019-02-12 02:23:12][debug] [sms]ok num:4
[2019-02-12 02:23:12][debug] [sms]no num:0
[2019-02-12 02:23:12][debug] [sms]run time:4
[2019-02-12 02:23:12][debug] [sms]end:1549909392
[2019-02-12 02:23:12][debug] [sms]page:https://bbs.sex002.xyz/plugin.php?id=tom_tchongbao:ajax&act=nitice_sms_hb_run&site=1&tongcheng_id=773&hongbao_id=76&page=96
[2019-02-12 02:23:12][debug] [sms]hongbao id:76
[2019-02-12 02:23:12][debug] [sms]page:96
[2019-02-12 02:23:12][debug] [sms]client IP:118.89.52.235
[2019-02-12 02:23:12][debug] [sms]start:1549909392
[2019-02-12 02:23:15][debug] [sms]all num:10
[2019-02-12 02:23:15][debug] [sms]run num:10
[2019-02-12 02:23:15][debug] [sms]ok num:3
[2019-02-12 02:23:15][debug] [sms]no num:0
[2019-02-12 02:23:15][debug] [sms]run time:3
[2019-02-12 02:23:15][debug] [sms]end:1549909395
[2019-02-12 02:23:15][debug] [sms]page:https://bbs.sex002.xyz/plugin.php?id=tom_tchongbao:ajax&act=nitice_sms_hb_run&site=1&tongcheng_id=773&hongbao_id=76&page=97
[2019-02-12 02:23:15][debug] [sms]hongbao id:76
[2019-02-12 02:23:15][debug] [sms]page:97
[2019-02-12 02:23:15][debug] [sms]client IP:118.89.52.235
[2019-02-12 02:23:15][debug] [sms]start:1549909395
[2019-02-12 02:23:19][debug] [sms]all num:10
[2019-02-12 02:23:19][debug] [sms]run num:10
[2019-02-12 02:23:19][debug] [sms]ok num:6
[2019-02-12 02:23:19][debug] [sms]no num:0
[2019-02-12 02:23:19][debug] [sms]run time:4
[2019-02-12 02:23:19][debug] [sms]end:1549909399
[2019-02-12 02:23:19][debug] [sms]page:https://bbs.sex002.xyz/plugin.php?id=tom_tchongbao:ajax&act=nitice_sms_hb_run&site=1&tongcheng_id=773&hongbao_id=76&page=98
[2019-02-12 02:23:19][debug] [sms]hongbao id:76
[2019-02-12 02:23:19][debug] [sms]page:98
[2019-02-12 02:23:19][debug] [sms]client IP:118.89.52.235
[2019-02-12 02:23:19][debug] [sms]start:1549909399
[2019-02-12 02:23:22][debug] [sms]all num:10
[2019-02-12 02:23:22][debug] [sms]run num:10
[2019-02-12 02:23:22][debug] [sms]ok num:1
[2019-02-12 02:23:22][debug] [sms]no num:0
[2019-02-12 02:23:22][debug] [sms]run time:3
[2019-02-12 02:23:22][debug] [sms]end:1549909402
[2019-02-12 02:23:22][debug] [sms]page:https://bbs.sex002.xyz/plugin.php?id=tom_tchongbao:ajax&act=nitice_sms_hb_run&site=1&tongcheng_id=773&hongbao_id=76&page=99
[2019-02-12 02:23:22][debug] [sms]hongbao id:76
[2019-02-12 02:23:22][debug] [sms]page:99
[2019-02-12 02:23:22][debug] [sms]client IP:118.89.52.235
[2019-02-12 02:23:22][debug] [sms]start:1549909402
[2019-02-12 02:23:26][debug] [sms]all num:10
[2019-02-12 02:23:26][debug] [sms]run num:10
[2019-02-12 02:23:26][debug] [sms]ok num:4
[2019-02-12 02:23:26][debug] [sms]no num:0
[2019-02-12 02:23:26][debug] [sms]run time:4
[2019-02-12 02:23:26][debug] [sms]end:1549909406
[2019-02-12 02:23:26][debug] [sms]page:https://bbs.sex002.xyz/plugin.php?id=tom_tchongbao:ajax&act=nitice_sms_hb_run&site=1&tongcheng_id=773&hongbao_id=76&page=100
[2019-02-12 02:23:26][debug] [sms]hongbao id:76
[2019-02-12 02:23:26][debug] [sms]page:100
[2019-02-12 02:23:26][debug] [sms]client IP:118.89.52.235
[2019-02-12 02:23:26][debug] [sms]start:1549909406
[2019-02-12 02:23:29][debug] [sms]all num:10
[2019-02-12 02:23:29][debug] [sms]run num:10
[2019-02-12 02:23:29][debug] [sms]ok num:6
[2019-02-12 02:23:29][debug] [sms]no num:0
[2019-02-12 02:23:29][debug] [sms]run time:3
[2019-02-12 02:23:29][debug] [sms]end:1549909409
[2019-02-12 02:23:29][debug] [sms]page:https://bbs.sex002.xyz/plugin.php?id=tom_tchongbao:ajax&act=nitice_sms_hb_run&site=1&tongcheng_id=773&hongbao_id=76&page=101
[2019-02-12 02:23:29][debug] [sms]--------------------- over 101 -------------------------
