[2018-07-08 17:12:29][debug] [sms]--------------------- new -------------------------
[2018-07-08 17:12:29][debug] [sms]hongbao id:51
[2018-07-08 17:12:29][debug] [sms]page:1
[2018-07-08 17:12:29][debug] [sms]client IP:118.89.52.235
[2018-07-08 17:12:29][debug] [sms]start:1531041149
[2018-07-08 17:12:32][debug] [sms]all num:10
[2018-07-08 17:12:32][debug] [sms]run num:9
[2018-07-08 17:12:32][debug] [sms]ok num:9
[2018-07-08 17:12:32][debug] [sms]no num:0
[2018-07-08 17:12:32][debug] [sms]run time:3
[2018-07-08 17:12:32][debug] [sms]end:1531041152
[2018-07-08 17:12:32][debug] [sms]page:https://bbs.bivfw.top/plugin.php?id=tom_tchongbao:ajax&act=nitice_sms_hb_run&site=1&tongcheng_id=399&hongbao_id=51&page=2
[2018-07-08 17:12:32][debug] [sms]hongbao id:51
[2018-07-08 17:12:32][debug] [sms]page:2
[2018-07-08 17:12:32][debug] [sms]client IP:118.89.52.235
[2018-07-08 17:12:32][debug] [sms]start:1531041152
[2018-07-08 17:12:35][debug] [sms]all num:10
[2018-07-08 17:12:35][debug] [sms]run num:10
[2018-07-08 17:12:35][debug] [sms]ok num:8
[2018-07-08 17:12:35][debug] [sms]no num:0
[2018-07-08 17:12:35][debug] [sms]run time:3
[2018-07-08 17:12:35][debug] [sms]end:1531041155
[2018-07-08 17:12:35][debug] [sms]page:https://bbs.bivfw.top/plugin.php?id=tom_tchongbao:ajax&act=nitice_sms_hb_run&site=1&tongcheng_id=399&hongbao_id=51&page=3
[2018-07-08 17:12:36][debug] [sms]hongbao id:51
[2018-07-08 17:12:36][debug] [sms]page:3
[2018-07-08 17:12:36][debug] [sms]client IP:118.89.52.235
[2018-07-08 17:12:36][debug] [sms]start:1531041156
[2018-07-08 17:12:39][debug] [sms]all num:10
[2018-07-08 17:12:39][debug] [sms]run num:10
[2018-07-08 17:12:39][debug] [sms]ok num:8
[2018-07-08 17:12:39][debug] [sms]no num:0
[2018-07-08 17:12:39][debug] [sms]run time:3
[2018-07-08 17:12:39][debug] [sms]end:1531041159
[2018-07-08 17:12:39][debug] [sms]page:https://bbs.bivfw.top/plugin.php?id=tom_tchongbao:ajax&act=nitice_sms_hb_run&site=1&tongcheng_id=399&hongbao_id=51&page=4
[2018-07-08 17:12:39][debug] [sms]hongbao id:51
[2018-07-08 17:12:39][debug] [sms]page:4
[2018-07-08 17:12:39][debug] [sms]client IP:118.89.52.235
[2018-07-08 17:12:39][debug] [sms]start:1531041159
[2018-07-08 17:12:42][debug] [sms]all num:10
[2018-07-08 17:12:42][debug] [sms]run num:10
[2018-07-08 17:12:42][debug] [sms]ok num:7
[2018-07-08 17:12:42][debug] [sms]no num:0
[2018-07-08 17:12:42][debug] [sms]run time:3
[2018-07-08 17:12:42][debug] [sms]end:1531041162
[2018-07-08 17:12:42][debug] [sms]page:https://bbs.bivfw.top/plugin.php?id=tom_tchongbao:ajax&act=nitice_sms_hb_run&site=1&tongcheng_id=399&hongbao_id=51&page=5
[2018-07-08 17:12:42][debug] [sms]hongbao id:51
[2018-07-08 17:12:42][debug] [sms]page:5
[2018-07-08 17:12:42][debug] [sms]client IP:118.89.52.235
[2018-07-08 17:12:42][debug] [sms]start:1531041162
[2018-07-08 17:12:45][debug] [sms]all num:10
[2018-07-08 17:12:45][debug] [sms]run num:10
[2018-07-08 17:12:45][debug] [sms]ok num:8
[2018-07-08 17:12:45][debug] [sms]no num:0
[2018-07-08 17:12:45][debug] [sms]run time:3
[2018-07-08 17:12:45][debug] [sms]end:1531041165
[2018-07-08 17:12:45][debug] [sms]page:https://bbs.bivfw.top/plugin.php?id=tom_tchongbao:ajax&act=nitice_sms_hb_run&site=1&tongcheng_id=399&hongbao_id=51&page=6
[2018-07-08 17:12:46][debug] [sms]hongbao id:51
[2018-07-08 17:12:46][debug] [sms]page:6
[2018-07-08 17:12:46][debug] [sms]client IP:118.89.52.235
[2018-07-08 17:12:46][debug] [sms]start:1531041166
[2018-07-08 17:12:49][debug] [sms]all num:10
[2018-07-08 17:12:49][debug] [sms]run num:10
[2018-07-08 17:12:49][debug] [sms]ok num:5
[2018-07-08 17:12:49][debug] [sms]no num:0
[2018-07-08 17:12:49][debug] [sms]run time:3
[2018-07-08 17:12:49][debug] [sms]end:1531041169
[2018-07-08 17:12:49][debug] [sms]page:https://bbs.bivfw.top/plugin.php?id=tom_tchongbao:ajax&act=nitice_sms_hb_run&site=1&tongcheng_id=399&hongbao_id=51&page=7
[2018-07-08 17:12:49][debug] [sms]hongbao id:51
[2018-07-08 17:12:49][debug] [sms]page:7
[2018-07-08 17:12:49][debug] [sms]client IP:118.89.52.235
[2018-07-08 17:12:49][debug] [sms]start:1531041169
[2018-07-08 17:12:52][debug] [sms]all num:10
[2018-07-08 17:12:52][debug] [sms]run num:10
[2018-07-08 17:12:52][debug] [sms]ok num:2
[2018-07-08 17:12:52][debug] [sms]no num:1
[2018-07-08 17:12:52][debug] [sms]run time:3
[2018-07-08 17:12:52][debug] [sms]end:1531041172
[2018-07-08 17:12:52][debug] [sms]page:https://bbs.bivfw.top/plugin.php?id=tom_tchongbao:ajax&act=nitice_sms_hb_run&site=1&tongcheng_id=399&hongbao_id=51&page=8
[2018-07-08 17:12:52][debug] [sms]hongbao id:51
[2018-07-08 17:12:52][debug] [sms]page:8
[2018-07-08 17:12:52][debug] [sms]client IP:118.89.52.235
[2018-07-08 17:12:52][debug] [sms]start:1531041172
[2018-07-08 17:12:55][debug] [sms]all num:10
[2018-07-08 17:12:55][debug] [sms]run num:10
[2018-07-08 17:12:55][debug] [sms]ok num:6
[2018-07-08 17:12:55][debug] [sms]no num:0
[2018-07-08 17:12:55][debug] [sms]run time:3
[2018-07-08 17:12:55][debug] [sms]end:1531041175
[2018-07-08 17:12:55][debug] [sms]page:https://bbs.bivfw.top/plugin.php?id=tom_tchongbao:ajax&act=nitice_sms_hb_run&site=1&tongcheng_id=399&hongbao_id=51&page=9
[2018-07-08 17:12:56][debug] [sms]hongbao id:51
[2018-07-08 17:12:56][debug] [sms]page:9
[2018-07-08 17:12:56][debug] [sms]client IP:118.89.52.235
[2018-07-08 17:12:56][debug] [sms]start:1531041176
[2018-07-08 17:12:59][debug] [sms]all num:10
[2018-07-08 17:12:59][debug] [sms]run num:10
[2018-07-08 17:12:59][debug] [sms]ok num:2
[2018-07-08 17:12:59][debug] [sms]no num:1
[2018-07-08 17:12:59][debug] [sms]run time:3
[2018-07-08 17:12:59][debug] [sms]end:1531041179
[2018-07-08 17:12:59][debug] [sms]page:https://bbs.bivfw.top/plugin.php?id=tom_tchongbao:ajax&act=nitice_sms_hb_run&site=1&tongcheng_id=399&hongbao_id=51&page=10
[2018-07-08 17:13:00][debug] [sms]hongbao id:51
[2018-07-08 17:13:00][debug] [sms]page:10
[2018-07-08 17:13:00][debug] [sms]client IP:118.89.52.235
[2018-07-08 17:13:00][debug] [sms]start:1531041180
[2018-07-08 17:13:03][debug] [sms]all num:10
[2018-07-08 17:13:03][debug] [sms]run num:10
[2018-07-08 17:13:03][debug] [sms]ok num:9
[2018-07-08 17:13:03][debug] [sms]no num:0
[2018-07-08 17:13:03][debug] [sms]run time:3
[2018-07-08 17:13:03][debug] [sms]end:1531041183
[2018-07-08 17:13:03][debug] [sms]page:https://bbs.bivfw.top/plugin.php?id=tom_tchongbao:ajax&act=nitice_sms_hb_run&site=1&tongcheng_id=399&hongbao_id=51&page=11
[2018-07-08 17:13:03][debug] [sms]hongbao id:51
[2018-07-08 17:13:03][debug] [sms]page:11
[2018-07-08 17:13:03][debug] [sms]client IP:118.89.52.235
[2018-07-08 17:13:03][debug] [sms]start:1531041183
[2018-07-08 17:13:07][debug] [sms]all num:10
[2018-07-08 17:13:07][debug] [sms]run num:10
[2018-07-08 17:13:07][debug] [sms]ok num:9
[2018-07-08 17:13:07][debug] [sms]no num:0
[2018-07-08 17:13:07][debug] [sms]run time:4
[2018-07-08 17:13:07][debug] [sms]end:1531041187
[2018-07-08 17:13:07][debug] [sms]page:https://bbs.bivfw.top/plugin.php?id=tom_tchongbao:ajax&act=nitice_sms_hb_run&site=1&tongcheng_id=399&hongbao_id=51&page=12
[2018-07-08 17:13:08][debug] [sms]hongbao id:51
[2018-07-08 17:13:08][debug] [sms]page:12
[2018-07-08 17:13:08][debug] [sms]client IP:118.89.52.235
[2018-07-08 17:13:08][debug] [sms]start:1531041188
[2018-07-08 17:13:11][debug] [sms]all num:10
[2018-07-08 17:13:11][debug] [sms]run num:10
[2018-07-08 17:13:11][debug] [sms]ok num:4
[2018-07-08 17:13:11][debug] [sms]no num:1
[2018-07-08 17:13:11][debug] [sms]run time:3
[2018-07-08 17:13:11][debug] [sms]end:1531041191
[2018-07-08 17:13:11][debug] [sms]page:https://bbs.bivfw.top/plugin.php?id=tom_tchongbao:ajax&act=nitice_sms_hb_run&site=1&tongcheng_id=399&hongbao_id=51&page=13
[2018-07-08 17:13:11][debug] [sms]hongbao id:51
[2018-07-08 17:13:11][debug] [sms]page:13
[2018-07-08 17:13:11][debug] [sms]client IP:118.89.52.235
[2018-07-08 17:13:11][debug] [sms]start:1531041191
[2018-07-08 17:13:14][debug] [sms]all num:10
[2018-07-08 17:13:14][debug] [sms]run num:10
[2018-07-08 17:13:14][debug] [sms]ok num:1
[2018-07-08 17:13:14][debug] [sms]no num:0
[2018-07-08 17:13:14][debug] [sms]run time:3
[2018-07-08 17:13:14][debug] [sms]end:1531041194
[2018-07-08 17:13:14][debug] [sms]page:https://bbs.bivfw.top/plugin.php?id=tom_tchongbao:ajax&act=nitice_sms_hb_run&site=1&tongcheng_id=399&hongbao_id=51&page=14
[2018-07-08 17:13:15][debug] [sms]hongbao id:51
[2018-07-08 17:13:15][debug] [sms]page:14
[2018-07-08 17:13:15][debug] [sms]client IP:118.89.52.235
[2018-07-08 17:13:15][debug] [sms]start:1531041195
[2018-07-08 17:13:18][debug] [sms]all num:10
[2018-07-08 17:13:18][debug] [sms]run num:10
[2018-07-08 17:13:18][debug] [sms]ok num:3
[2018-07-08 17:13:18][debug] [sms]no num:0
[2018-07-08 17:13:18][debug] [sms]run time:3
[2018-07-08 17:13:18][debug] [sms]end:1531041198
[2018-07-08 17:13:18][debug] [sms]page:https://bbs.bivfw.top/plugin.php?id=tom_tchongbao:ajax&act=nitice_sms_hb_run&site=1&tongcheng_id=399&hongbao_id=51&page=15
[2018-07-08 17:13:18][debug] [sms]hongbao id:51
[2018-07-08 17:13:18][debug] [sms]page:15
[2018-07-08 17:13:18][debug] [sms]client IP:118.89.52.235
[2018-07-08 17:13:18][debug] [sms]start:1531041198
[2018-07-08 17:13:21][debug] [sms]all num:10
[2018-07-08 17:13:21][debug] [sms]run num:10
[2018-07-08 17:13:21][debug] [sms]ok num:6
[2018-07-08 17:13:21][debug] [sms]no num:0
[2018-07-08 17:13:21][debug] [sms]run time:3
[2018-07-08 17:13:21][debug] [sms]end:1531041201
[2018-07-08 17:13:21][debug] [sms]page:https://bbs.bivfw.top/plugin.php?id=tom_tchongbao:ajax&act=nitice_sms_hb_run&site=1&tongcheng_id=399&hongbao_id=51&page=16
[2018-07-08 17:13:21][debug] [sms]hongbao id:51
[2018-07-08 17:13:21][debug] [sms]page:16
[2018-07-08 17:13:21][debug] [sms]client IP:118.89.52.235
[2018-07-08 17:13:21][debug] [sms]start:1531041201
[2018-07-08 17:13:24][debug] [sms]all num:10
[2018-07-08 17:13:24][debug] [sms]run num:10
[2018-07-08 17:13:24][debug] [sms]ok num:9
[2018-07-08 17:13:24][debug] [sms]no num:0
[2018-07-08 17:13:24][debug] [sms]run time:3
[2018-07-08 17:13:24][debug] [sms]end:1531041204
[2018-07-08 17:13:24][debug] [sms]page:https://bbs.bivfw.top/plugin.php?id=tom_tchongbao:ajax&act=nitice_sms_hb_run&site=1&tongcheng_id=399&hongbao_id=51&page=17
[2018-07-08 17:13:24][debug] [sms]hongbao id:51
[2018-07-08 17:13:24][debug] [sms]page:17
[2018-07-08 17:13:24][debug] [sms]client IP:118.89.52.235
[2018-07-08 17:13:24][debug] [sms]start:1531041204
[2018-07-08 17:13:27][debug] [sms]all num:10
[2018-07-08 17:13:27][debug] [sms]run num:10
[2018-07-08 17:13:27][debug] [sms]ok num:10
[2018-07-08 17:13:27][debug] [sms]no num:0
[2018-07-08 17:13:27][debug] [sms]run time:3
[2018-07-08 17:13:27][debug] [sms]end:1531041207
[2018-07-08 17:13:27][debug] [sms]page:https://bbs.bivfw.top/plugin.php?id=tom_tchongbao:ajax&act=nitice_sms_hb_run&site=1&tongcheng_id=399&hongbao_id=51&page=18
[2018-07-08 17:13:28][debug] [sms]hongbao id:51
[2018-07-08 17:13:28][debug] [sms]page:18
[2018-07-08 17:13:28][debug] [sms]client IP:118.89.52.235
[2018-07-08 17:13:28][debug] [sms]start:1531041208
[2018-07-08 17:13:31][debug] [sms]all num:10
[2018-07-08 17:13:31][debug] [sms]run num:10
[2018-07-08 17:13:31][debug] [sms]ok num:6
[2018-07-08 17:13:31][debug] [sms]no num:0
[2018-07-08 17:13:31][debug] [sms]run time:3
[2018-07-08 17:13:31][debug] [sms]end:1531041211
[2018-07-08 17:13:31][debug] [sms]page:https://bbs.bivfw.top/plugin.php?id=tom_tchongbao:ajax&act=nitice_sms_hb_run&site=1&tongcheng_id=399&hongbao_id=51&page=19
[2018-07-08 17:13:31][debug] [sms]hongbao id:51
[2018-07-08 17:13:31][debug] [sms]page:19
[2018-07-08 17:13:31][debug] [sms]client IP:118.89.52.235
[2018-07-08 17:13:31][debug] [sms]start:1531041211
[2018-07-08 17:13:34][debug] [sms]all num:10
[2018-07-08 17:13:34][debug] [sms]run num:10
[2018-07-08 17:13:34][debug] [sms]ok num:8
[2018-07-08 17:13:34][debug] [sms]no num:0
[2018-07-08 17:13:34][debug] [sms]run time:3
[2018-07-08 17:13:34][debug] [sms]end:1531041214
[2018-07-08 17:13:34][debug] [sms]page:https://bbs.bivfw.top/plugin.php?id=tom_tchongbao:ajax&act=nitice_sms_hb_run&site=1&tongcheng_id=399&hongbao_id=51&page=20
[2018-07-08 17:13:34][debug] [sms]hongbao id:51
[2018-07-08 17:13:34][debug] [sms]page:20
[2018-07-08 17:13:34][debug] [sms]client IP:118.89.52.235
[2018-07-08 17:13:34][debug] [sms]start:1531041214
[2018-07-08 17:13:37][debug] [sms]all num:10
[2018-07-08 17:13:37][debug] [sms]run num:10
[2018-07-08 17:13:37][debug] [sms]ok num:6
[2018-07-08 17:13:37][debug] [sms]no num:0
[2018-07-08 17:13:37][debug] [sms]run time:3
[2018-07-08 17:13:37][debug] [sms]end:1531041217
[2018-07-08 17:13:37][debug] [sms]page:https://bbs.bivfw.top/plugin.php?id=tom_tchongbao:ajax&act=nitice_sms_hb_run&site=1&tongcheng_id=399&hongbao_id=51&page=21
[2018-07-08 17:13:37][debug] [sms]hongbao id:51
[2018-07-08 17:13:37][debug] [sms]page:21
[2018-07-08 17:13:37][debug] [sms]client IP:118.89.52.235
[2018-07-08 17:13:37][debug] [sms]start:1531041217
[2018-07-08 17:13:40][debug] [sms]all num:10
[2018-07-08 17:13:40][debug] [sms]run num:10
[2018-07-08 17:13:40][debug] [sms]ok num:6
[2018-07-08 17:13:40][debug] [sms]no num:0
[2018-07-08 17:13:40][debug] [sms]run time:3
[2018-07-08 17:13:40][debug] [sms]end:1531041220
[2018-07-08 17:13:40][debug] [sms]page:https://bbs.bivfw.top/plugin.php?id=tom_tchongbao:ajax&act=nitice_sms_hb_run&site=1&tongcheng_id=399&hongbao_id=51&page=22
[2018-07-08 17:13:41][debug] [sms]hongbao id:51
[2018-07-08 17:13:41][debug] [sms]page:22
[2018-07-08 17:13:41][debug] [sms]client IP:118.89.52.235
[2018-07-08 17:13:41][debug] [sms]start:1531041221
[2018-07-08 17:13:44][debug] [sms]all num:10
[2018-07-08 17:13:44][debug] [sms]run num:10
[2018-07-08 17:13:44][debug] [sms]ok num:9
[2018-07-08 17:13:44][debug] [sms]no num:0
[2018-07-08 17:13:44][debug] [sms]run time:3
[2018-07-08 17:13:44][debug] [sms]end:1531041224
[2018-07-08 17:13:44][debug] [sms]page:https://bbs.bivfw.top/plugin.php?id=tom_tchongbao:ajax&act=nitice_sms_hb_run&site=1&tongcheng_id=399&hongbao_id=51&page=23
[2018-07-08 17:13:44][debug] [sms]hongbao id:51
[2018-07-08 17:13:44][debug] [sms]page:23
[2018-07-08 17:13:44][debug] [sms]client IP:118.89.52.235
[2018-07-08 17:13:44][debug] [sms]start:1531041224
[2018-07-08 17:13:47][debug] [sms]all num:10
[2018-07-08 17:13:47][debug] [sms]run num:10
[2018-07-08 17:13:47][debug] [sms]ok num:10
[2018-07-08 17:13:47][debug] [sms]no num:0
[2018-07-08 17:13:47][debug] [sms]run time:3
[2018-07-08 17:13:47][debug] [sms]end:1531041227
[2018-07-08 17:13:47][debug] [sms]page:https://bbs.bivfw.top/plugin.php?id=tom_tchongbao:ajax&act=nitice_sms_hb_run&site=1&tongcheng_id=399&hongbao_id=51&page=24
[2018-07-08 17:13:48][debug] [sms]hongbao id:51
[2018-07-08 17:13:48][debug] [sms]page:24
[2018-07-08 17:13:48][debug] [sms]client IP:118.89.52.235
[2018-07-08 17:13:48][debug] [sms]start:1531041228
[2018-07-08 17:13:51][debug] [sms]all num:10
[2018-07-08 17:13:51][debug] [sms]run num:9
[2018-07-08 17:13:51][debug] [sms]ok num:4
[2018-07-08 17:13:51][debug] [sms]no num:0
[2018-07-08 17:13:51][debug] [sms]run time:3
[2018-07-08 17:13:51][debug] [sms]end:1531041231
[2018-07-08 17:13:51][debug] [sms]page:https://bbs.bivfw.top/plugin.php?id=tom_tchongbao:ajax&act=nitice_sms_hb_run&site=1&tongcheng_id=399&hongbao_id=51&page=25
[2018-07-08 17:13:51][debug] [sms]hongbao id:51
[2018-07-08 17:13:51][debug] [sms]page:25
[2018-07-08 17:13:51][debug] [sms]client IP:118.89.52.235
[2018-07-08 17:13:51][debug] [sms]start:1531041231
[2018-07-08 17:13:56][debug] [sms]all num:10
[2018-07-08 17:13:56][debug] [sms]run num:10
[2018-07-08 17:13:56][debug] [sms]ok num:2
[2018-07-08 17:13:56][debug] [sms]no num:0
[2018-07-08 17:13:56][debug] [sms]run time:5
[2018-07-08 17:13:56][debug] [sms]end:1531041236
[2018-07-08 17:13:56][debug] [sms]page:https://bbs.bivfw.top/plugin.php?id=tom_tchongbao:ajax&act=nitice_sms_hb_run&site=1&tongcheng_id=399&hongbao_id=51&page=26
[2018-07-08 17:13:56][debug] [sms]hongbao id:51
[2018-07-08 17:13:56][debug] [sms]page:26
[2018-07-08 17:13:56][debug] [sms]client IP:118.89.52.235
[2018-07-08 17:13:56][debug] [sms]start:1531041236
[2018-07-08 17:14:00][debug] [sms]all num:10
[2018-07-08 17:14:00][debug] [sms]run num:10
[2018-07-08 17:14:00][debug] [sms]ok num:5
[2018-07-08 17:14:00][debug] [sms]no num:0
[2018-07-08 17:14:00][debug] [sms]run time:4
[2018-07-08 17:14:00][debug] [sms]end:1531041240
[2018-07-08 17:14:00][debug] [sms]page:https://bbs.bivfw.top/plugin.php?id=tom_tchongbao:ajax&act=nitice_sms_hb_run&site=1&tongcheng_id=399&hongbao_id=51&page=27
[2018-07-08 17:14:01][debug] [sms]hongbao id:51
[2018-07-08 17:14:01][debug] [sms]page:27
[2018-07-08 17:14:01][debug] [sms]client IP:118.89.52.235
[2018-07-08 17:14:01][debug] [sms]start:1531041241
[2018-07-08 17:14:05][debug] [sms]all num:10
[2018-07-08 17:14:05][debug] [sms]run num:10
[2018-07-08 17:14:05][debug] [sms]ok num:4
[2018-07-08 17:14:05][debug] [sms]no num:0
[2018-07-08 17:14:05][debug] [sms]run time:4
[2018-07-08 17:14:05][debug] [sms]end:1531041245
[2018-07-08 17:14:05][debug] [sms]page:https://bbs.bivfw.top/plugin.php?id=tom_tchongbao:ajax&act=nitice_sms_hb_run&site=1&tongcheng_id=399&hongbao_id=51&page=28
[2018-07-08 17:14:06][debug] [sms]hongbao id:51
[2018-07-08 17:14:06][debug] [sms]page:28
[2018-07-08 17:14:06][debug] [sms]client IP:118.89.52.235
[2018-07-08 17:14:06][debug] [sms]start:1531041246
[2018-07-08 17:14:10][debug] [sms]all num:10
[2018-07-08 17:14:10][debug] [sms]run num:10
[2018-07-08 17:14:10][debug] [sms]ok num:6
[2018-07-08 17:14:10][debug] [sms]no num:0
[2018-07-08 17:14:10][debug] [sms]run time:4
[2018-07-08 17:14:10][debug] [sms]end:1531041250
[2018-07-08 17:14:10][debug] [sms]page:https://bbs.bivfw.top/plugin.php?id=tom_tchongbao:ajax&act=nitice_sms_hb_run&site=1&tongcheng_id=399&hongbao_id=51&page=29
[2018-07-08 17:14:11][debug] [sms]hongbao id:51
[2018-07-08 17:14:11][debug] [sms]page:29
[2018-07-08 17:14:11][debug] [sms]client IP:118.89.52.235
[2018-07-08 17:14:11][debug] [sms]start:1531041251
[2018-07-08 17:14:14][debug] [sms]all num:10
[2018-07-08 17:14:14][debug] [sms]run num:10
[2018-07-08 17:14:14][debug] [sms]ok num:6
[2018-07-08 17:14:14][debug] [sms]no num:0
[2018-07-08 17:14:14][debug] [sms]run time:3
[2018-07-08 17:14:14][debug] [sms]end:1531041254
[2018-07-08 17:14:14][debug] [sms]page:https://bbs.bivfw.top/plugin.php?id=tom_tchongbao:ajax&act=nitice_sms_hb_run&site=1&tongcheng_id=399&hongbao_id=51&page=30
[2018-07-08 17:14:14][debug] [sms]hongbao id:51
[2018-07-08 17:14:14][debug] [sms]page:30
[2018-07-08 17:14:14][debug] [sms]client IP:118.89.52.235
[2018-07-08 17:14:14][debug] [sms]start:1531041254
[2018-07-08 17:14:19][debug] [sms]all num:10
[2018-07-08 17:14:19][debug] [sms]run num:10
[2018-07-08 17:14:19][debug] [sms]ok num:9
[2018-07-08 17:14:19][debug] [sms]no num:0
[2018-07-08 17:14:19][debug] [sms]run time:5
[2018-07-08 17:14:19][debug] [sms]end:1531041259
[2018-07-08 17:14:19][debug] [sms]page:https://bbs.bivfw.top/plugin.php?id=tom_tchongbao:ajax&act=nitice_sms_hb_run&site=1&tongcheng_id=399&hongbao_id=51&page=31
[2018-07-08 17:14:19][debug] [sms]hongbao id:51
[2018-07-08 17:14:19][debug] [sms]page:31
[2018-07-08 17:14:19][debug] [sms]client IP:118.89.52.235
[2018-07-08 17:14:19][debug] [sms]start:1531041259
[2018-07-08 17:14:22][debug] [sms]all num:10
[2018-07-08 17:14:22][debug] [sms]run num:10
[2018-07-08 17:14:22][debug] [sms]ok num:9
[2018-07-08 17:14:22][debug] [sms]no num:0
[2018-07-08 17:14:22][debug] [sms]run time:3
[2018-07-08 17:14:22][debug] [sms]end:1531041262
[2018-07-08 17:14:22][debug] [sms]page:https://bbs.bivfw.top/plugin.php?id=tom_tchongbao:ajax&act=nitice_sms_hb_run&site=1&tongcheng_id=399&hongbao_id=51&page=32
[2018-07-08 17:14:23][debug] [sms]hongbao id:51
[2018-07-08 17:14:23][debug] [sms]page:32
[2018-07-08 17:14:23][debug] [sms]client IP:118.89.52.235
[2018-07-08 17:14:23][debug] [sms]start:1531041263
[2018-07-08 17:14:26][debug] [sms]all num:10
[2018-07-08 17:14:26][debug] [sms]run num:10
[2018-07-08 17:14:26][debug] [sms]ok num:10
[2018-07-08 17:14:26][debug] [sms]no num:0
[2018-07-08 17:14:26][debug] [sms]run time:3
[2018-07-08 17:14:26][debug] [sms]end:1531041266
[2018-07-08 17:14:26][debug] [sms]page:https://bbs.bivfw.top/plugin.php?id=tom_tchongbao:ajax&act=nitice_sms_hb_run&site=1&tongcheng_id=399&hongbao_id=51&page=33
[2018-07-08 17:14:27][debug] [sms]hongbao id:51
[2018-07-08 17:14:27][debug] [sms]page:33
[2018-07-08 17:14:27][debug] [sms]client IP:118.89.52.235
[2018-07-08 17:14:27][debug] [sms]start:1531041267
[2018-07-08 17:14:30][debug] [sms]all num:10
[2018-07-08 17:14:30][debug] [sms]run num:10
[2018-07-08 17:14:30][debug] [sms]ok num:9
[2018-07-08 17:14:30][debug] [sms]no num:0
[2018-07-08 17:14:30][debug] [sms]run time:3
[2018-07-08 17:14:30][debug] [sms]end:1531041270
[2018-07-08 17:14:30][debug] [sms]page:https://bbs.bivfw.top/plugin.php?id=tom_tchongbao:ajax&act=nitice_sms_hb_run&site=1&tongcheng_id=399&hongbao_id=51&page=34
[2018-07-08 17:14:32][debug] [sms]hongbao id:51
[2018-07-08 17:14:32][debug] [sms]page:34
[2018-07-08 17:14:32][debug] [sms]client IP:118.89.52.235
[2018-07-08 17:14:32][debug] [sms]start:1531041272
[2018-07-08 17:14:36][debug] [sms]all num:10
[2018-07-08 17:14:36][debug] [sms]run num:10
[2018-07-08 17:14:36][debug] [sms]ok num:0
[2018-07-08 17:14:36][debug] [sms]no num:0
[2018-07-08 17:14:36][debug] [sms]run time:4
[2018-07-08 17:14:36][debug] [sms]end:1531041276
[2018-07-08 17:14:36][debug] [sms]page:https://bbs.bivfw.top/plugin.php?id=tom_tchongbao:ajax&act=nitice_sms_hb_run&site=1&tongcheng_id=399&hongbao_id=51&page=35
[2018-07-08 17:14:36][debug] [sms]hongbao id:51
[2018-07-08 17:14:36][debug] [sms]page:35
[2018-07-08 17:14:36][debug] [sms]client IP:118.89.52.235
[2018-07-08 17:14:36][debug] [sms]start:1531041276
[2018-07-08 17:14:40][debug] [sms]all num:10
[2018-07-08 17:14:40][debug] [sms]run num:10
[2018-07-08 17:14:40][debug] [sms]ok num:5
[2018-07-08 17:14:40][debug] [sms]no num:0
[2018-07-08 17:14:40][debug] [sms]run time:4
[2018-07-08 17:14:40][debug] [sms]end:1531041280
[2018-07-08 17:14:40][debug] [sms]page:https://bbs.bivfw.top/plugin.php?id=tom_tchongbao:ajax&act=nitice_sms_hb_run&site=1&tongcheng_id=399&hongbao_id=51&page=36
[2018-07-08 17:14:40][debug] [sms]hongbao id:51
[2018-07-08 17:14:40][debug] [sms]page:36
[2018-07-08 17:14:40][debug] [sms]client IP:118.89.52.235
[2018-07-08 17:14:40][debug] [sms]start:1531041280
[2018-07-08 17:14:44][debug] [sms]all num:10
[2018-07-08 17:14:44][debug] [sms]run num:10
[2018-07-08 17:14:44][debug] [sms]ok num:6
[2018-07-08 17:14:44][debug] [sms]no num:0
[2018-07-08 17:14:44][debug] [sms]run time:4
[2018-07-08 17:14:44][debug] [sms]end:1531041284
[2018-07-08 17:14:44][debug] [sms]page:https://bbs.bivfw.top/plugin.php?id=tom_tchongbao:ajax&act=nitice_sms_hb_run&site=1&tongcheng_id=399&hongbao_id=51&page=37
[2018-07-08 17:14:44][debug] [sms]hongbao id:51
[2018-07-08 17:14:44][debug] [sms]page:37
[2018-07-08 17:14:44][debug] [sms]client IP:118.89.52.235
[2018-07-08 17:14:44][debug] [sms]start:1531041284
[2018-07-08 17:14:48][debug] [sms]all num:10
[2018-07-08 17:14:48][debug] [sms]run num:10
[2018-07-08 17:14:48][debug] [sms]ok num:8
[2018-07-08 17:14:48][debug] [sms]no num:0
[2018-07-08 17:14:48][debug] [sms]run time:4
[2018-07-08 17:14:48][debug] [sms]end:1531041288
[2018-07-08 17:14:48][debug] [sms]page:https://bbs.bivfw.top/plugin.php?id=tom_tchongbao:ajax&act=nitice_sms_hb_run&site=1&tongcheng_id=399&hongbao_id=51&page=38
[2018-07-08 17:14:48][debug] [sms]hongbao id:51
[2018-07-08 17:14:48][debug] [sms]page:38
[2018-07-08 17:14:48][debug] [sms]client IP:118.89.52.235
[2018-07-08 17:14:48][debug] [sms]start:1531041288
[2018-07-08 17:14:52][debug] [sms]all num:10
[2018-07-08 17:14:52][debug] [sms]run num:10
[2018-07-08 17:14:52][debug] [sms]ok num:6
[2018-07-08 17:14:52][debug] [sms]no num:0
[2018-07-08 17:14:52][debug] [sms]run time:4
[2018-07-08 17:14:52][debug] [sms]end:1531041292
[2018-07-08 17:14:52][debug] [sms]page:https://bbs.bivfw.top/plugin.php?id=tom_tchongbao:ajax&act=nitice_sms_hb_run&site=1&tongcheng_id=399&hongbao_id=51&page=39
[2018-07-08 17:14:53][debug] [sms]hongbao id:51
[2018-07-08 17:14:53][debug] [sms]page:39
[2018-07-08 17:14:53][debug] [sms]client IP:118.89.52.235
[2018-07-08 17:14:53][debug] [sms]start:1531041293
[2018-07-08 17:14:57][debug] [sms]all num:10
[2018-07-08 17:14:57][debug] [sms]run num:10
[2018-07-08 17:14:57][debug] [sms]ok num:6
[2018-07-08 17:14:57][debug] [sms]no num:0
[2018-07-08 17:14:57][debug] [sms]run time:4
[2018-07-08 17:14:57][debug] [sms]end:1531041297
[2018-07-08 17:14:57][debug] [sms]page:https://bbs.bivfw.top/plugin.php?id=tom_tchongbao:ajax&act=nitice_sms_hb_run&site=1&tongcheng_id=399&hongbao_id=51&page=40
[2018-07-08 17:14:57][debug] [sms]hongbao id:51
[2018-07-08 17:14:57][debug] [sms]page:40
[2018-07-08 17:14:57][debug] [sms]client IP:118.89.52.235
[2018-07-08 17:14:57][debug] [sms]start:1531041297
[2018-07-08 17:15:01][debug] [sms]all num:10
[2018-07-08 17:15:01][debug] [sms]run num:10
[2018-07-08 17:15:01][debug] [sms]ok num:2
[2018-07-08 17:15:01][debug] [sms]no num:0
[2018-07-08 17:15:01][debug] [sms]run time:4
[2018-07-08 17:15:01][debug] [sms]end:1531041301
[2018-07-08 17:15:01][debug] [sms]page:https://bbs.bivfw.top/plugin.php?id=tom_tchongbao:ajax&act=nitice_sms_hb_run&site=1&tongcheng_id=399&hongbao_id=51&page=41
[2018-07-08 17:15:01][debug] [sms]hongbao id:51
[2018-07-08 17:15:01][debug] [sms]page:41
[2018-07-08 17:15:01][debug] [sms]client IP:118.89.52.235
[2018-07-08 17:15:01][debug] [sms]start:1531041301
[2018-07-08 17:15:04][debug] [sms]all num:10
[2018-07-08 17:15:04][debug] [sms]run num:10
[2018-07-08 17:15:04][debug] [sms]ok num:2
[2018-07-08 17:15:04][debug] [sms]no num:0
[2018-07-08 17:15:04][debug] [sms]run time:3
[2018-07-08 17:15:04][debug] [sms]end:1531041304
[2018-07-08 17:15:04][debug] [sms]page:https://bbs.bivfw.top/plugin.php?id=tom_tchongbao:ajax&act=nitice_sms_hb_run&site=1&tongcheng_id=399&hongbao_id=51&page=42
[2018-07-08 17:15:04][debug] [sms]hongbao id:51
[2018-07-08 17:15:04][debug] [sms]page:42
[2018-07-08 17:15:04][debug] [sms]client IP:118.89.52.235
[2018-07-08 17:15:04][debug] [sms]start:1531041304
[2018-07-08 17:15:07][debug] [sms]all num:10
[2018-07-08 17:15:07][debug] [sms]run num:10
[2018-07-08 17:15:07][debug] [sms]ok num:5
[2018-07-08 17:15:07][debug] [sms]no num:0
[2018-07-08 17:15:07][debug] [sms]run time:3
[2018-07-08 17:15:07][debug] [sms]end:1531041307
[2018-07-08 17:15:07][debug] [sms]page:https://bbs.bivfw.top/plugin.php?id=tom_tchongbao:ajax&act=nitice_sms_hb_run&site=1&tongcheng_id=399&hongbao_id=51&page=43
[2018-07-08 17:15:08][debug] [sms]hongbao id:51
[2018-07-08 17:15:08][debug] [sms]page:43
[2018-07-08 17:15:08][debug] [sms]client IP:118.89.52.235
[2018-07-08 17:15:08][debug] [sms]start:1531041308
[2018-07-08 17:15:11][debug] [sms]all num:10
[2018-07-08 17:15:11][debug] [sms]run num:10
[2018-07-08 17:15:11][debug] [sms]ok num:7
[2018-07-08 17:15:11][debug] [sms]no num:0
[2018-07-08 17:15:11][debug] [sms]run time:3
[2018-07-08 17:15:11][debug] [sms]end:1531041311
[2018-07-08 17:15:11][debug] [sms]page:https://bbs.bivfw.top/plugin.php?id=tom_tchongbao:ajax&act=nitice_sms_hb_run&site=1&tongcheng_id=399&hongbao_id=51&page=44
[2018-07-08 17:15:11][debug] [sms]hongbao id:51
[2018-07-08 17:15:11][debug] [sms]page:44
[2018-07-08 17:15:11][debug] [sms]client IP:118.89.52.235
[2018-07-08 17:15:11][debug] [sms]start:1531041311
[2018-07-08 17:15:14][debug] [sms]all num:10
[2018-07-08 17:15:14][debug] [sms]run num:10
[2018-07-08 17:15:14][debug] [sms]ok num:5
[2018-07-08 17:15:14][debug] [sms]no num:0
[2018-07-08 17:15:14][debug] [sms]run time:3
[2018-07-08 17:15:14][debug] [sms]end:1531041314
[2018-07-08 17:15:14][debug] [sms]page:https://bbs.bivfw.top/plugin.php?id=tom_tchongbao:ajax&act=nitice_sms_hb_run&site=1&tongcheng_id=399&hongbao_id=51&page=45
[2018-07-08 17:15:15][debug] [sms]hongbao id:51
[2018-07-08 17:15:15][debug] [sms]page:45
[2018-07-08 17:15:15][debug] [sms]client IP:118.89.52.235
[2018-07-08 17:15:15][debug] [sms]start:1531041315
[2018-07-08 17:15:18][debug] [sms]all num:10
[2018-07-08 17:15:18][debug] [sms]run num:10
[2018-07-08 17:15:18][debug] [sms]ok num:4
[2018-07-08 17:15:18][debug] [sms]no num:0
[2018-07-08 17:15:18][debug] [sms]run time:3
[2018-07-08 17:15:18][debug] [sms]end:1531041318
[2018-07-08 17:15:18][debug] [sms]page:https://bbs.bivfw.top/plugin.php?id=tom_tchongbao:ajax&act=nitice_sms_hb_run&site=1&tongcheng_id=399&hongbao_id=51&page=46
[2018-07-08 17:15:19][debug] [sms]hongbao id:51
[2018-07-08 17:15:19][debug] [sms]page:46
[2018-07-08 17:15:19][debug] [sms]client IP:118.89.52.235
[2018-07-08 17:15:19][debug] [sms]start:1531041319
[2018-07-08 17:15:23][debug] [sms]all num:10
[2018-07-08 17:15:23][debug] [sms]run num:10
[2018-07-08 17:15:23][debug] [sms]ok num:4
[2018-07-08 17:15:23][debug] [sms]no num:0
[2018-07-08 17:15:23][debug] [sms]run time:4
[2018-07-08 17:15:23][debug] [sms]end:1531041323
[2018-07-08 17:15:23][debug] [sms]page:https://bbs.bivfw.top/plugin.php?id=tom_tchongbao:ajax&act=nitice_sms_hb_run&site=1&tongcheng_id=399&hongbao_id=51&page=47
[2018-07-08 17:15:23][debug] [sms]hongbao id:51
[2018-07-08 17:15:23][debug] [sms]page:47
[2018-07-08 17:15:23][debug] [sms]client IP:118.89.52.235
[2018-07-08 17:15:23][debug] [sms]start:1531041323
[2018-07-08 17:15:26][debug] [sms]all num:10
[2018-07-08 17:15:26][debug] [sms]run num:10
[2018-07-08 17:15:26][debug] [sms]ok num:6
[2018-07-08 17:15:26][debug] [sms]no num:0
[2018-07-08 17:15:26][debug] [sms]run time:3
[2018-07-08 17:15:26][debug] [sms]end:1531041326
[2018-07-08 17:15:26][debug] [sms]page:https://bbs.bivfw.top/plugin.php?id=tom_tchongbao:ajax&act=nitice_sms_hb_run&site=1&tongcheng_id=399&hongbao_id=51&page=48
[2018-07-08 17:15:27][debug] [sms]hongbao id:51
[2018-07-08 17:15:27][debug] [sms]page:48
[2018-07-08 17:15:27][debug] [sms]client IP:118.89.52.235
[2018-07-08 17:15:27][debug] [sms]start:1531041327
[2018-07-08 17:15:30][debug] [sms]all num:10
[2018-07-08 17:15:30][debug] [sms]run num:10
[2018-07-08 17:15:30][debug] [sms]ok num:9
[2018-07-08 17:15:30][debug] [sms]no num:0
[2018-07-08 17:15:30][debug] [sms]run time:3
[2018-07-08 17:15:30][debug] [sms]end:1531041330
[2018-07-08 17:15:30][debug] [sms]page:https://bbs.bivfw.top/plugin.php?id=tom_tchongbao:ajax&act=nitice_sms_hb_run&site=1&tongcheng_id=399&hongbao_id=51&page=49
[2018-07-08 17:15:30][debug] [sms]hongbao id:51
[2018-07-08 17:15:30][debug] [sms]page:49
[2018-07-08 17:15:30][debug] [sms]client IP:118.89.52.235
[2018-07-08 17:15:30][debug] [sms]start:1531041330
[2018-07-08 17:15:33][debug] [sms]all num:10
[2018-07-08 17:15:33][debug] [sms]run num:10
[2018-07-08 17:15:33][debug] [sms]ok num:8
[2018-07-08 17:15:33][debug] [sms]no num:0
[2018-07-08 17:15:33][debug] [sms]run time:3
[2018-07-08 17:15:33][debug] [sms]end:1531041333
[2018-07-08 17:15:33][debug] [sms]page:https://bbs.bivfw.top/plugin.php?id=tom_tchongbao:ajax&act=nitice_sms_hb_run&site=1&tongcheng_id=399&hongbao_id=51&page=50
[2018-07-08 17:15:33][debug] [sms]hongbao id:51
[2018-07-08 17:15:33][debug] [sms]page:50
[2018-07-08 17:15:33][debug] [sms]client IP:118.89.52.235
[2018-07-08 17:15:33][debug] [sms]start:1531041333
[2018-07-08 17:15:36][debug] [sms]all num:10
[2018-07-08 17:15:36][debug] [sms]run num:10
[2018-07-08 17:15:36][debug] [sms]ok num:7
[2018-07-08 17:15:36][debug] [sms]no num:0
[2018-07-08 17:15:36][debug] [sms]run time:3
[2018-07-08 17:15:36][debug] [sms]end:1531041336
[2018-07-08 17:15:36][debug] [sms]page:https://bbs.bivfw.top/plugin.php?id=tom_tchongbao:ajax&act=nitice_sms_hb_run&site=1&tongcheng_id=399&hongbao_id=51&page=51
[2018-07-08 17:15:37][debug] [sms]hongbao id:51
[2018-07-08 17:15:37][debug] [sms]page:51
[2018-07-08 17:15:37][debug] [sms]client IP:118.89.52.235
[2018-07-08 17:15:37][debug] [sms]start:1531041337
[2018-07-08 17:15:40][debug] [sms]all num:10
[2018-07-08 17:15:40][debug] [sms]run num:10
[2018-07-08 17:15:40][debug] [sms]ok num:2
[2018-07-08 17:15:40][debug] [sms]no num:0
[2018-07-08 17:15:40][debug] [sms]run time:3
[2018-07-08 17:15:40][debug] [sms]end:1531041340
[2018-07-08 17:15:40][debug] [sms]page:https://bbs.bivfw.top/plugin.php?id=tom_tchongbao:ajax&act=nitice_sms_hb_run&site=1&tongcheng_id=399&hongbao_id=51&page=52
[2018-07-08 17:15:40][debug] [sms]hongbao id:51
[2018-07-08 17:15:40][debug] [sms]page:52
[2018-07-08 17:15:40][debug] [sms]client IP:118.89.52.235
[2018-07-08 17:15:40][debug] [sms]start:1531041340
[2018-07-08 17:15:43][debug] [sms]all num:10
[2018-07-08 17:15:43][debug] [sms]run num:10
[2018-07-08 17:15:43][debug] [sms]ok num:3
[2018-07-08 17:15:43][debug] [sms]no num:0
[2018-07-08 17:15:43][debug] [sms]run time:3
[2018-07-08 17:15:43][debug] [sms]end:1531041343
[2018-07-08 17:15:43][debug] [sms]page:https://bbs.bivfw.top/plugin.php?id=tom_tchongbao:ajax&act=nitice_sms_hb_run&site=1&tongcheng_id=399&hongbao_id=51&page=53
[2018-07-08 17:15:43][debug] [sms]hongbao id:51
[2018-07-08 17:15:43][debug] [sms]page:53
[2018-07-08 17:15:43][debug] [sms]client IP:118.89.52.235
[2018-07-08 17:15:43][debug] [sms]start:1531041343
[2018-07-08 17:15:46][debug] [sms]all num:10
[2018-07-08 17:15:46][debug] [sms]run num:10
[2018-07-08 17:15:46][debug] [sms]ok num:3
[2018-07-08 17:15:46][debug] [sms]no num:0
[2018-07-08 17:15:46][debug] [sms]run time:3
[2018-07-08 17:15:46][debug] [sms]end:1531041346
[2018-07-08 17:15:46][debug] [sms]page:https://bbs.bivfw.top/plugin.php?id=tom_tchongbao:ajax&act=nitice_sms_hb_run&site=1&tongcheng_id=399&hongbao_id=51&page=54
[2018-07-08 17:15:46][debug] [sms]hongbao id:51
[2018-07-08 17:15:46][debug] [sms]page:54
[2018-07-08 17:15:46][debug] [sms]client IP:118.89.52.235
[2018-07-08 17:15:46][debug] [sms]start:1531041346
[2018-07-08 17:15:50][debug] [sms]all num:10
[2018-07-08 17:15:50][debug] [sms]run num:10
[2018-07-08 17:15:50][debug] [sms]ok num:6
[2018-07-08 17:15:50][debug] [sms]no num:0
[2018-07-08 17:15:50][debug] [sms]run time:4
[2018-07-08 17:15:50][debug] [sms]end:1531041350
[2018-07-08 17:15:50][debug] [sms]page:https://bbs.bivfw.top/plugin.php?id=tom_tchongbao:ajax&act=nitice_sms_hb_run&site=1&tongcheng_id=399&hongbao_id=51&page=55
[2018-07-08 17:15:50][debug] [sms]hongbao id:51
[2018-07-08 17:15:50][debug] [sms]page:55
[2018-07-08 17:15:50][debug] [sms]client IP:118.89.52.235
[2018-07-08 17:15:50][debug] [sms]start:1531041350
[2018-07-08 17:15:53][debug] [sms]all num:10
[2018-07-08 17:15:53][debug] [sms]run num:10
[2018-07-08 17:15:53][debug] [sms]ok num:5
[2018-07-08 17:15:53][debug] [sms]no num:0
[2018-07-08 17:15:53][debug] [sms]run time:3
[2018-07-08 17:15:53][debug] [sms]end:1531041353
[2018-07-08 17:15:53][debug] [sms]page:https://bbs.bivfw.top/plugin.php?id=tom_tchongbao:ajax&act=nitice_sms_hb_run&site=1&tongcheng_id=399&hongbao_id=51&page=56
[2018-07-08 17:15:53][debug] [sms]hongbao id:51
[2018-07-08 17:15:53][debug] [sms]page:56
[2018-07-08 17:15:53][debug] [sms]client IP:118.89.52.235
[2018-07-08 17:15:53][debug] [sms]start:1531041353
[2018-07-08 17:15:56][debug] [sms]all num:10
[2018-07-08 17:15:56][debug] [sms]run num:10
[2018-07-08 17:15:56][debug] [sms]ok num:9
[2018-07-08 17:15:56][debug] [sms]no num:0
[2018-07-08 17:15:56][debug] [sms]run time:3
[2018-07-08 17:15:56][debug] [sms]end:1531041356
[2018-07-08 17:15:56][debug] [sms]page:https://bbs.bivfw.top/plugin.php?id=tom_tchongbao:ajax&act=nitice_sms_hb_run&site=1&tongcheng_id=399&hongbao_id=51&page=57
[2018-07-08 17:15:56][debug] [sms]hongbao id:51
[2018-07-08 17:15:56][debug] [sms]page:57
[2018-07-08 17:15:56][debug] [sms]client IP:118.89.52.235
[2018-07-08 17:15:56][debug] [sms]start:1531041356
[2018-07-08 17:15:59][debug] [sms]all num:10
[2018-07-08 17:15:59][debug] [sms]run num:10
[2018-07-08 17:15:59][debug] [sms]ok num:3
[2018-07-08 17:15:59][debug] [sms]no num:0
[2018-07-08 17:15:59][debug] [sms]run time:3
[2018-07-08 17:15:59][debug] [sms]end:1531041359
[2018-07-08 17:15:59][debug] [sms]page:https://bbs.bivfw.top/plugin.php?id=tom_tchongbao:ajax&act=nitice_sms_hb_run&site=1&tongcheng_id=399&hongbao_id=51&page=58
[2018-07-08 17:15:59][debug] [sms]hongbao id:51
[2018-07-08 17:15:59][debug] [sms]page:58
[2018-07-08 17:15:59][debug] [sms]client IP:118.89.52.235
[2018-07-08 17:15:59][debug] [sms]start:1531041359
[2018-07-08 17:16:02][debug] [sms]all num:10
[2018-07-08 17:16:02][debug] [sms]run num:10
[2018-07-08 17:16:02][debug] [sms]ok num:6
[2018-07-08 17:16:02][debug] [sms]no num:0
[2018-07-08 17:16:02][debug] [sms]run time:3
[2018-07-08 17:16:02][debug] [sms]end:1531041362
[2018-07-08 17:16:02][debug] [sms]page:https://bbs.bivfw.top/plugin.php?id=tom_tchongbao:ajax&act=nitice_sms_hb_run&site=1&tongcheng_id=399&hongbao_id=51&page=59
[2018-07-08 17:16:03][debug] [sms]hongbao id:51
[2018-07-08 17:16:03][debug] [sms]page:59
[2018-07-08 17:16:03][debug] [sms]client IP:118.89.52.235
[2018-07-08 17:16:03][debug] [sms]start:1531041363
[2018-07-08 17:16:07][debug] [sms]all num:10
[2018-07-08 17:16:07][debug] [sms]run num:10
[2018-07-08 17:16:07][debug] [sms]ok num:4
[2018-07-08 17:16:07][debug] [sms]no num:0
[2018-07-08 17:16:07][debug] [sms]run time:4
[2018-07-08 17:16:07][debug] [sms]end:1531041367
[2018-07-08 17:16:07][debug] [sms]page:https://bbs.bivfw.top/plugin.php?id=tom_tchongbao:ajax&act=nitice_sms_hb_run&site=1&tongcheng_id=399&hongbao_id=51&page=60
[2018-07-08 17:16:07][debug] [sms]hongbao id:51
[2018-07-08 17:16:07][debug] [sms]page:60
[2018-07-08 17:16:07][debug] [sms]client IP:118.89.52.235
[2018-07-08 17:16:07][debug] [sms]start:1531041367
[2018-07-08 17:16:11][debug] [sms]all num:10
[2018-07-08 17:16:11][debug] [sms]run num:10
[2018-07-08 17:16:11][debug] [sms]ok num:6
[2018-07-08 17:16:11][debug] [sms]no num:0
[2018-07-08 17:16:11][debug] [sms]run time:4
[2018-07-08 17:16:11][debug] [sms]end:1531041371
[2018-07-08 17:16:11][debug] [sms]page:https://bbs.bivfw.top/plugin.php?id=tom_tchongbao:ajax&act=nitice_sms_hb_run&site=1&tongcheng_id=399&hongbao_id=51&page=61
[2018-07-08 17:16:11][debug] [sms]hongbao id:51
[2018-07-08 17:16:11][debug] [sms]page:61
[2018-07-08 17:16:11][debug] [sms]client IP:118.89.52.235
[2018-07-08 17:16:11][debug] [sms]start:1531041371
[2018-07-08 17:16:14][debug] [sms]all num:10
[2018-07-08 17:16:14][debug] [sms]run num:10
[2018-07-08 17:16:14][debug] [sms]ok num:4
[2018-07-08 17:16:14][debug] [sms]no num:0
[2018-07-08 17:16:14][debug] [sms]run time:3
[2018-07-08 17:16:14][debug] [sms]end:1531041374
[2018-07-08 17:16:14][debug] [sms]page:https://bbs.bivfw.top/plugin.php?id=tom_tchongbao:ajax&act=nitice_sms_hb_run&site=1&tongcheng_id=399&hongbao_id=51&page=62
[2018-07-08 17:16:15][debug] [sms]hongbao id:51
[2018-07-08 17:16:15][debug] [sms]page:62
[2018-07-08 17:16:15][debug] [sms]client IP:118.89.52.235
[2018-07-08 17:16:15][debug] [sms]start:1531041375
[2018-07-08 17:16:17][debug] [sms]all num:10
[2018-07-08 17:16:17][debug] [sms]run num:10
[2018-07-08 17:16:17][debug] [sms]ok num:5
[2018-07-08 17:16:17][debug] [sms]no num:0
[2018-07-08 17:16:17][debug] [sms]run time:2
[2018-07-08 17:16:17][debug] [sms]end:1531041377
[2018-07-08 17:16:17][debug] [sms]page:https://bbs.bivfw.top/plugin.php?id=tom_tchongbao:ajax&act=nitice_sms_hb_run&site=1&tongcheng_id=399&hongbao_id=51&page=63
[2018-07-08 17:16:18][debug] [sms]hongbao id:51
[2018-07-08 17:16:18][debug] [sms]page:63
[2018-07-08 17:16:18][debug] [sms]client IP:118.89.52.235
[2018-07-08 17:16:18][debug] [sms]start:1531041378
[2018-07-08 17:16:21][debug] [sms]all num:10
[2018-07-08 17:16:21][debug] [sms]run num:10
[2018-07-08 17:16:21][debug] [sms]ok num:9
[2018-07-08 17:16:21][debug] [sms]no num:0
[2018-07-08 17:16:21][debug] [sms]run time:3
[2018-07-08 17:16:21][debug] [sms]end:1531041381
[2018-07-08 17:16:21][debug] [sms]page:https://bbs.bivfw.top/plugin.php?id=tom_tchongbao:ajax&act=nitice_sms_hb_run&site=1&tongcheng_id=399&hongbao_id=51&page=64
[2018-07-08 17:16:21][debug] [sms]hongbao id:51
[2018-07-08 17:16:21][debug] [sms]page:64
[2018-07-08 17:16:21][debug] [sms]client IP:118.89.52.235
[2018-07-08 17:16:21][debug] [sms]start:1531041381
[2018-07-08 17:16:24][debug] [sms]all num:10
[2018-07-08 17:16:24][debug] [sms]run num:10
[2018-07-08 17:16:24][debug] [sms]ok num:5
[2018-07-08 17:16:24][debug] [sms]no num:0
[2018-07-08 17:16:24][debug] [sms]run time:3
[2018-07-08 17:16:24][debug] [sms]end:1531041384
[2018-07-08 17:16:24][debug] [sms]page:https://bbs.bivfw.top/plugin.php?id=tom_tchongbao:ajax&act=nitice_sms_hb_run&site=1&tongcheng_id=399&hongbao_id=51&page=65
[2018-07-08 17:16:24][debug] [sms]hongbao id:51
[2018-07-08 17:16:24][debug] [sms]page:65
[2018-07-08 17:16:24][debug] [sms]client IP:118.89.52.235
[2018-07-08 17:16:24][debug] [sms]start:1531041384
[2018-07-08 17:16:27][debug] [sms]all num:10
[2018-07-08 17:16:27][debug] [sms]run num:10
[2018-07-08 17:16:27][debug] [sms]ok num:3
[2018-07-08 17:16:27][debug] [sms]no num:0
[2018-07-08 17:16:27][debug] [sms]run time:3
[2018-07-08 17:16:27][debug] [sms]end:1531041387
[2018-07-08 17:16:27][debug] [sms]page:https://bbs.bivfw.top/plugin.php?id=tom_tchongbao:ajax&act=nitice_sms_hb_run&site=1&tongcheng_id=399&hongbao_id=51&page=66
[2018-07-08 17:16:27][debug] [sms]hongbao id:51
[2018-07-08 17:16:27][debug] [sms]page:66
[2018-07-08 17:16:27][debug] [sms]client IP:118.89.52.235
[2018-07-08 17:16:27][debug] [sms]start:1531041387
[2018-07-08 17:16:30][debug] [sms]all num:10
[2018-07-08 17:16:30][debug] [sms]run num:9
[2018-07-08 17:16:30][debug] [sms]ok num:0
[2018-07-08 17:16:30][debug] [sms]no num:0
[2018-07-08 17:16:30][debug] [sms]run time:3
[2018-07-08 17:16:30][debug] [sms]end:1531041390
[2018-07-08 17:16:30][debug] [sms]page:https://bbs.bivfw.top/plugin.php?id=tom_tchongbao:ajax&act=nitice_sms_hb_run&site=1&tongcheng_id=399&hongbao_id=51&page=67
[2018-07-08 17:16:30][debug] [sms]hongbao id:51
[2018-07-08 17:16:30][debug] [sms]page:67
[2018-07-08 17:16:30][debug] [sms]client IP:118.89.52.235
[2018-07-08 17:16:30][debug] [sms]start:1531041390
[2018-07-08 17:16:33][debug] [sms]all num:10
[2018-07-08 17:16:33][debug] [sms]run num:10
[2018-07-08 17:16:33][debug] [sms]ok num:2
[2018-07-08 17:16:33][debug] [sms]no num:0
[2018-07-08 17:16:33][debug] [sms]run time:3
[2018-07-08 17:16:33][debug] [sms]end:1531041393
[2018-07-08 17:16:34][debug] [sms]page:https://bbs.bivfw.top/plugin.php?id=tom_tchongbao:ajax&act=nitice_sms_hb_run&site=1&tongcheng_id=399&hongbao_id=51&page=68
[2018-07-08 17:16:34][debug] [sms]hongbao id:51
[2018-07-08 17:16:34][debug] [sms]page:68
[2018-07-08 17:16:34][debug] [sms]client IP:118.89.52.235
[2018-07-08 17:16:34][debug] [sms]start:1531041394
[2018-07-08 17:16:37][debug] [sms]all num:10
[2018-07-08 17:16:37][debug] [sms]run num:10
[2018-07-08 17:16:37][debug] [sms]ok num:3
[2018-07-08 17:16:37][debug] [sms]no num:0
[2018-07-08 17:16:37][debug] [sms]run time:3
[2018-07-08 17:16:37][debug] [sms]end:1531041397
[2018-07-08 17:16:37][debug] [sms]page:https://bbs.bivfw.top/plugin.php?id=tom_tchongbao:ajax&act=nitice_sms_hb_run&site=1&tongcheng_id=399&hongbao_id=51&page=69
[2018-07-08 17:16:37][debug] [sms]hongbao id:51
[2018-07-08 17:16:37][debug] [sms]page:69
[2018-07-08 17:16:37][debug] [sms]client IP:118.89.52.235
[2018-07-08 17:16:37][debug] [sms]start:1531041397
[2018-07-08 17:16:40][debug] [sms]all num:10
[2018-07-08 17:16:40][debug] [sms]run num:10
[2018-07-08 17:16:40][debug] [sms]ok num:5
[2018-07-08 17:16:40][debug] [sms]no num:0
[2018-07-08 17:16:40][debug] [sms]run time:3
[2018-07-08 17:16:40][debug] [sms]end:1531041400
[2018-07-08 17:16:40][debug] [sms]page:https://bbs.bivfw.top/plugin.php?id=tom_tchongbao:ajax&act=nitice_sms_hb_run&site=1&tongcheng_id=399&hongbao_id=51&page=70
[2018-07-08 17:16:40][debug] [sms]hongbao id:51
[2018-07-08 17:16:40][debug] [sms]page:70
[2018-07-08 17:16:40][debug] [sms]client IP:118.89.52.235
[2018-07-08 17:16:40][debug] [sms]start:1531041400
[2018-07-08 17:16:43][debug] [sms]all num:10
[2018-07-08 17:16:43][debug] [sms]run num:9
[2018-07-08 17:16:43][debug] [sms]ok num:4
[2018-07-08 17:16:43][debug] [sms]no num:0
[2018-07-08 17:16:43][debug] [sms]run time:3
[2018-07-08 17:16:43][debug] [sms]end:1531041403
[2018-07-08 17:16:43][debug] [sms]page:https://bbs.bivfw.top/plugin.php?id=tom_tchongbao:ajax&act=nitice_sms_hb_run&site=1&tongcheng_id=399&hongbao_id=51&page=71
[2018-07-08 17:16:43][debug] [sms]hongbao id:51
[2018-07-08 17:16:43][debug] [sms]page:71
[2018-07-08 17:16:43][debug] [sms]client IP:118.89.52.235
[2018-07-08 17:16:43][debug] [sms]start:1531041403
[2018-07-08 17:16:46][debug] [sms]all num:10
[2018-07-08 17:16:46][debug] [sms]run num:10
[2018-07-08 17:16:46][debug] [sms]ok num:1
[2018-07-08 17:16:46][debug] [sms]no num:0
[2018-07-08 17:16:46][debug] [sms]run time:3
[2018-07-08 17:16:46][debug] [sms]end:1531041406
[2018-07-08 17:16:46][debug] [sms]page:https://bbs.bivfw.top/plugin.php?id=tom_tchongbao:ajax&act=nitice_sms_hb_run&site=1&tongcheng_id=399&hongbao_id=51&page=72
[2018-07-08 17:16:46][debug] [sms]hongbao id:51
[2018-07-08 17:16:46][debug] [sms]page:72
[2018-07-08 17:16:46][debug] [sms]client IP:118.89.52.235
[2018-07-08 17:16:46][debug] [sms]start:1531041406
[2018-07-08 17:16:49][debug] [sms]all num:10
[2018-07-08 17:16:49][debug] [sms]run num:10
[2018-07-08 17:16:49][debug] [sms]ok num:4
[2018-07-08 17:16:49][debug] [sms]no num:0
[2018-07-08 17:16:49][debug] [sms]run time:3
[2018-07-08 17:16:49][debug] [sms]end:1531041409
[2018-07-08 17:16:49][debug] [sms]page:https://bbs.bivfw.top/plugin.php?id=tom_tchongbao:ajax&act=nitice_sms_hb_run&site=1&tongcheng_id=399&hongbao_id=51&page=73
[2018-07-08 17:16:50][debug] [sms]hongbao id:51
[2018-07-08 17:16:50][debug] [sms]page:73
[2018-07-08 17:16:50][debug] [sms]client IP:118.89.52.235
[2018-07-08 17:16:50][debug] [sms]start:1531041410
[2018-07-08 17:16:53][debug] [sms]all num:10
[2018-07-08 17:16:53][debug] [sms]run num:10
[2018-07-08 17:16:53][debug] [sms]ok num:3
[2018-07-08 17:16:53][debug] [sms]no num:0
[2018-07-08 17:16:53][debug] [sms]run time:3
[2018-07-08 17:16:53][debug] [sms]end:1531041413
[2018-07-08 17:16:53][debug] [sms]page:https://bbs.bivfw.top/plugin.php?id=tom_tchongbao:ajax&act=nitice_sms_hb_run&site=1&tongcheng_id=399&hongbao_id=51&page=74
[2018-07-08 17:16:53][debug] [sms]hongbao id:51
[2018-07-08 17:16:53][debug] [sms]page:74
[2018-07-08 17:16:53][debug] [sms]client IP:118.89.52.235
[2018-07-08 17:16:53][debug] [sms]start:1531041413
[2018-07-08 17:16:56][debug] [sms]all num:10
[2018-07-08 17:16:56][debug] [sms]run num:10
[2018-07-08 17:16:56][debug] [sms]ok num:1
[2018-07-08 17:16:56][debug] [sms]no num:0
[2018-07-08 17:16:56][debug] [sms]run time:3
[2018-07-08 17:16:56][debug] [sms]end:1531041416
[2018-07-08 17:16:56][debug] [sms]page:https://bbs.bivfw.top/plugin.php?id=tom_tchongbao:ajax&act=nitice_sms_hb_run&site=1&tongcheng_id=399&hongbao_id=51&page=75
[2018-07-08 17:16:56][debug] [sms]hongbao id:51
[2018-07-08 17:16:56][debug] [sms]page:75
[2018-07-08 17:16:56][debug] [sms]client IP:118.89.52.235
[2018-07-08 17:16:56][debug] [sms]start:1531041416
[2018-07-08 17:16:59][debug] [sms]all num:10
[2018-07-08 17:16:59][debug] [sms]run num:10
[2018-07-08 17:16:59][debug] [sms]ok num:2
[2018-07-08 17:16:59][debug] [sms]no num:0
[2018-07-08 17:16:59][debug] [sms]run time:3
[2018-07-08 17:16:59][debug] [sms]end:1531041419
[2018-07-08 17:16:59][debug] [sms]page:https://bbs.bivfw.top/plugin.php?id=tom_tchongbao:ajax&act=nitice_sms_hb_run&site=1&tongcheng_id=399&hongbao_id=51&page=76
[2018-07-08 17:16:59][debug] [sms]hongbao id:51
[2018-07-08 17:16:59][debug] [sms]page:76
[2018-07-08 17:16:59][debug] [sms]client IP:118.89.52.235
[2018-07-08 17:16:59][debug] [sms]start:1531041419
[2018-07-08 17:17:02][debug] [sms]all num:10
[2018-07-08 17:17:02][debug] [sms]run num:9
[2018-07-08 17:17:02][debug] [sms]ok num:2
[2018-07-08 17:17:02][debug] [sms]no num:0
[2018-07-08 17:17:02][debug] [sms]run time:3
[2018-07-08 17:17:02][debug] [sms]end:1531041422
[2018-07-08 17:17:02][debug] [sms]page:https://bbs.bivfw.top/plugin.php?id=tom_tchongbao:ajax&act=nitice_sms_hb_run&site=1&tongcheng_id=399&hongbao_id=51&page=77
[2018-07-08 17:17:03][debug] [sms]hongbao id:51
[2018-07-08 17:17:03][debug] [sms]page:77
[2018-07-08 17:17:03][debug] [sms]client IP:118.89.52.235
[2018-07-08 17:17:03][debug] [sms]start:1531041423
[2018-07-08 17:17:06][debug] [sms]all num:10
[2018-07-08 17:17:06][debug] [sms]run num:10
[2018-07-08 17:17:06][debug] [sms]ok num:5
[2018-07-08 17:17:06][debug] [sms]no num:0
[2018-07-08 17:17:06][debug] [sms]run time:3
[2018-07-08 17:17:06][debug] [sms]end:1531041426
[2018-07-08 17:17:06][debug] [sms]page:https://bbs.bivfw.top/plugin.php?id=tom_tchongbao:ajax&act=nitice_sms_hb_run&site=1&tongcheng_id=399&hongbao_id=51&page=78
[2018-07-08 17:17:06][debug] [sms]hongbao id:51
[2018-07-08 17:17:06][debug] [sms]page:78
[2018-07-08 17:17:06][debug] [sms]client IP:118.89.52.235
[2018-07-08 17:17:06][debug] [sms]start:1531041426
[2018-07-08 17:17:10][debug] [sms]all num:10
[2018-07-08 17:17:10][debug] [sms]run num:10
[2018-07-08 17:17:10][debug] [sms]ok num:4
[2018-07-08 17:17:10][debug] [sms]no num:0
[2018-07-08 17:17:10][debug] [sms]run time:4
[2018-07-08 17:17:10][debug] [sms]end:1531041430
[2018-07-08 17:17:10][debug] [sms]page:https://bbs.bivfw.top/plugin.php?id=tom_tchongbao:ajax&act=nitice_sms_hb_run&site=1&tongcheng_id=399&hongbao_id=51&page=79
[2018-07-08 17:17:10][debug] [sms]hongbao id:51
[2018-07-08 17:17:10][debug] [sms]page:79
[2018-07-08 17:17:10][debug] [sms]client IP:118.89.52.235
[2018-07-08 17:17:10][debug] [sms]start:1531041430
[2018-07-08 17:17:13][debug] [sms]all num:10
[2018-07-08 17:17:13][debug] [sms]run num:10
[2018-07-08 17:17:13][debug] [sms]ok num:3
[2018-07-08 17:17:13][debug] [sms]no num:0
[2018-07-08 17:17:13][debug] [sms]run time:3
[2018-07-08 17:17:13][debug] [sms]end:1531041433
[2018-07-08 17:17:13][debug] [sms]page:https://bbs.bivfw.top/plugin.php?id=tom_tchongbao:ajax&act=nitice_sms_hb_run&site=1&tongcheng_id=399&hongbao_id=51&page=80
[2018-07-08 17:17:13][debug] [sms]hongbao id:51
[2018-07-08 17:17:13][debug] [sms]page:80
[2018-07-08 17:17:13][debug] [sms]client IP:118.89.52.235
[2018-07-08 17:17:13][debug] [sms]start:1531041433
[2018-07-08 17:17:16][debug] [sms]all num:10
[2018-07-08 17:17:16][debug] [sms]run num:9
[2018-07-08 17:17:16][debug] [sms]ok num:1
[2018-07-08 17:17:16][debug] [sms]no num:0
[2018-07-08 17:17:16][debug] [sms]run time:3
[2018-07-08 17:17:16][debug] [sms]end:1531041436
[2018-07-08 17:17:16][debug] [sms]page:https://bbs.bivfw.top/plugin.php?id=tom_tchongbao:ajax&act=nitice_sms_hb_run&site=1&tongcheng_id=399&hongbao_id=51&page=81
[2018-07-08 17:17:16][debug] [sms]hongbao id:51
[2018-07-08 17:17:16][debug] [sms]page:81
[2018-07-08 17:17:16][debug] [sms]client IP:118.89.52.235
[2018-07-08 17:17:16][debug] [sms]start:1531041436
[2018-07-08 17:17:20][debug] [sms]all num:10
[2018-07-08 17:17:20][debug] [sms]run num:9
[2018-07-08 17:17:20][debug] [sms]ok num:4
[2018-07-08 17:17:20][debug] [sms]no num:0
[2018-07-08 17:17:20][debug] [sms]run time:4
[2018-07-08 17:17:20][debug] [sms]end:1531041440
[2018-07-08 17:17:20][debug] [sms]page:https://bbs.bivfw.top/plugin.php?id=tom_tchongbao:ajax&act=nitice_sms_hb_run&site=1&tongcheng_id=399&hongbao_id=51&page=82
[2018-07-08 17:17:20][debug] [sms]hongbao id:51
[2018-07-08 17:17:20][debug] [sms]page:82
[2018-07-08 17:17:20][debug] [sms]client IP:118.89.52.235
[2018-07-08 17:17:20][debug] [sms]start:1531041440
[2018-07-08 17:17:24][debug] [sms]all num:10
[2018-07-08 17:17:24][debug] [sms]run num:10
[2018-07-08 17:17:24][debug] [sms]ok num:2
[2018-07-08 17:17:24][debug] [sms]no num:0
[2018-07-08 17:17:24][debug] [sms]run time:4
[2018-07-08 17:17:24][debug] [sms]end:1531041444
[2018-07-08 17:17:24][debug] [sms]page:https://bbs.bivfw.top/plugin.php?id=tom_tchongbao:ajax&act=nitice_sms_hb_run&site=1&tongcheng_id=399&hongbao_id=51&page=83
[2018-07-08 17:17:24][debug] [sms]hongbao id:51
[2018-07-08 17:17:24][debug] [sms]page:83
[2018-07-08 17:17:24][debug] [sms]client IP:118.89.52.235
[2018-07-08 17:17:24][debug] [sms]start:1531041444
[2018-07-08 17:17:27][debug] [sms]all num:10
[2018-07-08 17:17:27][debug] [sms]run num:10
[2018-07-08 17:17:27][debug] [sms]ok num:2
[2018-07-08 17:17:27][debug] [sms]no num:0
[2018-07-08 17:17:27][debug] [sms]run time:3
[2018-07-08 17:17:27][debug] [sms]end:1531041447
[2018-07-08 17:17:27][debug] [sms]page:https://bbs.bivfw.top/plugin.php?id=tom_tchongbao:ajax&act=nitice_sms_hb_run&site=1&tongcheng_id=399&hongbao_id=51&page=84
[2018-07-08 17:17:27][debug] [sms]hongbao id:51
[2018-07-08 17:17:27][debug] [sms]page:84
[2018-07-08 17:17:27][debug] [sms]client IP:118.89.52.235
[2018-07-08 17:17:27][debug] [sms]start:1531041447
[2018-07-08 17:17:31][debug] [sms]all num:10
[2018-07-08 17:17:31][debug] [sms]run num:10
[2018-07-08 17:17:31][debug] [sms]ok num:5
[2018-07-08 17:17:31][debug] [sms]no num:0
[2018-07-08 17:17:31][debug] [sms]run time:4
[2018-07-08 17:17:31][debug] [sms]end:1531041451
[2018-07-08 17:17:31][debug] [sms]page:https://bbs.bivfw.top/plugin.php?id=tom_tchongbao:ajax&act=nitice_sms_hb_run&site=1&tongcheng_id=399&hongbao_id=51&page=85
[2018-07-08 17:17:31][debug] [sms]hongbao id:51
[2018-07-08 17:17:31][debug] [sms]page:85
[2018-07-08 17:17:31][debug] [sms]client IP:118.89.52.235
[2018-07-08 17:17:31][debug] [sms]start:1531041451
[2018-07-08 17:17:34][debug] [sms]all num:10
[2018-07-08 17:17:34][debug] [sms]run num:10
[2018-07-08 17:17:34][debug] [sms]ok num:2
[2018-07-08 17:17:34][debug] [sms]no num:0
[2018-07-08 17:17:34][debug] [sms]run time:3
[2018-07-08 17:17:34][debug] [sms]end:1531041454
[2018-07-08 17:17:34][debug] [sms]page:https://bbs.bivfw.top/plugin.php?id=tom_tchongbao:ajax&act=nitice_sms_hb_run&site=1&tongcheng_id=399&hongbao_id=51&page=86
[2018-07-08 17:17:34][debug] [sms]hongbao id:51
[2018-07-08 17:17:34][debug] [sms]page:86
[2018-07-08 17:17:34][debug] [sms]client IP:118.89.52.235
[2018-07-08 17:17:34][debug] [sms]start:1531041454
[2018-07-08 17:17:37][debug] [sms]all num:10
[2018-07-08 17:17:37][debug] [sms]run num:10
[2018-07-08 17:17:37][debug] [sms]ok num:2
[2018-07-08 17:17:37][debug] [sms]no num:0
[2018-07-08 17:17:37][debug] [sms]run time:3
[2018-07-08 17:17:37][debug] [sms]end:1531041457
[2018-07-08 17:17:37][debug] [sms]page:https://bbs.bivfw.top/plugin.php?id=tom_tchongbao:ajax&act=nitice_sms_hb_run&site=1&tongcheng_id=399&hongbao_id=51&page=87
[2018-07-08 17:17:37][debug] [sms]hongbao id:51
[2018-07-08 17:17:37][debug] [sms]page:87
[2018-07-08 17:17:37][debug] [sms]client IP:118.89.52.235
[2018-07-08 17:17:37][debug] [sms]start:1531041457
[2018-07-08 17:17:40][debug] [sms]all num:10
[2018-07-08 17:17:40][debug] [sms]run num:10
[2018-07-08 17:17:40][debug] [sms]ok num:2
[2018-07-08 17:17:40][debug] [sms]no num:0
[2018-07-08 17:17:40][debug] [sms]run time:3
[2018-07-08 17:17:40][debug] [sms]end:1531041460
[2018-07-08 17:17:40][debug] [sms]page:https://bbs.bivfw.top/plugin.php?id=tom_tchongbao:ajax&act=nitice_sms_hb_run&site=1&tongcheng_id=399&hongbao_id=51&page=88
[2018-07-08 17:17:41][debug] [sms]hongbao id:51
[2018-07-08 17:17:41][debug] [sms]page:88
[2018-07-08 17:17:41][debug] [sms]client IP:118.89.52.235
[2018-07-08 17:17:41][debug] [sms]start:1531041461
[2018-07-08 17:17:44][debug] [sms]all num:10
[2018-07-08 17:17:44][debug] [sms]run num:10
[2018-07-08 17:17:44][debug] [sms]ok num:3
[2018-07-08 17:17:44][debug] [sms]no num:0
[2018-07-08 17:17:44][debug] [sms]run time:3
[2018-07-08 17:17:44][debug] [sms]end:1531041464
[2018-07-08 17:17:44][debug] [sms]page:https://bbs.bivfw.top/plugin.php?id=tom_tchongbao:ajax&act=nitice_sms_hb_run&site=1&tongcheng_id=399&hongbao_id=51&page=89
[2018-07-08 17:17:44][debug] [sms]hongbao id:51
[2018-07-08 17:17:44][debug] [sms]page:89
[2018-07-08 17:17:44][debug] [sms]client IP:118.89.52.235
[2018-07-08 17:17:44][debug] [sms]start:1531041464
[2018-07-08 17:17:47][debug] [sms]all num:10
[2018-07-08 17:17:47][debug] [sms]run num:10
[2018-07-08 17:17:47][debug] [sms]ok num:2
[2018-07-08 17:17:47][debug] [sms]no num:0
[2018-07-08 17:17:47][debug] [sms]run time:3
[2018-07-08 17:17:47][debug] [sms]end:1531041467
[2018-07-08 17:17:47][debug] [sms]page:https://bbs.bivfw.top/plugin.php?id=tom_tchongbao:ajax&act=nitice_sms_hb_run&site=1&tongcheng_id=399&hongbao_id=51&page=90
[2018-07-08 17:17:47][debug] [sms]hongbao id:51
[2018-07-08 17:17:47][debug] [sms]page:90
[2018-07-08 17:17:47][debug] [sms]client IP:118.89.52.235
[2018-07-08 17:17:47][debug] [sms]start:1531041467
[2018-07-08 17:17:51][debug] [sms]all num:10
[2018-07-08 17:17:51][debug] [sms]run num:10
[2018-07-08 17:17:51][debug] [sms]ok num:1
[2018-07-08 17:17:51][debug] [sms]no num:0
[2018-07-08 17:17:51][debug] [sms]run time:4
[2018-07-08 17:17:51][debug] [sms]end:1531041471
[2018-07-08 17:17:51][debug] [sms]page:https://bbs.bivfw.top/plugin.php?id=tom_tchongbao:ajax&act=nitice_sms_hb_run&site=1&tongcheng_id=399&hongbao_id=51&page=91
[2018-07-08 17:17:51][debug] [sms]hongbao id:51
[2018-07-08 17:17:51][debug] [sms]page:91
[2018-07-08 17:17:51][debug] [sms]client IP:118.89.52.235
[2018-07-08 17:17:51][debug] [sms]start:1531041471
[2018-07-08 17:17:53][debug] [sms]all num:10
[2018-07-08 17:17:53][debug] [sms]run num:9
[2018-07-08 17:17:53][debug] [sms]ok num:1
[2018-07-08 17:17:53][debug] [sms]no num:0
[2018-07-08 17:17:53][debug] [sms]run time:2
[2018-07-08 17:17:53][debug] [sms]end:1531041473
[2018-07-08 17:17:53][debug] [sms]page:https://bbs.bivfw.top/plugin.php?id=tom_tchongbao:ajax&act=nitice_sms_hb_run&site=1&tongcheng_id=399&hongbao_id=51&page=92
[2018-07-08 17:17:54][debug] [sms]hongbao id:51
[2018-07-08 17:17:54][debug] [sms]page:92
[2018-07-08 17:17:54][debug] [sms]client IP:118.89.52.235
[2018-07-08 17:17:54][debug] [sms]start:1531041474
[2018-07-08 17:17:56][debug] [sms]all num:10
[2018-07-08 17:17:56][debug] [sms]run num:10
[2018-07-08 17:17:56][debug] [sms]ok num:3
[2018-07-08 17:17:56][debug] [sms]no num:0
[2018-07-08 17:17:56][debug] [sms]run time:2
[2018-07-08 17:17:56][debug] [sms]end:1531041476
[2018-07-08 17:17:56][debug] [sms]page:https://bbs.bivfw.top/plugin.php?id=tom_tchongbao:ajax&act=nitice_sms_hb_run&site=1&tongcheng_id=399&hongbao_id=51&page=93
[2018-07-08 17:17:57][debug] [sms]hongbao id:51
[2018-07-08 17:17:57][debug] [sms]page:93
[2018-07-08 17:17:57][debug] [sms]client IP:118.89.52.235
[2018-07-08 17:17:57][debug] [sms]start:1531041477
[2018-07-08 17:17:59][debug] [sms]all num:10
[2018-07-08 17:17:59][debug] [sms]run num:9
[2018-07-08 17:17:59][debug] [sms]ok num:2
[2018-07-08 17:17:59][debug] [sms]no num:0
[2018-07-08 17:17:59][debug] [sms]run time:2
[2018-07-08 17:17:59][debug] [sms]end:1531041479
[2018-07-08 17:17:59][debug] [sms]page:https://bbs.bivfw.top/plugin.php?id=tom_tchongbao:ajax&act=nitice_sms_hb_run&site=1&tongcheng_id=399&hongbao_id=51&page=94
[2018-07-08 17:17:59][debug] [sms]hongbao id:51
[2018-07-08 17:17:59][debug] [sms]page:94
[2018-07-08 17:17:59][debug] [sms]client IP:118.89.52.235
[2018-07-08 17:17:59][debug] [sms]start:1531041479
[2018-07-08 17:18:02][debug] [sms]all num:10
[2018-07-08 17:18:02][debug] [sms]run num:10
[2018-07-08 17:18:02][debug] [sms]ok num:1
[2018-07-08 17:18:02][debug] [sms]no num:0
[2018-07-08 17:18:02][debug] [sms]run time:3
[2018-07-08 17:18:02][debug] [sms]end:1531041482
[2018-07-08 17:18:02][debug] [sms]page:https://bbs.bivfw.top/plugin.php?id=tom_tchongbao:ajax&act=nitice_sms_hb_run&site=1&tongcheng_id=399&hongbao_id=51&page=95
[2018-07-08 17:18:02][debug] [sms]hongbao id:51
[2018-07-08 17:18:02][debug] [sms]page:95
[2018-07-08 17:18:02][debug] [sms]client IP:118.89.52.235
[2018-07-08 17:18:02][debug] [sms]start:1531041482
[2018-07-08 17:18:05][debug] [sms]all num:10
[2018-07-08 17:18:05][debug] [sms]run num:10
[2018-07-08 17:18:05][debug] [sms]ok num:2
[2018-07-08 17:18:05][debug] [sms]no num:0
[2018-07-08 17:18:05][debug] [sms]run time:3
[2018-07-08 17:18:05][debug] [sms]end:1531041485
[2018-07-08 17:18:05][debug] [sms]page:https://bbs.bivfw.top/plugin.php?id=tom_tchongbao:ajax&act=nitice_sms_hb_run&site=1&tongcheng_id=399&hongbao_id=51&page=96
[2018-07-08 17:18:06][debug] [sms]hongbao id:51
[2018-07-08 17:18:06][debug] [sms]page:96
[2018-07-08 17:18:06][debug] [sms]client IP:118.89.52.235
[2018-07-08 17:18:06][debug] [sms]start:1531041486
[2018-07-08 17:18:09][debug] [sms]all num:10
[2018-07-08 17:18:09][debug] [sms]run num:10
[2018-07-08 17:18:09][debug] [sms]ok num:2
[2018-07-08 17:18:09][debug] [sms]no num:0
[2018-07-08 17:18:09][debug] [sms]run time:3
[2018-07-08 17:18:09][debug] [sms]end:1531041489
[2018-07-08 17:18:09][debug] [sms]page:https://bbs.bivfw.top/plugin.php?id=tom_tchongbao:ajax&act=nitice_sms_hb_run&site=1&tongcheng_id=399&hongbao_id=51&page=97
[2018-07-08 17:18:09][debug] [sms]hongbao id:51
[2018-07-08 17:18:09][debug] [sms]page:97
[2018-07-08 17:18:09][debug] [sms]client IP:118.89.52.235
[2018-07-08 17:18:09][debug] [sms]start:1531041489
[2018-07-08 17:18:12][debug] [sms]all num:10
[2018-07-08 17:18:12][debug] [sms]run num:10
[2018-07-08 17:18:12][debug] [sms]ok num:4
[2018-07-08 17:18:12][debug] [sms]no num:0
[2018-07-08 17:18:12][debug] [sms]run time:3
[2018-07-08 17:18:12][debug] [sms]end:1531041492
[2018-07-08 17:18:12][debug] [sms]page:https://bbs.bivfw.top/plugin.php?id=tom_tchongbao:ajax&act=nitice_sms_hb_run&site=1&tongcheng_id=399&hongbao_id=51&page=98
[2018-07-08 17:18:13][debug] [sms]hongbao id:51
[2018-07-08 17:18:13][debug] [sms]page:98
[2018-07-08 17:18:13][debug] [sms]client IP:118.89.52.235
[2018-07-08 17:18:13][debug] [sms]start:1531041493
[2018-07-08 17:18:15][debug] [sms]all num:10
[2018-07-08 17:18:15][debug] [sms]run num:10
[2018-07-08 17:18:15][debug] [sms]ok num:0
[2018-07-08 17:18:15][debug] [sms]no num:0
[2018-07-08 17:18:15][debug] [sms]run time:2
[2018-07-08 17:18:15][debug] [sms]end:1531041495
[2018-07-08 17:18:15][debug] [sms]page:https://bbs.bivfw.top/plugin.php?id=tom_tchongbao:ajax&act=nitice_sms_hb_run&site=1&tongcheng_id=399&hongbao_id=51&page=99
[2018-07-08 17:18:16][debug] [sms]hongbao id:51
[2018-07-08 17:18:16][debug] [sms]page:99
[2018-07-08 17:18:16][debug] [sms]client IP:118.89.52.235
[2018-07-08 17:18:16][debug] [sms]start:1531041496
[2018-07-08 17:18:19][debug] [sms]all num:10
[2018-07-08 17:18:19][debug] [sms]run num:10
[2018-07-08 17:18:19][debug] [sms]ok num:2
[2018-07-08 17:18:19][debug] [sms]no num:0
[2018-07-08 17:18:19][debug] [sms]run time:3
[2018-07-08 17:18:19][debug] [sms]end:1531041499
[2018-07-08 17:18:19][debug] [sms]page:https://bbs.bivfw.top/plugin.php?id=tom_tchongbao:ajax&act=nitice_sms_hb_run&site=1&tongcheng_id=399&hongbao_id=51&page=100
[2018-07-08 17:18:19][debug] [sms]hongbao id:51
[2018-07-08 17:18:19][debug] [sms]page:100
[2018-07-08 17:18:19][debug] [sms]client IP:118.89.52.235
[2018-07-08 17:18:19][debug] [sms]start:1531041499
[2018-07-08 17:18:22][debug] [sms]all num:10
[2018-07-08 17:18:22][debug] [sms]run num:9
[2018-07-08 17:18:22][debug] [sms]ok num:2
[2018-07-08 17:18:22][debug] [sms]no num:0
[2018-07-08 17:18:22][debug] [sms]run time:3
[2018-07-08 17:18:22][debug] [sms]end:1531041502
[2018-07-08 17:18:22][debug] [sms]page:https://bbs.bivfw.top/plugin.php?id=tom_tchongbao:ajax&act=nitice_sms_hb_run&site=1&tongcheng_id=399&hongbao_id=51&page=101
[2018-07-08 17:18:22][debug] [sms]--------------------- over 101 -------------------------
