[2019-02-20 00:00:04][debug] [sms]hongbao id:79
[2019-02-20 00:00:04][debug] [sms]page:8
[2019-02-20 00:00:04][debug] [sms]client IP:118.89.52.235
[2019-02-20 00:00:04][debug] [sms]start:1550592004
[2019-02-20 00:00:07][debug] [sms]all num:10
[2019-02-20 00:00:07][debug] [sms]run num:10
[2019-02-20 00:00:07][debug] [sms]ok num:0
[2019-02-20 00:00:07][debug] [sms]no num:0
[2019-02-20 00:00:07][debug] [sms]run time:3
[2019-02-20 00:00:07][debug] [sms]end:1550592007
[2019-02-20 00:00:07][debug] [sms]page:https://bbs.sex002.xyz/plugin.php?id=tom_tchongbao:ajax&act=nitice_sms_hb_run&site=1&tongcheng_id=874&hongbao_id=79&page=9
[2019-02-20 00:00:08][debug] [sms]hongbao id:79
[2019-02-20 00:00:08][debug] [sms]page:9
[2019-02-20 00:00:08][debug] [sms]client IP:118.89.52.235
[2019-02-20 00:00:08][debug] [sms]start:1550592008
[2019-02-20 00:00:11][debug] [sms]all num:10
[2019-02-20 00:00:11][debug] [sms]run num:10
[2019-02-20 00:00:11][debug] [sms]ok num:0
[2019-02-20 00:00:11][debug] [sms]no num:0
[2019-02-20 00:00:11][debug] [sms]run time:3
[2019-02-20 00:00:11][debug] [sms]end:1550592011
[2019-02-20 00:00:11][debug] [sms]page:https://bbs.sex002.xyz/plugin.php?id=tom_tchongbao:ajax&act=nitice_sms_hb_run&site=1&tongcheng_id=874&hongbao_id=79&page=10
[2019-02-20 00:00:11][debug] [sms]hongbao id:79
[2019-02-20 00:00:11][debug] [sms]page:10
[2019-02-20 00:00:11][debug] [sms]client IP:118.89.52.235
[2019-02-20 00:00:11][debug] [sms]start:1550592011
[2019-02-20 00:00:15][debug] [sms]all num:10
[2019-02-20 00:00:15][debug] [sms]run num:10
[2019-02-20 00:00:15][debug] [sms]ok num:0
[2019-02-20 00:00:15][debug] [sms]no num:0
[2019-02-20 00:00:15][debug] [sms]run time:4
[2019-02-20 00:00:15][debug] [sms]end:1550592015
[2019-02-20 00:00:15][debug] [sms]page:https://bbs.sex002.xyz/plugin.php?id=tom_tchongbao:ajax&act=nitice_sms_hb_run&site=1&tongcheng_id=874&hongbao_id=79&page=11
[2019-02-20 00:00:15][debug] [sms]hongbao id:79
[2019-02-20 00:00:15][debug] [sms]page:11
[2019-02-20 00:00:15][debug] [sms]client IP:118.89.52.235
[2019-02-20 00:00:15][debug] [sms]start:1550592015
[2019-02-20 00:00:18][debug] [sms]all num:10
[2019-02-20 00:00:18][debug] [sms]run num:10
[2019-02-20 00:00:18][debug] [sms]ok num:0
[2019-02-20 00:00:18][debug] [sms]no num:0
[2019-02-20 00:00:18][debug] [sms]run time:3
[2019-02-20 00:00:18][debug] [sms]end:1550592018
[2019-02-20 00:00:18][debug] [sms]page:https://bbs.sex002.xyz/plugin.php?id=tom_tchongbao:ajax&act=nitice_sms_hb_run&site=1&tongcheng_id=874&hongbao_id=79&page=12
[2019-02-20 00:00:18][debug] [sms]hongbao id:79
[2019-02-20 00:00:18][debug] [sms]page:12
[2019-02-20 00:00:18][debug] [sms]client IP:118.89.52.235
[2019-02-20 00:00:18][debug] [sms]start:1550592018
[2019-02-20 00:00:21][debug] [sms]all num:10
[2019-02-20 00:00:21][debug] [sms]run num:10
[2019-02-20 00:00:21][debug] [sms]ok num:0
[2019-02-20 00:00:21][debug] [sms]no num:0
[2019-02-20 00:00:21][debug] [sms]run time:3
[2019-02-20 00:00:21][debug] [sms]end:1550592021
[2019-02-20 00:00:21][debug] [sms]page:https://bbs.sex002.xyz/plugin.php?id=tom_tchongbao:ajax&act=nitice_sms_hb_run&site=1&tongcheng_id=874&hongbao_id=79&page=13
[2019-02-20 00:00:21][debug] [sms]hongbao id:79
[2019-02-20 00:00:21][debug] [sms]page:13
[2019-02-20 00:00:21][debug] [sms]client IP:118.89.52.235
[2019-02-20 00:00:21][debug] [sms]start:1550592021
[2019-02-20 00:00:24][debug] [sms]all num:10
[2019-02-20 00:00:24][debug] [sms]run num:10
[2019-02-20 00:00:24][debug] [sms]ok num:0
[2019-02-20 00:00:24][debug] [sms]no num:0
[2019-02-20 00:00:24][debug] [sms]run time:3
[2019-02-20 00:00:24][debug] [sms]end:1550592024
[2019-02-20 00:00:24][debug] [sms]page:https://bbs.sex002.xyz/plugin.php?id=tom_tchongbao:ajax&act=nitice_sms_hb_run&site=1&tongcheng_id=874&hongbao_id=79&page=14
[2019-02-20 00:00:25][debug] [sms]hongbao id:79
[2019-02-20 00:00:25][debug] [sms]page:14
[2019-02-20 00:00:25][debug] [sms]client IP:118.89.52.235
[2019-02-20 00:00:25][debug] [sms]start:1550592025
[2019-02-20 00:00:28][debug] [sms]all num:10
[2019-02-20 00:00:28][debug] [sms]run num:10
[2019-02-20 00:00:28][debug] [sms]ok num:0
[2019-02-20 00:00:28][debug] [sms]no num:0
[2019-02-20 00:00:28][debug] [sms]run time:3
[2019-02-20 00:00:28][debug] [sms]end:1550592028
[2019-02-20 00:00:28][debug] [sms]page:https://bbs.sex002.xyz/plugin.php?id=tom_tchongbao:ajax&act=nitice_sms_hb_run&site=1&tongcheng_id=874&hongbao_id=79&page=15
[2019-02-20 00:00:28][debug] [sms]hongbao id:79
[2019-02-20 00:00:28][debug] [sms]page:15
[2019-02-20 00:00:28][debug] [sms]client IP:118.89.52.235
[2019-02-20 00:00:28][debug] [sms]start:1550592028
[2019-02-20 00:00:31][debug] [sms]all num:10
[2019-02-20 00:00:31][debug] [sms]run num:10
[2019-02-20 00:00:31][debug] [sms]ok num:0
[2019-02-20 00:00:31][debug] [sms]no num:0
[2019-02-20 00:00:31][debug] [sms]run time:3
[2019-02-20 00:00:31][debug] [sms]end:1550592031
[2019-02-20 00:00:31][debug] [sms]page:https://bbs.sex002.xyz/plugin.php?id=tom_tchongbao:ajax&act=nitice_sms_hb_run&site=1&tongcheng_id=874&hongbao_id=79&page=16
[2019-02-20 00:00:31][debug] [sms]hongbao id:79
[2019-02-20 00:00:31][debug] [sms]page:16
[2019-02-20 00:00:31][debug] [sms]client IP:118.89.52.235
[2019-02-20 00:00:31][debug] [sms]start:1550592031
[2019-02-20 00:00:34][debug] [sms]all num:10
[2019-02-20 00:00:34][debug] [sms]run num:10
[2019-02-20 00:00:34][debug] [sms]ok num:0
[2019-02-20 00:00:34][debug] [sms]no num:0
[2019-02-20 00:00:34][debug] [sms]run time:3
[2019-02-20 00:00:34][debug] [sms]end:1550592034
[2019-02-20 00:00:34][debug] [sms]page:https://bbs.sex002.xyz/plugin.php?id=tom_tchongbao:ajax&act=nitice_sms_hb_run&site=1&tongcheng_id=874&hongbao_id=79&page=17
[2019-02-20 00:00:35][debug] [sms]hongbao id:79
[2019-02-20 00:00:35][debug] [sms]page:17
[2019-02-20 00:00:35][debug] [sms]client IP:118.89.52.235
[2019-02-20 00:00:35][debug] [sms]start:1550592035
[2019-02-20 00:00:38][debug] [sms]all num:10
[2019-02-20 00:00:38][debug] [sms]run num:10
[2019-02-20 00:00:38][debug] [sms]ok num:0
[2019-02-20 00:00:38][debug] [sms]no num:0
[2019-02-20 00:00:38][debug] [sms]run time:3
[2019-02-20 00:00:38][debug] [sms]end:1550592038
[2019-02-20 00:00:38][debug] [sms]page:https://bbs.sex002.xyz/plugin.php?id=tom_tchongbao:ajax&act=nitice_sms_hb_run&site=1&tongcheng_id=874&hongbao_id=79&page=18
[2019-02-20 00:00:38][debug] [sms]hongbao id:79
[2019-02-20 00:00:38][debug] [sms]page:18
[2019-02-20 00:00:38][debug] [sms]client IP:118.89.52.235
[2019-02-20 00:00:38][debug] [sms]start:1550592038
[2019-02-20 00:00:41][debug] [sms]all num:10
[2019-02-20 00:00:41][debug] [sms]run num:10
[2019-02-20 00:00:41][debug] [sms]ok num:0
[2019-02-20 00:00:41][debug] [sms]no num:0
[2019-02-20 00:00:41][debug] [sms]run time:3
[2019-02-20 00:00:41][debug] [sms]end:1550592041
[2019-02-20 00:00:41][debug] [sms]page:https://bbs.sex002.xyz/plugin.php?id=tom_tchongbao:ajax&act=nitice_sms_hb_run&site=1&tongcheng_id=874&hongbao_id=79&page=19
[2019-02-20 00:00:41][debug] [sms]hongbao id:79
[2019-02-20 00:00:41][debug] [sms]page:19
[2019-02-20 00:00:41][debug] [sms]client IP:118.89.52.235
[2019-02-20 00:00:41][debug] [sms]start:1550592041
[2019-02-20 00:00:44][debug] [sms]all num:10
[2019-02-20 00:00:44][debug] [sms]run num:10
[2019-02-20 00:00:44][debug] [sms]ok num:0
[2019-02-20 00:00:44][debug] [sms]no num:0
[2019-02-20 00:00:44][debug] [sms]run time:3
[2019-02-20 00:00:44][debug] [sms]end:1550592044
[2019-02-20 00:00:44][debug] [sms]page:https://bbs.sex002.xyz/plugin.php?id=tom_tchongbao:ajax&act=nitice_sms_hb_run&site=1&tongcheng_id=874&hongbao_id=79&page=20
[2019-02-20 00:00:45][debug] [sms]hongbao id:79
[2019-02-20 00:00:45][debug] [sms]page:20
[2019-02-20 00:00:45][debug] [sms]client IP:118.89.52.235
[2019-02-20 00:00:45][debug] [sms]start:1550592045
[2019-02-20 00:00:48][debug] [sms]all num:10
[2019-02-20 00:00:48][debug] [sms]run num:10
[2019-02-20 00:00:48][debug] [sms]ok num:0
[2019-02-20 00:00:48][debug] [sms]no num:0
[2019-02-20 00:00:48][debug] [sms]run time:3
[2019-02-20 00:00:48][debug] [sms]end:1550592048
[2019-02-20 00:00:48][debug] [sms]page:https://bbs.sex002.xyz/plugin.php?id=tom_tchongbao:ajax&act=nitice_sms_hb_run&site=1&tongcheng_id=874&hongbao_id=79&page=21
[2019-02-20 00:00:48][debug] [sms]hongbao id:79
[2019-02-20 00:00:48][debug] [sms]page:21
[2019-02-20 00:00:48][debug] [sms]client IP:118.89.52.235
[2019-02-20 00:00:48][debug] [sms]start:1550592048
[2019-02-20 00:00:51][debug] [sms]all num:10
[2019-02-20 00:00:51][debug] [sms]run num:10
[2019-02-20 00:00:51][debug] [sms]ok num:0
[2019-02-20 00:00:51][debug] [sms]no num:0
[2019-02-20 00:00:51][debug] [sms]run time:3
[2019-02-20 00:00:51][debug] [sms]end:1550592051
[2019-02-20 00:00:51][debug] [sms]page:https://bbs.sex002.xyz/plugin.php?id=tom_tchongbao:ajax&act=nitice_sms_hb_run&site=1&tongcheng_id=874&hongbao_id=79&page=22
[2019-02-20 00:00:51][debug] [sms]hongbao id:79
[2019-02-20 00:00:51][debug] [sms]page:22
[2019-02-20 00:00:51][debug] [sms]client IP:118.89.52.235
[2019-02-20 00:00:51][debug] [sms]start:1550592051
[2019-02-20 00:00:54][debug] [sms]all num:10
[2019-02-20 00:00:54][debug] [sms]run num:10
[2019-02-20 00:00:54][debug] [sms]ok num:0
[2019-02-20 00:00:54][debug] [sms]no num:0
[2019-02-20 00:00:54][debug] [sms]run time:3
[2019-02-20 00:00:54][debug] [sms]end:1550592054
[2019-02-20 00:00:54][debug] [sms]page:https://bbs.sex002.xyz/plugin.php?id=tom_tchongbao:ajax&act=nitice_sms_hb_run&site=1&tongcheng_id=874&hongbao_id=79&page=23
[2019-02-20 00:00:55][debug] [sms]hongbao id:79
[2019-02-20 00:00:55][debug] [sms]page:23
[2019-02-20 00:00:55][debug] [sms]client IP:118.89.52.235
[2019-02-20 00:00:55][debug] [sms]start:1550592055
[2019-02-20 00:00:57][debug] [sms]all num:10
[2019-02-20 00:00:57][debug] [sms]run num:10
[2019-02-20 00:00:57][debug] [sms]ok num:0
[2019-02-20 00:00:57][debug] [sms]no num:0
[2019-02-20 00:00:57][debug] [sms]run time:2
[2019-02-20 00:00:57][debug] [sms]end:1550592057
[2019-02-20 00:00:57][debug] [sms]page:https://bbs.sex002.xyz/plugin.php?id=tom_tchongbao:ajax&act=nitice_sms_hb_run&site=1&tongcheng_id=874&hongbao_id=79&page=24
[2019-02-20 00:00:58][debug] [sms]hongbao id:79
[2019-02-20 00:00:58][debug] [sms]page:24
[2019-02-20 00:00:58][debug] [sms]client IP:118.89.52.235
[2019-02-20 00:00:58][debug] [sms]start:1550592058
[2019-02-20 00:01:01][debug] [sms]all num:10
[2019-02-20 00:01:01][debug] [sms]run num:10
[2019-02-20 00:01:01][debug] [sms]ok num:0
[2019-02-20 00:01:01][debug] [sms]no num:0
[2019-02-20 00:01:01][debug] [sms]run time:3
[2019-02-20 00:01:01][debug] [sms]end:1550592061
[2019-02-20 00:01:01][debug] [sms]page:https://bbs.sex002.xyz/plugin.php?id=tom_tchongbao:ajax&act=nitice_sms_hb_run&site=1&tongcheng_id=874&hongbao_id=79&page=25
[2019-02-20 00:01:01][debug] [sms]hongbao id:79
[2019-02-20 00:01:01][debug] [sms]page:25
[2019-02-20 00:01:01][debug] [sms]client IP:118.89.52.235
[2019-02-20 00:01:01][debug] [sms]start:1550592061
[2019-02-20 00:01:04][debug] [sms]all num:10
[2019-02-20 00:01:04][debug] [sms]run num:10
[2019-02-20 00:01:04][debug] [sms]ok num:0
[2019-02-20 00:01:04][debug] [sms]no num:0
[2019-02-20 00:01:04][debug] [sms]run time:3
[2019-02-20 00:01:04][debug] [sms]end:1550592064
[2019-02-20 00:01:04][debug] [sms]page:https://bbs.sex002.xyz/plugin.php?id=tom_tchongbao:ajax&act=nitice_sms_hb_run&site=1&tongcheng_id=874&hongbao_id=79&page=26
[2019-02-20 00:01:04][debug] [sms]hongbao id:79
[2019-02-20 00:01:04][debug] [sms]page:26
[2019-02-20 00:01:04][debug] [sms]client IP:118.89.52.235
[2019-02-20 00:01:04][debug] [sms]start:1550592064
[2019-02-20 00:01:07][debug] [sms]all num:10
[2019-02-20 00:01:07][debug] [sms]run num:10
[2019-02-20 00:01:07][debug] [sms]ok num:0
[2019-02-20 00:01:07][debug] [sms]no num:0
[2019-02-20 00:01:07][debug] [sms]run time:3
[2019-02-20 00:01:07][debug] [sms]end:1550592067
[2019-02-20 00:01:07][debug] [sms]page:https://bbs.sex002.xyz/plugin.php?id=tom_tchongbao:ajax&act=nitice_sms_hb_run&site=1&tongcheng_id=874&hongbao_id=79&page=27
[2019-02-20 00:01:08][debug] [sms]hongbao id:79
[2019-02-20 00:01:08][debug] [sms]page:27
[2019-02-20 00:01:08][debug] [sms]client IP:118.89.52.235
[2019-02-20 00:01:08][debug] [sms]start:1550592068
[2019-02-20 00:01:11][debug] [sms]all num:10
[2019-02-20 00:01:11][debug] [sms]run num:10
[2019-02-20 00:01:11][debug] [sms]ok num:0
[2019-02-20 00:01:11][debug] [sms]no num:0
[2019-02-20 00:01:11][debug] [sms]run time:3
[2019-02-20 00:01:11][debug] [sms]end:1550592071
[2019-02-20 00:01:11][debug] [sms]page:https://bbs.sex002.xyz/plugin.php?id=tom_tchongbao:ajax&act=nitice_sms_hb_run&site=1&tongcheng_id=874&hongbao_id=79&page=28
[2019-02-20 00:01:11][debug] [sms]hongbao id:79
[2019-02-20 00:01:11][debug] [sms]page:28
[2019-02-20 00:01:11][debug] [sms]client IP:118.89.52.235
[2019-02-20 00:01:11][debug] [sms]start:1550592071
[2019-02-20 00:01:14][debug] [sms]all num:10
[2019-02-20 00:01:14][debug] [sms]run num:10
[2019-02-20 00:01:14][debug] [sms]ok num:0
[2019-02-20 00:01:14][debug] [sms]no num:0
[2019-02-20 00:01:14][debug] [sms]run time:3
[2019-02-20 00:01:14][debug] [sms]end:1550592074
[2019-02-20 00:01:14][debug] [sms]page:https://bbs.sex002.xyz/plugin.php?id=tom_tchongbao:ajax&act=nitice_sms_hb_run&site=1&tongcheng_id=874&hongbao_id=79&page=29
[2019-02-20 00:01:14][debug] [sms]hongbao id:79
[2019-02-20 00:01:14][debug] [sms]page:29
[2019-02-20 00:01:14][debug] [sms]client IP:118.89.52.235
[2019-02-20 00:01:14][debug] [sms]start:1550592074
[2019-02-20 00:01:17][debug] [sms]all num:10
[2019-02-20 00:01:17][debug] [sms]run num:10
[2019-02-20 00:01:17][debug] [sms]ok num:0
[2019-02-20 00:01:17][debug] [sms]no num:0
[2019-02-20 00:01:17][debug] [sms]run time:3
[2019-02-20 00:01:17][debug] [sms]end:1550592077
[2019-02-20 00:01:17][debug] [sms]page:https://bbs.sex002.xyz/plugin.php?id=tom_tchongbao:ajax&act=nitice_sms_hb_run&site=1&tongcheng_id=874&hongbao_id=79&page=30
[2019-02-20 00:01:17][debug] [sms]hongbao id:79
[2019-02-20 00:01:17][debug] [sms]page:30
[2019-02-20 00:01:17][debug] [sms]client IP:118.89.52.235
[2019-02-20 00:01:17][debug] [sms]start:1550592077
[2019-02-20 00:01:20][debug] [sms]all num:10
[2019-02-20 00:01:20][debug] [sms]run num:10
[2019-02-20 00:01:20][debug] [sms]ok num:0
[2019-02-20 00:01:20][debug] [sms]no num:0
[2019-02-20 00:01:20][debug] [sms]run time:3
[2019-02-20 00:01:20][debug] [sms]end:1550592080
[2019-02-20 00:01:20][debug] [sms]page:https://bbs.sex002.xyz/plugin.php?id=tom_tchongbao:ajax&act=nitice_sms_hb_run&site=1&tongcheng_id=874&hongbao_id=79&page=31
[2019-02-20 00:01:21][debug] [sms]hongbao id:79
[2019-02-20 00:01:21][debug] [sms]page:31
[2019-02-20 00:01:21][debug] [sms]client IP:118.89.52.235
[2019-02-20 00:01:21][debug] [sms]start:1550592081
[2019-02-20 00:01:24][debug] [sms]all num:10
[2019-02-20 00:01:24][debug] [sms]run num:10
[2019-02-20 00:01:24][debug] [sms]ok num:0
[2019-02-20 00:01:24][debug] [sms]no num:0
[2019-02-20 00:01:24][debug] [sms]run time:3
[2019-02-20 00:01:24][debug] [sms]end:1550592084
[2019-02-20 00:01:24][debug] [sms]page:https://bbs.sex002.xyz/plugin.php?id=tom_tchongbao:ajax&act=nitice_sms_hb_run&site=1&tongcheng_id=874&hongbao_id=79&page=32
[2019-02-20 00:01:24][debug] [sms]hongbao id:79
[2019-02-20 00:01:24][debug] [sms]page:32
[2019-02-20 00:01:24][debug] [sms]client IP:118.89.52.235
[2019-02-20 00:01:24][debug] [sms]start:1550592084
[2019-02-20 00:01:27][debug] [sms]all num:10
[2019-02-20 00:01:27][debug] [sms]run num:10
[2019-02-20 00:01:27][debug] [sms]ok num:0
[2019-02-20 00:01:27][debug] [sms]no num:0
[2019-02-20 00:01:27][debug] [sms]run time:3
[2019-02-20 00:01:27][debug] [sms]end:1550592087
[2019-02-20 00:01:27][debug] [sms]page:https://bbs.sex002.xyz/plugin.php?id=tom_tchongbao:ajax&act=nitice_sms_hb_run&site=1&tongcheng_id=874&hongbao_id=79&page=33
[2019-02-20 00:01:27][debug] [sms]hongbao id:79
[2019-02-20 00:01:27][debug] [sms]page:33
[2019-02-20 00:01:27][debug] [sms]client IP:118.89.52.235
[2019-02-20 00:01:27][debug] [sms]start:1550592087
[2019-02-20 00:01:30][debug] [sms]all num:10
[2019-02-20 00:01:30][debug] [sms]run num:10
[2019-02-20 00:01:30][debug] [sms]ok num:0
[2019-02-20 00:01:30][debug] [sms]no num:0
[2019-02-20 00:01:30][debug] [sms]run time:3
[2019-02-20 00:01:30][debug] [sms]end:1550592090
[2019-02-20 00:01:30][debug] [sms]page:https://bbs.sex002.xyz/plugin.php?id=tom_tchongbao:ajax&act=nitice_sms_hb_run&site=1&tongcheng_id=874&hongbao_id=79&page=34
[2019-02-20 00:01:30][debug] [sms]hongbao id:79
[2019-02-20 00:01:30][debug] [sms]page:34
[2019-02-20 00:01:30][debug] [sms]client IP:118.89.52.235
[2019-02-20 00:01:30][debug] [sms]start:1550592090
[2019-02-20 00:01:33][debug] [sms]all num:10
[2019-02-20 00:01:33][debug] [sms]run num:10
[2019-02-20 00:01:33][debug] [sms]ok num:0
[2019-02-20 00:01:33][debug] [sms]no num:0
[2019-02-20 00:01:33][debug] [sms]run time:3
[2019-02-20 00:01:33][debug] [sms]end:1550592093
[2019-02-20 00:01:33][debug] [sms]page:https://bbs.sex002.xyz/plugin.php?id=tom_tchongbao:ajax&act=nitice_sms_hb_run&site=1&tongcheng_id=874&hongbao_id=79&page=35
[2019-02-20 00:01:33][debug] [sms]hongbao id:79
[2019-02-20 00:01:33][debug] [sms]page:35
[2019-02-20 00:01:33][debug] [sms]client IP:118.89.52.235
[2019-02-20 00:01:33][debug] [sms]start:1550592093
[2019-02-20 00:01:36][debug] [sms]all num:10
[2019-02-20 00:01:36][debug] [sms]run num:10
[2019-02-20 00:01:36][debug] [sms]ok num:0
[2019-02-20 00:01:36][debug] [sms]no num:0
[2019-02-20 00:01:36][debug] [sms]run time:3
[2019-02-20 00:01:36][debug] [sms]end:1550592096
[2019-02-20 00:01:36][debug] [sms]page:https://bbs.sex002.xyz/plugin.php?id=tom_tchongbao:ajax&act=nitice_sms_hb_run&site=1&tongcheng_id=874&hongbao_id=79&page=36
[2019-02-20 00:01:36][debug] [sms]hongbao id:79
[2019-02-20 00:01:36][debug] [sms]page:36
[2019-02-20 00:01:36][debug] [sms]client IP:118.89.52.235
[2019-02-20 00:01:36][debug] [sms]start:1550592096
[2019-02-20 00:01:39][debug] [sms]all num:10
[2019-02-20 00:01:39][debug] [sms]run num:10
[2019-02-20 00:01:39][debug] [sms]ok num:0
[2019-02-20 00:01:39][debug] [sms]no num:0
[2019-02-20 00:01:39][debug] [sms]run time:3
[2019-02-20 00:01:39][debug] [sms]end:1550592099
[2019-02-20 00:01:39][debug] [sms]page:https://bbs.sex002.xyz/plugin.php?id=tom_tchongbao:ajax&act=nitice_sms_hb_run&site=1&tongcheng_id=874&hongbao_id=79&page=37
[2019-02-20 00:01:40][debug] [sms]hongbao id:79
[2019-02-20 00:01:40][debug] [sms]page:37
[2019-02-20 00:01:40][debug] [sms]client IP:118.89.52.235
[2019-02-20 00:01:40][debug] [sms]start:1550592100
[2019-02-20 00:01:43][debug] [sms]all num:10
[2019-02-20 00:01:43][debug] [sms]run num:10
[2019-02-20 00:01:43][debug] [sms]ok num:0
[2019-02-20 00:01:43][debug] [sms]no num:0
[2019-02-20 00:01:43][debug] [sms]run time:3
[2019-02-20 00:01:43][debug] [sms]end:1550592103
[2019-02-20 00:01:43][debug] [sms]page:https://bbs.sex002.xyz/plugin.php?id=tom_tchongbao:ajax&act=nitice_sms_hb_run&site=1&tongcheng_id=874&hongbao_id=79&page=38
[2019-02-20 00:01:43][debug] [sms]hongbao id:79
[2019-02-20 00:01:43][debug] [sms]page:38
[2019-02-20 00:01:43][debug] [sms]client IP:118.89.52.235
[2019-02-20 00:01:43][debug] [sms]start:1550592103
[2019-02-20 00:01:47][debug] [sms]all num:10
[2019-02-20 00:01:47][debug] [sms]run num:10
[2019-02-20 00:01:47][debug] [sms]ok num:0
[2019-02-20 00:01:47][debug] [sms]no num:0
[2019-02-20 00:01:47][debug] [sms]run time:4
[2019-02-20 00:01:47][debug] [sms]end:1550592107
[2019-02-20 00:01:47][debug] [sms]page:https://bbs.sex002.xyz/plugin.php?id=tom_tchongbao:ajax&act=nitice_sms_hb_run&site=1&tongcheng_id=874&hongbao_id=79&page=39
[2019-02-20 00:01:47][debug] [sms]hongbao id:79
[2019-02-20 00:01:47][debug] [sms]page:39
[2019-02-20 00:01:47][debug] [sms]client IP:118.89.52.235
[2019-02-20 00:01:47][debug] [sms]start:1550592107
[2019-02-20 00:01:50][debug] [sms]all num:10
[2019-02-20 00:01:50][debug] [sms]run num:10
[2019-02-20 00:01:50][debug] [sms]ok num:0
[2019-02-20 00:01:50][debug] [sms]no num:0
[2019-02-20 00:01:50][debug] [sms]run time:3
[2019-02-20 00:01:50][debug] [sms]end:1550592110
[2019-02-20 00:01:50][debug] [sms]page:https://bbs.sex002.xyz/plugin.php?id=tom_tchongbao:ajax&act=nitice_sms_hb_run&site=1&tongcheng_id=874&hongbao_id=79&page=40
[2019-02-20 00:01:50][debug] [sms]hongbao id:79
[2019-02-20 00:01:50][debug] [sms]page:40
[2019-02-20 00:01:50][debug] [sms]client IP:118.89.52.235
[2019-02-20 00:01:50][debug] [sms]start:1550592110
[2019-02-20 00:01:53][debug] [sms]all num:10
[2019-02-20 00:01:53][debug] [sms]run num:10
[2019-02-20 00:01:53][debug] [sms]ok num:0
[2019-02-20 00:01:53][debug] [sms]no num:0
[2019-02-20 00:01:53][debug] [sms]run time:3
[2019-02-20 00:01:53][debug] [sms]end:1550592113
[2019-02-20 00:01:53][debug] [sms]page:https://bbs.sex002.xyz/plugin.php?id=tom_tchongbao:ajax&act=nitice_sms_hb_run&site=1&tongcheng_id=874&hongbao_id=79&page=41
[2019-02-20 00:01:53][debug] [sms]hongbao id:79
[2019-02-20 00:01:53][debug] [sms]page:41
[2019-02-20 00:01:53][debug] [sms]client IP:118.89.52.235
[2019-02-20 00:01:53][debug] [sms]start:1550592113
[2019-02-20 00:01:56][debug] [sms]all num:10
[2019-02-20 00:01:56][debug] [sms]run num:10
[2019-02-20 00:01:56][debug] [sms]ok num:0
[2019-02-20 00:01:56][debug] [sms]no num:0
[2019-02-20 00:01:56][debug] [sms]run time:3
[2019-02-20 00:01:56][debug] [sms]end:1550592116
[2019-02-20 00:01:56][debug] [sms]page:https://bbs.sex002.xyz/plugin.php?id=tom_tchongbao:ajax&act=nitice_sms_hb_run&site=1&tongcheng_id=874&hongbao_id=79&page=42
[2019-02-20 00:01:57][debug] [sms]hongbao id:79
[2019-02-20 00:01:57][debug] [sms]page:42
[2019-02-20 00:01:57][debug] [sms]client IP:118.89.52.235
[2019-02-20 00:01:57][debug] [sms]start:1550592117
[2019-02-20 00:01:59][debug] [sms]all num:10
[2019-02-20 00:01:59][debug] [sms]run num:10
[2019-02-20 00:01:59][debug] [sms]ok num:0
[2019-02-20 00:01:59][debug] [sms]no num:0
[2019-02-20 00:01:59][debug] [sms]run time:2
[2019-02-20 00:01:59][debug] [sms]end:1550592119
[2019-02-20 00:01:59][debug] [sms]page:https://bbs.sex002.xyz/plugin.php?id=tom_tchongbao:ajax&act=nitice_sms_hb_run&site=1&tongcheng_id=874&hongbao_id=79&page=43
[2019-02-20 00:02:00][debug] [sms]hongbao id:79
[2019-02-20 00:02:00][debug] [sms]page:43
[2019-02-20 00:02:00][debug] [sms]client IP:118.89.52.235
[2019-02-20 00:02:00][debug] [sms]start:1550592120
[2019-02-20 00:02:02][debug] [sms]all num:10
[2019-02-20 00:02:02][debug] [sms]run num:10
[2019-02-20 00:02:02][debug] [sms]ok num:0
[2019-02-20 00:02:02][debug] [sms]no num:1
[2019-02-20 00:02:02][debug] [sms]run time:2
[2019-02-20 00:02:02][debug] [sms]end:1550592122
[2019-02-20 00:02:02][debug] [sms]page:https://bbs.sex002.xyz/plugin.php?id=tom_tchongbao:ajax&act=nitice_sms_hb_run&site=1&tongcheng_id=874&hongbao_id=79&page=44
[2019-02-20 00:02:03][debug] [sms]hongbao id:79
[2019-02-20 00:02:03][debug] [sms]page:44
[2019-02-20 00:02:03][debug] [sms]client IP:118.89.52.235
[2019-02-20 00:02:03][debug] [sms]start:1550592123
[2019-02-20 00:02:06][debug] [sms]all num:10
[2019-02-20 00:02:06][debug] [sms]run num:10
[2019-02-20 00:02:06][debug] [sms]ok num:0
[2019-02-20 00:02:06][debug] [sms]no num:0
[2019-02-20 00:02:06][debug] [sms]run time:3
[2019-02-20 00:02:06][debug] [sms]end:1550592126
[2019-02-20 00:02:06][debug] [sms]page:https://bbs.sex002.xyz/plugin.php?id=tom_tchongbao:ajax&act=nitice_sms_hb_run&site=1&tongcheng_id=874&hongbao_id=79&page=45
[2019-02-20 00:02:06][debug] [sms]hongbao id:79
[2019-02-20 00:02:06][debug] [sms]page:45
[2019-02-20 00:02:06][debug] [sms]client IP:118.89.52.235
[2019-02-20 00:02:06][debug] [sms]start:1550592126
[2019-02-20 00:02:09][debug] [sms]all num:10
[2019-02-20 00:02:09][debug] [sms]run num:10
[2019-02-20 00:02:09][debug] [sms]ok num:0
[2019-02-20 00:02:09][debug] [sms]no num:0
[2019-02-20 00:02:09][debug] [sms]run time:3
[2019-02-20 00:02:09][debug] [sms]end:1550592129
[2019-02-20 00:02:09][debug] [sms]page:https://bbs.sex002.xyz/plugin.php?id=tom_tchongbao:ajax&act=nitice_sms_hb_run&site=1&tongcheng_id=874&hongbao_id=79&page=46
[2019-02-20 00:02:09][debug] [sms]hongbao id:79
[2019-02-20 00:02:09][debug] [sms]page:46
[2019-02-20 00:02:09][debug] [sms]client IP:118.89.52.235
[2019-02-20 00:02:09][debug] [sms]start:1550592129
[2019-02-20 00:02:12][debug] [sms]all num:10
[2019-02-20 00:02:12][debug] [sms]run num:10
[2019-02-20 00:02:12][debug] [sms]ok num:0
[2019-02-20 00:02:12][debug] [sms]no num:0
[2019-02-20 00:02:12][debug] [sms]run time:3
[2019-02-20 00:02:12][debug] [sms]end:1550592132
[2019-02-20 00:02:12][debug] [sms]page:https://bbs.sex002.xyz/plugin.php?id=tom_tchongbao:ajax&act=nitice_sms_hb_run&site=1&tongcheng_id=874&hongbao_id=79&page=47
[2019-02-20 00:02:12][debug] [sms]hongbao id:79
[2019-02-20 00:02:12][debug] [sms]page:47
[2019-02-20 00:02:12][debug] [sms]client IP:118.89.52.235
[2019-02-20 00:02:12][debug] [sms]start:1550592132
[2019-02-20 00:02:15][debug] [sms]all num:10
[2019-02-20 00:02:15][debug] [sms]run num:10
[2019-02-20 00:02:15][debug] [sms]ok num:0
[2019-02-20 00:02:15][debug] [sms]no num:0
[2019-02-20 00:02:15][debug] [sms]run time:3
[2019-02-20 00:02:15][debug] [sms]end:1550592135
[2019-02-20 00:02:15][debug] [sms]page:https://bbs.sex002.xyz/plugin.php?id=tom_tchongbao:ajax&act=nitice_sms_hb_run&site=1&tongcheng_id=874&hongbao_id=79&page=48
[2019-02-20 00:02:15][debug] [sms]hongbao id:79
[2019-02-20 00:02:15][debug] [sms]page:48
[2019-02-20 00:02:15][debug] [sms]client IP:118.89.52.235
[2019-02-20 00:02:15][debug] [sms]start:1550592135
[2019-02-20 00:02:19][debug] [sms]all num:10
[2019-02-20 00:02:19][debug] [sms]run num:10
[2019-02-20 00:02:19][debug] [sms]ok num:0
[2019-02-20 00:02:19][debug] [sms]no num:0
[2019-02-20 00:02:19][debug] [sms]run time:4
[2019-02-20 00:02:19][debug] [sms]end:1550592139
[2019-02-20 00:02:19][debug] [sms]page:https://bbs.sex002.xyz/plugin.php?id=tom_tchongbao:ajax&act=nitice_sms_hb_run&site=1&tongcheng_id=874&hongbao_id=79&page=49
[2019-02-20 00:02:19][debug] [sms]hongbao id:79
[2019-02-20 00:02:19][debug] [sms]page:49
[2019-02-20 00:02:19][debug] [sms]client IP:118.89.52.235
[2019-02-20 00:02:19][debug] [sms]start:1550592139
[2019-02-20 00:02:22][debug] [sms]all num:10
[2019-02-20 00:02:22][debug] [sms]run num:10
[2019-02-20 00:02:22][debug] [sms]ok num:0
[2019-02-20 00:02:22][debug] [sms]no num:0
[2019-02-20 00:02:22][debug] [sms]run time:3
[2019-02-20 00:02:22][debug] [sms]end:1550592142
[2019-02-20 00:02:22][debug] [sms]page:https://bbs.sex002.xyz/plugin.php?id=tom_tchongbao:ajax&act=nitice_sms_hb_run&site=1&tongcheng_id=874&hongbao_id=79&page=50
[2019-02-20 00:02:22][debug] [sms]hongbao id:79
[2019-02-20 00:02:22][debug] [sms]page:50
[2019-02-20 00:02:22][debug] [sms]client IP:118.89.52.235
[2019-02-20 00:02:22][debug] [sms]start:1550592142
[2019-02-20 00:02:25][debug] [sms]all num:10
[2019-02-20 00:02:25][debug] [sms]run num:10
[2019-02-20 00:02:25][debug] [sms]ok num:0
[2019-02-20 00:02:25][debug] [sms]no num:0
[2019-02-20 00:02:25][debug] [sms]run time:3
[2019-02-20 00:02:25][debug] [sms]end:1550592145
[2019-02-20 00:02:25][debug] [sms]page:https://bbs.sex002.xyz/plugin.php?id=tom_tchongbao:ajax&act=nitice_sms_hb_run&site=1&tongcheng_id=874&hongbao_id=79&page=51
[2019-02-20 00:02:25][debug] [sms]hongbao id:79
[2019-02-20 00:02:25][debug] [sms]page:51
[2019-02-20 00:02:25][debug] [sms]client IP:118.89.52.235
[2019-02-20 00:02:25][debug] [sms]start:1550592145
[2019-02-20 00:02:28][debug] [sms]all num:10
[2019-02-20 00:02:28][debug] [sms]run num:10
[2019-02-20 00:02:28][debug] [sms]ok num:0
[2019-02-20 00:02:28][debug] [sms]no num:0
[2019-02-20 00:02:28][debug] [sms]run time:3
[2019-02-20 00:02:28][debug] [sms]end:1550592148
[2019-02-20 00:02:28][debug] [sms]page:https://bbs.sex002.xyz/plugin.php?id=tom_tchongbao:ajax&act=nitice_sms_hb_run&site=1&tongcheng_id=874&hongbao_id=79&page=52
[2019-02-20 00:02:28][debug] [sms]hongbao id:79
[2019-02-20 00:02:28][debug] [sms]page:52
[2019-02-20 00:02:28][debug] [sms]client IP:118.89.52.235
[2019-02-20 00:02:28][debug] [sms]start:1550592148
[2019-02-20 00:02:31][debug] [sms]all num:10
[2019-02-20 00:02:31][debug] [sms]run num:10
[2019-02-20 00:02:31][debug] [sms]ok num:0
[2019-02-20 00:02:31][debug] [sms]no num:0
[2019-02-20 00:02:31][debug] [sms]run time:3
[2019-02-20 00:02:31][debug] [sms]end:1550592151
[2019-02-20 00:02:31][debug] [sms]page:https://bbs.sex002.xyz/plugin.php?id=tom_tchongbao:ajax&act=nitice_sms_hb_run&site=1&tongcheng_id=874&hongbao_id=79&page=53
[2019-02-20 00:02:31][debug] [sms]hongbao id:79
[2019-02-20 00:02:31][debug] [sms]page:53
[2019-02-20 00:02:31][debug] [sms]client IP:118.89.52.235
[2019-02-20 00:02:31][debug] [sms]start:1550592151
[2019-02-20 00:02:35][debug] [sms]all num:10
[2019-02-20 00:02:35][debug] [sms]run num:10
[2019-02-20 00:02:35][debug] [sms]ok num:0
[2019-02-20 00:02:35][debug] [sms]no num:0
[2019-02-20 00:02:35][debug] [sms]run time:4
[2019-02-20 00:02:35][debug] [sms]end:1550592155
[2019-02-20 00:02:35][debug] [sms]page:https://bbs.sex002.xyz/plugin.php?id=tom_tchongbao:ajax&act=nitice_sms_hb_run&site=1&tongcheng_id=874&hongbao_id=79&page=54
[2019-02-20 00:02:35][debug] [sms]hongbao id:79
[2019-02-20 00:02:35][debug] [sms]page:54
[2019-02-20 00:02:35][debug] [sms]client IP:118.89.52.235
[2019-02-20 00:02:35][debug] [sms]start:1550592155
[2019-02-20 00:02:38][debug] [sms]all num:10
[2019-02-20 00:02:38][debug] [sms]run num:10
[2019-02-20 00:02:38][debug] [sms]ok num:0
[2019-02-20 00:02:38][debug] [sms]no num:0
[2019-02-20 00:02:38][debug] [sms]run time:3
[2019-02-20 00:02:38][debug] [sms]end:1550592158
[2019-02-20 00:02:38][debug] [sms]page:https://bbs.sex002.xyz/plugin.php?id=tom_tchongbao:ajax&act=nitice_sms_hb_run&site=1&tongcheng_id=874&hongbao_id=79&page=55
[2019-02-20 00:02:38][debug] [sms]hongbao id:79
[2019-02-20 00:02:38][debug] [sms]page:55
[2019-02-20 00:02:38][debug] [sms]client IP:118.89.52.235
[2019-02-20 00:02:38][debug] [sms]start:1550592158
[2019-02-20 00:02:41][debug] [sms]all num:10
[2019-02-20 00:02:41][debug] [sms]run num:10
[2019-02-20 00:02:41][debug] [sms]ok num:0
[2019-02-20 00:02:41][debug] [sms]no num:0
[2019-02-20 00:02:41][debug] [sms]run time:3
[2019-02-20 00:02:41][debug] [sms]end:1550592161
[2019-02-20 00:02:41][debug] [sms]page:https://bbs.sex002.xyz/plugin.php?id=tom_tchongbao:ajax&act=nitice_sms_hb_run&site=1&tongcheng_id=874&hongbao_id=79&page=56
[2019-02-20 00:02:41][debug] [sms]hongbao id:79
[2019-02-20 00:02:41][debug] [sms]page:56
[2019-02-20 00:02:41][debug] [sms]client IP:118.89.52.235
[2019-02-20 00:02:41][debug] [sms]start:1550592161
[2019-02-20 00:02:45][debug] [sms]all num:10
[2019-02-20 00:02:45][debug] [sms]run num:10
[2019-02-20 00:02:45][debug] [sms]ok num:0
[2019-02-20 00:02:45][debug] [sms]no num:0
[2019-02-20 00:02:45][debug] [sms]run time:4
[2019-02-20 00:02:45][debug] [sms]end:1550592165
[2019-02-20 00:02:45][debug] [sms]page:https://bbs.sex002.xyz/plugin.php?id=tom_tchongbao:ajax&act=nitice_sms_hb_run&site=1&tongcheng_id=874&hongbao_id=79&page=57
[2019-02-20 00:02:45][debug] [sms]hongbao id:79
[2019-02-20 00:02:45][debug] [sms]page:57
[2019-02-20 00:02:45][debug] [sms]client IP:118.89.52.235
[2019-02-20 00:02:45][debug] [sms]start:1550592165
[2019-02-20 00:02:48][debug] [sms]all num:10
[2019-02-20 00:02:48][debug] [sms]run num:10
[2019-02-20 00:02:48][debug] [sms]ok num:0
[2019-02-20 00:02:48][debug] [sms]no num:0
[2019-02-20 00:02:48][debug] [sms]run time:3
[2019-02-20 00:02:48][debug] [sms]end:1550592168
[2019-02-20 00:02:48][debug] [sms]page:https://bbs.sex002.xyz/plugin.php?id=tom_tchongbao:ajax&act=nitice_sms_hb_run&site=1&tongcheng_id=874&hongbao_id=79&page=58
[2019-02-20 00:02:48][debug] [sms]hongbao id:79
[2019-02-20 00:02:48][debug] [sms]page:58
[2019-02-20 00:02:48][debug] [sms]client IP:118.89.52.235
[2019-02-20 00:02:48][debug] [sms]start:1550592168
[2019-02-20 00:02:51][debug] [sms]all num:10
[2019-02-20 00:02:51][debug] [sms]run num:10
[2019-02-20 00:02:51][debug] [sms]ok num:0
[2019-02-20 00:02:51][debug] [sms]no num:0
[2019-02-20 00:02:51][debug] [sms]run time:3
[2019-02-20 00:02:51][debug] [sms]end:1550592171
[2019-02-20 00:02:51][debug] [sms]page:https://bbs.sex002.xyz/plugin.php?id=tom_tchongbao:ajax&act=nitice_sms_hb_run&site=1&tongcheng_id=874&hongbao_id=79&page=59
[2019-02-20 00:02:52][debug] [sms]hongbao id:79
[2019-02-20 00:02:52][debug] [sms]page:59
[2019-02-20 00:02:52][debug] [sms]client IP:118.89.52.235
[2019-02-20 00:02:52][debug] [sms]start:1550592172
[2019-02-20 00:02:55][debug] [sms]all num:10
[2019-02-20 00:02:55][debug] [sms]run num:10
[2019-02-20 00:02:55][debug] [sms]ok num:0
[2019-02-20 00:02:55][debug] [sms]no num:0
[2019-02-20 00:02:55][debug] [sms]run time:3
[2019-02-20 00:02:55][debug] [sms]end:1550592175
[2019-02-20 00:02:55][debug] [sms]page:https://bbs.sex002.xyz/plugin.php?id=tom_tchongbao:ajax&act=nitice_sms_hb_run&site=1&tongcheng_id=874&hongbao_id=79&page=60
[2019-02-20 00:02:55][debug] [sms]hongbao id:79
[2019-02-20 00:02:55][debug] [sms]page:60
[2019-02-20 00:02:55][debug] [sms]client IP:118.89.52.235
[2019-02-20 00:02:55][debug] [sms]start:1550592175
[2019-02-20 00:02:58][debug] [sms]all num:10
[2019-02-20 00:02:58][debug] [sms]run num:10
[2019-02-20 00:02:58][debug] [sms]ok num:0
[2019-02-20 00:02:58][debug] [sms]no num:0
[2019-02-20 00:02:58][debug] [sms]run time:3
[2019-02-20 00:02:58][debug] [sms]end:1550592178
[2019-02-20 00:02:58][debug] [sms]page:https://bbs.sex002.xyz/plugin.php?id=tom_tchongbao:ajax&act=nitice_sms_hb_run&site=1&tongcheng_id=874&hongbao_id=79&page=61
[2019-02-20 00:02:58][debug] [sms]hongbao id:79
[2019-02-20 00:02:58][debug] [sms]page:61
[2019-02-20 00:02:58][debug] [sms]client IP:118.89.52.235
[2019-02-20 00:02:58][debug] [sms]start:1550592178
[2019-02-20 00:03:01][debug] [sms]all num:10
[2019-02-20 00:03:01][debug] [sms]run num:10
[2019-02-20 00:03:01][debug] [sms]ok num:0
[2019-02-20 00:03:01][debug] [sms]no num:0
[2019-02-20 00:03:01][debug] [sms]run time:3
[2019-02-20 00:03:01][debug] [sms]end:1550592181
[2019-02-20 00:03:01][debug] [sms]page:https://bbs.sex002.xyz/plugin.php?id=tom_tchongbao:ajax&act=nitice_sms_hb_run&site=1&tongcheng_id=874&hongbao_id=79&page=62
[2019-02-20 00:03:02][debug] [sms]hongbao id:79
[2019-02-20 00:03:02][debug] [sms]page:62
[2019-02-20 00:03:02][debug] [sms]client IP:118.89.52.235
[2019-02-20 00:03:02][debug] [sms]start:1550592182
[2019-02-20 00:03:05][debug] [sms]all num:10
[2019-02-20 00:03:05][debug] [sms]run num:10
[2019-02-20 00:03:05][debug] [sms]ok num:0
[2019-02-20 00:03:05][debug] [sms]no num:0
[2019-02-20 00:03:05][debug] [sms]run time:3
[2019-02-20 00:03:05][debug] [sms]end:1550592185
[2019-02-20 00:03:05][debug] [sms]page:https://bbs.sex002.xyz/plugin.php?id=tom_tchongbao:ajax&act=nitice_sms_hb_run&site=1&tongcheng_id=874&hongbao_id=79&page=63
[2019-02-20 00:03:05][debug] [sms]hongbao id:79
[2019-02-20 00:03:05][debug] [sms]page:63
[2019-02-20 00:03:05][debug] [sms]client IP:118.89.52.235
[2019-02-20 00:03:05][debug] [sms]start:1550592185
[2019-02-20 00:03:08][debug] [sms]all num:10
[2019-02-20 00:03:08][debug] [sms]run num:10
[2019-02-20 00:03:08][debug] [sms]ok num:0
[2019-02-20 00:03:08][debug] [sms]no num:0
[2019-02-20 00:03:08][debug] [sms]run time:3
[2019-02-20 00:03:08][debug] [sms]end:1550592188
[2019-02-20 00:03:08][debug] [sms]page:https://bbs.sex002.xyz/plugin.php?id=tom_tchongbao:ajax&act=nitice_sms_hb_run&site=1&tongcheng_id=874&hongbao_id=79&page=64
[2019-02-20 00:03:08][debug] [sms]hongbao id:79
[2019-02-20 00:03:08][debug] [sms]page:64
[2019-02-20 00:03:08][debug] [sms]client IP:118.89.52.235
[2019-02-20 00:03:08][debug] [sms]start:1550592188
[2019-02-20 00:03:11][debug] [sms]all num:10
[2019-02-20 00:03:11][debug] [sms]run num:10
[2019-02-20 00:03:11][debug] [sms]ok num:0
[2019-02-20 00:03:11][debug] [sms]no num:0
[2019-02-20 00:03:11][debug] [sms]run time:3
[2019-02-20 00:03:11][debug] [sms]end:1550592191
[2019-02-20 00:03:11][debug] [sms]page:https://bbs.sex002.xyz/plugin.php?id=tom_tchongbao:ajax&act=nitice_sms_hb_run&site=1&tongcheng_id=874&hongbao_id=79&page=65
[2019-02-20 00:03:12][debug] [sms]hongbao id:79
[2019-02-20 00:03:12][debug] [sms]page:65
[2019-02-20 00:03:12][debug] [sms]client IP:118.89.52.235
[2019-02-20 00:03:12][debug] [sms]start:1550592192
[2019-02-20 00:03:15][debug] [sms]all num:10
[2019-02-20 00:03:15][debug] [sms]run num:10
[2019-02-20 00:03:15][debug] [sms]ok num:0
[2019-02-20 00:03:15][debug] [sms]no num:0
[2019-02-20 00:03:15][debug] [sms]run time:3
[2019-02-20 00:03:15][debug] [sms]end:1550592195
[2019-02-20 00:03:15][debug] [sms]page:https://bbs.sex002.xyz/plugin.php?id=tom_tchongbao:ajax&act=nitice_sms_hb_run&site=1&tongcheng_id=874&hongbao_id=79&page=66
[2019-02-20 00:03:15][debug] [sms]hongbao id:79
[2019-02-20 00:03:15][debug] [sms]page:66
[2019-02-20 00:03:15][debug] [sms]client IP:118.89.52.235
[2019-02-20 00:03:15][debug] [sms]start:1550592195
[2019-02-20 00:03:18][debug] [sms]all num:10
[2019-02-20 00:03:18][debug] [sms]run num:10
[2019-02-20 00:03:18][debug] [sms]ok num:0
[2019-02-20 00:03:18][debug] [sms]no num:0
[2019-02-20 00:03:18][debug] [sms]run time:3
[2019-02-20 00:03:18][debug] [sms]end:1550592198
[2019-02-20 00:03:18][debug] [sms]page:https://bbs.sex002.xyz/plugin.php?id=tom_tchongbao:ajax&act=nitice_sms_hb_run&site=1&tongcheng_id=874&hongbao_id=79&page=67
[2019-02-20 00:03:18][debug] [sms]hongbao id:79
[2019-02-20 00:03:18][debug] [sms]page:67
[2019-02-20 00:03:18][debug] [sms]client IP:118.89.52.235
[2019-02-20 00:03:18][debug] [sms]start:1550592198
[2019-02-20 00:03:21][debug] [sms]all num:10
[2019-02-20 00:03:21][debug] [sms]run num:10
[2019-02-20 00:03:21][debug] [sms]ok num:0
[2019-02-20 00:03:21][debug] [sms]no num:0
[2019-02-20 00:03:21][debug] [sms]run time:3
[2019-02-20 00:03:21][debug] [sms]end:1550592201
[2019-02-20 00:03:21][debug] [sms]page:https://bbs.sex002.xyz/plugin.php?id=tom_tchongbao:ajax&act=nitice_sms_hb_run&site=1&tongcheng_id=874&hongbao_id=79&page=68
[2019-02-20 00:03:21][debug] [sms]hongbao id:79
[2019-02-20 00:03:21][debug] [sms]page:68
[2019-02-20 00:03:21][debug] [sms]client IP:118.89.52.235
[2019-02-20 00:03:21][debug] [sms]start:1550592201
[2019-02-20 00:03:24][debug] [sms]all num:10
[2019-02-20 00:03:24][debug] [sms]run num:10
[2019-02-20 00:03:24][debug] [sms]ok num:0
[2019-02-20 00:03:24][debug] [sms]no num:0
[2019-02-20 00:03:24][debug] [sms]run time:3
[2019-02-20 00:03:24][debug] [sms]end:1550592204
[2019-02-20 00:03:24][debug] [sms]page:https://bbs.sex002.xyz/plugin.php?id=tom_tchongbao:ajax&act=nitice_sms_hb_run&site=1&tongcheng_id=874&hongbao_id=79&page=69
[2019-02-20 00:03:25][debug] [sms]hongbao id:79
[2019-02-20 00:03:25][debug] [sms]page:69
[2019-02-20 00:03:25][debug] [sms]client IP:118.89.52.235
[2019-02-20 00:03:25][debug] [sms]start:1550592205
[2019-02-20 00:03:28][debug] [sms]all num:10
[2019-02-20 00:03:28][debug] [sms]run num:10
[2019-02-20 00:03:28][debug] [sms]ok num:0
[2019-02-20 00:03:28][debug] [sms]no num:0
[2019-02-20 00:03:28][debug] [sms]run time:3
[2019-02-20 00:03:28][debug] [sms]end:1550592208
[2019-02-20 00:03:28][debug] [sms]page:https://bbs.sex002.xyz/plugin.php?id=tom_tchongbao:ajax&act=nitice_sms_hb_run&site=1&tongcheng_id=874&hongbao_id=79&page=70
[2019-02-20 00:03:28][debug] [sms]hongbao id:79
[2019-02-20 00:03:28][debug] [sms]page:70
[2019-02-20 00:03:28][debug] [sms]client IP:118.89.52.235
[2019-02-20 00:03:28][debug] [sms]start:1550592208
[2019-02-20 00:03:31][debug] [sms]all num:10
[2019-02-20 00:03:31][debug] [sms]run num:10
[2019-02-20 00:03:31][debug] [sms]ok num:0
[2019-02-20 00:03:31][debug] [sms]no num:0
[2019-02-20 00:03:31][debug] [sms]run time:3
[2019-02-20 00:03:31][debug] [sms]end:1550592211
[2019-02-20 00:03:31][debug] [sms]page:https://bbs.sex002.xyz/plugin.php?id=tom_tchongbao:ajax&act=nitice_sms_hb_run&site=1&tongcheng_id=874&hongbao_id=79&page=71
[2019-02-20 00:03:31][debug] [sms]hongbao id:79
[2019-02-20 00:03:31][debug] [sms]page:71
[2019-02-20 00:03:31][debug] [sms]client IP:118.89.52.235
[2019-02-20 00:03:31][debug] [sms]start:1550592211
[2019-02-20 00:03:34][debug] [sms]all num:10
[2019-02-20 00:03:34][debug] [sms]run num:10
[2019-02-20 00:03:34][debug] [sms]ok num:0
[2019-02-20 00:03:34][debug] [sms]no num:0
[2019-02-20 00:03:34][debug] [sms]run time:3
[2019-02-20 00:03:34][debug] [sms]end:1550592214
[2019-02-20 00:03:34][debug] [sms]page:https://bbs.sex002.xyz/plugin.php?id=tom_tchongbao:ajax&act=nitice_sms_hb_run&site=1&tongcheng_id=874&hongbao_id=79&page=72
[2019-02-20 00:03:34][debug] [sms]hongbao id:79
[2019-02-20 00:03:34][debug] [sms]page:72
[2019-02-20 00:03:34][debug] [sms]client IP:118.89.52.235
[2019-02-20 00:03:34][debug] [sms]start:1550592214
[2019-02-20 00:03:37][debug] [sms]all num:10
[2019-02-20 00:03:37][debug] [sms]run num:10
[2019-02-20 00:03:37][debug] [sms]ok num:0
[2019-02-20 00:03:37][debug] [sms]no num:0
[2019-02-20 00:03:37][debug] [sms]run time:3
[2019-02-20 00:03:37][debug] [sms]end:1550592217
[2019-02-20 00:03:37][debug] [sms]page:https://bbs.sex002.xyz/plugin.php?id=tom_tchongbao:ajax&act=nitice_sms_hb_run&site=1&tongcheng_id=874&hongbao_id=79&page=73
[2019-02-20 00:03:38][debug] [sms]hongbao id:79
[2019-02-20 00:03:38][debug] [sms]page:73
[2019-02-20 00:03:38][debug] [sms]client IP:118.89.52.235
[2019-02-20 00:03:38][debug] [sms]start:1550592218
[2019-02-20 00:03:41][debug] [sms]all num:10
[2019-02-20 00:03:41][debug] [sms]run num:10
[2019-02-20 00:03:41][debug] [sms]ok num:0
[2019-02-20 00:03:41][debug] [sms]no num:0
[2019-02-20 00:03:41][debug] [sms]run time:3
[2019-02-20 00:03:41][debug] [sms]end:1550592221
[2019-02-20 00:03:41][debug] [sms]page:https://bbs.sex002.xyz/plugin.php?id=tom_tchongbao:ajax&act=nitice_sms_hb_run&site=1&tongcheng_id=874&hongbao_id=79&page=74
[2019-02-20 00:03:41][debug] [sms]hongbao id:79
[2019-02-20 00:03:41][debug] [sms]page:74
[2019-02-20 00:03:41][debug] [sms]client IP:118.89.52.235
[2019-02-20 00:03:41][debug] [sms]start:1550592221
[2019-02-20 00:03:44][debug] [sms]all num:10
[2019-02-20 00:03:44][debug] [sms]run num:10
[2019-02-20 00:03:44][debug] [sms]ok num:0
[2019-02-20 00:03:44][debug] [sms]no num:0
[2019-02-20 00:03:44][debug] [sms]run time:3
[2019-02-20 00:03:44][debug] [sms]end:1550592224
[2019-02-20 00:03:44][debug] [sms]page:https://bbs.sex002.xyz/plugin.php?id=tom_tchongbao:ajax&act=nitice_sms_hb_run&site=1&tongcheng_id=874&hongbao_id=79&page=75
[2019-02-20 00:03:44][debug] [sms]hongbao id:79
[2019-02-20 00:03:44][debug] [sms]page:75
[2019-02-20 00:03:44][debug] [sms]client IP:118.89.52.235
[2019-02-20 00:03:44][debug] [sms]start:1550592224
[2019-02-20 00:03:48][debug] [sms]all num:10
[2019-02-20 00:03:48][debug] [sms]run num:10
[2019-02-20 00:03:48][debug] [sms]ok num:0
[2019-02-20 00:03:48][debug] [sms]no num:0
[2019-02-20 00:03:48][debug] [sms]run time:4
[2019-02-20 00:03:48][debug] [sms]end:1550592228
[2019-02-20 00:03:48][debug] [sms]page:https://bbs.sex002.xyz/plugin.php?id=tom_tchongbao:ajax&act=nitice_sms_hb_run&site=1&tongcheng_id=874&hongbao_id=79&page=76
[2019-02-20 00:03:48][debug] [sms]hongbao id:79
[2019-02-20 00:03:48][debug] [sms]page:76
[2019-02-20 00:03:48][debug] [sms]client IP:118.89.52.235
[2019-02-20 00:03:48][debug] [sms]start:1550592228
[2019-02-20 00:03:51][debug] [sms]all num:10
[2019-02-20 00:03:51][debug] [sms]run num:10
[2019-02-20 00:03:51][debug] [sms]ok num:0
[2019-02-20 00:03:51][debug] [sms]no num:0
[2019-02-20 00:03:51][debug] [sms]run time:3
[2019-02-20 00:03:51][debug] [sms]end:1550592231
[2019-02-20 00:03:51][debug] [sms]page:https://bbs.sex002.xyz/plugin.php?id=tom_tchongbao:ajax&act=nitice_sms_hb_run&site=1&tongcheng_id=874&hongbao_id=79&page=77
[2019-02-20 00:03:51][debug] [sms]hongbao id:79
[2019-02-20 00:03:51][debug] [sms]page:77
[2019-02-20 00:03:51][debug] [sms]client IP:118.89.52.235
[2019-02-20 00:03:51][debug] [sms]start:1550592231
[2019-02-20 00:03:54][debug] [sms]all num:10
[2019-02-20 00:03:54][debug] [sms]run num:10
[2019-02-20 00:03:54][debug] [sms]ok num:0
[2019-02-20 00:03:54][debug] [sms]no num:0
[2019-02-20 00:03:54][debug] [sms]run time:3
[2019-02-20 00:03:54][debug] [sms]end:1550592234
[2019-02-20 00:03:54][debug] [sms]page:https://bbs.sex002.xyz/plugin.php?id=tom_tchongbao:ajax&act=nitice_sms_hb_run&site=1&tongcheng_id=874&hongbao_id=79&page=78
[2019-02-20 00:03:54][debug] [sms]hongbao id:79
[2019-02-20 00:03:54][debug] [sms]page:78
[2019-02-20 00:03:54][debug] [sms]client IP:118.89.52.235
[2019-02-20 00:03:54][debug] [sms]start:1550592234
[2019-02-20 00:03:57][debug] [sms]all num:10
[2019-02-20 00:03:57][debug] [sms]run num:10
[2019-02-20 00:03:57][debug] [sms]ok num:0
[2019-02-20 00:03:57][debug] [sms]no num:0
[2019-02-20 00:03:57][debug] [sms]run time:3
[2019-02-20 00:03:57][debug] [sms]end:1550592237
[2019-02-20 00:03:57][debug] [sms]page:https://bbs.sex002.xyz/plugin.php?id=tom_tchongbao:ajax&act=nitice_sms_hb_run&site=1&tongcheng_id=874&hongbao_id=79&page=79
[2019-02-20 00:03:57][debug] [sms]hongbao id:79
[2019-02-20 00:03:57][debug] [sms]page:79
[2019-02-20 00:03:57][debug] [sms]client IP:118.89.52.235
[2019-02-20 00:03:57][debug] [sms]start:1550592237
[2019-02-20 00:04:01][debug] [sms]all num:10
[2019-02-20 00:04:01][debug] [sms]run num:10
[2019-02-20 00:04:01][debug] [sms]ok num:0
[2019-02-20 00:04:01][debug] [sms]no num:0
[2019-02-20 00:04:01][debug] [sms]run time:4
[2019-02-20 00:04:01][debug] [sms]end:1550592241
[2019-02-20 00:04:01][debug] [sms]page:https://bbs.sex002.xyz/plugin.php?id=tom_tchongbao:ajax&act=nitice_sms_hb_run&site=1&tongcheng_id=874&hongbao_id=79&page=80
[2019-02-20 00:04:01][debug] [sms]hongbao id:79
[2019-02-20 00:04:01][debug] [sms]page:80
[2019-02-20 00:04:01][debug] [sms]client IP:118.89.52.235
[2019-02-20 00:04:01][debug] [sms]start:1550592241
[2019-02-20 00:04:04][debug] [sms]all num:10
[2019-02-20 00:04:04][debug] [sms]run num:10
[2019-02-20 00:04:04][debug] [sms]ok num:0
[2019-02-20 00:04:04][debug] [sms]no num:0
[2019-02-20 00:04:04][debug] [sms]run time:3
[2019-02-20 00:04:04][debug] [sms]end:1550592244
[2019-02-20 00:04:04][debug] [sms]page:https://bbs.sex002.xyz/plugin.php?id=tom_tchongbao:ajax&act=nitice_sms_hb_run&site=1&tongcheng_id=874&hongbao_id=79&page=81
[2019-02-20 00:04:04][debug] [sms]hongbao id:79
[2019-02-20 00:04:04][debug] [sms]page:81
[2019-02-20 00:04:04][debug] [sms]client IP:118.89.52.235
[2019-02-20 00:04:04][debug] [sms]start:1550592244
[2019-02-20 00:04:07][debug] [sms]all num:10
[2019-02-20 00:04:07][debug] [sms]run num:10
[2019-02-20 00:04:07][debug] [sms]ok num:0
[2019-02-20 00:04:07][debug] [sms]no num:0
[2019-02-20 00:04:07][debug] [sms]run time:3
[2019-02-20 00:04:07][debug] [sms]end:1550592247
[2019-02-20 00:04:07][debug] [sms]page:https://bbs.sex002.xyz/plugin.php?id=tom_tchongbao:ajax&act=nitice_sms_hb_run&site=1&tongcheng_id=874&hongbao_id=79&page=82
[2019-02-20 00:04:07][debug] [sms]hongbao id:79
[2019-02-20 00:04:07][debug] [sms]page:82
[2019-02-20 00:04:07][debug] [sms]client IP:118.89.52.235
[2019-02-20 00:04:07][debug] [sms]start:1550592247
[2019-02-20 00:04:10][debug] [sms]all num:10
[2019-02-20 00:04:10][debug] [sms]run num:10
[2019-02-20 00:04:10][debug] [sms]ok num:0
[2019-02-20 00:04:10][debug] [sms]no num:0
[2019-02-20 00:04:10][debug] [sms]run time:3
[2019-02-20 00:04:10][debug] [sms]end:1550592250
[2019-02-20 00:04:10][debug] [sms]page:https://bbs.sex002.xyz/plugin.php?id=tom_tchongbao:ajax&act=nitice_sms_hb_run&site=1&tongcheng_id=874&hongbao_id=79&page=83
[2019-02-20 00:04:10][debug] [sms]hongbao id:79
[2019-02-20 00:04:10][debug] [sms]page:83
[2019-02-20 00:04:10][debug] [sms]client IP:118.89.52.235
[2019-02-20 00:04:10][debug] [sms]start:1550592250
[2019-02-20 00:04:14][debug] [sms]all num:10
[2019-02-20 00:04:14][debug] [sms]run num:10
[2019-02-20 00:04:14][debug] [sms]ok num:0
[2019-02-20 00:04:14][debug] [sms]no num:0
[2019-02-20 00:04:14][debug] [sms]run time:4
[2019-02-20 00:04:14][debug] [sms]end:1550592254
[2019-02-20 00:04:14][debug] [sms]page:https://bbs.sex002.xyz/plugin.php?id=tom_tchongbao:ajax&act=nitice_sms_hb_run&site=1&tongcheng_id=874&hongbao_id=79&page=84
[2019-02-20 00:04:14][debug] [sms]hongbao id:79
[2019-02-20 00:04:14][debug] [sms]page:84
[2019-02-20 00:04:14][debug] [sms]client IP:118.89.52.235
[2019-02-20 00:04:14][debug] [sms]start:1550592254
[2019-02-20 00:04:17][debug] [sms]all num:10
[2019-02-20 00:04:17][debug] [sms]run num:10
[2019-02-20 00:04:17][debug] [sms]ok num:0
[2019-02-20 00:04:17][debug] [sms]no num:0
[2019-02-20 00:04:17][debug] [sms]run time:3
[2019-02-20 00:04:17][debug] [sms]end:1550592257
[2019-02-20 00:04:17][debug] [sms]page:https://bbs.sex002.xyz/plugin.php?id=tom_tchongbao:ajax&act=nitice_sms_hb_run&site=1&tongcheng_id=874&hongbao_id=79&page=85
[2019-02-20 00:04:17][debug] [sms]hongbao id:79
[2019-02-20 00:04:17][debug] [sms]page:85
[2019-02-20 00:04:17][debug] [sms]client IP:118.89.52.235
[2019-02-20 00:04:17][debug] [sms]start:1550592257
[2019-02-20 00:04:21][debug] [sms]all num:10
[2019-02-20 00:04:21][debug] [sms]run num:10
[2019-02-20 00:04:21][debug] [sms]ok num:0
[2019-02-20 00:04:21][debug] [sms]no num:0
[2019-02-20 00:04:21][debug] [sms]run time:4
[2019-02-20 00:04:21][debug] [sms]end:1550592261
[2019-02-20 00:04:21][debug] [sms]page:https://bbs.sex002.xyz/plugin.php?id=tom_tchongbao:ajax&act=nitice_sms_hb_run&site=1&tongcheng_id=874&hongbao_id=79&page=86
[2019-02-20 00:04:21][debug] [sms]hongbao id:79
[2019-02-20 00:04:21][debug] [sms]page:86
[2019-02-20 00:04:21][debug] [sms]client IP:118.89.52.235
[2019-02-20 00:04:21][debug] [sms]start:1550592261
[2019-02-20 00:04:24][debug] [sms]all num:10
[2019-02-20 00:04:24][debug] [sms]run num:10
[2019-02-20 00:04:24][debug] [sms]ok num:0
[2019-02-20 00:04:24][debug] [sms]no num:0
[2019-02-20 00:04:24][debug] [sms]run time:3
[2019-02-20 00:04:24][debug] [sms]end:1550592264
[2019-02-20 00:04:24][debug] [sms]page:https://bbs.sex002.xyz/plugin.php?id=tom_tchongbao:ajax&act=nitice_sms_hb_run&site=1&tongcheng_id=874&hongbao_id=79&page=87
[2019-02-20 00:04:24][debug] [sms]hongbao id:79
[2019-02-20 00:04:24][debug] [sms]page:87
[2019-02-20 00:04:24][debug] [sms]client IP:118.89.52.235
[2019-02-20 00:04:24][debug] [sms]start:1550592264
[2019-02-20 00:04:28][debug] [sms]all num:10
[2019-02-20 00:04:28][debug] [sms]run num:10
[2019-02-20 00:04:28][debug] [sms]ok num:0
[2019-02-20 00:04:28][debug] [sms]no num:0
[2019-02-20 00:04:28][debug] [sms]run time:4
[2019-02-20 00:04:28][debug] [sms]end:1550592268
[2019-02-20 00:04:28][debug] [sms]page:https://bbs.sex002.xyz/plugin.php?id=tom_tchongbao:ajax&act=nitice_sms_hb_run&site=1&tongcheng_id=874&hongbao_id=79&page=88
[2019-02-20 00:04:28][debug] [sms]hongbao id:79
[2019-02-20 00:04:28][debug] [sms]page:88
[2019-02-20 00:04:28][debug] [sms]client IP:118.89.52.235
[2019-02-20 00:04:28][debug] [sms]start:1550592268
[2019-02-20 00:04:31][debug] [sms]all num:10
[2019-02-20 00:04:31][debug] [sms]run num:10
[2019-02-20 00:04:31][debug] [sms]ok num:0
[2019-02-20 00:04:31][debug] [sms]no num:0
[2019-02-20 00:04:31][debug] [sms]run time:3
[2019-02-20 00:04:31][debug] [sms]end:1550592271
[2019-02-20 00:04:31][debug] [sms]page:https://bbs.sex002.xyz/plugin.php?id=tom_tchongbao:ajax&act=nitice_sms_hb_run&site=1&tongcheng_id=874&hongbao_id=79&page=89
[2019-02-20 00:04:31][debug] [sms]hongbao id:79
[2019-02-20 00:04:31][debug] [sms]page:89
[2019-02-20 00:04:31][debug] [sms]client IP:118.89.52.235
[2019-02-20 00:04:31][debug] [sms]start:1550592271
[2019-02-20 00:04:34][debug] [sms]all num:10
[2019-02-20 00:04:34][debug] [sms]run num:10
[2019-02-20 00:04:34][debug] [sms]ok num:0
[2019-02-20 00:04:34][debug] [sms]no num:0
[2019-02-20 00:04:34][debug] [sms]run time:3
[2019-02-20 00:04:34][debug] [sms]end:1550592274
[2019-02-20 00:04:34][debug] [sms]page:https://bbs.sex002.xyz/plugin.php?id=tom_tchongbao:ajax&act=nitice_sms_hb_run&site=1&tongcheng_id=874&hongbao_id=79&page=90
[2019-02-20 00:04:34][debug] [sms]hongbao id:79
[2019-02-20 00:04:34][debug] [sms]page:90
[2019-02-20 00:04:34][debug] [sms]client IP:118.89.52.235
[2019-02-20 00:04:34][debug] [sms]start:1550592274
[2019-02-20 00:04:37][debug] [sms]all num:10
[2019-02-20 00:04:37][debug] [sms]run num:10
[2019-02-20 00:04:37][debug] [sms]ok num:0
[2019-02-20 00:04:37][debug] [sms]no num:0
[2019-02-20 00:04:37][debug] [sms]run time:3
[2019-02-20 00:04:37][debug] [sms]end:1550592277
[2019-02-20 00:04:37][debug] [sms]page:https://bbs.sex002.xyz/plugin.php?id=tom_tchongbao:ajax&act=nitice_sms_hb_run&site=1&tongcheng_id=874&hongbao_id=79&page=91
[2019-02-20 00:04:37][debug] [sms]hongbao id:79
[2019-02-20 00:04:37][debug] [sms]page:91
[2019-02-20 00:04:37][debug] [sms]client IP:118.89.52.235
[2019-02-20 00:04:37][debug] [sms]start:1550592277
[2019-02-20 00:04:40][debug] [sms]all num:10
[2019-02-20 00:04:40][debug] [sms]run num:10
[2019-02-20 00:04:40][debug] [sms]ok num:0
[2019-02-20 00:04:40][debug] [sms]no num:0
[2019-02-20 00:04:40][debug] [sms]run time:3
[2019-02-20 00:04:40][debug] [sms]end:1550592280
[2019-02-20 00:04:40][debug] [sms]page:https://bbs.sex002.xyz/plugin.php?id=tom_tchongbao:ajax&act=nitice_sms_hb_run&site=1&tongcheng_id=874&hongbao_id=79&page=92
[2019-02-20 00:04:41][debug] [sms]hongbao id:79
[2019-02-20 00:04:41][debug] [sms]page:92
[2019-02-20 00:04:41][debug] [sms]client IP:118.89.52.235
[2019-02-20 00:04:41][debug] [sms]start:1550592281
[2019-02-20 00:04:44][debug] [sms]all num:10
[2019-02-20 00:04:44][debug] [sms]run num:10
[2019-02-20 00:04:44][debug] [sms]ok num:0
[2019-02-20 00:04:44][debug] [sms]no num:0
[2019-02-20 00:04:44][debug] [sms]run time:3
[2019-02-20 00:04:44][debug] [sms]end:1550592284
[2019-02-20 00:04:44][debug] [sms]page:https://bbs.sex002.xyz/plugin.php?id=tom_tchongbao:ajax&act=nitice_sms_hb_run&site=1&tongcheng_id=874&hongbao_id=79&page=93
[2019-02-20 00:04:44][debug] [sms]hongbao id:79
[2019-02-20 00:04:44][debug] [sms]page:93
[2019-02-20 00:04:44][debug] [sms]client IP:118.89.52.235
[2019-02-20 00:04:44][debug] [sms]start:1550592284
[2019-02-20 00:04:47][debug] [sms]all num:10
[2019-02-20 00:04:47][debug] [sms]run num:10
[2019-02-20 00:04:47][debug] [sms]ok num:0
[2019-02-20 00:04:47][debug] [sms]no num:0
[2019-02-20 00:04:47][debug] [sms]run time:3
[2019-02-20 00:04:47][debug] [sms]end:1550592287
[2019-02-20 00:04:47][debug] [sms]page:https://bbs.sex002.xyz/plugin.php?id=tom_tchongbao:ajax&act=nitice_sms_hb_run&site=1&tongcheng_id=874&hongbao_id=79&page=94
[2019-02-20 00:04:47][debug] [sms]hongbao id:79
[2019-02-20 00:04:47][debug] [sms]page:94
[2019-02-20 00:04:47][debug] [sms]client IP:118.89.52.235
[2019-02-20 00:04:47][debug] [sms]start:1550592287
[2019-02-20 00:04:50][debug] [sms]all num:10
[2019-02-20 00:04:50][debug] [sms]run num:10
[2019-02-20 00:04:50][debug] [sms]ok num:0
[2019-02-20 00:04:50][debug] [sms]no num:0
[2019-02-20 00:04:50][debug] [sms]run time:3
[2019-02-20 00:04:50][debug] [sms]end:1550592290
[2019-02-20 00:04:50][debug] [sms]page:https://bbs.sex002.xyz/plugin.php?id=tom_tchongbao:ajax&act=nitice_sms_hb_run&site=1&tongcheng_id=874&hongbao_id=79&page=95
[2019-02-20 00:04:51][debug] [sms]hongbao id:79
[2019-02-20 00:04:51][debug] [sms]page:95
[2019-02-20 00:04:51][debug] [sms]client IP:118.89.52.235
[2019-02-20 00:04:51][debug] [sms]start:1550592291
[2019-02-20 00:04:54][debug] [sms]all num:10
[2019-02-20 00:04:54][debug] [sms]run num:10
[2019-02-20 00:04:54][debug] [sms]ok num:0
[2019-02-20 00:04:54][debug] [sms]no num:0
[2019-02-20 00:04:54][debug] [sms]run time:3
[2019-02-20 00:04:54][debug] [sms]end:1550592294
[2019-02-20 00:04:54][debug] [sms]page:https://bbs.sex002.xyz/plugin.php?id=tom_tchongbao:ajax&act=nitice_sms_hb_run&site=1&tongcheng_id=874&hongbao_id=79&page=96
[2019-02-20 00:04:54][debug] [sms]hongbao id:79
[2019-02-20 00:04:54][debug] [sms]page:96
[2019-02-20 00:04:54][debug] [sms]client IP:118.89.52.235
[2019-02-20 00:04:54][debug] [sms]start:1550592294
[2019-02-20 00:04:57][debug] [sms]all num:10
[2019-02-20 00:04:57][debug] [sms]run num:10
[2019-02-20 00:04:57][debug] [sms]ok num:0
[2019-02-20 00:04:57][debug] [sms]no num:0
[2019-02-20 00:04:57][debug] [sms]run time:3
[2019-02-20 00:04:57][debug] [sms]end:1550592297
[2019-02-20 00:04:57][debug] [sms]page:https://bbs.sex002.xyz/plugin.php?id=tom_tchongbao:ajax&act=nitice_sms_hb_run&site=1&tongcheng_id=874&hongbao_id=79&page=97
[2019-02-20 00:04:57][debug] [sms]hongbao id:79
[2019-02-20 00:04:57][debug] [sms]page:97
[2019-02-20 00:04:57][debug] [sms]client IP:118.89.52.235
[2019-02-20 00:04:57][debug] [sms]start:1550592297
[2019-02-20 00:05:01][debug] [sms]all num:10
[2019-02-20 00:05:01][debug] [sms]run num:10
[2019-02-20 00:05:01][debug] [sms]ok num:0
[2019-02-20 00:05:01][debug] [sms]no num:0
[2019-02-20 00:05:01][debug] [sms]run time:4
[2019-02-20 00:05:01][debug] [sms]end:1550592301
[2019-02-20 00:05:01][debug] [sms]page:https://bbs.sex002.xyz/plugin.php?id=tom_tchongbao:ajax&act=nitice_sms_hb_run&site=1&tongcheng_id=874&hongbao_id=79&page=98
[2019-02-20 00:05:01][debug] [sms]hongbao id:79
[2019-02-20 00:05:01][debug] [sms]page:98
[2019-02-20 00:05:01][debug] [sms]client IP:118.89.52.235
[2019-02-20 00:05:01][debug] [sms]start:1550592301
[2019-02-20 00:05:04][debug] [sms]all num:10
[2019-02-20 00:05:04][debug] [sms]run num:10
[2019-02-20 00:05:04][debug] [sms]ok num:0
[2019-02-20 00:05:04][debug] [sms]no num:0
[2019-02-20 00:05:04][debug] [sms]run time:3
[2019-02-20 00:05:04][debug] [sms]end:1550592304
[2019-02-20 00:05:04][debug] [sms]page:https://bbs.sex002.xyz/plugin.php?id=tom_tchongbao:ajax&act=nitice_sms_hb_run&site=1&tongcheng_id=874&hongbao_id=79&page=99
[2019-02-20 00:05:04][debug] [sms]hongbao id:79
[2019-02-20 00:05:04][debug] [sms]page:99
[2019-02-20 00:05:04][debug] [sms]client IP:118.89.52.235
[2019-02-20 00:05:04][debug] [sms]start:1550592304
[2019-02-20 00:05:07][debug] [sms]all num:10
[2019-02-20 00:05:07][debug] [sms]run num:10
[2019-02-20 00:05:07][debug] [sms]ok num:0
[2019-02-20 00:05:07][debug] [sms]no num:0
[2019-02-20 00:05:07][debug] [sms]run time:3
[2019-02-20 00:05:07][debug] [sms]end:1550592307
[2019-02-20 00:05:07][debug] [sms]page:https://bbs.sex002.xyz/plugin.php?id=tom_tchongbao:ajax&act=nitice_sms_hb_run&site=1&tongcheng_id=874&hongbao_id=79&page=100
[2019-02-20 00:05:07][debug] [sms]hongbao id:79
[2019-02-20 00:05:07][debug] [sms]page:100
[2019-02-20 00:05:07][debug] [sms]client IP:118.89.52.235
[2019-02-20 00:05:07][debug] [sms]start:1550592307
[2019-02-20 00:05:10][debug] [sms]all num:10
[2019-02-20 00:05:10][debug] [sms]run num:10
[2019-02-20 00:05:10][debug] [sms]ok num:0
[2019-02-20 00:05:10][debug] [sms]no num:0
[2019-02-20 00:05:10][debug] [sms]run time:3
[2019-02-20 00:05:10][debug] [sms]end:1550592310
[2019-02-20 00:05:10][debug] [sms]page:https://bbs.sex002.xyz/plugin.php?id=tom_tchongbao:ajax&act=nitice_sms_hb_run&site=1&tongcheng_id=874&hongbao_id=79&page=101
[2019-02-20 00:05:10][debug] [sms]--------------------- over 101 -------------------------
