[2018-07-14 21:14:25][debug] [sms]--------------------- new -------------------------
[2018-07-14 21:14:25][debug] [sms]hongbao id:52
[2018-07-14 21:14:25][debug] [sms]page:1
[2018-07-14 21:14:25][debug] [sms]client IP:114.242.249.112
[2018-07-14 21:14:25][debug] [sms]start:1531574065
[2018-07-14 21:14:29][debug] [sms]all num:10
[2018-07-14 21:14:29][debug] [sms]run num:10
[2018-07-14 21:14:29][debug] [sms]ok num:7
[2018-07-14 21:14:29][debug] [sms]no num:0
[2018-07-14 21:14:29][debug] [sms]run time:4
[2018-07-14 21:14:29][debug] [sms]end:1531574069
[2018-07-14 21:14:29][debug] [sms]page:https://bbs.bivdg.top/plugin.php?id=tom_tchongbao:ajax&act=nitice_sms_hb_run&site=1&tongcheng_id=420&hongbao_id=52&page=2
[2018-07-14 21:14:29][debug] [sms]hongbao id:52
[2018-07-14 21:14:29][debug] [sms]page:2
[2018-07-14 21:14:29][debug] [sms]client IP:118.89.52.235
[2018-07-14 21:14:29][debug] [sms]start:1531574069
[2018-07-14 21:14:32][debug] [sms]all num:10
[2018-07-14 21:14:32][debug] [sms]run num:10
[2018-07-14 21:14:32][debug] [sms]ok num:4
[2018-07-14 21:14:32][debug] [sms]no num:0
[2018-07-14 21:14:32][debug] [sms]run time:3
[2018-07-14 21:14:32][debug] [sms]end:1531574072
[2018-07-14 21:14:32][debug] [sms]page:https://bbs.bivdg.top/plugin.php?id=tom_tchongbao:ajax&act=nitice_sms_hb_run&site=1&tongcheng_id=420&hongbao_id=52&page=3
[2018-07-14 21:14:32][debug] [sms]hongbao id:52
[2018-07-14 21:14:32][debug] [sms]page:3
[2018-07-14 21:14:32][debug] [sms]client IP:118.89.52.235
[2018-07-14 21:14:32][debug] [sms]start:1531574072
[2018-07-14 21:14:36][debug] [sms]all num:10
[2018-07-14 21:14:36][debug] [sms]run num:10
[2018-07-14 21:14:36][debug] [sms]ok num:7
[2018-07-14 21:14:36][debug] [sms]no num:0
[2018-07-14 21:14:36][debug] [sms]run time:4
[2018-07-14 21:14:36][debug] [sms]end:1531574076
[2018-07-14 21:14:36][debug] [sms]page:https://bbs.bivdg.top/plugin.php?id=tom_tchongbao:ajax&act=nitice_sms_hb_run&site=1&tongcheng_id=420&hongbao_id=52&page=4
[2018-07-14 21:14:36][debug] [sms]hongbao id:52
[2018-07-14 21:14:36][debug] [sms]page:4
[2018-07-14 21:14:36][debug] [sms]client IP:118.89.52.235
[2018-07-14 21:14:36][debug] [sms]start:1531574076
[2018-07-14 21:14:39][debug] [sms]all num:10
[2018-07-14 21:14:39][debug] [sms]run num:10
[2018-07-14 21:14:39][debug] [sms]ok num:7
[2018-07-14 21:14:39][debug] [sms]no num:0
[2018-07-14 21:14:39][debug] [sms]run time:3
[2018-07-14 21:14:39][debug] [sms]end:1531574079
[2018-07-14 21:14:39][debug] [sms]page:https://bbs.bivdg.top/plugin.php?id=tom_tchongbao:ajax&act=nitice_sms_hb_run&site=1&tongcheng_id=420&hongbao_id=52&page=5
[2018-07-14 21:14:39][debug] [sms]hongbao id:52
[2018-07-14 21:14:39][debug] [sms]page:5
[2018-07-14 21:14:39][debug] [sms]client IP:118.89.52.235
[2018-07-14 21:14:39][debug] [sms]start:1531574079
[2018-07-14 21:14:43][debug] [sms]all num:10
[2018-07-14 21:14:43][debug] [sms]run num:10
[2018-07-14 21:14:43][debug] [sms]ok num:7
[2018-07-14 21:14:43][debug] [sms]no num:0
[2018-07-14 21:14:43][debug] [sms]run time:4
[2018-07-14 21:14:43][debug] [sms]end:1531574083
[2018-07-14 21:14:43][debug] [sms]page:https://bbs.bivdg.top/plugin.php?id=tom_tchongbao:ajax&act=nitice_sms_hb_run&site=1&tongcheng_id=420&hongbao_id=52&page=6
[2018-07-14 21:14:43][debug] [sms]hongbao id:52
[2018-07-14 21:14:43][debug] [sms]page:6
[2018-07-14 21:14:43][debug] [sms]client IP:118.89.52.235
[2018-07-14 21:14:43][debug] [sms]start:1531574083
[2018-07-14 21:14:46][debug] [sms]all num:10
[2018-07-14 21:14:46][debug] [sms]run num:10
[2018-07-14 21:14:46][debug] [sms]ok num:4
[2018-07-14 21:14:46][debug] [sms]no num:0
[2018-07-14 21:14:46][debug] [sms]run time:3
[2018-07-14 21:14:46][debug] [sms]end:1531574086
[2018-07-14 21:14:46][debug] [sms]page:https://bbs.bivdg.top/plugin.php?id=tom_tchongbao:ajax&act=nitice_sms_hb_run&site=1&tongcheng_id=420&hongbao_id=52&page=7
[2018-07-14 21:14:46][debug] [sms]hongbao id:52
[2018-07-14 21:14:46][debug] [sms]page:7
[2018-07-14 21:14:46][debug] [sms]client IP:118.89.52.235
[2018-07-14 21:14:46][debug] [sms]start:1531574086
[2018-07-14 21:14:49][debug] [sms]all num:10
[2018-07-14 21:14:49][debug] [sms]run num:10
[2018-07-14 21:14:49][debug] [sms]ok num:5
[2018-07-14 21:14:49][debug] [sms]no num:0
[2018-07-14 21:14:49][debug] [sms]run time:3
[2018-07-14 21:14:49][debug] [sms]end:1531574089
[2018-07-14 21:14:49][debug] [sms]page:https://bbs.bivdg.top/plugin.php?id=tom_tchongbao:ajax&act=nitice_sms_hb_run&site=1&tongcheng_id=420&hongbao_id=52&page=8
[2018-07-14 21:14:49][debug] [sms]hongbao id:52
[2018-07-14 21:14:49][debug] [sms]page:8
[2018-07-14 21:14:49][debug] [sms]client IP:118.89.52.235
[2018-07-14 21:14:49][debug] [sms]start:1531574089
[2018-07-14 21:14:52][debug] [sms]all num:10
[2018-07-14 21:14:52][debug] [sms]run num:9
[2018-07-14 21:14:52][debug] [sms]ok num:2
[2018-07-14 21:14:52][debug] [sms]no num:0
[2018-07-14 21:14:52][debug] [sms]run time:3
[2018-07-14 21:14:52][debug] [sms]end:1531574092
[2018-07-14 21:14:52][debug] [sms]page:https://bbs.bivdg.top/plugin.php?id=tom_tchongbao:ajax&act=nitice_sms_hb_run&site=1&tongcheng_id=420&hongbao_id=52&page=9
[2018-07-14 21:14:52][debug] [sms]hongbao id:52
[2018-07-14 21:14:52][debug] [sms]page:9
[2018-07-14 21:14:52][debug] [sms]client IP:118.89.52.235
[2018-07-14 21:14:52][debug] [sms]start:1531574092
[2018-07-14 21:14:55][debug] [sms]all num:10
[2018-07-14 21:14:55][debug] [sms]run num:10
[2018-07-14 21:14:55][debug] [sms]ok num:1
[2018-07-14 21:14:55][debug] [sms]no num:0
[2018-07-14 21:14:55][debug] [sms]run time:3
[2018-07-14 21:14:55][debug] [sms]end:1531574095
[2018-07-14 21:14:55][debug] [sms]page:https://bbs.bivdg.top/plugin.php?id=tom_tchongbao:ajax&act=nitice_sms_hb_run&site=1&tongcheng_id=420&hongbao_id=52&page=10
[2018-07-14 21:14:55][debug] [sms]hongbao id:52
[2018-07-14 21:14:55][debug] [sms]page:10
[2018-07-14 21:14:55][debug] [sms]client IP:118.89.52.235
[2018-07-14 21:14:55][debug] [sms]start:1531574095
[2018-07-14 21:14:58][debug] [sms]all num:10
[2018-07-14 21:14:58][debug] [sms]run num:10
[2018-07-14 21:14:58][debug] [sms]ok num:2
[2018-07-14 21:14:58][debug] [sms]no num:0
[2018-07-14 21:14:58][debug] [sms]run time:3
[2018-07-14 21:14:58][debug] [sms]end:1531574098
[2018-07-14 21:14:58][debug] [sms]page:https://bbs.bivdg.top/plugin.php?id=tom_tchongbao:ajax&act=nitice_sms_hb_run&site=1&tongcheng_id=420&hongbao_id=52&page=11
[2018-07-14 21:14:59][debug] [sms]hongbao id:52
[2018-07-14 21:14:59][debug] [sms]page:11
[2018-07-14 21:14:59][debug] [sms]client IP:118.89.52.235
[2018-07-14 21:14:59][debug] [sms]start:1531574099
[2018-07-14 21:15:02][debug] [sms]all num:10
[2018-07-14 21:15:02][debug] [sms]run num:10
[2018-07-14 21:15:02][debug] [sms]ok num:9
[2018-07-14 21:15:02][debug] [sms]no num:0
[2018-07-14 21:15:02][debug] [sms]run time:3
[2018-07-14 21:15:02][debug] [sms]end:1531574102
[2018-07-14 21:15:02][debug] [sms]page:https://bbs.bivdg.top/plugin.php?id=tom_tchongbao:ajax&act=nitice_sms_hb_run&site=1&tongcheng_id=420&hongbao_id=52&page=12
[2018-07-14 21:15:02][debug] [sms]hongbao id:52
[2018-07-14 21:15:02][debug] [sms]page:12
[2018-07-14 21:15:02][debug] [sms]client IP:118.89.52.235
[2018-07-14 21:15:02][debug] [sms]start:1531574102
[2018-07-14 21:15:05][debug] [sms]all num:10
[2018-07-14 21:15:05][debug] [sms]run num:10
[2018-07-14 21:15:05][debug] [sms]ok num:8
[2018-07-14 21:15:05][debug] [sms]no num:0
[2018-07-14 21:15:05][debug] [sms]run time:3
[2018-07-14 21:15:05][debug] [sms]end:1531574105
[2018-07-14 21:15:05][debug] [sms]page:https://bbs.bivdg.top/plugin.php?id=tom_tchongbao:ajax&act=nitice_sms_hb_run&site=1&tongcheng_id=420&hongbao_id=52&page=13
[2018-07-14 21:15:05][debug] [sms]hongbao id:52
[2018-07-14 21:15:05][debug] [sms]page:13
[2018-07-14 21:15:05][debug] [sms]client IP:118.89.52.235
[2018-07-14 21:15:05][debug] [sms]start:1531574105
[2018-07-14 21:15:09][debug] [sms]all num:10
[2018-07-14 21:15:09][debug] [sms]run num:10
[2018-07-14 21:15:09][debug] [sms]ok num:3
[2018-07-14 21:15:09][debug] [sms]no num:0
[2018-07-14 21:15:09][debug] [sms]run time:4
[2018-07-14 21:15:09][debug] [sms]end:1531574109
[2018-07-14 21:15:09][debug] [sms]page:https://bbs.bivdg.top/plugin.php?id=tom_tchongbao:ajax&act=nitice_sms_hb_run&site=1&tongcheng_id=420&hongbao_id=52&page=14
[2018-07-14 21:15:09][debug] [sms]hongbao id:52
[2018-07-14 21:15:09][debug] [sms]page:14
[2018-07-14 21:15:09][debug] [sms]client IP:118.89.52.235
[2018-07-14 21:15:09][debug] [sms]start:1531574109
[2018-07-14 21:15:12][debug] [sms]all num:10
[2018-07-14 21:15:12][debug] [sms]run num:10
[2018-07-14 21:15:12][debug] [sms]ok num:4
[2018-07-14 21:15:12][debug] [sms]no num:0
[2018-07-14 21:15:12][debug] [sms]run time:3
[2018-07-14 21:15:12][debug] [sms]end:1531574112
[2018-07-14 21:15:12][debug] [sms]page:https://bbs.bivdg.top/plugin.php?id=tom_tchongbao:ajax&act=nitice_sms_hb_run&site=1&tongcheng_id=420&hongbao_id=52&page=15
[2018-07-14 21:15:12][debug] [sms]hongbao id:52
[2018-07-14 21:15:12][debug] [sms]page:15
[2018-07-14 21:15:12][debug] [sms]client IP:118.89.52.235
[2018-07-14 21:15:12][debug] [sms]start:1531574112
[2018-07-14 21:15:15][debug] [sms]all num:10
[2018-07-14 21:15:15][debug] [sms]run num:10
[2018-07-14 21:15:15][debug] [sms]ok num:6
[2018-07-14 21:15:15][debug] [sms]no num:0
[2018-07-14 21:15:15][debug] [sms]run time:3
[2018-07-14 21:15:15][debug] [sms]end:1531574115
[2018-07-14 21:15:15][debug] [sms]page:https://bbs.bivdg.top/plugin.php?id=tom_tchongbao:ajax&act=nitice_sms_hb_run&site=1&tongcheng_id=420&hongbao_id=52&page=16
[2018-07-14 21:15:15][debug] [sms]hongbao id:52
[2018-07-14 21:15:15][debug] [sms]page:16
[2018-07-14 21:15:15][debug] [sms]client IP:118.89.52.235
[2018-07-14 21:15:15][debug] [sms]start:1531574115
[2018-07-14 21:15:18][debug] [sms]all num:10
[2018-07-14 21:15:18][debug] [sms]run num:10
[2018-07-14 21:15:18][debug] [sms]ok num:9
[2018-07-14 21:15:18][debug] [sms]no num:0
[2018-07-14 21:15:18][debug] [sms]run time:3
[2018-07-14 21:15:18][debug] [sms]end:1531574118
[2018-07-14 21:15:18][debug] [sms]page:https://bbs.bivdg.top/plugin.php?id=tom_tchongbao:ajax&act=nitice_sms_hb_run&site=1&tongcheng_id=420&hongbao_id=52&page=17
[2018-07-14 21:15:18][debug] [sms]hongbao id:52
[2018-07-14 21:15:18][debug] [sms]page:17
[2018-07-14 21:15:18][debug] [sms]client IP:118.89.52.235
[2018-07-14 21:15:18][debug] [sms]start:1531574118
[2018-07-14 21:15:21][debug] [sms]all num:10
[2018-07-14 21:15:21][debug] [sms]run num:10
[2018-07-14 21:15:21][debug] [sms]ok num:9
[2018-07-14 21:15:21][debug] [sms]no num:0
[2018-07-14 21:15:21][debug] [sms]run time:3
[2018-07-14 21:15:21][debug] [sms]end:1531574121
[2018-07-14 21:15:21][debug] [sms]page:https://bbs.bivdg.top/plugin.php?id=tom_tchongbao:ajax&act=nitice_sms_hb_run&site=1&tongcheng_id=420&hongbao_id=52&page=18
[2018-07-14 21:15:21][debug] [sms]hongbao id:52
[2018-07-14 21:15:21][debug] [sms]page:18
[2018-07-14 21:15:21][debug] [sms]client IP:118.89.52.235
[2018-07-14 21:15:21][debug] [sms]start:1531574121
[2018-07-14 21:15:24][debug] [sms]all num:10
[2018-07-14 21:15:24][debug] [sms]run num:10
[2018-07-14 21:15:24][debug] [sms]ok num:10
[2018-07-14 21:15:24][debug] [sms]no num:0
[2018-07-14 21:15:24][debug] [sms]run time:3
[2018-07-14 21:15:24][debug] [sms]end:1531574124
[2018-07-14 21:15:24][debug] [sms]page:https://bbs.bivdg.top/plugin.php?id=tom_tchongbao:ajax&act=nitice_sms_hb_run&site=1&tongcheng_id=420&hongbao_id=52&page=19
[2018-07-14 21:15:25][debug] [sms]hongbao id:52
[2018-07-14 21:15:25][debug] [sms]page:19
[2018-07-14 21:15:25][debug] [sms]client IP:118.89.52.235
[2018-07-14 21:15:25][debug] [sms]start:1531574125
[2018-07-14 21:15:28][debug] [sms]all num:10
[2018-07-14 21:15:28][debug] [sms]run num:10
[2018-07-14 21:15:28][debug] [sms]ok num:10
[2018-07-14 21:15:28][debug] [sms]no num:0
[2018-07-14 21:15:28][debug] [sms]run time:3
[2018-07-14 21:15:28][debug] [sms]end:1531574128
[2018-07-14 21:15:28][debug] [sms]page:https://bbs.bivdg.top/plugin.php?id=tom_tchongbao:ajax&act=nitice_sms_hb_run&site=1&tongcheng_id=420&hongbao_id=52&page=20
[2018-07-14 21:15:28][debug] [sms]hongbao id:52
[2018-07-14 21:15:28][debug] [sms]page:20
[2018-07-14 21:15:28][debug] [sms]client IP:118.89.52.235
[2018-07-14 21:15:28][debug] [sms]start:1531574128
[2018-07-14 21:15:31][debug] [sms]all num:10
[2018-07-14 21:15:31][debug] [sms]run num:10
[2018-07-14 21:15:31][debug] [sms]ok num:10
[2018-07-14 21:15:31][debug] [sms]no num:0
[2018-07-14 21:15:31][debug] [sms]run time:3
[2018-07-14 21:15:31][debug] [sms]end:1531574131
[2018-07-14 21:15:31][debug] [sms]page:https://bbs.bivdg.top/plugin.php?id=tom_tchongbao:ajax&act=nitice_sms_hb_run&site=1&tongcheng_id=420&hongbao_id=52&page=21
[2018-07-14 21:15:31][debug] [sms]hongbao id:52
[2018-07-14 21:15:31][debug] [sms]page:21
[2018-07-14 21:15:31][debug] [sms]client IP:118.89.52.235
[2018-07-14 21:15:31][debug] [sms]start:1531574131
[2018-07-14 21:15:34][debug] [sms]all num:10
[2018-07-14 21:15:34][debug] [sms]run num:10
[2018-07-14 21:15:34][debug] [sms]ok num:10
[2018-07-14 21:15:34][debug] [sms]no num:0
[2018-07-14 21:15:34][debug] [sms]run time:3
[2018-07-14 21:15:34][debug] [sms]end:1531574134
[2018-07-14 21:15:34][debug] [sms]page:https://bbs.bivdg.top/plugin.php?id=tom_tchongbao:ajax&act=nitice_sms_hb_run&site=1&tongcheng_id=420&hongbao_id=52&page=22
[2018-07-14 21:15:35][debug] [sms]hongbao id:52
[2018-07-14 21:15:35][debug] [sms]page:22
[2018-07-14 21:15:35][debug] [sms]client IP:118.89.52.235
[2018-07-14 21:15:35][debug] [sms]start:1531574135
[2018-07-14 21:15:37][debug] [sms]all num:10
[2018-07-14 21:15:37][debug] [sms]run num:10
[2018-07-14 21:15:37][debug] [sms]ok num:10
[2018-07-14 21:15:37][debug] [sms]no num:0
[2018-07-14 21:15:37][debug] [sms]run time:2
[2018-07-14 21:15:37][debug] [sms]end:1531574137
[2018-07-14 21:15:37][debug] [sms]page:https://bbs.bivdg.top/plugin.php?id=tom_tchongbao:ajax&act=nitice_sms_hb_run&site=1&tongcheng_id=420&hongbao_id=52&page=23
[2018-07-14 21:15:38][debug] [sms]hongbao id:52
[2018-07-14 21:15:38][debug] [sms]page:23
[2018-07-14 21:15:38][debug] [sms]client IP:118.89.52.235
[2018-07-14 21:15:38][debug] [sms]start:1531574138
[2018-07-14 21:15:41][debug] [sms]all num:10
[2018-07-14 21:15:41][debug] [sms]run num:10
[2018-07-14 21:15:41][debug] [sms]ok num:10
[2018-07-14 21:15:41][debug] [sms]no num:0
[2018-07-14 21:15:41][debug] [sms]run time:3
[2018-07-14 21:15:41][debug] [sms]end:1531574141
[2018-07-14 21:15:41][debug] [sms]page:https://bbs.bivdg.top/plugin.php?id=tom_tchongbao:ajax&act=nitice_sms_hb_run&site=1&tongcheng_id=420&hongbao_id=52&page=24
[2018-07-14 21:15:41][debug] [sms]hongbao id:52
[2018-07-14 21:15:41][debug] [sms]page:24
[2018-07-14 21:15:41][debug] [sms]client IP:118.89.52.235
[2018-07-14 21:15:41][debug] [sms]start:1531574141
[2018-07-14 21:15:44][debug] [sms]all num:10
[2018-07-14 21:15:44][debug] [sms]run num:10
[2018-07-14 21:15:44][debug] [sms]ok num:9
[2018-07-14 21:15:44][debug] [sms]no num:0
[2018-07-14 21:15:44][debug] [sms]run time:3
[2018-07-14 21:15:44][debug] [sms]end:1531574144
[2018-07-14 21:15:44][debug] [sms]page:https://bbs.bivdg.top/plugin.php?id=tom_tchongbao:ajax&act=nitice_sms_hb_run&site=1&tongcheng_id=420&hongbao_id=52&page=25
[2018-07-14 21:15:45][debug] [sms]hongbao id:52
[2018-07-14 21:15:45][debug] [sms]page:25
[2018-07-14 21:15:45][debug] [sms]client IP:118.89.52.235
[2018-07-14 21:15:45][debug] [sms]start:1531574145
[2018-07-14 21:15:48][debug] [sms]all num:10
[2018-07-14 21:15:48][debug] [sms]run num:10
[2018-07-14 21:15:48][debug] [sms]ok num:5
[2018-07-14 21:15:48][debug] [sms]no num:0
[2018-07-14 21:15:48][debug] [sms]run time:3
[2018-07-14 21:15:48][debug] [sms]end:1531574148
[2018-07-14 21:15:48][debug] [sms]page:https://bbs.bivdg.top/plugin.php?id=tom_tchongbao:ajax&act=nitice_sms_hb_run&site=1&tongcheng_id=420&hongbao_id=52&page=26
[2018-07-14 21:15:48][debug] [sms]hongbao id:52
[2018-07-14 21:15:48][debug] [sms]page:26
[2018-07-14 21:15:48][debug] [sms]client IP:118.89.52.235
[2018-07-14 21:15:48][debug] [sms]start:1531574148
[2018-07-14 21:15:52][debug] [sms]all num:10
[2018-07-14 21:15:52][debug] [sms]run num:10
[2018-07-14 21:15:52][debug] [sms]ok num:4
[2018-07-14 21:15:52][debug] [sms]no num:0
[2018-07-14 21:15:52][debug] [sms]run time:4
[2018-07-14 21:15:52][debug] [sms]end:1531574152
[2018-07-14 21:15:52][debug] [sms]page:https://bbs.bivdg.top/plugin.php?id=tom_tchongbao:ajax&act=nitice_sms_hb_run&site=1&tongcheng_id=420&hongbao_id=52&page=27
[2018-07-14 21:15:52][debug] [sms]hongbao id:52
[2018-07-14 21:15:52][debug] [sms]page:27
[2018-07-14 21:15:52][debug] [sms]client IP:118.89.52.235
[2018-07-14 21:15:52][debug] [sms]start:1531574152
[2018-07-14 21:15:54][debug] [sms]all num:10
[2018-07-14 21:15:54][debug] [sms]run num:9
[2018-07-14 21:15:54][debug] [sms]ok num:3
[2018-07-14 21:15:54][debug] [sms]no num:0
[2018-07-14 21:15:54][debug] [sms]run time:2
[2018-07-14 21:15:54][debug] [sms]end:1531574154
[2018-07-14 21:15:54][debug] [sms]page:https://bbs.bivdg.top/plugin.php?id=tom_tchongbao:ajax&act=nitice_sms_hb_run&site=1&tongcheng_id=420&hongbao_id=52&page=28
[2018-07-14 21:15:55][debug] [sms]hongbao id:52
[2018-07-14 21:15:55][debug] [sms]page:28
[2018-07-14 21:15:55][debug] [sms]client IP:118.89.52.235
[2018-07-14 21:15:55][debug] [sms]start:1531574155
[2018-07-14 21:15:58][debug] [sms]all num:10
[2018-07-14 21:15:58][debug] [sms]run num:10
[2018-07-14 21:15:58][debug] [sms]ok num:7
[2018-07-14 21:15:58][debug] [sms]no num:0
[2018-07-14 21:15:58][debug] [sms]run time:3
[2018-07-14 21:15:58][debug] [sms]end:1531574158
[2018-07-14 21:15:58][debug] [sms]page:https://bbs.bivdg.top/plugin.php?id=tom_tchongbao:ajax&act=nitice_sms_hb_run&site=1&tongcheng_id=420&hongbao_id=52&page=29
[2018-07-14 21:15:58][debug] [sms]hongbao id:52
[2018-07-14 21:15:58][debug] [sms]page:29
[2018-07-14 21:15:58][debug] [sms]client IP:118.89.52.235
[2018-07-14 21:15:58][debug] [sms]start:1531574158
[2018-07-14 21:16:03][debug] [sms]all num:10
[2018-07-14 21:16:03][debug] [sms]run num:10
[2018-07-14 21:16:03][debug] [sms]ok num:6
[2018-07-14 21:16:03][debug] [sms]no num:0
[2018-07-14 21:16:03][debug] [sms]run time:5
[2018-07-14 21:16:03][debug] [sms]end:1531574163
[2018-07-14 21:16:03][debug] [sms]page:https://bbs.bivdg.top/plugin.php?id=tom_tchongbao:ajax&act=nitice_sms_hb_run&site=1&tongcheng_id=420&hongbao_id=52&page=30
[2018-07-14 21:16:03][debug] [sms]hongbao id:52
[2018-07-14 21:16:03][debug] [sms]page:30
[2018-07-14 21:16:03][debug] [sms]client IP:118.89.52.235
[2018-07-14 21:16:03][debug] [sms]start:1531574163
[2018-07-14 21:16:06][debug] [sms]all num:10
[2018-07-14 21:16:06][debug] [sms]run num:10
[2018-07-14 21:16:06][debug] [sms]ok num:0
[2018-07-14 21:16:06][debug] [sms]no num:0
[2018-07-14 21:16:06][debug] [sms]run time:3
[2018-07-14 21:16:06][debug] [sms]end:1531574166
[2018-07-14 21:16:06][debug] [sms]page:https://bbs.bivdg.top/plugin.php?id=tom_tchongbao:ajax&act=nitice_sms_hb_run&site=1&tongcheng_id=420&hongbao_id=52&page=31
[2018-07-14 21:16:07][debug] [sms]hongbao id:52
[2018-07-14 21:16:07][debug] [sms]page:31
[2018-07-14 21:16:07][debug] [sms]client IP:118.89.52.235
[2018-07-14 21:16:07][debug] [sms]start:1531574167
[2018-07-14 21:16:09][debug] [sms]all num:10
[2018-07-14 21:16:09][debug] [sms]run num:9
[2018-07-14 21:16:09][debug] [sms]ok num:4
[2018-07-14 21:16:09][debug] [sms]no num:0
[2018-07-14 21:16:09][debug] [sms]run time:2
[2018-07-14 21:16:09][debug] [sms]end:1531574169
[2018-07-14 21:16:09][debug] [sms]page:https://bbs.bivdg.top/plugin.php?id=tom_tchongbao:ajax&act=nitice_sms_hb_run&site=1&tongcheng_id=420&hongbao_id=52&page=32
[2018-07-14 21:16:09][debug] [sms]hongbao id:52
[2018-07-14 21:16:09][debug] [sms]page:32
[2018-07-14 21:16:09][debug] [sms]client IP:118.89.52.235
[2018-07-14 21:16:09][debug] [sms]start:1531574169
[2018-07-14 21:16:12][debug] [sms]all num:10
[2018-07-14 21:16:12][debug] [sms]run num:10
[2018-07-14 21:16:12][debug] [sms]ok num:9
[2018-07-14 21:16:12][debug] [sms]no num:0
[2018-07-14 21:16:12][debug] [sms]run time:3
[2018-07-14 21:16:12][debug] [sms]end:1531574172
[2018-07-14 21:16:12][debug] [sms]page:https://bbs.bivdg.top/plugin.php?id=tom_tchongbao:ajax&act=nitice_sms_hb_run&site=1&tongcheng_id=420&hongbao_id=52&page=33
[2018-07-14 21:16:12][debug] [sms]hongbao id:52
[2018-07-14 21:16:12][debug] [sms]page:33
[2018-07-14 21:16:12][debug] [sms]client IP:118.89.52.235
[2018-07-14 21:16:12][debug] [sms]start:1531574172
[2018-07-14 21:16:15][debug] [sms]all num:10
[2018-07-14 21:16:15][debug] [sms]run num:10
[2018-07-14 21:16:15][debug] [sms]ok num:5
[2018-07-14 21:16:15][debug] [sms]no num:0
[2018-07-14 21:16:15][debug] [sms]run time:3
[2018-07-14 21:16:15][debug] [sms]end:1531574175
[2018-07-14 21:16:15][debug] [sms]page:https://bbs.bivdg.top/plugin.php?id=tom_tchongbao:ajax&act=nitice_sms_hb_run&site=1&tongcheng_id=420&hongbao_id=52&page=34
[2018-07-14 21:16:15][debug] [sms]hongbao id:52
[2018-07-14 21:16:15][debug] [sms]page:34
[2018-07-14 21:16:15][debug] [sms]client IP:118.89.52.235
[2018-07-14 21:16:15][debug] [sms]start:1531574175
[2018-07-14 21:16:18][debug] [sms]all num:10
[2018-07-14 21:16:18][debug] [sms]run num:10
[2018-07-14 21:16:18][debug] [sms]ok num:9
[2018-07-14 21:16:18][debug] [sms]no num:0
[2018-07-14 21:16:18][debug] [sms]run time:3
[2018-07-14 21:16:18][debug] [sms]end:1531574178
[2018-07-14 21:16:18][debug] [sms]page:https://bbs.bivdg.top/plugin.php?id=tom_tchongbao:ajax&act=nitice_sms_hb_run&site=1&tongcheng_id=420&hongbao_id=52&page=35
[2018-07-14 21:16:19][debug] [sms]hongbao id:52
[2018-07-14 21:16:19][debug] [sms]page:35
[2018-07-14 21:16:19][debug] [sms]client IP:118.89.52.235
[2018-07-14 21:16:19][debug] [sms]start:1531574179
[2018-07-14 21:16:22][debug] [sms]all num:10
[2018-07-14 21:16:22][debug] [sms]run num:10
[2018-07-14 21:16:22][debug] [sms]ok num:10
[2018-07-14 21:16:22][debug] [sms]no num:0
[2018-07-14 21:16:22][debug] [sms]run time:3
[2018-07-14 21:16:22][debug] [sms]end:1531574182
[2018-07-14 21:16:22][debug] [sms]page:https://bbs.bivdg.top/plugin.php?id=tom_tchongbao:ajax&act=nitice_sms_hb_run&site=1&tongcheng_id=420&hongbao_id=52&page=36
[2018-07-14 21:16:22][debug] [sms]hongbao id:52
[2018-07-14 21:16:22][debug] [sms]page:36
[2018-07-14 21:16:22][debug] [sms]client IP:118.89.52.235
[2018-07-14 21:16:22][debug] [sms]start:1531574182
[2018-07-14 21:16:25][debug] [sms]all num:10
[2018-07-14 21:16:25][debug] [sms]run num:10
[2018-07-14 21:16:25][debug] [sms]ok num:10
[2018-07-14 21:16:25][debug] [sms]no num:0
[2018-07-14 21:16:25][debug] [sms]run time:3
[2018-07-14 21:16:25][debug] [sms]end:1531574185
[2018-07-14 21:16:25][debug] [sms]page:https://bbs.bivdg.top/plugin.php?id=tom_tchongbao:ajax&act=nitice_sms_hb_run&site=1&tongcheng_id=420&hongbao_id=52&page=37
[2018-07-14 21:16:26][debug] [sms]hongbao id:52
[2018-07-14 21:16:26][debug] [sms]page:37
[2018-07-14 21:16:26][debug] [sms]client IP:118.89.52.235
[2018-07-14 21:16:26][debug] [sms]start:1531574186
[2018-07-14 21:16:29][debug] [sms]all num:10
[2018-07-14 21:16:29][debug] [sms]run num:10
[2018-07-14 21:16:29][debug] [sms]ok num:9
[2018-07-14 21:16:29][debug] [sms]no num:0
[2018-07-14 21:16:29][debug] [sms]run time:3
[2018-07-14 21:16:29][debug] [sms]end:1531574189
[2018-07-14 21:16:29][debug] [sms]page:https://bbs.bivdg.top/plugin.php?id=tom_tchongbao:ajax&act=nitice_sms_hb_run&site=1&tongcheng_id=420&hongbao_id=52&page=38
[2018-07-14 21:16:30][debug] [sms]hongbao id:52
[2018-07-14 21:16:30][debug] [sms]page:38
[2018-07-14 21:16:30][debug] [sms]client IP:118.89.52.235
[2018-07-14 21:16:30][debug] [sms]start:1531574190
[2018-07-14 21:16:33][debug] [sms]all num:10
[2018-07-14 21:16:33][debug] [sms]run num:10
[2018-07-14 21:16:33][debug] [sms]ok num:6
[2018-07-14 21:16:33][debug] [sms]no num:0
[2018-07-14 21:16:33][debug] [sms]run time:3
[2018-07-14 21:16:33][debug] [sms]end:1531574193
[2018-07-14 21:16:33][debug] [sms]page:https://bbs.bivdg.top/plugin.php?id=tom_tchongbao:ajax&act=nitice_sms_hb_run&site=1&tongcheng_id=420&hongbao_id=52&page=39
[2018-07-14 21:16:33][debug] [sms]hongbao id:52
[2018-07-14 21:16:33][debug] [sms]page:39
[2018-07-14 21:16:33][debug] [sms]client IP:118.89.52.235
[2018-07-14 21:16:33][debug] [sms]start:1531574193
[2018-07-14 21:16:36][debug] [sms]all num:10
[2018-07-14 21:16:36][debug] [sms]run num:10
[2018-07-14 21:16:36][debug] [sms]ok num:3
[2018-07-14 21:16:36][debug] [sms]no num:0
[2018-07-14 21:16:36][debug] [sms]run time:3
[2018-07-14 21:16:36][debug] [sms]end:1531574196
[2018-07-14 21:16:36][debug] [sms]page:https://bbs.bivdg.top/plugin.php?id=tom_tchongbao:ajax&act=nitice_sms_hb_run&site=1&tongcheng_id=420&hongbao_id=52&page=40
[2018-07-14 21:16:36][debug] [sms]hongbao id:52
[2018-07-14 21:16:36][debug] [sms]page:40
[2018-07-14 21:16:36][debug] [sms]client IP:118.89.52.235
[2018-07-14 21:16:36][debug] [sms]start:1531574196
[2018-07-14 21:16:39][debug] [sms]all num:10
[2018-07-14 21:16:39][debug] [sms]run num:10
[2018-07-14 21:16:39][debug] [sms]ok num:2
[2018-07-14 21:16:39][debug] [sms]no num:0
[2018-07-14 21:16:39][debug] [sms]run time:3
[2018-07-14 21:16:39][debug] [sms]end:1531574199
[2018-07-14 21:16:39][debug] [sms]page:https://bbs.bivdg.top/plugin.php?id=tom_tchongbao:ajax&act=nitice_sms_hb_run&site=1&tongcheng_id=420&hongbao_id=52&page=41
[2018-07-14 21:16:39][debug] [sms]hongbao id:52
[2018-07-14 21:16:39][debug] [sms]page:41
[2018-07-14 21:16:39][debug] [sms]client IP:118.89.52.235
[2018-07-14 21:16:39][debug] [sms]start:1531574199
[2018-07-14 21:16:42][debug] [sms]all num:10
[2018-07-14 21:16:42][debug] [sms]run num:10
[2018-07-14 21:16:42][debug] [sms]ok num:4
[2018-07-14 21:16:42][debug] [sms]no num:0
[2018-07-14 21:16:42][debug] [sms]run time:3
[2018-07-14 21:16:42][debug] [sms]end:1531574202
[2018-07-14 21:16:42][debug] [sms]page:https://bbs.bivdg.top/plugin.php?id=tom_tchongbao:ajax&act=nitice_sms_hb_run&site=1&tongcheng_id=420&hongbao_id=52&page=42
[2018-07-14 21:16:42][debug] [sms]hongbao id:52
[2018-07-14 21:16:42][debug] [sms]page:42
[2018-07-14 21:16:42][debug] [sms]client IP:118.89.52.235
[2018-07-14 21:16:42][debug] [sms]start:1531574202
[2018-07-14 21:16:45][debug] [sms]all num:10
[2018-07-14 21:16:45][debug] [sms]run num:10
[2018-07-14 21:16:45][debug] [sms]ok num:1
[2018-07-14 21:16:45][debug] [sms]no num:0
[2018-07-14 21:16:45][debug] [sms]run time:3
[2018-07-14 21:16:45][debug] [sms]end:1531574205
[2018-07-14 21:16:45][debug] [sms]page:https://bbs.bivdg.top/plugin.php?id=tom_tchongbao:ajax&act=nitice_sms_hb_run&site=1&tongcheng_id=420&hongbao_id=52&page=43
[2018-07-14 21:16:45][debug] [sms]hongbao id:52
[2018-07-14 21:16:45][debug] [sms]page:43
[2018-07-14 21:16:45][debug] [sms]client IP:118.89.52.235
[2018-07-14 21:16:45][debug] [sms]start:1531574205
[2018-07-14 21:16:48][debug] [sms]all num:10
[2018-07-14 21:16:48][debug] [sms]run num:10
[2018-07-14 21:16:48][debug] [sms]ok num:2
[2018-07-14 21:16:48][debug] [sms]no num:0
[2018-07-14 21:16:48][debug] [sms]run time:3
[2018-07-14 21:16:48][debug] [sms]end:1531574208
[2018-07-14 21:16:48][debug] [sms]page:https://bbs.bivdg.top/plugin.php?id=tom_tchongbao:ajax&act=nitice_sms_hb_run&site=1&tongcheng_id=420&hongbao_id=52&page=44
[2018-07-14 21:16:48][debug] [sms]hongbao id:52
[2018-07-14 21:16:48][debug] [sms]page:44
[2018-07-14 21:16:48][debug] [sms]client IP:118.89.52.235
[2018-07-14 21:16:48][debug] [sms]start:1531574208
[2018-07-14 21:16:51][debug] [sms]all num:10
[2018-07-14 21:16:51][debug] [sms]run num:10
[2018-07-14 21:16:51][debug] [sms]ok num:7
[2018-07-14 21:16:51][debug] [sms]no num:0
[2018-07-14 21:16:51][debug] [sms]run time:3
[2018-07-14 21:16:51][debug] [sms]end:1531574211
[2018-07-14 21:16:51][debug] [sms]page:https://bbs.bivdg.top/plugin.php?id=tom_tchongbao:ajax&act=nitice_sms_hb_run&site=1&tongcheng_id=420&hongbao_id=52&page=45
[2018-07-14 21:16:51][debug] [sms]hongbao id:52
[2018-07-14 21:16:51][debug] [sms]page:45
[2018-07-14 21:16:51][debug] [sms]client IP:118.89.52.235
[2018-07-14 21:16:51][debug] [sms]start:1531574211
[2018-07-14 21:16:54][debug] [sms]all num:10
[2018-07-14 21:16:54][debug] [sms]run num:10
[2018-07-14 21:16:54][debug] [sms]ok num:3
[2018-07-14 21:16:54][debug] [sms]no num:0
[2018-07-14 21:16:54][debug] [sms]run time:3
[2018-07-14 21:16:54][debug] [sms]end:1531574214
[2018-07-14 21:16:54][debug] [sms]page:https://bbs.bivdg.top/plugin.php?id=tom_tchongbao:ajax&act=nitice_sms_hb_run&site=1&tongcheng_id=420&hongbao_id=52&page=46
[2018-07-14 21:16:55][debug] [sms]hongbao id:52
[2018-07-14 21:16:55][debug] [sms]page:46
[2018-07-14 21:16:55][debug] [sms]client IP:118.89.52.235
[2018-07-14 21:16:55][debug] [sms]start:1531574215
[2018-07-14 21:16:57][debug] [sms]all num:10
[2018-07-14 21:16:57][debug] [sms]run num:10
[2018-07-14 21:16:57][debug] [sms]ok num:5
[2018-07-14 21:16:57][debug] [sms]no num:0
[2018-07-14 21:16:57][debug] [sms]run time:2
[2018-07-14 21:16:57][debug] [sms]end:1531574217
[2018-07-14 21:16:57][debug] [sms]page:https://bbs.bivdg.top/plugin.php?id=tom_tchongbao:ajax&act=nitice_sms_hb_run&site=1&tongcheng_id=420&hongbao_id=52&page=47
[2018-07-14 21:16:58][debug] [sms]hongbao id:52
[2018-07-14 21:16:58][debug] [sms]page:47
[2018-07-14 21:16:58][debug] [sms]client IP:118.89.52.235
[2018-07-14 21:16:58][debug] [sms]start:1531574218
[2018-07-14 21:17:00][debug] [sms]all num:10
[2018-07-14 21:17:00][debug] [sms]run num:9
[2018-07-14 21:17:00][debug] [sms]ok num:5
[2018-07-14 21:17:00][debug] [sms]no num:0
[2018-07-14 21:17:00][debug] [sms]run time:2
[2018-07-14 21:17:00][debug] [sms]end:1531574220
[2018-07-14 21:17:00][debug] [sms]page:https://bbs.bivdg.top/plugin.php?id=tom_tchongbao:ajax&act=nitice_sms_hb_run&site=1&tongcheng_id=420&hongbao_id=52&page=48
[2018-07-14 21:17:01][debug] [sms]hongbao id:52
[2018-07-14 21:17:01][debug] [sms]page:48
[2018-07-14 21:17:01][debug] [sms]client IP:118.89.52.235
[2018-07-14 21:17:01][debug] [sms]start:1531574221
[2018-07-14 21:17:03][debug] [sms]all num:10
[2018-07-14 21:17:03][debug] [sms]run num:10
[2018-07-14 21:17:03][debug] [sms]ok num:2
[2018-07-14 21:17:03][debug] [sms]no num:0
[2018-07-14 21:17:03][debug] [sms]run time:2
[2018-07-14 21:17:03][debug] [sms]end:1531574223
[2018-07-14 21:17:03][debug] [sms]page:https://bbs.bivdg.top/plugin.php?id=tom_tchongbao:ajax&act=nitice_sms_hb_run&site=1&tongcheng_id=420&hongbao_id=52&page=49
[2018-07-14 21:17:04][debug] [sms]hongbao id:52
[2018-07-14 21:17:04][debug] [sms]page:49
[2018-07-14 21:17:04][debug] [sms]client IP:118.89.52.235
[2018-07-14 21:17:04][debug] [sms]start:1531574224
[2018-07-14 21:17:07][debug] [sms]all num:10
[2018-07-14 21:17:07][debug] [sms]run num:10
[2018-07-14 21:17:07][debug] [sms]ok num:3
[2018-07-14 21:17:07][debug] [sms]no num:0
[2018-07-14 21:17:07][debug] [sms]run time:3
[2018-07-14 21:17:07][debug] [sms]end:1531574227
[2018-07-14 21:17:07][debug] [sms]page:https://bbs.bivdg.top/plugin.php?id=tom_tchongbao:ajax&act=nitice_sms_hb_run&site=1&tongcheng_id=420&hongbao_id=52&page=50
[2018-07-14 21:17:07][debug] [sms]hongbao id:52
[2018-07-14 21:17:07][debug] [sms]page:50
[2018-07-14 21:17:07][debug] [sms]client IP:118.89.52.235
[2018-07-14 21:17:07][debug] [sms]start:1531574227
[2018-07-14 21:17:10][debug] [sms]all num:10
[2018-07-14 21:17:10][debug] [sms]run num:10
[2018-07-14 21:17:10][debug] [sms]ok num:3
[2018-07-14 21:17:10][debug] [sms]no num:0
[2018-07-14 21:17:10][debug] [sms]run time:3
[2018-07-14 21:17:10][debug] [sms]end:1531574230
[2018-07-14 21:17:10][debug] [sms]page:https://bbs.bivdg.top/plugin.php?id=tom_tchongbao:ajax&act=nitice_sms_hb_run&site=1&tongcheng_id=420&hongbao_id=52&page=51
[2018-07-14 21:17:10][debug] [sms]hongbao id:52
[2018-07-14 21:17:10][debug] [sms]page:51
[2018-07-14 21:17:10][debug] [sms]client IP:118.89.52.235
[2018-07-14 21:17:10][debug] [sms]start:1531574230
[2018-07-14 21:17:13][debug] [sms]all num:10
[2018-07-14 21:17:13][debug] [sms]run num:10
[2018-07-14 21:17:13][debug] [sms]ok num:6
[2018-07-14 21:17:13][debug] [sms]no num:0
[2018-07-14 21:17:13][debug] [sms]run time:3
[2018-07-14 21:17:13][debug] [sms]end:1531574233
[2018-07-14 21:17:13][debug] [sms]page:https://bbs.bivdg.top/plugin.php?id=tom_tchongbao:ajax&act=nitice_sms_hb_run&site=1&tongcheng_id=420&hongbao_id=52&page=52
[2018-07-14 21:17:13][debug] [sms]hongbao id:52
[2018-07-14 21:17:13][debug] [sms]page:52
[2018-07-14 21:17:13][debug] [sms]client IP:118.89.52.235
[2018-07-14 21:17:13][debug] [sms]start:1531574233
[2018-07-14 21:17:16][debug] [sms]all num:10
[2018-07-14 21:17:16][debug] [sms]run num:10
[2018-07-14 21:17:16][debug] [sms]ok num:10
[2018-07-14 21:17:16][debug] [sms]no num:0
[2018-07-14 21:17:16][debug] [sms]run time:3
[2018-07-14 21:17:16][debug] [sms]end:1531574236
[2018-07-14 21:17:16][debug] [sms]page:https://bbs.bivdg.top/plugin.php?id=tom_tchongbao:ajax&act=nitice_sms_hb_run&site=1&tongcheng_id=420&hongbao_id=52&page=53
[2018-07-14 21:17:17][debug] [sms]hongbao id:52
[2018-07-14 21:17:17][debug] [sms]page:53
[2018-07-14 21:17:17][debug] [sms]client IP:118.89.52.235
[2018-07-14 21:17:17][debug] [sms]start:1531574237
[2018-07-14 21:17:20][debug] [sms]all num:10
[2018-07-14 21:17:20][debug] [sms]run num:10
[2018-07-14 21:17:20][debug] [sms]ok num:3
[2018-07-14 21:17:20][debug] [sms]no num:0
[2018-07-14 21:17:20][debug] [sms]run time:3
[2018-07-14 21:17:20][debug] [sms]end:1531574240
[2018-07-14 21:17:20][debug] [sms]page:https://bbs.bivdg.top/plugin.php?id=tom_tchongbao:ajax&act=nitice_sms_hb_run&site=1&tongcheng_id=420&hongbao_id=52&page=54
[2018-07-14 21:17:20][debug] [sms]hongbao id:52
[2018-07-14 21:17:20][debug] [sms]page:54
[2018-07-14 21:17:20][debug] [sms]client IP:118.89.52.235
[2018-07-14 21:17:20][debug] [sms]start:1531574240
[2018-07-14 21:17:23][debug] [sms]all num:10
[2018-07-14 21:17:23][debug] [sms]run num:10
[2018-07-14 21:17:23][debug] [sms]ok num:1
[2018-07-14 21:17:23][debug] [sms]no num:0
[2018-07-14 21:17:23][debug] [sms]run time:3
[2018-07-14 21:17:23][debug] [sms]end:1531574243
[2018-07-14 21:17:23][debug] [sms]page:https://bbs.bivdg.top/plugin.php?id=tom_tchongbao:ajax&act=nitice_sms_hb_run&site=1&tongcheng_id=420&hongbao_id=52&page=55
[2018-07-14 21:17:23][debug] [sms]hongbao id:52
[2018-07-14 21:17:23][debug] [sms]page:55
[2018-07-14 21:17:23][debug] [sms]client IP:118.89.52.235
[2018-07-14 21:17:23][debug] [sms]start:1531574243
[2018-07-14 21:17:26][debug] [sms]all num:10
[2018-07-14 21:17:26][debug] [sms]run num:10
[2018-07-14 21:17:26][debug] [sms]ok num:6
[2018-07-14 21:17:26][debug] [sms]no num:0
[2018-07-14 21:17:26][debug] [sms]run time:3
[2018-07-14 21:17:26][debug] [sms]end:1531574246
[2018-07-14 21:17:26][debug] [sms]page:https://bbs.bivdg.top/plugin.php?id=tom_tchongbao:ajax&act=nitice_sms_hb_run&site=1&tongcheng_id=420&hongbao_id=52&page=56
[2018-07-14 21:17:26][debug] [sms]hongbao id:52
[2018-07-14 21:17:26][debug] [sms]page:56
[2018-07-14 21:17:26][debug] [sms]client IP:118.89.52.235
[2018-07-14 21:17:26][debug] [sms]start:1531574246
[2018-07-14 21:17:29][debug] [sms]all num:10
[2018-07-14 21:17:29][debug] [sms]run num:10
[2018-07-14 21:17:29][debug] [sms]ok num:7
[2018-07-14 21:17:29][debug] [sms]no num:0
[2018-07-14 21:17:29][debug] [sms]run time:3
[2018-07-14 21:17:29][debug] [sms]end:1531574249
[2018-07-14 21:17:29][debug] [sms]page:https://bbs.bivdg.top/plugin.php?id=tom_tchongbao:ajax&act=nitice_sms_hb_run&site=1&tongcheng_id=420&hongbao_id=52&page=57
[2018-07-14 21:17:29][debug] [sms]hongbao id:52
[2018-07-14 21:17:29][debug] [sms]page:57
[2018-07-14 21:17:29][debug] [sms]client IP:118.89.52.235
[2018-07-14 21:17:29][debug] [sms]start:1531574249
[2018-07-14 21:17:32][debug] [sms]all num:10
[2018-07-14 21:17:32][debug] [sms]run num:10
[2018-07-14 21:17:32][debug] [sms]ok num:4
[2018-07-14 21:17:32][debug] [sms]no num:0
[2018-07-14 21:17:32][debug] [sms]run time:3
[2018-07-14 21:17:32][debug] [sms]end:1531574252
[2018-07-14 21:17:32][debug] [sms]page:https://bbs.bivdg.top/plugin.php?id=tom_tchongbao:ajax&act=nitice_sms_hb_run&site=1&tongcheng_id=420&hongbao_id=52&page=58
[2018-07-14 21:17:32][debug] [sms]hongbao id:52
[2018-07-14 21:17:32][debug] [sms]page:58
[2018-07-14 21:17:32][debug] [sms]client IP:118.89.52.235
[2018-07-14 21:17:32][debug] [sms]start:1531574252
[2018-07-14 21:17:35][debug] [sms]all num:10
[2018-07-14 21:17:35][debug] [sms]run num:10
[2018-07-14 21:17:35][debug] [sms]ok num:6
[2018-07-14 21:17:35][debug] [sms]no num:0
[2018-07-14 21:17:35][debug] [sms]run time:3
[2018-07-14 21:17:35][debug] [sms]end:1531574255
[2018-07-14 21:17:35][debug] [sms]page:https://bbs.bivdg.top/plugin.php?id=tom_tchongbao:ajax&act=nitice_sms_hb_run&site=1&tongcheng_id=420&hongbao_id=52&page=59
[2018-07-14 21:17:36][debug] [sms]hongbao id:52
[2018-07-14 21:17:36][debug] [sms]page:59
[2018-07-14 21:17:36][debug] [sms]client IP:118.89.52.235
[2018-07-14 21:17:36][debug] [sms]start:1531574256
[2018-07-14 21:17:39][debug] [sms]all num:10
[2018-07-14 21:17:39][debug] [sms]run num:10
[2018-07-14 21:17:39][debug] [sms]ok num:1
[2018-07-14 21:17:39][debug] [sms]no num:0
[2018-07-14 21:17:39][debug] [sms]run time:3
[2018-07-14 21:17:39][debug] [sms]end:1531574259
[2018-07-14 21:17:39][debug] [sms]page:https://bbs.bivdg.top/plugin.php?id=tom_tchongbao:ajax&act=nitice_sms_hb_run&site=1&tongcheng_id=420&hongbao_id=52&page=60
[2018-07-14 21:17:39][debug] [sms]hongbao id:52
[2018-07-14 21:17:39][debug] [sms]page:60
[2018-07-14 21:17:39][debug] [sms]client IP:118.89.52.235
[2018-07-14 21:17:39][debug] [sms]start:1531574259
[2018-07-14 21:17:42][debug] [sms]all num:10
[2018-07-14 21:17:42][debug] [sms]run num:10
[2018-07-14 21:17:42][debug] [sms]ok num:3
[2018-07-14 21:17:42][debug] [sms]no num:0
[2018-07-14 21:17:42][debug] [sms]run time:3
[2018-07-14 21:17:42][debug] [sms]end:1531574262
[2018-07-14 21:17:42][debug] [sms]page:https://bbs.bivdg.top/plugin.php?id=tom_tchongbao:ajax&act=nitice_sms_hb_run&site=1&tongcheng_id=420&hongbao_id=52&page=61
[2018-07-14 21:17:42][debug] [sms]hongbao id:52
[2018-07-14 21:17:42][debug] [sms]page:61
[2018-07-14 21:17:42][debug] [sms]client IP:118.89.52.235
[2018-07-14 21:17:42][debug] [sms]start:1531574262
[2018-07-14 21:17:45][debug] [sms]all num:10
[2018-07-14 21:17:45][debug] [sms]run num:10
[2018-07-14 21:17:45][debug] [sms]ok num:6
[2018-07-14 21:17:45][debug] [sms]no num:0
[2018-07-14 21:17:45][debug] [sms]run time:3
[2018-07-14 21:17:45][debug] [sms]end:1531574265
[2018-07-14 21:17:45][debug] [sms]page:https://bbs.bivdg.top/plugin.php?id=tom_tchongbao:ajax&act=nitice_sms_hb_run&site=1&tongcheng_id=420&hongbao_id=52&page=62
[2018-07-14 21:17:45][debug] [sms]hongbao id:52
[2018-07-14 21:17:45][debug] [sms]page:62
[2018-07-14 21:17:45][debug] [sms]client IP:118.89.52.235
[2018-07-14 21:17:45][debug] [sms]start:1531574265
[2018-07-14 21:17:48][debug] [sms]all num:10
[2018-07-14 21:17:48][debug] [sms]run num:10
[2018-07-14 21:17:48][debug] [sms]ok num:4
[2018-07-14 21:17:48][debug] [sms]no num:0
[2018-07-14 21:17:48][debug] [sms]run time:3
[2018-07-14 21:17:48][debug] [sms]end:1531574268
[2018-07-14 21:17:48][debug] [sms]page:https://bbs.bivdg.top/plugin.php?id=tom_tchongbao:ajax&act=nitice_sms_hb_run&site=1&tongcheng_id=420&hongbao_id=52&page=63
[2018-07-14 21:17:48][debug] [sms]hongbao id:52
[2018-07-14 21:17:48][debug] [sms]page:63
[2018-07-14 21:17:48][debug] [sms]client IP:118.89.52.235
[2018-07-14 21:17:48][debug] [sms]start:1531574268
[2018-07-14 21:17:51][debug] [sms]all num:10
[2018-07-14 21:17:51][debug] [sms]run num:10
[2018-07-14 21:17:51][debug] [sms]ok num:3
[2018-07-14 21:17:51][debug] [sms]no num:0
[2018-07-14 21:17:51][debug] [sms]run time:3
[2018-07-14 21:17:51][debug] [sms]end:1531574271
[2018-07-14 21:17:51][debug] [sms]page:https://bbs.bivdg.top/plugin.php?id=tom_tchongbao:ajax&act=nitice_sms_hb_run&site=1&tongcheng_id=420&hongbao_id=52&page=64
[2018-07-14 21:17:51][debug] [sms]hongbao id:52
[2018-07-14 21:17:51][debug] [sms]page:64
[2018-07-14 21:17:51][debug] [sms]client IP:118.89.52.235
[2018-07-14 21:17:51][debug] [sms]start:1531574271
[2018-07-14 21:17:54][debug] [sms]all num:10
[2018-07-14 21:17:54][debug] [sms]run num:10
[2018-07-14 21:17:54][debug] [sms]ok num:4
[2018-07-14 21:17:54][debug] [sms]no num:0
[2018-07-14 21:17:54][debug] [sms]run time:3
[2018-07-14 21:17:54][debug] [sms]end:1531574274
[2018-07-14 21:17:54][debug] [sms]page:https://bbs.bivdg.top/plugin.php?id=tom_tchongbao:ajax&act=nitice_sms_hb_run&site=1&tongcheng_id=420&hongbao_id=52&page=65
[2018-07-14 21:17:55][debug] [sms]hongbao id:52
[2018-07-14 21:17:55][debug] [sms]page:65
[2018-07-14 21:17:55][debug] [sms]client IP:118.89.52.235
[2018-07-14 21:17:55][debug] [sms]start:1531574275
[2018-07-14 21:17:58][debug] [sms]all num:10
[2018-07-14 21:17:58][debug] [sms]run num:10
[2018-07-14 21:17:58][debug] [sms]ok num:7
[2018-07-14 21:17:58][debug] [sms]no num:0
[2018-07-14 21:17:58][debug] [sms]run time:3
[2018-07-14 21:17:58][debug] [sms]end:1531574278
[2018-07-14 21:17:58][debug] [sms]page:https://bbs.bivdg.top/plugin.php?id=tom_tchongbao:ajax&act=nitice_sms_hb_run&site=1&tongcheng_id=420&hongbao_id=52&page=66
[2018-07-14 21:17:58][debug] [sms]hongbao id:52
[2018-07-14 21:17:58][debug] [sms]page:66
[2018-07-14 21:17:58][debug] [sms]client IP:118.89.52.235
[2018-07-14 21:17:58][debug] [sms]start:1531574278
[2018-07-14 21:18:01][debug] [sms]all num:10
[2018-07-14 21:18:01][debug] [sms]run num:10
[2018-07-14 21:18:01][debug] [sms]ok num:7
[2018-07-14 21:18:01][debug] [sms]no num:0
[2018-07-14 21:18:01][debug] [sms]run time:3
[2018-07-14 21:18:01][debug] [sms]end:1531574281
[2018-07-14 21:18:01][debug] [sms]page:https://bbs.bivdg.top/plugin.php?id=tom_tchongbao:ajax&act=nitice_sms_hb_run&site=1&tongcheng_id=420&hongbao_id=52&page=67
[2018-07-14 21:18:01][debug] [sms]hongbao id:52
[2018-07-14 21:18:01][debug] [sms]page:67
[2018-07-14 21:18:01][debug] [sms]client IP:118.89.52.235
[2018-07-14 21:18:01][debug] [sms]start:1531574281
[2018-07-14 21:18:04][debug] [sms]all num:10
[2018-07-14 21:18:04][debug] [sms]run num:10
[2018-07-14 21:18:04][debug] [sms]ok num:3
[2018-07-14 21:18:04][debug] [sms]no num:0
[2018-07-14 21:18:04][debug] [sms]run time:3
[2018-07-14 21:18:04][debug] [sms]end:1531574284
[2018-07-14 21:18:04][debug] [sms]page:https://bbs.bivdg.top/plugin.php?id=tom_tchongbao:ajax&act=nitice_sms_hb_run&site=1&tongcheng_id=420&hongbao_id=52&page=68
[2018-07-14 21:18:04][debug] [sms]hongbao id:52
[2018-07-14 21:18:04][debug] [sms]page:68
[2018-07-14 21:18:04][debug] [sms]client IP:118.89.52.235
[2018-07-14 21:18:04][debug] [sms]start:1531574284
[2018-07-14 21:18:07][debug] [sms]all num:10
[2018-07-14 21:18:07][debug] [sms]run num:10
[2018-07-14 21:18:07][debug] [sms]ok num:2
[2018-07-14 21:18:07][debug] [sms]no num:0
[2018-07-14 21:18:07][debug] [sms]run time:3
[2018-07-14 21:18:07][debug] [sms]end:1531574287
[2018-07-14 21:18:07][debug] [sms]page:https://bbs.bivdg.top/plugin.php?id=tom_tchongbao:ajax&act=nitice_sms_hb_run&site=1&tongcheng_id=420&hongbao_id=52&page=69
[2018-07-14 21:18:07][debug] [sms]hongbao id:52
[2018-07-14 21:18:07][debug] [sms]page:69
[2018-07-14 21:18:07][debug] [sms]client IP:118.89.52.235
[2018-07-14 21:18:07][debug] [sms]start:1531574287
[2018-07-14 21:18:10][debug] [sms]all num:10
[2018-07-14 21:18:10][debug] [sms]run num:10
[2018-07-14 21:18:10][debug] [sms]ok num:3
[2018-07-14 21:18:10][debug] [sms]no num:0
[2018-07-14 21:18:10][debug] [sms]run time:3
[2018-07-14 21:18:10][debug] [sms]end:1531574290
[2018-07-14 21:18:10][debug] [sms]page:https://bbs.bivdg.top/plugin.php?id=tom_tchongbao:ajax&act=nitice_sms_hb_run&site=1&tongcheng_id=420&hongbao_id=52&page=70
[2018-07-14 21:18:10][debug] [sms]hongbao id:52
[2018-07-14 21:18:10][debug] [sms]page:70
[2018-07-14 21:18:10][debug] [sms]client IP:118.89.52.235
[2018-07-14 21:18:10][debug] [sms]start:1531574290
[2018-07-14 21:18:13][debug] [sms]all num:10
[2018-07-14 21:18:13][debug] [sms]run num:10
[2018-07-14 21:18:13][debug] [sms]ok num:6
[2018-07-14 21:18:13][debug] [sms]no num:0
[2018-07-14 21:18:13][debug] [sms]run time:3
[2018-07-14 21:18:13][debug] [sms]end:1531574293
[2018-07-14 21:18:13][debug] [sms]page:https://bbs.bivdg.top/plugin.php?id=tom_tchongbao:ajax&act=nitice_sms_hb_run&site=1&tongcheng_id=420&hongbao_id=52&page=71
[2018-07-14 21:18:14][debug] [sms]hongbao id:52
[2018-07-14 21:18:14][debug] [sms]page:71
[2018-07-14 21:18:14][debug] [sms]client IP:118.89.52.235
[2018-07-14 21:18:14][debug] [sms]start:1531574294
[2018-07-14 21:18:16][debug] [sms]all num:10
[2018-07-14 21:18:16][debug] [sms]run num:10
[2018-07-14 21:18:16][debug] [sms]ok num:4
[2018-07-14 21:18:16][debug] [sms]no num:0
[2018-07-14 21:18:16][debug] [sms]run time:2
[2018-07-14 21:18:16][debug] [sms]end:1531574296
[2018-07-14 21:18:16][debug] [sms]page:https://bbs.bivdg.top/plugin.php?id=tom_tchongbao:ajax&act=nitice_sms_hb_run&site=1&tongcheng_id=420&hongbao_id=52&page=72
[2018-07-14 21:18:17][debug] [sms]hongbao id:52
[2018-07-14 21:18:17][debug] [sms]page:72
[2018-07-14 21:18:17][debug] [sms]client IP:118.89.52.235
[2018-07-14 21:18:17][debug] [sms]start:1531574297
[2018-07-14 21:18:19][debug] [sms]all num:10
[2018-07-14 21:18:19][debug] [sms]run num:10
[2018-07-14 21:18:19][debug] [sms]ok num:5
[2018-07-14 21:18:19][debug] [sms]no num:0
[2018-07-14 21:18:19][debug] [sms]run time:2
[2018-07-14 21:18:19][debug] [sms]end:1531574299
[2018-07-14 21:18:19][debug] [sms]page:https://bbs.bivdg.top/plugin.php?id=tom_tchongbao:ajax&act=nitice_sms_hb_run&site=1&tongcheng_id=420&hongbao_id=52&page=73
[2018-07-14 21:18:20][debug] [sms]hongbao id:52
[2018-07-14 21:18:20][debug] [sms]page:73
[2018-07-14 21:18:20][debug] [sms]client IP:118.89.52.235
[2018-07-14 21:18:20][debug] [sms]start:1531574300
[2018-07-14 21:18:22][debug] [sms]all num:10
[2018-07-14 21:18:22][debug] [sms]run num:10
[2018-07-14 21:18:22][debug] [sms]ok num:5
[2018-07-14 21:18:22][debug] [sms]no num:0
[2018-07-14 21:18:22][debug] [sms]run time:2
[2018-07-14 21:18:22][debug] [sms]end:1531574302
[2018-07-14 21:18:22][debug] [sms]page:https://bbs.bivdg.top/plugin.php?id=tom_tchongbao:ajax&act=nitice_sms_hb_run&site=1&tongcheng_id=420&hongbao_id=52&page=74
[2018-07-14 21:18:23][debug] [sms]hongbao id:52
[2018-07-14 21:18:23][debug] [sms]page:74
[2018-07-14 21:18:23][debug] [sms]client IP:118.89.52.235
[2018-07-14 21:18:23][debug] [sms]start:1531574303
[2018-07-14 21:18:25][debug] [sms]all num:10
[2018-07-14 21:18:25][debug] [sms]run num:10
[2018-07-14 21:18:25][debug] [sms]ok num:4
[2018-07-14 21:18:25][debug] [sms]no num:0
[2018-07-14 21:18:25][debug] [sms]run time:2
[2018-07-14 21:18:25][debug] [sms]end:1531574305
[2018-07-14 21:18:25][debug] [sms]page:https://bbs.bivdg.top/plugin.php?id=tom_tchongbao:ajax&act=nitice_sms_hb_run&site=1&tongcheng_id=420&hongbao_id=52&page=75
[2018-07-14 21:18:26][debug] [sms]hongbao id:52
[2018-07-14 21:18:26][debug] [sms]page:75
[2018-07-14 21:18:26][debug] [sms]client IP:118.89.52.235
[2018-07-14 21:18:26][debug] [sms]start:1531574306
[2018-07-14 21:18:29][debug] [sms]all num:10
[2018-07-14 21:18:29][debug] [sms]run num:10
[2018-07-14 21:18:29][debug] [sms]ok num:6
[2018-07-14 21:18:29][debug] [sms]no num:0
[2018-07-14 21:18:29][debug] [sms]run time:3
[2018-07-14 21:18:29][debug] [sms]end:1531574309
[2018-07-14 21:18:29][debug] [sms]page:https://bbs.bivdg.top/plugin.php?id=tom_tchongbao:ajax&act=nitice_sms_hb_run&site=1&tongcheng_id=420&hongbao_id=52&page=76
[2018-07-14 21:18:29][debug] [sms]hongbao id:52
[2018-07-14 21:18:29][debug] [sms]page:76
[2018-07-14 21:18:29][debug] [sms]client IP:118.89.52.235
[2018-07-14 21:18:29][debug] [sms]start:1531574309
[2018-07-14 21:18:32][debug] [sms]all num:10
[2018-07-14 21:18:32][debug] [sms]run num:10
[2018-07-14 21:18:32][debug] [sms]ok num:3
[2018-07-14 21:18:32][debug] [sms]no num:0
[2018-07-14 21:18:32][debug] [sms]run time:3
[2018-07-14 21:18:32][debug] [sms]end:1531574312
[2018-07-14 21:18:32][debug] [sms]page:https://bbs.bivdg.top/plugin.php?id=tom_tchongbao:ajax&act=nitice_sms_hb_run&site=1&tongcheng_id=420&hongbao_id=52&page=77
[2018-07-14 21:18:32][debug] [sms]hongbao id:52
[2018-07-14 21:18:32][debug] [sms]page:77
[2018-07-14 21:18:32][debug] [sms]client IP:118.89.52.235
[2018-07-14 21:18:32][debug] [sms]start:1531574312
[2018-07-14 21:18:35][debug] [sms]all num:10
[2018-07-14 21:18:35][debug] [sms]run num:10
[2018-07-14 21:18:35][debug] [sms]ok num:5
[2018-07-14 21:18:35][debug] [sms]no num:0
[2018-07-14 21:18:35][debug] [sms]run time:3
[2018-07-14 21:18:35][debug] [sms]end:1531574315
[2018-07-14 21:18:35][debug] [sms]page:https://bbs.bivdg.top/plugin.php?id=tom_tchongbao:ajax&act=nitice_sms_hb_run&site=1&tongcheng_id=420&hongbao_id=52&page=78
[2018-07-14 21:18:35][debug] [sms]hongbao id:52
[2018-07-14 21:18:35][debug] [sms]page:78
[2018-07-14 21:18:35][debug] [sms]client IP:118.89.52.235
[2018-07-14 21:18:35][debug] [sms]start:1531574315
[2018-07-14 21:18:38][debug] [sms]all num:10
[2018-07-14 21:18:38][debug] [sms]run num:10
[2018-07-14 21:18:38][debug] [sms]ok num:7
[2018-07-14 21:18:38][debug] [sms]no num:0
[2018-07-14 21:18:38][debug] [sms]run time:3
[2018-07-14 21:18:38][debug] [sms]end:1531574318
[2018-07-14 21:18:38][debug] [sms]page:https://bbs.bivdg.top/plugin.php?id=tom_tchongbao:ajax&act=nitice_sms_hb_run&site=1&tongcheng_id=420&hongbao_id=52&page=79
[2018-07-14 21:18:39][debug] [sms]hongbao id:52
[2018-07-14 21:18:39][debug] [sms]page:79
[2018-07-14 21:18:39][debug] [sms]client IP:118.89.52.235
[2018-07-14 21:18:39][debug] [sms]start:1531574319
[2018-07-14 21:18:41][debug] [sms]all num:10
[2018-07-14 21:18:41][debug] [sms]run num:10
[2018-07-14 21:18:41][debug] [sms]ok num:3
[2018-07-14 21:18:41][debug] [sms]no num:0
[2018-07-14 21:18:41][debug] [sms]run time:2
[2018-07-14 21:18:41][debug] [sms]end:1531574321
[2018-07-14 21:18:41][debug] [sms]page:https://bbs.bivdg.top/plugin.php?id=tom_tchongbao:ajax&act=nitice_sms_hb_run&site=1&tongcheng_id=420&hongbao_id=52&page=80
[2018-07-14 21:18:42][debug] [sms]hongbao id:52
[2018-07-14 21:18:42][debug] [sms]page:80
[2018-07-14 21:18:42][debug] [sms]client IP:118.89.52.235
[2018-07-14 21:18:42][debug] [sms]start:1531574322
[2018-07-14 21:18:45][debug] [sms]all num:10
[2018-07-14 21:18:45][debug] [sms]run num:10
[2018-07-14 21:18:45][debug] [sms]ok num:1
[2018-07-14 21:18:45][debug] [sms]no num:0
[2018-07-14 21:18:45][debug] [sms]run time:3
[2018-07-14 21:18:45][debug] [sms]end:1531574325
[2018-07-14 21:18:45][debug] [sms]page:https://bbs.bivdg.top/plugin.php?id=tom_tchongbao:ajax&act=nitice_sms_hb_run&site=1&tongcheng_id=420&hongbao_id=52&page=81
[2018-07-14 21:18:45][debug] [sms]hongbao id:52
[2018-07-14 21:18:45][debug] [sms]page:81
[2018-07-14 21:18:45][debug] [sms]client IP:118.89.52.235
[2018-07-14 21:18:45][debug] [sms]start:1531574325
[2018-07-14 21:18:48][debug] [sms]all num:10
[2018-07-14 21:18:48][debug] [sms]run num:10
[2018-07-14 21:18:48][debug] [sms]ok num:0
[2018-07-14 21:18:48][debug] [sms]no num:0
[2018-07-14 21:18:48][debug] [sms]run time:3
[2018-07-14 21:18:48][debug] [sms]end:1531574328
[2018-07-14 21:18:48][debug] [sms]page:https://bbs.bivdg.top/plugin.php?id=tom_tchongbao:ajax&act=nitice_sms_hb_run&site=1&tongcheng_id=420&hongbao_id=52&page=82
[2018-07-14 21:18:48][debug] [sms]hongbao id:52
[2018-07-14 21:18:48][debug] [sms]page:82
[2018-07-14 21:18:48][debug] [sms]client IP:118.89.52.235
[2018-07-14 21:18:48][debug] [sms]start:1531574328
[2018-07-14 21:18:52][debug] [sms]all num:10
[2018-07-14 21:18:52][debug] [sms]run num:10
[2018-07-14 21:18:52][debug] [sms]ok num:3
[2018-07-14 21:18:52][debug] [sms]no num:0
[2018-07-14 21:18:52][debug] [sms]run time:4
[2018-07-14 21:18:52][debug] [sms]end:1531574332
[2018-07-14 21:18:52][debug] [sms]page:https://bbs.bivdg.top/plugin.php?id=tom_tchongbao:ajax&act=nitice_sms_hb_run&site=1&tongcheng_id=420&hongbao_id=52&page=83
[2018-07-14 21:18:52][debug] [sms]hongbao id:52
[2018-07-14 21:18:52][debug] [sms]page:83
[2018-07-14 21:18:52][debug] [sms]client IP:118.89.52.235
[2018-07-14 21:18:52][debug] [sms]start:1531574332
[2018-07-14 21:18:55][debug] [sms]all num:10
[2018-07-14 21:18:55][debug] [sms]run num:10
[2018-07-14 21:18:55][debug] [sms]ok num:4
[2018-07-14 21:18:55][debug] [sms]no num:0
[2018-07-14 21:18:55][debug] [sms]run time:3
[2018-07-14 21:18:55][debug] [sms]end:1531574335
[2018-07-14 21:18:55][debug] [sms]page:https://bbs.bivdg.top/plugin.php?id=tom_tchongbao:ajax&act=nitice_sms_hb_run&site=1&tongcheng_id=420&hongbao_id=52&page=84
[2018-07-14 21:18:55][debug] [sms]hongbao id:52
[2018-07-14 21:18:55][debug] [sms]page:84
[2018-07-14 21:18:55][debug] [sms]client IP:118.89.52.235
[2018-07-14 21:18:55][debug] [sms]start:1531574335
[2018-07-14 21:18:58][debug] [sms]all num:10
[2018-07-14 21:18:58][debug] [sms]run num:9
[2018-07-14 21:18:58][debug] [sms]ok num:3
[2018-07-14 21:18:58][debug] [sms]no num:0
[2018-07-14 21:18:58][debug] [sms]run time:3
[2018-07-14 21:18:58][debug] [sms]end:1531574338
[2018-07-14 21:18:58][debug] [sms]page:https://bbs.bivdg.top/plugin.php?id=tom_tchongbao:ajax&act=nitice_sms_hb_run&site=1&tongcheng_id=420&hongbao_id=52&page=85
[2018-07-14 21:18:58][debug] [sms]hongbao id:52
[2018-07-14 21:18:58][debug] [sms]page:85
[2018-07-14 21:18:58][debug] [sms]client IP:118.89.52.235
[2018-07-14 21:18:58][debug] [sms]start:1531574338
[2018-07-14 21:19:01][debug] [sms]all num:10
[2018-07-14 21:19:01][debug] [sms]run num:10
[2018-07-14 21:19:01][debug] [sms]ok num:0
[2018-07-14 21:19:01][debug] [sms]no num:0
[2018-07-14 21:19:01][debug] [sms]run time:3
[2018-07-14 21:19:01][debug] [sms]end:1531574341
[2018-07-14 21:19:01][debug] [sms]page:https://bbs.bivdg.top/plugin.php?id=tom_tchongbao:ajax&act=nitice_sms_hb_run&site=1&tongcheng_id=420&hongbao_id=52&page=86
[2018-07-14 21:19:02][debug] [sms]hongbao id:52
[2018-07-14 21:19:02][debug] [sms]page:86
[2018-07-14 21:19:02][debug] [sms]client IP:118.89.52.235
[2018-07-14 21:19:02][debug] [sms]start:1531574342
[2018-07-14 21:19:05][debug] [sms]all num:10
[2018-07-14 21:19:05][debug] [sms]run num:10
[2018-07-14 21:19:05][debug] [sms]ok num:4
[2018-07-14 21:19:05][debug] [sms]no num:0
[2018-07-14 21:19:05][debug] [sms]run time:3
[2018-07-14 21:19:05][debug] [sms]end:1531574345
[2018-07-14 21:19:05][debug] [sms]page:https://bbs.bivdg.top/plugin.php?id=tom_tchongbao:ajax&act=nitice_sms_hb_run&site=1&tongcheng_id=420&hongbao_id=52&page=87
[2018-07-14 21:19:05][debug] [sms]hongbao id:52
[2018-07-14 21:19:05][debug] [sms]page:87
[2018-07-14 21:19:05][debug] [sms]client IP:118.89.52.235
[2018-07-14 21:19:05][debug] [sms]start:1531574345
[2018-07-14 21:19:08][debug] [sms]all num:10
[2018-07-14 21:19:08][debug] [sms]run num:10
[2018-07-14 21:19:08][debug] [sms]ok num:2
[2018-07-14 21:19:08][debug] [sms]no num:0
[2018-07-14 21:19:08][debug] [sms]run time:3
[2018-07-14 21:19:08][debug] [sms]end:1531574348
[2018-07-14 21:19:08][debug] [sms]page:https://bbs.bivdg.top/plugin.php?id=tom_tchongbao:ajax&act=nitice_sms_hb_run&site=1&tongcheng_id=420&hongbao_id=52&page=88
[2018-07-14 21:19:08][debug] [sms]hongbao id:52
[2018-07-14 21:19:08][debug] [sms]page:88
[2018-07-14 21:19:08][debug] [sms]client IP:118.89.52.235
[2018-07-14 21:19:08][debug] [sms]start:1531574348
[2018-07-14 21:19:11][debug] [sms]all num:10
[2018-07-14 21:19:11][debug] [sms]run num:10
[2018-07-14 21:19:11][debug] [sms]ok num:1
[2018-07-14 21:19:11][debug] [sms]no num:0
[2018-07-14 21:19:11][debug] [sms]run time:3
[2018-07-14 21:19:11][debug] [sms]end:1531574351
[2018-07-14 21:19:11][debug] [sms]page:https://bbs.bivdg.top/plugin.php?id=tom_tchongbao:ajax&act=nitice_sms_hb_run&site=1&tongcheng_id=420&hongbao_id=52&page=89
[2018-07-14 21:19:11][debug] [sms]hongbao id:52
[2018-07-14 21:19:11][debug] [sms]page:89
[2018-07-14 21:19:11][debug] [sms]client IP:118.89.52.235
[2018-07-14 21:19:11][debug] [sms]start:1531574351
[2018-07-14 21:19:14][debug] [sms]all num:10
[2018-07-14 21:19:14][debug] [sms]run num:10
[2018-07-14 21:19:14][debug] [sms]ok num:2
[2018-07-14 21:19:14][debug] [sms]no num:0
[2018-07-14 21:19:14][debug] [sms]run time:3
[2018-07-14 21:19:14][debug] [sms]end:1531574354
[2018-07-14 21:19:14][debug] [sms]page:https://bbs.bivdg.top/plugin.php?id=tom_tchongbao:ajax&act=nitice_sms_hb_run&site=1&tongcheng_id=420&hongbao_id=52&page=90
[2018-07-14 21:19:14][debug] [sms]hongbao id:52
[2018-07-14 21:19:14][debug] [sms]page:90
[2018-07-14 21:19:14][debug] [sms]client IP:118.89.52.235
[2018-07-14 21:19:14][debug] [sms]start:1531574354
[2018-07-14 21:19:17][debug] [sms]all num:10
[2018-07-14 21:19:17][debug] [sms]run num:9
[2018-07-14 21:19:17][debug] [sms]ok num:1
[2018-07-14 21:19:17][debug] [sms]no num:0
[2018-07-14 21:19:17][debug] [sms]run time:3
[2018-07-14 21:19:17][debug] [sms]end:1531574357
[2018-07-14 21:19:17][debug] [sms]page:https://bbs.bivdg.top/plugin.php?id=tom_tchongbao:ajax&act=nitice_sms_hb_run&site=1&tongcheng_id=420&hongbao_id=52&page=91
[2018-07-14 21:19:17][debug] [sms]hongbao id:52
[2018-07-14 21:19:17][debug] [sms]page:91
[2018-07-14 21:19:17][debug] [sms]client IP:118.89.52.235
[2018-07-14 21:19:17][debug] [sms]start:1531574357
[2018-07-14 21:19:20][debug] [sms]all num:10
[2018-07-14 21:19:20][debug] [sms]run num:10
[2018-07-14 21:19:20][debug] [sms]ok num:6
[2018-07-14 21:19:20][debug] [sms]no num:0
[2018-07-14 21:19:20][debug] [sms]run time:3
[2018-07-14 21:19:20][debug] [sms]end:1531574360
[2018-07-14 21:19:20][debug] [sms]page:https://bbs.bivdg.top/plugin.php?id=tom_tchongbao:ajax&act=nitice_sms_hb_run&site=1&tongcheng_id=420&hongbao_id=52&page=92
[2018-07-14 21:19:20][debug] [sms]hongbao id:52
[2018-07-14 21:19:20][debug] [sms]page:92
[2018-07-14 21:19:20][debug] [sms]client IP:118.89.52.235
[2018-07-14 21:19:20][debug] [sms]start:1531574360
[2018-07-14 21:19:23][debug] [sms]all num:10
[2018-07-14 21:19:23][debug] [sms]run num:10
[2018-07-14 21:19:23][debug] [sms]ok num:4
[2018-07-14 21:19:23][debug] [sms]no num:0
[2018-07-14 21:19:23][debug] [sms]run time:3
[2018-07-14 21:19:23][debug] [sms]end:1531574363
[2018-07-14 21:19:23][debug] [sms]page:https://bbs.bivdg.top/plugin.php?id=tom_tchongbao:ajax&act=nitice_sms_hb_run&site=1&tongcheng_id=420&hongbao_id=52&page=93
[2018-07-14 21:19:23][debug] [sms]hongbao id:52
[2018-07-14 21:19:23][debug] [sms]page:93
[2018-07-14 21:19:23][debug] [sms]client IP:118.89.52.235
[2018-07-14 21:19:23][debug] [sms]start:1531574363
[2018-07-14 21:19:26][debug] [sms]all num:10
[2018-07-14 21:19:26][debug] [sms]run num:10
[2018-07-14 21:19:26][debug] [sms]ok num:2
[2018-07-14 21:19:26][debug] [sms]no num:0
[2018-07-14 21:19:26][debug] [sms]run time:3
[2018-07-14 21:19:26][debug] [sms]end:1531574366
[2018-07-14 21:19:26][debug] [sms]page:https://bbs.bivdg.top/plugin.php?id=tom_tchongbao:ajax&act=nitice_sms_hb_run&site=1&tongcheng_id=420&hongbao_id=52&page=94
[2018-07-14 21:19:26][debug] [sms]hongbao id:52
[2018-07-14 21:19:26][debug] [sms]page:94
[2018-07-14 21:19:26][debug] [sms]client IP:118.89.52.235
[2018-07-14 21:19:26][debug] [sms]start:1531574366
[2018-07-14 21:19:29][debug] [sms]all num:10
[2018-07-14 21:19:29][debug] [sms]run num:9
[2018-07-14 21:19:29][debug] [sms]ok num:1
[2018-07-14 21:19:29][debug] [sms]no num:0
[2018-07-14 21:19:29][debug] [sms]run time:3
[2018-07-14 21:19:29][debug] [sms]end:1531574369
[2018-07-14 21:19:29][debug] [sms]page:https://bbs.bivdg.top/plugin.php?id=tom_tchongbao:ajax&act=nitice_sms_hb_run&site=1&tongcheng_id=420&hongbao_id=52&page=95
[2018-07-14 21:19:29][debug] [sms]hongbao id:52
[2018-07-14 21:19:29][debug] [sms]page:95
[2018-07-14 21:19:29][debug] [sms]client IP:118.89.52.235
[2018-07-14 21:19:29][debug] [sms]start:1531574369
[2018-07-14 21:19:32][debug] [sms]all num:10
[2018-07-14 21:19:32][debug] [sms]run num:9
[2018-07-14 21:19:32][debug] [sms]ok num:2
[2018-07-14 21:19:32][debug] [sms]no num:0
[2018-07-14 21:19:32][debug] [sms]run time:3
[2018-07-14 21:19:32][debug] [sms]end:1531574372
[2018-07-14 21:19:32][debug] [sms]page:https://bbs.bivdg.top/plugin.php?id=tom_tchongbao:ajax&act=nitice_sms_hb_run&site=1&tongcheng_id=420&hongbao_id=52&page=96
[2018-07-14 21:19:32][debug] [sms]hongbao id:52
[2018-07-14 21:19:32][debug] [sms]page:96
[2018-07-14 21:19:32][debug] [sms]client IP:118.89.52.235
[2018-07-14 21:19:32][debug] [sms]start:1531574372
[2018-07-14 21:19:35][debug] [sms]all num:10
[2018-07-14 21:19:35][debug] [sms]run num:10
[2018-07-14 21:19:35][debug] [sms]ok num:1
[2018-07-14 21:19:35][debug] [sms]no num:0
[2018-07-14 21:19:35][debug] [sms]run time:3
[2018-07-14 21:19:35][debug] [sms]end:1531574375
[2018-07-14 21:19:35][debug] [sms]page:https://bbs.bivdg.top/plugin.php?id=tom_tchongbao:ajax&act=nitice_sms_hb_run&site=1&tongcheng_id=420&hongbao_id=52&page=97
[2018-07-14 21:19:35][debug] [sms]hongbao id:52
[2018-07-14 21:19:35][debug] [sms]page:97
[2018-07-14 21:19:35][debug] [sms]client IP:118.89.52.235
[2018-07-14 21:19:35][debug] [sms]start:1531574375
[2018-07-14 21:19:38][debug] [sms]all num:10
[2018-07-14 21:19:38][debug] [sms]run num:10
[2018-07-14 21:19:38][debug] [sms]ok num:4
[2018-07-14 21:19:38][debug] [sms]no num:0
[2018-07-14 21:19:38][debug] [sms]run time:3
[2018-07-14 21:19:38][debug] [sms]end:1531574378
[2018-07-14 21:19:38][debug] [sms]page:https://bbs.bivdg.top/plugin.php?id=tom_tchongbao:ajax&act=nitice_sms_hb_run&site=1&tongcheng_id=420&hongbao_id=52&page=98
[2018-07-14 21:19:38][debug] [sms]hongbao id:52
[2018-07-14 21:19:38][debug] [sms]page:98
[2018-07-14 21:19:38][debug] [sms]client IP:118.89.52.235
[2018-07-14 21:19:38][debug] [sms]start:1531574378
[2018-07-14 21:19:41][debug] [sms]all num:10
[2018-07-14 21:19:41][debug] [sms]run num:10
[2018-07-14 21:19:41][debug] [sms]ok num:4
[2018-07-14 21:19:41][debug] [sms]no num:0
[2018-07-14 21:19:41][debug] [sms]run time:3
[2018-07-14 21:19:41][debug] [sms]end:1531574381
[2018-07-14 21:19:41][debug] [sms]page:https://bbs.bivdg.top/plugin.php?id=tom_tchongbao:ajax&act=nitice_sms_hb_run&site=1&tongcheng_id=420&hongbao_id=52&page=99
[2018-07-14 21:19:42][debug] [sms]hongbao id:52
[2018-07-14 21:19:42][debug] [sms]page:99
[2018-07-14 21:19:42][debug] [sms]client IP:118.89.52.235
[2018-07-14 21:19:42][debug] [sms]start:1531574382
[2018-07-14 21:19:44][debug] [sms]all num:10
[2018-07-14 21:19:44][debug] [sms]run num:10
[2018-07-14 21:19:44][debug] [sms]ok num:1
[2018-07-14 21:19:44][debug] [sms]no num:0
[2018-07-14 21:19:44][debug] [sms]run time:2
[2018-07-14 21:19:44][debug] [sms]end:1531574384
[2018-07-14 21:19:44][debug] [sms]page:https://bbs.bivdg.top/plugin.php?id=tom_tchongbao:ajax&act=nitice_sms_hb_run&site=1&tongcheng_id=420&hongbao_id=52&page=100
[2018-07-14 21:19:45][debug] [sms]hongbao id:52
[2018-07-14 21:19:45][debug] [sms]page:100
[2018-07-14 21:19:45][debug] [sms]client IP:118.89.52.235
[2018-07-14 21:19:45][debug] [sms]start:1531574385
[2018-07-14 21:19:47][debug] [sms]all num:10
[2018-07-14 21:19:47][debug] [sms]run num:10
[2018-07-14 21:19:47][debug] [sms]ok num:1
[2018-07-14 21:19:47][debug] [sms]no num:0
[2018-07-14 21:19:47][debug] [sms]run time:2
[2018-07-14 21:19:47][debug] [sms]end:1531574387
[2018-07-14 21:19:47][debug] [sms]page:https://bbs.bivdg.top/plugin.php?id=tom_tchongbao:ajax&act=nitice_sms_hb_run&site=1&tongcheng_id=420&hongbao_id=52&page=101
[2018-07-14 21:19:48][debug] [sms]--------------------- over 101 -------------------------
