[2018-09-11 22:30:27][debug] [sms]--------------------- new -------------------------
[2018-09-11 22:30:27][debug] [sms]hongbao id:61
[2018-09-11 22:30:27][debug] [sms]page:1
[2018-09-11 22:30:27][debug] [sms]client IP:101.247.213.237
[2018-09-11 22:30:27][debug] [sms]start:1536676227
[2018-09-11 22:30:30][debug] [sms]all num:10
[2018-09-11 22:30:30][debug] [sms]run num:10
[2018-09-11 22:30:30][debug] [sms]ok num:7
[2018-09-11 22:30:30][debug] [sms]no num:0
[2018-09-11 22:30:30][debug] [sms]run time:3
[2018-09-11 22:30:30][debug] [sms]end:1536676230
[2018-09-11 22:30:30][debug] [sms]page:https://bbs.sex002.xyz/plugin.php?id=tom_tchongbao:ajax&act=nitice_sms_hb_run&site=1&tongcheng_id=494&hongbao_id=61&page=2
[2018-09-11 22:30:31][debug] [sms]hongbao id:61
[2018-09-11 22:30:31][debug] [sms]page:2
[2018-09-11 22:30:31][debug] [sms]client IP:118.89.52.235
[2018-09-11 22:30:31][debug] [sms]start:1536676231
[2018-09-11 22:30:34][debug] [sms]all num:10
[2018-09-11 22:30:34][debug] [sms]run num:10
[2018-09-11 22:30:34][debug] [sms]ok num:6
[2018-09-11 22:30:34][debug] [sms]no num:0
[2018-09-11 22:30:34][debug] [sms]run time:3
[2018-09-11 22:30:34][debug] [sms]end:1536676234
[2018-09-11 22:30:34][debug] [sms]page:https://bbs.sex002.xyz/plugin.php?id=tom_tchongbao:ajax&act=nitice_sms_hb_run&site=1&tongcheng_id=494&hongbao_id=61&page=3
[2018-09-11 22:30:34][debug] [sms]hongbao id:61
[2018-09-11 22:30:34][debug] [sms]page:3
[2018-09-11 22:30:34][debug] [sms]client IP:118.89.52.235
[2018-09-11 22:30:34][debug] [sms]start:1536676234
[2018-09-11 22:30:37][debug] [sms]all num:10
[2018-09-11 22:30:37][debug] [sms]run num:9
[2018-09-11 22:30:37][debug] [sms]ok num:9
[2018-09-11 22:30:37][debug] [sms]no num:0
[2018-09-11 22:30:37][debug] [sms]run time:3
[2018-09-11 22:30:37][debug] [sms]end:1536676237
[2018-09-11 22:30:37][debug] [sms]page:https://bbs.sex002.xyz/plugin.php?id=tom_tchongbao:ajax&act=nitice_sms_hb_run&site=1&tongcheng_id=494&hongbao_id=61&page=4
[2018-09-11 22:30:38][debug] [sms]hongbao id:61
[2018-09-11 22:30:38][debug] [sms]page:4
[2018-09-11 22:30:38][debug] [sms]client IP:118.89.52.235
[2018-09-11 22:30:38][debug] [sms]start:1536676238
[2018-09-11 22:30:41][debug] [sms]all num:10
[2018-09-11 22:30:41][debug] [sms]run num:10
[2018-09-11 22:30:41][debug] [sms]ok num:9
[2018-09-11 22:30:41][debug] [sms]no num:0
[2018-09-11 22:30:41][debug] [sms]run time:3
[2018-09-11 22:30:41][debug] [sms]end:1536676241
[2018-09-11 22:30:41][debug] [sms]page:https://bbs.sex002.xyz/plugin.php?id=tom_tchongbao:ajax&act=nitice_sms_hb_run&site=1&tongcheng_id=494&hongbao_id=61&page=5
[2018-09-11 22:30:41][debug] [sms]hongbao id:61
[2018-09-11 22:30:41][debug] [sms]page:5
[2018-09-11 22:30:41][debug] [sms]client IP:118.89.52.235
[2018-09-11 22:30:41][debug] [sms]start:1536676241
[2018-09-11 22:30:44][debug] [sms]all num:10
[2018-09-11 22:30:44][debug] [sms]run num:10
[2018-09-11 22:30:44][debug] [sms]ok num:7
[2018-09-11 22:30:44][debug] [sms]no num:0
[2018-09-11 22:30:44][debug] [sms]run time:3
[2018-09-11 22:30:44][debug] [sms]end:1536676244
[2018-09-11 22:30:44][debug] [sms]page:https://bbs.sex002.xyz/plugin.php?id=tom_tchongbao:ajax&act=nitice_sms_hb_run&site=1&tongcheng_id=494&hongbao_id=61&page=6
[2018-09-11 22:30:45][debug] [sms]hongbao id:61
[2018-09-11 22:30:45][debug] [sms]page:6
[2018-09-11 22:30:45][debug] [sms]client IP:118.89.52.235
[2018-09-11 22:30:45][debug] [sms]start:1536676245
[2018-09-11 22:30:48][debug] [sms]all num:10
[2018-09-11 22:30:48][debug] [sms]run num:10
[2018-09-11 22:30:48][debug] [sms]ok num:6
[2018-09-11 22:30:48][debug] [sms]no num:0
[2018-09-11 22:30:48][debug] [sms]run time:3
[2018-09-11 22:30:48][debug] [sms]end:1536676248
[2018-09-11 22:30:48][debug] [sms]page:https://bbs.sex002.xyz/plugin.php?id=tom_tchongbao:ajax&act=nitice_sms_hb_run&site=1&tongcheng_id=494&hongbao_id=61&page=7
[2018-09-11 22:30:48][debug] [sms]hongbao id:61
[2018-09-11 22:30:48][debug] [sms]page:7
[2018-09-11 22:30:48][debug] [sms]client IP:118.89.52.235
[2018-09-11 22:30:48][debug] [sms]start:1536676248
[2018-09-11 22:30:51][debug] [sms]all num:10
[2018-09-11 22:30:51][debug] [sms]run num:10
[2018-09-11 22:30:51][debug] [sms]ok num:5
[2018-09-11 22:30:51][debug] [sms]no num:0
[2018-09-11 22:30:51][debug] [sms]run time:3
[2018-09-11 22:30:51][debug] [sms]end:1536676251
[2018-09-11 22:30:51][debug] [sms]page:https://bbs.sex002.xyz/plugin.php?id=tom_tchongbao:ajax&act=nitice_sms_hb_run&site=1&tongcheng_id=494&hongbao_id=61&page=8
[2018-09-11 22:30:51][debug] [sms]hongbao id:61
[2018-09-11 22:30:51][debug] [sms]page:8
[2018-09-11 22:30:51][debug] [sms]client IP:118.89.52.235
[2018-09-11 22:30:51][debug] [sms]start:1536676251
[2018-09-11 22:30:54][debug] [sms]all num:10
[2018-09-11 22:30:54][debug] [sms]run num:10
[2018-09-11 22:30:54][debug] [sms]ok num:8
[2018-09-11 22:30:54][debug] [sms]no num:0
[2018-09-11 22:30:54][debug] [sms]run time:3
[2018-09-11 22:30:54][debug] [sms]end:1536676254
[2018-09-11 22:30:54][debug] [sms]page:https://bbs.sex002.xyz/plugin.php?id=tom_tchongbao:ajax&act=nitice_sms_hb_run&site=1&tongcheng_id=494&hongbao_id=61&page=9
[2018-09-11 22:30:55][debug] [sms]hongbao id:61
[2018-09-11 22:30:55][debug] [sms]page:9
[2018-09-11 22:30:55][debug] [sms]client IP:118.89.52.235
[2018-09-11 22:30:55][debug] [sms]start:1536676255
[2018-09-11 22:30:58][debug] [sms]all num:10
[2018-09-11 22:30:58][debug] [sms]run num:10
[2018-09-11 22:30:58][debug] [sms]ok num:8
[2018-09-11 22:30:58][debug] [sms]no num:0
[2018-09-11 22:30:58][debug] [sms]run time:3
[2018-09-11 22:30:58][debug] [sms]end:1536676258
[2018-09-11 22:30:58][debug] [sms]page:https://bbs.sex002.xyz/plugin.php?id=tom_tchongbao:ajax&act=nitice_sms_hb_run&site=1&tongcheng_id=494&hongbao_id=61&page=10
[2018-09-11 22:30:58][debug] [sms]hongbao id:61
[2018-09-11 22:30:58][debug] [sms]page:10
[2018-09-11 22:30:58][debug] [sms]client IP:118.89.52.235
[2018-09-11 22:30:58][debug] [sms]start:1536676258
[2018-09-11 22:31:01][debug] [sms]all num:10
[2018-09-11 22:31:01][debug] [sms]run num:10
[2018-09-11 22:31:01][debug] [sms]ok num:10
[2018-09-11 22:31:01][debug] [sms]no num:0
[2018-09-11 22:31:01][debug] [sms]run time:3
[2018-09-11 22:31:01][debug] [sms]end:1536676261
[2018-09-11 22:31:01][debug] [sms]page:https://bbs.sex002.xyz/plugin.php?id=tom_tchongbao:ajax&act=nitice_sms_hb_run&site=1&tongcheng_id=494&hongbao_id=61&page=11
[2018-09-11 22:31:01][debug] [sms]hongbao id:61
[2018-09-11 22:31:01][debug] [sms]page:11
[2018-09-11 22:31:01][debug] [sms]client IP:118.89.52.235
[2018-09-11 22:31:01][debug] [sms]start:1536676261
[2018-09-11 22:31:04][debug] [sms]all num:10
[2018-09-11 22:31:04][debug] [sms]run num:10
[2018-09-11 22:31:04][debug] [sms]ok num:10
[2018-09-11 22:31:04][debug] [sms]no num:0
[2018-09-11 22:31:04][debug] [sms]run time:3
[2018-09-11 22:31:04][debug] [sms]end:1536676264
[2018-09-11 22:31:04][debug] [sms]page:https://bbs.sex002.xyz/plugin.php?id=tom_tchongbao:ajax&act=nitice_sms_hb_run&site=1&tongcheng_id=494&hongbao_id=61&page=12
[2018-09-11 22:31:04][debug] [sms]hongbao id:61
[2018-09-11 22:31:04][debug] [sms]page:12
[2018-09-11 22:31:04][debug] [sms]client IP:118.89.52.235
[2018-09-11 22:31:04][debug] [sms]start:1536676264
[2018-09-11 22:31:07][debug] [sms]all num:10
[2018-09-11 22:31:07][debug] [sms]run num:10
[2018-09-11 22:31:07][debug] [sms]ok num:10
[2018-09-11 22:31:07][debug] [sms]no num:0
[2018-09-11 22:31:07][debug] [sms]run time:3
[2018-09-11 22:31:07][debug] [sms]end:1536676267
[2018-09-11 22:31:07][debug] [sms]page:https://bbs.sex002.xyz/plugin.php?id=tom_tchongbao:ajax&act=nitice_sms_hb_run&site=1&tongcheng_id=494&hongbao_id=61&page=13
[2018-09-11 22:31:08][debug] [sms]hongbao id:61
[2018-09-11 22:31:08][debug] [sms]page:13
[2018-09-11 22:31:08][debug] [sms]client IP:118.89.52.235
[2018-09-11 22:31:08][debug] [sms]start:1536676268
[2018-09-11 22:31:11][debug] [sms]all num:10
[2018-09-11 22:31:11][debug] [sms]run num:10
[2018-09-11 22:31:11][debug] [sms]ok num:10
[2018-09-11 22:31:11][debug] [sms]no num:0
[2018-09-11 22:31:11][debug] [sms]run time:3
[2018-09-11 22:31:11][debug] [sms]end:1536676271
[2018-09-11 22:31:11][debug] [sms]page:https://bbs.sex002.xyz/plugin.php?id=tom_tchongbao:ajax&act=nitice_sms_hb_run&site=1&tongcheng_id=494&hongbao_id=61&page=14
[2018-09-11 22:31:11][debug] [sms]hongbao id:61
[2018-09-11 22:31:11][debug] [sms]page:14
[2018-09-11 22:31:11][debug] [sms]client IP:118.89.52.235
[2018-09-11 22:31:11][debug] [sms]start:1536676271
[2018-09-11 22:31:14][debug] [sms]all num:10
[2018-09-11 22:31:14][debug] [sms]run num:10
[2018-09-11 22:31:14][debug] [sms]ok num:10
[2018-09-11 22:31:14][debug] [sms]no num:0
[2018-09-11 22:31:14][debug] [sms]run time:3
[2018-09-11 22:31:14][debug] [sms]end:1536676274
[2018-09-11 22:31:14][debug] [sms]page:https://bbs.sex002.xyz/plugin.php?id=tom_tchongbao:ajax&act=nitice_sms_hb_run&site=1&tongcheng_id=494&hongbao_id=61&page=15
[2018-09-11 22:31:14][debug] [sms]hongbao id:61
[2018-09-11 22:31:14][debug] [sms]page:15
[2018-09-11 22:31:14][debug] [sms]client IP:118.89.52.235
[2018-09-11 22:31:14][debug] [sms]start:1536676274
[2018-09-11 22:31:17][debug] [sms]all num:10
[2018-09-11 22:31:17][debug] [sms]run num:10
[2018-09-11 22:31:17][debug] [sms]ok num:10
[2018-09-11 22:31:17][debug] [sms]no num:0
[2018-09-11 22:31:17][debug] [sms]run time:3
[2018-09-11 22:31:17][debug] [sms]end:1536676277
[2018-09-11 22:31:17][debug] [sms]page:https://bbs.sex002.xyz/plugin.php?id=tom_tchongbao:ajax&act=nitice_sms_hb_run&site=1&tongcheng_id=494&hongbao_id=61&page=16
[2018-09-11 22:31:17][debug] [sms]hongbao id:61
[2018-09-11 22:31:17][debug] [sms]page:16
[2018-09-11 22:31:17][debug] [sms]client IP:118.89.52.235
[2018-09-11 22:31:17][debug] [sms]start:1536676277
[2018-09-11 22:31:20][debug] [sms]all num:10
[2018-09-11 22:31:20][debug] [sms]run num:10
[2018-09-11 22:31:20][debug] [sms]ok num:10
[2018-09-11 22:31:20][debug] [sms]no num:0
[2018-09-11 22:31:20][debug] [sms]run time:3
[2018-09-11 22:31:20][debug] [sms]end:1536676280
[2018-09-11 22:31:20][debug] [sms]page:https://bbs.sex002.xyz/plugin.php?id=tom_tchongbao:ajax&act=nitice_sms_hb_run&site=1&tongcheng_id=494&hongbao_id=61&page=17
[2018-09-11 22:31:20][debug] [sms]hongbao id:61
[2018-09-11 22:31:20][debug] [sms]page:17
[2018-09-11 22:31:20][debug] [sms]client IP:118.89.52.235
[2018-09-11 22:31:20][debug] [sms]start:1536676280
[2018-09-11 22:31:24][debug] [sms]all num:10
[2018-09-11 22:31:24][debug] [sms]run num:10
[2018-09-11 22:31:24][debug] [sms]ok num:10
[2018-09-11 22:31:24][debug] [sms]no num:0
[2018-09-11 22:31:24][debug] [sms]run time:4
[2018-09-11 22:31:24][debug] [sms]end:1536676284
[2018-09-11 22:31:24][debug] [sms]page:https://bbs.sex002.xyz/plugin.php?id=tom_tchongbao:ajax&act=nitice_sms_hb_run&site=1&tongcheng_id=494&hongbao_id=61&page=18
[2018-09-11 22:31:24][debug] [sms]hongbao id:61
[2018-09-11 22:31:24][debug] [sms]page:18
[2018-09-11 22:31:24][debug] [sms]client IP:118.89.52.235
[2018-09-11 22:31:24][debug] [sms]start:1536676284
[2018-09-11 22:31:27][debug] [sms]all num:10
[2018-09-11 22:31:27][debug] [sms]run num:10
[2018-09-11 22:31:27][debug] [sms]ok num:10
[2018-09-11 22:31:27][debug] [sms]no num:0
[2018-09-11 22:31:27][debug] [sms]run time:3
[2018-09-11 22:31:27][debug] [sms]end:1536676287
[2018-09-11 22:31:27][debug] [sms]page:https://bbs.sex002.xyz/plugin.php?id=tom_tchongbao:ajax&act=nitice_sms_hb_run&site=1&tongcheng_id=494&hongbao_id=61&page=19
[2018-09-11 22:31:27][debug] [sms]hongbao id:61
[2018-09-11 22:31:27][debug] [sms]page:19
[2018-09-11 22:31:27][debug] [sms]client IP:118.89.52.235
[2018-09-11 22:31:27][debug] [sms]start:1536676287
[2018-09-11 22:31:30][debug] [sms]all num:10
[2018-09-11 22:31:30][debug] [sms]run num:10
[2018-09-11 22:31:30][debug] [sms]ok num:10
[2018-09-11 22:31:30][debug] [sms]no num:0
[2018-09-11 22:31:30][debug] [sms]run time:3
[2018-09-11 22:31:30][debug] [sms]end:1536676290
[2018-09-11 22:31:30][debug] [sms]page:https://bbs.sex002.xyz/plugin.php?id=tom_tchongbao:ajax&act=nitice_sms_hb_run&site=1&tongcheng_id=494&hongbao_id=61&page=20
[2018-09-11 22:31:31][debug] [sms]hongbao id:61
[2018-09-11 22:31:31][debug] [sms]page:20
[2018-09-11 22:31:31][debug] [sms]client IP:118.89.52.235
[2018-09-11 22:31:31][debug] [sms]start:1536676291
[2018-09-11 22:31:34][debug] [sms]all num:10
[2018-09-11 22:31:34][debug] [sms]run num:10
[2018-09-11 22:31:34][debug] [sms]ok num:10
[2018-09-11 22:31:34][debug] [sms]no num:0
[2018-09-11 22:31:34][debug] [sms]run time:3
[2018-09-11 22:31:34][debug] [sms]end:1536676294
[2018-09-11 22:31:34][debug] [sms]page:https://bbs.sex002.xyz/plugin.php?id=tom_tchongbao:ajax&act=nitice_sms_hb_run&site=1&tongcheng_id=494&hongbao_id=61&page=21
[2018-09-11 22:31:34][debug] [sms]hongbao id:61
[2018-09-11 22:31:34][debug] [sms]page:21
[2018-09-11 22:31:34][debug] [sms]client IP:118.89.52.235
[2018-09-11 22:31:34][debug] [sms]start:1536676294
[2018-09-11 22:31:37][debug] [sms]all num:10
[2018-09-11 22:31:37][debug] [sms]run num:10
[2018-09-11 22:31:37][debug] [sms]ok num:10
[2018-09-11 22:31:37][debug] [sms]no num:0
[2018-09-11 22:31:37][debug] [sms]run time:3
[2018-09-11 22:31:37][debug] [sms]end:1536676297
[2018-09-11 22:31:37][debug] [sms]page:https://bbs.sex002.xyz/plugin.php?id=tom_tchongbao:ajax&act=nitice_sms_hb_run&site=1&tongcheng_id=494&hongbao_id=61&page=22
[2018-09-11 22:31:38][debug] [sms]hongbao id:61
[2018-09-11 22:31:38][debug] [sms]page:22
[2018-09-11 22:31:38][debug] [sms]client IP:118.89.52.235
[2018-09-11 22:31:38][debug] [sms]start:1536676298
[2018-09-11 22:31:41][debug] [sms]all num:10
[2018-09-11 22:31:41][debug] [sms]run num:10
[2018-09-11 22:31:41][debug] [sms]ok num:10
[2018-09-11 22:31:41][debug] [sms]no num:0
[2018-09-11 22:31:41][debug] [sms]run time:3
[2018-09-11 22:31:41][debug] [sms]end:1536676301
[2018-09-11 22:31:41][debug] [sms]page:https://bbs.sex002.xyz/plugin.php?id=tom_tchongbao:ajax&act=nitice_sms_hb_run&site=1&tongcheng_id=494&hongbao_id=61&page=23
[2018-09-11 22:31:41][debug] [sms]hongbao id:61
[2018-09-11 22:31:41][debug] [sms]page:23
[2018-09-11 22:31:41][debug] [sms]client IP:118.89.52.235
[2018-09-11 22:31:41][debug] [sms]start:1536676301
[2018-09-11 22:31:44][debug] [sms]all num:10
[2018-09-11 22:31:44][debug] [sms]run num:10
[2018-09-11 22:31:44][debug] [sms]ok num:10
[2018-09-11 22:31:44][debug] [sms]no num:0
[2018-09-11 22:31:44][debug] [sms]run time:3
[2018-09-11 22:31:44][debug] [sms]end:1536676304
[2018-09-11 22:31:44][debug] [sms]page:https://bbs.sex002.xyz/plugin.php?id=tom_tchongbao:ajax&act=nitice_sms_hb_run&site=1&tongcheng_id=494&hongbao_id=61&page=24
[2018-09-11 22:31:44][debug] [sms]hongbao id:61
[2018-09-11 22:31:44][debug] [sms]page:24
[2018-09-11 22:31:44][debug] [sms]client IP:118.89.52.235
[2018-09-11 22:31:44][debug] [sms]start:1536676304
[2018-09-11 22:31:47][debug] [sms]all num:10
[2018-09-11 22:31:47][debug] [sms]run num:10
[2018-09-11 22:31:47][debug] [sms]ok num:5
[2018-09-11 22:31:47][debug] [sms]no num:0
[2018-09-11 22:31:47][debug] [sms]run time:3
[2018-09-11 22:31:47][debug] [sms]end:1536676307
[2018-09-11 22:31:47][debug] [sms]page:https://bbs.sex002.xyz/plugin.php?id=tom_tchongbao:ajax&act=nitice_sms_hb_run&site=1&tongcheng_id=494&hongbao_id=61&page=25
[2018-09-11 22:31:47][debug] [sms]hongbao id:61
[2018-09-11 22:31:47][debug] [sms]page:25
[2018-09-11 22:31:47][debug] [sms]client IP:118.89.52.235
[2018-09-11 22:31:47][debug] [sms]start:1536676307
[2018-09-11 22:31:50][debug] [sms]all num:10
[2018-09-11 22:31:50][debug] [sms]run num:10
[2018-09-11 22:31:50][debug] [sms]ok num:7
[2018-09-11 22:31:50][debug] [sms]no num:0
[2018-09-11 22:31:50][debug] [sms]run time:3
[2018-09-11 22:31:50][debug] [sms]end:1536676310
[2018-09-11 22:31:50][debug] [sms]page:https://bbs.sex002.xyz/plugin.php?id=tom_tchongbao:ajax&act=nitice_sms_hb_run&site=1&tongcheng_id=494&hongbao_id=61&page=26
[2018-09-11 22:31:50][debug] [sms]hongbao id:61
[2018-09-11 22:31:50][debug] [sms]page:26
[2018-09-11 22:31:50][debug] [sms]client IP:118.89.52.235
[2018-09-11 22:31:50][debug] [sms]start:1536676310
[2018-09-11 22:31:54][debug] [sms]all num:10
[2018-09-11 22:31:54][debug] [sms]run num:10
[2018-09-11 22:31:54][debug] [sms]ok num:7
[2018-09-11 22:31:54][debug] [sms]no num:0
[2018-09-11 22:31:54][debug] [sms]run time:4
[2018-09-11 22:31:54][debug] [sms]end:1536676314
[2018-09-11 22:31:54][debug] [sms]page:https://bbs.sex002.xyz/plugin.php?id=tom_tchongbao:ajax&act=nitice_sms_hb_run&site=1&tongcheng_id=494&hongbao_id=61&page=27
[2018-09-11 22:31:54][debug] [sms]hongbao id:61
[2018-09-11 22:31:54][debug] [sms]page:27
[2018-09-11 22:31:54][debug] [sms]client IP:118.89.52.235
[2018-09-11 22:31:54][debug] [sms]start:1536676314
[2018-09-11 22:31:58][debug] [sms]all num:10
[2018-09-11 22:31:58][debug] [sms]run num:10
[2018-09-11 22:31:58][debug] [sms]ok num:8
[2018-09-11 22:31:58][debug] [sms]no num:0
[2018-09-11 22:31:58][debug] [sms]run time:4
[2018-09-11 22:31:58][debug] [sms]end:1536676318
[2018-09-11 22:31:58][debug] [sms]page:https://bbs.sex002.xyz/plugin.php?id=tom_tchongbao:ajax&act=nitice_sms_hb_run&site=1&tongcheng_id=494&hongbao_id=61&page=28
[2018-09-11 22:31:58][debug] [sms]hongbao id:61
[2018-09-11 22:31:58][debug] [sms]page:28
[2018-09-11 22:31:58][debug] [sms]client IP:118.89.52.235
[2018-09-11 22:31:58][debug] [sms]start:1536676318
[2018-09-11 22:32:01][debug] [sms]all num:10
[2018-09-11 22:32:01][debug] [sms]run num:10
[2018-09-11 22:32:01][debug] [sms]ok num:6
[2018-09-11 22:32:01][debug] [sms]no num:0
[2018-09-11 22:32:01][debug] [sms]run time:3
[2018-09-11 22:32:01][debug] [sms]end:1536676321
[2018-09-11 22:32:01][debug] [sms]page:https://bbs.sex002.xyz/plugin.php?id=tom_tchongbao:ajax&act=nitice_sms_hb_run&site=1&tongcheng_id=494&hongbao_id=61&page=29
[2018-09-11 22:32:01][debug] [sms]hongbao id:61
[2018-09-11 22:32:01][debug] [sms]page:29
[2018-09-11 22:32:01][debug] [sms]client IP:118.89.52.235
[2018-09-11 22:32:01][debug] [sms]start:1536676321
[2018-09-11 22:32:05][debug] [sms]all num:10
[2018-09-11 22:32:05][debug] [sms]run num:10
[2018-09-11 22:32:05][debug] [sms]ok num:8
[2018-09-11 22:32:05][debug] [sms]no num:0
[2018-09-11 22:32:05][debug] [sms]run time:4
[2018-09-11 22:32:05][debug] [sms]end:1536676325
[2018-09-11 22:32:05][debug] [sms]page:https://bbs.sex002.xyz/plugin.php?id=tom_tchongbao:ajax&act=nitice_sms_hb_run&site=1&tongcheng_id=494&hongbao_id=61&page=30
[2018-09-11 22:32:05][debug] [sms]hongbao id:61
[2018-09-11 22:32:05][debug] [sms]page:30
[2018-09-11 22:32:05][debug] [sms]client IP:118.89.52.235
[2018-09-11 22:32:05][debug] [sms]start:1536676325
[2018-09-11 22:32:08][debug] [sms]all num:10
[2018-09-11 22:32:08][debug] [sms]run num:10
[2018-09-11 22:32:08][debug] [sms]ok num:9
[2018-09-11 22:32:08][debug] [sms]no num:0
[2018-09-11 22:32:08][debug] [sms]run time:3
[2018-09-11 22:32:08][debug] [sms]end:1536676328
[2018-09-11 22:32:08][debug] [sms]page:https://bbs.sex002.xyz/plugin.php?id=tom_tchongbao:ajax&act=nitice_sms_hb_run&site=1&tongcheng_id=494&hongbao_id=61&page=31
[2018-09-11 22:32:09][debug] [sms]hongbao id:61
[2018-09-11 22:32:09][debug] [sms]page:31
[2018-09-11 22:32:09][debug] [sms]client IP:118.89.52.235
[2018-09-11 22:32:09][debug] [sms]start:1536676329
[2018-09-11 22:32:12][debug] [sms]all num:10
[2018-09-11 22:32:12][debug] [sms]run num:10
[2018-09-11 22:32:12][debug] [sms]ok num:10
[2018-09-11 22:32:12][debug] [sms]no num:0
[2018-09-11 22:32:12][debug] [sms]run time:3
[2018-09-11 22:32:12][debug] [sms]end:1536676332
[2018-09-11 22:32:12][debug] [sms]page:https://bbs.sex002.xyz/plugin.php?id=tom_tchongbao:ajax&act=nitice_sms_hb_run&site=1&tongcheng_id=494&hongbao_id=61&page=32
[2018-09-11 22:32:12][debug] [sms]hongbao id:61
[2018-09-11 22:32:12][debug] [sms]page:32
[2018-09-11 22:32:12][debug] [sms]client IP:118.89.52.235
[2018-09-11 22:32:12][debug] [sms]start:1536676332
[2018-09-11 22:32:16][debug] [sms]all num:10
[2018-09-11 22:32:16][debug] [sms]run num:10
[2018-09-11 22:32:16][debug] [sms]ok num:10
[2018-09-11 22:32:16][debug] [sms]no num:0
[2018-09-11 22:32:16][debug] [sms]run time:4
[2018-09-11 22:32:16][debug] [sms]end:1536676336
[2018-09-11 22:32:16][debug] [sms]page:https://bbs.sex002.xyz/plugin.php?id=tom_tchongbao:ajax&act=nitice_sms_hb_run&site=1&tongcheng_id=494&hongbao_id=61&page=33
[2018-09-11 22:32:16][debug] [sms]hongbao id:61
[2018-09-11 22:32:16][debug] [sms]page:33
[2018-09-11 22:32:16][debug] [sms]client IP:118.89.52.235
[2018-09-11 22:32:16][debug] [sms]start:1536676336
[2018-09-11 22:32:19][debug] [sms]all num:10
[2018-09-11 22:32:19][debug] [sms]run num:10
[2018-09-11 22:32:19][debug] [sms]ok num:9
[2018-09-11 22:32:19][debug] [sms]no num:0
[2018-09-11 22:32:19][debug] [sms]run time:3
[2018-09-11 22:32:19][debug] [sms]end:1536676339
[2018-09-11 22:32:19][debug] [sms]page:https://bbs.sex002.xyz/plugin.php?id=tom_tchongbao:ajax&act=nitice_sms_hb_run&site=1&tongcheng_id=494&hongbao_id=61&page=34
[2018-09-11 22:32:20][debug] [sms]hongbao id:61
[2018-09-11 22:32:20][debug] [sms]page:34
[2018-09-11 22:32:20][debug] [sms]client IP:118.89.52.235
[2018-09-11 22:32:20][debug] [sms]start:1536676340
[2018-09-11 22:32:23][debug] [sms]all num:10
[2018-09-11 22:32:23][debug] [sms]run num:10
[2018-09-11 22:32:23][debug] [sms]ok num:5
[2018-09-11 22:32:23][debug] [sms]no num:0
[2018-09-11 22:32:23][debug] [sms]run time:3
[2018-09-11 22:32:23][debug] [sms]end:1536676343
[2018-09-11 22:32:23][debug] [sms]page:https://bbs.sex002.xyz/plugin.php?id=tom_tchongbao:ajax&act=nitice_sms_hb_run&site=1&tongcheng_id=494&hongbao_id=61&page=35
[2018-09-11 22:32:23][debug] [sms]hongbao id:61
[2018-09-11 22:32:23][debug] [sms]page:35
[2018-09-11 22:32:23][debug] [sms]client IP:118.89.52.235
[2018-09-11 22:32:23][debug] [sms]start:1536676343
[2018-09-11 22:32:26][debug] [sms]all num:10
[2018-09-11 22:32:26][debug] [sms]run num:10
[2018-09-11 22:32:26][debug] [sms]ok num:6
[2018-09-11 22:32:26][debug] [sms]no num:0
[2018-09-11 22:32:26][debug] [sms]run time:3
[2018-09-11 22:32:26][debug] [sms]end:1536676346
[2018-09-11 22:32:26][debug] [sms]page:https://bbs.sex002.xyz/plugin.php?id=tom_tchongbao:ajax&act=nitice_sms_hb_run&site=1&tongcheng_id=494&hongbao_id=61&page=36
[2018-09-11 22:32:26][debug] [sms]hongbao id:61
[2018-09-11 22:32:26][debug] [sms]page:36
[2018-09-11 22:32:26][debug] [sms]client IP:118.89.52.235
[2018-09-11 22:32:26][debug] [sms]start:1536676346
[2018-09-11 22:32:30][debug] [sms]all num:10
[2018-09-11 22:32:30][debug] [sms]run num:10
[2018-09-11 22:32:30][debug] [sms]ok num:5
[2018-09-11 22:32:30][debug] [sms]no num:0
[2018-09-11 22:32:30][debug] [sms]run time:4
[2018-09-11 22:32:30][debug] [sms]end:1536676350
[2018-09-11 22:32:30][debug] [sms]page:https://bbs.sex002.xyz/plugin.php?id=tom_tchongbao:ajax&act=nitice_sms_hb_run&site=1&tongcheng_id=494&hongbao_id=61&page=37
[2018-09-11 22:32:31][debug] [sms]hongbao id:61
[2018-09-11 22:32:31][debug] [sms]page:37
[2018-09-11 22:32:31][debug] [sms]client IP:118.89.52.235
[2018-09-11 22:32:31][debug] [sms]start:1536676351
[2018-09-11 22:32:34][debug] [sms]all num:10
[2018-09-11 22:32:34][debug] [sms]run num:10
[2018-09-11 22:32:34][debug] [sms]ok num:7
[2018-09-11 22:32:34][debug] [sms]no num:0
[2018-09-11 22:32:34][debug] [sms]run time:3
[2018-09-11 22:32:34][debug] [sms]end:1536676354
[2018-09-11 22:32:34][debug] [sms]page:https://bbs.sex002.xyz/plugin.php?id=tom_tchongbao:ajax&act=nitice_sms_hb_run&site=1&tongcheng_id=494&hongbao_id=61&page=38
[2018-09-11 22:32:34][debug] [sms]hongbao id:61
[2018-09-11 22:32:34][debug] [sms]page:38
[2018-09-11 22:32:34][debug] [sms]client IP:118.89.52.235
[2018-09-11 22:32:34][debug] [sms]start:1536676354
[2018-09-11 22:32:37][debug] [sms]all num:10
[2018-09-11 22:32:37][debug] [sms]run num:10
[2018-09-11 22:32:37][debug] [sms]ok num:3
[2018-09-11 22:32:37][debug] [sms]no num:0
[2018-09-11 22:32:37][debug] [sms]run time:3
[2018-09-11 22:32:37][debug] [sms]end:1536676357
[2018-09-11 22:32:37][debug] [sms]page:https://bbs.sex002.xyz/plugin.php?id=tom_tchongbao:ajax&act=nitice_sms_hb_run&site=1&tongcheng_id=494&hongbao_id=61&page=39
[2018-09-11 22:32:37][debug] [sms]hongbao id:61
[2018-09-11 22:32:37][debug] [sms]page:39
[2018-09-11 22:32:37][debug] [sms]client IP:118.89.52.235
[2018-09-11 22:32:37][debug] [sms]start:1536676357
[2018-09-11 22:32:40][debug] [sms]all num:10
[2018-09-11 22:32:40][debug] [sms]run num:10
[2018-09-11 22:32:40][debug] [sms]ok num:3
[2018-09-11 22:32:40][debug] [sms]no num:0
[2018-09-11 22:32:40][debug] [sms]run time:3
[2018-09-11 22:32:40][debug] [sms]end:1536676360
[2018-09-11 22:32:40][debug] [sms]page:https://bbs.sex002.xyz/plugin.php?id=tom_tchongbao:ajax&act=nitice_sms_hb_run&site=1&tongcheng_id=494&hongbao_id=61&page=40
[2018-09-11 22:32:40][debug] [sms]hongbao id:61
[2018-09-11 22:32:40][debug] [sms]page:40
[2018-09-11 22:32:40][debug] [sms]client IP:118.89.52.235
[2018-09-11 22:32:40][debug] [sms]start:1536676360
[2018-09-11 22:32:44][debug] [sms]all num:10
[2018-09-11 22:32:44][debug] [sms]run num:10
[2018-09-11 22:32:44][debug] [sms]ok num:5
[2018-09-11 22:32:44][debug] [sms]no num:0
[2018-09-11 22:32:44][debug] [sms]run time:4
[2018-09-11 22:32:44][debug] [sms]end:1536676364
[2018-09-11 22:32:44][debug] [sms]page:https://bbs.sex002.xyz/plugin.php?id=tom_tchongbao:ajax&act=nitice_sms_hb_run&site=1&tongcheng_id=494&hongbao_id=61&page=41
[2018-09-11 22:32:44][debug] [sms]hongbao id:61
[2018-09-11 22:32:44][debug] [sms]page:41
[2018-09-11 22:32:44][debug] [sms]client IP:118.89.52.235
[2018-09-11 22:32:44][debug] [sms]start:1536676364
[2018-09-11 22:32:47][debug] [sms]all num:10
[2018-09-11 22:32:47][debug] [sms]run num:10
[2018-09-11 22:32:47][debug] [sms]ok num:5
[2018-09-11 22:32:47][debug] [sms]no num:0
[2018-09-11 22:32:47][debug] [sms]run time:3
[2018-09-11 22:32:47][debug] [sms]end:1536676367
[2018-09-11 22:32:47][debug] [sms]page:https://bbs.sex002.xyz/plugin.php?id=tom_tchongbao:ajax&act=nitice_sms_hb_run&site=1&tongcheng_id=494&hongbao_id=61&page=42
[2018-09-11 22:32:48][debug] [sms]hongbao id:61
[2018-09-11 22:32:48][debug] [sms]page:42
[2018-09-11 22:32:48][debug] [sms]client IP:118.89.52.235
[2018-09-11 22:32:48][debug] [sms]start:1536676368
[2018-09-11 22:32:51][debug] [sms]all num:10
[2018-09-11 22:32:51][debug] [sms]run num:10
[2018-09-11 22:32:51][debug] [sms]ok num:6
[2018-09-11 22:32:51][debug] [sms]no num:0
[2018-09-11 22:32:51][debug] [sms]run time:3
[2018-09-11 22:32:51][debug] [sms]end:1536676371
[2018-09-11 22:32:51][debug] [sms]page:https://bbs.sex002.xyz/plugin.php?id=tom_tchongbao:ajax&act=nitice_sms_hb_run&site=1&tongcheng_id=494&hongbao_id=61&page=43
[2018-09-11 22:32:52][debug] [sms]hongbao id:61
[2018-09-11 22:32:52][debug] [sms]page:43
[2018-09-11 22:32:52][debug] [sms]client IP:118.89.52.235
[2018-09-11 22:32:52][debug] [sms]start:1536676372
[2018-09-11 22:32:56][debug] [sms]all num:10
[2018-09-11 22:32:56][debug] [sms]run num:10
[2018-09-11 22:32:56][debug] [sms]ok num:5
[2018-09-11 22:32:56][debug] [sms]no num:0
[2018-09-11 22:32:56][debug] [sms]run time:4
[2018-09-11 22:32:56][debug] [sms]end:1536676376
[2018-09-11 22:32:56][debug] [sms]page:https://bbs.sex002.xyz/plugin.php?id=tom_tchongbao:ajax&act=nitice_sms_hb_run&site=1&tongcheng_id=494&hongbao_id=61&page=44
[2018-09-11 22:32:56][debug] [sms]hongbao id:61
[2018-09-11 22:32:56][debug] [sms]page:44
[2018-09-11 22:32:56][debug] [sms]client IP:118.89.52.235
[2018-09-11 22:32:56][debug] [sms]start:1536676376
[2018-09-11 22:32:59][debug] [sms]all num:10
[2018-09-11 22:32:59][debug] [sms]run num:10
[2018-09-11 22:32:59][debug] [sms]ok num:7
[2018-09-11 22:32:59][debug] [sms]no num:0
[2018-09-11 22:32:59][debug] [sms]run time:3
[2018-09-11 22:32:59][debug] [sms]end:1536676379
[2018-09-11 22:32:59][debug] [sms]page:https://bbs.sex002.xyz/plugin.php?id=tom_tchongbao:ajax&act=nitice_sms_hb_run&site=1&tongcheng_id=494&hongbao_id=61&page=45
[2018-09-11 22:33:00][debug] [sms]hongbao id:61
[2018-09-11 22:33:00][debug] [sms]page:45
[2018-09-11 22:33:00][debug] [sms]client IP:118.89.52.235
[2018-09-11 22:33:00][debug] [sms]start:1536676380
[2018-09-11 22:33:03][debug] [sms]all num:10
[2018-09-11 22:33:03][debug] [sms]run num:10
[2018-09-11 22:33:03][debug] [sms]ok num:4
[2018-09-11 22:33:03][debug] [sms]no num:0
[2018-09-11 22:33:03][debug] [sms]run time:3
[2018-09-11 22:33:03][debug] [sms]end:1536676383
[2018-09-11 22:33:03][debug] [sms]page:https://bbs.sex002.xyz/plugin.php?id=tom_tchongbao:ajax&act=nitice_sms_hb_run&site=1&tongcheng_id=494&hongbao_id=61&page=46
[2018-09-11 22:33:03][debug] [sms]hongbao id:61
[2018-09-11 22:33:03][debug] [sms]page:46
[2018-09-11 22:33:03][debug] [sms]client IP:118.89.52.235
[2018-09-11 22:33:03][debug] [sms]start:1536676383
[2018-09-11 22:33:06][debug] [sms]all num:10
[2018-09-11 22:33:06][debug] [sms]run num:10
[2018-09-11 22:33:06][debug] [sms]ok num:4
[2018-09-11 22:33:06][debug] [sms]no num:0
[2018-09-11 22:33:06][debug] [sms]run time:3
[2018-09-11 22:33:06][debug] [sms]end:1536676386
[2018-09-11 22:33:06][debug] [sms]page:https://bbs.sex002.xyz/plugin.php?id=tom_tchongbao:ajax&act=nitice_sms_hb_run&site=1&tongcheng_id=494&hongbao_id=61&page=47
[2018-09-11 22:33:06][debug] [sms]hongbao id:61
[2018-09-11 22:33:06][debug] [sms]page:47
[2018-09-11 22:33:06][debug] [sms]client IP:118.89.52.235
[2018-09-11 22:33:06][debug] [sms]start:1536676386
[2018-09-11 22:33:09][debug] [sms]all num:10
[2018-09-11 22:33:09][debug] [sms]run num:10
[2018-09-11 22:33:09][debug] [sms]ok num:7
[2018-09-11 22:33:09][debug] [sms]no num:0
[2018-09-11 22:33:09][debug] [sms]run time:3
[2018-09-11 22:33:09][debug] [sms]end:1536676389
[2018-09-11 22:33:09][debug] [sms]page:https://bbs.sex002.xyz/plugin.php?id=tom_tchongbao:ajax&act=nitice_sms_hb_run&site=1&tongcheng_id=494&hongbao_id=61&page=48
[2018-09-11 22:33:10][debug] [sms]hongbao id:61
[2018-09-11 22:33:10][debug] [sms]page:48
[2018-09-11 22:33:10][debug] [sms]client IP:118.89.52.235
[2018-09-11 22:33:10][debug] [sms]start:1536676390
[2018-09-11 22:33:13][debug] [sms]all num:10
[2018-09-11 22:33:13][debug] [sms]run num:10
[2018-09-11 22:33:13][debug] [sms]ok num:6
[2018-09-11 22:33:13][debug] [sms]no num:0
[2018-09-11 22:33:13][debug] [sms]run time:3
[2018-09-11 22:33:13][debug] [sms]end:1536676393
[2018-09-11 22:33:13][debug] [sms]page:https://bbs.sex002.xyz/plugin.php?id=tom_tchongbao:ajax&act=nitice_sms_hb_run&site=1&tongcheng_id=494&hongbao_id=61&page=49
[2018-09-11 22:33:13][debug] [sms]hongbao id:61
[2018-09-11 22:33:13][debug] [sms]page:49
[2018-09-11 22:33:13][debug] [sms]client IP:118.89.52.235
[2018-09-11 22:33:13][debug] [sms]start:1536676393
[2018-09-11 22:33:17][debug] [sms]all num:10
[2018-09-11 22:33:17][debug] [sms]run num:10
[2018-09-11 22:33:17][debug] [sms]ok num:9
[2018-09-11 22:33:17][debug] [sms]no num:0
[2018-09-11 22:33:17][debug] [sms]run time:4
[2018-09-11 22:33:17][debug] [sms]end:1536676397
[2018-09-11 22:33:17][debug] [sms]page:https://bbs.sex002.xyz/plugin.php?id=tom_tchongbao:ajax&act=nitice_sms_hb_run&site=1&tongcheng_id=494&hongbao_id=61&page=50
[2018-09-11 22:33:17][debug] [sms]hongbao id:61
[2018-09-11 22:33:17][debug] [sms]page:50
[2018-09-11 22:33:17][debug] [sms]client IP:118.89.52.235
[2018-09-11 22:33:17][debug] [sms]start:1536676397
[2018-09-11 22:33:20][debug] [sms]all num:10
[2018-09-11 22:33:20][debug] [sms]run num:10
[2018-09-11 22:33:20][debug] [sms]ok num:9
[2018-09-11 22:33:20][debug] [sms]no num:0
[2018-09-11 22:33:20][debug] [sms]run time:3
[2018-09-11 22:33:20][debug] [sms]end:1536676400
[2018-09-11 22:33:20][debug] [sms]page:https://bbs.sex002.xyz/plugin.php?id=tom_tchongbao:ajax&act=nitice_sms_hb_run&site=1&tongcheng_id=494&hongbao_id=61&page=51
[2018-09-11 22:33:20][debug] [sms]hongbao id:61
[2018-09-11 22:33:20][debug] [sms]page:51
[2018-09-11 22:33:20][debug] [sms]client IP:118.89.52.235
[2018-09-11 22:33:20][debug] [sms]start:1536676400
[2018-09-11 22:33:23][debug] [sms]all num:10
[2018-09-11 22:33:23][debug] [sms]run num:10
[2018-09-11 22:33:23][debug] [sms]ok num:8
[2018-09-11 22:33:23][debug] [sms]no num:0
[2018-09-11 22:33:23][debug] [sms]run time:3
[2018-09-11 22:33:23][debug] [sms]end:1536676403
[2018-09-11 22:33:23][debug] [sms]page:https://bbs.sex002.xyz/plugin.php?id=tom_tchongbao:ajax&act=nitice_sms_hb_run&site=1&tongcheng_id=494&hongbao_id=61&page=52
[2018-09-11 22:33:23][debug] [sms]hongbao id:61
[2018-09-11 22:33:23][debug] [sms]page:52
[2018-09-11 22:33:23][debug] [sms]client IP:118.89.52.235
[2018-09-11 22:33:23][debug] [sms]start:1536676403
[2018-09-11 22:33:26][debug] [sms]all num:10
[2018-09-11 22:33:26][debug] [sms]run num:10
[2018-09-11 22:33:26][debug] [sms]ok num:8
[2018-09-11 22:33:26][debug] [sms]no num:0
[2018-09-11 22:33:26][debug] [sms]run time:3
[2018-09-11 22:33:26][debug] [sms]end:1536676406
[2018-09-11 22:33:26][debug] [sms]page:https://bbs.sex002.xyz/plugin.php?id=tom_tchongbao:ajax&act=nitice_sms_hb_run&site=1&tongcheng_id=494&hongbao_id=61&page=53
[2018-09-11 22:33:26][debug] [sms]hongbao id:61
[2018-09-11 22:33:26][debug] [sms]page:53
[2018-09-11 22:33:26][debug] [sms]client IP:118.89.52.235
[2018-09-11 22:33:26][debug] [sms]start:1536676406
[2018-09-11 22:33:29][debug] [sms]all num:10
[2018-09-11 22:33:29][debug] [sms]run num:10
[2018-09-11 22:33:29][debug] [sms]ok num:4
[2018-09-11 22:33:29][debug] [sms]no num:0
[2018-09-11 22:33:29][debug] [sms]run time:3
[2018-09-11 22:33:29][debug] [sms]end:1536676409
[2018-09-11 22:33:29][debug] [sms]page:https://bbs.sex002.xyz/plugin.php?id=tom_tchongbao:ajax&act=nitice_sms_hb_run&site=1&tongcheng_id=494&hongbao_id=61&page=54
[2018-09-11 22:33:29][debug] [sms]hongbao id:61
[2018-09-11 22:33:29][debug] [sms]page:54
[2018-09-11 22:33:29][debug] [sms]client IP:118.89.52.235
[2018-09-11 22:33:29][debug] [sms]start:1536676409
[2018-09-11 22:33:33][debug] [sms]all num:10
[2018-09-11 22:33:33][debug] [sms]run num:10
[2018-09-11 22:33:33][debug] [sms]ok num:4
[2018-09-11 22:33:33][debug] [sms]no num:0
[2018-09-11 22:33:33][debug] [sms]run time:4
[2018-09-11 22:33:33][debug] [sms]end:1536676413
[2018-09-11 22:33:33][debug] [sms]page:https://bbs.sex002.xyz/plugin.php?id=tom_tchongbao:ajax&act=nitice_sms_hb_run&site=1&tongcheng_id=494&hongbao_id=61&page=55
[2018-09-11 22:33:33][debug] [sms]hongbao id:61
[2018-09-11 22:33:33][debug] [sms]page:55
[2018-09-11 22:33:33][debug] [sms]client IP:118.89.52.235
[2018-09-11 22:33:33][debug] [sms]start:1536676413
[2018-09-11 22:33:36][debug] [sms]all num:10
[2018-09-11 22:33:36][debug] [sms]run num:10
[2018-09-11 22:33:36][debug] [sms]ok num:3
[2018-09-11 22:33:36][debug] [sms]no num:0
[2018-09-11 22:33:36][debug] [sms]run time:3
[2018-09-11 22:33:36][debug] [sms]end:1536676416
[2018-09-11 22:33:36][debug] [sms]page:https://bbs.sex002.xyz/plugin.php?id=tom_tchongbao:ajax&act=nitice_sms_hb_run&site=1&tongcheng_id=494&hongbao_id=61&page=56
[2018-09-11 22:33:36][debug] [sms]hongbao id:61
[2018-09-11 22:33:36][debug] [sms]page:56
[2018-09-11 22:33:36][debug] [sms]client IP:118.89.52.235
[2018-09-11 22:33:36][debug] [sms]start:1536676416
[2018-09-11 22:33:39][debug] [sms]all num:10
[2018-09-11 22:33:39][debug] [sms]run num:10
[2018-09-11 22:33:39][debug] [sms]ok num:4
[2018-09-11 22:33:39][debug] [sms]no num:0
[2018-09-11 22:33:39][debug] [sms]run time:3
[2018-09-11 22:33:39][debug] [sms]end:1536676419
[2018-09-11 22:33:39][debug] [sms]page:https://bbs.sex002.xyz/plugin.php?id=tom_tchongbao:ajax&act=nitice_sms_hb_run&site=1&tongcheng_id=494&hongbao_id=61&page=57
[2018-09-11 22:33:39][debug] [sms]hongbao id:61
[2018-09-11 22:33:39][debug] [sms]page:57
[2018-09-11 22:33:39][debug] [sms]client IP:118.89.52.235
[2018-09-11 22:33:39][debug] [sms]start:1536676419
[2018-09-11 22:33:43][debug] [sms]all num:10
[2018-09-11 22:33:43][debug] [sms]run num:10
[2018-09-11 22:33:43][debug] [sms]ok num:9
[2018-09-11 22:33:43][debug] [sms]no num:0
[2018-09-11 22:33:43][debug] [sms]run time:4
[2018-09-11 22:33:43][debug] [sms]end:1536676423
[2018-09-11 22:33:43][debug] [sms]page:https://bbs.sex002.xyz/plugin.php?id=tom_tchongbao:ajax&act=nitice_sms_hb_run&site=1&tongcheng_id=494&hongbao_id=61&page=58
[2018-09-11 22:33:43][debug] [sms]hongbao id:61
[2018-09-11 22:33:43][debug] [sms]page:58
[2018-09-11 22:33:43][debug] [sms]client IP:118.89.52.235
[2018-09-11 22:33:43][debug] [sms]start:1536676423
[2018-09-11 22:33:46][debug] [sms]all num:10
[2018-09-11 22:33:46][debug] [sms]run num:10
[2018-09-11 22:33:46][debug] [sms]ok num:8
[2018-09-11 22:33:46][debug] [sms]no num:0
[2018-09-11 22:33:46][debug] [sms]run time:3
[2018-09-11 22:33:46][debug] [sms]end:1536676426
[2018-09-11 22:33:46][debug] [sms]page:https://bbs.sex002.xyz/plugin.php?id=tom_tchongbao:ajax&act=nitice_sms_hb_run&site=1&tongcheng_id=494&hongbao_id=61&page=59
[2018-09-11 22:33:46][debug] [sms]hongbao id:61
[2018-09-11 22:33:46][debug] [sms]page:59
[2018-09-11 22:33:46][debug] [sms]client IP:118.89.52.235
[2018-09-11 22:33:46][debug] [sms]start:1536676426
[2018-09-11 22:33:49][debug] [sms]all num:10
[2018-09-11 22:33:49][debug] [sms]run num:10
[2018-09-11 22:33:49][debug] [sms]ok num:4
[2018-09-11 22:33:49][debug] [sms]no num:0
[2018-09-11 22:33:49][debug] [sms]run time:3
[2018-09-11 22:33:49][debug] [sms]end:1536676429
[2018-09-11 22:33:49][debug] [sms]page:https://bbs.sex002.xyz/plugin.php?id=tom_tchongbao:ajax&act=nitice_sms_hb_run&site=1&tongcheng_id=494&hongbao_id=61&page=60
[2018-09-11 22:33:49][debug] [sms]hongbao id:61
[2018-09-11 22:33:49][debug] [sms]page:60
[2018-09-11 22:33:49][debug] [sms]client IP:118.89.52.235
[2018-09-11 22:33:49][debug] [sms]start:1536676429
[2018-09-11 22:33:52][debug] [sms]all num:10
[2018-09-11 22:33:52][debug] [sms]run num:10
[2018-09-11 22:33:52][debug] [sms]ok num:3
[2018-09-11 22:33:52][debug] [sms]no num:0
[2018-09-11 22:33:52][debug] [sms]run time:3
[2018-09-11 22:33:52][debug] [sms]end:1536676432
[2018-09-11 22:33:52][debug] [sms]page:https://bbs.sex002.xyz/plugin.php?id=tom_tchongbao:ajax&act=nitice_sms_hb_run&site=1&tongcheng_id=494&hongbao_id=61&page=61
[2018-09-11 22:33:52][debug] [sms]hongbao id:61
[2018-09-11 22:33:52][debug] [sms]page:61
[2018-09-11 22:33:52][debug] [sms]client IP:118.89.52.235
[2018-09-11 22:33:52][debug] [sms]start:1536676432
[2018-09-11 22:33:55][debug] [sms]all num:10
[2018-09-11 22:33:55][debug] [sms]run num:10
[2018-09-11 22:33:55][debug] [sms]ok num:7
[2018-09-11 22:33:55][debug] [sms]no num:0
[2018-09-11 22:33:55][debug] [sms]run time:3
[2018-09-11 22:33:55][debug] [sms]end:1536676435
[2018-09-11 22:33:55][debug] [sms]page:https://bbs.sex002.xyz/plugin.php?id=tom_tchongbao:ajax&act=nitice_sms_hb_run&site=1&tongcheng_id=494&hongbao_id=61&page=62
[2018-09-11 22:33:56][debug] [sms]hongbao id:61
[2018-09-11 22:33:56][debug] [sms]page:62
[2018-09-11 22:33:56][debug] [sms]client IP:118.89.52.235
[2018-09-11 22:33:56][debug] [sms]start:1536676436
[2018-09-11 22:33:59][debug] [sms]all num:10
[2018-09-11 22:33:59][debug] [sms]run num:10
[2018-09-11 22:33:59][debug] [sms]ok num:2
[2018-09-11 22:33:59][debug] [sms]no num:0
[2018-09-11 22:33:59][debug] [sms]run time:3
[2018-09-11 22:33:59][debug] [sms]end:1536676439
[2018-09-11 22:33:59][debug] [sms]page:https://bbs.sex002.xyz/plugin.php?id=tom_tchongbao:ajax&act=nitice_sms_hb_run&site=1&tongcheng_id=494&hongbao_id=61&page=63
[2018-09-11 22:33:59][debug] [sms]hongbao id:61
[2018-09-11 22:33:59][debug] [sms]page:63
[2018-09-11 22:33:59][debug] [sms]client IP:118.89.52.235
[2018-09-11 22:33:59][debug] [sms]start:1536676439
[2018-09-11 22:34:02][debug] [sms]all num:10
[2018-09-11 22:34:02][debug] [sms]run num:10
[2018-09-11 22:34:02][debug] [sms]ok num:5
[2018-09-11 22:34:02][debug] [sms]no num:0
[2018-09-11 22:34:02][debug] [sms]run time:3
[2018-09-11 22:34:02][debug] [sms]end:1536676442
[2018-09-11 22:34:02][debug] [sms]page:https://bbs.sex002.xyz/plugin.php?id=tom_tchongbao:ajax&act=nitice_sms_hb_run&site=1&tongcheng_id=494&hongbao_id=61&page=64
[2018-09-11 22:34:02][debug] [sms]hongbao id:61
[2018-09-11 22:34:02][debug] [sms]page:64
[2018-09-11 22:34:02][debug] [sms]client IP:118.89.52.235
[2018-09-11 22:34:02][debug] [sms]start:1536676442
[2018-09-11 22:34:05][debug] [sms]all num:10
[2018-09-11 22:34:05][debug] [sms]run num:10
[2018-09-11 22:34:05][debug] [sms]ok num:5
[2018-09-11 22:34:05][debug] [sms]no num:0
[2018-09-11 22:34:05][debug] [sms]run time:3
[2018-09-11 22:34:05][debug] [sms]end:1536676445
[2018-09-11 22:34:05][debug] [sms]page:https://bbs.sex002.xyz/plugin.php?id=tom_tchongbao:ajax&act=nitice_sms_hb_run&site=1&tongcheng_id=494&hongbao_id=61&page=65
[2018-09-11 22:34:05][debug] [sms]hongbao id:61
[2018-09-11 22:34:05][debug] [sms]page:65
[2018-09-11 22:34:05][debug] [sms]client IP:118.89.52.235
[2018-09-11 22:34:05][debug] [sms]start:1536676445
[2018-09-11 22:34:08][debug] [sms]all num:10
[2018-09-11 22:34:08][debug] [sms]run num:10
[2018-09-11 22:34:08][debug] [sms]ok num:1
[2018-09-11 22:34:08][debug] [sms]no num:0
[2018-09-11 22:34:08][debug] [sms]run time:3
[2018-09-11 22:34:08][debug] [sms]end:1536676448
[2018-09-11 22:34:08][debug] [sms]page:https://bbs.sex002.xyz/plugin.php?id=tom_tchongbao:ajax&act=nitice_sms_hb_run&site=1&tongcheng_id=494&hongbao_id=61&page=66
[2018-09-11 22:34:08][debug] [sms]hongbao id:61
[2018-09-11 22:34:08][debug] [sms]page:66
[2018-09-11 22:34:08][debug] [sms]client IP:118.89.52.235
[2018-09-11 22:34:08][debug] [sms]start:1536676448
[2018-09-11 22:34:11][debug] [sms]all num:10
[2018-09-11 22:34:11][debug] [sms]run num:10
[2018-09-11 22:34:11][debug] [sms]ok num:6
[2018-09-11 22:34:11][debug] [sms]no num:0
[2018-09-11 22:34:11][debug] [sms]run time:3
[2018-09-11 22:34:11][debug] [sms]end:1536676451
[2018-09-11 22:34:11][debug] [sms]page:https://bbs.sex002.xyz/plugin.php?id=tom_tchongbao:ajax&act=nitice_sms_hb_run&site=1&tongcheng_id=494&hongbao_id=61&page=67
[2018-09-11 22:34:11][debug] [sms]hongbao id:61
[2018-09-11 22:34:11][debug] [sms]page:67
[2018-09-11 22:34:11][debug] [sms]client IP:118.89.52.235
[2018-09-11 22:34:11][debug] [sms]start:1536676451
[2018-09-11 22:34:15][debug] [sms]all num:10
[2018-09-11 22:34:15][debug] [sms]run num:10
[2018-09-11 22:34:15][debug] [sms]ok num:4
[2018-09-11 22:34:15][debug] [sms]no num:0
[2018-09-11 22:34:15][debug] [sms]run time:4
[2018-09-11 22:34:15][debug] [sms]end:1536676455
[2018-09-11 22:34:15][debug] [sms]page:https://bbs.sex002.xyz/plugin.php?id=tom_tchongbao:ajax&act=nitice_sms_hb_run&site=1&tongcheng_id=494&hongbao_id=61&page=68
[2018-09-11 22:34:15][debug] [sms]hongbao id:61
[2018-09-11 22:34:15][debug] [sms]page:68
[2018-09-11 22:34:15][debug] [sms]client IP:118.89.52.235
[2018-09-11 22:34:15][debug] [sms]start:1536676455
[2018-09-11 22:34:18][debug] [sms]all num:10
[2018-09-11 22:34:18][debug] [sms]run num:10
[2018-09-11 22:34:18][debug] [sms]ok num:1
[2018-09-11 22:34:18][debug] [sms]no num:0
[2018-09-11 22:34:18][debug] [sms]run time:3
[2018-09-11 22:34:18][debug] [sms]end:1536676458
[2018-09-11 22:34:18][debug] [sms]page:https://bbs.sex002.xyz/plugin.php?id=tom_tchongbao:ajax&act=nitice_sms_hb_run&site=1&tongcheng_id=494&hongbao_id=61&page=69
[2018-09-11 22:34:18][debug] [sms]hongbao id:61
[2018-09-11 22:34:18][debug] [sms]page:69
[2018-09-11 22:34:18][debug] [sms]client IP:118.89.52.235
[2018-09-11 22:34:18][debug] [sms]start:1536676458
[2018-09-11 22:34:27][debug] [sms]all num:10
[2018-09-11 22:34:27][debug] [sms]run num:10
[2018-09-11 22:34:27][debug] [sms]ok num:4
[2018-09-11 22:34:27][debug] [sms]no num:0
[2018-09-11 22:34:27][debug] [sms]run time:9
[2018-09-11 22:34:27][debug] [sms]end:1536676467
[2018-09-11 22:34:27][debug] [sms]page:https://bbs.sex002.xyz/plugin.php?id=tom_tchongbao:ajax&act=nitice_sms_hb_run&site=1&tongcheng_id=494&hongbao_id=61&page=70
[2018-09-11 22:34:27][debug] [sms]hongbao id:61
[2018-09-11 22:34:27][debug] [sms]page:70
[2018-09-11 22:34:27][debug] [sms]client IP:118.89.52.235
[2018-09-11 22:34:27][debug] [sms]start:1536676467
[2018-09-11 22:34:30][debug] [sms]all num:10
[2018-09-11 22:34:30][debug] [sms]run num:10
[2018-09-11 22:34:30][debug] [sms]ok num:6
[2018-09-11 22:34:30][debug] [sms]no num:0
[2018-09-11 22:34:30][debug] [sms]run time:3
[2018-09-11 22:34:30][debug] [sms]end:1536676470
[2018-09-11 22:34:30][debug] [sms]page:https://bbs.sex002.xyz/plugin.php?id=tom_tchongbao:ajax&act=nitice_sms_hb_run&site=1&tongcheng_id=494&hongbao_id=61&page=71
[2018-09-11 22:34:30][debug] [sms]hongbao id:61
[2018-09-11 22:34:30][debug] [sms]page:71
[2018-09-11 22:34:30][debug] [sms]client IP:118.89.52.235
[2018-09-11 22:34:30][debug] [sms]start:1536676470
[2018-09-11 22:34:33][debug] [sms]all num:10
[2018-09-11 22:34:33][debug] [sms]run num:10
[2018-09-11 22:34:33][debug] [sms]ok num:8
[2018-09-11 22:34:33][debug] [sms]no num:0
[2018-09-11 22:34:33][debug] [sms]run time:3
[2018-09-11 22:34:33][debug] [sms]end:1536676473
[2018-09-11 22:34:33][debug] [sms]page:https://bbs.sex002.xyz/plugin.php?id=tom_tchongbao:ajax&act=nitice_sms_hb_run&site=1&tongcheng_id=494&hongbao_id=61&page=72
[2018-09-11 22:34:34][debug] [sms]hongbao id:61
[2018-09-11 22:34:34][debug] [sms]page:72
[2018-09-11 22:34:34][debug] [sms]client IP:118.89.52.235
[2018-09-11 22:34:34][debug] [sms]start:1536676474
[2018-09-11 22:34:37][debug] [sms]all num:10
[2018-09-11 22:34:37][debug] [sms]run num:10
[2018-09-11 22:34:37][debug] [sms]ok num:2
[2018-09-11 22:34:37][debug] [sms]no num:0
[2018-09-11 22:34:37][debug] [sms]run time:3
[2018-09-11 22:34:37][debug] [sms]end:1536676477
[2018-09-11 22:34:37][debug] [sms]page:https://bbs.sex002.xyz/plugin.php?id=tom_tchongbao:ajax&act=nitice_sms_hb_run&site=1&tongcheng_id=494&hongbao_id=61&page=73
[2018-09-11 22:34:38][debug] [sms]hongbao id:61
[2018-09-11 22:34:38][debug] [sms]page:73
[2018-09-11 22:34:38][debug] [sms]client IP:118.89.52.235
[2018-09-11 22:34:38][debug] [sms]start:1536676478
[2018-09-11 22:34:41][debug] [sms]all num:10
[2018-09-11 22:34:41][debug] [sms]run num:10
[2018-09-11 22:34:41][debug] [sms]ok num:9
[2018-09-11 22:34:41][debug] [sms]no num:0
[2018-09-11 22:34:41][debug] [sms]run time:3
[2018-09-11 22:34:41][debug] [sms]end:1536676481
[2018-09-11 22:34:41][debug] [sms]page:https://bbs.sex002.xyz/plugin.php?id=tom_tchongbao:ajax&act=nitice_sms_hb_run&site=1&tongcheng_id=494&hongbao_id=61&page=74
[2018-09-11 22:34:41][debug] [sms]hongbao id:61
[2018-09-11 22:34:41][debug] [sms]page:74
[2018-09-11 22:34:41][debug] [sms]client IP:118.89.52.235
[2018-09-11 22:34:41][debug] [sms]start:1536676481
[2018-09-11 22:34:44][debug] [sms]all num:10
[2018-09-11 22:34:44][debug] [sms]run num:10
[2018-09-11 22:34:44][debug] [sms]ok num:9
[2018-09-11 22:34:44][debug] [sms]no num:0
[2018-09-11 22:34:44][debug] [sms]run time:3
[2018-09-11 22:34:44][debug] [sms]end:1536676484
[2018-09-11 22:34:44][debug] [sms]page:https://bbs.sex002.xyz/plugin.php?id=tom_tchongbao:ajax&act=nitice_sms_hb_run&site=1&tongcheng_id=494&hongbao_id=61&page=75
[2018-09-11 22:34:44][debug] [sms]hongbao id:61
[2018-09-11 22:34:44][debug] [sms]page:75
[2018-09-11 22:34:44][debug] [sms]client IP:118.89.52.235
[2018-09-11 22:34:44][debug] [sms]start:1536676484
[2018-09-11 22:34:47][debug] [sms]all num:10
[2018-09-11 22:34:47][debug] [sms]run num:10
[2018-09-11 22:34:47][debug] [sms]ok num:4
[2018-09-11 22:34:47][debug] [sms]no num:0
[2018-09-11 22:34:47][debug] [sms]run time:3
[2018-09-11 22:34:47][debug] [sms]end:1536676487
[2018-09-11 22:34:47][debug] [sms]page:https://bbs.sex002.xyz/plugin.php?id=tom_tchongbao:ajax&act=nitice_sms_hb_run&site=1&tongcheng_id=494&hongbao_id=61&page=76
[2018-09-11 22:34:47][debug] [sms]hongbao id:61
[2018-09-11 22:34:47][debug] [sms]page:76
[2018-09-11 22:34:47][debug] [sms]client IP:118.89.52.235
[2018-09-11 22:34:47][debug] [sms]start:1536676487
[2018-09-11 22:34:50][debug] [sms]all num:10
[2018-09-11 22:34:50][debug] [sms]run num:10
[2018-09-11 22:34:50][debug] [sms]ok num:5
[2018-09-11 22:34:50][debug] [sms]no num:0
[2018-09-11 22:34:50][debug] [sms]run time:3
[2018-09-11 22:34:50][debug] [sms]end:1536676490
[2018-09-11 22:34:50][debug] [sms]page:https://bbs.sex002.xyz/plugin.php?id=tom_tchongbao:ajax&act=nitice_sms_hb_run&site=1&tongcheng_id=494&hongbao_id=61&page=77
[2018-09-11 22:34:51][debug] [sms]hongbao id:61
[2018-09-11 22:34:51][debug] [sms]page:77
[2018-09-11 22:34:51][debug] [sms]client IP:118.89.52.235
[2018-09-11 22:34:51][debug] [sms]start:1536676491
[2018-09-11 22:34:54][debug] [sms]all num:10
[2018-09-11 22:34:54][debug] [sms]run num:10
[2018-09-11 22:34:54][debug] [sms]ok num:1
[2018-09-11 22:34:54][debug] [sms]no num:0
[2018-09-11 22:34:54][debug] [sms]run time:3
[2018-09-11 22:34:54][debug] [sms]end:1536676494
[2018-09-11 22:34:54][debug] [sms]page:https://bbs.sex002.xyz/plugin.php?id=tom_tchongbao:ajax&act=nitice_sms_hb_run&site=1&tongcheng_id=494&hongbao_id=61&page=78
[2018-09-11 22:34:54][debug] [sms]hongbao id:61
[2018-09-11 22:34:54][debug] [sms]page:78
[2018-09-11 22:34:54][debug] [sms]client IP:118.89.52.235
[2018-09-11 22:34:54][debug] [sms]start:1536676494
[2018-09-11 22:34:57][debug] [sms]all num:10
[2018-09-11 22:34:57][debug] [sms]run num:9
[2018-09-11 22:34:57][debug] [sms]ok num:0
[2018-09-11 22:34:57][debug] [sms]no num:0
[2018-09-11 22:34:57][debug] [sms]run time:3
[2018-09-11 22:34:57][debug] [sms]end:1536676497
[2018-09-11 22:34:57][debug] [sms]page:https://bbs.sex002.xyz/plugin.php?id=tom_tchongbao:ajax&act=nitice_sms_hb_run&site=1&tongcheng_id=494&hongbao_id=61&page=79
[2018-09-11 22:34:57][debug] [sms]hongbao id:61
[2018-09-11 22:34:57][debug] [sms]page:79
[2018-09-11 22:34:57][debug] [sms]client IP:118.89.52.235
[2018-09-11 22:34:57][debug] [sms]start:1536676497
[2018-09-11 22:35:00][debug] [sms]all num:10
[2018-09-11 22:35:00][debug] [sms]run num:10
[2018-09-11 22:35:00][debug] [sms]ok num:5
[2018-09-11 22:35:00][debug] [sms]no num:0
[2018-09-11 22:35:00][debug] [sms]run time:3
[2018-09-11 22:35:00][debug] [sms]end:1536676500
[2018-09-11 22:35:00][debug] [sms]page:https://bbs.sex002.xyz/plugin.php?id=tom_tchongbao:ajax&act=nitice_sms_hb_run&site=1&tongcheng_id=494&hongbao_id=61&page=80
[2018-09-11 22:35:00][debug] [sms]hongbao id:61
[2018-09-11 22:35:00][debug] [sms]page:80
[2018-09-11 22:35:00][debug] [sms]client IP:118.89.52.235
[2018-09-11 22:35:00][debug] [sms]start:1536676500
[2018-09-11 22:35:03][debug] [sms]all num:10
[2018-09-11 22:35:03][debug] [sms]run num:10
[2018-09-11 22:35:03][debug] [sms]ok num:4
[2018-09-11 22:35:03][debug] [sms]no num:0
[2018-09-11 22:35:03][debug] [sms]run time:3
[2018-09-11 22:35:03][debug] [sms]end:1536676503
[2018-09-11 22:35:03][debug] [sms]page:https://bbs.sex002.xyz/plugin.php?id=tom_tchongbao:ajax&act=nitice_sms_hb_run&site=1&tongcheng_id=494&hongbao_id=61&page=81
[2018-09-11 22:35:03][debug] [sms]hongbao id:61
[2018-09-11 22:35:03][debug] [sms]page:81
[2018-09-11 22:35:03][debug] [sms]client IP:118.89.52.235
[2018-09-11 22:35:03][debug] [sms]start:1536676503
[2018-09-11 22:35:07][debug] [sms]all num:10
[2018-09-11 22:35:07][debug] [sms]run num:10
[2018-09-11 22:35:07][debug] [sms]ok num:4
[2018-09-11 22:35:07][debug] [sms]no num:0
[2018-09-11 22:35:07][debug] [sms]run time:4
[2018-09-11 22:35:07][debug] [sms]end:1536676507
[2018-09-11 22:35:07][debug] [sms]page:https://bbs.sex002.xyz/plugin.php?id=tom_tchongbao:ajax&act=nitice_sms_hb_run&site=1&tongcheng_id=494&hongbao_id=61&page=82
[2018-09-11 22:35:07][debug] [sms]hongbao id:61
[2018-09-11 22:35:07][debug] [sms]page:82
[2018-09-11 22:35:07][debug] [sms]client IP:118.89.52.235
[2018-09-11 22:35:07][debug] [sms]start:1536676507
[2018-09-11 22:35:10][debug] [sms]all num:10
[2018-09-11 22:35:10][debug] [sms]run num:10
[2018-09-11 22:35:10][debug] [sms]ok num:7
[2018-09-11 22:35:10][debug] [sms]no num:0
[2018-09-11 22:35:10][debug] [sms]run time:3
[2018-09-11 22:35:10][debug] [sms]end:1536676510
[2018-09-11 22:35:10][debug] [sms]page:https://bbs.sex002.xyz/plugin.php?id=tom_tchongbao:ajax&act=nitice_sms_hb_run&site=1&tongcheng_id=494&hongbao_id=61&page=83
[2018-09-11 22:35:10][debug] [sms]hongbao id:61
[2018-09-11 22:35:10][debug] [sms]page:83
[2018-09-11 22:35:10][debug] [sms]client IP:118.89.52.235
[2018-09-11 22:35:10][debug] [sms]start:1536676510
[2018-09-11 22:35:13][debug] [sms]all num:10
[2018-09-11 22:35:13][debug] [sms]run num:10
[2018-09-11 22:35:13][debug] [sms]ok num:5
[2018-09-11 22:35:13][debug] [sms]no num:0
[2018-09-11 22:35:13][debug] [sms]run time:3
[2018-09-11 22:35:13][debug] [sms]end:1536676513
[2018-09-11 22:35:13][debug] [sms]page:https://bbs.sex002.xyz/plugin.php?id=tom_tchongbao:ajax&act=nitice_sms_hb_run&site=1&tongcheng_id=494&hongbao_id=61&page=84
[2018-09-11 22:35:13][debug] [sms]hongbao id:61
[2018-09-11 22:35:13][debug] [sms]page:84
[2018-09-11 22:35:13][debug] [sms]client IP:118.89.52.235
[2018-09-11 22:35:13][debug] [sms]start:1536676513
[2018-09-11 22:35:16][debug] [sms]all num:10
[2018-09-11 22:35:16][debug] [sms]run num:10
[2018-09-11 22:35:16][debug] [sms]ok num:4
[2018-09-11 22:35:16][debug] [sms]no num:0
[2018-09-11 22:35:16][debug] [sms]run time:3
[2018-09-11 22:35:16][debug] [sms]end:1536676516
[2018-09-11 22:35:16][debug] [sms]page:https://bbs.sex002.xyz/plugin.php?id=tom_tchongbao:ajax&act=nitice_sms_hb_run&site=1&tongcheng_id=494&hongbao_id=61&page=85
[2018-09-11 22:35:16][debug] [sms]hongbao id:61
[2018-09-11 22:35:16][debug] [sms]page:85
[2018-09-11 22:35:16][debug] [sms]client IP:118.89.52.235
[2018-09-11 22:35:16][debug] [sms]start:1536676516
[2018-09-11 22:35:20][debug] [sms]all num:10
[2018-09-11 22:35:20][debug] [sms]run num:10
[2018-09-11 22:35:20][debug] [sms]ok num:4
[2018-09-11 22:35:20][debug] [sms]no num:0
[2018-09-11 22:35:20][debug] [sms]run time:4
[2018-09-11 22:35:20][debug] [sms]end:1536676520
[2018-09-11 22:35:20][debug] [sms]page:https://bbs.sex002.xyz/plugin.php?id=tom_tchongbao:ajax&act=nitice_sms_hb_run&site=1&tongcheng_id=494&hongbao_id=61&page=86
[2018-09-11 22:35:20][debug] [sms]hongbao id:61
[2018-09-11 22:35:20][debug] [sms]page:86
[2018-09-11 22:35:20][debug] [sms]client IP:118.89.52.235
[2018-09-11 22:35:20][debug] [sms]start:1536676520
[2018-09-11 22:35:23][debug] [sms]all num:10
[2018-09-11 22:35:23][debug] [sms]run num:10
[2018-09-11 22:35:23][debug] [sms]ok num:4
[2018-09-11 22:35:23][debug] [sms]no num:0
[2018-09-11 22:35:23][debug] [sms]run time:3
[2018-09-11 22:35:23][debug] [sms]end:1536676523
[2018-09-11 22:35:23][debug] [sms]page:https://bbs.sex002.xyz/plugin.php?id=tom_tchongbao:ajax&act=nitice_sms_hb_run&site=1&tongcheng_id=494&hongbao_id=61&page=87
[2018-09-11 22:35:23][debug] [sms]hongbao id:61
[2018-09-11 22:35:23][debug] [sms]page:87
[2018-09-11 22:35:23][debug] [sms]client IP:118.89.52.235
[2018-09-11 22:35:23][debug] [sms]start:1536676523
[2018-09-11 22:35:26][debug] [sms]all num:10
[2018-09-11 22:35:26][debug] [sms]run num:10
[2018-09-11 22:35:26][debug] [sms]ok num:1
[2018-09-11 22:35:26][debug] [sms]no num:0
[2018-09-11 22:35:26][debug] [sms]run time:3
[2018-09-11 22:35:26][debug] [sms]end:1536676526
[2018-09-11 22:35:26][debug] [sms]page:https://bbs.sex002.xyz/plugin.php?id=tom_tchongbao:ajax&act=nitice_sms_hb_run&site=1&tongcheng_id=494&hongbao_id=61&page=88
[2018-09-11 22:35:26][debug] [sms]hongbao id:61
[2018-09-11 22:35:26][debug] [sms]page:88
[2018-09-11 22:35:26][debug] [sms]client IP:118.89.52.235
[2018-09-11 22:35:26][debug] [sms]start:1536676526
[2018-09-11 22:35:29][debug] [sms]all num:10
[2018-09-11 22:35:29][debug] [sms]run num:9
[2018-09-11 22:35:29][debug] [sms]ok num:3
[2018-09-11 22:35:29][debug] [sms]no num:0
[2018-09-11 22:35:29][debug] [sms]run time:3
[2018-09-11 22:35:29][debug] [sms]end:1536676529
[2018-09-11 22:35:29][debug] [sms]page:https://bbs.sex002.xyz/plugin.php?id=tom_tchongbao:ajax&act=nitice_sms_hb_run&site=1&tongcheng_id=494&hongbao_id=61&page=89
[2018-09-11 22:35:29][debug] [sms]hongbao id:61
[2018-09-11 22:35:29][debug] [sms]page:89
[2018-09-11 22:35:29][debug] [sms]client IP:118.89.52.235
[2018-09-11 22:35:29][debug] [sms]start:1536676529
[2018-09-11 22:35:32][debug] [sms]all num:10
[2018-09-11 22:35:32][debug] [sms]run num:10
[2018-09-11 22:35:32][debug] [sms]ok num:5
[2018-09-11 22:35:32][debug] [sms]no num:0
[2018-09-11 22:35:32][debug] [sms]run time:3
[2018-09-11 22:35:32][debug] [sms]end:1536676532
[2018-09-11 22:35:32][debug] [sms]page:https://bbs.sex002.xyz/plugin.php?id=tom_tchongbao:ajax&act=nitice_sms_hb_run&site=1&tongcheng_id=494&hongbao_id=61&page=90
[2018-09-11 22:35:32][debug] [sms]hongbao id:61
[2018-09-11 22:35:32][debug] [sms]page:90
[2018-09-11 22:35:32][debug] [sms]client IP:118.89.52.235
[2018-09-11 22:35:32][debug] [sms]start:1536676532
[2018-09-11 22:35:35][debug] [sms]all num:10
[2018-09-11 22:35:35][debug] [sms]run num:10
[2018-09-11 22:35:35][debug] [sms]ok num:2
[2018-09-11 22:35:35][debug] [sms]no num:0
[2018-09-11 22:35:35][debug] [sms]run time:3
[2018-09-11 22:35:35][debug] [sms]end:1536676535
[2018-09-11 22:35:35][debug] [sms]page:https://bbs.sex002.xyz/plugin.php?id=tom_tchongbao:ajax&act=nitice_sms_hb_run&site=1&tongcheng_id=494&hongbao_id=61&page=91
[2018-09-11 22:35:35][debug] [sms]hongbao id:61
[2018-09-11 22:35:35][debug] [sms]page:91
[2018-09-11 22:35:35][debug] [sms]client IP:118.89.52.235
[2018-09-11 22:35:35][debug] [sms]start:1536676535
[2018-09-11 22:35:38][debug] [sms]all num:10
[2018-09-11 22:35:38][debug] [sms]run num:10
[2018-09-11 22:35:38][debug] [sms]ok num:3
[2018-09-11 22:35:38][debug] [sms]no num:0
[2018-09-11 22:35:38][debug] [sms]run time:3
[2018-09-11 22:35:38][debug] [sms]end:1536676538
[2018-09-11 22:35:38][debug] [sms]page:https://bbs.sex002.xyz/plugin.php?id=tom_tchongbao:ajax&act=nitice_sms_hb_run&site=1&tongcheng_id=494&hongbao_id=61&page=92
[2018-09-11 22:35:38][debug] [sms]hongbao id:61
[2018-09-11 22:35:38][debug] [sms]page:92
[2018-09-11 22:35:38][debug] [sms]client IP:118.89.52.235
[2018-09-11 22:35:38][debug] [sms]start:1536676538
[2018-09-11 22:35:41][debug] [sms]all num:10
[2018-09-11 22:35:41][debug] [sms]run num:10
[2018-09-11 22:35:41][debug] [sms]ok num:0
[2018-09-11 22:35:41][debug] [sms]no num:0
[2018-09-11 22:35:41][debug] [sms]run time:3
[2018-09-11 22:35:41][debug] [sms]end:1536676541
[2018-09-11 22:35:41][debug] [sms]page:https://bbs.sex002.xyz/plugin.php?id=tom_tchongbao:ajax&act=nitice_sms_hb_run&site=1&tongcheng_id=494&hongbao_id=61&page=93
[2018-09-11 22:35:42][debug] [sms]hongbao id:61
[2018-09-11 22:35:42][debug] [sms]page:93
[2018-09-11 22:35:42][debug] [sms]client IP:118.89.52.235
[2018-09-11 22:35:42][debug] [sms]start:1536676542
[2018-09-11 22:35:45][debug] [sms]all num:10
[2018-09-11 22:35:45][debug] [sms]run num:10
[2018-09-11 22:35:45][debug] [sms]ok num:0
[2018-09-11 22:35:45][debug] [sms]no num:0
[2018-09-11 22:35:45][debug] [sms]run time:3
[2018-09-11 22:35:45][debug] [sms]end:1536676545
[2018-09-11 22:35:45][debug] [sms]page:https://bbs.sex002.xyz/plugin.php?id=tom_tchongbao:ajax&act=nitice_sms_hb_run&site=1&tongcheng_id=494&hongbao_id=61&page=94
[2018-09-11 22:35:45][debug] [sms]hongbao id:61
[2018-09-11 22:35:45][debug] [sms]page:94
[2018-09-11 22:35:45][debug] [sms]client IP:118.89.52.235
[2018-09-11 22:35:45][debug] [sms]start:1536676545
[2018-09-11 22:35:48][debug] [sms]all num:10
[2018-09-11 22:35:48][debug] [sms]run num:10
[2018-09-11 22:35:48][debug] [sms]ok num:1
[2018-09-11 22:35:48][debug] [sms]no num:0
[2018-09-11 22:35:48][debug] [sms]run time:3
[2018-09-11 22:35:48][debug] [sms]end:1536676548
[2018-09-11 22:35:48][debug] [sms]page:https://bbs.sex002.xyz/plugin.php?id=tom_tchongbao:ajax&act=nitice_sms_hb_run&site=1&tongcheng_id=494&hongbao_id=61&page=95
[2018-09-11 22:35:48][debug] [sms]hongbao id:61
[2018-09-11 22:35:48][debug] [sms]page:95
[2018-09-11 22:35:48][debug] [sms]client IP:118.89.52.235
[2018-09-11 22:35:48][debug] [sms]start:1536676548
[2018-09-11 22:35:51][debug] [sms]all num:10
[2018-09-11 22:35:51][debug] [sms]run num:10
[2018-09-11 22:35:51][debug] [sms]ok num:4
[2018-09-11 22:35:51][debug] [sms]no num:0
[2018-09-11 22:35:51][debug] [sms]run time:3
[2018-09-11 22:35:51][debug] [sms]end:1536676551
[2018-09-11 22:35:51][debug] [sms]page:https://bbs.sex002.xyz/plugin.php?id=tom_tchongbao:ajax&act=nitice_sms_hb_run&site=1&tongcheng_id=494&hongbao_id=61&page=96
[2018-09-11 22:35:52][debug] [sms]hongbao id:61
[2018-09-11 22:35:52][debug] [sms]page:96
[2018-09-11 22:35:52][debug] [sms]client IP:118.89.52.235
[2018-09-11 22:35:52][debug] [sms]start:1536676552
[2018-09-11 22:35:55][debug] [sms]all num:10
[2018-09-11 22:35:55][debug] [sms]run num:10
[2018-09-11 22:35:55][debug] [sms]ok num:2
[2018-09-11 22:35:55][debug] [sms]no num:0
[2018-09-11 22:35:55][debug] [sms]run time:3
[2018-09-11 22:35:55][debug] [sms]end:1536676555
[2018-09-11 22:35:55][debug] [sms]page:https://bbs.sex002.xyz/plugin.php?id=tom_tchongbao:ajax&act=nitice_sms_hb_run&site=1&tongcheng_id=494&hongbao_id=61&page=97
[2018-09-11 22:35:55][debug] [sms]hongbao id:61
[2018-09-11 22:35:55][debug] [sms]page:97
[2018-09-11 22:35:55][debug] [sms]client IP:118.89.52.235
[2018-09-11 22:35:55][debug] [sms]start:1536676555
[2018-09-11 22:35:58][debug] [sms]all num:10
[2018-09-11 22:35:58][debug] [sms]run num:10
[2018-09-11 22:35:58][debug] [sms]ok num:6
[2018-09-11 22:35:58][debug] [sms]no num:0
[2018-09-11 22:35:58][debug] [sms]run time:3
[2018-09-11 22:35:58][debug] [sms]end:1536676558
[2018-09-11 22:35:58][debug] [sms]page:https://bbs.sex002.xyz/plugin.php?id=tom_tchongbao:ajax&act=nitice_sms_hb_run&site=1&tongcheng_id=494&hongbao_id=61&page=98
[2018-09-11 22:35:58][debug] [sms]hongbao id:61
[2018-09-11 22:35:58][debug] [sms]page:98
[2018-09-11 22:35:58][debug] [sms]client IP:118.89.52.235
[2018-09-11 22:35:58][debug] [sms]start:1536676558
[2018-09-11 22:36:01][debug] [sms]all num:10
[2018-09-11 22:36:01][debug] [sms]run num:10
[2018-09-11 22:36:01][debug] [sms]ok num:5
[2018-09-11 22:36:01][debug] [sms]no num:0
[2018-09-11 22:36:01][debug] [sms]run time:3
[2018-09-11 22:36:01][debug] [sms]end:1536676561
[2018-09-11 22:36:01][debug] [sms]page:https://bbs.sex002.xyz/plugin.php?id=tom_tchongbao:ajax&act=nitice_sms_hb_run&site=1&tongcheng_id=494&hongbao_id=61&page=99
[2018-09-11 22:36:01][debug] [sms]hongbao id:61
[2018-09-11 22:36:01][debug] [sms]page:99
[2018-09-11 22:36:01][debug] [sms]client IP:118.89.52.235
[2018-09-11 22:36:01][debug] [sms]start:1536676561
[2018-09-11 22:36:04][debug] [sms]all num:10
[2018-09-11 22:36:04][debug] [sms]run num:9
[2018-09-11 22:36:04][debug] [sms]ok num:0
[2018-09-11 22:36:04][debug] [sms]no num:0
[2018-09-11 22:36:04][debug] [sms]run time:3
[2018-09-11 22:36:04][debug] [sms]end:1536676564
[2018-09-11 22:36:04][debug] [sms]page:https://bbs.sex002.xyz/plugin.php?id=tom_tchongbao:ajax&act=nitice_sms_hb_run&site=1&tongcheng_id=494&hongbao_id=61&page=100
[2018-09-11 22:36:04][debug] [sms]hongbao id:61
[2018-09-11 22:36:04][debug] [sms]page:100
[2018-09-11 22:36:04][debug] [sms]client IP:118.89.52.235
[2018-09-11 22:36:04][debug] [sms]start:1536676564
[2018-09-11 22:36:07][debug] [sms]all num:10
[2018-09-11 22:36:07][debug] [sms]run num:10
[2018-09-11 22:36:07][debug] [sms]ok num:2
[2018-09-11 22:36:07][debug] [sms]no num:0
[2018-09-11 22:36:07][debug] [sms]run time:3
[2018-09-11 22:36:07][debug] [sms]end:1536676567
[2018-09-11 22:36:07][debug] [sms]page:https://bbs.sex002.xyz/plugin.php?id=tom_tchongbao:ajax&act=nitice_sms_hb_run&site=1&tongcheng_id=494&hongbao_id=61&page=101
[2018-09-11 22:36:08][debug] [sms]--------------------- over 101 -------------------------
