[2018-11-15 09:36:55][debug] [sms]--------------------- new -------------------------
[2018-11-15 09:36:55][debug] [sms]hongbao id:72
[2018-11-15 09:36:55][debug] [sms]page:1
[2018-11-15 09:36:55][debug] [sms]client IP:118.89.52.235
[2018-11-15 09:36:55][debug] [sms]start:1542245815
[2018-11-15 09:36:58][debug] [sms]all num:10
[2018-11-15 09:36:58][debug] [sms]run num:9
[2018-11-15 09:36:58][debug] [sms]ok num:7
[2018-11-15 09:36:58][debug] [sms]no num:0
[2018-11-15 09:36:58][debug] [sms]run time:3
[2018-11-15 09:36:58][debug] [sms]end:1542245818
[2018-11-15 09:36:58][debug] [sms]page:https://bbs.sex002.xyz/plugin.php?id=tom_tchongbao:ajax&act=nitice_sms_hb_run&site=1&tongcheng_id=705&hongbao_id=72&page=2
[2018-11-15 09:36:59][debug] [sms]hongbao id:72
[2018-11-15 09:36:59][debug] [sms]page:2
[2018-11-15 09:36:59][debug] [sms]client IP:118.89.52.235
[2018-11-15 09:36:59][debug] [sms]start:1542245819
[2018-11-15 09:37:02][debug] [sms]all num:10
[2018-11-15 09:37:02][debug] [sms]run num:10
[2018-11-15 09:37:02][debug] [sms]ok num:8
[2018-11-15 09:37:02][debug] [sms]no num:0
[2018-11-15 09:37:02][debug] [sms]run time:3
[2018-11-15 09:37:02][debug] [sms]end:1542245822
[2018-11-15 09:37:02][debug] [sms]page:https://bbs.sex002.xyz/plugin.php?id=tom_tchongbao:ajax&act=nitice_sms_hb_run&site=1&tongcheng_id=705&hongbao_id=72&page=3
[2018-11-15 09:37:02][debug] [sms]hongbao id:72
[2018-11-15 09:37:02][debug] [sms]page:3
[2018-11-15 09:37:02][debug] [sms]client IP:118.89.52.235
[2018-11-15 09:37:02][debug] [sms]start:1542245822
[2018-11-15 09:37:05][debug] [sms]all num:10
[2018-11-15 09:37:05][debug] [sms]run num:10
[2018-11-15 09:37:05][debug] [sms]ok num:6
[2018-11-15 09:37:05][debug] [sms]no num:0
[2018-11-15 09:37:05][debug] [sms]run time:3
[2018-11-15 09:37:05][debug] [sms]end:1542245825
[2018-11-15 09:37:05][debug] [sms]page:https://bbs.sex002.xyz/plugin.php?id=tom_tchongbao:ajax&act=nitice_sms_hb_run&site=1&tongcheng_id=705&hongbao_id=72&page=4
[2018-11-15 09:37:06][debug] [sms]hongbao id:72
[2018-11-15 09:37:06][debug] [sms]page:4
[2018-11-15 09:37:06][debug] [sms]client IP:118.89.52.235
[2018-11-15 09:37:06][debug] [sms]start:1542245826
[2018-11-15 09:37:09][debug] [sms]all num:10
[2018-11-15 09:37:09][debug] [sms]run num:10
[2018-11-15 09:37:09][debug] [sms]ok num:6
[2018-11-15 09:37:09][debug] [sms]no num:0
[2018-11-15 09:37:09][debug] [sms]run time:3
[2018-11-15 09:37:09][debug] [sms]end:1542245829
[2018-11-15 09:37:09][debug] [sms]page:https://bbs.sex002.xyz/plugin.php?id=tom_tchongbao:ajax&act=nitice_sms_hb_run&site=1&tongcheng_id=705&hongbao_id=72&page=5
[2018-11-15 09:37:09][debug] [sms]hongbao id:72
[2018-11-15 09:37:09][debug] [sms]page:5
[2018-11-15 09:37:09][debug] [sms]client IP:118.89.52.235
[2018-11-15 09:37:09][debug] [sms]start:1542245829
[2018-11-15 09:37:13][debug] [sms]all num:10
[2018-11-15 09:37:13][debug] [sms]run num:10
[2018-11-15 09:37:13][debug] [sms]ok num:7
[2018-11-15 09:37:13][debug] [sms]no num:0
[2018-11-15 09:37:13][debug] [sms]run time:4
[2018-11-15 09:37:13][debug] [sms]end:1542245833
[2018-11-15 09:37:13][debug] [sms]page:https://bbs.sex002.xyz/plugin.php?id=tom_tchongbao:ajax&act=nitice_sms_hb_run&site=1&tongcheng_id=705&hongbao_id=72&page=6
[2018-11-15 09:37:13][debug] [sms]hongbao id:72
[2018-11-15 09:37:13][debug] [sms]page:6
[2018-11-15 09:37:13][debug] [sms]client IP:118.89.52.235
[2018-11-15 09:37:13][debug] [sms]start:1542245833
[2018-11-15 09:37:16][debug] [sms]all num:10
[2018-11-15 09:37:16][debug] [sms]run num:10
[2018-11-15 09:37:16][debug] [sms]ok num:7
[2018-11-15 09:37:16][debug] [sms]no num:0
[2018-11-15 09:37:16][debug] [sms]run time:3
[2018-11-15 09:37:16][debug] [sms]end:1542245836
[2018-11-15 09:37:16][debug] [sms]page:https://bbs.sex002.xyz/plugin.php?id=tom_tchongbao:ajax&act=nitice_sms_hb_run&site=1&tongcheng_id=705&hongbao_id=72&page=7
[2018-11-15 09:37:16][debug] [sms]hongbao id:72
[2018-11-15 09:37:16][debug] [sms]page:7
[2018-11-15 09:37:16][debug] [sms]client IP:118.89.52.235
[2018-11-15 09:37:16][debug] [sms]start:1542245836
[2018-11-15 09:37:19][debug] [sms]all num:10
[2018-11-15 09:37:19][debug] [sms]run num:10
[2018-11-15 09:37:19][debug] [sms]ok num:6
[2018-11-15 09:37:19][debug] [sms]no num:0
[2018-11-15 09:37:19][debug] [sms]run time:3
[2018-11-15 09:37:19][debug] [sms]end:1542245839
[2018-11-15 09:37:19][debug] [sms]page:https://bbs.sex002.xyz/plugin.php?id=tom_tchongbao:ajax&act=nitice_sms_hb_run&site=1&tongcheng_id=705&hongbao_id=72&page=8
[2018-11-15 09:37:19][debug] [sms]hongbao id:72
[2018-11-15 09:37:19][debug] [sms]page:8
[2018-11-15 09:37:19][debug] [sms]client IP:118.89.52.235
[2018-11-15 09:37:19][debug] [sms]start:1542245839
[2018-11-15 09:37:22][debug] [sms]all num:10
[2018-11-15 09:37:22][debug] [sms]run num:10
[2018-11-15 09:37:22][debug] [sms]ok num:7
[2018-11-15 09:37:22][debug] [sms]no num:0
[2018-11-15 09:37:22][debug] [sms]run time:3
[2018-11-15 09:37:22][debug] [sms]end:1542245842
[2018-11-15 09:37:22][debug] [sms]page:https://bbs.sex002.xyz/plugin.php?id=tom_tchongbao:ajax&act=nitice_sms_hb_run&site=1&tongcheng_id=705&hongbao_id=72&page=9
[2018-11-15 09:37:23][debug] [sms]hongbao id:72
[2018-11-15 09:37:23][debug] [sms]page:9
[2018-11-15 09:37:23][debug] [sms]client IP:118.89.52.235
[2018-11-15 09:37:23][debug] [sms]start:1542245843
[2018-11-15 09:37:26][debug] [sms]all num:10
[2018-11-15 09:37:26][debug] [sms]run num:10
[2018-11-15 09:37:26][debug] [sms]ok num:7
[2018-11-15 09:37:26][debug] [sms]no num:0
[2018-11-15 09:37:26][debug] [sms]run time:3
[2018-11-15 09:37:26][debug] [sms]end:1542245846
[2018-11-15 09:37:26][debug] [sms]page:https://bbs.sex002.xyz/plugin.php?id=tom_tchongbao:ajax&act=nitice_sms_hb_run&site=1&tongcheng_id=705&hongbao_id=72&page=10
[2018-11-15 09:37:26][debug] [sms]hongbao id:72
[2018-11-15 09:37:26][debug] [sms]page:10
[2018-11-15 09:37:26][debug] [sms]client IP:118.89.52.235
[2018-11-15 09:37:26][debug] [sms]start:1542245846
[2018-11-15 09:37:29][debug] [sms]all num:10
[2018-11-15 09:37:29][debug] [sms]run num:10
[2018-11-15 09:37:29][debug] [sms]ok num:8
[2018-11-15 09:37:29][debug] [sms]no num:0
[2018-11-15 09:37:29][debug] [sms]run time:3
[2018-11-15 09:37:29][debug] [sms]end:1542245849
[2018-11-15 09:37:29][debug] [sms]page:https://bbs.sex002.xyz/plugin.php?id=tom_tchongbao:ajax&act=nitice_sms_hb_run&site=1&tongcheng_id=705&hongbao_id=72&page=11
[2018-11-15 09:37:29][debug] [sms]hongbao id:72
[2018-11-15 09:37:29][debug] [sms]page:11
[2018-11-15 09:37:29][debug] [sms]client IP:118.89.52.235
[2018-11-15 09:37:29][debug] [sms]start:1542245849
[2018-11-15 09:37:32][debug] [sms]all num:10
[2018-11-15 09:37:32][debug] [sms]run num:10
[2018-11-15 09:37:32][debug] [sms]ok num:8
[2018-11-15 09:37:32][debug] [sms]no num:0
[2018-11-15 09:37:32][debug] [sms]run time:3
[2018-11-15 09:37:32][debug] [sms]end:1542245852
[2018-11-15 09:37:32][debug] [sms]page:https://bbs.sex002.xyz/plugin.php?id=tom_tchongbao:ajax&act=nitice_sms_hb_run&site=1&tongcheng_id=705&hongbao_id=72&page=12
[2018-11-15 09:37:32][debug] [sms]hongbao id:72
[2018-11-15 09:37:32][debug] [sms]page:12
[2018-11-15 09:37:32][debug] [sms]client IP:118.89.52.235
[2018-11-15 09:37:32][debug] [sms]start:1542245852
[2018-11-15 09:37:35][debug] [sms]all num:10
[2018-11-15 09:37:35][debug] [sms]run num:10
[2018-11-15 09:37:35][debug] [sms]ok num:8
[2018-11-15 09:37:35][debug] [sms]no num:0
[2018-11-15 09:37:35][debug] [sms]run time:3
[2018-11-15 09:37:35][debug] [sms]end:1542245855
[2018-11-15 09:37:35][debug] [sms]page:https://bbs.sex002.xyz/plugin.php?id=tom_tchongbao:ajax&act=nitice_sms_hb_run&site=1&tongcheng_id=705&hongbao_id=72&page=13
[2018-11-15 09:37:35][debug] [sms]hongbao id:72
[2018-11-15 09:37:35][debug] [sms]page:13
[2018-11-15 09:37:35][debug] [sms]client IP:118.89.52.235
[2018-11-15 09:37:35][debug] [sms]start:1542245855
[2018-11-15 09:37:38][debug] [sms]all num:10
[2018-11-15 09:37:38][debug] [sms]run num:10
[2018-11-15 09:37:38][debug] [sms]ok num:2
[2018-11-15 09:37:38][debug] [sms]no num:0
[2018-11-15 09:37:38][debug] [sms]run time:3
[2018-11-15 09:37:38][debug] [sms]end:1542245858
[2018-11-15 09:37:38][debug] [sms]page:https://bbs.sex002.xyz/plugin.php?id=tom_tchongbao:ajax&act=nitice_sms_hb_run&site=1&tongcheng_id=705&hongbao_id=72&page=14
[2018-11-15 09:37:39][debug] [sms]hongbao id:72
[2018-11-15 09:37:39][debug] [sms]page:14
[2018-11-15 09:37:39][debug] [sms]client IP:118.89.52.235
[2018-11-15 09:37:39][debug] [sms]start:1542245859
[2018-11-15 09:37:42][debug] [sms]all num:10
[2018-11-15 09:37:42][debug] [sms]run num:10
[2018-11-15 09:37:42][debug] [sms]ok num:7
[2018-11-15 09:37:42][debug] [sms]no num:0
[2018-11-15 09:37:42][debug] [sms]run time:3
[2018-11-15 09:37:42][debug] [sms]end:1542245862
[2018-11-15 09:37:42][debug] [sms]page:https://bbs.sex002.xyz/plugin.php?id=tom_tchongbao:ajax&act=nitice_sms_hb_run&site=1&tongcheng_id=705&hongbao_id=72&page=15
[2018-11-15 09:37:42][debug] [sms]hongbao id:72
[2018-11-15 09:37:42][debug] [sms]page:15
[2018-11-15 09:37:42][debug] [sms]client IP:118.89.52.235
[2018-11-15 09:37:42][debug] [sms]start:1542245862
[2018-11-15 09:37:45][debug] [sms]all num:10
[2018-11-15 09:37:45][debug] [sms]run num:10
[2018-11-15 09:37:45][debug] [sms]ok num:7
[2018-11-15 09:37:45][debug] [sms]no num:0
[2018-11-15 09:37:45][debug] [sms]run time:3
[2018-11-15 09:37:45][debug] [sms]end:1542245865
[2018-11-15 09:37:45][debug] [sms]page:https://bbs.sex002.xyz/plugin.php?id=tom_tchongbao:ajax&act=nitice_sms_hb_run&site=1&tongcheng_id=705&hongbao_id=72&page=16
[2018-11-15 09:37:45][debug] [sms]hongbao id:72
[2018-11-15 09:37:45][debug] [sms]page:16
[2018-11-15 09:37:45][debug] [sms]client IP:118.89.52.235
[2018-11-15 09:37:45][debug] [sms]start:1542245865
[2018-11-15 09:37:48][debug] [sms]all num:10
[2018-11-15 09:37:48][debug] [sms]run num:10
[2018-11-15 09:37:48][debug] [sms]ok num:6
[2018-11-15 09:37:48][debug] [sms]no num:0
[2018-11-15 09:37:48][debug] [sms]run time:3
[2018-11-15 09:37:48][debug] [sms]end:1542245868
[2018-11-15 09:37:48][debug] [sms]page:https://bbs.sex002.xyz/plugin.php?id=tom_tchongbao:ajax&act=nitice_sms_hb_run&site=1&tongcheng_id=705&hongbao_id=72&page=17
[2018-11-15 09:37:48][debug] [sms]hongbao id:72
[2018-11-15 09:37:48][debug] [sms]page:17
[2018-11-15 09:37:48][debug] [sms]client IP:118.89.52.235
[2018-11-15 09:37:48][debug] [sms]start:1542245868
[2018-11-15 09:37:51][debug] [sms]all num:10
[2018-11-15 09:37:51][debug] [sms]run num:10
[2018-11-15 09:37:51][debug] [sms]ok num:7
[2018-11-15 09:37:51][debug] [sms]no num:0
[2018-11-15 09:37:51][debug] [sms]run time:3
[2018-11-15 09:37:51][debug] [sms]end:1542245871
[2018-11-15 09:37:51][debug] [sms]page:https://bbs.sex002.xyz/plugin.php?id=tom_tchongbao:ajax&act=nitice_sms_hb_run&site=1&tongcheng_id=705&hongbao_id=72&page=18
[2018-11-15 09:37:51][debug] [sms]hongbao id:72
[2018-11-15 09:37:51][debug] [sms]page:18
[2018-11-15 09:37:51][debug] [sms]client IP:118.89.52.235
[2018-11-15 09:37:51][debug] [sms]start:1542245871
[2018-11-15 09:37:54][debug] [sms]all num:10
[2018-11-15 09:37:54][debug] [sms]run num:10
[2018-11-15 09:37:54][debug] [sms]ok num:10
[2018-11-15 09:37:54][debug] [sms]no num:0
[2018-11-15 09:37:54][debug] [sms]run time:3
[2018-11-15 09:37:54][debug] [sms]end:1542245874
[2018-11-15 09:37:54][debug] [sms]page:https://bbs.sex002.xyz/plugin.php?id=tom_tchongbao:ajax&act=nitice_sms_hb_run&site=1&tongcheng_id=705&hongbao_id=72&page=19
[2018-11-15 09:37:54][debug] [sms]hongbao id:72
[2018-11-15 09:37:54][debug] [sms]page:19
[2018-11-15 09:37:54][debug] [sms]client IP:118.89.52.235
[2018-11-15 09:37:54][debug] [sms]start:1542245874
[2018-11-15 09:37:57][debug] [sms]all num:10
[2018-11-15 09:37:57][debug] [sms]run num:10
[2018-11-15 09:37:57][debug] [sms]ok num:4
[2018-11-15 09:37:57][debug] [sms]no num:0
[2018-11-15 09:37:57][debug] [sms]run time:3
[2018-11-15 09:37:57][debug] [sms]end:1542245877
[2018-11-15 09:37:57][debug] [sms]page:https://bbs.sex002.xyz/plugin.php?id=tom_tchongbao:ajax&act=nitice_sms_hb_run&site=1&tongcheng_id=705&hongbao_id=72&page=20
[2018-11-15 09:37:57][debug] [sms]hongbao id:72
[2018-11-15 09:37:57][debug] [sms]page:20
[2018-11-15 09:37:57][debug] [sms]client IP:118.89.52.235
[2018-11-15 09:37:57][debug] [sms]start:1542245877
[2018-11-15 09:38:00][debug] [sms]all num:10
[2018-11-15 09:38:00][debug] [sms]run num:10
[2018-11-15 09:38:00][debug] [sms]ok num:7
[2018-11-15 09:38:00][debug] [sms]no num:0
[2018-11-15 09:38:00][debug] [sms]run time:3
[2018-11-15 09:38:00][debug] [sms]end:1542245880
[2018-11-15 09:38:00][debug] [sms]page:https://bbs.sex002.xyz/plugin.php?id=tom_tchongbao:ajax&act=nitice_sms_hb_run&site=1&tongcheng_id=705&hongbao_id=72&page=21
[2018-11-15 09:38:01][debug] [sms]hongbao id:72
[2018-11-15 09:38:01][debug] [sms]page:21
[2018-11-15 09:38:01][debug] [sms]client IP:118.89.52.235
[2018-11-15 09:38:01][debug] [sms]start:1542245881
[2018-11-15 09:38:04][debug] [sms]all num:10
[2018-11-15 09:38:04][debug] [sms]run num:10
[2018-11-15 09:38:04][debug] [sms]ok num:8
[2018-11-15 09:38:04][debug] [sms]no num:0
[2018-11-15 09:38:04][debug] [sms]run time:3
[2018-11-15 09:38:04][debug] [sms]end:1542245884
[2018-11-15 09:38:04][debug] [sms]page:https://bbs.sex002.xyz/plugin.php?id=tom_tchongbao:ajax&act=nitice_sms_hb_run&site=1&tongcheng_id=705&hongbao_id=72&page=22
[2018-11-15 09:38:04][debug] [sms]hongbao id:72
[2018-11-15 09:38:04][debug] [sms]page:22
[2018-11-15 09:38:04][debug] [sms]client IP:118.89.52.235
[2018-11-15 09:38:04][debug] [sms]start:1542245884
[2018-11-15 09:38:07][debug] [sms]all num:10
[2018-11-15 09:38:07][debug] [sms]run num:10
[2018-11-15 09:38:07][debug] [sms]ok num:7
[2018-11-15 09:38:07][debug] [sms]no num:0
[2018-11-15 09:38:07][debug] [sms]run time:3
[2018-11-15 09:38:07][debug] [sms]end:1542245887
[2018-11-15 09:38:07][debug] [sms]page:https://bbs.sex002.xyz/plugin.php?id=tom_tchongbao:ajax&act=nitice_sms_hb_run&site=1&tongcheng_id=705&hongbao_id=72&page=23
[2018-11-15 09:38:07][debug] [sms]hongbao id:72
[2018-11-15 09:38:07][debug] [sms]page:23
[2018-11-15 09:38:07][debug] [sms]client IP:118.89.52.235
[2018-11-15 09:38:07][debug] [sms]start:1542245887
[2018-11-15 09:38:10][debug] [sms]all num:10
[2018-11-15 09:38:10][debug] [sms]run num:10
[2018-11-15 09:38:10][debug] [sms]ok num:6
[2018-11-15 09:38:10][debug] [sms]no num:0
[2018-11-15 09:38:10][debug] [sms]run time:3
[2018-11-15 09:38:10][debug] [sms]end:1542245890
[2018-11-15 09:38:10][debug] [sms]page:https://bbs.sex002.xyz/plugin.php?id=tom_tchongbao:ajax&act=nitice_sms_hb_run&site=1&tongcheng_id=705&hongbao_id=72&page=24
[2018-11-15 09:38:10][debug] [sms]hongbao id:72
[2018-11-15 09:38:10][debug] [sms]page:24
[2018-11-15 09:38:10][debug] [sms]client IP:118.89.52.235
[2018-11-15 09:38:10][debug] [sms]start:1542245890
[2018-11-15 09:38:13][debug] [sms]all num:10
[2018-11-15 09:38:13][debug] [sms]run num:10
[2018-11-15 09:38:13][debug] [sms]ok num:9
[2018-11-15 09:38:13][debug] [sms]no num:0
[2018-11-15 09:38:13][debug] [sms]run time:3
[2018-11-15 09:38:13][debug] [sms]end:1542245893
[2018-11-15 09:38:13][debug] [sms]page:https://bbs.sex002.xyz/plugin.php?id=tom_tchongbao:ajax&act=nitice_sms_hb_run&site=1&tongcheng_id=705&hongbao_id=72&page=25
[2018-11-15 09:38:14][debug] [sms]hongbao id:72
[2018-11-15 09:38:14][debug] [sms]page:25
[2018-11-15 09:38:14][debug] [sms]client IP:118.89.52.235
[2018-11-15 09:38:14][debug] [sms]start:1542245894
[2018-11-15 09:38:17][debug] [sms]all num:10
[2018-11-15 09:38:17][debug] [sms]run num:10
[2018-11-15 09:38:17][debug] [sms]ok num:6
[2018-11-15 09:38:17][debug] [sms]no num:0
[2018-11-15 09:38:17][debug] [sms]run time:3
[2018-11-15 09:38:17][debug] [sms]end:1542245897
[2018-11-15 09:38:17][debug] [sms]page:https://bbs.sex002.xyz/plugin.php?id=tom_tchongbao:ajax&act=nitice_sms_hb_run&site=1&tongcheng_id=705&hongbao_id=72&page=26
[2018-11-15 09:38:17][debug] [sms]hongbao id:72
[2018-11-15 09:38:17][debug] [sms]page:26
[2018-11-15 09:38:17][debug] [sms]client IP:118.89.52.235
[2018-11-15 09:38:17][debug] [sms]start:1542245897
[2018-11-15 09:38:20][debug] [sms]all num:10
[2018-11-15 09:38:20][debug] [sms]run num:10
[2018-11-15 09:38:20][debug] [sms]ok num:7
[2018-11-15 09:38:20][debug] [sms]no num:0
[2018-11-15 09:38:20][debug] [sms]run time:3
[2018-11-15 09:38:20][debug] [sms]end:1542245900
[2018-11-15 09:38:20][debug] [sms]page:https://bbs.sex002.xyz/plugin.php?id=tom_tchongbao:ajax&act=nitice_sms_hb_run&site=1&tongcheng_id=705&hongbao_id=72&page=27
[2018-11-15 09:38:20][debug] [sms]hongbao id:72
[2018-11-15 09:38:20][debug] [sms]page:27
[2018-11-15 09:38:20][debug] [sms]client IP:118.89.52.235
[2018-11-15 09:38:20][debug] [sms]start:1542245900
[2018-11-15 09:38:23][debug] [sms]all num:10
[2018-11-15 09:38:23][debug] [sms]run num:10
[2018-11-15 09:38:23][debug] [sms]ok num:7
[2018-11-15 09:38:23][debug] [sms]no num:0
[2018-11-15 09:38:23][debug] [sms]run time:3
[2018-11-15 09:38:23][debug] [sms]end:1542245903
[2018-11-15 09:38:23][debug] [sms]page:https://bbs.sex002.xyz/plugin.php?id=tom_tchongbao:ajax&act=nitice_sms_hb_run&site=1&tongcheng_id=705&hongbao_id=72&page=28
[2018-11-15 09:38:23][debug] [sms]hongbao id:72
[2018-11-15 09:38:23][debug] [sms]page:28
[2018-11-15 09:38:23][debug] [sms]client IP:118.89.52.235
[2018-11-15 09:38:23][debug] [sms]start:1542245903
[2018-11-15 09:38:26][debug] [sms]all num:10
[2018-11-15 09:38:26][debug] [sms]run num:10
[2018-11-15 09:38:26][debug] [sms]ok num:4
[2018-11-15 09:38:26][debug] [sms]no num:0
[2018-11-15 09:38:26][debug] [sms]run time:3
[2018-11-15 09:38:26][debug] [sms]end:1542245906
[2018-11-15 09:38:26][debug] [sms]page:https://bbs.sex002.xyz/plugin.php?id=tom_tchongbao:ajax&act=nitice_sms_hb_run&site=1&tongcheng_id=705&hongbao_id=72&page=29
[2018-11-15 09:38:27][debug] [sms]hongbao id:72
[2018-11-15 09:38:27][debug] [sms]page:29
[2018-11-15 09:38:27][debug] [sms]client IP:118.89.52.235
[2018-11-15 09:38:27][debug] [sms]start:1542245907
[2018-11-15 09:38:30][debug] [sms]all num:10
[2018-11-15 09:38:30][debug] [sms]run num:10
[2018-11-15 09:38:30][debug] [sms]ok num:7
[2018-11-15 09:38:30][debug] [sms]no num:0
[2018-11-15 09:38:30][debug] [sms]run time:3
[2018-11-15 09:38:30][debug] [sms]end:1542245910
[2018-11-15 09:38:30][debug] [sms]page:https://bbs.sex002.xyz/plugin.php?id=tom_tchongbao:ajax&act=nitice_sms_hb_run&site=1&tongcheng_id=705&hongbao_id=72&page=30
[2018-11-15 09:38:30][debug] [sms]hongbao id:72
[2018-11-15 09:38:30][debug] [sms]page:30
[2018-11-15 09:38:30][debug] [sms]client IP:118.89.52.235
[2018-11-15 09:38:30][debug] [sms]start:1542245910
[2018-11-15 09:38:33][debug] [sms]all num:10
[2018-11-15 09:38:33][debug] [sms]run num:10
[2018-11-15 09:38:33][debug] [sms]ok num:9
[2018-11-15 09:38:33][debug] [sms]no num:0
[2018-11-15 09:38:33][debug] [sms]run time:3
[2018-11-15 09:38:33][debug] [sms]end:1542245913
[2018-11-15 09:38:33][debug] [sms]page:https://bbs.sex002.xyz/plugin.php?id=tom_tchongbao:ajax&act=nitice_sms_hb_run&site=1&tongcheng_id=705&hongbao_id=72&page=31
[2018-11-15 09:38:33][debug] [sms]hongbao id:72
[2018-11-15 09:38:33][debug] [sms]page:31
[2018-11-15 09:38:33][debug] [sms]client IP:118.89.52.235
[2018-11-15 09:38:33][debug] [sms]start:1542245913
[2018-11-15 09:38:36][debug] [sms]all num:10
[2018-11-15 09:38:36][debug] [sms]run num:10
[2018-11-15 09:38:36][debug] [sms]ok num:8
[2018-11-15 09:38:36][debug] [sms]no num:0
[2018-11-15 09:38:36][debug] [sms]run time:3
[2018-11-15 09:38:36][debug] [sms]end:1542245916
[2018-11-15 09:38:36][debug] [sms]page:https://bbs.sex002.xyz/plugin.php?id=tom_tchongbao:ajax&act=nitice_sms_hb_run&site=1&tongcheng_id=705&hongbao_id=72&page=32
[2018-11-15 09:38:36][debug] [sms]hongbao id:72
[2018-11-15 09:38:36][debug] [sms]page:32
[2018-11-15 09:38:36][debug] [sms]client IP:118.89.52.235
[2018-11-15 09:38:36][debug] [sms]start:1542245916
[2018-11-15 09:38:39][debug] [sms]all num:10
[2018-11-15 09:38:39][debug] [sms]run num:10
[2018-11-15 09:38:39][debug] [sms]ok num:8
[2018-11-15 09:38:39][debug] [sms]no num:0
[2018-11-15 09:38:39][debug] [sms]run time:3
[2018-11-15 09:38:39][debug] [sms]end:1542245919
[2018-11-15 09:38:39][debug] [sms]page:https://bbs.sex002.xyz/plugin.php?id=tom_tchongbao:ajax&act=nitice_sms_hb_run&site=1&tongcheng_id=705&hongbao_id=72&page=33
[2018-11-15 09:38:40][debug] [sms]hongbao id:72
[2018-11-15 09:38:40][debug] [sms]page:33
[2018-11-15 09:38:40][debug] [sms]client IP:118.89.52.235
[2018-11-15 09:38:40][debug] [sms]start:1542245920
[2018-11-15 09:38:43][debug] [sms]all num:10
[2018-11-15 09:38:43][debug] [sms]run num:10
[2018-11-15 09:38:43][debug] [sms]ok num:8
[2018-11-15 09:38:43][debug] [sms]no num:0
[2018-11-15 09:38:43][debug] [sms]run time:3
[2018-11-15 09:38:43][debug] [sms]end:1542245923
[2018-11-15 09:38:43][debug] [sms]page:https://bbs.sex002.xyz/plugin.php?id=tom_tchongbao:ajax&act=nitice_sms_hb_run&site=1&tongcheng_id=705&hongbao_id=72&page=34
[2018-11-15 09:38:43][debug] [sms]hongbao id:72
[2018-11-15 09:38:43][debug] [sms]page:34
[2018-11-15 09:38:43][debug] [sms]client IP:118.89.52.235
[2018-11-15 09:38:43][debug] [sms]start:1542245923
[2018-11-15 09:38:46][debug] [sms]all num:10
[2018-11-15 09:38:46][debug] [sms]run num:10
[2018-11-15 09:38:46][debug] [sms]ok num:10
[2018-11-15 09:38:46][debug] [sms]no num:0
[2018-11-15 09:38:46][debug] [sms]run time:3
[2018-11-15 09:38:46][debug] [sms]end:1542245926
[2018-11-15 09:38:46][debug] [sms]page:https://bbs.sex002.xyz/plugin.php?id=tom_tchongbao:ajax&act=nitice_sms_hb_run&site=1&tongcheng_id=705&hongbao_id=72&page=35
[2018-11-15 09:38:46][debug] [sms]hongbao id:72
[2018-11-15 09:38:46][debug] [sms]page:35
[2018-11-15 09:38:46][debug] [sms]client IP:118.89.52.235
[2018-11-15 09:38:46][debug] [sms]start:1542245926
[2018-11-15 09:38:49][debug] [sms]all num:10
[2018-11-15 09:38:49][debug] [sms]run num:10
[2018-11-15 09:38:49][debug] [sms]ok num:8
[2018-11-15 09:38:49][debug] [sms]no num:0
[2018-11-15 09:38:49][debug] [sms]run time:3
[2018-11-15 09:38:49][debug] [sms]end:1542245929
[2018-11-15 09:38:49][debug] [sms]page:https://bbs.sex002.xyz/plugin.php?id=tom_tchongbao:ajax&act=nitice_sms_hb_run&site=1&tongcheng_id=705&hongbao_id=72&page=36
[2018-11-15 09:38:49][debug] [sms]hongbao id:72
[2018-11-15 09:38:49][debug] [sms]page:36
[2018-11-15 09:38:49][debug] [sms]client IP:118.89.52.235
[2018-11-15 09:38:49][debug] [sms]start:1542245929
[2018-11-15 09:38:52][debug] [sms]all num:10
[2018-11-15 09:38:52][debug] [sms]run num:10
[2018-11-15 09:38:52][debug] [sms]ok num:10
[2018-11-15 09:38:52][debug] [sms]no num:0
[2018-11-15 09:38:52][debug] [sms]run time:3
[2018-11-15 09:38:52][debug] [sms]end:1542245932
[2018-11-15 09:38:52][debug] [sms]page:https://bbs.sex002.xyz/plugin.php?id=tom_tchongbao:ajax&act=nitice_sms_hb_run&site=1&tongcheng_id=705&hongbao_id=72&page=37
[2018-11-15 09:38:53][debug] [sms]hongbao id:72
[2018-11-15 09:38:53][debug] [sms]page:37
[2018-11-15 09:38:53][debug] [sms]client IP:118.89.52.235
[2018-11-15 09:38:53][debug] [sms]start:1542245933
[2018-11-15 09:38:55][debug] [sms]all num:10
[2018-11-15 09:38:55][debug] [sms]run num:10
[2018-11-15 09:38:55][debug] [sms]ok num:10
[2018-11-15 09:38:55][debug] [sms]no num:0
[2018-11-15 09:38:55][debug] [sms]run time:2
[2018-11-15 09:38:55][debug] [sms]end:1542245935
[2018-11-15 09:38:55][debug] [sms]page:https://bbs.sex002.xyz/plugin.php?id=tom_tchongbao:ajax&act=nitice_sms_hb_run&site=1&tongcheng_id=705&hongbao_id=72&page=38
[2018-11-15 09:38:56][debug] [sms]hongbao id:72
[2018-11-15 09:38:56][debug] [sms]page:38
[2018-11-15 09:38:56][debug] [sms]client IP:118.89.52.235
[2018-11-15 09:38:56][debug] [sms]start:1542245936
[2018-11-15 09:38:59][debug] [sms]all num:10
[2018-11-15 09:38:59][debug] [sms]run num:10
[2018-11-15 09:38:59][debug] [sms]ok num:9
[2018-11-15 09:38:59][debug] [sms]no num:0
[2018-11-15 09:38:59][debug] [sms]run time:3
[2018-11-15 09:38:59][debug] [sms]end:1542245939
[2018-11-15 09:38:59][debug] [sms]page:https://bbs.sex002.xyz/plugin.php?id=tom_tchongbao:ajax&act=nitice_sms_hb_run&site=1&tongcheng_id=705&hongbao_id=72&page=39
[2018-11-15 09:38:59][debug] [sms]hongbao id:72
[2018-11-15 09:38:59][debug] [sms]page:39
[2018-11-15 09:38:59][debug] [sms]client IP:118.89.52.235
[2018-11-15 09:38:59][debug] [sms]start:1542245939
[2018-11-15 09:39:02][debug] [sms]all num:10
[2018-11-15 09:39:02][debug] [sms]run num:10
[2018-11-15 09:39:02][debug] [sms]ok num:6
[2018-11-15 09:39:02][debug] [sms]no num:0
[2018-11-15 09:39:02][debug] [sms]run time:3
[2018-11-15 09:39:02][debug] [sms]end:1542245942
[2018-11-15 09:39:02][debug] [sms]page:https://bbs.sex002.xyz/plugin.php?id=tom_tchongbao:ajax&act=nitice_sms_hb_run&site=1&tongcheng_id=705&hongbao_id=72&page=40
[2018-11-15 09:39:02][debug] [sms]hongbao id:72
[2018-11-15 09:39:02][debug] [sms]page:40
[2018-11-15 09:39:02][debug] [sms]client IP:118.89.52.235
[2018-11-15 09:39:02][debug] [sms]start:1542245942
[2018-11-15 09:39:05][debug] [sms]all num:10
[2018-11-15 09:39:05][debug] [sms]run num:10
[2018-11-15 09:39:05][debug] [sms]ok num:7
[2018-11-15 09:39:05][debug] [sms]no num:0
[2018-11-15 09:39:05][debug] [sms]run time:3
[2018-11-15 09:39:05][debug] [sms]end:1542245945
[2018-11-15 09:39:05][debug] [sms]page:https://bbs.sex002.xyz/plugin.php?id=tom_tchongbao:ajax&act=nitice_sms_hb_run&site=1&tongcheng_id=705&hongbao_id=72&page=41
[2018-11-15 09:39:06][debug] [sms]hongbao id:72
[2018-11-15 09:39:06][debug] [sms]page:41
[2018-11-15 09:39:06][debug] [sms]client IP:118.89.52.235
[2018-11-15 09:39:06][debug] [sms]start:1542245946
[2018-11-15 09:39:08][debug] [sms]all num:10
[2018-11-15 09:39:08][debug] [sms]run num:10
[2018-11-15 09:39:08][debug] [sms]ok num:5
[2018-11-15 09:39:08][debug] [sms]no num:0
[2018-11-15 09:39:08][debug] [sms]run time:2
[2018-11-15 09:39:08][debug] [sms]end:1542245948
[2018-11-15 09:39:08][debug] [sms]page:https://bbs.sex002.xyz/plugin.php?id=tom_tchongbao:ajax&act=nitice_sms_hb_run&site=1&tongcheng_id=705&hongbao_id=72&page=42
[2018-11-15 09:39:09][debug] [sms]hongbao id:72
[2018-11-15 09:39:09][debug] [sms]page:42
[2018-11-15 09:39:09][debug] [sms]client IP:118.89.52.235
[2018-11-15 09:39:09][debug] [sms]start:1542245949
[2018-11-15 09:39:12][debug] [sms]all num:10
[2018-11-15 09:39:12][debug] [sms]run num:10
[2018-11-15 09:39:12][debug] [sms]ok num:8
[2018-11-15 09:39:12][debug] [sms]no num:0
[2018-11-15 09:39:12][debug] [sms]run time:3
[2018-11-15 09:39:12][debug] [sms]end:1542245952
[2018-11-15 09:39:12][debug] [sms]page:https://bbs.sex002.xyz/plugin.php?id=tom_tchongbao:ajax&act=nitice_sms_hb_run&site=1&tongcheng_id=705&hongbao_id=72&page=43
[2018-11-15 09:39:12][debug] [sms]hongbao id:72
[2018-11-15 09:39:12][debug] [sms]page:43
[2018-11-15 09:39:12][debug] [sms]client IP:118.89.52.235
[2018-11-15 09:39:12][debug] [sms]start:1542245952
[2018-11-15 09:39:15][debug] [sms]all num:10
[2018-11-15 09:39:15][debug] [sms]run num:10
[2018-11-15 09:39:15][debug] [sms]ok num:5
[2018-11-15 09:39:15][debug] [sms]no num:0
[2018-11-15 09:39:15][debug] [sms]run time:3
[2018-11-15 09:39:15][debug] [sms]end:1542245955
[2018-11-15 09:39:15][debug] [sms]page:https://bbs.sex002.xyz/plugin.php?id=tom_tchongbao:ajax&act=nitice_sms_hb_run&site=1&tongcheng_id=705&hongbao_id=72&page=44
[2018-11-15 09:39:15][debug] [sms]hongbao id:72
[2018-11-15 09:39:15][debug] [sms]page:44
[2018-11-15 09:39:15][debug] [sms]client IP:118.89.52.235
[2018-11-15 09:39:15][debug] [sms]start:1542245955
[2018-11-15 09:39:18][debug] [sms]all num:10
[2018-11-15 09:39:18][debug] [sms]run num:10
[2018-11-15 09:39:18][debug] [sms]ok num:7
[2018-11-15 09:39:18][debug] [sms]no num:0
[2018-11-15 09:39:18][debug] [sms]run time:3
[2018-11-15 09:39:18][debug] [sms]end:1542245958
[2018-11-15 09:39:18][debug] [sms]page:https://bbs.sex002.xyz/plugin.php?id=tom_tchongbao:ajax&act=nitice_sms_hb_run&site=1&tongcheng_id=705&hongbao_id=72&page=45
[2018-11-15 09:39:18][debug] [sms]hongbao id:72
[2018-11-15 09:39:18][debug] [sms]page:45
[2018-11-15 09:39:18][debug] [sms]client IP:118.89.52.235
[2018-11-15 09:39:18][debug] [sms]start:1542245958
[2018-11-15 09:39:21][debug] [sms]all num:10
[2018-11-15 09:39:21][debug] [sms]run num:10
[2018-11-15 09:39:21][debug] [sms]ok num:9
[2018-11-15 09:39:21][debug] [sms]no num:0
[2018-11-15 09:39:21][debug] [sms]run time:3
[2018-11-15 09:39:21][debug] [sms]end:1542245961
[2018-11-15 09:39:21][debug] [sms]page:https://bbs.sex002.xyz/plugin.php?id=tom_tchongbao:ajax&act=nitice_sms_hb_run&site=1&tongcheng_id=705&hongbao_id=72&page=46
[2018-11-15 09:39:22][debug] [sms]hongbao id:72
[2018-11-15 09:39:22][debug] [sms]page:46
[2018-11-15 09:39:22][debug] [sms]client IP:118.89.52.235
[2018-11-15 09:39:22][debug] [sms]start:1542245962
[2018-11-15 09:39:25][debug] [sms]all num:10
[2018-11-15 09:39:25][debug] [sms]run num:10
[2018-11-15 09:39:25][debug] [sms]ok num:7
[2018-11-15 09:39:25][debug] [sms]no num:0
[2018-11-15 09:39:25][debug] [sms]run time:3
[2018-11-15 09:39:25][debug] [sms]end:1542245965
[2018-11-15 09:39:25][debug] [sms]page:https://bbs.sex002.xyz/plugin.php?id=tom_tchongbao:ajax&act=nitice_sms_hb_run&site=1&tongcheng_id=705&hongbao_id=72&page=47
[2018-11-15 09:39:25][debug] [sms]hongbao id:72
[2018-11-15 09:39:25][debug] [sms]page:47
[2018-11-15 09:39:25][debug] [sms]client IP:118.89.52.235
[2018-11-15 09:39:25][debug] [sms]start:1542245965
[2018-11-15 09:39:28][debug] [sms]all num:10
[2018-11-15 09:39:28][debug] [sms]run num:10
[2018-11-15 09:39:28][debug] [sms]ok num:7
[2018-11-15 09:39:28][debug] [sms]no num:0
[2018-11-15 09:39:28][debug] [sms]run time:3
[2018-11-15 09:39:28][debug] [sms]end:1542245968
[2018-11-15 09:39:28][debug] [sms]page:https://bbs.sex002.xyz/plugin.php?id=tom_tchongbao:ajax&act=nitice_sms_hb_run&site=1&tongcheng_id=705&hongbao_id=72&page=48
[2018-11-15 09:39:28][debug] [sms]hongbao id:72
[2018-11-15 09:39:28][debug] [sms]page:48
[2018-11-15 09:39:28][debug] [sms]client IP:118.89.52.235
[2018-11-15 09:39:28][debug] [sms]start:1542245968
[2018-11-15 09:39:31][debug] [sms]all num:10
[2018-11-15 09:39:31][debug] [sms]run num:10
[2018-11-15 09:39:31][debug] [sms]ok num:6
[2018-11-15 09:39:31][debug] [sms]no num:0
[2018-11-15 09:39:31][debug] [sms]run time:3
[2018-11-15 09:39:31][debug] [sms]end:1542245971
[2018-11-15 09:39:31][debug] [sms]page:https://bbs.sex002.xyz/plugin.php?id=tom_tchongbao:ajax&act=nitice_sms_hb_run&site=1&tongcheng_id=705&hongbao_id=72&page=49
[2018-11-15 09:39:31][debug] [sms]hongbao id:72
[2018-11-15 09:39:31][debug] [sms]page:49
[2018-11-15 09:39:31][debug] [sms]client IP:118.89.52.235
[2018-11-15 09:39:31][debug] [sms]start:1542245971
[2018-11-15 09:39:34][debug] [sms]all num:10
[2018-11-15 09:39:34][debug] [sms]run num:10
[2018-11-15 09:39:34][debug] [sms]ok num:8
[2018-11-15 09:39:34][debug] [sms]no num:0
[2018-11-15 09:39:34][debug] [sms]run time:3
[2018-11-15 09:39:34][debug] [sms]end:1542245974
[2018-11-15 09:39:34][debug] [sms]page:https://bbs.sex002.xyz/plugin.php?id=tom_tchongbao:ajax&act=nitice_sms_hb_run&site=1&tongcheng_id=705&hongbao_id=72&page=50
[2018-11-15 09:39:34][debug] [sms]hongbao id:72
[2018-11-15 09:39:34][debug] [sms]page:50
[2018-11-15 09:39:34][debug] [sms]client IP:118.89.52.235
[2018-11-15 09:39:34][debug] [sms]start:1542245974
[2018-11-15 09:39:37][debug] [sms]all num:10
[2018-11-15 09:39:37][debug] [sms]run num:10
[2018-11-15 09:39:37][debug] [sms]ok num:5
[2018-11-15 09:39:37][debug] [sms]no num:0
[2018-11-15 09:39:37][debug] [sms]run time:3
[2018-11-15 09:39:37][debug] [sms]end:1542245977
[2018-11-15 09:39:37][debug] [sms]page:https://bbs.sex002.xyz/plugin.php?id=tom_tchongbao:ajax&act=nitice_sms_hb_run&site=1&tongcheng_id=705&hongbao_id=72&page=51
[2018-11-15 09:39:38][debug] [sms]hongbao id:72
[2018-11-15 09:39:38][debug] [sms]page:51
[2018-11-15 09:39:38][debug] [sms]client IP:118.89.52.235
[2018-11-15 09:39:38][debug] [sms]start:1542245978
[2018-11-15 09:39:41][debug] [sms]all num:10
[2018-11-15 09:39:41][debug] [sms]run num:10
[2018-11-15 09:39:41][debug] [sms]ok num:7
[2018-11-15 09:39:41][debug] [sms]no num:0
[2018-11-15 09:39:41][debug] [sms]run time:3
[2018-11-15 09:39:41][debug] [sms]end:1542245981
[2018-11-15 09:39:41][debug] [sms]page:https://bbs.sex002.xyz/plugin.php?id=tom_tchongbao:ajax&act=nitice_sms_hb_run&site=1&tongcheng_id=705&hongbao_id=72&page=52
[2018-11-15 09:39:41][debug] [sms]hongbao id:72
[2018-11-15 09:39:41][debug] [sms]page:52
[2018-11-15 09:39:41][debug] [sms]client IP:118.89.52.235
[2018-11-15 09:39:41][debug] [sms]start:1542245981
[2018-11-15 09:39:44][debug] [sms]all num:10
[2018-11-15 09:39:44][debug] [sms]run num:10
[2018-11-15 09:39:44][debug] [sms]ok num:7
[2018-11-15 09:39:44][debug] [sms]no num:0
[2018-11-15 09:39:44][debug] [sms]run time:3
[2018-11-15 09:39:44][debug] [sms]end:1542245984
[2018-11-15 09:39:44][debug] [sms]page:https://bbs.sex002.xyz/plugin.php?id=tom_tchongbao:ajax&act=nitice_sms_hb_run&site=1&tongcheng_id=705&hongbao_id=72&page=53
[2018-11-15 09:39:44][debug] [sms]hongbao id:72
[2018-11-15 09:39:44][debug] [sms]page:53
[2018-11-15 09:39:44][debug] [sms]client IP:118.89.52.235
[2018-11-15 09:39:44][debug] [sms]start:1542245984
[2018-11-15 09:39:47][debug] [sms]all num:10
[2018-11-15 09:39:47][debug] [sms]run num:10
[2018-11-15 09:39:47][debug] [sms]ok num:5
[2018-11-15 09:39:47][debug] [sms]no num:0
[2018-11-15 09:39:47][debug] [sms]run time:3
[2018-11-15 09:39:47][debug] [sms]end:1542245987
[2018-11-15 09:39:47][debug] [sms]page:https://bbs.sex002.xyz/plugin.php?id=tom_tchongbao:ajax&act=nitice_sms_hb_run&site=1&tongcheng_id=705&hongbao_id=72&page=54
[2018-11-15 09:39:47][debug] [sms]hongbao id:72
[2018-11-15 09:39:47][debug] [sms]page:54
[2018-11-15 09:39:47][debug] [sms]client IP:118.89.52.235
[2018-11-15 09:39:47][debug] [sms]start:1542245987
[2018-11-15 09:39:50][debug] [sms]all num:10
[2018-11-15 09:39:50][debug] [sms]run num:10
[2018-11-15 09:39:50][debug] [sms]ok num:8
[2018-11-15 09:39:50][debug] [sms]no num:0
[2018-11-15 09:39:50][debug] [sms]run time:3
[2018-11-15 09:39:50][debug] [sms]end:1542245990
[2018-11-15 09:39:50][debug] [sms]page:https://bbs.sex002.xyz/plugin.php?id=tom_tchongbao:ajax&act=nitice_sms_hb_run&site=1&tongcheng_id=705&hongbao_id=72&page=55
[2018-11-15 09:39:51][debug] [sms]hongbao id:72
[2018-11-15 09:39:51][debug] [sms]page:55
[2018-11-15 09:39:51][debug] [sms]client IP:118.89.52.235
[2018-11-15 09:39:51][debug] [sms]start:1542245991
[2018-11-15 09:39:54][debug] [sms]all num:10
[2018-11-15 09:39:54][debug] [sms]run num:10
[2018-11-15 09:39:54][debug] [sms]ok num:10
[2018-11-15 09:39:54][debug] [sms]no num:0
[2018-11-15 09:39:54][debug] [sms]run time:3
[2018-11-15 09:39:54][debug] [sms]end:1542245994
[2018-11-15 09:39:54][debug] [sms]page:https://bbs.sex002.xyz/plugin.php?id=tom_tchongbao:ajax&act=nitice_sms_hb_run&site=1&tongcheng_id=705&hongbao_id=72&page=56
[2018-11-15 09:39:54][debug] [sms]hongbao id:72
[2018-11-15 09:39:54][debug] [sms]page:56
[2018-11-15 09:39:54][debug] [sms]client IP:118.89.52.235
[2018-11-15 09:39:54][debug] [sms]start:1542245994
[2018-11-15 09:39:57][debug] [sms]all num:10
[2018-11-15 09:39:57][debug] [sms]run num:10
[2018-11-15 09:39:57][debug] [sms]ok num:10
[2018-11-15 09:39:57][debug] [sms]no num:0
[2018-11-15 09:39:57][debug] [sms]run time:3
[2018-11-15 09:39:57][debug] [sms]end:1542245997
[2018-11-15 09:39:57][debug] [sms]page:https://bbs.sex002.xyz/plugin.php?id=tom_tchongbao:ajax&act=nitice_sms_hb_run&site=1&tongcheng_id=705&hongbao_id=72&page=57
[2018-11-15 09:39:57][debug] [sms]hongbao id:72
[2018-11-15 09:39:57][debug] [sms]page:57
[2018-11-15 09:39:57][debug] [sms]client IP:118.89.52.235
[2018-11-15 09:39:57][debug] [sms]start:1542245997
[2018-11-15 09:40:01][debug] [sms]all num:10
[2018-11-15 09:40:01][debug] [sms]run num:10
[2018-11-15 09:40:01][debug] [sms]ok num:10
[2018-11-15 09:40:01][debug] [sms]no num:0
[2018-11-15 09:40:01][debug] [sms]run time:4
[2018-11-15 09:40:01][debug] [sms]end:1542246001
[2018-11-15 09:40:01][debug] [sms]page:https://bbs.sex002.xyz/plugin.php?id=tom_tchongbao:ajax&act=nitice_sms_hb_run&site=1&tongcheng_id=705&hongbao_id=72&page=58
[2018-11-15 09:40:01][debug] [sms]hongbao id:72
[2018-11-15 09:40:01][debug] [sms]page:58
[2018-11-15 09:40:01][debug] [sms]client IP:118.89.52.235
[2018-11-15 09:40:01][debug] [sms]start:1542246001
[2018-11-15 09:40:04][debug] [sms]all num:10
[2018-11-15 09:40:04][debug] [sms]run num:10
[2018-11-15 09:40:04][debug] [sms]ok num:10
[2018-11-15 09:40:04][debug] [sms]no num:0
[2018-11-15 09:40:04][debug] [sms]run time:3
[2018-11-15 09:40:04][debug] [sms]end:1542246004
[2018-11-15 09:40:04][debug] [sms]page:https://bbs.sex002.xyz/plugin.php?id=tom_tchongbao:ajax&act=nitice_sms_hb_run&site=1&tongcheng_id=705&hongbao_id=72&page=59
[2018-11-15 09:40:04][debug] [sms]hongbao id:72
[2018-11-15 09:40:04][debug] [sms]page:59
[2018-11-15 09:40:04][debug] [sms]client IP:118.89.52.235
[2018-11-15 09:40:04][debug] [sms]start:1542246004
[2018-11-15 09:40:07][debug] [sms]all num:10
[2018-11-15 09:40:07][debug] [sms]run num:10
[2018-11-15 09:40:07][debug] [sms]ok num:8
[2018-11-15 09:40:07][debug] [sms]no num:0
[2018-11-15 09:40:07][debug] [sms]run time:3
[2018-11-15 09:40:07][debug] [sms]end:1542246007
[2018-11-15 09:40:07][debug] [sms]page:https://bbs.sex002.xyz/plugin.php?id=tom_tchongbao:ajax&act=nitice_sms_hb_run&site=1&tongcheng_id=705&hongbao_id=72&page=60
[2018-11-15 09:40:08][debug] [sms]hongbao id:72
[2018-11-15 09:40:08][debug] [sms]page:60
[2018-11-15 09:40:08][debug] [sms]client IP:118.89.52.235
[2018-11-15 09:40:08][debug] [sms]start:1542246008
[2018-11-15 09:40:11][debug] [sms]all num:10
[2018-11-15 09:40:11][debug] [sms]run num:10
[2018-11-15 09:40:11][debug] [sms]ok num:9
[2018-11-15 09:40:11][debug] [sms]no num:0
[2018-11-15 09:40:11][debug] [sms]run time:3
[2018-11-15 09:40:11][debug] [sms]end:1542246011
[2018-11-15 09:40:11][debug] [sms]page:https://bbs.sex002.xyz/plugin.php?id=tom_tchongbao:ajax&act=nitice_sms_hb_run&site=1&tongcheng_id=705&hongbao_id=72&page=61
[2018-11-15 09:40:11][debug] [sms]hongbao id:72
[2018-11-15 09:40:11][debug] [sms]page:61
[2018-11-15 09:40:11][debug] [sms]client IP:118.89.52.235
[2018-11-15 09:40:11][debug] [sms]start:1542246011
[2018-11-15 09:40:14][debug] [sms]all num:10
[2018-11-15 09:40:14][debug] [sms]run num:10
[2018-11-15 09:40:14][debug] [sms]ok num:10
[2018-11-15 09:40:14][debug] [sms]no num:0
[2018-11-15 09:40:14][debug] [sms]run time:3
[2018-11-15 09:40:14][debug] [sms]end:1542246014
[2018-11-15 09:40:14][debug] [sms]page:https://bbs.sex002.xyz/plugin.php?id=tom_tchongbao:ajax&act=nitice_sms_hb_run&site=1&tongcheng_id=705&hongbao_id=72&page=62
[2018-11-15 09:40:14][debug] [sms]hongbao id:72
[2018-11-15 09:40:14][debug] [sms]page:62
[2018-11-15 09:40:14][debug] [sms]client IP:118.89.52.235
[2018-11-15 09:40:14][debug] [sms]start:1542246014
[2018-11-15 09:40:17][debug] [sms]all num:10
[2018-11-15 09:40:17][debug] [sms]run num:10
[2018-11-15 09:40:17][debug] [sms]ok num:9
[2018-11-15 09:40:17][debug] [sms]no num:0
[2018-11-15 09:40:17][debug] [sms]run time:3
[2018-11-15 09:40:17][debug] [sms]end:1542246017
[2018-11-15 09:40:17][debug] [sms]page:https://bbs.sex002.xyz/plugin.php?id=tom_tchongbao:ajax&act=nitice_sms_hb_run&site=1&tongcheng_id=705&hongbao_id=72&page=63
[2018-11-15 09:40:17][debug] [sms]hongbao id:72
[2018-11-15 09:40:17][debug] [sms]page:63
[2018-11-15 09:40:17][debug] [sms]client IP:118.89.52.235
[2018-11-15 09:40:17][debug] [sms]start:1542246017
[2018-11-15 09:40:20][debug] [sms]all num:10
[2018-11-15 09:40:20][debug] [sms]run num:10
[2018-11-15 09:40:20][debug] [sms]ok num:9
[2018-11-15 09:40:20][debug] [sms]no num:0
[2018-11-15 09:40:20][debug] [sms]run time:3
[2018-11-15 09:40:20][debug] [sms]end:1542246020
[2018-11-15 09:40:20][debug] [sms]page:https://bbs.sex002.xyz/plugin.php?id=tom_tchongbao:ajax&act=nitice_sms_hb_run&site=1&tongcheng_id=705&hongbao_id=72&page=64
[2018-11-15 09:40:20][debug] [sms]hongbao id:72
[2018-11-15 09:40:20][debug] [sms]page:64
[2018-11-15 09:40:20][debug] [sms]client IP:118.89.52.235
[2018-11-15 09:40:20][debug] [sms]start:1542246020
[2018-11-15 09:40:23][debug] [sms]all num:10
[2018-11-15 09:40:23][debug] [sms]run num:10
[2018-11-15 09:40:23][debug] [sms]ok num:7
[2018-11-15 09:40:23][debug] [sms]no num:0
[2018-11-15 09:40:23][debug] [sms]run time:3
[2018-11-15 09:40:23][debug] [sms]end:1542246023
[2018-11-15 09:40:23][debug] [sms]page:https://bbs.sex002.xyz/plugin.php?id=tom_tchongbao:ajax&act=nitice_sms_hb_run&site=1&tongcheng_id=705&hongbao_id=72&page=65
[2018-11-15 09:40:24][debug] [sms]hongbao id:72
[2018-11-15 09:40:24][debug] [sms]page:65
[2018-11-15 09:40:24][debug] [sms]client IP:118.89.52.235
[2018-11-15 09:40:24][debug] [sms]start:1542246024
[2018-11-15 09:40:26][debug] [sms]all num:10
[2018-11-15 09:40:26][debug] [sms]run num:10
[2018-11-15 09:40:26][debug] [sms]ok num:9
[2018-11-15 09:40:26][debug] [sms]no num:0
[2018-11-15 09:40:26][debug] [sms]run time:2
[2018-11-15 09:40:26][debug] [sms]end:1542246026
[2018-11-15 09:40:26][debug] [sms]page:https://bbs.sex002.xyz/plugin.php?id=tom_tchongbao:ajax&act=nitice_sms_hb_run&site=1&tongcheng_id=705&hongbao_id=72&page=66
[2018-11-15 09:40:27][debug] [sms]hongbao id:72
[2018-11-15 09:40:27][debug] [sms]page:66
[2018-11-15 09:40:27][debug] [sms]client IP:118.89.52.235
[2018-11-15 09:40:27][debug] [sms]start:1542246027
[2018-11-15 09:40:30][debug] [sms]all num:10
[2018-11-15 09:40:30][debug] [sms]run num:10
[2018-11-15 09:40:30][debug] [sms]ok num:7
[2018-11-15 09:40:30][debug] [sms]no num:0
[2018-11-15 09:40:30][debug] [sms]run time:3
[2018-11-15 09:40:30][debug] [sms]end:1542246030
[2018-11-15 09:40:30][debug] [sms]page:https://bbs.sex002.xyz/plugin.php?id=tom_tchongbao:ajax&act=nitice_sms_hb_run&site=1&tongcheng_id=705&hongbao_id=72&page=67
[2018-11-15 09:40:31][debug] [sms]hongbao id:72
[2018-11-15 09:40:31][debug] [sms]page:67
[2018-11-15 09:40:31][debug] [sms]client IP:118.89.52.235
[2018-11-15 09:40:31][debug] [sms]start:1542246031
[2018-11-15 09:40:33][debug] [sms]all num:10
[2018-11-15 09:40:33][debug] [sms]run num:10
[2018-11-15 09:40:33][debug] [sms]ok num:5
[2018-11-15 09:40:33][debug] [sms]no num:0
[2018-11-15 09:40:33][debug] [sms]run time:2
[2018-11-15 09:40:33][debug] [sms]end:1542246033
[2018-11-15 09:40:33][debug] [sms]page:https://bbs.sex002.xyz/plugin.php?id=tom_tchongbao:ajax&act=nitice_sms_hb_run&site=1&tongcheng_id=705&hongbao_id=72&page=68
[2018-11-15 09:40:34][debug] [sms]hongbao id:72
[2018-11-15 09:40:34][debug] [sms]page:68
[2018-11-15 09:40:34][debug] [sms]client IP:118.89.52.235
[2018-11-15 09:40:34][debug] [sms]start:1542246034
[2018-11-15 09:40:37][debug] [sms]all num:10
[2018-11-15 09:40:37][debug] [sms]run num:10
[2018-11-15 09:40:37][debug] [sms]ok num:2
[2018-11-15 09:40:37][debug] [sms]no num:0
[2018-11-15 09:40:37][debug] [sms]run time:3
[2018-11-15 09:40:37][debug] [sms]end:1542246037
[2018-11-15 09:40:37][debug] [sms]page:https://bbs.sex002.xyz/plugin.php?id=tom_tchongbao:ajax&act=nitice_sms_hb_run&site=1&tongcheng_id=705&hongbao_id=72&page=69
[2018-11-15 09:40:37][debug] [sms]hongbao id:72
[2018-11-15 09:40:37][debug] [sms]page:69
[2018-11-15 09:40:37][debug] [sms]client IP:118.89.52.235
[2018-11-15 09:40:37][debug] [sms]start:1542246037
[2018-11-15 09:40:40][debug] [sms]all num:10
[2018-11-15 09:40:40][debug] [sms]run num:10
[2018-11-15 09:40:40][debug] [sms]ok num:3
[2018-11-15 09:40:40][debug] [sms]no num:0
[2018-11-15 09:40:40][debug] [sms]run time:3
[2018-11-15 09:40:40][debug] [sms]end:1542246040
[2018-11-15 09:40:40][debug] [sms]page:https://bbs.sex002.xyz/plugin.php?id=tom_tchongbao:ajax&act=nitice_sms_hb_run&site=1&tongcheng_id=705&hongbao_id=72&page=70
[2018-11-15 09:40:40][debug] [sms]hongbao id:72
[2018-11-15 09:40:40][debug] [sms]page:70
[2018-11-15 09:40:40][debug] [sms]client IP:118.89.52.235
[2018-11-15 09:40:40][debug] [sms]start:1542246040
[2018-11-15 09:40:44][debug] [sms]all num:10
[2018-11-15 09:40:44][debug] [sms]run num:10
[2018-11-15 09:40:44][debug] [sms]ok num:1
[2018-11-15 09:40:44][debug] [sms]no num:0
[2018-11-15 09:40:44][debug] [sms]run time:4
[2018-11-15 09:40:44][debug] [sms]end:1542246044
[2018-11-15 09:40:44][debug] [sms]page:https://bbs.sex002.xyz/plugin.php?id=tom_tchongbao:ajax&act=nitice_sms_hb_run&site=1&tongcheng_id=705&hongbao_id=72&page=71
[2018-11-15 09:40:44][debug] [sms]hongbao id:72
[2018-11-15 09:40:44][debug] [sms]page:71
[2018-11-15 09:40:44][debug] [sms]client IP:118.89.52.235
[2018-11-15 09:40:44][debug] [sms]start:1542246044
[2018-11-15 09:40:48][debug] [sms]all num:10
[2018-11-15 09:40:48][debug] [sms]run num:10
[2018-11-15 09:40:48][debug] [sms]ok num:3
[2018-11-15 09:40:48][debug] [sms]no num:0
[2018-11-15 09:40:48][debug] [sms]run time:4
[2018-11-15 09:40:48][debug] [sms]end:1542246048
[2018-11-15 09:40:48][debug] [sms]page:https://bbs.sex002.xyz/plugin.php?id=tom_tchongbao:ajax&act=nitice_sms_hb_run&site=1&tongcheng_id=705&hongbao_id=72&page=72
[2018-11-15 09:40:48][debug] [sms]hongbao id:72
[2018-11-15 09:40:48][debug] [sms]page:72
[2018-11-15 09:40:48][debug] [sms]client IP:118.89.52.235
[2018-11-15 09:40:48][debug] [sms]start:1542246048
[2018-11-15 09:40:50][debug] [sms]all num:10
[2018-11-15 09:40:50][debug] [sms]run num:10
[2018-11-15 09:40:50][debug] [sms]ok num:6
[2018-11-15 09:40:50][debug] [sms]no num:0
[2018-11-15 09:40:50][debug] [sms]run time:2
[2018-11-15 09:40:50][debug] [sms]end:1542246050
[2018-11-15 09:40:50][debug] [sms]page:https://bbs.sex002.xyz/plugin.php?id=tom_tchongbao:ajax&act=nitice_sms_hb_run&site=1&tongcheng_id=705&hongbao_id=72&page=73
[2018-11-15 09:40:51][debug] [sms]hongbao id:72
[2018-11-15 09:40:51][debug] [sms]page:73
[2018-11-15 09:40:51][debug] [sms]client IP:118.89.52.235
[2018-11-15 09:40:51][debug] [sms]start:1542246051
[2018-11-15 09:40:53][debug] [sms]all num:10
[2018-11-15 09:40:53][debug] [sms]run num:10
[2018-11-15 09:40:53][debug] [sms]ok num:1
[2018-11-15 09:40:53][debug] [sms]no num:0
[2018-11-15 09:40:53][debug] [sms]run time:2
[2018-11-15 09:40:53][debug] [sms]end:1542246053
[2018-11-15 09:40:53][debug] [sms]page:https://bbs.sex002.xyz/plugin.php?id=tom_tchongbao:ajax&act=nitice_sms_hb_run&site=1&tongcheng_id=705&hongbao_id=72&page=74
[2018-11-15 09:40:54][debug] [sms]hongbao id:72
[2018-11-15 09:40:54][debug] [sms]page:74
[2018-11-15 09:40:54][debug] [sms]client IP:118.89.52.235
[2018-11-15 09:40:54][debug] [sms]start:1542246054
[2018-11-15 09:40:56][debug] [sms]all num:10
[2018-11-15 09:40:56][debug] [sms]run num:10
[2018-11-15 09:40:56][debug] [sms]ok num:1
[2018-11-15 09:40:56][debug] [sms]no num:0
[2018-11-15 09:40:56][debug] [sms]run time:2
[2018-11-15 09:40:56][debug] [sms]end:1542246056
[2018-11-15 09:40:56][debug] [sms]page:https://bbs.sex002.xyz/plugin.php?id=tom_tchongbao:ajax&act=nitice_sms_hb_run&site=1&tongcheng_id=705&hongbao_id=72&page=75
[2018-11-15 09:40:57][debug] [sms]hongbao id:72
[2018-11-15 09:40:57][debug] [sms]page:75
[2018-11-15 09:40:57][debug] [sms]client IP:118.89.52.235
[2018-11-15 09:40:57][debug] [sms]start:1542246057
[2018-11-15 09:41:00][debug] [sms]all num:10
[2018-11-15 09:41:00][debug] [sms]run num:10
[2018-11-15 09:41:00][debug] [sms]ok num:0
[2018-11-15 09:41:00][debug] [sms]no num:0
[2018-11-15 09:41:00][debug] [sms]run time:3
[2018-11-15 09:41:00][debug] [sms]end:1542246060
[2018-11-15 09:41:00][debug] [sms]page:https://bbs.sex002.xyz/plugin.php?id=tom_tchongbao:ajax&act=nitice_sms_hb_run&site=1&tongcheng_id=705&hongbao_id=72&page=76
[2018-11-15 09:41:00][debug] [sms]hongbao id:72
[2018-11-15 09:41:00][debug] [sms]page:76
[2018-11-15 09:41:00][debug] [sms]client IP:118.89.52.235
[2018-11-15 09:41:00][debug] [sms]start:1542246060
[2018-11-15 09:41:03][debug] [sms]all num:10
[2018-11-15 09:41:03][debug] [sms]run num:10
[2018-11-15 09:41:03][debug] [sms]ok num:7
[2018-11-15 09:41:03][debug] [sms]no num:0
[2018-11-15 09:41:03][debug] [sms]run time:3
[2018-11-15 09:41:03][debug] [sms]end:1542246063
[2018-11-15 09:41:03][debug] [sms]page:https://bbs.sex002.xyz/plugin.php?id=tom_tchongbao:ajax&act=nitice_sms_hb_run&site=1&tongcheng_id=705&hongbao_id=72&page=77
[2018-11-15 09:41:03][debug] [sms]hongbao id:72
[2018-11-15 09:41:03][debug] [sms]page:77
[2018-11-15 09:41:03][debug] [sms]client IP:118.89.52.235
[2018-11-15 09:41:03][debug] [sms]start:1542246063
[2018-11-15 09:41:06][debug] [sms]all num:10
[2018-11-15 09:41:06][debug] [sms]run num:10
[2018-11-15 09:41:06][debug] [sms]ok num:7
[2018-11-15 09:41:06][debug] [sms]no num:0
[2018-11-15 09:41:06][debug] [sms]run time:3
[2018-11-15 09:41:06][debug] [sms]end:1542246066
[2018-11-15 09:41:06][debug] [sms]page:https://bbs.sex002.xyz/plugin.php?id=tom_tchongbao:ajax&act=nitice_sms_hb_run&site=1&tongcheng_id=705&hongbao_id=72&page=78
[2018-11-15 09:41:07][debug] [sms]hongbao id:72
[2018-11-15 09:41:07][debug] [sms]page:78
[2018-11-15 09:41:07][debug] [sms]client IP:118.89.52.235
[2018-11-15 09:41:07][debug] [sms]start:1542246067
[2018-11-15 09:41:10][debug] [sms]all num:10
[2018-11-15 09:41:10][debug] [sms]run num:10
[2018-11-15 09:41:10][debug] [sms]ok num:3
[2018-11-15 09:41:10][debug] [sms]no num:0
[2018-11-15 09:41:10][debug] [sms]run time:3
[2018-11-15 09:41:10][debug] [sms]end:1542246070
[2018-11-15 09:41:10][debug] [sms]page:https://bbs.sex002.xyz/plugin.php?id=tom_tchongbao:ajax&act=nitice_sms_hb_run&site=1&tongcheng_id=705&hongbao_id=72&page=79
[2018-11-15 09:41:10][debug] [sms]hongbao id:72
[2018-11-15 09:41:10][debug] [sms]page:79
[2018-11-15 09:41:10][debug] [sms]client IP:118.89.52.235
[2018-11-15 09:41:10][debug] [sms]start:1542246070
[2018-11-15 09:41:14][debug] [sms]all num:10
[2018-11-15 09:41:14][debug] [sms]run num:10
[2018-11-15 09:41:14][debug] [sms]ok num:1
[2018-11-15 09:41:14][debug] [sms]no num:0
[2018-11-15 09:41:14][debug] [sms]run time:4
[2018-11-15 09:41:14][debug] [sms]end:1542246074
[2018-11-15 09:41:14][debug] [sms]page:https://bbs.sex002.xyz/plugin.php?id=tom_tchongbao:ajax&act=nitice_sms_hb_run&site=1&tongcheng_id=705&hongbao_id=72&page=80
[2018-11-15 09:41:15][debug] [sms]hongbao id:72
[2018-11-15 09:41:15][debug] [sms]page:80
[2018-11-15 09:41:15][debug] [sms]client IP:118.89.52.235
[2018-11-15 09:41:15][debug] [sms]start:1542246075
[2018-11-15 09:41:19][debug] [sms]all num:10
[2018-11-15 09:41:19][debug] [sms]run num:10
[2018-11-15 09:41:19][debug] [sms]ok num:2
[2018-11-15 09:41:19][debug] [sms]no num:0
[2018-11-15 09:41:19][debug] [sms]run time:4
[2018-11-15 09:41:19][debug] [sms]end:1542246079
[2018-11-15 09:41:19][debug] [sms]page:https://bbs.sex002.xyz/plugin.php?id=tom_tchongbao:ajax&act=nitice_sms_hb_run&site=1&tongcheng_id=705&hongbao_id=72&page=81
[2018-11-15 09:41:21][debug] [sms]hongbao id:72
[2018-11-15 09:41:21][debug] [sms]page:81
[2018-11-15 09:41:21][debug] [sms]client IP:118.89.52.235
[2018-11-15 09:41:21][debug] [sms]start:1542246081
[2018-11-15 09:41:23][debug] [sms]all num:10
[2018-11-15 09:41:23][debug] [sms]run num:10
[2018-11-15 09:41:23][debug] [sms]ok num:0
[2018-11-15 09:41:23][debug] [sms]no num:0
[2018-11-15 09:41:23][debug] [sms]run time:2
[2018-11-15 09:41:23][debug] [sms]end:1542246083
[2018-11-15 09:41:23][debug] [sms]page:https://bbs.sex002.xyz/plugin.php?id=tom_tchongbao:ajax&act=nitice_sms_hb_run&site=1&tongcheng_id=705&hongbao_id=72&page=82
[2018-11-15 09:41:24][debug] [sms]hongbao id:72
[2018-11-15 09:41:24][debug] [sms]page:82
[2018-11-15 09:41:24][debug] [sms]client IP:118.89.52.235
[2018-11-15 09:41:24][debug] [sms]start:1542246084
[2018-11-15 09:41:27][debug] [sms]all num:10
[2018-11-15 09:41:27][debug] [sms]run num:10
[2018-11-15 09:41:27][debug] [sms]ok num:1
[2018-11-15 09:41:27][debug] [sms]no num:0
[2018-11-15 09:41:27][debug] [sms]run time:3
[2018-11-15 09:41:27][debug] [sms]end:1542246087
[2018-11-15 09:41:27][debug] [sms]page:https://bbs.sex002.xyz/plugin.php?id=tom_tchongbao:ajax&act=nitice_sms_hb_run&site=1&tongcheng_id=705&hongbao_id=72&page=83
[2018-11-15 09:41:27][debug] [sms]hongbao id:72
[2018-11-15 09:41:27][debug] [sms]page:83
[2018-11-15 09:41:27][debug] [sms]client IP:118.89.52.235
[2018-11-15 09:41:27][debug] [sms]start:1542246087
[2018-11-15 09:41:29][debug] [sms]all num:10
[2018-11-15 09:41:29][debug] [sms]run num:9
[2018-11-15 09:41:29][debug] [sms]ok num:0
[2018-11-15 09:41:29][debug] [sms]no num:0
[2018-11-15 09:41:29][debug] [sms]run time:2
[2018-11-15 09:41:29][debug] [sms]end:1542246089
[2018-11-15 09:41:29][debug] [sms]page:https://bbs.sex002.xyz/plugin.php?id=tom_tchongbao:ajax&act=nitice_sms_hb_run&site=1&tongcheng_id=705&hongbao_id=72&page=84
[2018-11-15 09:41:29][debug] [sms]hongbao id:72
[2018-11-15 09:41:29][debug] [sms]page:84
[2018-11-15 09:41:29][debug] [sms]client IP:118.89.52.235
[2018-11-15 09:41:29][debug] [sms]start:1542246089
[2018-11-15 09:41:33][debug] [sms]all num:10
[2018-11-15 09:41:33][debug] [sms]run num:10
[2018-11-15 09:41:33][debug] [sms]ok num:0
[2018-11-15 09:41:33][debug] [sms]no num:0
[2018-11-15 09:41:33][debug] [sms]run time:4
[2018-11-15 09:41:33][debug] [sms]end:1542246093
[2018-11-15 09:41:33][debug] [sms]page:https://bbs.sex002.xyz/plugin.php?id=tom_tchongbao:ajax&act=nitice_sms_hb_run&site=1&tongcheng_id=705&hongbao_id=72&page=85
[2018-11-15 09:41:33][debug] [sms]hongbao id:72
[2018-11-15 09:41:33][debug] [sms]page:85
[2018-11-15 09:41:33][debug] [sms]client IP:118.89.52.235
[2018-11-15 09:41:33][debug] [sms]start:1542246093
[2018-11-15 09:41:36][debug] [sms]all num:10
[2018-11-15 09:41:36][debug] [sms]run num:10
[2018-11-15 09:41:36][debug] [sms]ok num:1
[2018-11-15 09:41:36][debug] [sms]no num:0
[2018-11-15 09:41:36][debug] [sms]run time:3
[2018-11-15 09:41:36][debug] [sms]end:1542246096
[2018-11-15 09:41:36][debug] [sms]page:https://bbs.sex002.xyz/plugin.php?id=tom_tchongbao:ajax&act=nitice_sms_hb_run&site=1&tongcheng_id=705&hongbao_id=72&page=86
[2018-11-15 09:41:36][debug] [sms]hongbao id:72
[2018-11-15 09:41:36][debug] [sms]page:86
[2018-11-15 09:41:36][debug] [sms]client IP:118.89.52.235
[2018-11-15 09:41:36][debug] [sms]start:1542246096
[2018-11-15 09:41:39][debug] [sms]all num:10
[2018-11-15 09:41:39][debug] [sms]run num:10
[2018-11-15 09:41:39][debug] [sms]ok num:0
[2018-11-15 09:41:39][debug] [sms]no num:0
[2018-11-15 09:41:39][debug] [sms]run time:3
[2018-11-15 09:41:39][debug] [sms]end:1542246099
[2018-11-15 09:41:39][debug] [sms]page:https://bbs.sex002.xyz/plugin.php?id=tom_tchongbao:ajax&act=nitice_sms_hb_run&site=1&tongcheng_id=705&hongbao_id=72&page=87
[2018-11-15 09:41:39][debug] [sms]hongbao id:72
[2018-11-15 09:41:39][debug] [sms]page:87
[2018-11-15 09:41:39][debug] [sms]client IP:118.89.52.235
[2018-11-15 09:41:39][debug] [sms]start:1542246099
[2018-11-15 09:41:42][debug] [sms]all num:10
[2018-11-15 09:41:42][debug] [sms]run num:10
[2018-11-15 09:41:42][debug] [sms]ok num:3
[2018-11-15 09:41:42][debug] [sms]no num:0
[2018-11-15 09:41:42][debug] [sms]run time:3
[2018-11-15 09:41:42][debug] [sms]end:1542246102
[2018-11-15 09:41:42][debug] [sms]page:https://bbs.sex002.xyz/plugin.php?id=tom_tchongbao:ajax&act=nitice_sms_hb_run&site=1&tongcheng_id=705&hongbao_id=72&page=88
[2018-11-15 09:41:42][debug] [sms]hongbao id:72
[2018-11-15 09:41:42][debug] [sms]page:88
[2018-11-15 09:41:42][debug] [sms]client IP:118.89.52.235
[2018-11-15 09:41:42][debug] [sms]start:1542246102
[2018-11-15 09:41:45][debug] [sms]all num:10
[2018-11-15 09:41:45][debug] [sms]run num:10
[2018-11-15 09:41:45][debug] [sms]ok num:4
[2018-11-15 09:41:45][debug] [sms]no num:0
[2018-11-15 09:41:45][debug] [sms]run time:3
[2018-11-15 09:41:45][debug] [sms]end:1542246105
[2018-11-15 09:41:45][debug] [sms]page:https://bbs.sex002.xyz/plugin.php?id=tom_tchongbao:ajax&act=nitice_sms_hb_run&site=1&tongcheng_id=705&hongbao_id=72&page=89
[2018-11-15 09:41:45][debug] [sms]hongbao id:72
[2018-11-15 09:41:45][debug] [sms]page:89
[2018-11-15 09:41:45][debug] [sms]client IP:118.89.52.235
[2018-11-15 09:41:45][debug] [sms]start:1542246105
[2018-11-15 09:41:48][debug] [sms]all num:10
[2018-11-15 09:41:48][debug] [sms]run num:10
[2018-11-15 09:41:48][debug] [sms]ok num:6
[2018-11-15 09:41:48][debug] [sms]no num:0
[2018-11-15 09:41:48][debug] [sms]run time:3
[2018-11-15 09:41:48][debug] [sms]end:1542246108
[2018-11-15 09:41:48][debug] [sms]page:https://bbs.sex002.xyz/plugin.php?id=tom_tchongbao:ajax&act=nitice_sms_hb_run&site=1&tongcheng_id=705&hongbao_id=72&page=90
[2018-11-15 09:41:48][debug] [sms]hongbao id:72
[2018-11-15 09:41:48][debug] [sms]page:90
[2018-11-15 09:41:48][debug] [sms]client IP:118.89.52.235
[2018-11-15 09:41:48][debug] [sms]start:1542246108
[2018-11-15 09:41:51][debug] [sms]all num:10
[2018-11-15 09:41:51][debug] [sms]run num:10
[2018-11-15 09:41:51][debug] [sms]ok num:7
[2018-11-15 09:41:51][debug] [sms]no num:0
[2018-11-15 09:41:51][debug] [sms]run time:3
[2018-11-15 09:41:51][debug] [sms]end:1542246111
[2018-11-15 09:41:51][debug] [sms]page:https://bbs.sex002.xyz/plugin.php?id=tom_tchongbao:ajax&act=nitice_sms_hb_run&site=1&tongcheng_id=705&hongbao_id=72&page=91
[2018-11-15 09:41:51][debug] [sms]hongbao id:72
[2018-11-15 09:41:51][debug] [sms]page:91
[2018-11-15 09:41:51][debug] [sms]client IP:118.89.52.235
[2018-11-15 09:41:51][debug] [sms]start:1542246111
[2018-11-15 09:41:54][debug] [sms]all num:10
[2018-11-15 09:41:54][debug] [sms]run num:10
[2018-11-15 09:41:54][debug] [sms]ok num:7
[2018-11-15 09:41:54][debug] [sms]no num:0
[2018-11-15 09:41:54][debug] [sms]run time:3
[2018-11-15 09:41:54][debug] [sms]end:1542246114
[2018-11-15 09:41:54][debug] [sms]page:https://bbs.sex002.xyz/plugin.php?id=tom_tchongbao:ajax&act=nitice_sms_hb_run&site=1&tongcheng_id=705&hongbao_id=72&page=92
[2018-11-15 09:41:55][debug] [sms]hongbao id:72
[2018-11-15 09:41:55][debug] [sms]page:92
[2018-11-15 09:41:55][debug] [sms]client IP:118.89.52.235
[2018-11-15 09:41:55][debug] [sms]start:1542246115
[2018-11-15 09:41:58][debug] [sms]all num:10
[2018-11-15 09:41:58][debug] [sms]run num:10
[2018-11-15 09:41:58][debug] [sms]ok num:8
[2018-11-15 09:41:58][debug] [sms]no num:0
[2018-11-15 09:41:58][debug] [sms]run time:3
[2018-11-15 09:41:58][debug] [sms]end:1542246118
[2018-11-15 09:41:58][debug] [sms]page:https://bbs.sex002.xyz/plugin.php?id=tom_tchongbao:ajax&act=nitice_sms_hb_run&site=1&tongcheng_id=705&hongbao_id=72&page=93
[2018-11-15 09:41:58][debug] [sms]hongbao id:72
[2018-11-15 09:41:58][debug] [sms]page:93
[2018-11-15 09:41:58][debug] [sms]client IP:118.89.52.235
[2018-11-15 09:41:58][debug] [sms]start:1542246118
[2018-11-15 09:42:01][debug] [sms]all num:10
[2018-11-15 09:42:01][debug] [sms]run num:10
[2018-11-15 09:42:01][debug] [sms]ok num:5
[2018-11-15 09:42:01][debug] [sms]no num:0
[2018-11-15 09:42:01][debug] [sms]run time:3
[2018-11-15 09:42:01][debug] [sms]end:1542246121
[2018-11-15 09:42:01][debug] [sms]page:https://bbs.sex002.xyz/plugin.php?id=tom_tchongbao:ajax&act=nitice_sms_hb_run&site=1&tongcheng_id=705&hongbao_id=72&page=94
[2018-11-15 09:42:01][debug] [sms]hongbao id:72
[2018-11-15 09:42:01][debug] [sms]page:94
[2018-11-15 09:42:01][debug] [sms]client IP:118.89.52.235
[2018-11-15 09:42:01][debug] [sms]start:1542246121
[2018-11-15 09:42:04][debug] [sms]all num:10
[2018-11-15 09:42:04][debug] [sms]run num:10
[2018-11-15 09:42:04][debug] [sms]ok num:3
[2018-11-15 09:42:04][debug] [sms]no num:0
[2018-11-15 09:42:04][debug] [sms]run time:3
[2018-11-15 09:42:04][debug] [sms]end:1542246124
[2018-11-15 09:42:04][debug] [sms]page:https://bbs.sex002.xyz/plugin.php?id=tom_tchongbao:ajax&act=nitice_sms_hb_run&site=1&tongcheng_id=705&hongbao_id=72&page=95
[2018-11-15 09:42:04][debug] [sms]hongbao id:72
[2018-11-15 09:42:04][debug] [sms]page:95
[2018-11-15 09:42:04][debug] [sms]client IP:118.89.52.235
[2018-11-15 09:42:04][debug] [sms]start:1542246124
[2018-11-15 09:42:07][debug] [sms]all num:10
[2018-11-15 09:42:07][debug] [sms]run num:10
[2018-11-15 09:42:07][debug] [sms]ok num:5
[2018-11-15 09:42:07][debug] [sms]no num:0
[2018-11-15 09:42:07][debug] [sms]run time:3
[2018-11-15 09:42:07][debug] [sms]end:1542246127
[2018-11-15 09:42:07][debug] [sms]page:https://bbs.sex002.xyz/plugin.php?id=tom_tchongbao:ajax&act=nitice_sms_hb_run&site=1&tongcheng_id=705&hongbao_id=72&page=96
[2018-11-15 09:42:07][debug] [sms]hongbao id:72
[2018-11-15 09:42:07][debug] [sms]page:96
[2018-11-15 09:42:07][debug] [sms]client IP:118.89.52.235
[2018-11-15 09:42:07][debug] [sms]start:1542246127
[2018-11-15 09:42:10][debug] [sms]all num:10
[2018-11-15 09:42:10][debug] [sms]run num:10
[2018-11-15 09:42:10][debug] [sms]ok num:6
[2018-11-15 09:42:10][debug] [sms]no num:0
[2018-11-15 09:42:10][debug] [sms]run time:3
[2018-11-15 09:42:10][debug] [sms]end:1542246130
[2018-11-15 09:42:10][debug] [sms]page:https://bbs.sex002.xyz/plugin.php?id=tom_tchongbao:ajax&act=nitice_sms_hb_run&site=1&tongcheng_id=705&hongbao_id=72&page=97
[2018-11-15 09:42:10][debug] [sms]hongbao id:72
[2018-11-15 09:42:10][debug] [sms]page:97
[2018-11-15 09:42:10][debug] [sms]client IP:118.89.52.235
[2018-11-15 09:42:10][debug] [sms]start:1542246130
[2018-11-15 09:42:13][debug] [sms]all num:10
[2018-11-15 09:42:13][debug] [sms]run num:10
[2018-11-15 09:42:13][debug] [sms]ok num:7
[2018-11-15 09:42:13][debug] [sms]no num:0
[2018-11-15 09:42:13][debug] [sms]run time:3
[2018-11-15 09:42:13][debug] [sms]end:1542246133
[2018-11-15 09:42:13][debug] [sms]page:https://bbs.sex002.xyz/plugin.php?id=tom_tchongbao:ajax&act=nitice_sms_hb_run&site=1&tongcheng_id=705&hongbao_id=72&page=98
[2018-11-15 09:42:14][debug] [sms]hongbao id:72
[2018-11-15 09:42:14][debug] [sms]page:98
[2018-11-15 09:42:14][debug] [sms]client IP:118.89.52.235
[2018-11-15 09:42:14][debug] [sms]start:1542246134
[2018-11-15 09:42:16][debug] [sms]all num:10
[2018-11-15 09:42:16][debug] [sms]run num:10
[2018-11-15 09:42:16][debug] [sms]ok num:2
[2018-11-15 09:42:16][debug] [sms]no num:0
[2018-11-15 09:42:16][debug] [sms]run time:2
[2018-11-15 09:42:16][debug] [sms]end:1542246136
[2018-11-15 09:42:16][debug] [sms]page:https://bbs.sex002.xyz/plugin.php?id=tom_tchongbao:ajax&act=nitice_sms_hb_run&site=1&tongcheng_id=705&hongbao_id=72&page=99
[2018-11-15 09:42:17][debug] [sms]hongbao id:72
[2018-11-15 09:42:17][debug] [sms]page:99
[2018-11-15 09:42:17][debug] [sms]client IP:118.89.52.235
[2018-11-15 09:42:17][debug] [sms]start:1542246137
[2018-11-15 09:42:20][debug] [sms]all num:10
[2018-11-15 09:42:20][debug] [sms]run num:10
[2018-11-15 09:42:20][debug] [sms]ok num:4
[2018-11-15 09:42:20][debug] [sms]no num:0
[2018-11-15 09:42:20][debug] [sms]run time:3
[2018-11-15 09:42:20][debug] [sms]end:1542246140
[2018-11-15 09:42:20][debug] [sms]page:https://bbs.sex002.xyz/plugin.php?id=tom_tchongbao:ajax&act=nitice_sms_hb_run&site=1&tongcheng_id=705&hongbao_id=72&page=100
[2018-11-15 09:42:20][debug] [sms]hongbao id:72
[2018-11-15 09:42:20][debug] [sms]page:100
[2018-11-15 09:42:20][debug] [sms]client IP:118.89.52.235
[2018-11-15 09:42:20][debug] [sms]start:1542246140
[2018-11-15 09:42:23][debug] [sms]all num:10
[2018-11-15 09:42:23][debug] [sms]run num:10
[2018-11-15 09:42:23][debug] [sms]ok num:5
[2018-11-15 09:42:23][debug] [sms]no num:0
[2018-11-15 09:42:23][debug] [sms]run time:3
[2018-11-15 09:42:23][debug] [sms]end:1542246143
[2018-11-15 09:42:23][debug] [sms]page:https://bbs.sex002.xyz/plugin.php?id=tom_tchongbao:ajax&act=nitice_sms_hb_run&site=1&tongcheng_id=705&hongbao_id=72&page=101
[2018-11-15 09:42:23][debug] [sms]--------------------- over 101 -------------------------
