[2018-10-05 00:43:47][debug] [sms]--------------------- new -------------------------
[2018-10-05 00:43:47][debug] [sms]hongbao id:64
[2018-10-05 00:43:47][debug] [sms]page:1
[2018-10-05 00:43:47][debug] [sms]client IP:118.89.52.235
[2018-10-05 00:43:47][debug] [sms]start:1538671427
[2018-10-05 00:43:51][debug] [sms]all num:10
[2018-10-05 00:43:51][debug] [sms]run num:10
[2018-10-05 00:43:51][debug] [sms]ok num:10
[2018-10-05 00:43:51][debug] [sms]no num:0
[2018-10-05 00:43:51][debug] [sms]run time:4
[2018-10-05 00:43:51][debug] [sms]end:1538671431
[2018-10-05 00:43:51][debug] [sms]page:https://bbs.sex002.xyz/plugin.php?id=tom_tchongbao:ajax&act=nitice_sms_hb_run&site=1&tongcheng_id=589&hongbao_id=64&page=2
[2018-10-05 00:43:51][debug] [sms]hongbao id:64
[2018-10-05 00:43:51][debug] [sms]page:2
[2018-10-05 00:43:51][debug] [sms]client IP:118.89.52.235
[2018-10-05 00:43:51][debug] [sms]start:1538671431
[2018-10-05 00:43:54][debug] [sms]all num:10
[2018-10-05 00:43:54][debug] [sms]run num:10
[2018-10-05 00:43:54][debug] [sms]ok num:10
[2018-10-05 00:43:54][debug] [sms]no num:0
[2018-10-05 00:43:54][debug] [sms]run time:3
[2018-10-05 00:43:54][debug] [sms]end:1538671434
[2018-10-05 00:43:54][debug] [sms]page:https://bbs.sex002.xyz/plugin.php?id=tom_tchongbao:ajax&act=nitice_sms_hb_run&site=1&tongcheng_id=589&hongbao_id=64&page=3
[2018-10-05 00:43:55][debug] [sms]hongbao id:64
[2018-10-05 00:43:55][debug] [sms]page:3
[2018-10-05 00:43:55][debug] [sms]client IP:118.89.52.235
[2018-10-05 00:43:55][debug] [sms]start:1538671435
[2018-10-05 00:43:58][debug] [sms]all num:10
[2018-10-05 00:43:58][debug] [sms]run num:10
[2018-10-05 00:43:58][debug] [sms]ok num:10
[2018-10-05 00:43:58][debug] [sms]no num:0
[2018-10-05 00:43:58][debug] [sms]run time:3
[2018-10-05 00:43:58][debug] [sms]end:1538671438
[2018-10-05 00:43:58][debug] [sms]page:https://bbs.sex002.xyz/plugin.php?id=tom_tchongbao:ajax&act=nitice_sms_hb_run&site=1&tongcheng_id=589&hongbao_id=64&page=4
[2018-10-05 00:43:58][debug] [sms]hongbao id:64
[2018-10-05 00:43:58][debug] [sms]page:4
[2018-10-05 00:43:58][debug] [sms]client IP:118.89.52.235
[2018-10-05 00:43:58][debug] [sms]start:1538671438
[2018-10-05 00:44:02][debug] [sms]all num:10
[2018-10-05 00:44:02][debug] [sms]run num:10
[2018-10-05 00:44:02][debug] [sms]ok num:9
[2018-10-05 00:44:02][debug] [sms]no num:0
[2018-10-05 00:44:02][debug] [sms]run time:4
[2018-10-05 00:44:02][debug] [sms]end:1538671442
[2018-10-05 00:44:02][debug] [sms]page:https://bbs.sex002.xyz/plugin.php?id=tom_tchongbao:ajax&act=nitice_sms_hb_run&site=1&tongcheng_id=589&hongbao_id=64&page=5
[2018-10-05 00:44:02][debug] [sms]hongbao id:64
[2018-10-05 00:44:02][debug] [sms]page:5
[2018-10-05 00:44:02][debug] [sms]client IP:118.89.52.235
[2018-10-05 00:44:02][debug] [sms]start:1538671442
[2018-10-05 00:44:05][debug] [sms]all num:10
[2018-10-05 00:44:05][debug] [sms]run num:10
[2018-10-05 00:44:05][debug] [sms]ok num:10
[2018-10-05 00:44:05][debug] [sms]no num:0
[2018-10-05 00:44:05][debug] [sms]run time:3
[2018-10-05 00:44:05][debug] [sms]end:1538671445
[2018-10-05 00:44:05][debug] [sms]page:https://bbs.sex002.xyz/plugin.php?id=tom_tchongbao:ajax&act=nitice_sms_hb_run&site=1&tongcheng_id=589&hongbao_id=64&page=6
[2018-10-05 00:44:06][debug] [sms]hongbao id:64
[2018-10-05 00:44:06][debug] [sms]page:6
[2018-10-05 00:44:06][debug] [sms]client IP:118.89.52.235
[2018-10-05 00:44:06][debug] [sms]start:1538671446
[2018-10-05 00:44:09][debug] [sms]all num:10
[2018-10-05 00:44:09][debug] [sms]run num:10
[2018-10-05 00:44:09][debug] [sms]ok num:9
[2018-10-05 00:44:09][debug] [sms]no num:0
[2018-10-05 00:44:09][debug] [sms]run time:3
[2018-10-05 00:44:09][debug] [sms]end:1538671449
[2018-10-05 00:44:09][debug] [sms]page:https://bbs.sex002.xyz/plugin.php?id=tom_tchongbao:ajax&act=nitice_sms_hb_run&site=1&tongcheng_id=589&hongbao_id=64&page=7
[2018-10-05 00:44:09][debug] [sms]hongbao id:64
[2018-10-05 00:44:09][debug] [sms]page:7
[2018-10-05 00:44:09][debug] [sms]client IP:118.89.52.235
[2018-10-05 00:44:09][debug] [sms]start:1538671449
[2018-10-05 00:44:12][debug] [sms]all num:10
[2018-10-05 00:44:12][debug] [sms]run num:10
[2018-10-05 00:44:12][debug] [sms]ok num:10
[2018-10-05 00:44:12][debug] [sms]no num:0
[2018-10-05 00:44:12][debug] [sms]run time:3
[2018-10-05 00:44:12][debug] [sms]end:1538671452
[2018-10-05 00:44:12][debug] [sms]page:https://bbs.sex002.xyz/plugin.php?id=tom_tchongbao:ajax&act=nitice_sms_hb_run&site=1&tongcheng_id=589&hongbao_id=64&page=8
[2018-10-05 00:44:13][debug] [sms]hongbao id:64
[2018-10-05 00:44:13][debug] [sms]page:8
[2018-10-05 00:44:13][debug] [sms]client IP:118.89.52.235
[2018-10-05 00:44:13][debug] [sms]start:1538671453
[2018-10-05 00:44:16][debug] [sms]all num:10
[2018-10-05 00:44:16][debug] [sms]run num:10
[2018-10-05 00:44:16][debug] [sms]ok num:10
[2018-10-05 00:44:16][debug] [sms]no num:0
[2018-10-05 00:44:16][debug] [sms]run time:3
[2018-10-05 00:44:16][debug] [sms]end:1538671456
[2018-10-05 00:44:16][debug] [sms]page:https://bbs.sex002.xyz/plugin.php?id=tom_tchongbao:ajax&act=nitice_sms_hb_run&site=1&tongcheng_id=589&hongbao_id=64&page=9
[2018-10-05 00:44:16][debug] [sms]hongbao id:64
[2018-10-05 00:44:16][debug] [sms]page:9
[2018-10-05 00:44:16][debug] [sms]client IP:118.89.52.235
[2018-10-05 00:44:16][debug] [sms]start:1538671456
[2018-10-05 00:44:19][debug] [sms]all num:10
[2018-10-05 00:44:19][debug] [sms]run num:10
[2018-10-05 00:44:19][debug] [sms]ok num:10
[2018-10-05 00:44:19][debug] [sms]no num:0
[2018-10-05 00:44:19][debug] [sms]run time:3
[2018-10-05 00:44:19][debug] [sms]end:1538671459
[2018-10-05 00:44:19][debug] [sms]page:https://bbs.sex002.xyz/plugin.php?id=tom_tchongbao:ajax&act=nitice_sms_hb_run&site=1&tongcheng_id=589&hongbao_id=64&page=10
[2018-10-05 00:44:19][debug] [sms]hongbao id:64
[2018-10-05 00:44:19][debug] [sms]page:10
[2018-10-05 00:44:19][debug] [sms]client IP:118.89.52.235
[2018-10-05 00:44:19][debug] [sms]start:1538671459
[2018-10-05 00:44:22][debug] [sms]all num:10
[2018-10-05 00:44:22][debug] [sms]run num:10
[2018-10-05 00:44:22][debug] [sms]ok num:10
[2018-10-05 00:44:22][debug] [sms]no num:0
[2018-10-05 00:44:22][debug] [sms]run time:3
[2018-10-05 00:44:22][debug] [sms]end:1538671462
[2018-10-05 00:44:22][debug] [sms]page:https://bbs.sex002.xyz/plugin.php?id=tom_tchongbao:ajax&act=nitice_sms_hb_run&site=1&tongcheng_id=589&hongbao_id=64&page=11
[2018-10-05 00:44:23][debug] [sms]hongbao id:64
[2018-10-05 00:44:23][debug] [sms]page:11
[2018-10-05 00:44:23][debug] [sms]client IP:118.89.52.235
[2018-10-05 00:44:23][debug] [sms]start:1538671463
[2018-10-05 00:44:26][debug] [sms]all num:10
[2018-10-05 00:44:26][debug] [sms]run num:10
[2018-10-05 00:44:26][debug] [sms]ok num:10
[2018-10-05 00:44:26][debug] [sms]no num:0
[2018-10-05 00:44:26][debug] [sms]run time:3
[2018-10-05 00:44:26][debug] [sms]end:1538671466
[2018-10-05 00:44:26][debug] [sms]page:https://bbs.sex002.xyz/plugin.php?id=tom_tchongbao:ajax&act=nitice_sms_hb_run&site=1&tongcheng_id=589&hongbao_id=64&page=12
[2018-10-05 00:44:26][debug] [sms]hongbao id:64
[2018-10-05 00:44:26][debug] [sms]page:12
[2018-10-05 00:44:26][debug] [sms]client IP:118.89.52.235
[2018-10-05 00:44:26][debug] [sms]start:1538671466
[2018-10-05 00:44:29][debug] [sms]all num:10
[2018-10-05 00:44:29][debug] [sms]run num:10
[2018-10-05 00:44:29][debug] [sms]ok num:10
[2018-10-05 00:44:29][debug] [sms]no num:0
[2018-10-05 00:44:29][debug] [sms]run time:3
[2018-10-05 00:44:29][debug] [sms]end:1538671469
[2018-10-05 00:44:29][debug] [sms]page:https://bbs.sex002.xyz/plugin.php?id=tom_tchongbao:ajax&act=nitice_sms_hb_run&site=1&tongcheng_id=589&hongbao_id=64&page=13
[2018-10-05 00:44:30][debug] [sms]hongbao id:64
[2018-10-05 00:44:30][debug] [sms]page:13
[2018-10-05 00:44:30][debug] [sms]client IP:118.89.52.235
[2018-10-05 00:44:30][debug] [sms]start:1538671470
[2018-10-05 00:44:32][debug] [sms]all num:10
[2018-10-05 00:44:32][debug] [sms]run num:10
[2018-10-05 00:44:32][debug] [sms]ok num:10
[2018-10-05 00:44:32][debug] [sms]no num:0
[2018-10-05 00:44:32][debug] [sms]run time:2
[2018-10-05 00:44:32][debug] [sms]end:1538671472
[2018-10-05 00:44:32][debug] [sms]page:https://bbs.sex002.xyz/plugin.php?id=tom_tchongbao:ajax&act=nitice_sms_hb_run&site=1&tongcheng_id=589&hongbao_id=64&page=14
[2018-10-05 00:44:33][debug] [sms]hongbao id:64
[2018-10-05 00:44:33][debug] [sms]page:14
[2018-10-05 00:44:33][debug] [sms]client IP:118.89.52.235
[2018-10-05 00:44:33][debug] [sms]start:1538671473
[2018-10-05 00:44:36][debug] [sms]all num:10
[2018-10-05 00:44:36][debug] [sms]run num:10
[2018-10-05 00:44:36][debug] [sms]ok num:10
[2018-10-05 00:44:36][debug] [sms]no num:0
[2018-10-05 00:44:36][debug] [sms]run time:3
[2018-10-05 00:44:36][debug] [sms]end:1538671476
[2018-10-05 00:44:36][debug] [sms]page:https://bbs.sex002.xyz/plugin.php?id=tom_tchongbao:ajax&act=nitice_sms_hb_run&site=1&tongcheng_id=589&hongbao_id=64&page=15
[2018-10-05 00:44:36][debug] [sms]hongbao id:64
[2018-10-05 00:44:36][debug] [sms]page:15
[2018-10-05 00:44:36][debug] [sms]client IP:118.89.52.235
[2018-10-05 00:44:36][debug] [sms]start:1538671476
[2018-10-05 00:44:39][debug] [sms]all num:10
[2018-10-05 00:44:39][debug] [sms]run num:10
[2018-10-05 00:44:39][debug] [sms]ok num:10
[2018-10-05 00:44:39][debug] [sms]no num:0
[2018-10-05 00:44:39][debug] [sms]run time:3
[2018-10-05 00:44:39][debug] [sms]end:1538671479
[2018-10-05 00:44:39][debug] [sms]page:https://bbs.sex002.xyz/plugin.php?id=tom_tchongbao:ajax&act=nitice_sms_hb_run&site=1&tongcheng_id=589&hongbao_id=64&page=16
[2018-10-05 00:44:39][debug] [sms]hongbao id:64
[2018-10-05 00:44:39][debug] [sms]page:16
[2018-10-05 00:44:39][debug] [sms]client IP:118.89.52.235
[2018-10-05 00:44:39][debug] [sms]start:1538671479
[2018-10-05 00:44:43][debug] [sms]all num:10
[2018-10-05 00:44:43][debug] [sms]run num:10
[2018-10-05 00:44:43][debug] [sms]ok num:6
[2018-10-05 00:44:43][debug] [sms]no num:0
[2018-10-05 00:44:43][debug] [sms]run time:4
[2018-10-05 00:44:43][debug] [sms]end:1538671483
[2018-10-05 00:44:43][debug] [sms]page:https://bbs.sex002.xyz/plugin.php?id=tom_tchongbao:ajax&act=nitice_sms_hb_run&site=1&tongcheng_id=589&hongbao_id=64&page=17
[2018-10-05 00:44:43][debug] [sms]hongbao id:64
[2018-10-05 00:44:43][debug] [sms]page:17
[2018-10-05 00:44:43][debug] [sms]client IP:118.89.52.235
[2018-10-05 00:44:43][debug] [sms]start:1538671483
[2018-10-05 00:44:46][debug] [sms]all num:10
[2018-10-05 00:44:46][debug] [sms]run num:10
[2018-10-05 00:44:46][debug] [sms]ok num:7
[2018-10-05 00:44:46][debug] [sms]no num:0
[2018-10-05 00:44:46][debug] [sms]run time:3
[2018-10-05 00:44:46][debug] [sms]end:1538671486
[2018-10-05 00:44:46][debug] [sms]page:https://bbs.sex002.xyz/plugin.php?id=tom_tchongbao:ajax&act=nitice_sms_hb_run&site=1&tongcheng_id=589&hongbao_id=64&page=18
[2018-10-05 00:44:46][debug] [sms]hongbao id:64
[2018-10-05 00:44:46][debug] [sms]page:18
[2018-10-05 00:44:46][debug] [sms]client IP:118.89.52.235
[2018-10-05 00:44:46][debug] [sms]start:1538671486
[2018-10-05 00:44:50][debug] [sms]all num:10
[2018-10-05 00:44:50][debug] [sms]run num:10
[2018-10-05 00:44:50][debug] [sms]ok num:6
[2018-10-05 00:44:50][debug] [sms]no num:0
[2018-10-05 00:44:50][debug] [sms]run time:4
[2018-10-05 00:44:50][debug] [sms]end:1538671490
[2018-10-05 00:44:50][debug] [sms]page:https://bbs.sex002.xyz/plugin.php?id=tom_tchongbao:ajax&act=nitice_sms_hb_run&site=1&tongcheng_id=589&hongbao_id=64&page=19
[2018-10-05 00:44:50][debug] [sms]hongbao id:64
[2018-10-05 00:44:50][debug] [sms]page:19
[2018-10-05 00:44:50][debug] [sms]client IP:118.89.52.235
[2018-10-05 00:44:50][debug] [sms]start:1538671490
[2018-10-05 00:44:53][debug] [sms]all num:10
[2018-10-05 00:44:53][debug] [sms]run num:10
[2018-10-05 00:44:53][debug] [sms]ok num:8
[2018-10-05 00:44:53][debug] [sms]no num:0
[2018-10-05 00:44:53][debug] [sms]run time:3
[2018-10-05 00:44:53][debug] [sms]end:1538671493
[2018-10-05 00:44:53][debug] [sms]page:https://bbs.sex002.xyz/plugin.php?id=tom_tchongbao:ajax&act=nitice_sms_hb_run&site=1&tongcheng_id=589&hongbao_id=64&page=20
[2018-10-05 00:44:53][debug] [sms]hongbao id:64
[2018-10-05 00:44:53][debug] [sms]page:20
[2018-10-05 00:44:53][debug] [sms]client IP:118.89.52.235
[2018-10-05 00:44:53][debug] [sms]start:1538671493
[2018-10-05 00:44:57][debug] [sms]all num:10
[2018-10-05 00:44:57][debug] [sms]run num:10
[2018-10-05 00:44:57][debug] [sms]ok num:7
[2018-10-05 00:44:57][debug] [sms]no num:0
[2018-10-05 00:44:57][debug] [sms]run time:4
[2018-10-05 00:44:57][debug] [sms]end:1538671497
[2018-10-05 00:44:57][debug] [sms]page:https://bbs.sex002.xyz/plugin.php?id=tom_tchongbao:ajax&act=nitice_sms_hb_run&site=1&tongcheng_id=589&hongbao_id=64&page=21
[2018-10-05 00:44:57][debug] [sms]hongbao id:64
[2018-10-05 00:44:57][debug] [sms]page:21
[2018-10-05 00:44:57][debug] [sms]client IP:118.89.52.235
[2018-10-05 00:44:57][debug] [sms]start:1538671497
[2018-10-05 00:45:00][debug] [sms]all num:10
[2018-10-05 00:45:00][debug] [sms]run num:10
[2018-10-05 00:45:00][debug] [sms]ok num:7
[2018-10-05 00:45:00][debug] [sms]no num:0
[2018-10-05 00:45:00][debug] [sms]run time:3
[2018-10-05 00:45:00][debug] [sms]end:1538671500
[2018-10-05 00:45:00][debug] [sms]page:https://bbs.sex002.xyz/plugin.php?id=tom_tchongbao:ajax&act=nitice_sms_hb_run&site=1&tongcheng_id=589&hongbao_id=64&page=22
[2018-10-05 00:45:00][debug] [sms]hongbao id:64
[2018-10-05 00:45:00][debug] [sms]page:22
[2018-10-05 00:45:00][debug] [sms]client IP:118.89.52.235
[2018-10-05 00:45:00][debug] [sms]start:1538671500
[2018-10-05 00:45:03][debug] [sms]all num:10
[2018-10-05 00:45:03][debug] [sms]run num:10
[2018-10-05 00:45:03][debug] [sms]ok num:4
[2018-10-05 00:45:03][debug] [sms]no num:0
[2018-10-05 00:45:03][debug] [sms]run time:3
[2018-10-05 00:45:03][debug] [sms]end:1538671503
[2018-10-05 00:45:03][debug] [sms]page:https://bbs.sex002.xyz/plugin.php?id=tom_tchongbao:ajax&act=nitice_sms_hb_run&site=1&tongcheng_id=589&hongbao_id=64&page=23
[2018-10-05 00:45:03][debug] [sms]hongbao id:64
[2018-10-05 00:45:03][debug] [sms]page:23
[2018-10-05 00:45:03][debug] [sms]client IP:118.89.52.235
[2018-10-05 00:45:03][debug] [sms]start:1538671503
[2018-10-05 00:45:06][debug] [sms]all num:10
[2018-10-05 00:45:06][debug] [sms]run num:10
[2018-10-05 00:45:06][debug] [sms]ok num:9
[2018-10-05 00:45:06][debug] [sms]no num:0
[2018-10-05 00:45:06][debug] [sms]run time:3
[2018-10-05 00:45:06][debug] [sms]end:1538671506
[2018-10-05 00:45:06][debug] [sms]page:https://bbs.sex002.xyz/plugin.php?id=tom_tchongbao:ajax&act=nitice_sms_hb_run&site=1&tongcheng_id=589&hongbao_id=64&page=24
[2018-10-05 00:45:07][debug] [sms]hongbao id:64
[2018-10-05 00:45:07][debug] [sms]page:24
[2018-10-05 00:45:07][debug] [sms]client IP:118.89.52.235
[2018-10-05 00:45:07][debug] [sms]start:1538671507
[2018-10-05 00:45:10][debug] [sms]all num:10
[2018-10-05 00:45:10][debug] [sms]run num:10
[2018-10-05 00:45:10][debug] [sms]ok num:4
[2018-10-05 00:45:10][debug] [sms]no num:0
[2018-10-05 00:45:10][debug] [sms]run time:3
[2018-10-05 00:45:10][debug] [sms]end:1538671510
[2018-10-05 00:45:10][debug] [sms]page:https://bbs.sex002.xyz/plugin.php?id=tom_tchongbao:ajax&act=nitice_sms_hb_run&site=1&tongcheng_id=589&hongbao_id=64&page=25
[2018-10-05 00:45:10][debug] [sms]hongbao id:64
[2018-10-05 00:45:10][debug] [sms]page:25
[2018-10-05 00:45:10][debug] [sms]client IP:118.89.52.235
[2018-10-05 00:45:10][debug] [sms]start:1538671510
[2018-10-05 00:45:13][debug] [sms]all num:10
[2018-10-05 00:45:13][debug] [sms]run num:10
[2018-10-05 00:45:13][debug] [sms]ok num:8
[2018-10-05 00:45:13][debug] [sms]no num:0
[2018-10-05 00:45:13][debug] [sms]run time:3
[2018-10-05 00:45:13][debug] [sms]end:1538671513
[2018-10-05 00:45:13][debug] [sms]page:https://bbs.sex002.xyz/plugin.php?id=tom_tchongbao:ajax&act=nitice_sms_hb_run&site=1&tongcheng_id=589&hongbao_id=64&page=26
[2018-10-05 00:45:13][debug] [sms]hongbao id:64
[2018-10-05 00:45:13][debug] [sms]page:26
[2018-10-05 00:45:13][debug] [sms]client IP:118.89.52.235
[2018-10-05 00:45:13][debug] [sms]start:1538671513
[2018-10-05 00:45:17][debug] [sms]all num:10
[2018-10-05 00:45:17][debug] [sms]run num:10
[2018-10-05 00:45:17][debug] [sms]ok num:7
[2018-10-05 00:45:17][debug] [sms]no num:0
[2018-10-05 00:45:17][debug] [sms]run time:4
[2018-10-05 00:45:17][debug] [sms]end:1538671517
[2018-10-05 00:45:17][debug] [sms]page:https://bbs.sex002.xyz/plugin.php?id=tom_tchongbao:ajax&act=nitice_sms_hb_run&site=1&tongcheng_id=589&hongbao_id=64&page=27
[2018-10-05 00:45:17][debug] [sms]hongbao id:64
[2018-10-05 00:45:17][debug] [sms]page:27
[2018-10-05 00:45:17][debug] [sms]client IP:118.89.52.235
[2018-10-05 00:45:17][debug] [sms]start:1538671517
[2018-10-05 00:45:20][debug] [sms]all num:10
[2018-10-05 00:45:20][debug] [sms]run num:10
[2018-10-05 00:45:20][debug] [sms]ok num:10
[2018-10-05 00:45:20][debug] [sms]no num:0
[2018-10-05 00:45:20][debug] [sms]run time:3
[2018-10-05 00:45:20][debug] [sms]end:1538671520
[2018-10-05 00:45:20][debug] [sms]page:https://bbs.sex002.xyz/plugin.php?id=tom_tchongbao:ajax&act=nitice_sms_hb_run&site=1&tongcheng_id=589&hongbao_id=64&page=28
[2018-10-05 00:45:20][debug] [sms]hongbao id:64
[2018-10-05 00:45:20][debug] [sms]page:28
[2018-10-05 00:45:20][debug] [sms]client IP:118.89.52.235
[2018-10-05 00:45:20][debug] [sms]start:1538671520
[2018-10-05 00:45:23][debug] [sms]all num:10
[2018-10-05 00:45:23][debug] [sms]run num:10
[2018-10-05 00:45:23][debug] [sms]ok num:9
[2018-10-05 00:45:23][debug] [sms]no num:0
[2018-10-05 00:45:23][debug] [sms]run time:3
[2018-10-05 00:45:23][debug] [sms]end:1538671523
[2018-10-05 00:45:23][debug] [sms]page:https://bbs.sex002.xyz/plugin.php?id=tom_tchongbao:ajax&act=nitice_sms_hb_run&site=1&tongcheng_id=589&hongbao_id=64&page=29
[2018-10-05 00:45:24][debug] [sms]hongbao id:64
[2018-10-05 00:45:24][debug] [sms]page:29
[2018-10-05 00:45:24][debug] [sms]client IP:118.89.52.235
[2018-10-05 00:45:24][debug] [sms]start:1538671524
[2018-10-05 00:45:27][debug] [sms]all num:10
[2018-10-05 00:45:27][debug] [sms]run num:10
[2018-10-05 00:45:27][debug] [sms]ok num:10
[2018-10-05 00:45:27][debug] [sms]no num:0
[2018-10-05 00:45:27][debug] [sms]run time:3
[2018-10-05 00:45:27][debug] [sms]end:1538671527
[2018-10-05 00:45:27][debug] [sms]page:https://bbs.sex002.xyz/plugin.php?id=tom_tchongbao:ajax&act=nitice_sms_hb_run&site=1&tongcheng_id=589&hongbao_id=64&page=30
[2018-10-05 00:45:27][debug] [sms]hongbao id:64
[2018-10-05 00:45:27][debug] [sms]page:30
[2018-10-05 00:45:27][debug] [sms]client IP:118.89.52.235
[2018-10-05 00:45:27][debug] [sms]start:1538671527
[2018-10-05 00:45:30][debug] [sms]all num:10
[2018-10-05 00:45:30][debug] [sms]run num:10
[2018-10-05 00:45:30][debug] [sms]ok num:10
[2018-10-05 00:45:30][debug] [sms]no num:0
[2018-10-05 00:45:30][debug] [sms]run time:3
[2018-10-05 00:45:30][debug] [sms]end:1538671530
[2018-10-05 00:45:30][debug] [sms]page:https://bbs.sex002.xyz/plugin.php?id=tom_tchongbao:ajax&act=nitice_sms_hb_run&site=1&tongcheng_id=589&hongbao_id=64&page=31
[2018-10-05 00:45:30][debug] [sms]hongbao id:64
[2018-10-05 00:45:30][debug] [sms]page:31
[2018-10-05 00:45:30][debug] [sms]client IP:118.89.52.235
[2018-10-05 00:45:30][debug] [sms]start:1538671530
[2018-10-05 00:45:34][debug] [sms]all num:10
[2018-10-05 00:45:34][debug] [sms]run num:10
[2018-10-05 00:45:34][debug] [sms]ok num:9
[2018-10-05 00:45:34][debug] [sms]no num:0
[2018-10-05 00:45:34][debug] [sms]run time:4
[2018-10-05 00:45:34][debug] [sms]end:1538671534
[2018-10-05 00:45:34][debug] [sms]page:https://bbs.sex002.xyz/plugin.php?id=tom_tchongbao:ajax&act=nitice_sms_hb_run&site=1&tongcheng_id=589&hongbao_id=64&page=32
[2018-10-05 00:45:34][debug] [sms]hongbao id:64
[2018-10-05 00:45:34][debug] [sms]page:32
[2018-10-05 00:45:34][debug] [sms]client IP:118.89.52.235
[2018-10-05 00:45:34][debug] [sms]start:1538671534
[2018-10-05 00:45:37][debug] [sms]all num:10
[2018-10-05 00:45:37][debug] [sms]run num:10
[2018-10-05 00:45:37][debug] [sms]ok num:5
[2018-10-05 00:45:37][debug] [sms]no num:0
[2018-10-05 00:45:37][debug] [sms]run time:3
[2018-10-05 00:45:37][debug] [sms]end:1538671537
[2018-10-05 00:45:37][debug] [sms]page:https://bbs.sex002.xyz/plugin.php?id=tom_tchongbao:ajax&act=nitice_sms_hb_run&site=1&tongcheng_id=589&hongbao_id=64&page=33
[2018-10-05 00:45:37][debug] [sms]hongbao id:64
[2018-10-05 00:45:37][debug] [sms]page:33
[2018-10-05 00:45:37][debug] [sms]client IP:118.89.52.235
[2018-10-05 00:45:37][debug] [sms]start:1538671537
[2018-10-05 00:45:41][debug] [sms]all num:10
[2018-10-05 00:45:41][debug] [sms]run num:10
[2018-10-05 00:45:41][debug] [sms]ok num:7
[2018-10-05 00:45:41][debug] [sms]no num:0
[2018-10-05 00:45:41][debug] [sms]run time:4
[2018-10-05 00:45:41][debug] [sms]end:1538671541
[2018-10-05 00:45:41][debug] [sms]page:https://bbs.sex002.xyz/plugin.php?id=tom_tchongbao:ajax&act=nitice_sms_hb_run&site=1&tongcheng_id=589&hongbao_id=64&page=34
[2018-10-05 00:45:41][debug] [sms]hongbao id:64
[2018-10-05 00:45:41][debug] [sms]page:34
[2018-10-05 00:45:41][debug] [sms]client IP:118.89.52.235
[2018-10-05 00:45:41][debug] [sms]start:1538671541
[2018-10-05 00:45:44][debug] [sms]all num:10
[2018-10-05 00:45:44][debug] [sms]run num:10
[2018-10-05 00:45:44][debug] [sms]ok num:5
[2018-10-05 00:45:44][debug] [sms]no num:0
[2018-10-05 00:45:44][debug] [sms]run time:3
[2018-10-05 00:45:44][debug] [sms]end:1538671544
[2018-10-05 00:45:44][debug] [sms]page:https://bbs.sex002.xyz/plugin.php?id=tom_tchongbao:ajax&act=nitice_sms_hb_run&site=1&tongcheng_id=589&hongbao_id=64&page=35
[2018-10-05 00:45:45][debug] [sms]hongbao id:64
[2018-10-05 00:45:45][debug] [sms]page:35
[2018-10-05 00:45:45][debug] [sms]client IP:118.89.52.235
[2018-10-05 00:45:45][debug] [sms]start:1538671545
[2018-10-05 00:45:48][debug] [sms]all num:10
[2018-10-05 00:45:48][debug] [sms]run num:10
[2018-10-05 00:45:48][debug] [sms]ok num:7
[2018-10-05 00:45:48][debug] [sms]no num:0
[2018-10-05 00:45:48][debug] [sms]run time:3
[2018-10-05 00:45:48][debug] [sms]end:1538671548
[2018-10-05 00:45:48][debug] [sms]page:https://bbs.sex002.xyz/plugin.php?id=tom_tchongbao:ajax&act=nitice_sms_hb_run&site=1&tongcheng_id=589&hongbao_id=64&page=36
[2018-10-05 00:45:48][debug] [sms]hongbao id:64
[2018-10-05 00:45:48][debug] [sms]page:36
[2018-10-05 00:45:48][debug] [sms]client IP:118.89.52.235
[2018-10-05 00:45:48][debug] [sms]start:1538671548
[2018-10-05 00:45:51][debug] [sms]all num:10
[2018-10-05 00:45:51][debug] [sms]run num:10
[2018-10-05 00:45:51][debug] [sms]ok num:6
[2018-10-05 00:45:51][debug] [sms]no num:0
[2018-10-05 00:45:51][debug] [sms]run time:3
[2018-10-05 00:45:51][debug] [sms]end:1538671551
[2018-10-05 00:45:51][debug] [sms]page:https://bbs.sex002.xyz/plugin.php?id=tom_tchongbao:ajax&act=nitice_sms_hb_run&site=1&tongcheng_id=589&hongbao_id=64&page=37
[2018-10-05 00:45:51][debug] [sms]hongbao id:64
[2018-10-05 00:45:51][debug] [sms]page:37
[2018-10-05 00:45:51][debug] [sms]client IP:118.89.52.235
[2018-10-05 00:45:51][debug] [sms]start:1538671551
[2018-10-05 00:45:54][debug] [sms]all num:10
[2018-10-05 00:45:54][debug] [sms]run num:10
[2018-10-05 00:45:54][debug] [sms]ok num:3
[2018-10-05 00:45:54][debug] [sms]no num:0
[2018-10-05 00:45:54][debug] [sms]run time:3
[2018-10-05 00:45:54][debug] [sms]end:1538671554
[2018-10-05 00:45:54][debug] [sms]page:https://bbs.sex002.xyz/plugin.php?id=tom_tchongbao:ajax&act=nitice_sms_hb_run&site=1&tongcheng_id=589&hongbao_id=64&page=38
[2018-10-05 00:45:54][debug] [sms]hongbao id:64
[2018-10-05 00:45:54][debug] [sms]page:38
[2018-10-05 00:45:54][debug] [sms]client IP:118.89.52.235
[2018-10-05 00:45:54][debug] [sms]start:1538671554
[2018-10-05 00:45:58][debug] [sms]all num:10
[2018-10-05 00:45:58][debug] [sms]run num:10
[2018-10-05 00:45:58][debug] [sms]ok num:3
[2018-10-05 00:45:58][debug] [sms]no num:0
[2018-10-05 00:45:58][debug] [sms]run time:4
[2018-10-05 00:45:58][debug] [sms]end:1538671558
[2018-10-05 00:45:58][debug] [sms]page:https://bbs.sex002.xyz/plugin.php?id=tom_tchongbao:ajax&act=nitice_sms_hb_run&site=1&tongcheng_id=589&hongbao_id=64&page=39
[2018-10-05 00:45:58][debug] [sms]hongbao id:64
[2018-10-05 00:45:58][debug] [sms]page:39
[2018-10-05 00:45:58][debug] [sms]client IP:118.89.52.235
[2018-10-05 00:45:58][debug] [sms]start:1538671558
[2018-10-05 00:46:01][debug] [sms]all num:10
[2018-10-05 00:46:01][debug] [sms]run num:10
[2018-10-05 00:46:01][debug] [sms]ok num:7
[2018-10-05 00:46:01][debug] [sms]no num:0
[2018-10-05 00:46:01][debug] [sms]run time:3
[2018-10-05 00:46:01][debug] [sms]end:1538671561
[2018-10-05 00:46:01][debug] [sms]page:https://bbs.sex002.xyz/plugin.php?id=tom_tchongbao:ajax&act=nitice_sms_hb_run&site=1&tongcheng_id=589&hongbao_id=64&page=40
[2018-10-05 00:46:01][debug] [sms]hongbao id:64
[2018-10-05 00:46:01][debug] [sms]page:40
[2018-10-05 00:46:01][debug] [sms]client IP:118.89.52.235
[2018-10-05 00:46:01][debug] [sms]start:1538671561
[2018-10-05 00:46:04][debug] [sms]all num:10
[2018-10-05 00:46:04][debug] [sms]run num:10
[2018-10-05 00:46:04][debug] [sms]ok num:8
[2018-10-05 00:46:04][debug] [sms]no num:0
[2018-10-05 00:46:04][debug] [sms]run time:3
[2018-10-05 00:46:04][debug] [sms]end:1538671564
[2018-10-05 00:46:04][debug] [sms]page:https://bbs.sex002.xyz/plugin.php?id=tom_tchongbao:ajax&act=nitice_sms_hb_run&site=1&tongcheng_id=589&hongbao_id=64&page=41
[2018-10-05 00:46:04][debug] [sms]hongbao id:64
[2018-10-05 00:46:04][debug] [sms]page:41
[2018-10-05 00:46:04][debug] [sms]client IP:118.89.52.235
[2018-10-05 00:46:04][debug] [sms]start:1538671564
[2018-10-05 00:46:07][debug] [sms]all num:10
[2018-10-05 00:46:07][debug] [sms]run num:10
[2018-10-05 00:46:07][debug] [sms]ok num:8
[2018-10-05 00:46:07][debug] [sms]no num:0
[2018-10-05 00:46:07][debug] [sms]run time:3
[2018-10-05 00:46:07][debug] [sms]end:1538671567
[2018-10-05 00:46:07][debug] [sms]page:https://bbs.sex002.xyz/plugin.php?id=tom_tchongbao:ajax&act=nitice_sms_hb_run&site=1&tongcheng_id=589&hongbao_id=64&page=42
[2018-10-05 00:46:08][debug] [sms]hongbao id:64
[2018-10-05 00:46:08][debug] [sms]page:42
[2018-10-05 00:46:08][debug] [sms]client IP:118.89.52.235
[2018-10-05 00:46:08][debug] [sms]start:1538671568
[2018-10-05 00:46:10][debug] [sms]all num:10
[2018-10-05 00:46:10][debug] [sms]run num:10
[2018-10-05 00:46:10][debug] [sms]ok num:6
[2018-10-05 00:46:10][debug] [sms]no num:0
[2018-10-05 00:46:10][debug] [sms]run time:2
[2018-10-05 00:46:10][debug] [sms]end:1538671570
[2018-10-05 00:46:10][debug] [sms]page:https://bbs.sex002.xyz/plugin.php?id=tom_tchongbao:ajax&act=nitice_sms_hb_run&site=1&tongcheng_id=589&hongbao_id=64&page=43
[2018-10-05 00:46:11][debug] [sms]hongbao id:64
[2018-10-05 00:46:11][debug] [sms]page:43
[2018-10-05 00:46:11][debug] [sms]client IP:118.89.52.235
[2018-10-05 00:46:11][debug] [sms]start:1538671571
[2018-10-05 00:46:14][debug] [sms]all num:10
[2018-10-05 00:46:14][debug] [sms]run num:9
[2018-10-05 00:46:14][debug] [sms]ok num:7
[2018-10-05 00:46:14][debug] [sms]no num:0
[2018-10-05 00:46:14][debug] [sms]run time:3
[2018-10-05 00:46:14][debug] [sms]end:1538671574
[2018-10-05 00:46:14][debug] [sms]page:https://bbs.sex002.xyz/plugin.php?id=tom_tchongbao:ajax&act=nitice_sms_hb_run&site=1&tongcheng_id=589&hongbao_id=64&page=44
[2018-10-05 00:46:14][debug] [sms]hongbao id:64
[2018-10-05 00:46:14][debug] [sms]page:44
[2018-10-05 00:46:14][debug] [sms]client IP:118.89.52.235
[2018-10-05 00:46:14][debug] [sms]start:1538671574
[2018-10-05 00:46:17][debug] [sms]all num:10
[2018-10-05 00:46:17][debug] [sms]run num:10
[2018-10-05 00:46:17][debug] [sms]ok num:3
[2018-10-05 00:46:17][debug] [sms]no num:0
[2018-10-05 00:46:17][debug] [sms]run time:3
[2018-10-05 00:46:17][debug] [sms]end:1538671577
[2018-10-05 00:46:17][debug] [sms]page:https://bbs.sex002.xyz/plugin.php?id=tom_tchongbao:ajax&act=nitice_sms_hb_run&site=1&tongcheng_id=589&hongbao_id=64&page=45
[2018-10-05 00:46:17][debug] [sms]hongbao id:64
[2018-10-05 00:46:17][debug] [sms]page:45
[2018-10-05 00:46:17][debug] [sms]client IP:118.89.52.235
[2018-10-05 00:46:17][debug] [sms]start:1538671577
[2018-10-05 00:46:20][debug] [sms]all num:10
[2018-10-05 00:46:20][debug] [sms]run num:10
[2018-10-05 00:46:20][debug] [sms]ok num:5
[2018-10-05 00:46:20][debug] [sms]no num:0
[2018-10-05 00:46:20][debug] [sms]run time:3
[2018-10-05 00:46:20][debug] [sms]end:1538671580
[2018-10-05 00:46:20][debug] [sms]page:https://bbs.sex002.xyz/plugin.php?id=tom_tchongbao:ajax&act=nitice_sms_hb_run&site=1&tongcheng_id=589&hongbao_id=64&page=46
[2018-10-05 00:46:21][debug] [sms]hongbao id:64
[2018-10-05 00:46:21][debug] [sms]page:46
[2018-10-05 00:46:21][debug] [sms]client IP:118.89.52.235
[2018-10-05 00:46:21][debug] [sms]start:1538671581
[2018-10-05 00:46:24][debug] [sms]all num:10
[2018-10-05 00:46:24][debug] [sms]run num:10
[2018-10-05 00:46:24][debug] [sms]ok num:6
[2018-10-05 00:46:24][debug] [sms]no num:0
[2018-10-05 00:46:24][debug] [sms]run time:3
[2018-10-05 00:46:24][debug] [sms]end:1538671584
[2018-10-05 00:46:24][debug] [sms]page:https://bbs.sex002.xyz/plugin.php?id=tom_tchongbao:ajax&act=nitice_sms_hb_run&site=1&tongcheng_id=589&hongbao_id=64&page=47
[2018-10-05 00:46:24][debug] [sms]hongbao id:64
[2018-10-05 00:46:24][debug] [sms]page:47
[2018-10-05 00:46:24][debug] [sms]client IP:118.89.52.235
[2018-10-05 00:46:24][debug] [sms]start:1538671584
[2018-10-05 00:46:28][debug] [sms]all num:10
[2018-10-05 00:46:28][debug] [sms]run num:10
[2018-10-05 00:46:28][debug] [sms]ok num:10
[2018-10-05 00:46:28][debug] [sms]no num:0
[2018-10-05 00:46:28][debug] [sms]run time:4
[2018-10-05 00:46:28][debug] [sms]end:1538671588
[2018-10-05 00:46:28][debug] [sms]page:https://bbs.sex002.xyz/plugin.php?id=tom_tchongbao:ajax&act=nitice_sms_hb_run&site=1&tongcheng_id=589&hongbao_id=64&page=48
[2018-10-05 00:46:28][debug] [sms]hongbao id:64
[2018-10-05 00:46:28][debug] [sms]page:48
[2018-10-05 00:46:28][debug] [sms]client IP:118.89.52.235
[2018-10-05 00:46:28][debug] [sms]start:1538671588
[2018-10-05 00:46:32][debug] [sms]all num:10
[2018-10-05 00:46:32][debug] [sms]run num:10
[2018-10-05 00:46:32][debug] [sms]ok num:7
[2018-10-05 00:46:32][debug] [sms]no num:0
[2018-10-05 00:46:32][debug] [sms]run time:4
[2018-10-05 00:46:32][debug] [sms]end:1538671592
[2018-10-05 00:46:32][debug] [sms]page:https://bbs.sex002.xyz/plugin.php?id=tom_tchongbao:ajax&act=nitice_sms_hb_run&site=1&tongcheng_id=589&hongbao_id=64&page=49
[2018-10-05 00:46:33][debug] [sms]hongbao id:64
[2018-10-05 00:46:33][debug] [sms]page:49
[2018-10-05 00:46:33][debug] [sms]client IP:118.89.52.235
[2018-10-05 00:46:33][debug] [sms]start:1538671593
[2018-10-05 00:46:36][debug] [sms]all num:10
[2018-10-05 00:46:36][debug] [sms]run num:10
[2018-10-05 00:46:36][debug] [sms]ok num:7
[2018-10-05 00:46:36][debug] [sms]no num:0
[2018-10-05 00:46:36][debug] [sms]run time:3
[2018-10-05 00:46:36][debug] [sms]end:1538671596
[2018-10-05 00:46:36][debug] [sms]page:https://bbs.sex002.xyz/plugin.php?id=tom_tchongbao:ajax&act=nitice_sms_hb_run&site=1&tongcheng_id=589&hongbao_id=64&page=50
[2018-10-05 00:46:36][debug] [sms]hongbao id:64
[2018-10-05 00:46:36][debug] [sms]page:50
[2018-10-05 00:46:36][debug] [sms]client IP:118.89.52.235
[2018-10-05 00:46:36][debug] [sms]start:1538671596
[2018-10-05 00:46:41][debug] [sms]all num:10
[2018-10-05 00:46:41][debug] [sms]run num:10
[2018-10-05 00:46:41][debug] [sms]ok num:3
[2018-10-05 00:46:41][debug] [sms]no num:0
[2018-10-05 00:46:41][debug] [sms]run time:5
[2018-10-05 00:46:41][debug] [sms]end:1538671601
[2018-10-05 00:46:41][debug] [sms]page:https://bbs.sex002.xyz/plugin.php?id=tom_tchongbao:ajax&act=nitice_sms_hb_run&site=1&tongcheng_id=589&hongbao_id=64&page=51
[2018-10-05 00:46:41][debug] [sms]hongbao id:64
[2018-10-05 00:46:41][debug] [sms]page:51
[2018-10-05 00:46:41][debug] [sms]client IP:118.89.52.235
[2018-10-05 00:46:41][debug] [sms]start:1538671601
[2018-10-05 00:46:45][debug] [sms]all num:10
[2018-10-05 00:46:45][debug] [sms]run num:10
[2018-10-05 00:46:45][debug] [sms]ok num:5
[2018-10-05 00:46:45][debug] [sms]no num:0
[2018-10-05 00:46:45][debug] [sms]run time:4
[2018-10-05 00:46:45][debug] [sms]end:1538671605
[2018-10-05 00:46:45][debug] [sms]page:https://bbs.sex002.xyz/plugin.php?id=tom_tchongbao:ajax&act=nitice_sms_hb_run&site=1&tongcheng_id=589&hongbao_id=64&page=52
[2018-10-05 00:46:45][debug] [sms]hongbao id:64
[2018-10-05 00:46:45][debug] [sms]page:52
[2018-10-05 00:46:45][debug] [sms]client IP:118.89.52.235
[2018-10-05 00:46:45][debug] [sms]start:1538671605
[2018-10-05 00:46:49][debug] [sms]all num:10
[2018-10-05 00:46:49][debug] [sms]run num:10
[2018-10-05 00:46:49][debug] [sms]ok num:6
[2018-10-05 00:46:49][debug] [sms]no num:0
[2018-10-05 00:46:49][debug] [sms]run time:4
[2018-10-05 00:46:49][debug] [sms]end:1538671609
[2018-10-05 00:46:49][debug] [sms]page:https://bbs.sex002.xyz/plugin.php?id=tom_tchongbao:ajax&act=nitice_sms_hb_run&site=1&tongcheng_id=589&hongbao_id=64&page=53
[2018-10-05 00:46:49][debug] [sms]hongbao id:64
[2018-10-05 00:46:49][debug] [sms]page:53
[2018-10-05 00:46:49][debug] [sms]client IP:118.89.52.235
[2018-10-05 00:46:49][debug] [sms]start:1538671609
[2018-10-05 00:46:53][debug] [sms]all num:10
[2018-10-05 00:46:53][debug] [sms]run num:10
[2018-10-05 00:46:53][debug] [sms]ok num:7
[2018-10-05 00:46:53][debug] [sms]no num:0
[2018-10-05 00:46:53][debug] [sms]run time:4
[2018-10-05 00:46:53][debug] [sms]end:1538671613
[2018-10-05 00:46:53][debug] [sms]page:https://bbs.sex002.xyz/plugin.php?id=tom_tchongbao:ajax&act=nitice_sms_hb_run&site=1&tongcheng_id=589&hongbao_id=64&page=54
[2018-10-05 00:46:53][debug] [sms]hongbao id:64
[2018-10-05 00:46:53][debug] [sms]page:54
[2018-10-05 00:46:53][debug] [sms]client IP:118.89.52.235
[2018-10-05 00:46:53][debug] [sms]start:1538671613
[2018-10-05 00:46:57][debug] [sms]all num:10
[2018-10-05 00:46:57][debug] [sms]run num:10
[2018-10-05 00:46:57][debug] [sms]ok num:6
[2018-10-05 00:46:57][debug] [sms]no num:0
[2018-10-05 00:46:57][debug] [sms]run time:4
[2018-10-05 00:46:57][debug] [sms]end:1538671617
[2018-10-05 00:46:57][debug] [sms]page:https://bbs.sex002.xyz/plugin.php?id=tom_tchongbao:ajax&act=nitice_sms_hb_run&site=1&tongcheng_id=589&hongbao_id=64&page=55
[2018-10-05 00:46:57][debug] [sms]hongbao id:64
[2018-10-05 00:46:57][debug] [sms]page:55
[2018-10-05 00:46:57][debug] [sms]client IP:118.89.52.235
[2018-10-05 00:46:57][debug] [sms]start:1538671617
[2018-10-05 00:47:00][debug] [sms]all num:10
[2018-10-05 00:47:00][debug] [sms]run num:10
[2018-10-05 00:47:00][debug] [sms]ok num:5
[2018-10-05 00:47:00][debug] [sms]no num:0
[2018-10-05 00:47:00][debug] [sms]run time:3
[2018-10-05 00:47:00][debug] [sms]end:1538671620
[2018-10-05 00:47:00][debug] [sms]page:https://bbs.sex002.xyz/plugin.php?id=tom_tchongbao:ajax&act=nitice_sms_hb_run&site=1&tongcheng_id=589&hongbao_id=64&page=56
[2018-10-05 00:47:00][debug] [sms]hongbao id:64
[2018-10-05 00:47:00][debug] [sms]page:56
[2018-10-05 00:47:00][debug] [sms]client IP:118.89.52.235
[2018-10-05 00:47:00][debug] [sms]start:1538671620
[2018-10-05 00:47:04][debug] [sms]all num:10
[2018-10-05 00:47:04][debug] [sms]run num:10
[2018-10-05 00:47:04][debug] [sms]ok num:4
[2018-10-05 00:47:04][debug] [sms]no num:0
[2018-10-05 00:47:04][debug] [sms]run time:4
[2018-10-05 00:47:04][debug] [sms]end:1538671624
[2018-10-05 00:47:04][debug] [sms]page:https://bbs.sex002.xyz/plugin.php?id=tom_tchongbao:ajax&act=nitice_sms_hb_run&site=1&tongcheng_id=589&hongbao_id=64&page=57
[2018-10-05 00:47:04][debug] [sms]hongbao id:64
[2018-10-05 00:47:04][debug] [sms]page:57
[2018-10-05 00:47:04][debug] [sms]client IP:118.89.52.235
[2018-10-05 00:47:04][debug] [sms]start:1538671624
[2018-10-05 00:47:07][debug] [sms]all num:10
[2018-10-05 00:47:07][debug] [sms]run num:10
[2018-10-05 00:47:07][debug] [sms]ok num:3
[2018-10-05 00:47:07][debug] [sms]no num:0
[2018-10-05 00:47:07][debug] [sms]run time:3
[2018-10-05 00:47:07][debug] [sms]end:1538671627
[2018-10-05 00:47:07][debug] [sms]page:https://bbs.sex002.xyz/plugin.php?id=tom_tchongbao:ajax&act=nitice_sms_hb_run&site=1&tongcheng_id=589&hongbao_id=64&page=58
[2018-10-05 00:47:07][debug] [sms]hongbao id:64
[2018-10-05 00:47:07][debug] [sms]page:58
[2018-10-05 00:47:07][debug] [sms]client IP:118.89.52.235
[2018-10-05 00:47:07][debug] [sms]start:1538671627
[2018-10-05 00:47:11][debug] [sms]all num:10
[2018-10-05 00:47:11][debug] [sms]run num:10
[2018-10-05 00:47:11][debug] [sms]ok num:3
[2018-10-05 00:47:11][debug] [sms]no num:0
[2018-10-05 00:47:11][debug] [sms]run time:4
[2018-10-05 00:47:11][debug] [sms]end:1538671631
[2018-10-05 00:47:11][debug] [sms]page:https://bbs.sex002.xyz/plugin.php?id=tom_tchongbao:ajax&act=nitice_sms_hb_run&site=1&tongcheng_id=589&hongbao_id=64&page=59
[2018-10-05 00:47:11][debug] [sms]hongbao id:64
[2018-10-05 00:47:11][debug] [sms]page:59
[2018-10-05 00:47:11][debug] [sms]client IP:118.89.52.235
[2018-10-05 00:47:11][debug] [sms]start:1538671631
[2018-10-05 00:47:14][debug] [sms]all num:10
[2018-10-05 00:47:14][debug] [sms]run num:10
[2018-10-05 00:47:14][debug] [sms]ok num:4
[2018-10-05 00:47:14][debug] [sms]no num:0
[2018-10-05 00:47:14][debug] [sms]run time:3
[2018-10-05 00:47:14][debug] [sms]end:1538671634
[2018-10-05 00:47:14][debug] [sms]page:https://bbs.sex002.xyz/plugin.php?id=tom_tchongbao:ajax&act=nitice_sms_hb_run&site=1&tongcheng_id=589&hongbao_id=64&page=60
[2018-10-05 00:47:14][debug] [sms]hongbao id:64
[2018-10-05 00:47:14][debug] [sms]page:60
[2018-10-05 00:47:14][debug] [sms]client IP:118.89.52.235
[2018-10-05 00:47:14][debug] [sms]start:1538671634
[2018-10-05 00:47:17][debug] [sms]all num:10
[2018-10-05 00:47:17][debug] [sms]run num:10
[2018-10-05 00:47:17][debug] [sms]ok num:5
[2018-10-05 00:47:17][debug] [sms]no num:0
[2018-10-05 00:47:17][debug] [sms]run time:3
[2018-10-05 00:47:17][debug] [sms]end:1538671637
[2018-10-05 00:47:17][debug] [sms]page:https://bbs.sex002.xyz/plugin.php?id=tom_tchongbao:ajax&act=nitice_sms_hb_run&site=1&tongcheng_id=589&hongbao_id=64&page=61
[2018-10-05 00:47:17][debug] [sms]hongbao id:64
[2018-10-05 00:47:17][debug] [sms]page:61
[2018-10-05 00:47:17][debug] [sms]client IP:118.89.52.235
[2018-10-05 00:47:17][debug] [sms]start:1538671637
[2018-10-05 00:47:20][debug] [sms]all num:10
[2018-10-05 00:47:20][debug] [sms]run num:10
[2018-10-05 00:47:20][debug] [sms]ok num:6
[2018-10-05 00:47:20][debug] [sms]no num:0
[2018-10-05 00:47:20][debug] [sms]run time:3
[2018-10-05 00:47:20][debug] [sms]end:1538671640
[2018-10-05 00:47:20][debug] [sms]page:https://bbs.sex002.xyz/plugin.php?id=tom_tchongbao:ajax&act=nitice_sms_hb_run&site=1&tongcheng_id=589&hongbao_id=64&page=62
[2018-10-05 00:47:20][debug] [sms]hongbao id:64
[2018-10-05 00:47:20][debug] [sms]page:62
[2018-10-05 00:47:20][debug] [sms]client IP:118.89.52.235
[2018-10-05 00:47:20][debug] [sms]start:1538671640
[2018-10-05 00:47:24][debug] [sms]all num:10
[2018-10-05 00:47:24][debug] [sms]run num:10
[2018-10-05 00:47:24][debug] [sms]ok num:6
[2018-10-05 00:47:24][debug] [sms]no num:0
[2018-10-05 00:47:24][debug] [sms]run time:4
[2018-10-05 00:47:24][debug] [sms]end:1538671644
[2018-10-05 00:47:24][debug] [sms]page:https://bbs.sex002.xyz/plugin.php?id=tom_tchongbao:ajax&act=nitice_sms_hb_run&site=1&tongcheng_id=589&hongbao_id=64&page=63
[2018-10-05 00:47:24][debug] [sms]hongbao id:64
[2018-10-05 00:47:24][debug] [sms]page:63
[2018-10-05 00:47:24][debug] [sms]client IP:118.89.52.235
[2018-10-05 00:47:24][debug] [sms]start:1538671644
[2018-10-05 00:47:27][debug] [sms]all num:10
[2018-10-05 00:47:27][debug] [sms]run num:10
[2018-10-05 00:47:27][debug] [sms]ok num:3
[2018-10-05 00:47:27][debug] [sms]no num:0
[2018-10-05 00:47:27][debug] [sms]run time:3
[2018-10-05 00:47:27][debug] [sms]end:1538671647
[2018-10-05 00:47:27][debug] [sms]page:https://bbs.sex002.xyz/plugin.php?id=tom_tchongbao:ajax&act=nitice_sms_hb_run&site=1&tongcheng_id=589&hongbao_id=64&page=64
[2018-10-05 00:47:27][debug] [sms]hongbao id:64
[2018-10-05 00:47:27][debug] [sms]page:64
[2018-10-05 00:47:27][debug] [sms]client IP:118.89.52.235
[2018-10-05 00:47:27][debug] [sms]start:1538671647
[2018-10-05 00:47:31][debug] [sms]all num:10
[2018-10-05 00:47:31][debug] [sms]run num:10
[2018-10-05 00:47:31][debug] [sms]ok num:5
[2018-10-05 00:47:31][debug] [sms]no num:0
[2018-10-05 00:47:31][debug] [sms]run time:4
[2018-10-05 00:47:31][debug] [sms]end:1538671651
[2018-10-05 00:47:31][debug] [sms]page:https://bbs.sex002.xyz/plugin.php?id=tom_tchongbao:ajax&act=nitice_sms_hb_run&site=1&tongcheng_id=589&hongbao_id=64&page=65
[2018-10-05 00:47:31][debug] [sms]hongbao id:64
[2018-10-05 00:47:31][debug] [sms]page:65
[2018-10-05 00:47:31][debug] [sms]client IP:118.89.52.235
[2018-10-05 00:47:31][debug] [sms]start:1538671651
[2018-10-05 00:47:34][debug] [sms]all num:10
[2018-10-05 00:47:34][debug] [sms]run num:10
[2018-10-05 00:47:34][debug] [sms]ok num:6
[2018-10-05 00:47:34][debug] [sms]no num:0
[2018-10-05 00:47:34][debug] [sms]run time:3
[2018-10-05 00:47:34][debug] [sms]end:1538671654
[2018-10-05 00:47:34][debug] [sms]page:https://bbs.sex002.xyz/plugin.php?id=tom_tchongbao:ajax&act=nitice_sms_hb_run&site=1&tongcheng_id=589&hongbao_id=64&page=66
[2018-10-05 00:47:34][debug] [sms]hongbao id:64
[2018-10-05 00:47:34][debug] [sms]page:66
[2018-10-05 00:47:34][debug] [sms]client IP:118.89.52.235
[2018-10-05 00:47:34][debug] [sms]start:1538671654
[2018-10-05 00:47:38][debug] [sms]all num:10
[2018-10-05 00:47:38][debug] [sms]run num:10
[2018-10-05 00:47:38][debug] [sms]ok num:9
[2018-10-05 00:47:38][debug] [sms]no num:0
[2018-10-05 00:47:38][debug] [sms]run time:4
[2018-10-05 00:47:38][debug] [sms]end:1538671658
[2018-10-05 00:47:38][debug] [sms]page:https://bbs.sex002.xyz/plugin.php?id=tom_tchongbao:ajax&act=nitice_sms_hb_run&site=1&tongcheng_id=589&hongbao_id=64&page=67
[2018-10-05 00:47:38][debug] [sms]hongbao id:64
[2018-10-05 00:47:38][debug] [sms]page:67
[2018-10-05 00:47:38][debug] [sms]client IP:118.89.52.235
[2018-10-05 00:47:38][debug] [sms]start:1538671658
[2018-10-05 00:47:41][debug] [sms]all num:10
[2018-10-05 00:47:41][debug] [sms]run num:10
[2018-10-05 00:47:41][debug] [sms]ok num:6
[2018-10-05 00:47:41][debug] [sms]no num:0
[2018-10-05 00:47:41][debug] [sms]run time:3
[2018-10-05 00:47:41][debug] [sms]end:1538671661
[2018-10-05 00:47:41][debug] [sms]page:https://bbs.sex002.xyz/plugin.php?id=tom_tchongbao:ajax&act=nitice_sms_hb_run&site=1&tongcheng_id=589&hongbao_id=64&page=68
[2018-10-05 00:47:41][debug] [sms]hongbao id:64
[2018-10-05 00:47:41][debug] [sms]page:68
[2018-10-05 00:47:41][debug] [sms]client IP:118.89.52.235
[2018-10-05 00:47:41][debug] [sms]start:1538671661
[2018-10-05 00:47:44][debug] [sms]all num:10
[2018-10-05 00:47:44][debug] [sms]run num:10
[2018-10-05 00:47:44][debug] [sms]ok num:7
[2018-10-05 00:47:44][debug] [sms]no num:0
[2018-10-05 00:47:44][debug] [sms]run time:3
[2018-10-05 00:47:44][debug] [sms]end:1538671664
[2018-10-05 00:47:44][debug] [sms]page:https://bbs.sex002.xyz/plugin.php?id=tom_tchongbao:ajax&act=nitice_sms_hb_run&site=1&tongcheng_id=589&hongbao_id=64&page=69
[2018-10-05 00:47:44][debug] [sms]hongbao id:64
[2018-10-05 00:47:44][debug] [sms]page:69
[2018-10-05 00:47:44][debug] [sms]client IP:118.89.52.235
[2018-10-05 00:47:44][debug] [sms]start:1538671664
[2018-10-05 00:47:48][debug] [sms]all num:10
[2018-10-05 00:47:48][debug] [sms]run num:10
[2018-10-05 00:47:48][debug] [sms]ok num:2
[2018-10-05 00:47:48][debug] [sms]no num:0
[2018-10-05 00:47:48][debug] [sms]run time:4
[2018-10-05 00:47:48][debug] [sms]end:1538671668
[2018-10-05 00:47:48][debug] [sms]page:https://bbs.sex002.xyz/plugin.php?id=tom_tchongbao:ajax&act=nitice_sms_hb_run&site=1&tongcheng_id=589&hongbao_id=64&page=70
[2018-10-05 00:47:48][debug] [sms]hongbao id:64
[2018-10-05 00:47:48][debug] [sms]page:70
[2018-10-05 00:47:48][debug] [sms]client IP:118.89.52.235
[2018-10-05 00:47:48][debug] [sms]start:1538671668
[2018-10-05 00:47:51][debug] [sms]all num:10
[2018-10-05 00:47:51][debug] [sms]run num:10
[2018-10-05 00:47:51][debug] [sms]ok num:4
[2018-10-05 00:47:51][debug] [sms]no num:0
[2018-10-05 00:47:51][debug] [sms]run time:3
[2018-10-05 00:47:51][debug] [sms]end:1538671671
[2018-10-05 00:47:51][debug] [sms]page:https://bbs.sex002.xyz/plugin.php?id=tom_tchongbao:ajax&act=nitice_sms_hb_run&site=1&tongcheng_id=589&hongbao_id=64&page=71
[2018-10-05 00:47:51][debug] [sms]hongbao id:64
[2018-10-05 00:47:51][debug] [sms]page:71
[2018-10-05 00:47:51][debug] [sms]client IP:118.89.52.235
[2018-10-05 00:47:51][debug] [sms]start:1538671671
[2018-10-05 00:47:55][debug] [sms]all num:10
[2018-10-05 00:47:55][debug] [sms]run num:10
[2018-10-05 00:47:55][debug] [sms]ok num:3
[2018-10-05 00:47:55][debug] [sms]no num:0
[2018-10-05 00:47:55][debug] [sms]run time:4
[2018-10-05 00:47:55][debug] [sms]end:1538671675
[2018-10-05 00:47:55][debug] [sms]page:https://bbs.sex002.xyz/plugin.php?id=tom_tchongbao:ajax&act=nitice_sms_hb_run&site=1&tongcheng_id=589&hongbao_id=64&page=72
[2018-10-05 00:47:55][debug] [sms]hongbao id:64
[2018-10-05 00:47:55][debug] [sms]page:72
[2018-10-05 00:47:55][debug] [sms]client IP:118.89.52.235
[2018-10-05 00:47:55][debug] [sms]start:1538671675
[2018-10-05 00:47:58][debug] [sms]all num:10
[2018-10-05 00:47:58][debug] [sms]run num:10
[2018-10-05 00:47:58][debug] [sms]ok num:7
[2018-10-05 00:47:58][debug] [sms]no num:0
[2018-10-05 00:47:58][debug] [sms]run time:3
[2018-10-05 00:47:58][debug] [sms]end:1538671678
[2018-10-05 00:47:58][debug] [sms]page:https://bbs.sex002.xyz/plugin.php?id=tom_tchongbao:ajax&act=nitice_sms_hb_run&site=1&tongcheng_id=589&hongbao_id=64&page=73
[2018-10-05 00:47:58][debug] [sms]hongbao id:64
[2018-10-05 00:47:58][debug] [sms]page:73
[2018-10-05 00:47:58][debug] [sms]client IP:118.89.52.235
[2018-10-05 00:47:58][debug] [sms]start:1538671678
[2018-10-05 00:48:01][debug] [sms]all num:10
[2018-10-05 00:48:01][debug] [sms]run num:10
[2018-10-05 00:48:01][debug] [sms]ok num:8
[2018-10-05 00:48:01][debug] [sms]no num:0
[2018-10-05 00:48:01][debug] [sms]run time:3
[2018-10-05 00:48:01][debug] [sms]end:1538671681
[2018-10-05 00:48:01][debug] [sms]page:https://bbs.sex002.xyz/plugin.php?id=tom_tchongbao:ajax&act=nitice_sms_hb_run&site=1&tongcheng_id=589&hongbao_id=64&page=74
[2018-10-05 00:48:01][debug] [sms]hongbao id:64
[2018-10-05 00:48:01][debug] [sms]page:74
[2018-10-05 00:48:01][debug] [sms]client IP:118.89.52.235
[2018-10-05 00:48:01][debug] [sms]start:1538671681
[2018-10-05 00:48:05][debug] [sms]all num:10
[2018-10-05 00:48:05][debug] [sms]run num:10
[2018-10-05 00:48:05][debug] [sms]ok num:3
[2018-10-05 00:48:05][debug] [sms]no num:0
[2018-10-05 00:48:05][debug] [sms]run time:4
[2018-10-05 00:48:05][debug] [sms]end:1538671685
[2018-10-05 00:48:05][debug] [sms]page:https://bbs.sex002.xyz/plugin.php?id=tom_tchongbao:ajax&act=nitice_sms_hb_run&site=1&tongcheng_id=589&hongbao_id=64&page=75
[2018-10-05 00:48:05][debug] [sms]hongbao id:64
[2018-10-05 00:48:05][debug] [sms]page:75
[2018-10-05 00:48:05][debug] [sms]client IP:118.89.52.235
[2018-10-05 00:48:05][debug] [sms]start:1538671685
[2018-10-05 00:48:08][debug] [sms]all num:10
[2018-10-05 00:48:08][debug] [sms]run num:10
[2018-10-05 00:48:08][debug] [sms]ok num:3
[2018-10-05 00:48:08][debug] [sms]no num:0
[2018-10-05 00:48:08][debug] [sms]run time:3
[2018-10-05 00:48:08][debug] [sms]end:1538671688
[2018-10-05 00:48:08][debug] [sms]page:https://bbs.sex002.xyz/plugin.php?id=tom_tchongbao:ajax&act=nitice_sms_hb_run&site=1&tongcheng_id=589&hongbao_id=64&page=76
[2018-10-05 00:48:08][debug] [sms]hongbao id:64
[2018-10-05 00:48:08][debug] [sms]page:76
[2018-10-05 00:48:08][debug] [sms]client IP:118.89.52.235
[2018-10-05 00:48:08][debug] [sms]start:1538671688
[2018-10-05 00:48:11][debug] [sms]all num:10
[2018-10-05 00:48:11][debug] [sms]run num:10
[2018-10-05 00:48:11][debug] [sms]ok num:4
[2018-10-05 00:48:11][debug] [sms]no num:0
[2018-10-05 00:48:11][debug] [sms]run time:3
[2018-10-05 00:48:11][debug] [sms]end:1538671691
[2018-10-05 00:48:11][debug] [sms]page:https://bbs.sex002.xyz/plugin.php?id=tom_tchongbao:ajax&act=nitice_sms_hb_run&site=1&tongcheng_id=589&hongbao_id=64&page=77
[2018-10-05 00:48:12][debug] [sms]hongbao id:64
[2018-10-05 00:48:12][debug] [sms]page:77
[2018-10-05 00:48:12][debug] [sms]client IP:118.89.52.235
[2018-10-05 00:48:12][debug] [sms]start:1538671692
[2018-10-05 00:48:15][debug] [sms]all num:10
[2018-10-05 00:48:15][debug] [sms]run num:10
[2018-10-05 00:48:15][debug] [sms]ok num:2
[2018-10-05 00:48:15][debug] [sms]no num:0
[2018-10-05 00:48:15][debug] [sms]run time:3
[2018-10-05 00:48:15][debug] [sms]end:1538671695
[2018-10-05 00:48:15][debug] [sms]page:https://bbs.sex002.xyz/plugin.php?id=tom_tchongbao:ajax&act=nitice_sms_hb_run&site=1&tongcheng_id=589&hongbao_id=64&page=78
[2018-10-05 00:48:15][debug] [sms]hongbao id:64
[2018-10-05 00:48:15][debug] [sms]page:78
[2018-10-05 00:48:15][debug] [sms]client IP:118.89.52.235
[2018-10-05 00:48:15][debug] [sms]start:1538671695
[2018-10-05 00:48:18][debug] [sms]all num:10
[2018-10-05 00:48:18][debug] [sms]run num:10
[2018-10-05 00:48:18][debug] [sms]ok num:4
[2018-10-05 00:48:18][debug] [sms]no num:0
[2018-10-05 00:48:18][debug] [sms]run time:3
[2018-10-05 00:48:18][debug] [sms]end:1538671698
[2018-10-05 00:48:18][debug] [sms]page:https://bbs.sex002.xyz/plugin.php?id=tom_tchongbao:ajax&act=nitice_sms_hb_run&site=1&tongcheng_id=589&hongbao_id=64&page=79
[2018-10-05 00:48:18][debug] [sms]hongbao id:64
[2018-10-05 00:48:18][debug] [sms]page:79
[2018-10-05 00:48:18][debug] [sms]client IP:118.89.52.235
[2018-10-05 00:48:18][debug] [sms]start:1538671698
[2018-10-05 00:48:21][debug] [sms]all num:10
[2018-10-05 00:48:21][debug] [sms]run num:10
[2018-10-05 00:48:21][debug] [sms]ok num:1
[2018-10-05 00:48:21][debug] [sms]no num:0
[2018-10-05 00:48:21][debug] [sms]run time:3
[2018-10-05 00:48:21][debug] [sms]end:1538671701
[2018-10-05 00:48:21][debug] [sms]page:https://bbs.sex002.xyz/plugin.php?id=tom_tchongbao:ajax&act=nitice_sms_hb_run&site=1&tongcheng_id=589&hongbao_id=64&page=80
[2018-10-05 00:48:21][debug] [sms]hongbao id:64
[2018-10-05 00:48:21][debug] [sms]page:80
[2018-10-05 00:48:21][debug] [sms]client IP:118.89.52.235
[2018-10-05 00:48:21][debug] [sms]start:1538671701
[2018-10-05 00:48:24][debug] [sms]all num:10
[2018-10-05 00:48:24][debug] [sms]run num:10
[2018-10-05 00:48:24][debug] [sms]ok num:5
[2018-10-05 00:48:24][debug] [sms]no num:0
[2018-10-05 00:48:24][debug] [sms]run time:3
[2018-10-05 00:48:24][debug] [sms]end:1538671704
[2018-10-05 00:48:24][debug] [sms]page:https://bbs.sex002.xyz/plugin.php?id=tom_tchongbao:ajax&act=nitice_sms_hb_run&site=1&tongcheng_id=589&hongbao_id=64&page=81
[2018-10-05 00:48:25][debug] [sms]hongbao id:64
[2018-10-05 00:48:25][debug] [sms]page:81
[2018-10-05 00:48:25][debug] [sms]client IP:118.89.52.235
[2018-10-05 00:48:25][debug] [sms]start:1538671705
[2018-10-05 00:48:28][debug] [sms]all num:10
[2018-10-05 00:48:28][debug] [sms]run num:10
[2018-10-05 00:48:28][debug] [sms]ok num:1
[2018-10-05 00:48:28][debug] [sms]no num:0
[2018-10-05 00:48:28][debug] [sms]run time:3
[2018-10-05 00:48:28][debug] [sms]end:1538671708
[2018-10-05 00:48:28][debug] [sms]page:https://bbs.sex002.xyz/plugin.php?id=tom_tchongbao:ajax&act=nitice_sms_hb_run&site=1&tongcheng_id=589&hongbao_id=64&page=82
[2018-10-05 00:48:28][debug] [sms]hongbao id:64
[2018-10-05 00:48:28][debug] [sms]page:82
[2018-10-05 00:48:28][debug] [sms]client IP:118.89.52.235
[2018-10-05 00:48:28][debug] [sms]start:1538671708
[2018-10-05 00:48:31][debug] [sms]all num:10
[2018-10-05 00:48:31][debug] [sms]run num:10
[2018-10-05 00:48:31][debug] [sms]ok num:3
[2018-10-05 00:48:31][debug] [sms]no num:0
[2018-10-05 00:48:31][debug] [sms]run time:3
[2018-10-05 00:48:31][debug] [sms]end:1538671711
[2018-10-05 00:48:31][debug] [sms]page:https://bbs.sex002.xyz/plugin.php?id=tom_tchongbao:ajax&act=nitice_sms_hb_run&site=1&tongcheng_id=589&hongbao_id=64&page=83
[2018-10-05 00:48:31][debug] [sms]hongbao id:64
[2018-10-05 00:48:31][debug] [sms]page:83
[2018-10-05 00:48:31][debug] [sms]client IP:118.89.52.235
[2018-10-05 00:48:31][debug] [sms]start:1538671711
[2018-10-05 00:48:35][debug] [sms]all num:10
[2018-10-05 00:48:35][debug] [sms]run num:10
[2018-10-05 00:48:35][debug] [sms]ok num:5
[2018-10-05 00:48:35][debug] [sms]no num:0
[2018-10-05 00:48:35][debug] [sms]run time:4
[2018-10-05 00:48:35][debug] [sms]end:1538671715
[2018-10-05 00:48:35][debug] [sms]page:https://bbs.sex002.xyz/plugin.php?id=tom_tchongbao:ajax&act=nitice_sms_hb_run&site=1&tongcheng_id=589&hongbao_id=64&page=84
[2018-10-05 00:48:36][debug] [sms]hongbao id:64
[2018-10-05 00:48:36][debug] [sms]page:84
[2018-10-05 00:48:36][debug] [sms]client IP:118.89.52.235
[2018-10-05 00:48:36][debug] [sms]start:1538671716
[2018-10-05 00:48:39][debug] [sms]all num:10
[2018-10-05 00:48:39][debug] [sms]run num:10
[2018-10-05 00:48:39][debug] [sms]ok num:7
[2018-10-05 00:48:39][debug] [sms]no num:0
[2018-10-05 00:48:39][debug] [sms]run time:3
[2018-10-05 00:48:39][debug] [sms]end:1538671719
[2018-10-05 00:48:39][debug] [sms]page:https://bbs.sex002.xyz/plugin.php?id=tom_tchongbao:ajax&act=nitice_sms_hb_run&site=1&tongcheng_id=589&hongbao_id=64&page=85
[2018-10-05 00:48:39][debug] [sms]hongbao id:64
[2018-10-05 00:48:39][debug] [sms]page:85
[2018-10-05 00:48:39][debug] [sms]client IP:118.89.52.235
[2018-10-05 00:48:39][debug] [sms]start:1538671719
[2018-10-05 00:48:42][debug] [sms]all num:10
[2018-10-05 00:48:42][debug] [sms]run num:10
[2018-10-05 00:48:42][debug] [sms]ok num:3
[2018-10-05 00:48:42][debug] [sms]no num:0
[2018-10-05 00:48:42][debug] [sms]run time:3
[2018-10-05 00:48:42][debug] [sms]end:1538671722
[2018-10-05 00:48:42][debug] [sms]page:https://bbs.sex002.xyz/plugin.php?id=tom_tchongbao:ajax&act=nitice_sms_hb_run&site=1&tongcheng_id=589&hongbao_id=64&page=86
[2018-10-05 00:48:43][debug] [sms]hongbao id:64
[2018-10-05 00:48:43][debug] [sms]page:86
[2018-10-05 00:48:43][debug] [sms]client IP:118.89.52.235
[2018-10-05 00:48:43][debug] [sms]start:1538671723
[2018-10-05 00:48:46][debug] [sms]all num:10
[2018-10-05 00:48:46][debug] [sms]run num:10
[2018-10-05 00:48:46][debug] [sms]ok num:7
[2018-10-05 00:48:46][debug] [sms]no num:0
[2018-10-05 00:48:46][debug] [sms]run time:3
[2018-10-05 00:48:46][debug] [sms]end:1538671726
[2018-10-05 00:48:46][debug] [sms]page:https://bbs.sex002.xyz/plugin.php?id=tom_tchongbao:ajax&act=nitice_sms_hb_run&site=1&tongcheng_id=589&hongbao_id=64&page=87
[2018-10-05 00:48:46][debug] [sms]hongbao id:64
[2018-10-05 00:48:46][debug] [sms]page:87
[2018-10-05 00:48:46][debug] [sms]client IP:118.89.52.235
[2018-10-05 00:48:46][debug] [sms]start:1538671726
[2018-10-05 00:48:49][debug] [sms]all num:10
[2018-10-05 00:48:49][debug] [sms]run num:10
[2018-10-05 00:48:49][debug] [sms]ok num:8
[2018-10-05 00:48:49][debug] [sms]no num:0
[2018-10-05 00:48:49][debug] [sms]run time:3
[2018-10-05 00:48:49][debug] [sms]end:1538671729
[2018-10-05 00:48:49][debug] [sms]page:https://bbs.sex002.xyz/plugin.php?id=tom_tchongbao:ajax&act=nitice_sms_hb_run&site=1&tongcheng_id=589&hongbao_id=64&page=88
[2018-10-05 00:48:50][debug] [sms]hongbao id:64
[2018-10-05 00:48:50][debug] [sms]page:88
[2018-10-05 00:48:50][debug] [sms]client IP:118.89.52.235
[2018-10-05 00:48:50][debug] [sms]start:1538671730
[2018-10-05 00:48:53][debug] [sms]all num:10
[2018-10-05 00:48:53][debug] [sms]run num:10
[2018-10-05 00:48:53][debug] [sms]ok num:3
[2018-10-05 00:48:53][debug] [sms]no num:0
[2018-10-05 00:48:53][debug] [sms]run time:3
[2018-10-05 00:48:53][debug] [sms]end:1538671733
[2018-10-05 00:48:53][debug] [sms]page:https://bbs.sex002.xyz/plugin.php?id=tom_tchongbao:ajax&act=nitice_sms_hb_run&site=1&tongcheng_id=589&hongbao_id=64&page=89
[2018-10-05 00:48:53][debug] [sms]hongbao id:64
[2018-10-05 00:48:53][debug] [sms]page:89
[2018-10-05 00:48:53][debug] [sms]client IP:118.89.52.235
[2018-10-05 00:48:53][debug] [sms]start:1538671733
[2018-10-05 00:48:56][debug] [sms]all num:10
[2018-10-05 00:48:56][debug] [sms]run num:10
[2018-10-05 00:48:56][debug] [sms]ok num:5
[2018-10-05 00:48:56][debug] [sms]no num:0
[2018-10-05 00:48:56][debug] [sms]run time:3
[2018-10-05 00:48:56][debug] [sms]end:1538671736
[2018-10-05 00:48:56][debug] [sms]page:https://bbs.sex002.xyz/plugin.php?id=tom_tchongbao:ajax&act=nitice_sms_hb_run&site=1&tongcheng_id=589&hongbao_id=64&page=90
[2018-10-05 00:48:56][debug] [sms]hongbao id:64
[2018-10-05 00:48:56][debug] [sms]page:90
[2018-10-05 00:48:56][debug] [sms]client IP:118.89.52.235
[2018-10-05 00:48:56][debug] [sms]start:1538671736
[2018-10-05 00:48:59][debug] [sms]all num:10
[2018-10-05 00:48:59][debug] [sms]run num:10
[2018-10-05 00:48:59][debug] [sms]ok num:0
[2018-10-05 00:48:59][debug] [sms]no num:0
[2018-10-05 00:48:59][debug] [sms]run time:3
[2018-10-05 00:48:59][debug] [sms]end:1538671739
[2018-10-05 00:48:59][debug] [sms]page:https://bbs.sex002.xyz/plugin.php?id=tom_tchongbao:ajax&act=nitice_sms_hb_run&site=1&tongcheng_id=589&hongbao_id=64&page=91
[2018-10-05 00:49:00][debug] [sms]hongbao id:64
[2018-10-05 00:49:00][debug] [sms]page:91
[2018-10-05 00:49:00][debug] [sms]client IP:118.89.52.235
[2018-10-05 00:49:00][debug] [sms]start:1538671740
[2018-10-05 00:49:02][debug] [sms]all num:10
[2018-10-05 00:49:02][debug] [sms]run num:9
[2018-10-05 00:49:02][debug] [sms]ok num:2
[2018-10-05 00:49:02][debug] [sms]no num:0
[2018-10-05 00:49:02][debug] [sms]run time:2
[2018-10-05 00:49:02][debug] [sms]end:1538671742
[2018-10-05 00:49:02][debug] [sms]page:https://bbs.sex002.xyz/plugin.php?id=tom_tchongbao:ajax&act=nitice_sms_hb_run&site=1&tongcheng_id=589&hongbao_id=64&page=92
[2018-10-05 00:49:03][debug] [sms]hongbao id:64
[2018-10-05 00:49:03][debug] [sms]page:92
[2018-10-05 00:49:03][debug] [sms]client IP:118.89.52.235
[2018-10-05 00:49:03][debug] [sms]start:1538671743
[2018-10-05 00:49:06][debug] [sms]all num:10
[2018-10-05 00:49:06][debug] [sms]run num:10
[2018-10-05 00:49:06][debug] [sms]ok num:4
[2018-10-05 00:49:06][debug] [sms]no num:0
[2018-10-05 00:49:06][debug] [sms]run time:3
[2018-10-05 00:49:06][debug] [sms]end:1538671746
[2018-10-05 00:49:06][debug] [sms]page:https://bbs.sex002.xyz/plugin.php?id=tom_tchongbao:ajax&act=nitice_sms_hb_run&site=1&tongcheng_id=589&hongbao_id=64&page=93
[2018-10-05 00:49:06][debug] [sms]hongbao id:64
[2018-10-05 00:49:06][debug] [sms]page:93
[2018-10-05 00:49:06][debug] [sms]client IP:118.89.52.235
[2018-10-05 00:49:06][debug] [sms]start:1538671746
[2018-10-05 00:49:10][debug] [sms]all num:10
[2018-10-05 00:49:10][debug] [sms]run num:10
[2018-10-05 00:49:10][debug] [sms]ok num:3
[2018-10-05 00:49:10][debug] [sms]no num:0
[2018-10-05 00:49:10][debug] [sms]run time:4
[2018-10-05 00:49:10][debug] [sms]end:1538671750
[2018-10-05 00:49:10][debug] [sms]page:https://bbs.sex002.xyz/plugin.php?id=tom_tchongbao:ajax&act=nitice_sms_hb_run&site=1&tongcheng_id=589&hongbao_id=64&page=94
[2018-10-05 00:49:10][debug] [sms]hongbao id:64
[2018-10-05 00:49:10][debug] [sms]page:94
[2018-10-05 00:49:10][debug] [sms]client IP:118.89.52.235
[2018-10-05 00:49:10][debug] [sms]start:1538671750
[2018-10-05 00:49:13][debug] [sms]all num:10
[2018-10-05 00:49:13][debug] [sms]run num:10
[2018-10-05 00:49:13][debug] [sms]ok num:2
[2018-10-05 00:49:13][debug] [sms]no num:0
[2018-10-05 00:49:13][debug] [sms]run time:3
[2018-10-05 00:49:13][debug] [sms]end:1538671753
[2018-10-05 00:49:13][debug] [sms]page:https://bbs.sex002.xyz/plugin.php?id=tom_tchongbao:ajax&act=nitice_sms_hb_run&site=1&tongcheng_id=589&hongbao_id=64&page=95
[2018-10-05 00:49:13][debug] [sms]hongbao id:64
[2018-10-05 00:49:13][debug] [sms]page:95
[2018-10-05 00:49:13][debug] [sms]client IP:118.89.52.235
[2018-10-05 00:49:13][debug] [sms]start:1538671753
[2018-10-05 00:49:16][debug] [sms]all num:10
[2018-10-05 00:49:16][debug] [sms]run num:10
[2018-10-05 00:49:16][debug] [sms]ok num:7
[2018-10-05 00:49:16][debug] [sms]no num:0
[2018-10-05 00:49:16][debug] [sms]run time:3
[2018-10-05 00:49:16][debug] [sms]end:1538671756
[2018-10-05 00:49:16][debug] [sms]page:https://bbs.sex002.xyz/plugin.php?id=tom_tchongbao:ajax&act=nitice_sms_hb_run&site=1&tongcheng_id=589&hongbao_id=64&page=96
[2018-10-05 00:49:16][debug] [sms]hongbao id:64
[2018-10-05 00:49:16][debug] [sms]page:96
[2018-10-05 00:49:16][debug] [sms]client IP:118.89.52.235
[2018-10-05 00:49:16][debug] [sms]start:1538671756
[2018-10-05 00:49:19][debug] [sms]all num:10
[2018-10-05 00:49:19][debug] [sms]run num:10
[2018-10-05 00:49:19][debug] [sms]ok num:5
[2018-10-05 00:49:19][debug] [sms]no num:0
[2018-10-05 00:49:19][debug] [sms]run time:3
[2018-10-05 00:49:19][debug] [sms]end:1538671759
[2018-10-05 00:49:19][debug] [sms]page:https://bbs.sex002.xyz/plugin.php?id=tom_tchongbao:ajax&act=nitice_sms_hb_run&site=1&tongcheng_id=589&hongbao_id=64&page=97
[2018-10-05 00:49:20][debug] [sms]hongbao id:64
[2018-10-05 00:49:20][debug] [sms]page:97
[2018-10-05 00:49:20][debug] [sms]client IP:118.89.52.235
[2018-10-05 00:49:20][debug] [sms]start:1538671760
[2018-10-05 00:49:23][debug] [sms]all num:10
[2018-10-05 00:49:23][debug] [sms]run num:10
[2018-10-05 00:49:23][debug] [sms]ok num:2
[2018-10-05 00:49:23][debug] [sms]no num:0
[2018-10-05 00:49:23][debug] [sms]run time:3
[2018-10-05 00:49:23][debug] [sms]end:1538671763
[2018-10-05 00:49:23][debug] [sms]page:https://bbs.sex002.xyz/plugin.php?id=tom_tchongbao:ajax&act=nitice_sms_hb_run&site=1&tongcheng_id=589&hongbao_id=64&page=98
[2018-10-05 00:49:23][debug] [sms]hongbao id:64
[2018-10-05 00:49:23][debug] [sms]page:98
[2018-10-05 00:49:23][debug] [sms]client IP:118.89.52.235
[2018-10-05 00:49:23][debug] [sms]start:1538671763
[2018-10-05 00:49:26][debug] [sms]all num:10
[2018-10-05 00:49:26][debug] [sms]run num:10
[2018-10-05 00:49:26][debug] [sms]ok num:5
[2018-10-05 00:49:26][debug] [sms]no num:0
[2018-10-05 00:49:26][debug] [sms]run time:3
[2018-10-05 00:49:26][debug] [sms]end:1538671766
[2018-10-05 00:49:26][debug] [sms]page:https://bbs.sex002.xyz/plugin.php?id=tom_tchongbao:ajax&act=nitice_sms_hb_run&site=1&tongcheng_id=589&hongbao_id=64&page=99
[2018-10-05 00:49:26][debug] [sms]hongbao id:64
[2018-10-05 00:49:26][debug] [sms]page:99
[2018-10-05 00:49:26][debug] [sms]client IP:118.89.52.235
[2018-10-05 00:49:26][debug] [sms]start:1538671766
[2018-10-05 00:49:29][debug] [sms]all num:10
[2018-10-05 00:49:29][debug] [sms]run num:10
[2018-10-05 00:49:29][debug] [sms]ok num:0
[2018-10-05 00:49:29][debug] [sms]no num:0
[2018-10-05 00:49:29][debug] [sms]run time:3
[2018-10-05 00:49:29][debug] [sms]end:1538671769
[2018-10-05 00:49:29][debug] [sms]page:https://bbs.sex002.xyz/plugin.php?id=tom_tchongbao:ajax&act=nitice_sms_hb_run&site=1&tongcheng_id=589&hongbao_id=64&page=100
[2018-10-05 00:49:30][debug] [sms]hongbao id:64
[2018-10-05 00:49:30][debug] [sms]page:100
[2018-10-05 00:49:30][debug] [sms]client IP:118.89.52.235
[2018-10-05 00:49:30][debug] [sms]start:1538671770
[2018-10-05 00:49:32][debug] [sms]all num:10
[2018-10-05 00:49:32][debug] [sms]run num:9
[2018-10-05 00:49:32][debug] [sms]ok num:3
[2018-10-05 00:49:32][debug] [sms]no num:0
[2018-10-05 00:49:32][debug] [sms]run time:2
[2018-10-05 00:49:32][debug] [sms]end:1538671772
[2018-10-05 00:49:32][debug] [sms]page:https://bbs.sex002.xyz/plugin.php?id=tom_tchongbao:ajax&act=nitice_sms_hb_run&site=1&tongcheng_id=589&hongbao_id=64&page=101
[2018-10-05 00:49:33][debug] [sms]--------------------- over 101 -------------------------
