[2018-06-02 22:03:14][debug] [sms]--------------------- new -------------------------
[2018-06-02 22:03:14][debug] [sms]hongbao id:40
[2018-06-02 22:03:14][debug] [sms]page:1
[2018-06-02 22:03:14][debug] [sms]client IP:118.89.52.235
[2018-06-02 22:03:14][debug] [sms]start:1527948194
[2018-06-02 22:03:17][debug] [sms]all num:10
[2018-06-02 22:03:17][debug] [sms]run num:10
[2018-06-02 22:03:17][debug] [sms]ok num:7
[2018-06-02 22:03:17][debug] [sms]no num:0
[2018-06-02 22:03:17][debug] [sms]run time:3
[2018-06-02 22:03:17][debug] [sms]end:1527948197
[2018-06-02 22:03:17][debug] [sms]page:https://bbs.bivfw.top/plugin.php?id=tom_tchongbao:ajax&act=nitice_sms_hb_run&site=1&tongcheng_id=66&hongbao_id=40&page=2
[2018-06-02 22:03:17][debug] [sms]hongbao id:40
[2018-06-02 22:03:17][debug] [sms]page:2
[2018-06-02 22:03:17][debug] [sms]client IP:118.89.52.235
[2018-06-02 22:03:17][debug] [sms]start:1527948197
[2018-06-02 22:03:20][debug] [sms]all num:10
[2018-06-02 22:03:20][debug] [sms]run num:10
[2018-06-02 22:03:20][debug] [sms]ok num:7
[2018-06-02 22:03:20][debug] [sms]no num:0
[2018-06-02 22:03:20][debug] [sms]run time:3
[2018-06-02 22:03:20][debug] [sms]end:1527948200
[2018-06-02 22:03:20][debug] [sms]page:https://bbs.bivfw.top/plugin.php?id=tom_tchongbao:ajax&act=nitice_sms_hb_run&site=1&tongcheng_id=66&hongbao_id=40&page=3
[2018-06-02 22:03:20][debug] [sms]hongbao id:40
[2018-06-02 22:03:20][debug] [sms]page:3
[2018-06-02 22:03:20][debug] [sms]client IP:118.89.52.235
[2018-06-02 22:03:20][debug] [sms]start:1527948200
[2018-06-02 22:03:24][debug] [sms]all num:10
[2018-06-02 22:03:24][debug] [sms]run num:10
[2018-06-02 22:03:24][debug] [sms]ok num:9
[2018-06-02 22:03:24][debug] [sms]no num:0
[2018-06-02 22:03:24][debug] [sms]run time:4
[2018-06-02 22:03:24][debug] [sms]end:1527948204
[2018-06-02 22:03:24][debug] [sms]page:https://bbs.bivfw.top/plugin.php?id=tom_tchongbao:ajax&act=nitice_sms_hb_run&site=1&tongcheng_id=66&hongbao_id=40&page=4
[2018-06-02 22:03:24][debug] [sms]hongbao id:40
[2018-06-02 22:03:24][debug] [sms]page:4
[2018-06-02 22:03:24][debug] [sms]client IP:118.89.52.235
[2018-06-02 22:03:24][debug] [sms]start:1527948204
[2018-06-02 22:03:27][debug] [sms]all num:10
[2018-06-02 22:03:27][debug] [sms]run num:10
[2018-06-02 22:03:27][debug] [sms]ok num:10
[2018-06-02 22:03:27][debug] [sms]no num:0
[2018-06-02 22:03:27][debug] [sms]run time:3
[2018-06-02 22:03:27][debug] [sms]end:1527948207
[2018-06-02 22:03:27][debug] [sms]page:https://bbs.bivfw.top/plugin.php?id=tom_tchongbao:ajax&act=nitice_sms_hb_run&site=1&tongcheng_id=66&hongbao_id=40&page=5
[2018-06-02 22:03:27][debug] [sms]hongbao id:40
[2018-06-02 22:03:27][debug] [sms]page:5
[2018-06-02 22:03:27][debug] [sms]client IP:118.89.52.235
[2018-06-02 22:03:27][debug] [sms]start:1527948207
[2018-06-02 22:03:30][debug] [sms]all num:10
[2018-06-02 22:03:30][debug] [sms]run num:10
[2018-06-02 22:03:30][debug] [sms]ok num:3
[2018-06-02 22:03:30][debug] [sms]no num:0
[2018-06-02 22:03:30][debug] [sms]run time:3
[2018-06-02 22:03:30][debug] [sms]end:1527948210
[2018-06-02 22:03:30][debug] [sms]page:https://bbs.bivfw.top/plugin.php?id=tom_tchongbao:ajax&act=nitice_sms_hb_run&site=1&tongcheng_id=66&hongbao_id=40&page=6
[2018-06-02 22:03:30][debug] [sms]hongbao id:40
[2018-06-02 22:03:30][debug] [sms]page:6
[2018-06-02 22:03:30][debug] [sms]client IP:118.89.52.235
[2018-06-02 22:03:30][debug] [sms]start:1527948210
[2018-06-02 22:03:33][debug] [sms]all num:10
[2018-06-02 22:03:33][debug] [sms]run num:9
[2018-06-02 22:03:33][debug] [sms]ok num:6
[2018-06-02 22:03:33][debug] [sms]no num:0
[2018-06-02 22:03:33][debug] [sms]run time:3
[2018-06-02 22:03:33][debug] [sms]end:1527948213
[2018-06-02 22:03:33][debug] [sms]page:https://bbs.bivfw.top/plugin.php?id=tom_tchongbao:ajax&act=nitice_sms_hb_run&site=1&tongcheng_id=66&hongbao_id=40&page=7
[2018-06-02 22:03:33][debug] [sms]hongbao id:40
[2018-06-02 22:03:33][debug] [sms]page:7
[2018-06-02 22:03:33][debug] [sms]client IP:118.89.52.235
[2018-06-02 22:03:33][debug] [sms]start:1527948213
[2018-06-02 22:03:36][debug] [sms]all num:10
[2018-06-02 22:03:36][debug] [sms]run num:10
[2018-06-02 22:03:36][debug] [sms]ok num:7
[2018-06-02 22:03:36][debug] [sms]no num:0
[2018-06-02 22:03:36][debug] [sms]run time:3
[2018-06-02 22:03:36][debug] [sms]end:1527948216
[2018-06-02 22:03:36][debug] [sms]page:https://bbs.bivfw.top/plugin.php?id=tom_tchongbao:ajax&act=nitice_sms_hb_run&site=1&tongcheng_id=66&hongbao_id=40&page=8
[2018-06-02 22:03:36][debug] [sms]hongbao id:40
[2018-06-02 22:03:36][debug] [sms]page:8
[2018-06-02 22:03:36][debug] [sms]client IP:118.89.52.235
[2018-06-02 22:03:36][debug] [sms]start:1527948216
[2018-06-02 22:03:39][debug] [sms]all num:10
[2018-06-02 22:03:39][debug] [sms]run num:9
[2018-06-02 22:03:39][debug] [sms]ok num:7
[2018-06-02 22:03:39][debug] [sms]no num:0
[2018-06-02 22:03:39][debug] [sms]run time:3
[2018-06-02 22:03:39][debug] [sms]end:1527948219
[2018-06-02 22:03:39][debug] [sms]page:https://bbs.bivfw.top/plugin.php?id=tom_tchongbao:ajax&act=nitice_sms_hb_run&site=1&tongcheng_id=66&hongbao_id=40&page=9
[2018-06-02 22:03:39][debug] [sms]hongbao id:40
[2018-06-02 22:03:39][debug] [sms]page:9
[2018-06-02 22:03:39][debug] [sms]client IP:118.89.52.235
[2018-06-02 22:03:39][debug] [sms]start:1527948219
[2018-06-02 22:03:42][debug] [sms]all num:10
[2018-06-02 22:03:42][debug] [sms]run num:10
[2018-06-02 22:03:42][debug] [sms]ok num:4
[2018-06-02 22:03:42][debug] [sms]no num:0
[2018-06-02 22:03:42][debug] [sms]run time:3
[2018-06-02 22:03:42][debug] [sms]end:1527948222
[2018-06-02 22:03:42][debug] [sms]page:https://bbs.bivfw.top/plugin.php?id=tom_tchongbao:ajax&act=nitice_sms_hb_run&site=1&tongcheng_id=66&hongbao_id=40&page=10
[2018-06-02 22:03:42][debug] [sms]hongbao id:40
[2018-06-02 22:03:42][debug] [sms]page:10
[2018-06-02 22:03:42][debug] [sms]client IP:118.89.52.235
[2018-06-02 22:03:42][debug] [sms]start:1527948222
[2018-06-02 22:03:45][debug] [sms]all num:10
[2018-06-02 22:03:45][debug] [sms]run num:10
[2018-06-02 22:03:45][debug] [sms]ok num:4
[2018-06-02 22:03:45][debug] [sms]no num:0
[2018-06-02 22:03:45][debug] [sms]run time:3
[2018-06-02 22:03:45][debug] [sms]end:1527948225
[2018-06-02 22:03:45][debug] [sms]page:https://bbs.bivfw.top/plugin.php?id=tom_tchongbao:ajax&act=nitice_sms_hb_run&site=1&tongcheng_id=66&hongbao_id=40&page=11
[2018-06-02 22:03:45][debug] [sms]hongbao id:40
[2018-06-02 22:03:45][debug] [sms]page:11
[2018-06-02 22:03:45][debug] [sms]client IP:118.89.52.235
[2018-06-02 22:03:45][debug] [sms]start:1527948225
[2018-06-02 22:03:48][debug] [sms]all num:10
[2018-06-02 22:03:48][debug] [sms]run num:10
[2018-06-02 22:03:48][debug] [sms]ok num:9
[2018-06-02 22:03:48][debug] [sms]no num:0
[2018-06-02 22:03:48][debug] [sms]run time:3
[2018-06-02 22:03:48][debug] [sms]end:1527948228
[2018-06-02 22:03:48][debug] [sms]page:https://bbs.bivfw.top/plugin.php?id=tom_tchongbao:ajax&act=nitice_sms_hb_run&site=1&tongcheng_id=66&hongbao_id=40&page=12
[2018-06-02 22:03:48][debug] [sms]hongbao id:40
[2018-06-02 22:03:48][debug] [sms]page:12
[2018-06-02 22:03:48][debug] [sms]client IP:118.89.52.235
[2018-06-02 22:03:48][debug] [sms]start:1527948228
[2018-06-02 22:03:51][debug] [sms]all num:10
[2018-06-02 22:03:51][debug] [sms]run num:10
[2018-06-02 22:03:51][debug] [sms]ok num:8
[2018-06-02 22:03:51][debug] [sms]no num:0
[2018-06-02 22:03:51][debug] [sms]run time:3
[2018-06-02 22:03:51][debug] [sms]end:1527948231
[2018-06-02 22:03:51][debug] [sms]page:https://bbs.bivfw.top/plugin.php?id=tom_tchongbao:ajax&act=nitice_sms_hb_run&site=1&tongcheng_id=66&hongbao_id=40&page=13
[2018-06-02 22:03:52][debug] [sms]hongbao id:40
[2018-06-02 22:03:52][debug] [sms]page:13
[2018-06-02 22:03:52][debug] [sms]client IP:118.89.52.235
[2018-06-02 22:03:52][debug] [sms]start:1527948232
[2018-06-02 22:03:55][debug] [sms]all num:10
[2018-06-02 22:03:55][debug] [sms]run num:10
[2018-06-02 22:03:55][debug] [sms]ok num:5
[2018-06-02 22:03:55][debug] [sms]no num:0
[2018-06-02 22:03:55][debug] [sms]run time:3
[2018-06-02 22:03:55][debug] [sms]end:1527948235
[2018-06-02 22:03:55][debug] [sms]page:https://bbs.bivfw.top/plugin.php?id=tom_tchongbao:ajax&act=nitice_sms_hb_run&site=1&tongcheng_id=66&hongbao_id=40&page=14
[2018-06-02 22:03:55][debug] [sms]hongbao id:40
[2018-06-02 22:03:55][debug] [sms]page:14
[2018-06-02 22:03:55][debug] [sms]client IP:118.89.52.235
[2018-06-02 22:03:55][debug] [sms]start:1527948235
[2018-06-02 22:03:58][debug] [sms]all num:10
[2018-06-02 22:03:58][debug] [sms]run num:10
[2018-06-02 22:03:58][debug] [sms]ok num:8
[2018-06-02 22:03:58][debug] [sms]no num:0
[2018-06-02 22:03:58][debug] [sms]run time:3
[2018-06-02 22:03:58][debug] [sms]end:1527948238
[2018-06-02 22:03:58][debug] [sms]page:https://bbs.bivfw.top/plugin.php?id=tom_tchongbao:ajax&act=nitice_sms_hb_run&site=1&tongcheng_id=66&hongbao_id=40&page=15
[2018-06-02 22:03:58][debug] [sms]hongbao id:40
[2018-06-02 22:03:58][debug] [sms]page:15
[2018-06-02 22:03:58][debug] [sms]client IP:118.89.52.235
[2018-06-02 22:03:58][debug] [sms]start:1527948238
[2018-06-02 22:04:01][debug] [sms]all num:10
[2018-06-02 22:04:01][debug] [sms]run num:10
[2018-06-02 22:04:01][debug] [sms]ok num:9
[2018-06-02 22:04:01][debug] [sms]no num:0
[2018-06-02 22:04:01][debug] [sms]run time:3
[2018-06-02 22:04:01][debug] [sms]end:1527948241
[2018-06-02 22:04:01][debug] [sms]page:https://bbs.bivfw.top/plugin.php?id=tom_tchongbao:ajax&act=nitice_sms_hb_run&site=1&tongcheng_id=66&hongbao_id=40&page=16
[2018-06-02 22:04:02][debug] [sms]hongbao id:40
[2018-06-02 22:04:02][debug] [sms]page:16
[2018-06-02 22:04:02][debug] [sms]client IP:118.89.52.235
[2018-06-02 22:04:02][debug] [sms]start:1527948242
[2018-06-02 22:04:05][debug] [sms]all num:10
[2018-06-02 22:04:05][debug] [sms]run num:10
[2018-06-02 22:04:05][debug] [sms]ok num:9
[2018-06-02 22:04:05][debug] [sms]no num:0
[2018-06-02 22:04:05][debug] [sms]run time:3
[2018-06-02 22:04:05][debug] [sms]end:1527948245
[2018-06-02 22:04:05][debug] [sms]page:https://bbs.bivfw.top/plugin.php?id=tom_tchongbao:ajax&act=nitice_sms_hb_run&site=1&tongcheng_id=66&hongbao_id=40&page=17
[2018-06-02 22:04:05][debug] [sms]hongbao id:40
[2018-06-02 22:04:05][debug] [sms]page:17
[2018-06-02 22:04:05][debug] [sms]client IP:118.89.52.235
[2018-06-02 22:04:05][debug] [sms]start:1527948245
[2018-06-02 22:04:08][debug] [sms]all num:10
[2018-06-02 22:04:08][debug] [sms]run num:10
[2018-06-02 22:04:08][debug] [sms]ok num:9
[2018-06-02 22:04:08][debug] [sms]no num:0
[2018-06-02 22:04:08][debug] [sms]run time:3
[2018-06-02 22:04:08][debug] [sms]end:1527948248
[2018-06-02 22:04:08][debug] [sms]page:https://bbs.bivfw.top/plugin.php?id=tom_tchongbao:ajax&act=nitice_sms_hb_run&site=1&tongcheng_id=66&hongbao_id=40&page=18
[2018-06-02 22:04:08][debug] [sms]hongbao id:40
[2018-06-02 22:04:08][debug] [sms]page:18
[2018-06-02 22:04:08][debug] [sms]client IP:118.89.52.235
[2018-06-02 22:04:08][debug] [sms]start:1527948248
[2018-06-02 22:04:11][debug] [sms]all num:10
[2018-06-02 22:04:11][debug] [sms]run num:10
[2018-06-02 22:04:11][debug] [sms]ok num:10
[2018-06-02 22:04:11][debug] [sms]no num:0
[2018-06-02 22:04:11][debug] [sms]run time:3
[2018-06-02 22:04:11][debug] [sms]end:1527948251
[2018-06-02 22:04:11][debug] [sms]page:https://bbs.bivfw.top/plugin.php?id=tom_tchongbao:ajax&act=nitice_sms_hb_run&site=1&tongcheng_id=66&hongbao_id=40&page=19
[2018-06-02 22:04:11][debug] [sms]hongbao id:40
[2018-06-02 22:04:11][debug] [sms]page:19
[2018-06-02 22:04:11][debug] [sms]client IP:118.89.52.235
[2018-06-02 22:04:11][debug] [sms]start:1527948251
[2018-06-02 22:04:14][debug] [sms]all num:10
[2018-06-02 22:04:14][debug] [sms]run num:9
[2018-06-02 22:04:14][debug] [sms]ok num:9
[2018-06-02 22:04:14][debug] [sms]no num:0
[2018-06-02 22:04:14][debug] [sms]run time:3
[2018-06-02 22:04:14][debug] [sms]end:1527948254
[2018-06-02 22:04:14][debug] [sms]page:https://bbs.bivfw.top/plugin.php?id=tom_tchongbao:ajax&act=nitice_sms_hb_run&site=1&tongcheng_id=66&hongbao_id=40&page=20
[2018-06-02 22:04:14][debug] [sms]hongbao id:40
[2018-06-02 22:04:14][debug] [sms]page:20
[2018-06-02 22:04:14][debug] [sms]client IP:118.89.52.235
[2018-06-02 22:04:14][debug] [sms]start:1527948254
[2018-06-02 22:04:18][debug] [sms]all num:10
[2018-06-02 22:04:18][debug] [sms]run num:10
[2018-06-02 22:04:18][debug] [sms]ok num:9
[2018-06-02 22:04:18][debug] [sms]no num:0
[2018-06-02 22:04:18][debug] [sms]run time:4
[2018-06-02 22:04:18][debug] [sms]end:1527948258
[2018-06-02 22:04:18][debug] [sms]page:https://bbs.bivfw.top/plugin.php?id=tom_tchongbao:ajax&act=nitice_sms_hb_run&site=1&tongcheng_id=66&hongbao_id=40&page=21
[2018-06-02 22:04:18][debug] [sms]hongbao id:40
[2018-06-02 22:04:18][debug] [sms]page:21
[2018-06-02 22:04:18][debug] [sms]client IP:118.89.52.235
[2018-06-02 22:04:18][debug] [sms]start:1527948258
[2018-06-02 22:04:21][debug] [sms]all num:10
[2018-06-02 22:04:21][debug] [sms]run num:10
[2018-06-02 22:04:21][debug] [sms]ok num:10
[2018-06-02 22:04:21][debug] [sms]no num:0
[2018-06-02 22:04:21][debug] [sms]run time:3
[2018-06-02 22:04:21][debug] [sms]end:1527948261
[2018-06-02 22:04:21][debug] [sms]page:https://bbs.bivfw.top/plugin.php?id=tom_tchongbao:ajax&act=nitice_sms_hb_run&site=1&tongcheng_id=66&hongbao_id=40&page=22
[2018-06-02 22:04:22][debug] [sms]hongbao id:40
[2018-06-02 22:04:22][debug] [sms]page:22
[2018-06-02 22:04:22][debug] [sms]client IP:118.89.52.235
[2018-06-02 22:04:22][debug] [sms]start:1527948262
[2018-06-02 22:04:25][debug] [sms]all num:10
[2018-06-02 22:04:25][debug] [sms]run num:10
[2018-06-02 22:04:25][debug] [sms]ok num:3
[2018-06-02 22:04:25][debug] [sms]no num:0
[2018-06-02 22:04:25][debug] [sms]run time:3
[2018-06-02 22:04:25][debug] [sms]end:1527948265
[2018-06-02 22:04:25][debug] [sms]page:https://bbs.bivfw.top/plugin.php?id=tom_tchongbao:ajax&act=nitice_sms_hb_run&site=1&tongcheng_id=66&hongbao_id=40&page=23
[2018-06-02 22:04:25][debug] [sms]hongbao id:40
[2018-06-02 22:04:25][debug] [sms]page:23
[2018-06-02 22:04:25][debug] [sms]client IP:118.89.52.235
[2018-06-02 22:04:25][debug] [sms]start:1527948265
[2018-06-02 22:04:29][debug] [sms]all num:10
[2018-06-02 22:04:29][debug] [sms]run num:10
[2018-06-02 22:04:29][debug] [sms]ok num:7
[2018-06-02 22:04:29][debug] [sms]no num:0
[2018-06-02 22:04:29][debug] [sms]run time:4
[2018-06-02 22:04:29][debug] [sms]end:1527948269
[2018-06-02 22:04:29][debug] [sms]page:https://bbs.bivfw.top/plugin.php?id=tom_tchongbao:ajax&act=nitice_sms_hb_run&site=1&tongcheng_id=66&hongbao_id=40&page=24
[2018-06-02 22:04:29][debug] [sms]hongbao id:40
[2018-06-02 22:04:29][debug] [sms]page:24
[2018-06-02 22:04:29][debug] [sms]client IP:118.89.52.235
[2018-06-02 22:04:29][debug] [sms]start:1527948269
[2018-06-02 22:04:32][debug] [sms]all num:10
[2018-06-02 22:04:32][debug] [sms]run num:10
[2018-06-02 22:04:32][debug] [sms]ok num:6
[2018-06-02 22:04:32][debug] [sms]no num:0
[2018-06-02 22:04:32][debug] [sms]run time:3
[2018-06-02 22:04:32][debug] [sms]end:1527948272
[2018-06-02 22:04:32][debug] [sms]page:https://bbs.bivfw.top/plugin.php?id=tom_tchongbao:ajax&act=nitice_sms_hb_run&site=1&tongcheng_id=66&hongbao_id=40&page=25
[2018-06-02 22:04:33][debug] [sms]hongbao id:40
[2018-06-02 22:04:33][debug] [sms]page:25
[2018-06-02 22:04:33][debug] [sms]client IP:118.89.52.235
[2018-06-02 22:04:33][debug] [sms]start:1527948273
[2018-06-02 22:04:36][debug] [sms]all num:10
[2018-06-02 22:04:36][debug] [sms]run num:10
[2018-06-02 22:04:36][debug] [sms]ok num:6
[2018-06-02 22:04:36][debug] [sms]no num:0
[2018-06-02 22:04:36][debug] [sms]run time:3
[2018-06-02 22:04:36][debug] [sms]end:1527948276
[2018-06-02 22:04:36][debug] [sms]page:https://bbs.bivfw.top/plugin.php?id=tom_tchongbao:ajax&act=nitice_sms_hb_run&site=1&tongcheng_id=66&hongbao_id=40&page=26
[2018-06-02 22:04:36][debug] [sms]hongbao id:40
[2018-06-02 22:04:36][debug] [sms]page:26
[2018-06-02 22:04:36][debug] [sms]client IP:118.89.52.235
[2018-06-02 22:04:36][debug] [sms]start:1527948276
[2018-06-02 22:04:39][debug] [sms]all num:10
[2018-06-02 22:04:39][debug] [sms]run num:10
[2018-06-02 22:04:39][debug] [sms]ok num:8
[2018-06-02 22:04:39][debug] [sms]no num:0
[2018-06-02 22:04:39][debug] [sms]run time:3
[2018-06-02 22:04:39][debug] [sms]end:1527948279
[2018-06-02 22:04:39][debug] [sms]page:https://bbs.bivfw.top/plugin.php?id=tom_tchongbao:ajax&act=nitice_sms_hb_run&site=1&tongcheng_id=66&hongbao_id=40&page=27
[2018-06-02 22:04:39][debug] [sms]hongbao id:40
[2018-06-02 22:04:39][debug] [sms]page:27
[2018-06-02 22:04:39][debug] [sms]client IP:118.89.52.235
[2018-06-02 22:04:39][debug] [sms]start:1527948279
[2018-06-02 22:04:43][debug] [sms]all num:10
[2018-06-02 22:04:43][debug] [sms]run num:10
[2018-06-02 22:04:43][debug] [sms]ok num:7
[2018-06-02 22:04:43][debug] [sms]no num:0
[2018-06-02 22:04:43][debug] [sms]run time:4
[2018-06-02 22:04:43][debug] [sms]end:1527948283
[2018-06-02 22:04:43][debug] [sms]page:https://bbs.bivfw.top/plugin.php?id=tom_tchongbao:ajax&act=nitice_sms_hb_run&site=1&tongcheng_id=66&hongbao_id=40&page=28
[2018-06-02 22:04:44][debug] [sms]hongbao id:40
[2018-06-02 22:04:44][debug] [sms]page:28
[2018-06-02 22:04:44][debug] [sms]client IP:118.89.52.235
[2018-06-02 22:04:44][debug] [sms]start:1527948284
[2018-06-02 22:04:48][debug] [sms]all num:10
[2018-06-02 22:04:48][debug] [sms]run num:10
[2018-06-02 22:04:48][debug] [sms]ok num:5
[2018-06-02 22:04:48][debug] [sms]no num:0
[2018-06-02 22:04:48][debug] [sms]run time:4
[2018-06-02 22:04:48][debug] [sms]end:1527948288
[2018-06-02 22:04:48][debug] [sms]page:https://bbs.bivfw.top/plugin.php?id=tom_tchongbao:ajax&act=nitice_sms_hb_run&site=1&tongcheng_id=66&hongbao_id=40&page=29
[2018-06-02 22:04:49][debug] [sms]hongbao id:40
[2018-06-02 22:04:49][debug] [sms]page:29
[2018-06-02 22:04:49][debug] [sms]client IP:118.89.52.235
[2018-06-02 22:04:49][debug] [sms]start:1527948289
[2018-06-02 22:04:53][debug] [sms]all num:10
[2018-06-02 22:04:53][debug] [sms]run num:10
[2018-06-02 22:04:53][debug] [sms]ok num:4
[2018-06-02 22:04:53][debug] [sms]no num:0
[2018-06-02 22:04:53][debug] [sms]run time:4
[2018-06-02 22:04:53][debug] [sms]end:1527948293
[2018-06-02 22:04:53][debug] [sms]page:https://bbs.bivfw.top/plugin.php?id=tom_tchongbao:ajax&act=nitice_sms_hb_run&site=1&tongcheng_id=66&hongbao_id=40&page=30
[2018-06-02 22:04:54][debug] [sms]hongbao id:40
[2018-06-02 22:04:54][debug] [sms]page:30
[2018-06-02 22:04:54][debug] [sms]client IP:118.89.52.235
[2018-06-02 22:04:54][debug] [sms]start:1527948294
[2018-06-02 22:04:57][debug] [sms]all num:10
[2018-06-02 22:04:57][debug] [sms]run num:10
[2018-06-02 22:04:57][debug] [sms]ok num:6
[2018-06-02 22:04:57][debug] [sms]no num:0
[2018-06-02 22:04:57][debug] [sms]run time:3
[2018-06-02 22:04:57][debug] [sms]end:1527948297
[2018-06-02 22:04:57][debug] [sms]page:https://bbs.bivfw.top/plugin.php?id=tom_tchongbao:ajax&act=nitice_sms_hb_run&site=1&tongcheng_id=66&hongbao_id=40&page=31
[2018-06-02 22:04:58][debug] [sms]hongbao id:40
[2018-06-02 22:04:58][debug] [sms]page:31
[2018-06-02 22:04:58][debug] [sms]client IP:118.89.52.235
[2018-06-02 22:04:58][debug] [sms]start:1527948298
[2018-06-02 22:05:01][debug] [sms]all num:10
[2018-06-02 22:05:01][debug] [sms]run num:10
[2018-06-02 22:05:01][debug] [sms]ok num:5
[2018-06-02 22:05:01][debug] [sms]no num:0
[2018-06-02 22:05:01][debug] [sms]run time:3
[2018-06-02 22:05:01][debug] [sms]end:1527948301
[2018-06-02 22:05:01][debug] [sms]page:https://bbs.bivfw.top/plugin.php?id=tom_tchongbao:ajax&act=nitice_sms_hb_run&site=1&tongcheng_id=66&hongbao_id=40&page=32
[2018-06-02 22:05:02][debug] [sms]hongbao id:40
[2018-06-02 22:05:02][debug] [sms]page:32
[2018-06-02 22:05:02][debug] [sms]client IP:118.89.52.235
[2018-06-02 22:05:02][debug] [sms]start:1527948302
[2018-06-02 22:05:04][debug] [sms]all num:10
[2018-06-02 22:05:04][debug] [sms]run num:10
[2018-06-02 22:05:04][debug] [sms]ok num:3
[2018-06-02 22:05:04][debug] [sms]no num:0
[2018-06-02 22:05:04][debug] [sms]run time:2
[2018-06-02 22:05:04][debug] [sms]end:1527948304
[2018-06-02 22:05:04][debug] [sms]page:https://bbs.bivfw.top/plugin.php?id=tom_tchongbao:ajax&act=nitice_sms_hb_run&site=1&tongcheng_id=66&hongbao_id=40&page=33
[2018-06-02 22:05:05][debug] [sms]hongbao id:40
[2018-06-02 22:05:05][debug] [sms]page:33
[2018-06-02 22:05:05][debug] [sms]client IP:118.89.52.235
[2018-06-02 22:05:05][debug] [sms]start:1527948305
[2018-06-02 22:05:08][debug] [sms]all num:10
[2018-06-02 22:05:08][debug] [sms]run num:9
[2018-06-02 22:05:08][debug] [sms]ok num:2
[2018-06-02 22:05:08][debug] [sms]no num:0
[2018-06-02 22:05:08][debug] [sms]run time:3
[2018-06-02 22:05:08][debug] [sms]end:1527948308
[2018-06-02 22:05:08][debug] [sms]page:https://bbs.bivfw.top/plugin.php?id=tom_tchongbao:ajax&act=nitice_sms_hb_run&site=1&tongcheng_id=66&hongbao_id=40&page=34
[2018-06-02 22:05:08][debug] [sms]hongbao id:40
[2018-06-02 22:05:08][debug] [sms]page:34
[2018-06-02 22:05:08][debug] [sms]client IP:118.89.52.235
[2018-06-02 22:05:08][debug] [sms]start:1527948308
[2018-06-02 22:05:11][debug] [sms]all num:10
[2018-06-02 22:05:11][debug] [sms]run num:10
[2018-06-02 22:05:11][debug] [sms]ok num:8
[2018-06-02 22:05:11][debug] [sms]no num:0
[2018-06-02 22:05:11][debug] [sms]run time:3
[2018-06-02 22:05:11][debug] [sms]end:1527948311
[2018-06-02 22:05:11][debug] [sms]page:https://bbs.bivfw.top/plugin.php?id=tom_tchongbao:ajax&act=nitice_sms_hb_run&site=1&tongcheng_id=66&hongbao_id=40&page=35
[2018-06-02 22:05:11][debug] [sms]hongbao id:40
[2018-06-02 22:05:11][debug] [sms]page:35
[2018-06-02 22:05:11][debug] [sms]client IP:118.89.52.235
[2018-06-02 22:05:11][debug] [sms]start:1527948311
[2018-06-02 22:05:14][debug] [sms]all num:10
[2018-06-02 22:05:14][debug] [sms]run num:10
[2018-06-02 22:05:14][debug] [sms]ok num:5
[2018-06-02 22:05:14][debug] [sms]no num:0
[2018-06-02 22:05:14][debug] [sms]run time:3
[2018-06-02 22:05:14][debug] [sms]end:1527948314
[2018-06-02 22:05:14][debug] [sms]page:https://bbs.bivfw.top/plugin.php?id=tom_tchongbao:ajax&act=nitice_sms_hb_run&site=1&tongcheng_id=66&hongbao_id=40&page=36
[2018-06-02 22:05:14][debug] [sms]hongbao id:40
[2018-06-02 22:05:14][debug] [sms]page:36
[2018-06-02 22:05:14][debug] [sms]client IP:118.89.52.235
[2018-06-02 22:05:14][debug] [sms]start:1527948314
[2018-06-02 22:05:17][debug] [sms]all num:10
[2018-06-02 22:05:17][debug] [sms]run num:10
[2018-06-02 22:05:17][debug] [sms]ok num:4
[2018-06-02 22:05:17][debug] [sms]no num:0
[2018-06-02 22:05:17][debug] [sms]run time:3
[2018-06-02 22:05:17][debug] [sms]end:1527948317
[2018-06-02 22:05:17][debug] [sms]page:https://bbs.bivfw.top/plugin.php?id=tom_tchongbao:ajax&act=nitice_sms_hb_run&site=1&tongcheng_id=66&hongbao_id=40&page=37
[2018-06-02 22:05:17][debug] [sms]hongbao id:40
[2018-06-02 22:05:17][debug] [sms]page:37
[2018-06-02 22:05:17][debug] [sms]client IP:118.89.52.235
[2018-06-02 22:05:17][debug] [sms]start:1527948317
[2018-06-02 22:05:21][debug] [sms]all num:10
[2018-06-02 22:05:21][debug] [sms]run num:10
[2018-06-02 22:05:21][debug] [sms]ok num:4
[2018-06-02 22:05:21][debug] [sms]no num:0
[2018-06-02 22:05:21][debug] [sms]run time:4
[2018-06-02 22:05:21][debug] [sms]end:1527948321
[2018-06-02 22:05:21][debug] [sms]page:https://bbs.bivfw.top/plugin.php?id=tom_tchongbao:ajax&act=nitice_sms_hb_run&site=1&tongcheng_id=66&hongbao_id=40&page=38
[2018-06-02 22:05:21][debug] [sms]hongbao id:40
[2018-06-02 22:05:21][debug] [sms]page:38
[2018-06-02 22:05:21][debug] [sms]client IP:118.89.52.235
[2018-06-02 22:05:21][debug] [sms]start:1527948321
[2018-06-02 22:05:24][debug] [sms]all num:10
[2018-06-02 22:05:24][debug] [sms]run num:9
[2018-06-02 22:05:24][debug] [sms]ok num:5
[2018-06-02 22:05:24][debug] [sms]no num:0
[2018-06-02 22:05:24][debug] [sms]run time:3
[2018-06-02 22:05:24][debug] [sms]end:1527948324
[2018-06-02 22:05:24][debug] [sms]page:https://bbs.bivfw.top/plugin.php?id=tom_tchongbao:ajax&act=nitice_sms_hb_run&site=1&tongcheng_id=66&hongbao_id=40&page=39
[2018-06-02 22:05:24][debug] [sms]hongbao id:40
[2018-06-02 22:05:24][debug] [sms]page:39
[2018-06-02 22:05:24][debug] [sms]client IP:118.89.52.235
[2018-06-02 22:05:24][debug] [sms]start:1527948324
[2018-06-02 22:05:27][debug] [sms]all num:10
[2018-06-02 22:05:27][debug] [sms]run num:10
[2018-06-02 22:05:27][debug] [sms]ok num:6
[2018-06-02 22:05:27][debug] [sms]no num:0
[2018-06-02 22:05:27][debug] [sms]run time:3
[2018-06-02 22:05:27][debug] [sms]end:1527948327
[2018-06-02 22:05:27][debug] [sms]page:https://bbs.bivfw.top/plugin.php?id=tom_tchongbao:ajax&act=nitice_sms_hb_run&site=1&tongcheng_id=66&hongbao_id=40&page=40
[2018-06-02 22:05:27][debug] [sms]hongbao id:40
[2018-06-02 22:05:27][debug] [sms]page:40
[2018-06-02 22:05:27][debug] [sms]client IP:118.89.52.235
[2018-06-02 22:05:27][debug] [sms]start:1527948327
[2018-06-02 22:05:30][debug] [sms]all num:10
[2018-06-02 22:05:30][debug] [sms]run num:9
[2018-06-02 22:05:30][debug] [sms]ok num:8
[2018-06-02 22:05:30][debug] [sms]no num:0
[2018-06-02 22:05:30][debug] [sms]run time:3
[2018-06-02 22:05:30][debug] [sms]end:1527948330
[2018-06-02 22:05:30][debug] [sms]page:https://bbs.bivfw.top/plugin.php?id=tom_tchongbao:ajax&act=nitice_sms_hb_run&site=1&tongcheng_id=66&hongbao_id=40&page=41
[2018-06-02 22:05:30][debug] [sms]hongbao id:40
[2018-06-02 22:05:30][debug] [sms]page:41
[2018-06-02 22:05:30][debug] [sms]client IP:118.89.52.235
[2018-06-02 22:05:30][debug] [sms]start:1527948330
[2018-06-02 22:05:33][debug] [sms]all num:10
[2018-06-02 22:05:33][debug] [sms]run num:10
[2018-06-02 22:05:33][debug] [sms]ok num:4
[2018-06-02 22:05:33][debug] [sms]no num:0
[2018-06-02 22:05:33][debug] [sms]run time:3
[2018-06-02 22:05:33][debug] [sms]end:1527948333
[2018-06-02 22:05:33][debug] [sms]page:https://bbs.bivfw.top/plugin.php?id=tom_tchongbao:ajax&act=nitice_sms_hb_run&site=1&tongcheng_id=66&hongbao_id=40&page=42
[2018-06-02 22:05:34][debug] [sms]hongbao id:40
[2018-06-02 22:05:34][debug] [sms]page:42
[2018-06-02 22:05:34][debug] [sms]client IP:118.89.52.235
[2018-06-02 22:05:34][debug] [sms]start:1527948334
[2018-06-02 22:05:37][debug] [sms]all num:10
[2018-06-02 22:05:37][debug] [sms]run num:10
[2018-06-02 22:05:37][debug] [sms]ok num:2
[2018-06-02 22:05:37][debug] [sms]no num:0
[2018-06-02 22:05:37][debug] [sms]run time:3
[2018-06-02 22:05:37][debug] [sms]end:1527948337
[2018-06-02 22:05:37][debug] [sms]page:https://bbs.bivfw.top/plugin.php?id=tom_tchongbao:ajax&act=nitice_sms_hb_run&site=1&tongcheng_id=66&hongbao_id=40&page=43
[2018-06-02 22:05:37][debug] [sms]hongbao id:40
[2018-06-02 22:05:37][debug] [sms]page:43
[2018-06-02 22:05:37][debug] [sms]client IP:118.89.52.235
[2018-06-02 22:05:37][debug] [sms]start:1527948337
[2018-06-02 22:05:40][debug] [sms]all num:10
[2018-06-02 22:05:40][debug] [sms]run num:10
[2018-06-02 22:05:40][debug] [sms]ok num:4
[2018-06-02 22:05:40][debug] [sms]no num:0
[2018-06-02 22:05:40][debug] [sms]run time:3
[2018-06-02 22:05:40][debug] [sms]end:1527948340
[2018-06-02 22:05:40][debug] [sms]page:https://bbs.bivfw.top/plugin.php?id=tom_tchongbao:ajax&act=nitice_sms_hb_run&site=1&tongcheng_id=66&hongbao_id=40&page=44
[2018-06-02 22:05:40][debug] [sms]hongbao id:40
[2018-06-02 22:05:40][debug] [sms]page:44
[2018-06-02 22:05:40][debug] [sms]client IP:118.89.52.235
[2018-06-02 22:05:40][debug] [sms]start:1527948340
[2018-06-02 22:05:43][debug] [sms]all num:10
[2018-06-02 22:05:43][debug] [sms]run num:10
[2018-06-02 22:05:43][debug] [sms]ok num:6
[2018-06-02 22:05:43][debug] [sms]no num:0
[2018-06-02 22:05:43][debug] [sms]run time:3
[2018-06-02 22:05:43][debug] [sms]end:1527948343
[2018-06-02 22:05:43][debug] [sms]page:https://bbs.bivfw.top/plugin.php?id=tom_tchongbao:ajax&act=nitice_sms_hb_run&site=1&tongcheng_id=66&hongbao_id=40&page=45
[2018-06-02 22:05:43][debug] [sms]hongbao id:40
[2018-06-02 22:05:43][debug] [sms]page:45
[2018-06-02 22:05:43][debug] [sms]client IP:118.89.52.235
[2018-06-02 22:05:43][debug] [sms]start:1527948343
[2018-06-02 22:05:46][debug] [sms]all num:10
[2018-06-02 22:05:46][debug] [sms]run num:10
[2018-06-02 22:05:46][debug] [sms]ok num:5
[2018-06-02 22:05:46][debug] [sms]no num:0
[2018-06-02 22:05:46][debug] [sms]run time:3
[2018-06-02 22:05:46][debug] [sms]end:1527948346
[2018-06-02 22:05:46][debug] [sms]page:https://bbs.bivfw.top/plugin.php?id=tom_tchongbao:ajax&act=nitice_sms_hb_run&site=1&tongcheng_id=66&hongbao_id=40&page=46
[2018-06-02 22:05:46][debug] [sms]hongbao id:40
[2018-06-02 22:05:46][debug] [sms]page:46
[2018-06-02 22:05:46][debug] [sms]client IP:118.89.52.235
[2018-06-02 22:05:46][debug] [sms]start:1527948346
[2018-06-02 22:05:49][debug] [sms]all num:10
[2018-06-02 22:05:49][debug] [sms]run num:10
[2018-06-02 22:05:49][debug] [sms]ok num:3
[2018-06-02 22:05:49][debug] [sms]no num:0
[2018-06-02 22:05:49][debug] [sms]run time:3
[2018-06-02 22:05:49][debug] [sms]end:1527948349
[2018-06-02 22:05:49][debug] [sms]page:https://bbs.bivfw.top/plugin.php?id=tom_tchongbao:ajax&act=nitice_sms_hb_run&site=1&tongcheng_id=66&hongbao_id=40&page=47
[2018-06-02 22:05:50][debug] [sms]hongbao id:40
[2018-06-02 22:05:50][debug] [sms]page:47
[2018-06-02 22:05:50][debug] [sms]client IP:118.89.52.235
[2018-06-02 22:05:50][debug] [sms]start:1527948350
[2018-06-02 22:05:52][debug] [sms]all num:10
[2018-06-02 22:05:52][debug] [sms]run num:10
[2018-06-02 22:05:52][debug] [sms]ok num:1
[2018-06-02 22:05:52][debug] [sms]no num:0
[2018-06-02 22:05:52][debug] [sms]run time:2
[2018-06-02 22:05:52][debug] [sms]end:1527948352
[2018-06-02 22:05:52][debug] [sms]page:https://bbs.bivfw.top/plugin.php?id=tom_tchongbao:ajax&act=nitice_sms_hb_run&site=1&tongcheng_id=66&hongbao_id=40&page=48
[2018-06-02 22:05:53][debug] [sms]hongbao id:40
[2018-06-02 22:05:53][debug] [sms]page:48
[2018-06-02 22:05:53][debug] [sms]client IP:118.89.52.235
[2018-06-02 22:05:53][debug] [sms]start:1527948353
[2018-06-02 22:05:55][debug] [sms]all num:10
[2018-06-02 22:05:55][debug] [sms]run num:10
[2018-06-02 22:05:55][debug] [sms]ok num:4
[2018-06-02 22:05:55][debug] [sms]no num:0
[2018-06-02 22:05:55][debug] [sms]run time:2
[2018-06-02 22:05:55][debug] [sms]end:1527948355
[2018-06-02 22:05:55][debug] [sms]page:https://bbs.bivfw.top/plugin.php?id=tom_tchongbao:ajax&act=nitice_sms_hb_run&site=1&tongcheng_id=66&hongbao_id=40&page=49
[2018-06-02 22:05:56][debug] [sms]hongbao id:40
[2018-06-02 22:05:56][debug] [sms]page:49
[2018-06-02 22:05:56][debug] [sms]client IP:118.89.52.235
[2018-06-02 22:05:56][debug] [sms]start:1527948356
[2018-06-02 22:05:58][debug] [sms]all num:10
[2018-06-02 22:05:58][debug] [sms]run num:10
[2018-06-02 22:05:58][debug] [sms]ok num:6
[2018-06-02 22:05:58][debug] [sms]no num:0
[2018-06-02 22:05:58][debug] [sms]run time:2
[2018-06-02 22:05:58][debug] [sms]end:1527948358
[2018-06-02 22:05:58][debug] [sms]page:https://bbs.bivfw.top/plugin.php?id=tom_tchongbao:ajax&act=nitice_sms_hb_run&site=1&tongcheng_id=66&hongbao_id=40&page=50
[2018-06-02 22:05:59][debug] [sms]hongbao id:40
[2018-06-02 22:05:59][debug] [sms]page:50
[2018-06-02 22:05:59][debug] [sms]client IP:118.89.52.235
[2018-06-02 22:05:59][debug] [sms]start:1527948359
[2018-06-02 22:06:02][debug] [sms]all num:10
[2018-06-02 22:06:02][debug] [sms]run num:10
[2018-06-02 22:06:02][debug] [sms]ok num:1
[2018-06-02 22:06:02][debug] [sms]no num:0
[2018-06-02 22:06:02][debug] [sms]run time:3
[2018-06-02 22:06:02][debug] [sms]end:1527948362
[2018-06-02 22:06:02][debug] [sms]page:https://bbs.bivfw.top/plugin.php?id=tom_tchongbao:ajax&act=nitice_sms_hb_run&site=1&tongcheng_id=66&hongbao_id=40&page=51
[2018-06-02 22:06:02][debug] [sms]hongbao id:40
[2018-06-02 22:06:02][debug] [sms]page:51
[2018-06-02 22:06:02][debug] [sms]client IP:118.89.52.235
[2018-06-02 22:06:02][debug] [sms]start:1527948362
[2018-06-02 22:06:05][debug] [sms]all num:10
[2018-06-02 22:06:05][debug] [sms]run num:10
[2018-06-02 22:06:05][debug] [sms]ok num:4
[2018-06-02 22:06:05][debug] [sms]no num:0
[2018-06-02 22:06:05][debug] [sms]run time:3
[2018-06-02 22:06:05][debug] [sms]end:1527948365
[2018-06-02 22:06:05][debug] [sms]page:https://bbs.bivfw.top/plugin.php?id=tom_tchongbao:ajax&act=nitice_sms_hb_run&site=1&tongcheng_id=66&hongbao_id=40&page=52
[2018-06-02 22:06:05][debug] [sms]hongbao id:40
[2018-06-02 22:06:05][debug] [sms]page:52
[2018-06-02 22:06:05][debug] [sms]client IP:118.89.52.235
[2018-06-02 22:06:05][debug] [sms]start:1527948365
[2018-06-02 22:06:07][debug] [sms]all num:10
[2018-06-02 22:06:07][debug] [sms]run num:9
[2018-06-02 22:06:07][debug] [sms]ok num:3
[2018-06-02 22:06:07][debug] [sms]no num:0
[2018-06-02 22:06:07][debug] [sms]run time:2
[2018-06-02 22:06:07][debug] [sms]end:1527948367
[2018-06-02 22:06:07][debug] [sms]page:https://bbs.bivfw.top/plugin.php?id=tom_tchongbao:ajax&act=nitice_sms_hb_run&site=1&tongcheng_id=66&hongbao_id=40&page=53
[2018-06-02 22:06:08][debug] [sms]hongbao id:40
[2018-06-02 22:06:08][debug] [sms]page:53
[2018-06-02 22:06:08][debug] [sms]client IP:118.89.52.235
[2018-06-02 22:06:08][debug] [sms]start:1527948368
[2018-06-02 22:06:10][debug] [sms]all num:10
[2018-06-02 22:06:10][debug] [sms]run num:10
[2018-06-02 22:06:10][debug] [sms]ok num:4
[2018-06-02 22:06:10][debug] [sms]no num:0
[2018-06-02 22:06:10][debug] [sms]run time:2
[2018-06-02 22:06:10][debug] [sms]end:1527948370
[2018-06-02 22:06:10][debug] [sms]page:https://bbs.bivfw.top/plugin.php?id=tom_tchongbao:ajax&act=nitice_sms_hb_run&site=1&tongcheng_id=66&hongbao_id=40&page=54
[2018-06-02 22:06:11][debug] [sms]hongbao id:40
[2018-06-02 22:06:11][debug] [sms]page:54
[2018-06-02 22:06:11][debug] [sms]client IP:118.89.52.235
[2018-06-02 22:06:11][debug] [sms]start:1527948371
[2018-06-02 22:06:14][debug] [sms]all num:10
[2018-06-02 22:06:14][debug] [sms]run num:10
[2018-06-02 22:06:14][debug] [sms]ok num:2
[2018-06-02 22:06:14][debug] [sms]no num:0
[2018-06-02 22:06:14][debug] [sms]run time:3
[2018-06-02 22:06:14][debug] [sms]end:1527948374
[2018-06-02 22:06:14][debug] [sms]page:https://bbs.bivfw.top/plugin.php?id=tom_tchongbao:ajax&act=nitice_sms_hb_run&site=1&tongcheng_id=66&hongbao_id=40&page=55
[2018-06-02 22:06:14][debug] [sms]hongbao id:40
[2018-06-02 22:06:14][debug] [sms]page:55
[2018-06-02 22:06:14][debug] [sms]client IP:118.89.52.235
[2018-06-02 22:06:14][debug] [sms]start:1527948374
[2018-06-02 22:06:17][debug] [sms]all num:10
[2018-06-02 22:06:17][debug] [sms]run num:9
[2018-06-02 22:06:17][debug] [sms]ok num:5
[2018-06-02 22:06:17][debug] [sms]no num:0
[2018-06-02 22:06:17][debug] [sms]run time:3
[2018-06-02 22:06:17][debug] [sms]end:1527948377
[2018-06-02 22:06:17][debug] [sms]page:https://bbs.bivfw.top/plugin.php?id=tom_tchongbao:ajax&act=nitice_sms_hb_run&site=1&tongcheng_id=66&hongbao_id=40&page=56
[2018-06-02 22:06:18][debug] [sms]hongbao id:40
[2018-06-02 22:06:18][debug] [sms]page:56
[2018-06-02 22:06:18][debug] [sms]client IP:118.89.52.235
[2018-06-02 22:06:18][debug] [sms]start:1527948378
[2018-06-02 22:06:21][debug] [sms]all num:10
[2018-06-02 22:06:21][debug] [sms]run num:10
[2018-06-02 22:06:21][debug] [sms]ok num:3
[2018-06-02 22:06:21][debug] [sms]no num:0
[2018-06-02 22:06:21][debug] [sms]run time:3
[2018-06-02 22:06:21][debug] [sms]end:1527948381
[2018-06-02 22:06:21][debug] [sms]page:https://bbs.bivfw.top/plugin.php?id=tom_tchongbao:ajax&act=nitice_sms_hb_run&site=1&tongcheng_id=66&hongbao_id=40&page=57
[2018-06-02 22:06:22][debug] [sms]hongbao id:40
[2018-06-02 22:06:22][debug] [sms]page:57
[2018-06-02 22:06:22][debug] [sms]client IP:118.89.52.235
[2018-06-02 22:06:22][debug] [sms]start:1527948382
[2018-06-02 22:06:24][debug] [sms]all num:10
[2018-06-02 22:06:24][debug] [sms]run num:9
[2018-06-02 22:06:24][debug] [sms]ok num:1
[2018-06-02 22:06:24][debug] [sms]no num:0
[2018-06-02 22:06:24][debug] [sms]run time:2
[2018-06-02 22:06:24][debug] [sms]end:1527948384
[2018-06-02 22:06:24][debug] [sms]page:https://bbs.bivfw.top/plugin.php?id=tom_tchongbao:ajax&act=nitice_sms_hb_run&site=1&tongcheng_id=66&hongbao_id=40&page=58
[2018-06-02 22:06:25][debug] [sms]hongbao id:40
[2018-06-02 22:06:25][debug] [sms]page:58
[2018-06-02 22:06:25][debug] [sms]client IP:118.89.52.235
[2018-06-02 22:06:25][debug] [sms]start:1527948385
[2018-06-02 22:06:27][debug] [sms]all num:10
[2018-06-02 22:06:27][debug] [sms]run num:10
[2018-06-02 22:06:27][debug] [sms]ok num:7
[2018-06-02 22:06:27][debug] [sms]no num:0
[2018-06-02 22:06:27][debug] [sms]run time:2
[2018-06-02 22:06:27][debug] [sms]end:1527948387
[2018-06-02 22:06:27][debug] [sms]page:https://bbs.bivfw.top/plugin.php?id=tom_tchongbao:ajax&act=nitice_sms_hb_run&site=1&tongcheng_id=66&hongbao_id=40&page=59
[2018-06-02 22:06:28][debug] [sms]hongbao id:40
[2018-06-02 22:06:28][debug] [sms]page:59
[2018-06-02 22:06:28][debug] [sms]client IP:118.89.52.235
[2018-06-02 22:06:28][debug] [sms]start:1527948388
[2018-06-02 22:06:30][debug] [sms]all num:10
[2018-06-02 22:06:30][debug] [sms]run num:10
[2018-06-02 22:06:30][debug] [sms]ok num:2
[2018-06-02 22:06:30][debug] [sms]no num:0
[2018-06-02 22:06:30][debug] [sms]run time:2
[2018-06-02 22:06:30][debug] [sms]end:1527948390
[2018-06-02 22:06:30][debug] [sms]page:https://bbs.bivfw.top/plugin.php?id=tom_tchongbao:ajax&act=nitice_sms_hb_run&site=1&tongcheng_id=66&hongbao_id=40&page=60
[2018-06-02 22:06:31][debug] [sms]hongbao id:40
[2018-06-02 22:06:31][debug] [sms]page:60
[2018-06-02 22:06:31][debug] [sms]client IP:118.89.52.235
[2018-06-02 22:06:31][debug] [sms]start:1527948391
[2018-06-02 22:06:34][debug] [sms]all num:10
[2018-06-02 22:06:34][debug] [sms]run num:10
[2018-06-02 22:06:34][debug] [sms]ok num:6
[2018-06-02 22:06:34][debug] [sms]no num:0
[2018-06-02 22:06:34][debug] [sms]run time:3
[2018-06-02 22:06:34][debug] [sms]end:1527948394
[2018-06-02 22:06:34][debug] [sms]page:https://bbs.bivfw.top/plugin.php?id=tom_tchongbao:ajax&act=nitice_sms_hb_run&site=1&tongcheng_id=66&hongbao_id=40&page=61
[2018-06-02 22:06:34][debug] [sms]hongbao id:40
[2018-06-02 22:06:34][debug] [sms]page:61
[2018-06-02 22:06:34][debug] [sms]client IP:118.89.52.235
[2018-06-02 22:06:34][debug] [sms]start:1527948394
[2018-06-02 22:06:37][debug] [sms]all num:10
[2018-06-02 22:06:37][debug] [sms]run num:10
[2018-06-02 22:06:37][debug] [sms]ok num:2
[2018-06-02 22:06:37][debug] [sms]no num:0
[2018-06-02 22:06:37][debug] [sms]run time:3
[2018-06-02 22:06:37][debug] [sms]end:1527948397
[2018-06-02 22:06:37][debug] [sms]page:https://bbs.bivfw.top/plugin.php?id=tom_tchongbao:ajax&act=nitice_sms_hb_run&site=1&tongcheng_id=66&hongbao_id=40&page=62
[2018-06-02 22:06:37][debug] [sms]hongbao id:40
[2018-06-02 22:06:37][debug] [sms]page:62
[2018-06-02 22:06:37][debug] [sms]client IP:118.89.52.235
[2018-06-02 22:06:37][debug] [sms]start:1527948397
[2018-06-02 22:06:40][debug] [sms]all num:10
[2018-06-02 22:06:40][debug] [sms]run num:10
[2018-06-02 22:06:40][debug] [sms]ok num:0
[2018-06-02 22:06:40][debug] [sms]no num:0
[2018-06-02 22:06:40][debug] [sms]run time:3
[2018-06-02 22:06:40][debug] [sms]end:1527948400
[2018-06-02 22:06:40][debug] [sms]page:https://bbs.bivfw.top/plugin.php?id=tom_tchongbao:ajax&act=nitice_sms_hb_run&site=1&tongcheng_id=66&hongbao_id=40&page=63
[2018-06-02 22:06:40][debug] [sms]hongbao id:40
[2018-06-02 22:06:40][debug] [sms]page:63
[2018-06-02 22:06:40][debug] [sms]client IP:118.89.52.235
[2018-06-02 22:06:40][debug] [sms]start:1527948400
[2018-06-02 22:06:43][debug] [sms]all num:10
[2018-06-02 22:06:43][debug] [sms]run num:10
[2018-06-02 22:06:43][debug] [sms]ok num:3
[2018-06-02 22:06:43][debug] [sms]no num:0
[2018-06-02 22:06:43][debug] [sms]run time:3
[2018-06-02 22:06:43][debug] [sms]end:1527948403
[2018-06-02 22:06:43][debug] [sms]page:https://bbs.bivfw.top/plugin.php?id=tom_tchongbao:ajax&act=nitice_sms_hb_run&site=1&tongcheng_id=66&hongbao_id=40&page=64
[2018-06-02 22:06:43][debug] [sms]hongbao id:40
[2018-06-02 22:06:43][debug] [sms]page:64
[2018-06-02 22:06:43][debug] [sms]client IP:118.89.52.235
[2018-06-02 22:06:43][debug] [sms]start:1527948403
[2018-06-02 22:06:46][debug] [sms]all num:10
[2018-06-02 22:06:46][debug] [sms]run num:9
[2018-06-02 22:06:46][debug] [sms]ok num:3
[2018-06-02 22:06:46][debug] [sms]no num:0
[2018-06-02 22:06:46][debug] [sms]run time:3
[2018-06-02 22:06:46][debug] [sms]end:1527948406
[2018-06-02 22:06:46][debug] [sms]page:https://bbs.bivfw.top/plugin.php?id=tom_tchongbao:ajax&act=nitice_sms_hb_run&site=1&tongcheng_id=66&hongbao_id=40&page=65
[2018-06-02 22:06:46][debug] [sms]hongbao id:40
[2018-06-02 22:06:46][debug] [sms]page:65
[2018-06-02 22:06:46][debug] [sms]client IP:118.89.52.235
[2018-06-02 22:06:46][debug] [sms]start:1527948406
[2018-06-02 22:06:49][debug] [sms]all num:10
[2018-06-02 22:06:49][debug] [sms]run num:10
[2018-06-02 22:06:49][debug] [sms]ok num:5
[2018-06-02 22:06:49][debug] [sms]no num:0
[2018-06-02 22:06:49][debug] [sms]run time:3
[2018-06-02 22:06:49][debug] [sms]end:1527948409
[2018-06-02 22:06:49][debug] [sms]page:https://bbs.bivfw.top/plugin.php?id=tom_tchongbao:ajax&act=nitice_sms_hb_run&site=1&tongcheng_id=66&hongbao_id=40&page=66
[2018-06-02 22:06:49][debug] [sms]hongbao id:40
[2018-06-02 22:06:49][debug] [sms]page:66
[2018-06-02 22:06:49][debug] [sms]client IP:118.89.52.235
[2018-06-02 22:06:49][debug] [sms]start:1527948409
[2018-06-02 22:06:53][debug] [sms]all num:10
[2018-06-02 22:06:53][debug] [sms]run num:10
[2018-06-02 22:06:53][debug] [sms]ok num:7
[2018-06-02 22:06:53][debug] [sms]no num:0
[2018-06-02 22:06:53][debug] [sms]run time:4
[2018-06-02 22:06:53][debug] [sms]end:1527948413
[2018-06-02 22:06:53][debug] [sms]page:https://bbs.bivfw.top/plugin.php?id=tom_tchongbao:ajax&act=nitice_sms_hb_run&site=1&tongcheng_id=66&hongbao_id=40&page=67
[2018-06-02 22:06:53][debug] [sms]hongbao id:40
[2018-06-02 22:06:53][debug] [sms]page:67
[2018-06-02 22:06:53][debug] [sms]client IP:118.89.52.235
[2018-06-02 22:06:53][debug] [sms]start:1527948413
[2018-06-02 22:06:56][debug] [sms]all num:10
[2018-06-02 22:06:56][debug] [sms]run num:10
[2018-06-02 22:06:56][debug] [sms]ok num:6
[2018-06-02 22:06:56][debug] [sms]no num:0
[2018-06-02 22:06:56][debug] [sms]run time:3
[2018-06-02 22:06:56][debug] [sms]end:1527948416
[2018-06-02 22:06:56][debug] [sms]page:https://bbs.bivfw.top/plugin.php?id=tom_tchongbao:ajax&act=nitice_sms_hb_run&site=1&tongcheng_id=66&hongbao_id=40&page=68
[2018-06-02 22:06:56][debug] [sms]hongbao id:40
[2018-06-02 22:06:56][debug] [sms]page:68
[2018-06-02 22:06:56][debug] [sms]client IP:118.89.52.235
[2018-06-02 22:06:56][debug] [sms]start:1527948416
[2018-06-02 22:06:59][debug] [sms]all num:10
[2018-06-02 22:06:59][debug] [sms]run num:10
[2018-06-02 22:06:59][debug] [sms]ok num:4
[2018-06-02 22:06:59][debug] [sms]no num:0
[2018-06-02 22:06:59][debug] [sms]run time:3
[2018-06-02 22:06:59][debug] [sms]end:1527948419
[2018-06-02 22:06:59][debug] [sms]page:https://bbs.bivfw.top/plugin.php?id=tom_tchongbao:ajax&act=nitice_sms_hb_run&site=1&tongcheng_id=66&hongbao_id=40&page=69
[2018-06-02 22:06:59][debug] [sms]hongbao id:40
[2018-06-02 22:06:59][debug] [sms]page:69
[2018-06-02 22:06:59][debug] [sms]client IP:118.89.52.235
[2018-06-02 22:06:59][debug] [sms]start:1527948419
[2018-06-02 22:07:02][debug] [sms]all num:10
[2018-06-02 22:07:02][debug] [sms]run num:10
[2018-06-02 22:07:02][debug] [sms]ok num:4
[2018-06-02 22:07:02][debug] [sms]no num:0
[2018-06-02 22:07:02][debug] [sms]run time:3
[2018-06-02 22:07:02][debug] [sms]end:1527948422
[2018-06-02 22:07:02][debug] [sms]page:https://bbs.bivfw.top/plugin.php?id=tom_tchongbao:ajax&act=nitice_sms_hb_run&site=1&tongcheng_id=66&hongbao_id=40&page=70
[2018-06-02 22:07:02][debug] [sms]hongbao id:40
[2018-06-02 22:07:02][debug] [sms]page:70
[2018-06-02 22:07:02][debug] [sms]client IP:118.89.52.235
[2018-06-02 22:07:02][debug] [sms]start:1527948422
[2018-06-02 22:07:05][debug] [sms]all num:10
[2018-06-02 22:07:05][debug] [sms]run num:10
[2018-06-02 22:07:05][debug] [sms]ok num:6
[2018-06-02 22:07:05][debug] [sms]no num:0
[2018-06-02 22:07:05][debug] [sms]run time:3
[2018-06-02 22:07:05][debug] [sms]end:1527948425
[2018-06-02 22:07:05][debug] [sms]page:https://bbs.bivfw.top/plugin.php?id=tom_tchongbao:ajax&act=nitice_sms_hb_run&site=1&tongcheng_id=66&hongbao_id=40&page=71
[2018-06-02 22:07:06][debug] [sms]hongbao id:40
[2018-06-02 22:07:06][debug] [sms]page:71
[2018-06-02 22:07:06][debug] [sms]client IP:118.89.52.235
[2018-06-02 22:07:06][debug] [sms]start:1527948426
[2018-06-02 22:07:08][debug] [sms]all num:10
[2018-06-02 22:07:08][debug] [sms]run num:10
[2018-06-02 22:07:08][debug] [sms]ok num:4
[2018-06-02 22:07:08][debug] [sms]no num:0
[2018-06-02 22:07:08][debug] [sms]run time:2
[2018-06-02 22:07:08][debug] [sms]end:1527948428
[2018-06-02 22:07:09][debug] [sms]page:https://bbs.bivfw.top/plugin.php?id=tom_tchongbao:ajax&act=nitice_sms_hb_run&site=1&tongcheng_id=66&hongbao_id=40&page=72
[2018-06-02 22:07:09][debug] [sms]hongbao id:40
[2018-06-02 22:07:09][debug] [sms]page:72
[2018-06-02 22:07:09][debug] [sms]client IP:118.89.52.235
[2018-06-02 22:07:09][debug] [sms]start:1527948429
[2018-06-02 22:07:12][debug] [sms]all num:10
[2018-06-02 22:07:12][debug] [sms]run num:10
[2018-06-02 22:07:12][debug] [sms]ok num:3
[2018-06-02 22:07:12][debug] [sms]no num:0
[2018-06-02 22:07:12][debug] [sms]run time:3
[2018-06-02 22:07:12][debug] [sms]end:1527948432
[2018-06-02 22:07:12][debug] [sms]page:https://bbs.bivfw.top/plugin.php?id=tom_tchongbao:ajax&act=nitice_sms_hb_run&site=1&tongcheng_id=66&hongbao_id=40&page=73
[2018-06-02 22:07:12][debug] [sms]hongbao id:40
[2018-06-02 22:07:12][debug] [sms]page:73
[2018-06-02 22:07:12][debug] [sms]client IP:118.89.52.235
[2018-06-02 22:07:12][debug] [sms]start:1527948432
[2018-06-02 22:07:15][debug] [sms]all num:10
[2018-06-02 22:07:15][debug] [sms]run num:10
[2018-06-02 22:07:15][debug] [sms]ok num:2
[2018-06-02 22:07:15][debug] [sms]no num:0
[2018-06-02 22:07:15][debug] [sms]run time:3
[2018-06-02 22:07:15][debug] [sms]end:1527948435
[2018-06-02 22:07:15][debug] [sms]page:https://bbs.bivfw.top/plugin.php?id=tom_tchongbao:ajax&act=nitice_sms_hb_run&site=1&tongcheng_id=66&hongbao_id=40&page=74
[2018-06-02 22:07:15][debug] [sms]hongbao id:40
[2018-06-02 22:07:15][debug] [sms]page:74
[2018-06-02 22:07:15][debug] [sms]client IP:118.89.52.235
[2018-06-02 22:07:15][debug] [sms]start:1527948435
[2018-06-02 22:07:18][debug] [sms]all num:10
[2018-06-02 22:07:18][debug] [sms]run num:10
[2018-06-02 22:07:18][debug] [sms]ok num:1
[2018-06-02 22:07:18][debug] [sms]no num:0
[2018-06-02 22:07:18][debug] [sms]run time:3
[2018-06-02 22:07:18][debug] [sms]end:1527948438
[2018-06-02 22:07:18][debug] [sms]page:https://bbs.bivfw.top/plugin.php?id=tom_tchongbao:ajax&act=nitice_sms_hb_run&site=1&tongcheng_id=66&hongbao_id=40&page=75
[2018-06-02 22:07:18][debug] [sms]hongbao id:40
[2018-06-02 22:07:18][debug] [sms]page:75
[2018-06-02 22:07:18][debug] [sms]client IP:118.89.52.235
[2018-06-02 22:07:18][debug] [sms]start:1527948438
[2018-06-02 22:07:21][debug] [sms]all num:10
[2018-06-02 22:07:21][debug] [sms]run num:10
[2018-06-02 22:07:21][debug] [sms]ok num:5
[2018-06-02 22:07:21][debug] [sms]no num:0
[2018-06-02 22:07:21][debug] [sms]run time:3
[2018-06-02 22:07:21][debug] [sms]end:1527948441
[2018-06-02 22:07:21][debug] [sms]page:https://bbs.bivfw.top/plugin.php?id=tom_tchongbao:ajax&act=nitice_sms_hb_run&site=1&tongcheng_id=66&hongbao_id=40&page=76
[2018-06-02 22:07:21][debug] [sms]hongbao id:40
[2018-06-02 22:07:21][debug] [sms]page:76
[2018-06-02 22:07:21][debug] [sms]client IP:118.89.52.235
[2018-06-02 22:07:21][debug] [sms]start:1527948441
[2018-06-02 22:07:24][debug] [sms]all num:10
[2018-06-02 22:07:24][debug] [sms]run num:10
[2018-06-02 22:07:24][debug] [sms]ok num:1
[2018-06-02 22:07:24][debug] [sms]no num:0
[2018-06-02 22:07:24][debug] [sms]run time:3
[2018-06-02 22:07:24][debug] [sms]end:1527948444
[2018-06-02 22:07:24][debug] [sms]page:https://bbs.bivfw.top/plugin.php?id=tom_tchongbao:ajax&act=nitice_sms_hb_run&site=1&tongcheng_id=66&hongbao_id=40&page=77
[2018-06-02 22:07:25][debug] [sms]hongbao id:40
[2018-06-02 22:07:25][debug] [sms]page:77
[2018-06-02 22:07:25][debug] [sms]client IP:118.89.52.235
[2018-06-02 22:07:25][debug] [sms]start:1527948445
[2018-06-02 22:07:28][debug] [sms]all num:10
[2018-06-02 22:07:28][debug] [sms]run num:10
[2018-06-02 22:07:28][debug] [sms]ok num:2
[2018-06-02 22:07:28][debug] [sms]no num:0
[2018-06-02 22:07:28][debug] [sms]run time:3
[2018-06-02 22:07:28][debug] [sms]end:1527948448
[2018-06-02 22:07:28][debug] [sms]page:https://bbs.bivfw.top/plugin.php?id=tom_tchongbao:ajax&act=nitice_sms_hb_run&site=1&tongcheng_id=66&hongbao_id=40&page=78
[2018-06-02 22:07:28][debug] [sms]hongbao id:40
[2018-06-02 22:07:28][debug] [sms]page:78
[2018-06-02 22:07:28][debug] [sms]client IP:118.89.52.235
[2018-06-02 22:07:28][debug] [sms]start:1527948448
[2018-06-02 22:07:29][debug] [sms]all num:4
[2018-06-02 22:07:29][debug] [sms]run num:4
[2018-06-02 22:07:29][debug] [sms]ok num:3
[2018-06-02 22:07:29][debug] [sms]no num:0
[2018-06-02 22:07:29][debug] [sms]run time:1
[2018-06-02 22:07:29][debug] [sms]end:1527948449
[2018-06-02 22:07:29][debug] [sms]page:https://bbs.bivfw.top/plugin.php?id=tom_tchongbao:ajax&act=nitice_sms_hb_run&site=1&tongcheng_id=66&hongbao_id=40&page=79
[2018-06-02 22:07:29][debug] [sms]hongbao id:40
[2018-06-02 22:07:29][debug] [sms]page:79
[2018-06-02 22:07:29][debug] [sms]client IP:118.89.52.235
[2018-06-02 22:07:29][debug] [sms]start:1527948449
[2018-06-02 22:07:29][debug] [sms]all num:0
[2018-06-02 22:07:29][debug] [sms]run num:0
[2018-06-02 22:07:29][debug] [sms]ok num:0
[2018-06-02 22:07:29][debug] [sms]no num:0
[2018-06-02 22:07:29][debug] [sms]run time:0
[2018-06-02 22:07:29][debug] [sms]end:1527948449
[2018-06-02 22:07:29][debug] [sms]over:1527948449
