[2018-07-12 16:58:43][debug] [sms]--------------------- new -------------------------
[2018-07-12 16:58:43][debug] [sms]hongbao id:37
[2018-07-12 16:58:43][debug] [sms]page:1
[2018-07-12 16:58:43][debug] [sms]client IP:61.148.245.131
[2018-07-12 16:58:43][debug] [sms]start:1531385923
[2018-07-12 16:58:43][debug] [sms]error:203
[2018-07-12 16:58:46][debug] [sms]all num:10
[2018-07-12 16:58:46][debug] [sms]run num:10
[2018-07-12 16:58:46][debug] [sms]ok num:6
[2018-07-12 16:58:46][debug] [sms]no num:0
[2018-07-12 16:58:46][debug] [sms]run time:3
[2018-07-12 16:58:46][debug] [sms]end:1531385926
[2018-07-12 16:58:46][debug] [sms]page:https://bbs.bivdg.top/plugin.php?id=tom_tchongbao:ajax&act=nitice_sms_hb_run&site=1&tongcheng_id=300&hongbao_id=37&page=2
[2018-07-12 16:58:46][debug] [sms]hongbao id:37
[2018-07-12 16:58:46][debug] [sms]page:2
[2018-07-12 16:58:46][debug] [sms]client IP:118.89.52.235
[2018-07-12 16:58:46][debug] [sms]start:1531385926
[2018-07-12 16:58:50][debug] [sms]all num:10
[2018-07-12 16:58:50][debug] [sms]run num:10
[2018-07-12 16:58:50][debug] [sms]ok num:5
[2018-07-12 16:58:50][debug] [sms]no num:0
[2018-07-12 16:58:50][debug] [sms]run time:4
[2018-07-12 16:58:50][debug] [sms]end:1531385930
[2018-07-12 16:58:50][debug] [sms]page:https://bbs.bivdg.top/plugin.php?id=tom_tchongbao:ajax&act=nitice_sms_hb_run&site=1&tongcheng_id=300&hongbao_id=37&page=3
[2018-07-12 16:58:50][debug] [sms]hongbao id:37
[2018-07-12 16:58:50][debug] [sms]page:3
[2018-07-12 16:58:50][debug] [sms]client IP:118.89.52.235
[2018-07-12 16:58:50][debug] [sms]start:1531385930
[2018-07-12 16:58:53][debug] [sms]all num:10
[2018-07-12 16:58:53][debug] [sms]run num:10
[2018-07-12 16:58:53][debug] [sms]ok num:9
[2018-07-12 16:58:53][debug] [sms]no num:0
[2018-07-12 16:58:53][debug] [sms]run time:3
[2018-07-12 16:58:53][debug] [sms]end:1531385933
[2018-07-12 16:58:53][debug] [sms]page:https://bbs.bivdg.top/plugin.php?id=tom_tchongbao:ajax&act=nitice_sms_hb_run&site=1&tongcheng_id=300&hongbao_id=37&page=4
[2018-07-12 16:58:53][debug] [sms]hongbao id:37
[2018-07-12 16:58:53][debug] [sms]page:4
[2018-07-12 16:58:53][debug] [sms]client IP:118.89.52.235
[2018-07-12 16:58:53][debug] [sms]start:1531385933
[2018-07-12 16:58:56][debug] [sms]all num:10
[2018-07-12 16:58:56][debug] [sms]run num:9
[2018-07-12 16:58:56][debug] [sms]ok num:3
[2018-07-12 16:58:56][debug] [sms]no num:0
[2018-07-12 16:58:56][debug] [sms]run time:3
[2018-07-12 16:58:56][debug] [sms]end:1531385936
[2018-07-12 16:58:56][debug] [sms]page:https://bbs.bivdg.top/plugin.php?id=tom_tchongbao:ajax&act=nitice_sms_hb_run&site=1&tongcheng_id=300&hongbao_id=37&page=5
[2018-07-12 16:58:56][debug] [sms]hongbao id:37
[2018-07-12 16:58:56][debug] [sms]page:5
[2018-07-12 16:58:56][debug] [sms]client IP:118.89.52.235
[2018-07-12 16:58:56][debug] [sms]start:1531385936
[2018-07-12 16:58:59][debug] [sms]all num:10
[2018-07-12 16:58:59][debug] [sms]run num:10
[2018-07-12 16:58:59][debug] [sms]ok num:7
[2018-07-12 16:58:59][debug] [sms]no num:0
[2018-07-12 16:58:59][debug] [sms]run time:3
[2018-07-12 16:58:59][debug] [sms]end:1531385939
[2018-07-12 16:58:59][debug] [sms]page:https://bbs.bivdg.top/plugin.php?id=tom_tchongbao:ajax&act=nitice_sms_hb_run&site=1&tongcheng_id=300&hongbao_id=37&page=6
[2018-07-12 16:59:00][debug] [sms]hongbao id:37
[2018-07-12 16:59:00][debug] [sms]page:6
[2018-07-12 16:59:00][debug] [sms]client IP:118.89.52.235
[2018-07-12 16:59:00][debug] [sms]start:1531385940
[2018-07-12 16:59:03][debug] [sms]all num:10
[2018-07-12 16:59:03][debug] [sms]run num:10
[2018-07-12 16:59:03][debug] [sms]ok num:6
[2018-07-12 16:59:03][debug] [sms]no num:0
[2018-07-12 16:59:03][debug] [sms]run time:3
[2018-07-12 16:59:03][debug] [sms]end:1531385943
[2018-07-12 16:59:03][debug] [sms]page:https://bbs.bivdg.top/plugin.php?id=tom_tchongbao:ajax&act=nitice_sms_hb_run&site=1&tongcheng_id=300&hongbao_id=37&page=7
[2018-07-12 16:59:03][debug] [sms]hongbao id:37
[2018-07-12 16:59:03][debug] [sms]page:7
[2018-07-12 16:59:03][debug] [sms]client IP:118.89.52.235
[2018-07-12 16:59:03][debug] [sms]start:1531385943
[2018-07-12 16:59:06][debug] [sms]all num:10
[2018-07-12 16:59:06][debug] [sms]run num:10
[2018-07-12 16:59:06][debug] [sms]ok num:7
[2018-07-12 16:59:06][debug] [sms]no num:0
[2018-07-12 16:59:06][debug] [sms]run time:3
[2018-07-12 16:59:06][debug] [sms]end:1531385946
[2018-07-12 16:59:06][debug] [sms]page:https://bbs.bivdg.top/plugin.php?id=tom_tchongbao:ajax&act=nitice_sms_hb_run&site=1&tongcheng_id=300&hongbao_id=37&page=8
[2018-07-12 16:59:06][debug] [sms]hongbao id:37
[2018-07-12 16:59:06][debug] [sms]page:8
[2018-07-12 16:59:06][debug] [sms]client IP:118.89.52.235
[2018-07-12 16:59:06][debug] [sms]start:1531385946
[2018-07-12 16:59:09][debug] [sms]all num:10
[2018-07-12 16:59:09][debug] [sms]run num:10
[2018-07-12 16:59:09][debug] [sms]ok num:8
[2018-07-12 16:59:09][debug] [sms]no num:0
[2018-07-12 16:59:09][debug] [sms]run time:3
[2018-07-12 16:59:09][debug] [sms]end:1531385949
[2018-07-12 16:59:09][debug] [sms]page:https://bbs.bivdg.top/plugin.php?id=tom_tchongbao:ajax&act=nitice_sms_hb_run&site=1&tongcheng_id=300&hongbao_id=37&page=9
[2018-07-12 16:59:10][debug] [sms]hongbao id:37
[2018-07-12 16:59:10][debug] [sms]page:9
[2018-07-12 16:59:10][debug] [sms]client IP:118.89.52.235
[2018-07-12 16:59:10][debug] [sms]start:1531385950
[2018-07-12 16:59:13][debug] [sms]all num:10
[2018-07-12 16:59:13][debug] [sms]run num:10
[2018-07-12 16:59:13][debug] [sms]ok num:10
[2018-07-12 16:59:13][debug] [sms]no num:0
[2018-07-12 16:59:13][debug] [sms]run time:3
[2018-07-12 16:59:13][debug] [sms]end:1531385953
[2018-07-12 16:59:13][debug] [sms]page:https://bbs.bivdg.top/plugin.php?id=tom_tchongbao:ajax&act=nitice_sms_hb_run&site=1&tongcheng_id=300&hongbao_id=37&page=10
[2018-07-12 16:59:13][debug] [sms]hongbao id:37
[2018-07-12 16:59:13][debug] [sms]page:10
[2018-07-12 16:59:13][debug] [sms]client IP:118.89.52.235
[2018-07-12 16:59:13][debug] [sms]start:1531385953
[2018-07-12 16:59:16][debug] [sms]all num:10
[2018-07-12 16:59:16][debug] [sms]run num:10
[2018-07-12 16:59:16][debug] [sms]ok num:6
[2018-07-12 16:59:16][debug] [sms]no num:0
[2018-07-12 16:59:16][debug] [sms]run time:3
[2018-07-12 16:59:16][debug] [sms]end:1531385956
[2018-07-12 16:59:16][debug] [sms]page:https://bbs.bivdg.top/plugin.php?id=tom_tchongbao:ajax&act=nitice_sms_hb_run&site=1&tongcheng_id=300&hongbao_id=37&page=11
[2018-07-12 16:59:17][debug] [sms]hongbao id:37
[2018-07-12 16:59:17][debug] [sms]page:11
[2018-07-12 16:59:17][debug] [sms]client IP:118.89.52.235
[2018-07-12 16:59:17][debug] [sms]start:1531385957
[2018-07-12 16:59:20][debug] [sms]all num:10
[2018-07-12 16:59:20][debug] [sms]run num:10
[2018-07-12 16:59:20][debug] [sms]ok num:3
[2018-07-12 16:59:20][debug] [sms]no num:0
[2018-07-12 16:59:20][debug] [sms]run time:3
[2018-07-12 16:59:20][debug] [sms]end:1531385960
[2018-07-12 16:59:20][debug] [sms]page:https://bbs.bivdg.top/plugin.php?id=tom_tchongbao:ajax&act=nitice_sms_hb_run&site=1&tongcheng_id=300&hongbao_id=37&page=12
[2018-07-12 16:59:20][debug] [sms]hongbao id:37
[2018-07-12 16:59:20][debug] [sms]page:12
[2018-07-12 16:59:20][debug] [sms]client IP:118.89.52.235
[2018-07-12 16:59:20][debug] [sms]start:1531385960
[2018-07-12 16:59:23][debug] [sms]all num:10
[2018-07-12 16:59:23][debug] [sms]run num:10
[2018-07-12 16:59:23][debug] [sms]ok num:6
[2018-07-12 16:59:23][debug] [sms]no num:0
[2018-07-12 16:59:23][debug] [sms]run time:3
[2018-07-12 16:59:23][debug] [sms]end:1531385963
[2018-07-12 16:59:23][debug] [sms]page:https://bbs.bivdg.top/plugin.php?id=tom_tchongbao:ajax&act=nitice_sms_hb_run&site=1&tongcheng_id=300&hongbao_id=37&page=13
[2018-07-12 16:59:23][debug] [sms]hongbao id:37
[2018-07-12 16:59:23][debug] [sms]page:13
[2018-07-12 16:59:23][debug] [sms]client IP:118.89.52.235
[2018-07-12 16:59:23][debug] [sms]start:1531385963
[2018-07-12 16:59:26][debug] [sms]all num:10
[2018-07-12 16:59:26][debug] [sms]run num:10
[2018-07-12 16:59:26][debug] [sms]ok num:7
[2018-07-12 16:59:26][debug] [sms]no num:0
[2018-07-12 16:59:26][debug] [sms]run time:3
[2018-07-12 16:59:26][debug] [sms]end:1531385966
[2018-07-12 16:59:26][debug] [sms]page:https://bbs.bivdg.top/plugin.php?id=tom_tchongbao:ajax&act=nitice_sms_hb_run&site=1&tongcheng_id=300&hongbao_id=37&page=14
[2018-07-12 16:59:26][debug] [sms]hongbao id:37
[2018-07-12 16:59:26][debug] [sms]page:14
[2018-07-12 16:59:26][debug] [sms]client IP:118.89.52.235
[2018-07-12 16:59:26][debug] [sms]start:1531385966
[2018-07-12 16:59:30][debug] [sms]all num:10
[2018-07-12 16:59:30][debug] [sms]run num:9
[2018-07-12 16:59:30][debug] [sms]ok num:8
[2018-07-12 16:59:30][debug] [sms]no num:0
[2018-07-12 16:59:30][debug] [sms]run time:4
[2018-07-12 16:59:30][debug] [sms]end:1531385970
[2018-07-12 16:59:30][debug] [sms]page:https://bbs.bivdg.top/plugin.php?id=tom_tchongbao:ajax&act=nitice_sms_hb_run&site=1&tongcheng_id=300&hongbao_id=37&page=15
[2018-07-12 16:59:30][debug] [sms]hongbao id:37
[2018-07-12 16:59:30][debug] [sms]page:15
[2018-07-12 16:59:30][debug] [sms]client IP:118.89.52.235
[2018-07-12 16:59:30][debug] [sms]start:1531385970
[2018-07-12 16:59:33][debug] [sms]all num:10
[2018-07-12 16:59:33][debug] [sms]run num:10
[2018-07-12 16:59:33][debug] [sms]ok num:9
[2018-07-12 16:59:33][debug] [sms]no num:0
[2018-07-12 16:59:33][debug] [sms]run time:3
[2018-07-12 16:59:33][debug] [sms]end:1531385973
[2018-07-12 16:59:33][debug] [sms]page:https://bbs.bivdg.top/plugin.php?id=tom_tchongbao:ajax&act=nitice_sms_hb_run&site=1&tongcheng_id=300&hongbao_id=37&page=16
[2018-07-12 16:59:33][debug] [sms]hongbao id:37
[2018-07-12 16:59:33][debug] [sms]page:16
[2018-07-12 16:59:33][debug] [sms]client IP:118.89.52.235
[2018-07-12 16:59:33][debug] [sms]start:1531385973
[2018-07-12 16:59:36][debug] [sms]all num:10
[2018-07-12 16:59:36][debug] [sms]run num:10
[2018-07-12 16:59:36][debug] [sms]ok num:8
[2018-07-12 16:59:36][debug] [sms]no num:0
[2018-07-12 16:59:36][debug] [sms]run time:3
[2018-07-12 16:59:36][debug] [sms]end:1531385976
[2018-07-12 16:59:36][debug] [sms]page:https://bbs.bivdg.top/plugin.php?id=tom_tchongbao:ajax&act=nitice_sms_hb_run&site=1&tongcheng_id=300&hongbao_id=37&page=17
[2018-07-12 16:59:36][debug] [sms]hongbao id:37
[2018-07-12 16:59:36][debug] [sms]page:17
[2018-07-12 16:59:36][debug] [sms]client IP:118.89.52.235
[2018-07-12 16:59:36][debug] [sms]start:1531385976
[2018-07-12 16:59:39][debug] [sms]all num:10
[2018-07-12 16:59:39][debug] [sms]run num:10
[2018-07-12 16:59:39][debug] [sms]ok num:6
[2018-07-12 16:59:39][debug] [sms]no num:0
[2018-07-12 16:59:39][debug] [sms]run time:3
[2018-07-12 16:59:39][debug] [sms]end:1531385979
[2018-07-12 16:59:39][debug] [sms]page:https://bbs.bivdg.top/plugin.php?id=tom_tchongbao:ajax&act=nitice_sms_hb_run&site=1&tongcheng_id=300&hongbao_id=37&page=18
[2018-07-12 16:59:39][debug] [sms]hongbao id:37
[2018-07-12 16:59:39][debug] [sms]page:18
[2018-07-12 16:59:39][debug] [sms]client IP:118.89.52.235
[2018-07-12 16:59:39][debug] [sms]start:1531385979
[2018-07-12 16:59:43][debug] [sms]all num:10
[2018-07-12 16:59:43][debug] [sms]run num:10
[2018-07-12 16:59:43][debug] [sms]ok num:10
[2018-07-12 16:59:43][debug] [sms]no num:0
[2018-07-12 16:59:43][debug] [sms]run time:4
[2018-07-12 16:59:43][debug] [sms]end:1531385983
[2018-07-12 16:59:43][debug] [sms]page:https://bbs.bivdg.top/plugin.php?id=tom_tchongbao:ajax&act=nitice_sms_hb_run&site=1&tongcheng_id=300&hongbao_id=37&page=19
[2018-07-12 16:59:43][debug] [sms]hongbao id:37
[2018-07-12 16:59:43][debug] [sms]page:19
[2018-07-12 16:59:43][debug] [sms]client IP:118.89.52.235
[2018-07-12 16:59:43][debug] [sms]start:1531385983
[2018-07-12 16:59:47][debug] [sms]all num:10
[2018-07-12 16:59:47][debug] [sms]run num:10
[2018-07-12 16:59:47][debug] [sms]ok num:10
[2018-07-12 16:59:47][debug] [sms]no num:0
[2018-07-12 16:59:47][debug] [sms]run time:4
[2018-07-12 16:59:47][debug] [sms]end:1531385987
[2018-07-12 16:59:47][debug] [sms]page:https://bbs.bivdg.top/plugin.php?id=tom_tchongbao:ajax&act=nitice_sms_hb_run&site=1&tongcheng_id=300&hongbao_id=37&page=20
[2018-07-12 16:59:47][debug] [sms]hongbao id:37
[2018-07-12 16:59:47][debug] [sms]page:20
[2018-07-12 16:59:47][debug] [sms]client IP:118.89.52.235
[2018-07-12 16:59:47][debug] [sms]start:1531385987
[2018-07-12 16:59:50][debug] [sms]all num:10
[2018-07-12 16:59:50][debug] [sms]run num:10
[2018-07-12 16:59:50][debug] [sms]ok num:10
[2018-07-12 16:59:50][debug] [sms]no num:0
[2018-07-12 16:59:50][debug] [sms]run time:3
[2018-07-12 16:59:50][debug] [sms]end:1531385990
[2018-07-12 16:59:50][debug] [sms]page:https://bbs.bivdg.top/plugin.php?id=tom_tchongbao:ajax&act=nitice_sms_hb_run&site=1&tongcheng_id=300&hongbao_id=37&page=21
[2018-07-12 16:59:51][debug] [sms]hongbao id:37
[2018-07-12 16:59:51][debug] [sms]page:21
[2018-07-12 16:59:51][debug] [sms]client IP:118.89.52.235
[2018-07-12 16:59:51][debug] [sms]start:1531385991
[2018-07-12 16:59:55][debug] [sms]all num:10
[2018-07-12 16:59:55][debug] [sms]run num:10
[2018-07-12 16:59:55][debug] [sms]ok num:10
[2018-07-12 16:59:55][debug] [sms]no num:0
[2018-07-12 16:59:55][debug] [sms]run time:4
[2018-07-12 16:59:55][debug] [sms]end:1531385995
[2018-07-12 16:59:55][debug] [sms]page:https://bbs.bivdg.top/plugin.php?id=tom_tchongbao:ajax&act=nitice_sms_hb_run&site=1&tongcheng_id=300&hongbao_id=37&page=22
[2018-07-12 16:59:55][debug] [sms]hongbao id:37
[2018-07-12 16:59:55][debug] [sms]page:22
[2018-07-12 16:59:55][debug] [sms]client IP:118.89.52.235
[2018-07-12 16:59:55][debug] [sms]start:1531385995
[2018-07-12 16:59:59][debug] [sms]all num:10
[2018-07-12 16:59:59][debug] [sms]run num:10
[2018-07-12 16:59:59][debug] [sms]ok num:10
[2018-07-12 16:59:59][debug] [sms]no num:0
[2018-07-12 16:59:59][debug] [sms]run time:4
[2018-07-12 16:59:59][debug] [sms]end:1531385999
[2018-07-12 16:59:59][debug] [sms]page:https://bbs.bivdg.top/plugin.php?id=tom_tchongbao:ajax&act=nitice_sms_hb_run&site=1&tongcheng_id=300&hongbao_id=37&page=23
[2018-07-12 16:59:59][debug] [sms]hongbao id:37
[2018-07-12 16:59:59][debug] [sms]page:23
[2018-07-12 16:59:59][debug] [sms]client IP:118.89.52.235
[2018-07-12 16:59:59][debug] [sms]start:1531385999
[2018-07-12 17:00:02][debug] [sms]all num:10
[2018-07-12 17:00:02][debug] [sms]run num:10
[2018-07-12 17:00:02][debug] [sms]ok num:10
[2018-07-12 17:00:02][debug] [sms]no num:0
[2018-07-12 17:00:02][debug] [sms]run time:3
[2018-07-12 17:00:02][debug] [sms]end:1531386002
[2018-07-12 17:00:02][debug] [sms]page:https://bbs.bivdg.top/plugin.php?id=tom_tchongbao:ajax&act=nitice_sms_hb_run&site=1&tongcheng_id=300&hongbao_id=37&page=24
[2018-07-12 17:00:02][debug] [sms]hongbao id:37
[2018-07-12 17:00:02][debug] [sms]page:24
[2018-07-12 17:00:02][debug] [sms]client IP:118.89.52.235
[2018-07-12 17:00:02][debug] [sms]start:1531386002
[2018-07-12 17:00:05][debug] [sms]all num:10
[2018-07-12 17:00:05][debug] [sms]run num:10
[2018-07-12 17:00:05][debug] [sms]ok num:10
[2018-07-12 17:00:05][debug] [sms]no num:0
[2018-07-12 17:00:05][debug] [sms]run time:3
[2018-07-12 17:00:05][debug] [sms]end:1531386005
[2018-07-12 17:00:05][debug] [sms]page:https://bbs.bivdg.top/plugin.php?id=tom_tchongbao:ajax&act=nitice_sms_hb_run&site=1&tongcheng_id=300&hongbao_id=37&page=25
[2018-07-12 17:00:06][debug] [sms]hongbao id:37
[2018-07-12 17:00:06][debug] [sms]page:25
[2018-07-12 17:00:06][debug] [sms]client IP:118.89.52.235
[2018-07-12 17:00:06][debug] [sms]start:1531386006
[2018-07-12 17:00:09][debug] [sms]all num:10
[2018-07-12 17:00:09][debug] [sms]run num:10
[2018-07-12 17:00:09][debug] [sms]ok num:10
[2018-07-12 17:00:09][debug] [sms]no num:0
[2018-07-12 17:00:09][debug] [sms]run time:3
[2018-07-12 17:00:09][debug] [sms]end:1531386009
[2018-07-12 17:00:09][debug] [sms]page:https://bbs.bivdg.top/plugin.php?id=tom_tchongbao:ajax&act=nitice_sms_hb_run&site=1&tongcheng_id=300&hongbao_id=37&page=26
[2018-07-12 17:00:09][debug] [sms]hongbao id:37
[2018-07-12 17:00:09][debug] [sms]page:26
[2018-07-12 17:00:09][debug] [sms]client IP:118.89.52.235
[2018-07-12 17:00:09][debug] [sms]start:1531386009
[2018-07-12 17:00:14][debug] [sms]all num:10
[2018-07-12 17:00:14][debug] [sms]run num:10
[2018-07-12 17:00:14][debug] [sms]ok num:10
[2018-07-12 17:00:14][debug] [sms]no num:0
[2018-07-12 17:00:14][debug] [sms]run time:5
[2018-07-12 17:00:14][debug] [sms]end:1531386014
[2018-07-12 17:00:14][debug] [sms]page:https://bbs.bivdg.top/plugin.php?id=tom_tchongbao:ajax&act=nitice_sms_hb_run&site=1&tongcheng_id=300&hongbao_id=37&page=27
[2018-07-12 17:00:15][debug] [sms]hongbao id:37
[2018-07-12 17:00:15][debug] [sms]page:27
[2018-07-12 17:00:15][debug] [sms]client IP:118.89.52.235
[2018-07-12 17:00:15][debug] [sms]start:1531386015
[2018-07-12 17:00:18][debug] [sms]all num:10
[2018-07-12 17:00:18][debug] [sms]run num:10
[2018-07-12 17:00:18][debug] [sms]ok num:5
[2018-07-12 17:00:18][debug] [sms]no num:0
[2018-07-12 17:00:18][debug] [sms]run time:3
[2018-07-12 17:00:18][debug] [sms]end:1531386018
[2018-07-12 17:00:18][debug] [sms]page:https://bbs.bivdg.top/plugin.php?id=tom_tchongbao:ajax&act=nitice_sms_hb_run&site=1&tongcheng_id=300&hongbao_id=37&page=28
[2018-07-12 17:00:19][debug] [sms]hongbao id:37
[2018-07-12 17:00:19][debug] [sms]page:28
[2018-07-12 17:00:19][debug] [sms]client IP:118.89.52.235
[2018-07-12 17:00:19][debug] [sms]start:1531386019
[2018-07-12 17:00:22][debug] [sms]all num:10
[2018-07-12 17:00:22][debug] [sms]run num:10
[2018-07-12 17:00:22][debug] [sms]ok num:5
[2018-07-12 17:00:22][debug] [sms]no num:0
[2018-07-12 17:00:22][debug] [sms]run time:3
[2018-07-12 17:00:22][debug] [sms]end:1531386022
[2018-07-12 17:00:22][debug] [sms]page:https://bbs.bivdg.top/plugin.php?id=tom_tchongbao:ajax&act=nitice_sms_hb_run&site=1&tongcheng_id=300&hongbao_id=37&page=29
[2018-07-12 17:00:23][debug] [sms]hongbao id:37
[2018-07-12 17:00:23][debug] [sms]page:29
[2018-07-12 17:00:23][debug] [sms]client IP:118.89.52.235
[2018-07-12 17:00:23][debug] [sms]start:1531386023
[2018-07-12 17:00:27][debug] [sms]all num:10
[2018-07-12 17:00:27][debug] [sms]run num:10
[2018-07-12 17:00:27][debug] [sms]ok num:2
[2018-07-12 17:00:27][debug] [sms]no num:0
[2018-07-12 17:00:27][debug] [sms]run time:4
[2018-07-12 17:00:27][debug] [sms]end:1531386027
[2018-07-12 17:00:27][debug] [sms]page:https://bbs.bivdg.top/plugin.php?id=tom_tchongbao:ajax&act=nitice_sms_hb_run&site=1&tongcheng_id=300&hongbao_id=37&page=30
[2018-07-12 17:00:27][debug] [sms]hongbao id:37
[2018-07-12 17:00:27][debug] [sms]page:30
[2018-07-12 17:00:27][debug] [sms]client IP:118.89.52.235
[2018-07-12 17:00:27][debug] [sms]start:1531386027
[2018-07-12 17:00:30][debug] [sms]all num:10
[2018-07-12 17:00:30][debug] [sms]run num:10
[2018-07-12 17:00:30][debug] [sms]ok num:3
[2018-07-12 17:00:30][debug] [sms]no num:0
[2018-07-12 17:00:30][debug] [sms]run time:3
[2018-07-12 17:00:30][debug] [sms]end:1531386030
[2018-07-12 17:00:30][debug] [sms]page:https://bbs.bivdg.top/plugin.php?id=tom_tchongbao:ajax&act=nitice_sms_hb_run&site=1&tongcheng_id=300&hongbao_id=37&page=31
[2018-07-12 17:00:30][debug] [sms]hongbao id:37
[2018-07-12 17:00:30][debug] [sms]page:31
[2018-07-12 17:00:30][debug] [sms]client IP:118.89.52.235
[2018-07-12 17:00:30][debug] [sms]start:1531386030
[2018-07-12 17:00:33][debug] [sms]all num:10
[2018-07-12 17:00:33][debug] [sms]run num:10
[2018-07-12 17:00:33][debug] [sms]ok num:7
[2018-07-12 17:00:33][debug] [sms]no num:0
[2018-07-12 17:00:33][debug] [sms]run time:3
[2018-07-12 17:00:33][debug] [sms]end:1531386033
[2018-07-12 17:00:33][debug] [sms]page:https://bbs.bivdg.top/plugin.php?id=tom_tchongbao:ajax&act=nitice_sms_hb_run&site=1&tongcheng_id=300&hongbao_id=37&page=32
[2018-07-12 17:00:33][debug] [sms]hongbao id:37
[2018-07-12 17:00:33][debug] [sms]page:32
[2018-07-12 17:00:33][debug] [sms]client IP:118.89.52.235
[2018-07-12 17:00:33][debug] [sms]start:1531386033
[2018-07-12 17:00:37][debug] [sms]all num:10
[2018-07-12 17:00:37][debug] [sms]run num:10
[2018-07-12 17:00:37][debug] [sms]ok num:1
[2018-07-12 17:00:37][debug] [sms]no num:0
[2018-07-12 17:00:37][debug] [sms]run time:4
[2018-07-12 17:00:37][debug] [sms]end:1531386037
[2018-07-12 17:00:37][debug] [sms]page:https://bbs.bivdg.top/plugin.php?id=tom_tchongbao:ajax&act=nitice_sms_hb_run&site=1&tongcheng_id=300&hongbao_id=37&page=33
[2018-07-12 17:00:37][debug] [sms]hongbao id:37
[2018-07-12 17:00:37][debug] [sms]page:33
[2018-07-12 17:00:37][debug] [sms]client IP:118.89.52.235
[2018-07-12 17:00:37][debug] [sms]start:1531386037
[2018-07-12 17:00:40][debug] [sms]all num:10
[2018-07-12 17:00:40][debug] [sms]run num:10
[2018-07-12 17:00:40][debug] [sms]ok num:2
[2018-07-12 17:00:40][debug] [sms]no num:0
[2018-07-12 17:00:40][debug] [sms]run time:3
[2018-07-12 17:00:40][debug] [sms]end:1531386040
[2018-07-12 17:00:40][debug] [sms]page:https://bbs.bivdg.top/plugin.php?id=tom_tchongbao:ajax&act=nitice_sms_hb_run&site=1&tongcheng_id=300&hongbao_id=37&page=34
[2018-07-12 17:00:41][debug] [sms]hongbao id:37
[2018-07-12 17:00:41][debug] [sms]page:34
[2018-07-12 17:00:41][debug] [sms]client IP:118.89.52.235
[2018-07-12 17:00:41][debug] [sms]start:1531386041
[2018-07-12 17:00:44][debug] [sms]all num:10
[2018-07-12 17:00:44][debug] [sms]run num:10
[2018-07-12 17:00:44][debug] [sms]ok num:6
[2018-07-12 17:00:44][debug] [sms]no num:0
[2018-07-12 17:00:44][debug] [sms]run time:3
[2018-07-12 17:00:44][debug] [sms]end:1531386044
[2018-07-12 17:00:44][debug] [sms]page:https://bbs.bivdg.top/plugin.php?id=tom_tchongbao:ajax&act=nitice_sms_hb_run&site=1&tongcheng_id=300&hongbao_id=37&page=35
[2018-07-12 17:00:44][debug] [sms]hongbao id:37
[2018-07-12 17:00:44][debug] [sms]page:35
[2018-07-12 17:00:44][debug] [sms]client IP:118.89.52.235
[2018-07-12 17:00:44][debug] [sms]start:1531386044
[2018-07-12 17:00:48][debug] [sms]all num:10
[2018-07-12 17:00:48][debug] [sms]run num:10
[2018-07-12 17:00:48][debug] [sms]ok num:6
[2018-07-12 17:00:48][debug] [sms]no num:0
[2018-07-12 17:00:48][debug] [sms]run time:4
[2018-07-12 17:00:48][debug] [sms]end:1531386048
[2018-07-12 17:00:48][debug] [sms]page:https://bbs.bivdg.top/plugin.php?id=tom_tchongbao:ajax&act=nitice_sms_hb_run&site=1&tongcheng_id=300&hongbao_id=37&page=36
[2018-07-12 17:00:48][debug] [sms]hongbao id:37
[2018-07-12 17:00:48][debug] [sms]page:36
[2018-07-12 17:00:48][debug] [sms]client IP:118.89.52.235
[2018-07-12 17:00:48][debug] [sms]start:1531386048
[2018-07-12 17:00:51][debug] [sms]all num:10
[2018-07-12 17:00:51][debug] [sms]run num:10
[2018-07-12 17:00:51][debug] [sms]ok num:5
[2018-07-12 17:00:51][debug] [sms]no num:0
[2018-07-12 17:00:51][debug] [sms]run time:3
[2018-07-12 17:00:51][debug] [sms]end:1531386051
[2018-07-12 17:00:51][debug] [sms]page:https://bbs.bivdg.top/plugin.php?id=tom_tchongbao:ajax&act=nitice_sms_hb_run&site=1&tongcheng_id=300&hongbao_id=37&page=37
[2018-07-12 17:00:51][debug] [sms]hongbao id:37
[2018-07-12 17:00:51][debug] [sms]page:37
[2018-07-12 17:00:51][debug] [sms]client IP:118.89.52.235
[2018-07-12 17:00:51][debug] [sms]start:1531386051
[2018-07-12 17:00:55][debug] [sms]all num:10
[2018-07-12 17:00:55][debug] [sms]run num:10
[2018-07-12 17:00:55][debug] [sms]ok num:5
[2018-07-12 17:00:55][debug] [sms]no num:0
[2018-07-12 17:00:55][debug] [sms]run time:4
[2018-07-12 17:00:55][debug] [sms]end:1531386055
[2018-07-12 17:00:55][debug] [sms]page:https://bbs.bivdg.top/plugin.php?id=tom_tchongbao:ajax&act=nitice_sms_hb_run&site=1&tongcheng_id=300&hongbao_id=37&page=38
[2018-07-12 17:00:55][debug] [sms]hongbao id:37
[2018-07-12 17:00:55][debug] [sms]page:38
[2018-07-12 17:00:55][debug] [sms]client IP:118.89.52.235
[2018-07-12 17:00:55][debug] [sms]start:1531386055
[2018-07-12 17:00:58][debug] [sms]all num:10
[2018-07-12 17:00:58][debug] [sms]run num:9
[2018-07-12 17:00:58][debug] [sms]ok num:5
[2018-07-12 17:00:58][debug] [sms]no num:0
[2018-07-12 17:00:58][debug] [sms]run time:3
[2018-07-12 17:00:58][debug] [sms]end:1531386058
[2018-07-12 17:00:58][debug] [sms]page:https://bbs.bivdg.top/plugin.php?id=tom_tchongbao:ajax&act=nitice_sms_hb_run&site=1&tongcheng_id=300&hongbao_id=37&page=39
[2018-07-12 17:00:58][debug] [sms]hongbao id:37
[2018-07-12 17:00:58][debug] [sms]page:39
[2018-07-12 17:00:58][debug] [sms]client IP:118.89.52.235
[2018-07-12 17:00:58][debug] [sms]start:1531386058
[2018-07-12 17:01:01][debug] [sms]all num:10
[2018-07-12 17:01:01][debug] [sms]run num:10
[2018-07-12 17:01:01][debug] [sms]ok num:2
[2018-07-12 17:01:01][debug] [sms]no num:0
[2018-07-12 17:01:01][debug] [sms]run time:3
[2018-07-12 17:01:01][debug] [sms]end:1531386061
[2018-07-12 17:01:01][debug] [sms]page:https://bbs.bivdg.top/plugin.php?id=tom_tchongbao:ajax&act=nitice_sms_hb_run&site=1&tongcheng_id=300&hongbao_id=37&page=40
[2018-07-12 17:01:02][debug] [sms]hongbao id:37
[2018-07-12 17:01:02][debug] [sms]page:40
[2018-07-12 17:01:02][debug] [sms]client IP:118.89.52.235
[2018-07-12 17:01:02][debug] [sms]start:1531386062
[2018-07-12 17:01:05][debug] [sms]all num:10
[2018-07-12 17:01:05][debug] [sms]run num:10
[2018-07-12 17:01:05][debug] [sms]ok num:2
[2018-07-12 17:01:05][debug] [sms]no num:0
[2018-07-12 17:01:05][debug] [sms]run time:3
[2018-07-12 17:01:05][debug] [sms]end:1531386065
[2018-07-12 17:01:05][debug] [sms]page:https://bbs.bivdg.top/plugin.php?id=tom_tchongbao:ajax&act=nitice_sms_hb_run&site=1&tongcheng_id=300&hongbao_id=37&page=41
[2018-07-12 17:01:05][debug] [sms]hongbao id:37
[2018-07-12 17:01:05][debug] [sms]page:41
[2018-07-12 17:01:05][debug] [sms]client IP:118.89.52.235
[2018-07-12 17:01:05][debug] [sms]start:1531386065
[2018-07-12 17:01:08][debug] [sms]all num:10
[2018-07-12 17:01:08][debug] [sms]run num:10
[2018-07-12 17:01:08][debug] [sms]ok num:3
[2018-07-12 17:01:08][debug] [sms]no num:0
[2018-07-12 17:01:08][debug] [sms]run time:3
[2018-07-12 17:01:08][debug] [sms]end:1531386068
[2018-07-12 17:01:08][debug] [sms]page:https://bbs.bivdg.top/plugin.php?id=tom_tchongbao:ajax&act=nitice_sms_hb_run&site=1&tongcheng_id=300&hongbao_id=37&page=42
[2018-07-12 17:01:08][debug] [sms]hongbao id:37
[2018-07-12 17:01:08][debug] [sms]page:42
[2018-07-12 17:01:08][debug] [sms]client IP:118.89.52.235
[2018-07-12 17:01:08][debug] [sms]start:1531386068
[2018-07-12 17:01:11][debug] [sms]all num:10
[2018-07-12 17:01:11][debug] [sms]run num:10
[2018-07-12 17:01:11][debug] [sms]ok num:6
[2018-07-12 17:01:11][debug] [sms]no num:0
[2018-07-12 17:01:11][debug] [sms]run time:3
[2018-07-12 17:01:11][debug] [sms]end:1531386071
[2018-07-12 17:01:11][debug] [sms]page:https://bbs.bivdg.top/plugin.php?id=tom_tchongbao:ajax&act=nitice_sms_hb_run&site=1&tongcheng_id=300&hongbao_id=37&page=43
[2018-07-12 17:01:11][debug] [sms]hongbao id:37
[2018-07-12 17:01:11][debug] [sms]page:43
[2018-07-12 17:01:11][debug] [sms]client IP:118.89.52.235
[2018-07-12 17:01:11][debug] [sms]start:1531386071
[2018-07-12 17:01:15][debug] [sms]all num:10
[2018-07-12 17:01:15][debug] [sms]run num:10
[2018-07-12 17:01:15][debug] [sms]ok num:9
[2018-07-12 17:01:15][debug] [sms]no num:0
[2018-07-12 17:01:15][debug] [sms]run time:4
[2018-07-12 17:01:15][debug] [sms]end:1531386075
[2018-07-12 17:01:15][debug] [sms]page:https://bbs.bivdg.top/plugin.php?id=tom_tchongbao:ajax&act=nitice_sms_hb_run&site=1&tongcheng_id=300&hongbao_id=37&page=44
[2018-07-12 17:01:15][debug] [sms]hongbao id:37
[2018-07-12 17:01:15][debug] [sms]page:44
[2018-07-12 17:01:15][debug] [sms]client IP:118.89.52.235
[2018-07-12 17:01:15][debug] [sms]start:1531386075
[2018-07-12 17:01:18][debug] [sms]all num:10
[2018-07-12 17:01:18][debug] [sms]run num:10
[2018-07-12 17:01:18][debug] [sms]ok num:10
[2018-07-12 17:01:18][debug] [sms]no num:0
[2018-07-12 17:01:18][debug] [sms]run time:3
[2018-07-12 17:01:18][debug] [sms]end:1531386078
[2018-07-12 17:01:18][debug] [sms]page:https://bbs.bivdg.top/plugin.php?id=tom_tchongbao:ajax&act=nitice_sms_hb_run&site=1&tongcheng_id=300&hongbao_id=37&page=45
[2018-07-12 17:01:19][debug] [sms]hongbao id:37
[2018-07-12 17:01:19][debug] [sms]page:45
[2018-07-12 17:01:19][debug] [sms]client IP:118.89.52.235
[2018-07-12 17:01:19][debug] [sms]start:1531386079
[2018-07-12 17:01:22][debug] [sms]all num:10
[2018-07-12 17:01:22][debug] [sms]run num:10
[2018-07-12 17:01:22][debug] [sms]ok num:0
[2018-07-12 17:01:22][debug] [sms]no num:0
[2018-07-12 17:01:22][debug] [sms]run time:3
[2018-07-12 17:01:22][debug] [sms]end:1531386082
[2018-07-12 17:01:22][debug] [sms]page:https://bbs.bivdg.top/plugin.php?id=tom_tchongbao:ajax&act=nitice_sms_hb_run&site=1&tongcheng_id=300&hongbao_id=37&page=46
[2018-07-12 17:01:22][debug] [sms]hongbao id:37
[2018-07-12 17:01:22][debug] [sms]page:46
[2018-07-12 17:01:22][debug] [sms]client IP:118.89.52.235
[2018-07-12 17:01:22][debug] [sms]start:1531386082
[2018-07-12 17:01:25][debug] [sms]all num:10
[2018-07-12 17:01:25][debug] [sms]run num:10
[2018-07-12 17:01:25][debug] [sms]ok num:4
[2018-07-12 17:01:25][debug] [sms]no num:0
[2018-07-12 17:01:25][debug] [sms]run time:3
[2018-07-12 17:01:25][debug] [sms]end:1531386085
[2018-07-12 17:01:25][debug] [sms]page:https://bbs.bivdg.top/plugin.php?id=tom_tchongbao:ajax&act=nitice_sms_hb_run&site=1&tongcheng_id=300&hongbao_id=37&page=47
[2018-07-12 17:01:25][debug] [sms]hongbao id:37
[2018-07-12 17:01:25][debug] [sms]page:47
[2018-07-12 17:01:25][debug] [sms]client IP:118.89.52.235
[2018-07-12 17:01:25][debug] [sms]start:1531386085
[2018-07-12 17:01:28][debug] [sms]all num:10
[2018-07-12 17:01:28][debug] [sms]run num:10
[2018-07-12 17:01:28][debug] [sms]ok num:7
[2018-07-12 17:01:28][debug] [sms]no num:0
[2018-07-12 17:01:28][debug] [sms]run time:3
[2018-07-12 17:01:28][debug] [sms]end:1531386088
[2018-07-12 17:01:28][debug] [sms]page:https://bbs.bivdg.top/plugin.php?id=tom_tchongbao:ajax&act=nitice_sms_hb_run&site=1&tongcheng_id=300&hongbao_id=37&page=48
[2018-07-12 17:01:28][debug] [sms]hongbao id:37
[2018-07-12 17:01:28][debug] [sms]page:48
[2018-07-12 17:01:28][debug] [sms]client IP:118.89.52.235
[2018-07-12 17:01:28][debug] [sms]start:1531386088
[2018-07-12 17:01:32][debug] [sms]all num:10
[2018-07-12 17:01:32][debug] [sms]run num:10
[2018-07-12 17:01:32][debug] [sms]ok num:6
[2018-07-12 17:01:32][debug] [sms]no num:0
[2018-07-12 17:01:32][debug] [sms]run time:4
[2018-07-12 17:01:32][debug] [sms]end:1531386092
[2018-07-12 17:01:32][debug] [sms]page:https://bbs.bivdg.top/plugin.php?id=tom_tchongbao:ajax&act=nitice_sms_hb_run&site=1&tongcheng_id=300&hongbao_id=37&page=49
[2018-07-12 17:01:32][debug] [sms]hongbao id:37
[2018-07-12 17:01:32][debug] [sms]page:49
[2018-07-12 17:01:32][debug] [sms]client IP:118.89.52.235
[2018-07-12 17:01:32][debug] [sms]start:1531386092
[2018-07-12 17:01:35][debug] [sms]all num:10
[2018-07-12 17:01:35][debug] [sms]run num:10
[2018-07-12 17:01:35][debug] [sms]ok num:3
[2018-07-12 17:01:35][debug] [sms]no num:0
[2018-07-12 17:01:35][debug] [sms]run time:3
[2018-07-12 17:01:35][debug] [sms]end:1531386095
[2018-07-12 17:01:35][debug] [sms]page:https://bbs.bivdg.top/plugin.php?id=tom_tchongbao:ajax&act=nitice_sms_hb_run&site=1&tongcheng_id=300&hongbao_id=37&page=50
[2018-07-12 17:01:35][debug] [sms]hongbao id:37
[2018-07-12 17:01:35][debug] [sms]page:50
[2018-07-12 17:01:35][debug] [sms]client IP:118.89.52.235
[2018-07-12 17:01:35][debug] [sms]start:1531386095
[2018-07-12 17:01:39][debug] [sms]all num:10
[2018-07-12 17:01:39][debug] [sms]run num:10
[2018-07-12 17:01:39][debug] [sms]ok num:5
[2018-07-12 17:01:39][debug] [sms]no num:0
[2018-07-12 17:01:39][debug] [sms]run time:4
[2018-07-12 17:01:39][debug] [sms]end:1531386099
[2018-07-12 17:01:39][debug] [sms]page:https://bbs.bivdg.top/plugin.php?id=tom_tchongbao:ajax&act=nitice_sms_hb_run&site=1&tongcheng_id=300&hongbao_id=37&page=51
[2018-07-12 17:01:40][debug] [sms]hongbao id:37
[2018-07-12 17:01:40][debug] [sms]page:51
[2018-07-12 17:01:40][debug] [sms]client IP:118.89.52.235
[2018-07-12 17:01:40][debug] [sms]start:1531386100
[2018-07-12 17:01:43][debug] [sms]all num:10
[2018-07-12 17:01:43][debug] [sms]run num:10
[2018-07-12 17:01:43][debug] [sms]ok num:2
[2018-07-12 17:01:43][debug] [sms]no num:0
[2018-07-12 17:01:43][debug] [sms]run time:3
[2018-07-12 17:01:43][debug] [sms]end:1531386103
[2018-07-12 17:01:43][debug] [sms]page:https://bbs.bivdg.top/plugin.php?id=tom_tchongbao:ajax&act=nitice_sms_hb_run&site=1&tongcheng_id=300&hongbao_id=37&page=52
[2018-07-12 17:01:44][debug] [sms]hongbao id:37
[2018-07-12 17:01:44][debug] [sms]page:52
[2018-07-12 17:01:44][debug] [sms]client IP:118.89.52.235
[2018-07-12 17:01:44][debug] [sms]start:1531386104
[2018-07-12 17:01:47][debug] [sms]all num:10
[2018-07-12 17:01:47][debug] [sms]run num:10
[2018-07-12 17:01:47][debug] [sms]ok num:3
[2018-07-12 17:01:47][debug] [sms]no num:0
[2018-07-12 17:01:47][debug] [sms]run time:3
[2018-07-12 17:01:47][debug] [sms]end:1531386107
[2018-07-12 17:01:47][debug] [sms]page:https://bbs.bivdg.top/plugin.php?id=tom_tchongbao:ajax&act=nitice_sms_hb_run&site=1&tongcheng_id=300&hongbao_id=37&page=53
[2018-07-12 17:01:47][debug] [sms]hongbao id:37
[2018-07-12 17:01:47][debug] [sms]page:53
[2018-07-12 17:01:47][debug] [sms]client IP:118.89.52.235
[2018-07-12 17:01:47][debug] [sms]start:1531386107
[2018-07-12 17:01:50][debug] [sms]all num:10
[2018-07-12 17:01:50][debug] [sms]run num:10
[2018-07-12 17:01:50][debug] [sms]ok num:7
[2018-07-12 17:01:50][debug] [sms]no num:0
[2018-07-12 17:01:50][debug] [sms]run time:3
[2018-07-12 17:01:50][debug] [sms]end:1531386110
[2018-07-12 17:01:50][debug] [sms]page:https://bbs.bivdg.top/plugin.php?id=tom_tchongbao:ajax&act=nitice_sms_hb_run&site=1&tongcheng_id=300&hongbao_id=37&page=54
[2018-07-12 17:01:50][debug] [sms]hongbao id:37
[2018-07-12 17:01:50][debug] [sms]page:54
[2018-07-12 17:01:50][debug] [sms]client IP:118.89.52.235
[2018-07-12 17:01:50][debug] [sms]start:1531386110
[2018-07-12 17:01:53][debug] [sms]all num:10
[2018-07-12 17:01:53][debug] [sms]run num:10
[2018-07-12 17:01:53][debug] [sms]ok num:4
[2018-07-12 17:01:53][debug] [sms]no num:0
[2018-07-12 17:01:53][debug] [sms]run time:3
[2018-07-12 17:01:53][debug] [sms]end:1531386113
[2018-07-12 17:01:53][debug] [sms]page:https://bbs.bivdg.top/plugin.php?id=tom_tchongbao:ajax&act=nitice_sms_hb_run&site=1&tongcheng_id=300&hongbao_id=37&page=55
[2018-07-12 17:01:54][debug] [sms]hongbao id:37
[2018-07-12 17:01:54][debug] [sms]page:55
[2018-07-12 17:01:54][debug] [sms]client IP:118.89.52.235
[2018-07-12 17:01:54][debug] [sms]start:1531386114
[2018-07-12 17:01:56][debug] [sms]all num:10
[2018-07-12 17:01:56][debug] [sms]run num:10
[2018-07-12 17:01:56][debug] [sms]ok num:4
[2018-07-12 17:01:56][debug] [sms]no num:0
[2018-07-12 17:01:56][debug] [sms]run time:2
[2018-07-12 17:01:56][debug] [sms]end:1531386116
[2018-07-12 17:01:56][debug] [sms]page:https://bbs.bivdg.top/plugin.php?id=tom_tchongbao:ajax&act=nitice_sms_hb_run&site=1&tongcheng_id=300&hongbao_id=37&page=56
[2018-07-12 17:01:57][debug] [sms]hongbao id:37
[2018-07-12 17:01:57][debug] [sms]page:56
[2018-07-12 17:01:57][debug] [sms]client IP:118.89.52.235
[2018-07-12 17:01:57][debug] [sms]start:1531386117
[2018-07-12 17:02:00][debug] [sms]all num:10
[2018-07-12 17:02:00][debug] [sms]run num:10
[2018-07-12 17:02:00][debug] [sms]ok num:3
[2018-07-12 17:02:00][debug] [sms]no num:0
[2018-07-12 17:02:00][debug] [sms]run time:3
[2018-07-12 17:02:00][debug] [sms]end:1531386120
[2018-07-12 17:02:00][debug] [sms]page:https://bbs.bivdg.top/plugin.php?id=tom_tchongbao:ajax&act=nitice_sms_hb_run&site=1&tongcheng_id=300&hongbao_id=37&page=57
[2018-07-12 17:02:00][debug] [sms]hongbao id:37
[2018-07-12 17:02:00][debug] [sms]page:57
[2018-07-12 17:02:00][debug] [sms]client IP:118.89.52.235
[2018-07-12 17:02:00][debug] [sms]start:1531386120
[2018-07-12 17:02:03][debug] [sms]all num:10
[2018-07-12 17:02:03][debug] [sms]run num:10
[2018-07-12 17:02:03][debug] [sms]ok num:7
[2018-07-12 17:02:03][debug] [sms]no num:0
[2018-07-12 17:02:03][debug] [sms]run time:3
[2018-07-12 17:02:03][debug] [sms]end:1531386123
[2018-07-12 17:02:03][debug] [sms]page:https://bbs.bivdg.top/plugin.php?id=tom_tchongbao:ajax&act=nitice_sms_hb_run&site=1&tongcheng_id=300&hongbao_id=37&page=58
[2018-07-12 17:02:03][debug] [sms]hongbao id:37
[2018-07-12 17:02:03][debug] [sms]page:58
[2018-07-12 17:02:03][debug] [sms]client IP:118.89.52.235
[2018-07-12 17:02:03][debug] [sms]start:1531386123
[2018-07-12 17:02:06][debug] [sms]all num:10
[2018-07-12 17:02:06][debug] [sms]run num:10
[2018-07-12 17:02:06][debug] [sms]ok num:8
[2018-07-12 17:02:06][debug] [sms]no num:0
[2018-07-12 17:02:06][debug] [sms]run time:3
[2018-07-12 17:02:06][debug] [sms]end:1531386126
[2018-07-12 17:02:06][debug] [sms]page:https://bbs.bivdg.top/plugin.php?id=tom_tchongbao:ajax&act=nitice_sms_hb_run&site=1&tongcheng_id=300&hongbao_id=37&page=59
[2018-07-12 17:02:07][debug] [sms]hongbao id:37
[2018-07-12 17:02:07][debug] [sms]page:59
[2018-07-12 17:02:07][debug] [sms]client IP:118.89.52.235
[2018-07-12 17:02:07][debug] [sms]start:1531386127
[2018-07-12 17:02:10][debug] [sms]all num:10
[2018-07-12 17:02:10][debug] [sms]run num:10
[2018-07-12 17:02:10][debug] [sms]ok num:3
[2018-07-12 17:02:10][debug] [sms]no num:0
[2018-07-12 17:02:10][debug] [sms]run time:3
[2018-07-12 17:02:10][debug] [sms]end:1531386130
[2018-07-12 17:02:10][debug] [sms]page:https://bbs.bivdg.top/plugin.php?id=tom_tchongbao:ajax&act=nitice_sms_hb_run&site=1&tongcheng_id=300&hongbao_id=37&page=60
[2018-07-12 17:02:10][debug] [sms]hongbao id:37
[2018-07-12 17:02:10][debug] [sms]page:60
[2018-07-12 17:02:10][debug] [sms]client IP:118.89.52.235
[2018-07-12 17:02:10][debug] [sms]start:1531386130
[2018-07-12 17:02:15][debug] [sms]all num:10
[2018-07-12 17:02:15][debug] [sms]run num:10
[2018-07-12 17:02:15][debug] [sms]ok num:1
[2018-07-12 17:02:15][debug] [sms]no num:0
[2018-07-12 17:02:15][debug] [sms]run time:5
[2018-07-12 17:02:15][debug] [sms]end:1531386135
[2018-07-12 17:02:15][debug] [sms]page:https://bbs.bivdg.top/plugin.php?id=tom_tchongbao:ajax&act=nitice_sms_hb_run&site=1&tongcheng_id=300&hongbao_id=37&page=61
[2018-07-12 17:02:16][debug] [sms]hongbao id:37
[2018-07-12 17:02:16][debug] [sms]page:61
[2018-07-12 17:02:16][debug] [sms]client IP:118.89.52.235
[2018-07-12 17:02:16][debug] [sms]start:1531386136
[2018-07-12 17:02:19][debug] [sms]all num:10
[2018-07-12 17:02:19][debug] [sms]run num:10
[2018-07-12 17:02:19][debug] [sms]ok num:3
[2018-07-12 17:02:19][debug] [sms]no num:0
[2018-07-12 17:02:19][debug] [sms]run time:3
[2018-07-12 17:02:19][debug] [sms]end:1531386139
[2018-07-12 17:02:19][debug] [sms]page:https://bbs.bivdg.top/plugin.php?id=tom_tchongbao:ajax&act=nitice_sms_hb_run&site=1&tongcheng_id=300&hongbao_id=37&page=62
[2018-07-12 17:02:19][debug] [sms]hongbao id:37
[2018-07-12 17:02:19][debug] [sms]page:62
[2018-07-12 17:02:19][debug] [sms]client IP:118.89.52.235
[2018-07-12 17:02:19][debug] [sms]start:1531386139
[2018-07-12 17:02:22][debug] [sms]all num:10
[2018-07-12 17:02:22][debug] [sms]run num:10
[2018-07-12 17:02:22][debug] [sms]ok num:6
[2018-07-12 17:02:22][debug] [sms]no num:0
[2018-07-12 17:02:22][debug] [sms]run time:3
[2018-07-12 17:02:22][debug] [sms]end:1531386142
[2018-07-12 17:02:22][debug] [sms]page:https://bbs.bivdg.top/plugin.php?id=tom_tchongbao:ajax&act=nitice_sms_hb_run&site=1&tongcheng_id=300&hongbao_id=37&page=63
[2018-07-12 17:02:23][debug] [sms]hongbao id:37
[2018-07-12 17:02:23][debug] [sms]page:63
[2018-07-12 17:02:23][debug] [sms]client IP:118.89.52.235
[2018-07-12 17:02:23][debug] [sms]start:1531386143
[2018-07-12 17:02:26][debug] [sms]all num:10
[2018-07-12 17:02:26][debug] [sms]run num:10
[2018-07-12 17:02:26][debug] [sms]ok num:5
[2018-07-12 17:02:26][debug] [sms]no num:0
[2018-07-12 17:02:26][debug] [sms]run time:3
[2018-07-12 17:02:26][debug] [sms]end:1531386146
[2018-07-12 17:02:26][debug] [sms]page:https://bbs.bivdg.top/plugin.php?id=tom_tchongbao:ajax&act=nitice_sms_hb_run&site=1&tongcheng_id=300&hongbao_id=37&page=64
[2018-07-12 17:02:26][debug] [sms]hongbao id:37
[2018-07-12 17:02:26][debug] [sms]page:64
[2018-07-12 17:02:26][debug] [sms]client IP:118.89.52.235
[2018-07-12 17:02:26][debug] [sms]start:1531386146
[2018-07-12 17:02:29][debug] [sms]all num:10
[2018-07-12 17:02:29][debug] [sms]run num:10
[2018-07-12 17:02:29][debug] [sms]ok num:6
[2018-07-12 17:02:29][debug] [sms]no num:0
[2018-07-12 17:02:29][debug] [sms]run time:3
[2018-07-12 17:02:29][debug] [sms]end:1531386149
[2018-07-12 17:02:29][debug] [sms]page:https://bbs.bivdg.top/plugin.php?id=tom_tchongbao:ajax&act=nitice_sms_hb_run&site=1&tongcheng_id=300&hongbao_id=37&page=65
[2018-07-12 17:02:29][debug] [sms]hongbao id:37
[2018-07-12 17:02:29][debug] [sms]page:65
[2018-07-12 17:02:29][debug] [sms]client IP:118.89.52.235
[2018-07-12 17:02:29][debug] [sms]start:1531386149
[2018-07-12 17:02:32][debug] [sms]all num:10
[2018-07-12 17:02:32][debug] [sms]run num:10
[2018-07-12 17:02:32][debug] [sms]ok num:4
[2018-07-12 17:02:32][debug] [sms]no num:0
[2018-07-12 17:02:32][debug] [sms]run time:3
[2018-07-12 17:02:32][debug] [sms]end:1531386152
[2018-07-12 17:02:32][debug] [sms]page:https://bbs.bivdg.top/plugin.php?id=tom_tchongbao:ajax&act=nitice_sms_hb_run&site=1&tongcheng_id=300&hongbao_id=37&page=66
[2018-07-12 17:02:32][debug] [sms]hongbao id:37
[2018-07-12 17:02:32][debug] [sms]page:66
[2018-07-12 17:02:32][debug] [sms]client IP:118.89.52.235
[2018-07-12 17:02:32][debug] [sms]start:1531386152
[2018-07-12 17:02:35][debug] [sms]all num:10
[2018-07-12 17:02:35][debug] [sms]run num:10
[2018-07-12 17:02:35][debug] [sms]ok num:4
[2018-07-12 17:02:35][debug] [sms]no num:0
[2018-07-12 17:02:35][debug] [sms]run time:3
[2018-07-12 17:02:35][debug] [sms]end:1531386155
[2018-07-12 17:02:35][debug] [sms]page:https://bbs.bivdg.top/plugin.php?id=tom_tchongbao:ajax&act=nitice_sms_hb_run&site=1&tongcheng_id=300&hongbao_id=37&page=67
[2018-07-12 17:02:35][debug] [sms]hongbao id:37
[2018-07-12 17:02:35][debug] [sms]page:67
[2018-07-12 17:02:35][debug] [sms]client IP:118.89.52.235
[2018-07-12 17:02:35][debug] [sms]start:1531386155
[2018-07-12 17:02:38][debug] [sms]all num:10
[2018-07-12 17:02:38][debug] [sms]run num:10
[2018-07-12 17:02:38][debug] [sms]ok num:6
[2018-07-12 17:02:38][debug] [sms]no num:0
[2018-07-12 17:02:38][debug] [sms]run time:3
[2018-07-12 17:02:38][debug] [sms]end:1531386158
[2018-07-12 17:02:38][debug] [sms]page:https://bbs.bivdg.top/plugin.php?id=tom_tchongbao:ajax&act=nitice_sms_hb_run&site=1&tongcheng_id=300&hongbao_id=37&page=68
[2018-07-12 17:02:38][debug] [sms]hongbao id:37
[2018-07-12 17:02:38][debug] [sms]page:68
[2018-07-12 17:02:38][debug] [sms]client IP:118.89.52.235
[2018-07-12 17:02:38][debug] [sms]start:1531386158
[2018-07-12 17:02:41][debug] [sms]all num:10
[2018-07-12 17:02:41][debug] [sms]run num:10
[2018-07-12 17:02:41][debug] [sms]ok num:4
[2018-07-12 17:02:41][debug] [sms]no num:0
[2018-07-12 17:02:41][debug] [sms]run time:3
[2018-07-12 17:02:41][debug] [sms]end:1531386161
[2018-07-12 17:02:41][debug] [sms]page:https://bbs.bivdg.top/plugin.php?id=tom_tchongbao:ajax&act=nitice_sms_hb_run&site=1&tongcheng_id=300&hongbao_id=37&page=69
[2018-07-12 17:02:41][debug] [sms]hongbao id:37
[2018-07-12 17:02:41][debug] [sms]page:69
[2018-07-12 17:02:41][debug] [sms]client IP:118.89.52.235
[2018-07-12 17:02:41][debug] [sms]start:1531386161
[2018-07-12 17:02:44][debug] [sms]all num:10
[2018-07-12 17:02:44][debug] [sms]run num:10
[2018-07-12 17:02:44][debug] [sms]ok num:4
[2018-07-12 17:02:44][debug] [sms]no num:0
[2018-07-12 17:02:44][debug] [sms]run time:3
[2018-07-12 17:02:44][debug] [sms]end:1531386164
[2018-07-12 17:02:44][debug] [sms]page:https://bbs.bivdg.top/plugin.php?id=tom_tchongbao:ajax&act=nitice_sms_hb_run&site=1&tongcheng_id=300&hongbao_id=37&page=70
[2018-07-12 17:02:45][debug] [sms]hongbao id:37
[2018-07-12 17:02:45][debug] [sms]page:70
[2018-07-12 17:02:45][debug] [sms]client IP:118.89.52.235
[2018-07-12 17:02:45][debug] [sms]start:1531386165
[2018-07-12 17:02:48][debug] [sms]all num:10
[2018-07-12 17:02:48][debug] [sms]run num:10
[2018-07-12 17:02:48][debug] [sms]ok num:8
[2018-07-12 17:02:48][debug] [sms]no num:0
[2018-07-12 17:02:48][debug] [sms]run time:3
[2018-07-12 17:02:48][debug] [sms]end:1531386168
[2018-07-12 17:02:48][debug] [sms]page:https://bbs.bivdg.top/plugin.php?id=tom_tchongbao:ajax&act=nitice_sms_hb_run&site=1&tongcheng_id=300&hongbao_id=37&page=71
[2018-07-12 17:02:48][debug] [sms]hongbao id:37
[2018-07-12 17:02:48][debug] [sms]page:71
[2018-07-12 17:02:48][debug] [sms]client IP:118.89.52.235
[2018-07-12 17:02:48][debug] [sms]start:1531386168
[2018-07-12 17:02:51][debug] [sms]all num:10
[2018-07-12 17:02:51][debug] [sms]run num:10
[2018-07-12 17:02:51][debug] [sms]ok num:6
[2018-07-12 17:02:51][debug] [sms]no num:0
[2018-07-12 17:02:51][debug] [sms]run time:3
[2018-07-12 17:02:51][debug] [sms]end:1531386171
[2018-07-12 17:02:51][debug] [sms]page:https://bbs.bivdg.top/plugin.php?id=tom_tchongbao:ajax&act=nitice_sms_hb_run&site=1&tongcheng_id=300&hongbao_id=37&page=72
[2018-07-12 17:02:51][debug] [sms]hongbao id:37
[2018-07-12 17:02:51][debug] [sms]page:72
[2018-07-12 17:02:51][debug] [sms]client IP:118.89.52.235
[2018-07-12 17:02:51][debug] [sms]start:1531386171
[2018-07-12 17:02:54][debug] [sms]all num:10
[2018-07-12 17:02:54][debug] [sms]run num:10
[2018-07-12 17:02:54][debug] [sms]ok num:2
[2018-07-12 17:02:54][debug] [sms]no num:0
[2018-07-12 17:02:54][debug] [sms]run time:3
[2018-07-12 17:02:54][debug] [sms]end:1531386174
[2018-07-12 17:02:54][debug] [sms]page:https://bbs.bivdg.top/plugin.php?id=tom_tchongbao:ajax&act=nitice_sms_hb_run&site=1&tongcheng_id=300&hongbao_id=37&page=73
[2018-07-12 17:02:54][debug] [sms]hongbao id:37
[2018-07-12 17:02:54][debug] [sms]page:73
[2018-07-12 17:02:54][debug] [sms]client IP:118.89.52.235
[2018-07-12 17:02:54][debug] [sms]start:1531386174
[2018-07-12 17:02:57][debug] [sms]all num:10
[2018-07-12 17:02:57][debug] [sms]run num:9
[2018-07-12 17:02:57][debug] [sms]ok num:1
[2018-07-12 17:02:57][debug] [sms]no num:0
[2018-07-12 17:02:57][debug] [sms]run time:3
[2018-07-12 17:02:57][debug] [sms]end:1531386177
[2018-07-12 17:02:57][debug] [sms]page:https://bbs.bivdg.top/plugin.php?id=tom_tchongbao:ajax&act=nitice_sms_hb_run&site=1&tongcheng_id=300&hongbao_id=37&page=74
[2018-07-12 17:02:57][debug] [sms]hongbao id:37
[2018-07-12 17:02:57][debug] [sms]page:74
[2018-07-12 17:02:57][debug] [sms]client IP:118.89.52.235
[2018-07-12 17:02:57][debug] [sms]start:1531386177
[2018-07-12 17:03:00][debug] [sms]all num:10
[2018-07-12 17:03:00][debug] [sms]run num:10
[2018-07-12 17:03:00][debug] [sms]ok num:0
[2018-07-12 17:03:00][debug] [sms]no num:0
[2018-07-12 17:03:00][debug] [sms]run time:3
[2018-07-12 17:03:00][debug] [sms]end:1531386180
[2018-07-12 17:03:00][debug] [sms]page:https://bbs.bivdg.top/plugin.php?id=tom_tchongbao:ajax&act=nitice_sms_hb_run&site=1&tongcheng_id=300&hongbao_id=37&page=75
[2018-07-12 17:03:00][debug] [sms]hongbao id:37
[2018-07-12 17:03:00][debug] [sms]page:75
[2018-07-12 17:03:00][debug] [sms]client IP:118.89.52.235
[2018-07-12 17:03:00][debug] [sms]start:1531386180
[2018-07-12 17:03:03][debug] [sms]all num:10
[2018-07-12 17:03:03][debug] [sms]run num:10
[2018-07-12 17:03:03][debug] [sms]ok num:4
[2018-07-12 17:03:03][debug] [sms]no num:0
[2018-07-12 17:03:03][debug] [sms]run time:3
[2018-07-12 17:03:03][debug] [sms]end:1531386183
[2018-07-12 17:03:03][debug] [sms]page:https://bbs.bivdg.top/plugin.php?id=tom_tchongbao:ajax&act=nitice_sms_hb_run&site=1&tongcheng_id=300&hongbao_id=37&page=76
[2018-07-12 17:03:04][debug] [sms]hongbao id:37
[2018-07-12 17:03:04][debug] [sms]page:76
[2018-07-12 17:03:04][debug] [sms]client IP:118.89.52.235
[2018-07-12 17:03:04][debug] [sms]start:1531386184
[2018-07-12 17:03:07][debug] [sms]all num:10
[2018-07-12 17:03:07][debug] [sms]run num:10
[2018-07-12 17:03:07][debug] [sms]ok num:5
[2018-07-12 17:03:07][debug] [sms]no num:0
[2018-07-12 17:03:07][debug] [sms]run time:3
[2018-07-12 17:03:07][debug] [sms]end:1531386187
[2018-07-12 17:03:07][debug] [sms]page:https://bbs.bivdg.top/plugin.php?id=tom_tchongbao:ajax&act=nitice_sms_hb_run&site=1&tongcheng_id=300&hongbao_id=37&page=77
[2018-07-12 17:03:07][debug] [sms]hongbao id:37
[2018-07-12 17:03:07][debug] [sms]page:77
[2018-07-12 17:03:07][debug] [sms]client IP:118.89.52.235
[2018-07-12 17:03:07][debug] [sms]start:1531386187
[2018-07-12 17:03:10][debug] [sms]all num:10
[2018-07-12 17:03:10][debug] [sms]run num:9
[2018-07-12 17:03:10][debug] [sms]ok num:3
[2018-07-12 17:03:10][debug] [sms]no num:0
[2018-07-12 17:03:10][debug] [sms]run time:3
[2018-07-12 17:03:10][debug] [sms]end:1531386190
[2018-07-12 17:03:10][debug] [sms]page:https://bbs.bivdg.top/plugin.php?id=tom_tchongbao:ajax&act=nitice_sms_hb_run&site=1&tongcheng_id=300&hongbao_id=37&page=78
[2018-07-12 17:03:10][debug] [sms]hongbao id:37
[2018-07-12 17:03:10][debug] [sms]page:78
[2018-07-12 17:03:10][debug] [sms]client IP:118.89.52.235
[2018-07-12 17:03:10][debug] [sms]start:1531386190
[2018-07-12 17:03:13][debug] [sms]all num:10
[2018-07-12 17:03:13][debug] [sms]run num:10
[2018-07-12 17:03:13][debug] [sms]ok num:0
[2018-07-12 17:03:13][debug] [sms]no num:0
[2018-07-12 17:03:13][debug] [sms]run time:3
[2018-07-12 17:03:13][debug] [sms]end:1531386193
[2018-07-12 17:03:13][debug] [sms]page:https://bbs.bivdg.top/plugin.php?id=tom_tchongbao:ajax&act=nitice_sms_hb_run&site=1&tongcheng_id=300&hongbao_id=37&page=79
[2018-07-12 17:03:13][debug] [sms]hongbao id:37
[2018-07-12 17:03:13][debug] [sms]page:79
[2018-07-12 17:03:13][debug] [sms]client IP:118.89.52.235
[2018-07-12 17:03:13][debug] [sms]start:1531386193
[2018-07-12 17:03:16][debug] [sms]all num:10
[2018-07-12 17:03:16][debug] [sms]run num:10
[2018-07-12 17:03:16][debug] [sms]ok num:5
[2018-07-12 17:03:16][debug] [sms]no num:0
[2018-07-12 17:03:16][debug] [sms]run time:3
[2018-07-12 17:03:16][debug] [sms]end:1531386196
[2018-07-12 17:03:16][debug] [sms]page:https://bbs.bivdg.top/plugin.php?id=tom_tchongbao:ajax&act=nitice_sms_hb_run&site=1&tongcheng_id=300&hongbao_id=37&page=80
[2018-07-12 17:03:16][debug] [sms]hongbao id:37
[2018-07-12 17:03:16][debug] [sms]page:80
[2018-07-12 17:03:16][debug] [sms]client IP:118.89.52.235
[2018-07-12 17:03:16][debug] [sms]start:1531386196
[2018-07-12 17:03:19][debug] [sms]all num:10
[2018-07-12 17:03:19][debug] [sms]run num:10
[2018-07-12 17:03:19][debug] [sms]ok num:1
[2018-07-12 17:03:19][debug] [sms]no num:0
[2018-07-12 17:03:19][debug] [sms]run time:3
[2018-07-12 17:03:19][debug] [sms]end:1531386199
[2018-07-12 17:03:19][debug] [sms]page:https://bbs.bivdg.top/plugin.php?id=tom_tchongbao:ajax&act=nitice_sms_hb_run&site=1&tongcheng_id=300&hongbao_id=37&page=81
[2018-07-12 17:03:19][debug] [sms]hongbao id:37
[2018-07-12 17:03:19][debug] [sms]page:81
[2018-07-12 17:03:19][debug] [sms]client IP:118.89.52.235
[2018-07-12 17:03:19][debug] [sms]start:1531386199
[2018-07-12 17:03:22][debug] [sms]all num:10
[2018-07-12 17:03:22][debug] [sms]run num:10
[2018-07-12 17:03:22][debug] [sms]ok num:2
[2018-07-12 17:03:22][debug] [sms]no num:0
[2018-07-12 17:03:22][debug] [sms]run time:3
[2018-07-12 17:03:22][debug] [sms]end:1531386202
[2018-07-12 17:03:22][debug] [sms]page:https://bbs.bivdg.top/plugin.php?id=tom_tchongbao:ajax&act=nitice_sms_hb_run&site=1&tongcheng_id=300&hongbao_id=37&page=82
[2018-07-12 17:03:22][debug] [sms]hongbao id:37
[2018-07-12 17:03:22][debug] [sms]page:82
[2018-07-12 17:03:22][debug] [sms]client IP:118.89.52.235
[2018-07-12 17:03:22][debug] [sms]start:1531386202
[2018-07-12 17:03:25][debug] [sms]all num:10
[2018-07-12 17:03:25][debug] [sms]run num:10
[2018-07-12 17:03:25][debug] [sms]ok num:2
[2018-07-12 17:03:25][debug] [sms]no num:0
[2018-07-12 17:03:25][debug] [sms]run time:3
[2018-07-12 17:03:25][debug] [sms]end:1531386205
[2018-07-12 17:03:25][debug] [sms]page:https://bbs.bivdg.top/plugin.php?id=tom_tchongbao:ajax&act=nitice_sms_hb_run&site=1&tongcheng_id=300&hongbao_id=37&page=83
[2018-07-12 17:03:26][debug] [sms]hongbao id:37
[2018-07-12 17:03:26][debug] [sms]page:83
[2018-07-12 17:03:26][debug] [sms]client IP:118.89.52.235
[2018-07-12 17:03:26][debug] [sms]start:1531386206
[2018-07-12 17:03:28][debug] [sms]all num:10
[2018-07-12 17:03:28][debug] [sms]run num:9
[2018-07-12 17:03:28][debug] [sms]ok num:1
[2018-07-12 17:03:28][debug] [sms]no num:0
[2018-07-12 17:03:28][debug] [sms]run time:2
[2018-07-12 17:03:28][debug] [sms]end:1531386208
[2018-07-12 17:03:28][debug] [sms]page:https://bbs.bivdg.top/plugin.php?id=tom_tchongbao:ajax&act=nitice_sms_hb_run&site=1&tongcheng_id=300&hongbao_id=37&page=84
[2018-07-12 17:03:29][debug] [sms]hongbao id:37
[2018-07-12 17:03:29][debug] [sms]page:84
[2018-07-12 17:03:29][debug] [sms]client IP:118.89.52.235
[2018-07-12 17:03:29][debug] [sms]start:1531386209
[2018-07-12 17:03:32][debug] [sms]all num:10
[2018-07-12 17:03:32][debug] [sms]run num:10
[2018-07-12 17:03:32][debug] [sms]ok num:5
[2018-07-12 17:03:32][debug] [sms]no num:0
[2018-07-12 17:03:32][debug] [sms]run time:3
[2018-07-12 17:03:32][debug] [sms]end:1531386212
[2018-07-12 17:03:32][debug] [sms]page:https://bbs.bivdg.top/plugin.php?id=tom_tchongbao:ajax&act=nitice_sms_hb_run&site=1&tongcheng_id=300&hongbao_id=37&page=85
[2018-07-12 17:03:32][debug] [sms]hongbao id:37
[2018-07-12 17:03:32][debug] [sms]page:85
[2018-07-12 17:03:32][debug] [sms]client IP:118.89.52.235
[2018-07-12 17:03:32][debug] [sms]start:1531386212
[2018-07-12 17:03:35][debug] [sms]all num:10
[2018-07-12 17:03:35][debug] [sms]run num:10
[2018-07-12 17:03:35][debug] [sms]ok num:5
[2018-07-12 17:03:35][debug] [sms]no num:0
[2018-07-12 17:03:35][debug] [sms]run time:3
[2018-07-12 17:03:35][debug] [sms]end:1531386215
[2018-07-12 17:03:35][debug] [sms]page:https://bbs.bivdg.top/plugin.php?id=tom_tchongbao:ajax&act=nitice_sms_hb_run&site=1&tongcheng_id=300&hongbao_id=37&page=86
[2018-07-12 17:03:35][debug] [sms]hongbao id:37
[2018-07-12 17:03:35][debug] [sms]page:86
[2018-07-12 17:03:35][debug] [sms]client IP:118.89.52.235
[2018-07-12 17:03:35][debug] [sms]start:1531386215
[2018-07-12 17:03:38][debug] [sms]all num:10
[2018-07-12 17:03:38][debug] [sms]run num:10
[2018-07-12 17:03:38][debug] [sms]ok num:1
[2018-07-12 17:03:38][debug] [sms]no num:0
[2018-07-12 17:03:38][debug] [sms]run time:3
[2018-07-12 17:03:38][debug] [sms]end:1531386218
[2018-07-12 17:03:38][debug] [sms]page:https://bbs.bivdg.top/plugin.php?id=tom_tchongbao:ajax&act=nitice_sms_hb_run&site=1&tongcheng_id=300&hongbao_id=37&page=87
[2018-07-12 17:03:38][debug] [sms]hongbao id:37
[2018-07-12 17:03:38][debug] [sms]page:87
[2018-07-12 17:03:38][debug] [sms]client IP:118.89.52.235
[2018-07-12 17:03:38][debug] [sms]start:1531386218
[2018-07-12 17:03:41][debug] [sms]all num:10
[2018-07-12 17:03:41][debug] [sms]run num:9
[2018-07-12 17:03:41][debug] [sms]ok num:2
[2018-07-12 17:03:41][debug] [sms]no num:0
[2018-07-12 17:03:41][debug] [sms]run time:3
[2018-07-12 17:03:41][debug] [sms]end:1531386221
[2018-07-12 17:03:41][debug] [sms]page:https://bbs.bivdg.top/plugin.php?id=tom_tchongbao:ajax&act=nitice_sms_hb_run&site=1&tongcheng_id=300&hongbao_id=37&page=88
[2018-07-12 17:03:41][debug] [sms]hongbao id:37
[2018-07-12 17:03:41][debug] [sms]page:88
[2018-07-12 17:03:41][debug] [sms]client IP:118.89.52.235
[2018-07-12 17:03:41][debug] [sms]start:1531386221
[2018-07-12 17:03:44][debug] [sms]all num:10
[2018-07-12 17:03:44][debug] [sms]run num:9
[2018-07-12 17:03:44][debug] [sms]ok num:2
[2018-07-12 17:03:44][debug] [sms]no num:0
[2018-07-12 17:03:44][debug] [sms]run time:3
[2018-07-12 17:03:44][debug] [sms]end:1531386224
[2018-07-12 17:03:44][debug] [sms]page:https://bbs.bivdg.top/plugin.php?id=tom_tchongbao:ajax&act=nitice_sms_hb_run&site=1&tongcheng_id=300&hongbao_id=37&page=89
[2018-07-12 17:03:44][debug] [sms]hongbao id:37
[2018-07-12 17:03:44][debug] [sms]page:89
[2018-07-12 17:03:44][debug] [sms]client IP:118.89.52.235
[2018-07-12 17:03:44][debug] [sms]start:1531386224
[2018-07-12 17:03:47][debug] [sms]all num:10
[2018-07-12 17:03:47][debug] [sms]run num:10
[2018-07-12 17:03:47][debug] [sms]ok num:1
[2018-07-12 17:03:47][debug] [sms]no num:0
[2018-07-12 17:03:47][debug] [sms]run time:3
[2018-07-12 17:03:47][debug] [sms]end:1531386227
[2018-07-12 17:03:47][debug] [sms]page:https://bbs.bivdg.top/plugin.php?id=tom_tchongbao:ajax&act=nitice_sms_hb_run&site=1&tongcheng_id=300&hongbao_id=37&page=90
[2018-07-12 17:03:47][debug] [sms]hongbao id:37
[2018-07-12 17:03:47][debug] [sms]page:90
[2018-07-12 17:03:47][debug] [sms]client IP:118.89.52.235
[2018-07-12 17:03:47][debug] [sms]start:1531386227
[2018-07-12 17:03:50][debug] [sms]all num:10
[2018-07-12 17:03:50][debug] [sms]run num:10
[2018-07-12 17:03:50][debug] [sms]ok num:4
[2018-07-12 17:03:50][debug] [sms]no num:0
[2018-07-12 17:03:50][debug] [sms]run time:3
[2018-07-12 17:03:50][debug] [sms]end:1531386230
[2018-07-12 17:03:50][debug] [sms]page:https://bbs.bivdg.top/plugin.php?id=tom_tchongbao:ajax&act=nitice_sms_hb_run&site=1&tongcheng_id=300&hongbao_id=37&page=91
[2018-07-12 17:03:51][debug] [sms]hongbao id:37
[2018-07-12 17:03:51][debug] [sms]page:91
[2018-07-12 17:03:51][debug] [sms]client IP:118.89.52.235
[2018-07-12 17:03:51][debug] [sms]start:1531386231
[2018-07-12 17:03:54][debug] [sms]all num:10
[2018-07-12 17:03:54][debug] [sms]run num:10
[2018-07-12 17:03:54][debug] [sms]ok num:4
[2018-07-12 17:03:54][debug] [sms]no num:0
[2018-07-12 17:03:54][debug] [sms]run time:3
[2018-07-12 17:03:54][debug] [sms]end:1531386234
[2018-07-12 17:03:54][debug] [sms]page:https://bbs.bivdg.top/plugin.php?id=tom_tchongbao:ajax&act=nitice_sms_hb_run&site=1&tongcheng_id=300&hongbao_id=37&page=92
[2018-07-12 17:03:54][debug] [sms]hongbao id:37
[2018-07-12 17:03:54][debug] [sms]page:92
[2018-07-12 17:03:54][debug] [sms]client IP:118.89.52.235
[2018-07-12 17:03:54][debug] [sms]start:1531386234
[2018-07-12 17:03:57][debug] [sms]all num:10
[2018-07-12 17:03:57][debug] [sms]run num:10
[2018-07-12 17:03:57][debug] [sms]ok num:1
[2018-07-12 17:03:57][debug] [sms]no num:0
[2018-07-12 17:03:57][debug] [sms]run time:3
[2018-07-12 17:03:57][debug] [sms]end:1531386237
[2018-07-12 17:03:57][debug] [sms]page:https://bbs.bivdg.top/plugin.php?id=tom_tchongbao:ajax&act=nitice_sms_hb_run&site=1&tongcheng_id=300&hongbao_id=37&page=93
[2018-07-12 17:03:57][debug] [sms]hongbao id:37
[2018-07-12 17:03:57][debug] [sms]page:93
[2018-07-12 17:03:57][debug] [sms]client IP:118.89.52.235
[2018-07-12 17:03:57][debug] [sms]start:1531386237
[2018-07-12 17:04:00][debug] [sms]all num:10
[2018-07-12 17:04:00][debug] [sms]run num:10
[2018-07-12 17:04:00][debug] [sms]ok num:2
[2018-07-12 17:04:00][debug] [sms]no num:0
[2018-07-12 17:04:00][debug] [sms]run time:3
[2018-07-12 17:04:00][debug] [sms]end:1531386240
[2018-07-12 17:04:00][debug] [sms]page:https://bbs.bivdg.top/plugin.php?id=tom_tchongbao:ajax&act=nitice_sms_hb_run&site=1&tongcheng_id=300&hongbao_id=37&page=94
[2018-07-12 17:04:00][debug] [sms]hongbao id:37
[2018-07-12 17:04:00][debug] [sms]page:94
[2018-07-12 17:04:00][debug] [sms]client IP:118.89.52.235
[2018-07-12 17:04:00][debug] [sms]start:1531386240
[2018-07-12 17:04:03][debug] [sms]all num:10
[2018-07-12 17:04:03][debug] [sms]run num:10
[2018-07-12 17:04:03][debug] [sms]ok num:2
[2018-07-12 17:04:03][debug] [sms]no num:1
[2018-07-12 17:04:03][debug] [sms]run time:3
[2018-07-12 17:04:03][debug] [sms]end:1531386243
[2018-07-12 17:04:03][debug] [sms]page:https://bbs.bivdg.top/plugin.php?id=tom_tchongbao:ajax&act=nitice_sms_hb_run&site=1&tongcheng_id=300&hongbao_id=37&page=95
[2018-07-12 17:04:03][debug] [sms]hongbao id:37
[2018-07-12 17:04:03][debug] [sms]page:95
[2018-07-12 17:04:03][debug] [sms]client IP:118.89.52.235
[2018-07-12 17:04:03][debug] [sms]start:1531386243
[2018-07-12 17:04:06][debug] [sms]all num:10
[2018-07-12 17:04:06][debug] [sms]run num:10
[2018-07-12 17:04:06][debug] [sms]ok num:2
[2018-07-12 17:04:06][debug] [sms]no num:0
[2018-07-12 17:04:06][debug] [sms]run time:3
[2018-07-12 17:04:06][debug] [sms]end:1531386246
[2018-07-12 17:04:06][debug] [sms]page:https://bbs.bivdg.top/plugin.php?id=tom_tchongbao:ajax&act=nitice_sms_hb_run&site=1&tongcheng_id=300&hongbao_id=37&page=96
[2018-07-12 17:04:06][debug] [sms]hongbao id:37
[2018-07-12 17:04:06][debug] [sms]page:96
[2018-07-12 17:04:06][debug] [sms]client IP:118.89.52.235
[2018-07-12 17:04:06][debug] [sms]start:1531386246
[2018-07-12 17:04:09][debug] [sms]all num:10
[2018-07-12 17:04:09][debug] [sms]run num:10
[2018-07-12 17:04:09][debug] [sms]ok num:3
[2018-07-12 17:04:09][debug] [sms]no num:0
[2018-07-12 17:04:09][debug] [sms]run time:3
[2018-07-12 17:04:09][debug] [sms]end:1531386249
[2018-07-12 17:04:09][debug] [sms]page:https://bbs.bivdg.top/plugin.php?id=tom_tchongbao:ajax&act=nitice_sms_hb_run&site=1&tongcheng_id=300&hongbao_id=37&page=97
[2018-07-12 17:04:10][debug] [sms]hongbao id:37
[2018-07-12 17:04:10][debug] [sms]page:97
[2018-07-12 17:04:10][debug] [sms]client IP:118.89.52.235
[2018-07-12 17:04:10][debug] [sms]start:1531386250
[2018-07-12 17:04:13][debug] [sms]all num:10
[2018-07-12 17:04:13][debug] [sms]run num:10
[2018-07-12 17:04:13][debug] [sms]ok num:0
[2018-07-12 17:04:13][debug] [sms]no num:0
[2018-07-12 17:04:13][debug] [sms]run time:3
[2018-07-12 17:04:13][debug] [sms]end:1531386253
[2018-07-12 17:04:13][debug] [sms]page:https://bbs.bivdg.top/plugin.php?id=tom_tchongbao:ajax&act=nitice_sms_hb_run&site=1&tongcheng_id=300&hongbao_id=37&page=98
[2018-07-12 17:04:14][debug] [sms]hongbao id:37
[2018-07-12 17:04:14][debug] [sms]page:98
[2018-07-12 17:04:14][debug] [sms]client IP:118.89.52.235
[2018-07-12 17:04:14][debug] [sms]start:1531386254
[2018-07-12 17:04:17][debug] [sms]all num:10
[2018-07-12 17:04:17][debug] [sms]run num:10
[2018-07-12 17:04:17][debug] [sms]ok num:3
[2018-07-12 17:04:17][debug] [sms]no num:0
[2018-07-12 17:04:17][debug] [sms]run time:3
[2018-07-12 17:04:17][debug] [sms]end:1531386257
[2018-07-12 17:04:17][debug] [sms]page:https://bbs.bivdg.top/plugin.php?id=tom_tchongbao:ajax&act=nitice_sms_hb_run&site=1&tongcheng_id=300&hongbao_id=37&page=99
[2018-07-12 17:04:17][debug] [sms]hongbao id:37
[2018-07-12 17:04:17][debug] [sms]page:99
[2018-07-12 17:04:17][debug] [sms]client IP:118.89.52.235
[2018-07-12 17:04:17][debug] [sms]start:1531386257
[2018-07-12 17:04:19][debug] [sms]all num:10
[2018-07-12 17:04:19][debug] [sms]run num:9
[2018-07-12 17:04:19][debug] [sms]ok num:3
[2018-07-12 17:04:19][debug] [sms]no num:0
[2018-07-12 17:04:19][debug] [sms]run time:2
[2018-07-12 17:04:19][debug] [sms]end:1531386259
[2018-07-12 17:04:19][debug] [sms]page:https://bbs.bivdg.top/plugin.php?id=tom_tchongbao:ajax&act=nitice_sms_hb_run&site=1&tongcheng_id=300&hongbao_id=37&page=100
[2018-07-12 17:04:20][debug] [sms]hongbao id:37
[2018-07-12 17:04:20][debug] [sms]page:100
[2018-07-12 17:04:20][debug] [sms]client IP:118.89.52.235
[2018-07-12 17:04:20][debug] [sms]start:1531386260
[2018-07-12 17:04:22][debug] [sms]all num:10
[2018-07-12 17:04:22][debug] [sms]run num:10
[2018-07-12 17:04:22][debug] [sms]ok num:1
[2018-07-12 17:04:22][debug] [sms]no num:0
[2018-07-12 17:04:22][debug] [sms]run time:2
[2018-07-12 17:04:22][debug] [sms]end:1531386262
[2018-07-12 17:04:22][debug] [sms]page:https://bbs.bivdg.top/plugin.php?id=tom_tchongbao:ajax&act=nitice_sms_hb_run&site=1&tongcheng_id=300&hongbao_id=37&page=101
[2018-07-12 17:04:23][debug] [sms]--------------------- over 101 -------------------------
