[2018-09-02 21:48:03][debug] [sms]--------------------- new -------------------------
[2018-09-02 21:48:03][debug] [sms]hongbao id:59
[2018-09-02 21:48:03][debug] [sms]page:1
[2018-09-02 21:48:03][debug] [sms]client IP:118.89.52.235
[2018-09-02 21:48:03][debug] [sms]start:1535896083
[2018-09-02 21:48:06][debug] [sms]all num:10
[2018-09-02 21:48:06][debug] [sms]run num:10
[2018-09-02 21:48:06][debug] [sms]ok num:9
[2018-09-02 21:48:06][debug] [sms]no num:0
[2018-09-02 21:48:06][debug] [sms]run time:3
[2018-09-02 21:48:06][debug] [sms]end:1535896086
[2018-09-02 21:48:06][debug] [sms]page:https://bbs.bivfw.top/plugin.php?id=tom_tchongbao:ajax&act=nitice_sms_hb_run&site=1&tongcheng_id=494&hongbao_id=59&page=2
[2018-09-02 21:48:06][debug] [sms]hongbao id:59
[2018-09-02 21:48:06][debug] [sms]page:2
[2018-09-02 21:48:06][debug] [sms]client IP:118.89.52.235
[2018-09-02 21:48:06][debug] [sms]start:1535896086
[2018-09-02 21:48:10][debug] [sms]all num:10
[2018-09-02 21:48:10][debug] [sms]run num:10
[2018-09-02 21:48:10][debug] [sms]ok num:8
[2018-09-02 21:48:10][debug] [sms]no num:0
[2018-09-02 21:48:10][debug] [sms]run time:4
[2018-09-02 21:48:10][debug] [sms]end:1535896090
[2018-09-02 21:48:10][debug] [sms]page:https://bbs.bivfw.top/plugin.php?id=tom_tchongbao:ajax&act=nitice_sms_hb_run&site=1&tongcheng_id=494&hongbao_id=59&page=3
[2018-09-02 21:48:10][debug] [sms]hongbao id:59
[2018-09-02 21:48:10][debug] [sms]page:3
[2018-09-02 21:48:10][debug] [sms]client IP:118.89.52.235
[2018-09-02 21:48:10][debug] [sms]start:1535896090
[2018-09-02 21:48:13][debug] [sms]all num:10
[2018-09-02 21:48:13][debug] [sms]run num:10
[2018-09-02 21:48:13][debug] [sms]ok num:8
[2018-09-02 21:48:13][debug] [sms]no num:0
[2018-09-02 21:48:13][debug] [sms]run time:3
[2018-09-02 21:48:13][debug] [sms]end:1535896093
[2018-09-02 21:48:13][debug] [sms]page:https://bbs.bivfw.top/plugin.php?id=tom_tchongbao:ajax&act=nitice_sms_hb_run&site=1&tongcheng_id=494&hongbao_id=59&page=4
[2018-09-02 21:48:14][debug] [sms]hongbao id:59
[2018-09-02 21:48:14][debug] [sms]page:4
[2018-09-02 21:48:14][debug] [sms]client IP:118.89.52.235
[2018-09-02 21:48:14][debug] [sms]start:1535896094
[2018-09-02 21:48:17][debug] [sms]all num:10
[2018-09-02 21:48:17][debug] [sms]run num:10
[2018-09-02 21:48:17][debug] [sms]ok num:9
[2018-09-02 21:48:17][debug] [sms]no num:0
[2018-09-02 21:48:17][debug] [sms]run time:3
[2018-09-02 21:48:17][debug] [sms]end:1535896097
[2018-09-02 21:48:17][debug] [sms]page:https://bbs.bivfw.top/plugin.php?id=tom_tchongbao:ajax&act=nitice_sms_hb_run&site=1&tongcheng_id=494&hongbao_id=59&page=5
[2018-09-02 21:48:17][debug] [sms]hongbao id:59
[2018-09-02 21:48:17][debug] [sms]page:5
[2018-09-02 21:48:17][debug] [sms]client IP:118.89.52.235
[2018-09-02 21:48:17][debug] [sms]start:1535896097
[2018-09-02 21:48:20][debug] [sms]all num:10
[2018-09-02 21:48:20][debug] [sms]run num:10
[2018-09-02 21:48:20][debug] [sms]ok num:6
[2018-09-02 21:48:20][debug] [sms]no num:0
[2018-09-02 21:48:20][debug] [sms]run time:3
[2018-09-02 21:48:20][debug] [sms]end:1535896100
[2018-09-02 21:48:20][debug] [sms]page:https://bbs.bivfw.top/plugin.php?id=tom_tchongbao:ajax&act=nitice_sms_hb_run&site=1&tongcheng_id=494&hongbao_id=59&page=6
[2018-09-02 21:48:20][debug] [sms]hongbao id:59
[2018-09-02 21:48:20][debug] [sms]page:6
[2018-09-02 21:48:20][debug] [sms]client IP:118.89.52.235
[2018-09-02 21:48:20][debug] [sms]start:1535896100
[2018-09-02 21:48:23][debug] [sms]all num:10
[2018-09-02 21:48:23][debug] [sms]run num:10
[2018-09-02 21:48:23][debug] [sms]ok num:8
[2018-09-02 21:48:23][debug] [sms]no num:0
[2018-09-02 21:48:23][debug] [sms]run time:3
[2018-09-02 21:48:23][debug] [sms]end:1535896103
[2018-09-02 21:48:23][debug] [sms]page:https://bbs.bivfw.top/plugin.php?id=tom_tchongbao:ajax&act=nitice_sms_hb_run&site=1&tongcheng_id=494&hongbao_id=59&page=7
[2018-09-02 21:48:24][debug] [sms]hongbao id:59
[2018-09-02 21:48:24][debug] [sms]page:7
[2018-09-02 21:48:24][debug] [sms]client IP:118.89.52.235
[2018-09-02 21:48:24][debug] [sms]start:1535896104
[2018-09-02 21:48:27][debug] [sms]all num:10
[2018-09-02 21:48:27][debug] [sms]run num:10
[2018-09-02 21:48:27][debug] [sms]ok num:8
[2018-09-02 21:48:27][debug] [sms]no num:0
[2018-09-02 21:48:27][debug] [sms]run time:3
[2018-09-02 21:48:27][debug] [sms]end:1535896107
[2018-09-02 21:48:27][debug] [sms]page:https://bbs.bivfw.top/plugin.php?id=tom_tchongbao:ajax&act=nitice_sms_hb_run&site=1&tongcheng_id=494&hongbao_id=59&page=8
[2018-09-02 21:48:27][debug] [sms]hongbao id:59
[2018-09-02 21:48:27][debug] [sms]page:8
[2018-09-02 21:48:27][debug] [sms]client IP:118.89.52.235
[2018-09-02 21:48:27][debug] [sms]start:1535896107
[2018-09-02 21:48:30][debug] [sms]all num:10
[2018-09-02 21:48:30][debug] [sms]run num:10
[2018-09-02 21:48:30][debug] [sms]ok num:10
[2018-09-02 21:48:30][debug] [sms]no num:0
[2018-09-02 21:48:30][debug] [sms]run time:3
[2018-09-02 21:48:30][debug] [sms]end:1535896110
[2018-09-02 21:48:30][debug] [sms]page:https://bbs.bivfw.top/plugin.php?id=tom_tchongbao:ajax&act=nitice_sms_hb_run&site=1&tongcheng_id=494&hongbao_id=59&page=9
[2018-09-02 21:48:31][debug] [sms]hongbao id:59
[2018-09-02 21:48:31][debug] [sms]page:9
[2018-09-02 21:48:31][debug] [sms]client IP:118.89.52.235
[2018-09-02 21:48:31][debug] [sms]start:1535896111
[2018-09-02 21:48:34][debug] [sms]all num:10
[2018-09-02 21:48:34][debug] [sms]run num:10
[2018-09-02 21:48:34][debug] [sms]ok num:7
[2018-09-02 21:48:34][debug] [sms]no num:0
[2018-09-02 21:48:34][debug] [sms]run time:3
[2018-09-02 21:48:34][debug] [sms]end:1535896114
[2018-09-02 21:48:34][debug] [sms]page:https://bbs.bivfw.top/plugin.php?id=tom_tchongbao:ajax&act=nitice_sms_hb_run&site=1&tongcheng_id=494&hongbao_id=59&page=10
[2018-09-02 21:48:34][debug] [sms]hongbao id:59
[2018-09-02 21:48:34][debug] [sms]page:10
[2018-09-02 21:48:34][debug] [sms]client IP:118.89.52.235
[2018-09-02 21:48:34][debug] [sms]start:1535896114
[2018-09-02 21:48:37][debug] [sms]all num:10
[2018-09-02 21:48:37][debug] [sms]run num:10
[2018-09-02 21:48:37][debug] [sms]ok num:9
[2018-09-02 21:48:37][debug] [sms]no num:0
[2018-09-02 21:48:37][debug] [sms]run time:3
[2018-09-02 21:48:37][debug] [sms]end:1535896117
[2018-09-02 21:48:37][debug] [sms]page:https://bbs.bivfw.top/plugin.php?id=tom_tchongbao:ajax&act=nitice_sms_hb_run&site=1&tongcheng_id=494&hongbao_id=59&page=11
[2018-09-02 21:48:37][debug] [sms]hongbao id:59
[2018-09-02 21:48:37][debug] [sms]page:11
[2018-09-02 21:48:37][debug] [sms]client IP:118.89.52.235
[2018-09-02 21:48:37][debug] [sms]start:1535896117
[2018-09-02 21:48:41][debug] [sms]all num:10
[2018-09-02 21:48:41][debug] [sms]run num:10
[2018-09-02 21:48:41][debug] [sms]ok num:8
[2018-09-02 21:48:41][debug] [sms]no num:0
[2018-09-02 21:48:41][debug] [sms]run time:4
[2018-09-02 21:48:41][debug] [sms]end:1535896121
[2018-09-02 21:48:41][debug] [sms]page:https://bbs.bivfw.top/plugin.php?id=tom_tchongbao:ajax&act=nitice_sms_hb_run&site=1&tongcheng_id=494&hongbao_id=59&page=12
[2018-09-02 21:48:41][debug] [sms]hongbao id:59
[2018-09-02 21:48:41][debug] [sms]page:12
[2018-09-02 21:48:41][debug] [sms]client IP:118.89.52.235
[2018-09-02 21:48:41][debug] [sms]start:1535896121
[2018-09-02 21:48:44][debug] [sms]all num:10
[2018-09-02 21:48:44][debug] [sms]run num:10
[2018-09-02 21:48:44][debug] [sms]ok num:10
[2018-09-02 21:48:44][debug] [sms]no num:0
[2018-09-02 21:48:44][debug] [sms]run time:3
[2018-09-02 21:48:44][debug] [sms]end:1535896124
[2018-09-02 21:48:44][debug] [sms]page:https://bbs.bivfw.top/plugin.php?id=tom_tchongbao:ajax&act=nitice_sms_hb_run&site=1&tongcheng_id=494&hongbao_id=59&page=13
[2018-09-02 21:48:44][debug] [sms]hongbao id:59
[2018-09-02 21:48:44][debug] [sms]page:13
[2018-09-02 21:48:44][debug] [sms]client IP:118.89.52.235
[2018-09-02 21:48:44][debug] [sms]start:1535896124
[2018-09-02 21:48:47][debug] [sms]all num:10
[2018-09-02 21:48:47][debug] [sms]run num:10
[2018-09-02 21:48:47][debug] [sms]ok num:9
[2018-09-02 21:48:47][debug] [sms]no num:0
[2018-09-02 21:48:47][debug] [sms]run time:3
[2018-09-02 21:48:47][debug] [sms]end:1535896127
[2018-09-02 21:48:47][debug] [sms]page:https://bbs.bivfw.top/plugin.php?id=tom_tchongbao:ajax&act=nitice_sms_hb_run&site=1&tongcheng_id=494&hongbao_id=59&page=14
[2018-09-02 21:48:47][debug] [sms]hongbao id:59
[2018-09-02 21:48:47][debug] [sms]page:14
[2018-09-02 21:48:47][debug] [sms]client IP:118.89.52.235
[2018-09-02 21:48:47][debug] [sms]start:1535896127
[2018-09-02 21:48:50][debug] [sms]all num:10
[2018-09-02 21:48:50][debug] [sms]run num:10
[2018-09-02 21:48:50][debug] [sms]ok num:10
[2018-09-02 21:48:50][debug] [sms]no num:0
[2018-09-02 21:48:50][debug] [sms]run time:3
[2018-09-02 21:48:50][debug] [sms]end:1535896130
[2018-09-02 21:48:50][debug] [sms]page:https://bbs.bivfw.top/plugin.php?id=tom_tchongbao:ajax&act=nitice_sms_hb_run&site=1&tongcheng_id=494&hongbao_id=59&page=15
[2018-09-02 21:48:50][debug] [sms]hongbao id:59
[2018-09-02 21:48:50][debug] [sms]page:15
[2018-09-02 21:48:50][debug] [sms]client IP:118.89.52.235
[2018-09-02 21:48:50][debug] [sms]start:1535896130
[2018-09-02 21:48:53][debug] [sms]all num:10
[2018-09-02 21:48:53][debug] [sms]run num:10
[2018-09-02 21:48:53][debug] [sms]ok num:10
[2018-09-02 21:48:53][debug] [sms]no num:0
[2018-09-02 21:48:53][debug] [sms]run time:3
[2018-09-02 21:48:53][debug] [sms]end:1535896133
[2018-09-02 21:48:53][debug] [sms]page:https://bbs.bivfw.top/plugin.php?id=tom_tchongbao:ajax&act=nitice_sms_hb_run&site=1&tongcheng_id=494&hongbao_id=59&page=16
[2018-09-02 21:48:53][debug] [sms]hongbao id:59
[2018-09-02 21:48:53][debug] [sms]page:16
[2018-09-02 21:48:53][debug] [sms]client IP:118.89.52.235
[2018-09-02 21:48:53][debug] [sms]start:1535896133
[2018-09-02 21:48:57][debug] [sms]all num:10
[2018-09-02 21:48:57][debug] [sms]run num:10
[2018-09-02 21:48:57][debug] [sms]ok num:10
[2018-09-02 21:48:57][debug] [sms]no num:0
[2018-09-02 21:48:57][debug] [sms]run time:4
[2018-09-02 21:48:57][debug] [sms]end:1535896137
[2018-09-02 21:48:57][debug] [sms]page:https://bbs.bivfw.top/plugin.php?id=tom_tchongbao:ajax&act=nitice_sms_hb_run&site=1&tongcheng_id=494&hongbao_id=59&page=17
[2018-09-02 21:48:57][debug] [sms]hongbao id:59
[2018-09-02 21:48:57][debug] [sms]page:17
[2018-09-02 21:48:57][debug] [sms]client IP:118.89.52.235
[2018-09-02 21:48:57][debug] [sms]start:1535896137
[2018-09-02 21:49:00][debug] [sms]all num:10
[2018-09-02 21:49:00][debug] [sms]run num:10
[2018-09-02 21:49:00][debug] [sms]ok num:10
[2018-09-02 21:49:00][debug] [sms]no num:0
[2018-09-02 21:49:00][debug] [sms]run time:3
[2018-09-02 21:49:00][debug] [sms]end:1535896140
[2018-09-02 21:49:00][debug] [sms]page:https://bbs.bivfw.top/plugin.php?id=tom_tchongbao:ajax&act=nitice_sms_hb_run&site=1&tongcheng_id=494&hongbao_id=59&page=18
[2018-09-02 21:49:00][debug] [sms]hongbao id:59
[2018-09-02 21:49:00][debug] [sms]page:18
[2018-09-02 21:49:00][debug] [sms]client IP:118.89.52.235
[2018-09-02 21:49:00][debug] [sms]start:1535896140
[2018-09-02 21:49:03][debug] [sms]all num:10
[2018-09-02 21:49:03][debug] [sms]run num:10
[2018-09-02 21:49:03][debug] [sms]ok num:10
[2018-09-02 21:49:03][debug] [sms]no num:0
[2018-09-02 21:49:03][debug] [sms]run time:3
[2018-09-02 21:49:03][debug] [sms]end:1535896143
[2018-09-02 21:49:03][debug] [sms]page:https://bbs.bivfw.top/plugin.php?id=tom_tchongbao:ajax&act=nitice_sms_hb_run&site=1&tongcheng_id=494&hongbao_id=59&page=19
[2018-09-02 21:49:03][debug] [sms]hongbao id:59
[2018-09-02 21:49:03][debug] [sms]page:19
[2018-09-02 21:49:03][debug] [sms]client IP:118.89.52.235
[2018-09-02 21:49:03][debug] [sms]start:1535896143
[2018-09-02 21:49:07][debug] [sms]all num:10
[2018-09-02 21:49:07][debug] [sms]run num:10
[2018-09-02 21:49:07][debug] [sms]ok num:10
[2018-09-02 21:49:07][debug] [sms]no num:0
[2018-09-02 21:49:07][debug] [sms]run time:4
[2018-09-02 21:49:07][debug] [sms]end:1535896147
[2018-09-02 21:49:07][debug] [sms]page:https://bbs.bivfw.top/plugin.php?id=tom_tchongbao:ajax&act=nitice_sms_hb_run&site=1&tongcheng_id=494&hongbao_id=59&page=20
[2018-09-02 21:49:07][debug] [sms]hongbao id:59
[2018-09-02 21:49:07][debug] [sms]page:20
[2018-09-02 21:49:07][debug] [sms]client IP:118.89.52.235
[2018-09-02 21:49:07][debug] [sms]start:1535896147
[2018-09-02 21:49:10][debug] [sms]all num:10
[2018-09-02 21:49:10][debug] [sms]run num:10
[2018-09-02 21:49:10][debug] [sms]ok num:10
[2018-09-02 21:49:10][debug] [sms]no num:0
[2018-09-02 21:49:10][debug] [sms]run time:3
[2018-09-02 21:49:10][debug] [sms]end:1535896150
[2018-09-02 21:49:10][debug] [sms]page:https://bbs.bivfw.top/plugin.php?id=tom_tchongbao:ajax&act=nitice_sms_hb_run&site=1&tongcheng_id=494&hongbao_id=59&page=21
[2018-09-02 21:49:11][debug] [sms]hongbao id:59
[2018-09-02 21:49:11][debug] [sms]page:21
[2018-09-02 21:49:11][debug] [sms]client IP:118.89.52.235
[2018-09-02 21:49:11][debug] [sms]start:1535896151
[2018-09-02 21:49:14][debug] [sms]all num:10
[2018-09-02 21:49:14][debug] [sms]run num:10
[2018-09-02 21:49:14][debug] [sms]ok num:9
[2018-09-02 21:49:14][debug] [sms]no num:0
[2018-09-02 21:49:14][debug] [sms]run time:3
[2018-09-02 21:49:14][debug] [sms]end:1535896154
[2018-09-02 21:49:14][debug] [sms]page:https://bbs.bivfw.top/plugin.php?id=tom_tchongbao:ajax&act=nitice_sms_hb_run&site=1&tongcheng_id=494&hongbao_id=59&page=22
[2018-09-02 21:49:14][debug] [sms]hongbao id:59
[2018-09-02 21:49:14][debug] [sms]page:22
[2018-09-02 21:49:14][debug] [sms]client IP:118.89.52.235
[2018-09-02 21:49:14][debug] [sms]start:1535896154
[2018-09-02 21:49:17][debug] [sms]all num:10
[2018-09-02 21:49:17][debug] [sms]run num:10
[2018-09-02 21:49:17][debug] [sms]ok num:10
[2018-09-02 21:49:17][debug] [sms]no num:0
[2018-09-02 21:49:17][debug] [sms]run time:3
[2018-09-02 21:49:17][debug] [sms]end:1535896157
[2018-09-02 21:49:17][debug] [sms]page:https://bbs.bivfw.top/plugin.php?id=tom_tchongbao:ajax&act=nitice_sms_hb_run&site=1&tongcheng_id=494&hongbao_id=59&page=23
[2018-09-02 21:49:17][debug] [sms]hongbao id:59
[2018-09-02 21:49:17][debug] [sms]page:23
[2018-09-02 21:49:17][debug] [sms]client IP:118.89.52.235
[2018-09-02 21:49:17][debug] [sms]start:1535896157
[2018-09-02 21:49:20][debug] [sms]all num:10
[2018-09-02 21:49:20][debug] [sms]run num:10
[2018-09-02 21:49:20][debug] [sms]ok num:10
[2018-09-02 21:49:20][debug] [sms]no num:0
[2018-09-02 21:49:20][debug] [sms]run time:3
[2018-09-02 21:49:20][debug] [sms]end:1535896160
[2018-09-02 21:49:20][debug] [sms]page:https://bbs.bivfw.top/plugin.php?id=tom_tchongbao:ajax&act=nitice_sms_hb_run&site=1&tongcheng_id=494&hongbao_id=59&page=24
[2018-09-02 21:49:20][debug] [sms]hongbao id:59
[2018-09-02 21:49:20][debug] [sms]page:24
[2018-09-02 21:49:20][debug] [sms]client IP:118.89.52.235
[2018-09-02 21:49:20][debug] [sms]start:1535896160
[2018-09-02 21:49:23][debug] [sms]all num:10
[2018-09-02 21:49:23][debug] [sms]run num:10
[2018-09-02 21:49:23][debug] [sms]ok num:10
[2018-09-02 21:49:23][debug] [sms]no num:0
[2018-09-02 21:49:23][debug] [sms]run time:3
[2018-09-02 21:49:23][debug] [sms]end:1535896163
[2018-09-02 21:49:23][debug] [sms]page:https://bbs.bivfw.top/plugin.php?id=tom_tchongbao:ajax&act=nitice_sms_hb_run&site=1&tongcheng_id=494&hongbao_id=59&page=25
[2018-09-02 21:49:23][debug] [sms]hongbao id:59
[2018-09-02 21:49:23][debug] [sms]page:25
[2018-09-02 21:49:23][debug] [sms]client IP:118.89.52.235
[2018-09-02 21:49:23][debug] [sms]start:1535896163
[2018-09-02 21:49:26][debug] [sms]all num:10
[2018-09-02 21:49:26][debug] [sms]run num:10
[2018-09-02 21:49:26][debug] [sms]ok num:5
[2018-09-02 21:49:26][debug] [sms]no num:0
[2018-09-02 21:49:26][debug] [sms]run time:3
[2018-09-02 21:49:26][debug] [sms]end:1535896166
[2018-09-02 21:49:26][debug] [sms]page:https://bbs.bivfw.top/plugin.php?id=tom_tchongbao:ajax&act=nitice_sms_hb_run&site=1&tongcheng_id=494&hongbao_id=59&page=26
[2018-09-02 21:49:26][debug] [sms]hongbao id:59
[2018-09-02 21:49:26][debug] [sms]page:26
[2018-09-02 21:49:26][debug] [sms]client IP:118.89.52.235
[2018-09-02 21:49:26][debug] [sms]start:1535896166
[2018-09-02 21:49:29][debug] [sms]all num:10
[2018-09-02 21:49:29][debug] [sms]run num:10
[2018-09-02 21:49:29][debug] [sms]ok num:6
[2018-09-02 21:49:29][debug] [sms]no num:0
[2018-09-02 21:49:29][debug] [sms]run time:3
[2018-09-02 21:49:29][debug] [sms]end:1535896169
[2018-09-02 21:49:29][debug] [sms]page:https://bbs.bivfw.top/plugin.php?id=tom_tchongbao:ajax&act=nitice_sms_hb_run&site=1&tongcheng_id=494&hongbao_id=59&page=27
[2018-09-02 21:49:30][debug] [sms]hongbao id:59
[2018-09-02 21:49:30][debug] [sms]page:27
[2018-09-02 21:49:30][debug] [sms]client IP:118.89.52.235
[2018-09-02 21:49:30][debug] [sms]start:1535896170
[2018-09-02 21:49:33][debug] [sms]all num:10
[2018-09-02 21:49:33][debug] [sms]run num:10
[2018-09-02 21:49:33][debug] [sms]ok num:4
[2018-09-02 21:49:33][debug] [sms]no num:0
[2018-09-02 21:49:33][debug] [sms]run time:3
[2018-09-02 21:49:33][debug] [sms]end:1535896173
[2018-09-02 21:49:33][debug] [sms]page:https://bbs.bivfw.top/plugin.php?id=tom_tchongbao:ajax&act=nitice_sms_hb_run&site=1&tongcheng_id=494&hongbao_id=59&page=28
[2018-09-02 21:49:33][debug] [sms]hongbao id:59
[2018-09-02 21:49:33][debug] [sms]page:28
[2018-09-02 21:49:33][debug] [sms]client IP:118.89.52.235
[2018-09-02 21:49:33][debug] [sms]start:1535896173
[2018-09-02 21:49:37][debug] [sms]all num:10
[2018-09-02 21:49:37][debug] [sms]run num:10
[2018-09-02 21:49:37][debug] [sms]ok num:8
[2018-09-02 21:49:37][debug] [sms]no num:0
[2018-09-02 21:49:37][debug] [sms]run time:4
[2018-09-02 21:49:37][debug] [sms]end:1535896177
[2018-09-02 21:49:37][debug] [sms]page:https://bbs.bivfw.top/plugin.php?id=tom_tchongbao:ajax&act=nitice_sms_hb_run&site=1&tongcheng_id=494&hongbao_id=59&page=29
[2018-09-02 21:49:38][debug] [sms]hongbao id:59
[2018-09-02 21:49:38][debug] [sms]page:29
[2018-09-02 21:49:38][debug] [sms]client IP:118.89.52.235
[2018-09-02 21:49:38][debug] [sms]start:1535896178
[2018-09-02 21:49:41][debug] [sms]all num:10
[2018-09-02 21:49:41][debug] [sms]run num:10
[2018-09-02 21:49:41][debug] [sms]ok num:5
[2018-09-02 21:49:41][debug] [sms]no num:0
[2018-09-02 21:49:41][debug] [sms]run time:3
[2018-09-02 21:49:41][debug] [sms]end:1535896181
[2018-09-02 21:49:41][debug] [sms]page:https://bbs.bivfw.top/plugin.php?id=tom_tchongbao:ajax&act=nitice_sms_hb_run&site=1&tongcheng_id=494&hongbao_id=59&page=30
[2018-09-02 21:49:42][debug] [sms]hongbao id:59
[2018-09-02 21:49:42][debug] [sms]page:30
[2018-09-02 21:49:42][debug] [sms]client IP:118.89.52.235
[2018-09-02 21:49:42][debug] [sms]start:1535896182
[2018-09-02 21:49:47][debug] [sms]all num:10
[2018-09-02 21:49:47][debug] [sms]run num:10
[2018-09-02 21:49:47][debug] [sms]ok num:7
[2018-09-02 21:49:47][debug] [sms]no num:0
[2018-09-02 21:49:47][debug] [sms]run time:5
[2018-09-02 21:49:47][debug] [sms]end:1535896187
[2018-09-02 21:49:47][debug] [sms]page:https://bbs.bivfw.top/plugin.php?id=tom_tchongbao:ajax&act=nitice_sms_hb_run&site=1&tongcheng_id=494&hongbao_id=59&page=31
[2018-09-02 21:49:47][debug] [sms]hongbao id:59
[2018-09-02 21:49:47][debug] [sms]page:31
[2018-09-02 21:49:47][debug] [sms]client IP:118.89.52.235
[2018-09-02 21:49:47][debug] [sms]start:1535896187
[2018-09-02 21:49:52][debug] [sms]all num:10
[2018-09-02 21:49:52][debug] [sms]run num:10
[2018-09-02 21:49:52][debug] [sms]ok num:4
[2018-09-02 21:49:52][debug] [sms]no num:0
[2018-09-02 21:49:52][debug] [sms]run time:5
[2018-09-02 21:49:52][debug] [sms]end:1535896192
[2018-09-02 21:49:52][debug] [sms]page:https://bbs.bivfw.top/plugin.php?id=tom_tchongbao:ajax&act=nitice_sms_hb_run&site=1&tongcheng_id=494&hongbao_id=59&page=32
[2018-09-02 21:49:53][debug] [sms]hongbao id:59
[2018-09-02 21:49:53][debug] [sms]page:32
[2018-09-02 21:49:53][debug] [sms]client IP:118.89.52.235
[2018-09-02 21:49:53][debug] [sms]start:1535896193
[2018-09-02 21:49:57][debug] [sms]all num:10
[2018-09-02 21:49:57][debug] [sms]run num:10
[2018-09-02 21:49:57][debug] [sms]ok num:5
[2018-09-02 21:49:57][debug] [sms]no num:0
[2018-09-02 21:49:57][debug] [sms]run time:4
[2018-09-02 21:49:57][debug] [sms]end:1535896197
[2018-09-02 21:49:57][debug] [sms]page:https://bbs.bivfw.top/plugin.php?id=tom_tchongbao:ajax&act=nitice_sms_hb_run&site=1&tongcheng_id=494&hongbao_id=59&page=33
[2018-09-02 21:49:57][debug] [sms]hongbao id:59
[2018-09-02 21:49:57][debug] [sms]page:33
[2018-09-02 21:49:57][debug] [sms]client IP:118.89.52.235
[2018-09-02 21:49:57][debug] [sms]start:1535896197
[2018-09-02 21:50:01][debug] [sms]all num:10
[2018-09-02 21:50:01][debug] [sms]run num:10
[2018-09-02 21:50:01][debug] [sms]ok num:6
[2018-09-02 21:50:01][debug] [sms]no num:0
[2018-09-02 21:50:01][debug] [sms]run time:4
[2018-09-02 21:50:01][debug] [sms]end:1535896201
[2018-09-02 21:50:01][debug] [sms]page:https://bbs.bivfw.top/plugin.php?id=tom_tchongbao:ajax&act=nitice_sms_hb_run&site=1&tongcheng_id=494&hongbao_id=59&page=34
[2018-09-02 21:50:01][debug] [sms]hongbao id:59
[2018-09-02 21:50:01][debug] [sms]page:34
[2018-09-02 21:50:01][debug] [sms]client IP:118.89.52.235
[2018-09-02 21:50:01][debug] [sms]start:1535896201
[2018-09-02 21:50:05][debug] [sms]all num:10
[2018-09-02 21:50:05][debug] [sms]run num:10
[2018-09-02 21:50:05][debug] [sms]ok num:5
[2018-09-02 21:50:05][debug] [sms]no num:0
[2018-09-02 21:50:05][debug] [sms]run time:4
[2018-09-02 21:50:05][debug] [sms]end:1535896205
[2018-09-02 21:50:05][debug] [sms]page:https://bbs.bivfw.top/plugin.php?id=tom_tchongbao:ajax&act=nitice_sms_hb_run&site=1&tongcheng_id=494&hongbao_id=59&page=35
[2018-09-02 21:50:05][debug] [sms]hongbao id:59
[2018-09-02 21:50:05][debug] [sms]page:35
[2018-09-02 21:50:05][debug] [sms]client IP:118.89.52.235
[2018-09-02 21:50:05][debug] [sms]start:1535896205
[2018-09-02 21:50:11][debug] [sms]all num:10
[2018-09-02 21:50:11][debug] [sms]run num:10
[2018-09-02 21:50:11][debug] [sms]ok num:7
[2018-09-02 21:50:11][debug] [sms]no num:0
[2018-09-02 21:50:11][debug] [sms]run time:6
[2018-09-02 21:50:11][debug] [sms]end:1535896211
[2018-09-02 21:50:11][debug] [sms]page:https://bbs.bivfw.top/plugin.php?id=tom_tchongbao:ajax&act=nitice_sms_hb_run&site=1&tongcheng_id=494&hongbao_id=59&page=36
[2018-09-02 21:50:11][debug] [sms]hongbao id:59
[2018-09-02 21:50:11][debug] [sms]page:36
[2018-09-02 21:50:11][debug] [sms]client IP:118.89.52.235
[2018-09-02 21:50:11][debug] [sms]start:1535896211
[2018-09-02 21:50:15][debug] [sms]all num:10
[2018-09-02 21:50:15][debug] [sms]run num:10
[2018-09-02 21:50:15][debug] [sms]ok num:5
[2018-09-02 21:50:15][debug] [sms]no num:1
[2018-09-02 21:50:15][debug] [sms]run time:4
[2018-09-02 21:50:15][debug] [sms]end:1535896215
[2018-09-02 21:50:15][debug] [sms]page:https://bbs.bivfw.top/plugin.php?id=tom_tchongbao:ajax&act=nitice_sms_hb_run&site=1&tongcheng_id=494&hongbao_id=59&page=37
[2018-09-02 21:50:15][debug] [sms]hongbao id:59
[2018-09-02 21:50:15][debug] [sms]page:37
[2018-09-02 21:50:15][debug] [sms]client IP:118.89.52.235
[2018-09-02 21:50:15][debug] [sms]start:1535896215
[2018-09-02 21:50:18][debug] [sms]all num:10
[2018-09-02 21:50:18][debug] [sms]run num:10
[2018-09-02 21:50:18][debug] [sms]ok num:7
[2018-09-02 21:50:18][debug] [sms]no num:0
[2018-09-02 21:50:18][debug] [sms]run time:3
[2018-09-02 21:50:18][debug] [sms]end:1535896218
[2018-09-02 21:50:18][debug] [sms]page:https://bbs.bivfw.top/plugin.php?id=tom_tchongbao:ajax&act=nitice_sms_hb_run&site=1&tongcheng_id=494&hongbao_id=59&page=38
[2018-09-02 21:50:19][debug] [sms]hongbao id:59
[2018-09-02 21:50:19][debug] [sms]page:38
[2018-09-02 21:50:19][debug] [sms]client IP:118.89.52.235
[2018-09-02 21:50:19][debug] [sms]start:1535896219
[2018-09-02 21:50:22][debug] [sms]all num:10
[2018-09-02 21:50:22][debug] [sms]run num:10
[2018-09-02 21:50:22][debug] [sms]ok num:5
[2018-09-02 21:50:22][debug] [sms]no num:0
[2018-09-02 21:50:22][debug] [sms]run time:3
[2018-09-02 21:50:22][debug] [sms]end:1535896222
[2018-09-02 21:50:22][debug] [sms]page:https://bbs.bivfw.top/plugin.php?id=tom_tchongbao:ajax&act=nitice_sms_hb_run&site=1&tongcheng_id=494&hongbao_id=59&page=39
[2018-09-02 21:50:22][debug] [sms]hongbao id:59
[2018-09-02 21:50:22][debug] [sms]page:39
[2018-09-02 21:50:22][debug] [sms]client IP:118.89.52.235
[2018-09-02 21:50:22][debug] [sms]start:1535896222
[2018-09-02 21:50:28][debug] [sms]all num:10
[2018-09-02 21:50:28][debug] [sms]run num:10
[2018-09-02 21:50:28][debug] [sms]ok num:4
[2018-09-02 21:50:28][debug] [sms]no num:0
[2018-09-02 21:50:28][debug] [sms]run time:6
[2018-09-02 21:50:28][debug] [sms]end:1535896228
[2018-09-02 21:50:28][debug] [sms]page:https://bbs.bivfw.top/plugin.php?id=tom_tchongbao:ajax&act=nitice_sms_hb_run&site=1&tongcheng_id=494&hongbao_id=59&page=40
[2018-09-02 21:50:28][debug] [sms]hongbao id:59
[2018-09-02 21:50:28][debug] [sms]page:40
[2018-09-02 21:50:28][debug] [sms]client IP:118.89.52.235
[2018-09-02 21:50:28][debug] [sms]start:1535896228
[2018-09-02 21:50:31][debug] [sms]all num:10
[2018-09-02 21:50:31][debug] [sms]run num:10
[2018-09-02 21:50:31][debug] [sms]ok num:7
[2018-09-02 21:50:31][debug] [sms]no num:0
[2018-09-02 21:50:31][debug] [sms]run time:3
[2018-09-02 21:50:31][debug] [sms]end:1535896231
[2018-09-02 21:50:31][debug] [sms]page:https://bbs.bivfw.top/plugin.php?id=tom_tchongbao:ajax&act=nitice_sms_hb_run&site=1&tongcheng_id=494&hongbao_id=59&page=41
[2018-09-02 21:50:31][debug] [sms]hongbao id:59
[2018-09-02 21:50:31][debug] [sms]page:41
[2018-09-02 21:50:31][debug] [sms]client IP:118.89.52.235
[2018-09-02 21:50:31][debug] [sms]start:1535896231
[2018-09-02 21:50:35][debug] [sms]all num:10
[2018-09-02 21:50:35][debug] [sms]run num:10
[2018-09-02 21:50:35][debug] [sms]ok num:7
[2018-09-02 21:50:35][debug] [sms]no num:0
[2018-09-02 21:50:35][debug] [sms]run time:4
[2018-09-02 21:50:35][debug] [sms]end:1535896235
[2018-09-02 21:50:35][debug] [sms]page:https://bbs.bivfw.top/plugin.php?id=tom_tchongbao:ajax&act=nitice_sms_hb_run&site=1&tongcheng_id=494&hongbao_id=59&page=42
[2018-09-02 21:50:36][debug] [sms]hongbao id:59
[2018-09-02 21:50:36][debug] [sms]page:42
[2018-09-02 21:50:36][debug] [sms]client IP:118.89.52.235
[2018-09-02 21:50:36][debug] [sms]start:1535896236
[2018-09-02 21:50:39][debug] [sms]all num:10
[2018-09-02 21:50:39][debug] [sms]run num:10
[2018-09-02 21:50:39][debug] [sms]ok num:9
[2018-09-02 21:50:39][debug] [sms]no num:0
[2018-09-02 21:50:39][debug] [sms]run time:3
[2018-09-02 21:50:39][debug] [sms]end:1535896239
[2018-09-02 21:50:39][debug] [sms]page:https://bbs.bivfw.top/plugin.php?id=tom_tchongbao:ajax&act=nitice_sms_hb_run&site=1&tongcheng_id=494&hongbao_id=59&page=43
[2018-09-02 21:50:39][debug] [sms]hongbao id:59
[2018-09-02 21:50:39][debug] [sms]page:43
[2018-09-02 21:50:39][debug] [sms]client IP:118.89.52.235
[2018-09-02 21:50:39][debug] [sms]start:1535896239
[2018-09-02 21:50:42][debug] [sms]all num:10
[2018-09-02 21:50:42][debug] [sms]run num:10
[2018-09-02 21:50:42][debug] [sms]ok num:9
[2018-09-02 21:50:42][debug] [sms]no num:0
[2018-09-02 21:50:42][debug] [sms]run time:3
[2018-09-02 21:50:42][debug] [sms]end:1535896242
[2018-09-02 21:50:42][debug] [sms]page:https://bbs.bivfw.top/plugin.php?id=tom_tchongbao:ajax&act=nitice_sms_hb_run&site=1&tongcheng_id=494&hongbao_id=59&page=44
[2018-09-02 21:50:43][debug] [sms]hongbao id:59
[2018-09-02 21:50:43][debug] [sms]page:44
[2018-09-02 21:50:43][debug] [sms]client IP:118.89.52.235
[2018-09-02 21:50:43][debug] [sms]start:1535896243
[2018-09-02 21:50:46][debug] [sms]all num:10
[2018-09-02 21:50:46][debug] [sms]run num:10
[2018-09-02 21:50:46][debug] [sms]ok num:9
[2018-09-02 21:50:46][debug] [sms]no num:0
[2018-09-02 21:50:46][debug] [sms]run time:3
[2018-09-02 21:50:46][debug] [sms]end:1535896246
[2018-09-02 21:50:46][debug] [sms]page:https://bbs.bivfw.top/plugin.php?id=tom_tchongbao:ajax&act=nitice_sms_hb_run&site=1&tongcheng_id=494&hongbao_id=59&page=45
[2018-09-02 21:50:46][debug] [sms]hongbao id:59
[2018-09-02 21:50:46][debug] [sms]page:45
[2018-09-02 21:50:46][debug] [sms]client IP:118.89.52.235
[2018-09-02 21:50:46][debug] [sms]start:1535896246
[2018-09-02 21:50:49][debug] [sms]all num:10
[2018-09-02 21:50:49][debug] [sms]run num:10
[2018-09-02 21:50:49][debug] [sms]ok num:8
[2018-09-02 21:50:49][debug] [sms]no num:0
[2018-09-02 21:50:49][debug] [sms]run time:3
[2018-09-02 21:50:49][debug] [sms]end:1535896249
[2018-09-02 21:50:49][debug] [sms]page:https://bbs.bivfw.top/plugin.php?id=tom_tchongbao:ajax&act=nitice_sms_hb_run&site=1&tongcheng_id=494&hongbao_id=59&page=46
[2018-09-02 21:50:49][debug] [sms]hongbao id:59
[2018-09-02 21:50:49][debug] [sms]page:46
[2018-09-02 21:50:49][debug] [sms]client IP:118.89.52.235
[2018-09-02 21:50:49][debug] [sms]start:1535896249
[2018-09-02 21:50:52][debug] [sms]all num:10
[2018-09-02 21:50:52][debug] [sms]run num:10
[2018-09-02 21:50:52][debug] [sms]ok num:7
[2018-09-02 21:50:52][debug] [sms]no num:0
[2018-09-02 21:50:52][debug] [sms]run time:3
[2018-09-02 21:50:52][debug] [sms]end:1535896252
[2018-09-02 21:50:52][debug] [sms]page:https://bbs.bivfw.top/plugin.php?id=tom_tchongbao:ajax&act=nitice_sms_hb_run&site=1&tongcheng_id=494&hongbao_id=59&page=47
[2018-09-02 21:50:52][debug] [sms]hongbao id:59
[2018-09-02 21:50:52][debug] [sms]page:47
[2018-09-02 21:50:52][debug] [sms]client IP:118.89.52.235
[2018-09-02 21:50:52][debug] [sms]start:1535896252
[2018-09-02 21:50:55][debug] [sms]all num:10
[2018-09-02 21:50:55][debug] [sms]run num:10
[2018-09-02 21:50:55][debug] [sms]ok num:4
[2018-09-02 21:50:55][debug] [sms]no num:0
[2018-09-02 21:50:55][debug] [sms]run time:3
[2018-09-02 21:50:55][debug] [sms]end:1535896255
[2018-09-02 21:50:55][debug] [sms]page:https://bbs.bivfw.top/plugin.php?id=tom_tchongbao:ajax&act=nitice_sms_hb_run&site=1&tongcheng_id=494&hongbao_id=59&page=48
[2018-09-02 21:50:55][debug] [sms]hongbao id:59
[2018-09-02 21:50:55][debug] [sms]page:48
[2018-09-02 21:50:55][debug] [sms]client IP:118.89.52.235
[2018-09-02 21:50:55][debug] [sms]start:1535896255
[2018-09-02 21:50:58][debug] [sms]all num:10
[2018-09-02 21:50:58][debug] [sms]run num:10
[2018-09-02 21:50:58][debug] [sms]ok num:4
[2018-09-02 21:50:58][debug] [sms]no num:0
[2018-09-02 21:50:58][debug] [sms]run time:3
[2018-09-02 21:50:58][debug] [sms]end:1535896258
[2018-09-02 21:50:58][debug] [sms]page:https://bbs.bivfw.top/plugin.php?id=tom_tchongbao:ajax&act=nitice_sms_hb_run&site=1&tongcheng_id=494&hongbao_id=59&page=49
[2018-09-02 21:50:58][debug] [sms]hongbao id:59
[2018-09-02 21:50:58][debug] [sms]page:49
[2018-09-02 21:50:58][debug] [sms]client IP:118.89.52.235
[2018-09-02 21:50:58][debug] [sms]start:1535896258
[2018-09-02 21:51:02][debug] [sms]all num:10
[2018-09-02 21:51:02][debug] [sms]run num:10
[2018-09-02 21:51:02][debug] [sms]ok num:2
[2018-09-02 21:51:02][debug] [sms]no num:0
[2018-09-02 21:51:02][debug] [sms]run time:4
[2018-09-02 21:51:02][debug] [sms]end:1535896262
[2018-09-02 21:51:02][debug] [sms]page:https://bbs.bivfw.top/plugin.php?id=tom_tchongbao:ajax&act=nitice_sms_hb_run&site=1&tongcheng_id=494&hongbao_id=59&page=50
[2018-09-02 21:51:03][debug] [sms]hongbao id:59
[2018-09-02 21:51:03][debug] [sms]page:50
[2018-09-02 21:51:03][debug] [sms]client IP:118.89.52.235
[2018-09-02 21:51:03][debug] [sms]start:1535896263
[2018-09-02 21:51:07][debug] [sms]all num:10
[2018-09-02 21:51:07][debug] [sms]run num:10
[2018-09-02 21:51:07][debug] [sms]ok num:6
[2018-09-02 21:51:07][debug] [sms]no num:0
[2018-09-02 21:51:07][debug] [sms]run time:4
[2018-09-02 21:51:07][debug] [sms]end:1535896267
[2018-09-02 21:51:07][debug] [sms]page:https://bbs.bivfw.top/plugin.php?id=tom_tchongbao:ajax&act=nitice_sms_hb_run&site=1&tongcheng_id=494&hongbao_id=59&page=51
[2018-09-02 21:51:07][debug] [sms]hongbao id:59
[2018-09-02 21:51:07][debug] [sms]page:51
[2018-09-02 21:51:07][debug] [sms]client IP:118.89.52.235
[2018-09-02 21:51:07][debug] [sms]start:1535896267
[2018-09-02 21:51:11][debug] [sms]all num:10
[2018-09-02 21:51:11][debug] [sms]run num:10
[2018-09-02 21:51:11][debug] [sms]ok num:8
[2018-09-02 21:51:11][debug] [sms]no num:0
[2018-09-02 21:51:11][debug] [sms]run time:4
[2018-09-02 21:51:11][debug] [sms]end:1535896271
[2018-09-02 21:51:11][debug] [sms]page:https://bbs.bivfw.top/plugin.php?id=tom_tchongbao:ajax&act=nitice_sms_hb_run&site=1&tongcheng_id=494&hongbao_id=59&page=52
[2018-09-02 21:51:11][debug] [sms]hongbao id:59
[2018-09-02 21:51:11][debug] [sms]page:52
[2018-09-02 21:51:11][debug] [sms]client IP:118.89.52.235
[2018-09-02 21:51:11][debug] [sms]start:1535896271
[2018-09-02 21:51:14][debug] [sms]all num:10
[2018-09-02 21:51:14][debug] [sms]run num:10
[2018-09-02 21:51:14][debug] [sms]ok num:8
[2018-09-02 21:51:14][debug] [sms]no num:0
[2018-09-02 21:51:14][debug] [sms]run time:3
[2018-09-02 21:51:14][debug] [sms]end:1535896274
[2018-09-02 21:51:14][debug] [sms]page:https://bbs.bivfw.top/plugin.php?id=tom_tchongbao:ajax&act=nitice_sms_hb_run&site=1&tongcheng_id=494&hongbao_id=59&page=53
[2018-09-02 21:51:14][debug] [sms]hongbao id:59
[2018-09-02 21:51:14][debug] [sms]page:53
[2018-09-02 21:51:14][debug] [sms]client IP:118.89.52.235
[2018-09-02 21:51:14][debug] [sms]start:1535896274
[2018-09-02 21:51:18][debug] [sms]all num:10
[2018-09-02 21:51:18][debug] [sms]run num:10
[2018-09-02 21:51:18][debug] [sms]ok num:7
[2018-09-02 21:51:18][debug] [sms]no num:0
[2018-09-02 21:51:18][debug] [sms]run time:4
[2018-09-02 21:51:18][debug] [sms]end:1535896278
[2018-09-02 21:51:18][debug] [sms]page:https://bbs.bivfw.top/plugin.php?id=tom_tchongbao:ajax&act=nitice_sms_hb_run&site=1&tongcheng_id=494&hongbao_id=59&page=54
[2018-09-02 21:51:18][debug] [sms]hongbao id:59
[2018-09-02 21:51:18][debug] [sms]page:54
[2018-09-02 21:51:18][debug] [sms]client IP:118.89.52.235
[2018-09-02 21:51:18][debug] [sms]start:1535896278
[2018-09-02 21:51:21][debug] [sms]all num:10
[2018-09-02 21:51:21][debug] [sms]run num:10
[2018-09-02 21:51:21][debug] [sms]ok num:2
[2018-09-02 21:51:21][debug] [sms]no num:0
[2018-09-02 21:51:21][debug] [sms]run time:3
[2018-09-02 21:51:21][debug] [sms]end:1535896281
[2018-09-02 21:51:21][debug] [sms]page:https://bbs.bivfw.top/plugin.php?id=tom_tchongbao:ajax&act=nitice_sms_hb_run&site=1&tongcheng_id=494&hongbao_id=59&page=55
[2018-09-02 21:51:21][debug] [sms]hongbao id:59
[2018-09-02 21:51:21][debug] [sms]page:55
[2018-09-02 21:51:21][debug] [sms]client IP:118.89.52.235
[2018-09-02 21:51:21][debug] [sms]start:1535896281
[2018-09-02 21:51:24][debug] [sms]all num:10
[2018-09-02 21:51:24][debug] [sms]run num:10
[2018-09-02 21:51:24][debug] [sms]ok num:5
[2018-09-02 21:51:24][debug] [sms]no num:0
[2018-09-02 21:51:24][debug] [sms]run time:3
[2018-09-02 21:51:24][debug] [sms]end:1535896284
[2018-09-02 21:51:24][debug] [sms]page:https://bbs.bivfw.top/plugin.php?id=tom_tchongbao:ajax&act=nitice_sms_hb_run&site=1&tongcheng_id=494&hongbao_id=59&page=56
[2018-09-02 21:51:26][debug] [sms]hongbao id:59
[2018-09-02 21:51:26][debug] [sms]page:56
[2018-09-02 21:51:26][debug] [sms]client IP:118.89.52.235
[2018-09-02 21:51:26][debug] [sms]start:1535896286
[2018-09-02 21:51:29][debug] [sms]all num:10
[2018-09-02 21:51:29][debug] [sms]run num:10
[2018-09-02 21:51:29][debug] [sms]ok num:7
[2018-09-02 21:51:29][debug] [sms]no num:0
[2018-09-02 21:51:29][debug] [sms]run time:3
[2018-09-02 21:51:29][debug] [sms]end:1535896289
[2018-09-02 21:51:29][debug] [sms]page:https://bbs.bivfw.top/plugin.php?id=tom_tchongbao:ajax&act=nitice_sms_hb_run&site=1&tongcheng_id=494&hongbao_id=59&page=57
[2018-09-02 21:51:29][debug] [sms]hongbao id:59
[2018-09-02 21:51:29][debug] [sms]page:57
[2018-09-02 21:51:29][debug] [sms]client IP:118.89.52.235
[2018-09-02 21:51:29][debug] [sms]start:1535896289
[2018-09-02 21:51:32][debug] [sms]all num:10
[2018-09-02 21:51:32][debug] [sms]run num:10
[2018-09-02 21:51:32][debug] [sms]ok num:2
[2018-09-02 21:51:32][debug] [sms]no num:0
[2018-09-02 21:51:32][debug] [sms]run time:3
[2018-09-02 21:51:32][debug] [sms]end:1535896292
[2018-09-02 21:51:32][debug] [sms]page:https://bbs.bivfw.top/plugin.php?id=tom_tchongbao:ajax&act=nitice_sms_hb_run&site=1&tongcheng_id=494&hongbao_id=59&page=58
[2018-09-02 21:51:32][debug] [sms]hongbao id:59
[2018-09-02 21:51:32][debug] [sms]page:58
[2018-09-02 21:51:32][debug] [sms]client IP:118.89.52.235
[2018-09-02 21:51:32][debug] [sms]start:1535896292
[2018-09-02 21:51:35][debug] [sms]all num:10
[2018-09-02 21:51:35][debug] [sms]run num:10
[2018-09-02 21:51:35][debug] [sms]ok num:5
[2018-09-02 21:51:35][debug] [sms]no num:0
[2018-09-02 21:51:35][debug] [sms]run time:3
[2018-09-02 21:51:35][debug] [sms]end:1535896295
[2018-09-02 21:51:35][debug] [sms]page:https://bbs.bivfw.top/plugin.php?id=tom_tchongbao:ajax&act=nitice_sms_hb_run&site=1&tongcheng_id=494&hongbao_id=59&page=59
[2018-09-02 21:51:36][debug] [sms]hongbao id:59
[2018-09-02 21:51:36][debug] [sms]page:59
[2018-09-02 21:51:36][debug] [sms]client IP:118.89.52.235
[2018-09-02 21:51:36][debug] [sms]start:1535896296
[2018-09-02 21:51:39][debug] [sms]all num:10
[2018-09-02 21:51:39][debug] [sms]run num:10
[2018-09-02 21:51:39][debug] [sms]ok num:4
[2018-09-02 21:51:39][debug] [sms]no num:0
[2018-09-02 21:51:39][debug] [sms]run time:3
[2018-09-02 21:51:39][debug] [sms]end:1535896299
[2018-09-02 21:51:39][debug] [sms]page:https://bbs.bivfw.top/plugin.php?id=tom_tchongbao:ajax&act=nitice_sms_hb_run&site=1&tongcheng_id=494&hongbao_id=59&page=60
[2018-09-02 21:51:39][debug] [sms]hongbao id:59
[2018-09-02 21:51:39][debug] [sms]page:60
[2018-09-02 21:51:39][debug] [sms]client IP:118.89.52.235
[2018-09-02 21:51:39][debug] [sms]start:1535896299
[2018-09-02 21:51:42][debug] [sms]all num:10
[2018-09-02 21:51:42][debug] [sms]run num:10
[2018-09-02 21:51:42][debug] [sms]ok num:3
[2018-09-02 21:51:42][debug] [sms]no num:0
[2018-09-02 21:51:42][debug] [sms]run time:3
[2018-09-02 21:51:42][debug] [sms]end:1535896302
[2018-09-02 21:51:42][debug] [sms]page:https://bbs.bivfw.top/plugin.php?id=tom_tchongbao:ajax&act=nitice_sms_hb_run&site=1&tongcheng_id=494&hongbao_id=59&page=61
[2018-09-02 21:51:43][debug] [sms]hongbao id:59
[2018-09-02 21:51:43][debug] [sms]page:61
[2018-09-02 21:51:43][debug] [sms]client IP:118.89.52.235
[2018-09-02 21:51:43][debug] [sms]start:1535896303
[2018-09-02 21:51:46][debug] [sms]all num:10
[2018-09-02 21:51:46][debug] [sms]run num:10
[2018-09-02 21:51:46][debug] [sms]ok num:7
[2018-09-02 21:51:46][debug] [sms]no num:0
[2018-09-02 21:51:46][debug] [sms]run time:3
[2018-09-02 21:51:46][debug] [sms]end:1535896306
[2018-09-02 21:51:46][debug] [sms]page:https://bbs.bivfw.top/plugin.php?id=tom_tchongbao:ajax&act=nitice_sms_hb_run&site=1&tongcheng_id=494&hongbao_id=59&page=62
[2018-09-02 21:51:46][debug] [sms]hongbao id:59
[2018-09-02 21:51:46][debug] [sms]page:62
[2018-09-02 21:51:46][debug] [sms]client IP:118.89.52.235
[2018-09-02 21:51:46][debug] [sms]start:1535896306
[2018-09-02 21:51:49][debug] [sms]all num:10
[2018-09-02 21:51:49][debug] [sms]run num:10
[2018-09-02 21:51:49][debug] [sms]ok num:1
[2018-09-02 21:51:49][debug] [sms]no num:1
[2018-09-02 21:51:49][debug] [sms]run time:3
[2018-09-02 21:51:49][debug] [sms]end:1535896309
[2018-09-02 21:51:49][debug] [sms]page:https://bbs.bivfw.top/plugin.php?id=tom_tchongbao:ajax&act=nitice_sms_hb_run&site=1&tongcheng_id=494&hongbao_id=59&page=63
[2018-09-02 21:51:49][debug] [sms]hongbao id:59
[2018-09-02 21:51:49][debug] [sms]page:63
[2018-09-02 21:51:49][debug] [sms]client IP:118.89.52.235
[2018-09-02 21:51:49][debug] [sms]start:1535896309
[2018-09-02 21:51:52][debug] [sms]all num:10
[2018-09-02 21:51:52][debug] [sms]run num:10
[2018-09-02 21:51:52][debug] [sms]ok num:2
[2018-09-02 21:51:52][debug] [sms]no num:0
[2018-09-02 21:51:52][debug] [sms]run time:3
[2018-09-02 21:51:52][debug] [sms]end:1535896312
[2018-09-02 21:51:52][debug] [sms]page:https://bbs.bivfw.top/plugin.php?id=tom_tchongbao:ajax&act=nitice_sms_hb_run&site=1&tongcheng_id=494&hongbao_id=59&page=64
[2018-09-02 21:51:52][debug] [sms]hongbao id:59
[2018-09-02 21:51:52][debug] [sms]page:64
[2018-09-02 21:51:52][debug] [sms]client IP:118.89.52.235
[2018-09-02 21:51:52][debug] [sms]start:1535896312
[2018-09-02 21:51:55][debug] [sms]all num:10
[2018-09-02 21:51:55][debug] [sms]run num:10
[2018-09-02 21:51:55][debug] [sms]ok num:5
[2018-09-02 21:51:55][debug] [sms]no num:0
[2018-09-02 21:51:55][debug] [sms]run time:3
[2018-09-02 21:51:55][debug] [sms]end:1535896315
[2018-09-02 21:51:55][debug] [sms]page:https://bbs.bivfw.top/plugin.php?id=tom_tchongbao:ajax&act=nitice_sms_hb_run&site=1&tongcheng_id=494&hongbao_id=59&page=65
[2018-09-02 21:51:56][debug] [sms]hongbao id:59
[2018-09-02 21:51:56][debug] [sms]page:65
[2018-09-02 21:51:56][debug] [sms]client IP:118.89.52.235
[2018-09-02 21:51:56][debug] [sms]start:1535896316
[2018-09-02 21:51:59][debug] [sms]all num:10
[2018-09-02 21:51:59][debug] [sms]run num:10
[2018-09-02 21:51:59][debug] [sms]ok num:7
[2018-09-02 21:51:59][debug] [sms]no num:0
[2018-09-02 21:51:59][debug] [sms]run time:3
[2018-09-02 21:51:59][debug] [sms]end:1535896319
[2018-09-02 21:51:59][debug] [sms]page:https://bbs.bivfw.top/plugin.php?id=tom_tchongbao:ajax&act=nitice_sms_hb_run&site=1&tongcheng_id=494&hongbao_id=59&page=66
[2018-09-02 21:51:59][debug] [sms]hongbao id:59
[2018-09-02 21:51:59][debug] [sms]page:66
[2018-09-02 21:51:59][debug] [sms]client IP:118.89.52.235
[2018-09-02 21:51:59][debug] [sms]start:1535896319
[2018-09-02 21:52:02][debug] [sms]all num:10
[2018-09-02 21:52:02][debug] [sms]run num:10
[2018-09-02 21:52:02][debug] [sms]ok num:6
[2018-09-02 21:52:02][debug] [sms]no num:0
[2018-09-02 21:52:02][debug] [sms]run time:3
[2018-09-02 21:52:02][debug] [sms]end:1535896322
[2018-09-02 21:52:02][debug] [sms]page:https://bbs.bivfw.top/plugin.php?id=tom_tchongbao:ajax&act=nitice_sms_hb_run&site=1&tongcheng_id=494&hongbao_id=59&page=67
[2018-09-02 21:52:02][debug] [sms]hongbao id:59
[2018-09-02 21:52:02][debug] [sms]page:67
[2018-09-02 21:52:02][debug] [sms]client IP:118.89.52.235
[2018-09-02 21:52:02][debug] [sms]start:1535896322
[2018-09-02 21:52:05][debug] [sms]all num:10
[2018-09-02 21:52:05][debug] [sms]run num:10
[2018-09-02 21:52:05][debug] [sms]ok num:4
[2018-09-02 21:52:05][debug] [sms]no num:0
[2018-09-02 21:52:05][debug] [sms]run time:3
[2018-09-02 21:52:05][debug] [sms]end:1535896325
[2018-09-02 21:52:05][debug] [sms]page:https://bbs.bivfw.top/plugin.php?id=tom_tchongbao:ajax&act=nitice_sms_hb_run&site=1&tongcheng_id=494&hongbao_id=59&page=68
[2018-09-02 21:52:06][debug] [sms]hongbao id:59
[2018-09-02 21:52:06][debug] [sms]page:68
[2018-09-02 21:52:06][debug] [sms]client IP:118.89.52.235
[2018-09-02 21:52:06][debug] [sms]start:1535896326
[2018-09-02 21:52:08][debug] [sms]all num:10
[2018-09-02 21:52:08][debug] [sms]run num:10
[2018-09-02 21:52:08][debug] [sms]ok num:9
[2018-09-02 21:52:08][debug] [sms]no num:0
[2018-09-02 21:52:08][debug] [sms]run time:2
[2018-09-02 21:52:08][debug] [sms]end:1535896328
[2018-09-02 21:52:08][debug] [sms]page:https://bbs.bivfw.top/plugin.php?id=tom_tchongbao:ajax&act=nitice_sms_hb_run&site=1&tongcheng_id=494&hongbao_id=59&page=69
[2018-09-02 21:52:09][debug] [sms]hongbao id:59
[2018-09-02 21:52:09][debug] [sms]page:69
[2018-09-02 21:52:09][debug] [sms]client IP:118.89.52.235
[2018-09-02 21:52:09][debug] [sms]start:1535896329
[2018-09-02 21:52:12][debug] [sms]all num:10
[2018-09-02 21:52:12][debug] [sms]run num:10
[2018-09-02 21:52:12][debug] [sms]ok num:8
[2018-09-02 21:52:12][debug] [sms]no num:0
[2018-09-02 21:52:12][debug] [sms]run time:3
[2018-09-02 21:52:12][debug] [sms]end:1535896332
[2018-09-02 21:52:12][debug] [sms]page:https://bbs.bivfw.top/plugin.php?id=tom_tchongbao:ajax&act=nitice_sms_hb_run&site=1&tongcheng_id=494&hongbao_id=59&page=70
[2018-09-02 21:52:12][debug] [sms]hongbao id:59
[2018-09-02 21:52:12][debug] [sms]page:70
[2018-09-02 21:52:12][debug] [sms]client IP:118.89.52.235
[2018-09-02 21:52:12][debug] [sms]start:1535896332
[2018-09-02 21:52:15][debug] [sms]all num:10
[2018-09-02 21:52:15][debug] [sms]run num:10
[2018-09-02 21:52:15][debug] [sms]ok num:5
[2018-09-02 21:52:15][debug] [sms]no num:0
[2018-09-02 21:52:15][debug] [sms]run time:3
[2018-09-02 21:52:15][debug] [sms]end:1535896335
[2018-09-02 21:52:15][debug] [sms]page:https://bbs.bivfw.top/plugin.php?id=tom_tchongbao:ajax&act=nitice_sms_hb_run&site=1&tongcheng_id=494&hongbao_id=59&page=71
[2018-09-02 21:52:16][debug] [sms]hongbao id:59
[2018-09-02 21:52:16][debug] [sms]page:71
[2018-09-02 21:52:16][debug] [sms]client IP:118.89.52.235
[2018-09-02 21:52:16][debug] [sms]start:1535896336
[2018-09-02 21:52:19][debug] [sms]all num:10
[2018-09-02 21:52:19][debug] [sms]run num:10
[2018-09-02 21:52:19][debug] [sms]ok num:5
[2018-09-02 21:52:19][debug] [sms]no num:0
[2018-09-02 21:52:19][debug] [sms]run time:3
[2018-09-02 21:52:19][debug] [sms]end:1535896339
[2018-09-02 21:52:19][debug] [sms]page:https://bbs.bivfw.top/plugin.php?id=tom_tchongbao:ajax&act=nitice_sms_hb_run&site=1&tongcheng_id=494&hongbao_id=59&page=72
[2018-09-02 21:52:19][debug] [sms]hongbao id:59
[2018-09-02 21:52:19][debug] [sms]page:72
[2018-09-02 21:52:19][debug] [sms]client IP:118.89.52.235
[2018-09-02 21:52:19][debug] [sms]start:1535896339
[2018-09-02 21:52:22][debug] [sms]all num:10
[2018-09-02 21:52:22][debug] [sms]run num:10
[2018-09-02 21:52:22][debug] [sms]ok num:1
[2018-09-02 21:52:22][debug] [sms]no num:0
[2018-09-02 21:52:22][debug] [sms]run time:3
[2018-09-02 21:52:22][debug] [sms]end:1535896342
[2018-09-02 21:52:22][debug] [sms]page:https://bbs.bivfw.top/plugin.php?id=tom_tchongbao:ajax&act=nitice_sms_hb_run&site=1&tongcheng_id=494&hongbao_id=59&page=73
[2018-09-02 21:52:22][debug] [sms]hongbao id:59
[2018-09-02 21:52:22][debug] [sms]page:73
[2018-09-02 21:52:22][debug] [sms]client IP:118.89.52.235
[2018-09-02 21:52:22][debug] [sms]start:1535896342
[2018-09-02 21:52:25][debug] [sms]all num:10
[2018-09-02 21:52:25][debug] [sms]run num:9
[2018-09-02 21:52:25][debug] [sms]ok num:0
[2018-09-02 21:52:25][debug] [sms]no num:0
[2018-09-02 21:52:25][debug] [sms]run time:3
[2018-09-02 21:52:25][debug] [sms]end:1535896345
[2018-09-02 21:52:25][debug] [sms]page:https://bbs.bivfw.top/plugin.php?id=tom_tchongbao:ajax&act=nitice_sms_hb_run&site=1&tongcheng_id=494&hongbao_id=59&page=74
[2018-09-02 21:52:25][debug] [sms]hongbao id:59
[2018-09-02 21:52:25][debug] [sms]page:74
[2018-09-02 21:52:25][debug] [sms]client IP:118.89.52.235
[2018-09-02 21:52:25][debug] [sms]start:1535896345
[2018-09-02 21:52:28][debug] [sms]all num:10
[2018-09-02 21:52:28][debug] [sms]run num:10
[2018-09-02 21:52:28][debug] [sms]ok num:5
[2018-09-02 21:52:28][debug] [sms]no num:0
[2018-09-02 21:52:28][debug] [sms]run time:3
[2018-09-02 21:52:28][debug] [sms]end:1535896348
[2018-09-02 21:52:28][debug] [sms]page:https://bbs.bivfw.top/plugin.php?id=tom_tchongbao:ajax&act=nitice_sms_hb_run&site=1&tongcheng_id=494&hongbao_id=59&page=75
[2018-09-02 21:52:29][debug] [sms]hongbao id:59
[2018-09-02 21:52:29][debug] [sms]page:75
[2018-09-02 21:52:29][debug] [sms]client IP:118.89.52.235
[2018-09-02 21:52:29][debug] [sms]start:1535896349
[2018-09-02 21:52:32][debug] [sms]all num:10
[2018-09-02 21:52:32][debug] [sms]run num:10
[2018-09-02 21:52:32][debug] [sms]ok num:4
[2018-09-02 21:52:32][debug] [sms]no num:0
[2018-09-02 21:52:32][debug] [sms]run time:3
[2018-09-02 21:52:32][debug] [sms]end:1535896352
[2018-09-02 21:52:32][debug] [sms]page:https://bbs.bivfw.top/plugin.php?id=tom_tchongbao:ajax&act=nitice_sms_hb_run&site=1&tongcheng_id=494&hongbao_id=59&page=76
[2018-09-02 21:52:32][debug] [sms]hongbao id:59
[2018-09-02 21:52:32][debug] [sms]page:76
[2018-09-02 21:52:32][debug] [sms]client IP:118.89.52.235
[2018-09-02 21:52:32][debug] [sms]start:1535896352
[2018-09-02 21:52:35][debug] [sms]all num:10
[2018-09-02 21:52:35][debug] [sms]run num:10
[2018-09-02 21:52:35][debug] [sms]ok num:4
[2018-09-02 21:52:35][debug] [sms]no num:0
[2018-09-02 21:52:35][debug] [sms]run time:3
[2018-09-02 21:52:35][debug] [sms]end:1535896355
[2018-09-02 21:52:35][debug] [sms]page:https://bbs.bivfw.top/plugin.php?id=tom_tchongbao:ajax&act=nitice_sms_hb_run&site=1&tongcheng_id=494&hongbao_id=59&page=77
[2018-09-02 21:52:35][debug] [sms]hongbao id:59
[2018-09-02 21:52:35][debug] [sms]page:77
[2018-09-02 21:52:35][debug] [sms]client IP:118.89.52.235
[2018-09-02 21:52:35][debug] [sms]start:1535896355
[2018-09-02 21:52:38][debug] [sms]all num:10
[2018-09-02 21:52:38][debug] [sms]run num:10
[2018-09-02 21:52:38][debug] [sms]ok num:6
[2018-09-02 21:52:38][debug] [sms]no num:0
[2018-09-02 21:52:38][debug] [sms]run time:3
[2018-09-02 21:52:38][debug] [sms]end:1535896358
[2018-09-02 21:52:38][debug] [sms]page:https://bbs.bivfw.top/plugin.php?id=tom_tchongbao:ajax&act=nitice_sms_hb_run&site=1&tongcheng_id=494&hongbao_id=59&page=78
[2018-09-02 21:52:38][debug] [sms]hongbao id:59
[2018-09-02 21:52:38][debug] [sms]page:78
[2018-09-02 21:52:38][debug] [sms]client IP:118.89.52.235
[2018-09-02 21:52:38][debug] [sms]start:1535896358
[2018-09-02 21:52:42][debug] [sms]all num:10
[2018-09-02 21:52:42][debug] [sms]run num:10
[2018-09-02 21:52:42][debug] [sms]ok num:6
[2018-09-02 21:52:42][debug] [sms]no num:0
[2018-09-02 21:52:42][debug] [sms]run time:4
[2018-09-02 21:52:42][debug] [sms]end:1535896362
[2018-09-02 21:52:42][debug] [sms]page:https://bbs.bivfw.top/plugin.php?id=tom_tchongbao:ajax&act=nitice_sms_hb_run&site=1&tongcheng_id=494&hongbao_id=59&page=79
[2018-09-02 21:52:42][debug] [sms]hongbao id:59
[2018-09-02 21:52:42][debug] [sms]page:79
[2018-09-02 21:52:42][debug] [sms]client IP:118.89.52.235
[2018-09-02 21:52:42][debug] [sms]start:1535896362
[2018-09-02 21:52:45][debug] [sms]all num:10
[2018-09-02 21:52:45][debug] [sms]run num:10
[2018-09-02 21:52:45][debug] [sms]ok num:6
[2018-09-02 21:52:45][debug] [sms]no num:0
[2018-09-02 21:52:45][debug] [sms]run time:3
[2018-09-02 21:52:45][debug] [sms]end:1535896365
[2018-09-02 21:52:45][debug] [sms]page:https://bbs.bivfw.top/plugin.php?id=tom_tchongbao:ajax&act=nitice_sms_hb_run&site=1&tongcheng_id=494&hongbao_id=59&page=80
[2018-09-02 21:52:45][debug] [sms]hongbao id:59
[2018-09-02 21:52:45][debug] [sms]page:80
[2018-09-02 21:52:45][debug] [sms]client IP:118.89.52.235
[2018-09-02 21:52:45][debug] [sms]start:1535896365
[2018-09-02 21:52:48][debug] [sms]all num:10
[2018-09-02 21:52:48][debug] [sms]run num:10
[2018-09-02 21:52:48][debug] [sms]ok num:2
[2018-09-02 21:52:48][debug] [sms]no num:0
[2018-09-02 21:52:48][debug] [sms]run time:3
[2018-09-02 21:52:48][debug] [sms]end:1535896368
[2018-09-02 21:52:48][debug] [sms]page:https://bbs.bivfw.top/plugin.php?id=tom_tchongbao:ajax&act=nitice_sms_hb_run&site=1&tongcheng_id=494&hongbao_id=59&page=81
[2018-09-02 21:52:48][debug] [sms]hongbao id:59
[2018-09-02 21:52:48][debug] [sms]page:81
[2018-09-02 21:52:48][debug] [sms]client IP:118.89.52.235
[2018-09-02 21:52:48][debug] [sms]start:1535896368
[2018-09-02 21:52:51][debug] [sms]all num:10
[2018-09-02 21:52:51][debug] [sms]run num:10
[2018-09-02 21:52:51][debug] [sms]ok num:6
[2018-09-02 21:52:51][debug] [sms]no num:0
[2018-09-02 21:52:51][debug] [sms]run time:3
[2018-09-02 21:52:51][debug] [sms]end:1535896371
[2018-09-02 21:52:51][debug] [sms]page:https://bbs.bivfw.top/plugin.php?id=tom_tchongbao:ajax&act=nitice_sms_hb_run&site=1&tongcheng_id=494&hongbao_id=59&page=82
[2018-09-02 21:52:51][debug] [sms]hongbao id:59
[2018-09-02 21:52:51][debug] [sms]page:82
[2018-09-02 21:52:51][debug] [sms]client IP:118.89.52.235
[2018-09-02 21:52:51][debug] [sms]start:1535896371
[2018-09-02 21:52:54][debug] [sms]all num:10
[2018-09-02 21:52:54][debug] [sms]run num:10
[2018-09-02 21:52:54][debug] [sms]ok num:0
[2018-09-02 21:52:54][debug] [sms]no num:0
[2018-09-02 21:52:54][debug] [sms]run time:3
[2018-09-02 21:52:54][debug] [sms]end:1535896374
[2018-09-02 21:52:54][debug] [sms]page:https://bbs.bivfw.top/plugin.php?id=tom_tchongbao:ajax&act=nitice_sms_hb_run&site=1&tongcheng_id=494&hongbao_id=59&page=83
[2018-09-02 21:52:55][debug] [sms]hongbao id:59
[2018-09-02 21:52:55][debug] [sms]page:83
[2018-09-02 21:52:55][debug] [sms]client IP:118.89.52.235
[2018-09-02 21:52:55][debug] [sms]start:1535896375
[2018-09-02 21:52:57][debug] [sms]all num:10
[2018-09-02 21:52:57][debug] [sms]run num:9
[2018-09-02 21:52:57][debug] [sms]ok num:4
[2018-09-02 21:52:57][debug] [sms]no num:0
[2018-09-02 21:52:57][debug] [sms]run time:2
[2018-09-02 21:52:57][debug] [sms]end:1535896377
[2018-09-02 21:52:57][debug] [sms]page:https://bbs.bivfw.top/plugin.php?id=tom_tchongbao:ajax&act=nitice_sms_hb_run&site=1&tongcheng_id=494&hongbao_id=59&page=84
[2018-09-02 21:52:57][debug] [sms]hongbao id:59
[2018-09-02 21:52:57][debug] [sms]page:84
[2018-09-02 21:52:57][debug] [sms]client IP:118.89.52.235
[2018-09-02 21:52:57][debug] [sms]start:1535896377
[2018-09-02 21:53:00][debug] [sms]all num:10
[2018-09-02 21:53:00][debug] [sms]run num:10
[2018-09-02 21:53:00][debug] [sms]ok num:4
[2018-09-02 21:53:00][debug] [sms]no num:0
[2018-09-02 21:53:00][debug] [sms]run time:3
[2018-09-02 21:53:00][debug] [sms]end:1535896380
[2018-09-02 21:53:00][debug] [sms]page:https://bbs.bivfw.top/plugin.php?id=tom_tchongbao:ajax&act=nitice_sms_hb_run&site=1&tongcheng_id=494&hongbao_id=59&page=85
[2018-09-02 21:53:00][debug] [sms]hongbao id:59
[2018-09-02 21:53:00][debug] [sms]page:85
[2018-09-02 21:53:00][debug] [sms]client IP:118.89.52.235
[2018-09-02 21:53:00][debug] [sms]start:1535896380
[2018-09-02 21:53:03][debug] [sms]all num:10
[2018-09-02 21:53:03][debug] [sms]run num:10
[2018-09-02 21:53:03][debug] [sms]ok num:3
[2018-09-02 21:53:03][debug] [sms]no num:0
[2018-09-02 21:53:03][debug] [sms]run time:3
[2018-09-02 21:53:03][debug] [sms]end:1535896383
[2018-09-02 21:53:03][debug] [sms]page:https://bbs.bivfw.top/plugin.php?id=tom_tchongbao:ajax&act=nitice_sms_hb_run&site=1&tongcheng_id=494&hongbao_id=59&page=86
[2018-09-02 21:53:04][debug] [sms]hongbao id:59
[2018-09-02 21:53:04][debug] [sms]page:86
[2018-09-02 21:53:04][debug] [sms]client IP:118.89.52.235
[2018-09-02 21:53:04][debug] [sms]start:1535896384
[2018-09-02 21:53:06][debug] [sms]all num:10
[2018-09-02 21:53:06][debug] [sms]run num:10
[2018-09-02 21:53:06][debug] [sms]ok num:3
[2018-09-02 21:53:06][debug] [sms]no num:0
[2018-09-02 21:53:06][debug] [sms]run time:2
[2018-09-02 21:53:06][debug] [sms]end:1535896386
[2018-09-02 21:53:06][debug] [sms]page:https://bbs.bivfw.top/plugin.php?id=tom_tchongbao:ajax&act=nitice_sms_hb_run&site=1&tongcheng_id=494&hongbao_id=59&page=87
[2018-09-02 21:53:07][debug] [sms]hongbao id:59
[2018-09-02 21:53:07][debug] [sms]page:87
[2018-09-02 21:53:07][debug] [sms]client IP:118.89.52.235
[2018-09-02 21:53:07][debug] [sms]start:1535896387
[2018-09-02 21:53:10][debug] [sms]all num:10
[2018-09-02 21:53:10][debug] [sms]run num:10
[2018-09-02 21:53:10][debug] [sms]ok num:1
[2018-09-02 21:53:10][debug] [sms]no num:0
[2018-09-02 21:53:10][debug] [sms]run time:3
[2018-09-02 21:53:10][debug] [sms]end:1535896390
[2018-09-02 21:53:10][debug] [sms]page:https://bbs.bivfw.top/plugin.php?id=tom_tchongbao:ajax&act=nitice_sms_hb_run&site=1&tongcheng_id=494&hongbao_id=59&page=88
[2018-09-02 21:53:10][debug] [sms]hongbao id:59
[2018-09-02 21:53:10][debug] [sms]page:88
[2018-09-02 21:53:10][debug] [sms]client IP:118.89.52.235
[2018-09-02 21:53:10][debug] [sms]start:1535896390
[2018-09-02 21:53:13][debug] [sms]all num:10
[2018-09-02 21:53:13][debug] [sms]run num:10
[2018-09-02 21:53:13][debug] [sms]ok num:0
[2018-09-02 21:53:13][debug] [sms]no num:0
[2018-09-02 21:53:13][debug] [sms]run time:3
[2018-09-02 21:53:13][debug] [sms]end:1535896393
[2018-09-02 21:53:13][debug] [sms]page:https://bbs.bivfw.top/plugin.php?id=tom_tchongbao:ajax&act=nitice_sms_hb_run&site=1&tongcheng_id=494&hongbao_id=59&page=89
[2018-09-02 21:53:13][debug] [sms]hongbao id:59
[2018-09-02 21:53:13][debug] [sms]page:89
[2018-09-02 21:53:13][debug] [sms]client IP:118.89.52.235
[2018-09-02 21:53:13][debug] [sms]start:1535896393
[2018-09-02 21:53:16][debug] [sms]all num:10
[2018-09-02 21:53:16][debug] [sms]run num:10
[2018-09-02 21:53:16][debug] [sms]ok num:0
[2018-09-02 21:53:16][debug] [sms]no num:0
[2018-09-02 21:53:16][debug] [sms]run time:3
[2018-09-02 21:53:16][debug] [sms]end:1535896396
[2018-09-02 21:53:16][debug] [sms]page:https://bbs.bivfw.top/plugin.php?id=tom_tchongbao:ajax&act=nitice_sms_hb_run&site=1&tongcheng_id=494&hongbao_id=59&page=90
[2018-09-02 21:53:17][debug] [sms]hongbao id:59
[2018-09-02 21:53:17][debug] [sms]page:90
[2018-09-02 21:53:17][debug] [sms]client IP:118.89.52.235
[2018-09-02 21:53:17][debug] [sms]start:1535896397
[2018-09-02 21:53:20][debug] [sms]all num:10
[2018-09-02 21:53:20][debug] [sms]run num:10
[2018-09-02 21:53:20][debug] [sms]ok num:4
[2018-09-02 21:53:20][debug] [sms]no num:0
[2018-09-02 21:53:20][debug] [sms]run time:3
[2018-09-02 21:53:20][debug] [sms]end:1535896400
[2018-09-02 21:53:20][debug] [sms]page:https://bbs.bivfw.top/plugin.php?id=tom_tchongbao:ajax&act=nitice_sms_hb_run&site=1&tongcheng_id=494&hongbao_id=59&page=91
[2018-09-02 21:53:20][debug] [sms]hongbao id:59
[2018-09-02 21:53:20][debug] [sms]page:91
[2018-09-02 21:53:20][debug] [sms]client IP:118.89.52.235
[2018-09-02 21:53:20][debug] [sms]start:1535896400
[2018-09-02 21:53:23][debug] [sms]all num:10
[2018-09-02 21:53:23][debug] [sms]run num:10
[2018-09-02 21:53:23][debug] [sms]ok num:2
[2018-09-02 21:53:23][debug] [sms]no num:0
[2018-09-02 21:53:23][debug] [sms]run time:3
[2018-09-02 21:53:23][debug] [sms]end:1535896403
[2018-09-02 21:53:23][debug] [sms]page:https://bbs.bivfw.top/plugin.php?id=tom_tchongbao:ajax&act=nitice_sms_hb_run&site=1&tongcheng_id=494&hongbao_id=59&page=92
[2018-09-02 21:53:23][debug] [sms]hongbao id:59
[2018-09-02 21:53:23][debug] [sms]page:92
[2018-09-02 21:53:23][debug] [sms]client IP:118.89.52.235
[2018-09-02 21:53:23][debug] [sms]start:1535896403
[2018-09-02 21:53:27][debug] [sms]all num:10
[2018-09-02 21:53:27][debug] [sms]run num:10
[2018-09-02 21:53:27][debug] [sms]ok num:5
[2018-09-02 21:53:27][debug] [sms]no num:0
[2018-09-02 21:53:27][debug] [sms]run time:4
[2018-09-02 21:53:27][debug] [sms]end:1535896407
[2018-09-02 21:53:27][debug] [sms]page:https://bbs.bivfw.top/plugin.php?id=tom_tchongbao:ajax&act=nitice_sms_hb_run&site=1&tongcheng_id=494&hongbao_id=59&page=93
[2018-09-02 21:53:27][debug] [sms]hongbao id:59
[2018-09-02 21:53:27][debug] [sms]page:93
[2018-09-02 21:53:27][debug] [sms]client IP:118.89.52.235
[2018-09-02 21:53:27][debug] [sms]start:1535896407
[2018-09-02 21:53:30][debug] [sms]all num:10
[2018-09-02 21:53:30][debug] [sms]run num:10
[2018-09-02 21:53:30][debug] [sms]ok num:6
[2018-09-02 21:53:30][debug] [sms]no num:0
[2018-09-02 21:53:30][debug] [sms]run time:3
[2018-09-02 21:53:30][debug] [sms]end:1535896410
[2018-09-02 21:53:30][debug] [sms]page:https://bbs.bivfw.top/plugin.php?id=tom_tchongbao:ajax&act=nitice_sms_hb_run&site=1&tongcheng_id=494&hongbao_id=59&page=94
[2018-09-02 21:53:30][debug] [sms]hongbao id:59
[2018-09-02 21:53:30][debug] [sms]page:94
[2018-09-02 21:53:30][debug] [sms]client IP:118.89.52.235
[2018-09-02 21:53:30][debug] [sms]start:1535896410
[2018-09-02 21:53:33][debug] [sms]all num:10
[2018-09-02 21:53:33][debug] [sms]run num:9
[2018-09-02 21:53:33][debug] [sms]ok num:3
[2018-09-02 21:53:33][debug] [sms]no num:0
[2018-09-02 21:53:33][debug] [sms]run time:3
[2018-09-02 21:53:33][debug] [sms]end:1535896413
[2018-09-02 21:53:33][debug] [sms]page:https://bbs.bivfw.top/plugin.php?id=tom_tchongbao:ajax&act=nitice_sms_hb_run&site=1&tongcheng_id=494&hongbao_id=59&page=95
[2018-09-02 21:53:33][debug] [sms]hongbao id:59
[2018-09-02 21:53:33][debug] [sms]page:95
[2018-09-02 21:53:33][debug] [sms]client IP:118.89.52.235
[2018-09-02 21:53:33][debug] [sms]start:1535896413
[2018-09-02 21:53:36][debug] [sms]all num:10
[2018-09-02 21:53:36][debug] [sms]run num:10
[2018-09-02 21:53:36][debug] [sms]ok num:0
[2018-09-02 21:53:36][debug] [sms]no num:0
[2018-09-02 21:53:36][debug] [sms]run time:3
[2018-09-02 21:53:36][debug] [sms]end:1535896416
[2018-09-02 21:53:36][debug] [sms]page:https://bbs.bivfw.top/plugin.php?id=tom_tchongbao:ajax&act=nitice_sms_hb_run&site=1&tongcheng_id=494&hongbao_id=59&page=96
[2018-09-02 21:53:36][debug] [sms]hongbao id:59
[2018-09-02 21:53:36][debug] [sms]page:96
[2018-09-02 21:53:36][debug] [sms]client IP:118.89.52.235
[2018-09-02 21:53:36][debug] [sms]start:1535896416
[2018-09-02 21:53:40][debug] [sms]all num:10
[2018-09-02 21:53:40][debug] [sms]run num:10
[2018-09-02 21:53:40][debug] [sms]ok num:4
[2018-09-02 21:53:40][debug] [sms]no num:0
[2018-09-02 21:53:40][debug] [sms]run time:4
[2018-09-02 21:53:40][debug] [sms]end:1535896420
[2018-09-02 21:53:40][debug] [sms]page:https://bbs.bivfw.top/plugin.php?id=tom_tchongbao:ajax&act=nitice_sms_hb_run&site=1&tongcheng_id=494&hongbao_id=59&page=97
[2018-09-02 21:53:40][debug] [sms]hongbao id:59
[2018-09-02 21:53:40][debug] [sms]page:97
[2018-09-02 21:53:40][debug] [sms]client IP:118.89.52.235
[2018-09-02 21:53:40][debug] [sms]start:1535896420
[2018-09-02 21:53:43][debug] [sms]all num:10
[2018-09-02 21:53:43][debug] [sms]run num:10
[2018-09-02 21:53:43][debug] [sms]ok num:7
[2018-09-02 21:53:43][debug] [sms]no num:0
[2018-09-02 21:53:43][debug] [sms]run time:3
[2018-09-02 21:53:43][debug] [sms]end:1535896423
[2018-09-02 21:53:43][debug] [sms]page:https://bbs.bivfw.top/plugin.php?id=tom_tchongbao:ajax&act=nitice_sms_hb_run&site=1&tongcheng_id=494&hongbao_id=59&page=98
[2018-09-02 21:53:44][debug] [sms]hongbao id:59
[2018-09-02 21:53:44][debug] [sms]page:98
[2018-09-02 21:53:44][debug] [sms]client IP:118.89.52.235
[2018-09-02 21:53:44][debug] [sms]start:1535896424
[2018-09-02 21:53:47][debug] [sms]all num:10
[2018-09-02 21:53:47][debug] [sms]run num:10
[2018-09-02 21:53:47][debug] [sms]ok num:1
[2018-09-02 21:53:47][debug] [sms]no num:0
[2018-09-02 21:53:47][debug] [sms]run time:3
[2018-09-02 21:53:47][debug] [sms]end:1535896427
[2018-09-02 21:53:47][debug] [sms]page:https://bbs.bivfw.top/plugin.php?id=tom_tchongbao:ajax&act=nitice_sms_hb_run&site=1&tongcheng_id=494&hongbao_id=59&page=99
[2018-09-02 21:53:47][debug] [sms]hongbao id:59
[2018-09-02 21:53:47][debug] [sms]page:99
[2018-09-02 21:53:47][debug] [sms]client IP:118.89.52.235
[2018-09-02 21:53:47][debug] [sms]start:1535896427
[2018-09-02 21:53:50][debug] [sms]all num:10
[2018-09-02 21:53:50][debug] [sms]run num:10
[2018-09-02 21:53:50][debug] [sms]ok num:0
[2018-09-02 21:53:50][debug] [sms]no num:0
[2018-09-02 21:53:50][debug] [sms]run time:3
[2018-09-02 21:53:50][debug] [sms]end:1535896430
[2018-09-02 21:53:50][debug] [sms]page:https://bbs.bivfw.top/plugin.php?id=tom_tchongbao:ajax&act=nitice_sms_hb_run&site=1&tongcheng_id=494&hongbao_id=59&page=100
[2018-09-02 21:53:50][debug] [sms]hongbao id:59
[2018-09-02 21:53:50][debug] [sms]page:100
[2018-09-02 21:53:50][debug] [sms]client IP:118.89.52.235
[2018-09-02 21:53:50][debug] [sms]start:1535896430
[2018-09-02 21:53:53][debug] [sms]all num:10
[2018-09-02 21:53:53][debug] [sms]run num:10
[2018-09-02 21:53:53][debug] [sms]ok num:0
[2018-09-02 21:53:53][debug] [sms]no num:0
[2018-09-02 21:53:53][debug] [sms]run time:3
[2018-09-02 21:53:53][debug] [sms]end:1535896433
[2018-09-02 21:53:53][debug] [sms]page:https://bbs.bivfw.top/plugin.php?id=tom_tchongbao:ajax&act=nitice_sms_hb_run&site=1&tongcheng_id=494&hongbao_id=59&page=101
[2018-09-02 21:53:53][debug] [sms]--------------------- over 101 -------------------------
