[2018-04-13 23:32:54][debug] [sms]--------------------- new -------------------------
[2018-04-13 23:32:54][debug] [sms]hongbao id:32
[2018-04-13 23:32:54][debug] [sms]page:1
[2018-04-13 23:32:54][debug] [sms]client IP:118.89.52.235
[2018-04-13 23:32:54][debug] [sms]start:1523633574
[2018-04-13 23:32:57][debug] [sms]all num:10
[2018-04-13 23:32:57][debug] [sms]run num:10
[2018-04-13 23:32:57][debug] [sms]ok num:8
[2018-04-13 23:32:57][debug] [sms]no num:0
[2018-04-13 23:32:57][debug] [sms]run time:3
[2018-04-13 23:32:57][debug] [sms]end:1523633577
[2018-04-13 23:32:57][debug] [sms]page:https://bbs.bivfw.top/plugin.php?id=tom_tchongbao:ajax&act=nitice_sms_hb_run&site=1&tongcheng_id=194&hongbao_id=32&page=2
[2018-04-13 23:32:58][debug] [sms]hongbao id:32
[2018-04-13 23:32:58][debug] [sms]page:2
[2018-04-13 23:32:58][debug] [sms]client IP:118.89.52.235
[2018-04-13 23:32:58][debug] [sms]start:1523633578
[2018-04-13 23:33:01][debug] [sms]all num:10
[2018-04-13 23:33:01][debug] [sms]run num:10
[2018-04-13 23:33:01][debug] [sms]ok num:6
[2018-04-13 23:33:01][debug] [sms]no num:0
[2018-04-13 23:33:01][debug] [sms]run time:3
[2018-04-13 23:33:01][debug] [sms]end:1523633581
[2018-04-13 23:33:01][debug] [sms]page:https://bbs.bivfw.top/plugin.php?id=tom_tchongbao:ajax&act=nitice_sms_hb_run&site=1&tongcheng_id=194&hongbao_id=32&page=3
[2018-04-13 23:33:01][debug] [sms]hongbao id:32
[2018-04-13 23:33:01][debug] [sms]page:3
[2018-04-13 23:33:01][debug] [sms]client IP:118.89.52.235
[2018-04-13 23:33:01][debug] [sms]start:1523633581
[2018-04-13 23:33:04][debug] [sms]all num:10
[2018-04-13 23:33:04][debug] [sms]run num:10
[2018-04-13 23:33:04][debug] [sms]ok num:6
[2018-04-13 23:33:04][debug] [sms]no num:0
[2018-04-13 23:33:04][debug] [sms]run time:3
[2018-04-13 23:33:04][debug] [sms]end:1523633584
[2018-04-13 23:33:04][debug] [sms]page:https://bbs.bivfw.top/plugin.php?id=tom_tchongbao:ajax&act=nitice_sms_hb_run&site=1&tongcheng_id=194&hongbao_id=32&page=4
[2018-04-13 23:33:05][debug] [sms]hongbao id:32
[2018-04-13 23:33:05][debug] [sms]page:4
[2018-04-13 23:33:05][debug] [sms]client IP:118.89.52.235
[2018-04-13 23:33:05][debug] [sms]start:1523633585
[2018-04-13 23:33:08][debug] [sms]all num:10
[2018-04-13 23:33:08][debug] [sms]run num:10
[2018-04-13 23:33:08][debug] [sms]ok num:9
[2018-04-13 23:33:08][debug] [sms]no num:0
[2018-04-13 23:33:08][debug] [sms]run time:3
[2018-04-13 23:33:08][debug] [sms]end:1523633588
[2018-04-13 23:33:08][debug] [sms]page:https://bbs.bivfw.top/plugin.php?id=tom_tchongbao:ajax&act=nitice_sms_hb_run&site=1&tongcheng_id=194&hongbao_id=32&page=5
[2018-04-13 23:33:08][debug] [sms]hongbao id:32
[2018-04-13 23:33:08][debug] [sms]page:5
[2018-04-13 23:33:08][debug] [sms]client IP:118.89.52.235
[2018-04-13 23:33:08][debug] [sms]start:1523633588
[2018-04-13 23:33:11][debug] [sms]all num:10
[2018-04-13 23:33:11][debug] [sms]run num:10
[2018-04-13 23:33:11][debug] [sms]ok num:9
[2018-04-13 23:33:11][debug] [sms]no num:0
[2018-04-13 23:33:11][debug] [sms]run time:3
[2018-04-13 23:33:11][debug] [sms]end:1523633591
[2018-04-13 23:33:11][debug] [sms]page:https://bbs.bivfw.top/plugin.php?id=tom_tchongbao:ajax&act=nitice_sms_hb_run&site=1&tongcheng_id=194&hongbao_id=32&page=6
[2018-04-13 23:33:12][debug] [sms]hongbao id:32
[2018-04-13 23:33:12][debug] [sms]page:6
[2018-04-13 23:33:12][debug] [sms]client IP:118.89.52.235
[2018-04-13 23:33:12][debug] [sms]start:1523633592
[2018-04-13 23:33:14][debug] [sms]all num:10
[2018-04-13 23:33:14][debug] [sms]run num:10
[2018-04-13 23:33:14][debug] [sms]ok num:6
[2018-04-13 23:33:14][debug] [sms]no num:0
[2018-04-13 23:33:14][debug] [sms]run time:2
[2018-04-13 23:33:14][debug] [sms]end:1523633594
[2018-04-13 23:33:14][debug] [sms]page:https://bbs.bivfw.top/plugin.php?id=tom_tchongbao:ajax&act=nitice_sms_hb_run&site=1&tongcheng_id=194&hongbao_id=32&page=7
[2018-04-13 23:33:15][debug] [sms]hongbao id:32
[2018-04-13 23:33:15][debug] [sms]page:7
[2018-04-13 23:33:15][debug] [sms]client IP:118.89.52.235
[2018-04-13 23:33:15][debug] [sms]start:1523633595
[2018-04-13 23:33:18][debug] [sms]all num:10
[2018-04-13 23:33:18][debug] [sms]run num:10
[2018-04-13 23:33:18][debug] [sms]ok num:9
[2018-04-13 23:33:18][debug] [sms]no num:0
[2018-04-13 23:33:18][debug] [sms]run time:3
[2018-04-13 23:33:18][debug] [sms]end:1523633598
[2018-04-13 23:33:18][debug] [sms]page:https://bbs.bivfw.top/plugin.php?id=tom_tchongbao:ajax&act=nitice_sms_hb_run&site=1&tongcheng_id=194&hongbao_id=32&page=8
[2018-04-13 23:33:18][debug] [sms]hongbao id:32
[2018-04-13 23:33:18][debug] [sms]page:8
[2018-04-13 23:33:18][debug] [sms]client IP:118.89.52.235
[2018-04-13 23:33:18][debug] [sms]start:1523633598
[2018-04-13 23:33:21][debug] [sms]all num:10
[2018-04-13 23:33:21][debug] [sms]run num:10
[2018-04-13 23:33:21][debug] [sms]ok num:7
[2018-04-13 23:33:21][debug] [sms]no num:0
[2018-04-13 23:33:21][debug] [sms]run time:3
[2018-04-13 23:33:21][debug] [sms]end:1523633601
[2018-04-13 23:33:21][debug] [sms]page:https://bbs.bivfw.top/plugin.php?id=tom_tchongbao:ajax&act=nitice_sms_hb_run&site=1&tongcheng_id=194&hongbao_id=32&page=9
[2018-04-13 23:33:22][debug] [sms]hongbao id:32
[2018-04-13 23:33:22][debug] [sms]page:9
[2018-04-13 23:33:22][debug] [sms]client IP:118.89.52.235
[2018-04-13 23:33:22][debug] [sms]start:1523633602
[2018-04-13 23:33:25][debug] [sms]all num:10
[2018-04-13 23:33:25][debug] [sms]run num:10
[2018-04-13 23:33:25][debug] [sms]ok num:8
[2018-04-13 23:33:25][debug] [sms]no num:0
[2018-04-13 23:33:25][debug] [sms]run time:3
[2018-04-13 23:33:25][debug] [sms]end:1523633605
[2018-04-13 23:33:25][debug] [sms]page:https://bbs.bivfw.top/plugin.php?id=tom_tchongbao:ajax&act=nitice_sms_hb_run&site=1&tongcheng_id=194&hongbao_id=32&page=10
[2018-04-13 23:33:25][debug] [sms]hongbao id:32
[2018-04-13 23:33:25][debug] [sms]page:10
[2018-04-13 23:33:25][debug] [sms]client IP:118.89.52.235
[2018-04-13 23:33:25][debug] [sms]start:1523633605
[2018-04-13 23:33:28][debug] [sms]all num:10
[2018-04-13 23:33:28][debug] [sms]run num:10
[2018-04-13 23:33:28][debug] [sms]ok num:6
[2018-04-13 23:33:28][debug] [sms]no num:0
[2018-04-13 23:33:28][debug] [sms]run time:3
[2018-04-13 23:33:28][debug] [sms]end:1523633608
[2018-04-13 23:33:28][debug] [sms]page:https://bbs.bivfw.top/plugin.php?id=tom_tchongbao:ajax&act=nitice_sms_hb_run&site=1&tongcheng_id=194&hongbao_id=32&page=11
[2018-04-13 23:33:28][debug] [sms]hongbao id:32
[2018-04-13 23:33:28][debug] [sms]page:11
[2018-04-13 23:33:28][debug] [sms]client IP:118.89.52.235
[2018-04-13 23:33:28][debug] [sms]start:1523633608
[2018-04-13 23:33:31][debug] [sms]all num:10
[2018-04-13 23:33:31][debug] [sms]run num:10
[2018-04-13 23:33:31][debug] [sms]ok num:9
[2018-04-13 23:33:31][debug] [sms]no num:0
[2018-04-13 23:33:31][debug] [sms]run time:3
[2018-04-13 23:33:31][debug] [sms]end:1523633611
[2018-04-13 23:33:31][debug] [sms]page:https://bbs.bivfw.top/plugin.php?id=tom_tchongbao:ajax&act=nitice_sms_hb_run&site=1&tongcheng_id=194&hongbao_id=32&page=12
[2018-04-13 23:33:31][debug] [sms]hongbao id:32
[2018-04-13 23:33:31][debug] [sms]page:12
[2018-04-13 23:33:31][debug] [sms]client IP:118.89.52.235
[2018-04-13 23:33:31][debug] [sms]start:1523633611
[2018-04-13 23:33:34][debug] [sms]all num:10
[2018-04-13 23:33:34][debug] [sms]run num:10
[2018-04-13 23:33:34][debug] [sms]ok num:7
[2018-04-13 23:33:34][debug] [sms]no num:0
[2018-04-13 23:33:34][debug] [sms]run time:3
[2018-04-13 23:33:34][debug] [sms]end:1523633614
[2018-04-13 23:33:34][debug] [sms]page:https://bbs.bivfw.top/plugin.php?id=tom_tchongbao:ajax&act=nitice_sms_hb_run&site=1&tongcheng_id=194&hongbao_id=32&page=13
[2018-04-13 23:33:35][debug] [sms]hongbao id:32
[2018-04-13 23:33:35][debug] [sms]page:13
[2018-04-13 23:33:35][debug] [sms]client IP:118.89.52.235
[2018-04-13 23:33:35][debug] [sms]start:1523633615
[2018-04-13 23:33:38][debug] [sms]all num:10
[2018-04-13 23:33:38][debug] [sms]run num:10
[2018-04-13 23:33:38][debug] [sms]ok num:2
[2018-04-13 23:33:38][debug] [sms]no num:0
[2018-04-13 23:33:38][debug] [sms]run time:3
[2018-04-13 23:33:38][debug] [sms]end:1523633618
[2018-04-13 23:33:38][debug] [sms]page:https://bbs.bivfw.top/plugin.php?id=tom_tchongbao:ajax&act=nitice_sms_hb_run&site=1&tongcheng_id=194&hongbao_id=32&page=14
[2018-04-13 23:33:38][debug] [sms]hongbao id:32
[2018-04-13 23:33:38][debug] [sms]page:14
[2018-04-13 23:33:38][debug] [sms]client IP:118.89.52.235
[2018-04-13 23:33:38][debug] [sms]start:1523633618
[2018-04-13 23:33:41][debug] [sms]all num:10
[2018-04-13 23:33:41][debug] [sms]run num:10
[2018-04-13 23:33:41][debug] [sms]ok num:4
[2018-04-13 23:33:41][debug] [sms]no num:0
[2018-04-13 23:33:41][debug] [sms]run time:3
[2018-04-13 23:33:41][debug] [sms]end:1523633621
[2018-04-13 23:33:41][debug] [sms]page:https://bbs.bivfw.top/plugin.php?id=tom_tchongbao:ajax&act=nitice_sms_hb_run&site=1&tongcheng_id=194&hongbao_id=32&page=15
[2018-04-13 23:33:41][debug] [sms]hongbao id:32
[2018-04-13 23:33:41][debug] [sms]page:15
[2018-04-13 23:33:41][debug] [sms]client IP:118.89.52.235
[2018-04-13 23:33:41][debug] [sms]start:1523633621
[2018-04-13 23:33:44][debug] [sms]all num:10
[2018-04-13 23:33:44][debug] [sms]run num:10
[2018-04-13 23:33:44][debug] [sms]ok num:4
[2018-04-13 23:33:44][debug] [sms]no num:0
[2018-04-13 23:33:44][debug] [sms]run time:3
[2018-04-13 23:33:44][debug] [sms]end:1523633624
[2018-04-13 23:33:44][debug] [sms]page:https://bbs.bivfw.top/plugin.php?id=tom_tchongbao:ajax&act=nitice_sms_hb_run&site=1&tongcheng_id=194&hongbao_id=32&page=16
[2018-04-13 23:33:44][debug] [sms]hongbao id:32
[2018-04-13 23:33:44][debug] [sms]page:16
[2018-04-13 23:33:44][debug] [sms]client IP:118.89.52.235
[2018-04-13 23:33:44][debug] [sms]start:1523633624
[2018-04-13 23:33:47][debug] [sms]all num:10
[2018-04-13 23:33:47][debug] [sms]run num:9
[2018-04-13 23:33:47][debug] [sms]ok num:3
[2018-04-13 23:33:47][debug] [sms]no num:0
[2018-04-13 23:33:47][debug] [sms]run time:3
[2018-04-13 23:33:47][debug] [sms]end:1523633627
[2018-04-13 23:33:47][debug] [sms]page:https://bbs.bivfw.top/plugin.php?id=tom_tchongbao:ajax&act=nitice_sms_hb_run&site=1&tongcheng_id=194&hongbao_id=32&page=17
[2018-04-13 23:33:47][debug] [sms]hongbao id:32
[2018-04-13 23:33:47][debug] [sms]page:17
[2018-04-13 23:33:47][debug] [sms]client IP:118.89.52.235
[2018-04-13 23:33:47][debug] [sms]start:1523633627
[2018-04-13 23:33:50][debug] [sms]all num:10
[2018-04-13 23:33:50][debug] [sms]run num:10
[2018-04-13 23:33:50][debug] [sms]ok num:9
[2018-04-13 23:33:50][debug] [sms]no num:0
[2018-04-13 23:33:50][debug] [sms]run time:3
[2018-04-13 23:33:50][debug] [sms]end:1523633630
[2018-04-13 23:33:50][debug] [sms]page:https://bbs.bivfw.top/plugin.php?id=tom_tchongbao:ajax&act=nitice_sms_hb_run&site=1&tongcheng_id=194&hongbao_id=32&page=18
[2018-04-13 23:33:50][debug] [sms]hongbao id:32
[2018-04-13 23:33:50][debug] [sms]page:18
[2018-04-13 23:33:50][debug] [sms]client IP:118.89.52.235
[2018-04-13 23:33:50][debug] [sms]start:1523633630
[2018-04-13 23:33:53][debug] [sms]all num:10
[2018-04-13 23:33:53][debug] [sms]run num:10
[2018-04-13 23:33:53][debug] [sms]ok num:7
[2018-04-13 23:33:53][debug] [sms]no num:0
[2018-04-13 23:33:53][debug] [sms]run time:3
[2018-04-13 23:33:53][debug] [sms]end:1523633633
[2018-04-13 23:33:53][debug] [sms]page:https://bbs.bivfw.top/plugin.php?id=tom_tchongbao:ajax&act=nitice_sms_hb_run&site=1&tongcheng_id=194&hongbao_id=32&page=19
[2018-04-13 23:33:54][debug] [sms]hongbao id:32
[2018-04-13 23:33:54][debug] [sms]page:19
[2018-04-13 23:33:54][debug] [sms]client IP:118.89.52.235
[2018-04-13 23:33:54][debug] [sms]start:1523633634
[2018-04-13 23:33:57][debug] [sms]all num:10
[2018-04-13 23:33:57][debug] [sms]run num:10
[2018-04-13 23:33:57][debug] [sms]ok num:9
[2018-04-13 23:33:57][debug] [sms]no num:0
[2018-04-13 23:33:57][debug] [sms]run time:3
[2018-04-13 23:33:57][debug] [sms]end:1523633637
[2018-04-13 23:33:57][debug] [sms]page:https://bbs.bivfw.top/plugin.php?id=tom_tchongbao:ajax&act=nitice_sms_hb_run&site=1&tongcheng_id=194&hongbao_id=32&page=20
[2018-04-13 23:33:57][debug] [sms]hongbao id:32
[2018-04-13 23:33:57][debug] [sms]page:20
[2018-04-13 23:33:57][debug] [sms]client IP:118.89.52.235
[2018-04-13 23:33:57][debug] [sms]start:1523633637
[2018-04-13 23:34:00][debug] [sms]all num:10
[2018-04-13 23:34:00][debug] [sms]run num:10
[2018-04-13 23:34:00][debug] [sms]ok num:5
[2018-04-13 23:34:00][debug] [sms]no num:0
[2018-04-13 23:34:00][debug] [sms]run time:3
[2018-04-13 23:34:00][debug] [sms]end:1523633640
[2018-04-13 23:34:00][debug] [sms]page:https://bbs.bivfw.top/plugin.php?id=tom_tchongbao:ajax&act=nitice_sms_hb_run&site=1&tongcheng_id=194&hongbao_id=32&page=21
[2018-04-13 23:34:01][debug] [sms]hongbao id:32
[2018-04-13 23:34:01][debug] [sms]page:21
[2018-04-13 23:34:01][debug] [sms]client IP:118.89.52.235
[2018-04-13 23:34:01][debug] [sms]start:1523633641
[2018-04-13 23:34:03][debug] [sms]all num:10
[2018-04-13 23:34:03][debug] [sms]run num:8
[2018-04-13 23:34:03][debug] [sms]ok num:5
[2018-04-13 23:34:03][debug] [sms]no num:0
[2018-04-13 23:34:03][debug] [sms]run time:2
[2018-04-13 23:34:03][debug] [sms]end:1523633643
[2018-04-13 23:34:03][debug] [sms]page:https://bbs.bivfw.top/plugin.php?id=tom_tchongbao:ajax&act=nitice_sms_hb_run&site=1&tongcheng_id=194&hongbao_id=32&page=22
[2018-04-13 23:34:03][debug] [sms]hongbao id:32
[2018-04-13 23:34:03][debug] [sms]page:22
[2018-04-13 23:34:03][debug] [sms]client IP:118.89.52.235
[2018-04-13 23:34:03][debug] [sms]start:1523633643
[2018-04-13 23:34:06][debug] [sms]all num:10
[2018-04-13 23:34:06][debug] [sms]run num:9
[2018-04-13 23:34:06][debug] [sms]ok num:6
[2018-04-13 23:34:06][debug] [sms]no num:0
[2018-04-13 23:34:06][debug] [sms]run time:3
[2018-04-13 23:34:06][debug] [sms]end:1523633646
[2018-04-13 23:34:06][debug] [sms]page:https://bbs.bivfw.top/plugin.php?id=tom_tchongbao:ajax&act=nitice_sms_hb_run&site=1&tongcheng_id=194&hongbao_id=32&page=23
[2018-04-13 23:34:06][debug] [sms]hongbao id:32
[2018-04-13 23:34:06][debug] [sms]page:23
[2018-04-13 23:34:06][debug] [sms]client IP:118.89.52.235
[2018-04-13 23:34:06][debug] [sms]start:1523633646
[2018-04-13 23:34:09][debug] [sms]all num:10
[2018-04-13 23:34:09][debug] [sms]run num:10
[2018-04-13 23:34:09][debug] [sms]ok num:9
[2018-04-13 23:34:09][debug] [sms]no num:0
[2018-04-13 23:34:09][debug] [sms]run time:3
[2018-04-13 23:34:09][debug] [sms]end:1523633649
[2018-04-13 23:34:09][debug] [sms]page:https://bbs.bivfw.top/plugin.php?id=tom_tchongbao:ajax&act=nitice_sms_hb_run&site=1&tongcheng_id=194&hongbao_id=32&page=24
[2018-04-13 23:34:10][debug] [sms]hongbao id:32
[2018-04-13 23:34:10][debug] [sms]page:24
[2018-04-13 23:34:10][debug] [sms]client IP:118.89.52.235
[2018-04-13 23:34:10][debug] [sms]start:1523633650
[2018-04-13 23:34:12][debug] [sms]all num:10
[2018-04-13 23:34:12][debug] [sms]run num:9
[2018-04-13 23:34:12][debug] [sms]ok num:6
[2018-04-13 23:34:12][debug] [sms]no num:0
[2018-04-13 23:34:12][debug] [sms]run time:2
[2018-04-13 23:34:12][debug] [sms]end:1523633652
[2018-04-13 23:34:12][debug] [sms]page:https://bbs.bivfw.top/plugin.php?id=tom_tchongbao:ajax&act=nitice_sms_hb_run&site=1&tongcheng_id=194&hongbao_id=32&page=25
[2018-04-13 23:34:12][debug] [sms]hongbao id:32
[2018-04-13 23:34:12][debug] [sms]page:25
[2018-04-13 23:34:12][debug] [sms]client IP:118.89.52.235
[2018-04-13 23:34:12][debug] [sms]start:1523633652
[2018-04-13 23:34:15][debug] [sms]all num:10
[2018-04-13 23:34:15][debug] [sms]run num:9
[2018-04-13 23:34:15][debug] [sms]ok num:6
[2018-04-13 23:34:15][debug] [sms]no num:0
[2018-04-13 23:34:15][debug] [sms]run time:3
[2018-04-13 23:34:15][debug] [sms]end:1523633655
[2018-04-13 23:34:15][debug] [sms]page:https://bbs.bivfw.top/plugin.php?id=tom_tchongbao:ajax&act=nitice_sms_hb_run&site=1&tongcheng_id=194&hongbao_id=32&page=26
[2018-04-13 23:34:15][debug] [sms]hongbao id:32
[2018-04-13 23:34:15][debug] [sms]page:26
[2018-04-13 23:34:15][debug] [sms]client IP:118.89.52.235
[2018-04-13 23:34:15][debug] [sms]start:1523633655
[2018-04-13 23:34:19][debug] [sms]all num:10
[2018-04-13 23:34:19][debug] [sms]run num:10
[2018-04-13 23:34:19][debug] [sms]ok num:9
[2018-04-13 23:34:19][debug] [sms]no num:0
[2018-04-13 23:34:19][debug] [sms]run time:4
[2018-04-13 23:34:19][debug] [sms]end:1523633659
[2018-04-13 23:34:19][debug] [sms]page:https://bbs.bivfw.top/plugin.php?id=tom_tchongbao:ajax&act=nitice_sms_hb_run&site=1&tongcheng_id=194&hongbao_id=32&page=27
[2018-04-13 23:34:19][debug] [sms]hongbao id:32
[2018-04-13 23:34:19][debug] [sms]page:27
[2018-04-13 23:34:19][debug] [sms]client IP:118.89.52.235
[2018-04-13 23:34:19][debug] [sms]start:1523633659
[2018-04-13 23:34:22][debug] [sms]all num:10
[2018-04-13 23:34:22][debug] [sms]run num:9
[2018-04-13 23:34:22][debug] [sms]ok num:9
[2018-04-13 23:34:22][debug] [sms]no num:0
[2018-04-13 23:34:22][debug] [sms]run time:3
[2018-04-13 23:34:22][debug] [sms]end:1523633662
[2018-04-13 23:34:22][debug] [sms]page:https://bbs.bivfw.top/plugin.php?id=tom_tchongbao:ajax&act=nitice_sms_hb_run&site=1&tongcheng_id=194&hongbao_id=32&page=28
[2018-04-13 23:34:23][debug] [sms]hongbao id:32
[2018-04-13 23:34:23][debug] [sms]page:28
[2018-04-13 23:34:23][debug] [sms]client IP:118.89.52.235
[2018-04-13 23:34:23][debug] [sms]start:1523633663
[2018-04-13 23:34:27][debug] [sms]all num:10
[2018-04-13 23:34:27][debug] [sms]run num:10
[2018-04-13 23:34:27][debug] [sms]ok num:8
[2018-04-13 23:34:27][debug] [sms]no num:0
[2018-04-13 23:34:27][debug] [sms]run time:4
[2018-04-13 23:34:27][debug] [sms]end:1523633667
[2018-04-13 23:34:27][debug] [sms]page:https://bbs.bivfw.top/plugin.php?id=tom_tchongbao:ajax&act=nitice_sms_hb_run&site=1&tongcheng_id=194&hongbao_id=32&page=29
[2018-04-13 23:34:27][debug] [sms]hongbao id:32
[2018-04-13 23:34:27][debug] [sms]page:29
[2018-04-13 23:34:27][debug] [sms]client IP:118.89.52.235
[2018-04-13 23:34:27][debug] [sms]start:1523633667
[2018-04-13 23:34:30][debug] [sms]all num:10
[2018-04-13 23:34:30][debug] [sms]run num:9
[2018-04-13 23:34:30][debug] [sms]ok num:6
[2018-04-13 23:34:30][debug] [sms]no num:0
[2018-04-13 23:34:30][debug] [sms]run time:3
[2018-04-13 23:34:30][debug] [sms]end:1523633670
[2018-04-13 23:34:30][debug] [sms]page:https://bbs.bivfw.top/plugin.php?id=tom_tchongbao:ajax&act=nitice_sms_hb_run&site=1&tongcheng_id=194&hongbao_id=32&page=30
[2018-04-13 23:34:30][debug] [sms]hongbao id:32
[2018-04-13 23:34:30][debug] [sms]page:30
[2018-04-13 23:34:30][debug] [sms]client IP:118.89.52.235
[2018-04-13 23:34:30][debug] [sms]start:1523633670
[2018-04-13 23:34:34][debug] [sms]all num:10
[2018-04-13 23:34:34][debug] [sms]run num:10
[2018-04-13 23:34:34][debug] [sms]ok num:7
[2018-04-13 23:34:34][debug] [sms]no num:0
[2018-04-13 23:34:34][debug] [sms]run time:4
[2018-04-13 23:34:34][debug] [sms]end:1523633674
[2018-04-13 23:34:34][debug] [sms]page:https://bbs.bivfw.top/plugin.php?id=tom_tchongbao:ajax&act=nitice_sms_hb_run&site=1&tongcheng_id=194&hongbao_id=32&page=31
[2018-04-13 23:34:34][debug] [sms]hongbao id:32
[2018-04-13 23:34:34][debug] [sms]page:31
[2018-04-13 23:34:34][debug] [sms]client IP:118.89.52.235
[2018-04-13 23:34:34][debug] [sms]start:1523633674
[2018-04-13 23:34:37][debug] [sms]all num:10
[2018-04-13 23:34:37][debug] [sms]run num:10
[2018-04-13 23:34:37][debug] [sms]ok num:6
[2018-04-13 23:34:37][debug] [sms]no num:0
[2018-04-13 23:34:37][debug] [sms]run time:3
[2018-04-13 23:34:37][debug] [sms]end:1523633677
[2018-04-13 23:34:37][debug] [sms]page:https://bbs.bivfw.top/plugin.php?id=tom_tchongbao:ajax&act=nitice_sms_hb_run&site=1&tongcheng_id=194&hongbao_id=32&page=32
[2018-04-13 23:34:37][debug] [sms]hongbao id:32
[2018-04-13 23:34:37][debug] [sms]page:32
[2018-04-13 23:34:37][debug] [sms]client IP:118.89.52.235
[2018-04-13 23:34:37][debug] [sms]start:1523633677
[2018-04-13 23:34:40][debug] [sms]all num:10
[2018-04-13 23:34:40][debug] [sms]run num:10
[2018-04-13 23:34:40][debug] [sms]ok num:8
[2018-04-13 23:34:40][debug] [sms]no num:0
[2018-04-13 23:34:40][debug] [sms]run time:3
[2018-04-13 23:34:40][debug] [sms]end:1523633680
[2018-04-13 23:34:40][debug] [sms]page:https://bbs.bivfw.top/plugin.php?id=tom_tchongbao:ajax&act=nitice_sms_hb_run&site=1&tongcheng_id=194&hongbao_id=32&page=33
[2018-04-13 23:34:40][debug] [sms]hongbao id:32
[2018-04-13 23:34:40][debug] [sms]page:33
[2018-04-13 23:34:40][debug] [sms]client IP:118.89.52.235
[2018-04-13 23:34:40][debug] [sms]start:1523633680
[2018-04-13 23:34:43][debug] [sms]all num:10
[2018-04-13 23:34:43][debug] [sms]run num:10
[2018-04-13 23:34:43][debug] [sms]ok num:6
[2018-04-13 23:34:43][debug] [sms]no num:0
[2018-04-13 23:34:43][debug] [sms]run time:3
[2018-04-13 23:34:43][debug] [sms]end:1523633683
[2018-04-13 23:34:43][debug] [sms]page:https://bbs.bivfw.top/plugin.php?id=tom_tchongbao:ajax&act=nitice_sms_hb_run&site=1&tongcheng_id=194&hongbao_id=32&page=34
[2018-04-13 23:34:44][debug] [sms]hongbao id:32
[2018-04-13 23:34:44][debug] [sms]page:34
[2018-04-13 23:34:44][debug] [sms]client IP:118.89.52.235
[2018-04-13 23:34:44][debug] [sms]start:1523633684
[2018-04-13 23:34:46][debug] [sms]all num:10
[2018-04-13 23:34:46][debug] [sms]run num:10
[2018-04-13 23:34:46][debug] [sms]ok num:4
[2018-04-13 23:34:46][debug] [sms]no num:0
[2018-04-13 23:34:46][debug] [sms]run time:2
[2018-04-13 23:34:46][debug] [sms]end:1523633686
[2018-04-13 23:34:46][debug] [sms]page:https://bbs.bivfw.top/plugin.php?id=tom_tchongbao:ajax&act=nitice_sms_hb_run&site=1&tongcheng_id=194&hongbao_id=32&page=35
[2018-04-13 23:34:47][debug] [sms]hongbao id:32
[2018-04-13 23:34:47][debug] [sms]page:35
[2018-04-13 23:34:47][debug] [sms]client IP:118.89.52.235
[2018-04-13 23:34:47][debug] [sms]start:1523633687
[2018-04-13 23:34:50][debug] [sms]all num:10
[2018-04-13 23:34:50][debug] [sms]run num:10
[2018-04-13 23:34:50][debug] [sms]ok num:3
[2018-04-13 23:34:50][debug] [sms]no num:0
[2018-04-13 23:34:50][debug] [sms]run time:3
[2018-04-13 23:34:50][debug] [sms]end:1523633690
[2018-04-13 23:34:50][debug] [sms]page:https://bbs.bivfw.top/plugin.php?id=tom_tchongbao:ajax&act=nitice_sms_hb_run&site=1&tongcheng_id=194&hongbao_id=32&page=36
[2018-04-13 23:34:50][debug] [sms]hongbao id:32
[2018-04-13 23:34:50][debug] [sms]page:36
[2018-04-13 23:34:50][debug] [sms]client IP:118.89.52.235
[2018-04-13 23:34:50][debug] [sms]start:1523633690
[2018-04-13 23:34:53][debug] [sms]all num:10
[2018-04-13 23:34:53][debug] [sms]run num:10
[2018-04-13 23:34:53][debug] [sms]ok num:5
[2018-04-13 23:34:53][debug] [sms]no num:0
[2018-04-13 23:34:53][debug] [sms]run time:3
[2018-04-13 23:34:53][debug] [sms]end:1523633693
[2018-04-13 23:34:53][debug] [sms]page:https://bbs.bivfw.top/plugin.php?id=tom_tchongbao:ajax&act=nitice_sms_hb_run&site=1&tongcheng_id=194&hongbao_id=32&page=37
[2018-04-13 23:34:53][debug] [sms]hongbao id:32
[2018-04-13 23:34:53][debug] [sms]page:37
[2018-04-13 23:34:53][debug] [sms]client IP:118.89.52.235
[2018-04-13 23:34:53][debug] [sms]start:1523633693
[2018-04-13 23:34:56][debug] [sms]all num:10
[2018-04-13 23:34:56][debug] [sms]run num:10
[2018-04-13 23:34:56][debug] [sms]ok num:3
[2018-04-13 23:34:56][debug] [sms]no num:0
[2018-04-13 23:34:56][debug] [sms]run time:3
[2018-04-13 23:34:56][debug] [sms]end:1523633696
[2018-04-13 23:34:56][debug] [sms]page:https://bbs.bivfw.top/plugin.php?id=tom_tchongbao:ajax&act=nitice_sms_hb_run&site=1&tongcheng_id=194&hongbao_id=32&page=38
[2018-04-13 23:34:57][debug] [sms]hongbao id:32
[2018-04-13 23:34:57][debug] [sms]page:38
[2018-04-13 23:34:57][debug] [sms]client IP:118.89.52.235
[2018-04-13 23:34:57][debug] [sms]start:1523633697
[2018-04-13 23:35:00][debug] [sms]all num:10
[2018-04-13 23:35:00][debug] [sms]run num:10
[2018-04-13 23:35:00][debug] [sms]ok num:4
[2018-04-13 23:35:00][debug] [sms]no num:0
[2018-04-13 23:35:00][debug] [sms]run time:3
[2018-04-13 23:35:00][debug] [sms]end:1523633700
[2018-04-13 23:35:00][debug] [sms]page:https://bbs.bivfw.top/plugin.php?id=tom_tchongbao:ajax&act=nitice_sms_hb_run&site=1&tongcheng_id=194&hongbao_id=32&page=39
[2018-04-13 23:35:00][debug] [sms]hongbao id:32
[2018-04-13 23:35:00][debug] [sms]page:39
[2018-04-13 23:35:00][debug] [sms]client IP:118.89.52.235
[2018-04-13 23:35:00][debug] [sms]start:1523633700
[2018-04-13 23:35:03][debug] [sms]all num:10
[2018-04-13 23:35:03][debug] [sms]run num:10
[2018-04-13 23:35:03][debug] [sms]ok num:4
[2018-04-13 23:35:03][debug] [sms]no num:0
[2018-04-13 23:35:03][debug] [sms]run time:3
[2018-04-13 23:35:03][debug] [sms]end:1523633703
[2018-04-13 23:35:03][debug] [sms]page:https://bbs.bivfw.top/plugin.php?id=tom_tchongbao:ajax&act=nitice_sms_hb_run&site=1&tongcheng_id=194&hongbao_id=32&page=40
[2018-04-13 23:35:03][debug] [sms]hongbao id:32
[2018-04-13 23:35:03][debug] [sms]page:40
[2018-04-13 23:35:03][debug] [sms]client IP:118.89.52.235
[2018-04-13 23:35:03][debug] [sms]start:1523633703
[2018-04-13 23:35:06][debug] [sms]all num:10
[2018-04-13 23:35:06][debug] [sms]run num:10
[2018-04-13 23:35:06][debug] [sms]ok num:3
[2018-04-13 23:35:06][debug] [sms]no num:0
[2018-04-13 23:35:06][debug] [sms]run time:3
[2018-04-13 23:35:06][debug] [sms]end:1523633706
[2018-04-13 23:35:06][debug] [sms]page:https://bbs.bivfw.top/plugin.php?id=tom_tchongbao:ajax&act=nitice_sms_hb_run&site=1&tongcheng_id=194&hongbao_id=32&page=41
[2018-04-13 23:35:06][debug] [sms]hongbao id:32
[2018-04-13 23:35:06][debug] [sms]page:41
[2018-04-13 23:35:06][debug] [sms]client IP:118.89.52.235
[2018-04-13 23:35:06][debug] [sms]start:1523633706
[2018-04-13 23:35:09][debug] [sms]all num:10
[2018-04-13 23:35:09][debug] [sms]run num:10
[2018-04-13 23:35:09][debug] [sms]ok num:3
[2018-04-13 23:35:09][debug] [sms]no num:0
[2018-04-13 23:35:09][debug] [sms]run time:3
[2018-04-13 23:35:09][debug] [sms]end:1523633709
[2018-04-13 23:35:09][debug] [sms]page:https://bbs.bivfw.top/plugin.php?id=tom_tchongbao:ajax&act=nitice_sms_hb_run&site=1&tongcheng_id=194&hongbao_id=32&page=42
[2018-04-13 23:35:09][debug] [sms]hongbao id:32
[2018-04-13 23:35:09][debug] [sms]page:42
[2018-04-13 23:35:09][debug] [sms]client IP:118.89.52.235
[2018-04-13 23:35:09][debug] [sms]start:1523633709
[2018-04-13 23:35:11][debug] [sms]all num:7
[2018-04-13 23:35:11][debug] [sms]run num:6
[2018-04-13 23:35:11][debug] [sms]ok num:3
[2018-04-13 23:35:11][debug] [sms]no num:0
[2018-04-13 23:35:11][debug] [sms]run time:2
[2018-04-13 23:35:11][debug] [sms]end:1523633711
[2018-04-13 23:35:11][debug] [sms]page:https://bbs.bivfw.top/plugin.php?id=tom_tchongbao:ajax&act=nitice_sms_hb_run&site=1&tongcheng_id=194&hongbao_id=32&page=43
[2018-04-13 23:35:11][debug] [sms]hongbao id:32
[2018-04-13 23:35:11][debug] [sms]page:43
[2018-04-13 23:35:11][debug] [sms]client IP:118.89.52.235
[2018-04-13 23:35:11][debug] [sms]start:1523633711
[2018-04-13 23:35:11][debug] [sms]all num:0
[2018-04-13 23:35:11][debug] [sms]run num:0
[2018-04-13 23:35:11][debug] [sms]ok num:0
[2018-04-13 23:35:11][debug] [sms]no num:0
[2018-04-13 23:35:11][debug] [sms]run time:0
[2018-04-13 23:35:11][debug] [sms]end:1523633711
[2018-04-13 23:35:11][debug] [sms]over:1523633711
