[2018-10-18 03:54:06][debug] [sms]--------------------- new -------------------------
[2018-10-18 03:54:06][debug] [sms]hongbao id:65
[2018-10-18 03:54:06][debug] [sms]page:1
[2018-10-18 03:54:06][debug] [sms]client IP:118.89.52.235
[2018-10-18 03:54:06][debug] [sms]start:1539806046
[2018-10-18 03:54:10][debug] [sms]all num:10
[2018-10-18 03:54:10][debug] [sms]run num:10
[2018-10-18 03:54:10][debug] [sms]ok num:9
[2018-10-18 03:54:10][debug] [sms]no num:0
[2018-10-18 03:54:10][debug] [sms]run time:4
[2018-10-18 03:54:10][debug] [sms]end:1539806050
[2018-10-18 03:54:10][debug] [sms]page:https://bbs.sex002.xyz/plugin.php?id=tom_tchongbao:ajax&act=nitice_sms_tcshop_hb_run&site=1&tcshop_id=129&hongbao_id=65&page=2
[2018-10-18 03:54:10][debug] [sms]hongbao id:65
[2018-10-18 03:54:10][debug] [sms]page:2
[2018-10-18 03:54:10][debug] [sms]client IP:118.89.52.235
[2018-10-18 03:54:10][debug] [sms]start:1539806050
[2018-10-18 03:54:14][debug] [sms]all num:10
[2018-10-18 03:54:14][debug] [sms]run num:10
[2018-10-18 03:54:14][debug] [sms]ok num:9
[2018-10-18 03:54:14][debug] [sms]no num:1
[2018-10-18 03:54:14][debug] [sms]run time:4
[2018-10-18 03:54:14][debug] [sms]end:1539806054
[2018-10-18 03:54:14][debug] [sms]page:https://bbs.sex002.xyz/plugin.php?id=tom_tchongbao:ajax&act=nitice_sms_tcshop_hb_run&site=1&tcshop_id=129&hongbao_id=65&page=3
[2018-10-18 03:54:14][debug] [sms]hongbao id:65
[2018-10-18 03:54:14][debug] [sms]page:3
[2018-10-18 03:54:14][debug] [sms]client IP:118.89.52.235
[2018-10-18 03:54:14][debug] [sms]start:1539806054
[2018-10-18 03:54:18][debug] [sms]all num:10
[2018-10-18 03:54:18][debug] [sms]run num:10
[2018-10-18 03:54:18][debug] [sms]ok num:8
[2018-10-18 03:54:18][debug] [sms]no num:0
[2018-10-18 03:54:18][debug] [sms]run time:4
[2018-10-18 03:54:18][debug] [sms]end:1539806058
[2018-10-18 03:54:18][debug] [sms]page:https://bbs.sex002.xyz/plugin.php?id=tom_tchongbao:ajax&act=nitice_sms_tcshop_hb_run&site=1&tcshop_id=129&hongbao_id=65&page=4
[2018-10-18 03:54:18][debug] [sms]hongbao id:65
[2018-10-18 03:54:18][debug] [sms]page:4
[2018-10-18 03:54:18][debug] [sms]client IP:118.89.52.235
[2018-10-18 03:54:18][debug] [sms]start:1539806058
[2018-10-18 03:54:22][debug] [sms]all num:10
[2018-10-18 03:54:22][debug] [sms]run num:10
[2018-10-18 03:54:22][debug] [sms]ok num:10
[2018-10-18 03:54:22][debug] [sms]no num:0
[2018-10-18 03:54:22][debug] [sms]run time:4
[2018-10-18 03:54:22][debug] [sms]end:1539806062
[2018-10-18 03:54:22][debug] [sms]page:https://bbs.sex002.xyz/plugin.php?id=tom_tchongbao:ajax&act=nitice_sms_tcshop_hb_run&site=1&tcshop_id=129&hongbao_id=65&page=5
[2018-10-18 03:54:22][debug] [sms]hongbao id:65
[2018-10-18 03:54:22][debug] [sms]page:5
[2018-10-18 03:54:22][debug] [sms]client IP:118.89.52.235
[2018-10-18 03:54:22][debug] [sms]start:1539806062
[2018-10-18 03:54:25][debug] [sms]all num:10
[2018-10-18 03:54:25][debug] [sms]run num:10
[2018-10-18 03:54:25][debug] [sms]ok num:9
[2018-10-18 03:54:25][debug] [sms]no num:0
[2018-10-18 03:54:25][debug] [sms]run time:3
[2018-10-18 03:54:25][debug] [sms]end:1539806065
[2018-10-18 03:54:25][debug] [sms]page:https://bbs.sex002.xyz/plugin.php?id=tom_tchongbao:ajax&act=nitice_sms_tcshop_hb_run&site=1&tcshop_id=129&hongbao_id=65&page=6
[2018-10-18 03:54:26][debug] [sms]hongbao id:65
[2018-10-18 03:54:26][debug] [sms]page:6
[2018-10-18 03:54:26][debug] [sms]client IP:118.89.52.235
[2018-10-18 03:54:26][debug] [sms]start:1539806066
[2018-10-18 03:54:29][debug] [sms]all num:10
[2018-10-18 03:54:29][debug] [sms]run num:10
[2018-10-18 03:54:29][debug] [sms]ok num:9
[2018-10-18 03:54:29][debug] [sms]no num:0
[2018-10-18 03:54:29][debug] [sms]run time:3
[2018-10-18 03:54:29][debug] [sms]end:1539806069
[2018-10-18 03:54:29][debug] [sms]page:https://bbs.sex002.xyz/plugin.php?id=tom_tchongbao:ajax&act=nitice_sms_tcshop_hb_run&site=1&tcshop_id=129&hongbao_id=65&page=7
[2018-10-18 03:54:29][debug] [sms]hongbao id:65
[2018-10-18 03:54:29][debug] [sms]page:7
[2018-10-18 03:54:29][debug] [sms]client IP:118.89.52.235
[2018-10-18 03:54:29][debug] [sms]start:1539806069
[2018-10-18 03:54:33][debug] [sms]all num:10
[2018-10-18 03:54:33][debug] [sms]run num:10
[2018-10-18 03:54:33][debug] [sms]ok num:9
[2018-10-18 03:54:33][debug] [sms]no num:0
[2018-10-18 03:54:33][debug] [sms]run time:4
[2018-10-18 03:54:33][debug] [sms]end:1539806073
[2018-10-18 03:54:33][debug] [sms]page:https://bbs.sex002.xyz/plugin.php?id=tom_tchongbao:ajax&act=nitice_sms_tcshop_hb_run&site=1&tcshop_id=129&hongbao_id=65&page=8
[2018-10-18 03:54:34][debug] [sms]hongbao id:65
[2018-10-18 03:54:34][debug] [sms]page:8
[2018-10-18 03:54:34][debug] [sms]client IP:118.89.52.235
[2018-10-18 03:54:34][debug] [sms]start:1539806074
[2018-10-18 03:54:37][debug] [sms]all num:10
[2018-10-18 03:54:37][debug] [sms]run num:10
[2018-10-18 03:54:37][debug] [sms]ok num:8
[2018-10-18 03:54:37][debug] [sms]no num:0
[2018-10-18 03:54:37][debug] [sms]run time:3
[2018-10-18 03:54:37][debug] [sms]end:1539806077
[2018-10-18 03:54:37][debug] [sms]page:https://bbs.sex002.xyz/plugin.php?id=tom_tchongbao:ajax&act=nitice_sms_tcshop_hb_run&site=1&tcshop_id=129&hongbao_id=65&page=9
[2018-10-18 03:54:38][debug] [sms]hongbao id:65
[2018-10-18 03:54:38][debug] [sms]page:9
[2018-10-18 03:54:38][debug] [sms]client IP:118.89.52.235
[2018-10-18 03:54:38][debug] [sms]start:1539806078
[2018-10-18 03:54:41][debug] [sms]all num:10
[2018-10-18 03:54:41][debug] [sms]run num:10
[2018-10-18 03:54:41][debug] [sms]ok num:7
[2018-10-18 03:54:41][debug] [sms]no num:0
[2018-10-18 03:54:41][debug] [sms]run time:3
[2018-10-18 03:54:41][debug] [sms]end:1539806081
[2018-10-18 03:54:41][debug] [sms]page:https://bbs.sex002.xyz/plugin.php?id=tom_tchongbao:ajax&act=nitice_sms_tcshop_hb_run&site=1&tcshop_id=129&hongbao_id=65&page=10
[2018-10-18 03:54:42][debug] [sms]hongbao id:65
[2018-10-18 03:54:42][debug] [sms]page:10
[2018-10-18 03:54:42][debug] [sms]client IP:118.89.52.235
[2018-10-18 03:54:42][debug] [sms]start:1539806082
[2018-10-18 03:54:45][debug] [sms]all num:10
[2018-10-18 03:54:45][debug] [sms]run num:10
[2018-10-18 03:54:45][debug] [sms]ok num:4
[2018-10-18 03:54:45][debug] [sms]no num:0
[2018-10-18 03:54:45][debug] [sms]run time:3
[2018-10-18 03:54:45][debug] [sms]end:1539806085
[2018-10-18 03:54:45][debug] [sms]page:https://bbs.sex002.xyz/plugin.php?id=tom_tchongbao:ajax&act=nitice_sms_tcshop_hb_run&site=1&tcshop_id=129&hongbao_id=65&page=11
[2018-10-18 03:54:45][debug] [sms]hongbao id:65
[2018-10-18 03:54:45][debug] [sms]page:11
[2018-10-18 03:54:45][debug] [sms]client IP:118.89.52.235
[2018-10-18 03:54:45][debug] [sms]start:1539806085
[2018-10-18 03:54:49][debug] [sms]all num:10
[2018-10-18 03:54:49][debug] [sms]run num:10
[2018-10-18 03:54:49][debug] [sms]ok num:3
[2018-10-18 03:54:49][debug] [sms]no num:0
[2018-10-18 03:54:49][debug] [sms]run time:4
[2018-10-18 03:54:49][debug] [sms]end:1539806089
[2018-10-18 03:54:49][debug] [sms]page:https://bbs.sex002.xyz/plugin.php?id=tom_tchongbao:ajax&act=nitice_sms_tcshop_hb_run&site=1&tcshop_id=129&hongbao_id=65&page=12
[2018-10-18 03:54:49][debug] [sms]hongbao id:65
[2018-10-18 03:54:49][debug] [sms]page:12
[2018-10-18 03:54:49][debug] [sms]client IP:118.89.52.235
[2018-10-18 03:54:49][debug] [sms]start:1539806089
[2018-10-18 03:54:52][debug] [sms]all num:10
[2018-10-18 03:54:52][debug] [sms]run num:10
[2018-10-18 03:54:52][debug] [sms]ok num:4
[2018-10-18 03:54:52][debug] [sms]no num:0
[2018-10-18 03:54:52][debug] [sms]run time:3
[2018-10-18 03:54:52][debug] [sms]end:1539806092
[2018-10-18 03:54:52][debug] [sms]page:https://bbs.sex002.xyz/plugin.php?id=tom_tchongbao:ajax&act=nitice_sms_tcshop_hb_run&site=1&tcshop_id=129&hongbao_id=65&page=13
[2018-10-18 03:54:53][debug] [sms]hongbao id:65
[2018-10-18 03:54:53][debug] [sms]page:13
[2018-10-18 03:54:53][debug] [sms]client IP:118.89.52.235
[2018-10-18 03:54:53][debug] [sms]start:1539806093
[2018-10-18 03:54:56][debug] [sms]all num:10
[2018-10-18 03:54:56][debug] [sms]run num:10
[2018-10-18 03:54:56][debug] [sms]ok num:4
[2018-10-18 03:54:56][debug] [sms]no num:0
[2018-10-18 03:54:56][debug] [sms]run time:3
[2018-10-18 03:54:56][debug] [sms]end:1539806096
[2018-10-18 03:54:56][debug] [sms]page:https://bbs.sex002.xyz/plugin.php?id=tom_tchongbao:ajax&act=nitice_sms_tcshop_hb_run&site=1&tcshop_id=129&hongbao_id=65&page=14
[2018-10-18 03:54:57][debug] [sms]hongbao id:65
[2018-10-18 03:54:57][debug] [sms]page:14
[2018-10-18 03:54:57][debug] [sms]client IP:118.89.52.235
[2018-10-18 03:54:57][debug] [sms]start:1539806097
[2018-10-18 03:55:00][debug] [sms]all num:10
[2018-10-18 03:55:00][debug] [sms]run num:10
[2018-10-18 03:55:00][debug] [sms]ok num:7
[2018-10-18 03:55:00][debug] [sms]no num:0
[2018-10-18 03:55:00][debug] [sms]run time:3
[2018-10-18 03:55:00][debug] [sms]end:1539806100
[2018-10-18 03:55:00][debug] [sms]page:https://bbs.sex002.xyz/plugin.php?id=tom_tchongbao:ajax&act=nitice_sms_tcshop_hb_run&site=1&tcshop_id=129&hongbao_id=65&page=15
[2018-10-18 03:55:01][debug] [sms]hongbao id:65
[2018-10-18 03:55:01][debug] [sms]page:15
[2018-10-18 03:55:01][debug] [sms]client IP:118.89.52.235
[2018-10-18 03:55:01][debug] [sms]start:1539806101
[2018-10-18 03:55:04][debug] [sms]all num:10
[2018-10-18 03:55:04][debug] [sms]run num:10
[2018-10-18 03:55:04][debug] [sms]ok num:7
[2018-10-18 03:55:04][debug] [sms]no num:0
[2018-10-18 03:55:04][debug] [sms]run time:3
[2018-10-18 03:55:04][debug] [sms]end:1539806104
[2018-10-18 03:55:04][debug] [sms]page:https://bbs.sex002.xyz/plugin.php?id=tom_tchongbao:ajax&act=nitice_sms_tcshop_hb_run&site=1&tcshop_id=129&hongbao_id=65&page=16
[2018-10-18 03:55:05][debug] [sms]hongbao id:65
[2018-10-18 03:55:05][debug] [sms]page:16
[2018-10-18 03:55:05][debug] [sms]client IP:118.89.52.235
[2018-10-18 03:55:05][debug] [sms]start:1539806105
[2018-10-18 03:55:09][debug] [sms]all num:10
[2018-10-18 03:55:09][debug] [sms]run num:10
[2018-10-18 03:55:09][debug] [sms]ok num:10
[2018-10-18 03:55:09][debug] [sms]no num:0
[2018-10-18 03:55:09][debug] [sms]run time:4
[2018-10-18 03:55:09][debug] [sms]end:1539806109
[2018-10-18 03:55:09][debug] [sms]page:https://bbs.sex002.xyz/plugin.php?id=tom_tchongbao:ajax&act=nitice_sms_tcshop_hb_run&site=1&tcshop_id=129&hongbao_id=65&page=17
[2018-10-18 03:55:09][debug] [sms]hongbao id:65
[2018-10-18 03:55:09][debug] [sms]page:17
[2018-10-18 03:55:09][debug] [sms]client IP:118.89.52.235
[2018-10-18 03:55:09][debug] [sms]start:1539806109
[2018-10-18 03:55:12][debug] [sms]all num:10
[2018-10-18 03:55:12][debug] [sms]run num:10
[2018-10-18 03:55:12][debug] [sms]ok num:6
[2018-10-18 03:55:12][debug] [sms]no num:0
[2018-10-18 03:55:12][debug] [sms]run time:3
[2018-10-18 03:55:12][debug] [sms]end:1539806112
[2018-10-18 03:55:12][debug] [sms]page:https://bbs.sex002.xyz/plugin.php?id=tom_tchongbao:ajax&act=nitice_sms_tcshop_hb_run&site=1&tcshop_id=129&hongbao_id=65&page=18
[2018-10-18 03:55:13][debug] [sms]hongbao id:65
[2018-10-18 03:55:13][debug] [sms]page:18
[2018-10-18 03:55:13][debug] [sms]client IP:118.89.52.235
[2018-10-18 03:55:13][debug] [sms]start:1539806113
[2018-10-18 03:55:16][debug] [sms]all num:10
[2018-10-18 03:55:16][debug] [sms]run num:10
[2018-10-18 03:55:16][debug] [sms]ok num:5
[2018-10-18 03:55:16][debug] [sms]no num:0
[2018-10-18 03:55:16][debug] [sms]run time:3
[2018-10-18 03:55:16][debug] [sms]end:1539806116
[2018-10-18 03:55:16][debug] [sms]page:https://bbs.sex002.xyz/plugin.php?id=tom_tchongbao:ajax&act=nitice_sms_tcshop_hb_run&site=1&tcshop_id=129&hongbao_id=65&page=19
[2018-10-18 03:55:17][debug] [sms]hongbao id:65
[2018-10-18 03:55:17][debug] [sms]page:19
[2018-10-18 03:55:17][debug] [sms]client IP:118.89.52.235
[2018-10-18 03:55:17][debug] [sms]start:1539806117
[2018-10-18 03:55:21][debug] [sms]all num:10
[2018-10-18 03:55:21][debug] [sms]run num:10
[2018-10-18 03:55:21][debug] [sms]ok num:1
[2018-10-18 03:55:21][debug] [sms]no num:0
[2018-10-18 03:55:21][debug] [sms]run time:4
[2018-10-18 03:55:21][debug] [sms]end:1539806121
[2018-10-18 03:55:21][debug] [sms]page:https://bbs.sex002.xyz/plugin.php?id=tom_tchongbao:ajax&act=nitice_sms_tcshop_hb_run&site=1&tcshop_id=129&hongbao_id=65&page=20
[2018-10-18 03:55:21][debug] [sms]hongbao id:65
[2018-10-18 03:55:21][debug] [sms]page:20
[2018-10-18 03:55:21][debug] [sms]client IP:118.89.52.235
[2018-10-18 03:55:21][debug] [sms]start:1539806121
[2018-10-18 03:55:24][debug] [sms]all num:10
[2018-10-18 03:55:24][debug] [sms]run num:10
[2018-10-18 03:55:24][debug] [sms]ok num:3
[2018-10-18 03:55:24][debug] [sms]no num:0
[2018-10-18 03:55:24][debug] [sms]run time:3
[2018-10-18 03:55:24][debug] [sms]end:1539806124
[2018-10-18 03:55:24][debug] [sms]page:https://bbs.sex002.xyz/plugin.php?id=tom_tchongbao:ajax&act=nitice_sms_tcshop_hb_run&site=1&tcshop_id=129&hongbao_id=65&page=21
[2018-10-18 03:55:25][debug] [sms]hongbao id:65
[2018-10-18 03:55:25][debug] [sms]page:21
[2018-10-18 03:55:25][debug] [sms]client IP:118.89.52.235
[2018-10-18 03:55:25][debug] [sms]start:1539806125
[2018-10-18 03:55:28][debug] [sms]all num:10
[2018-10-18 03:55:28][debug] [sms]run num:10
[2018-10-18 03:55:28][debug] [sms]ok num:4
[2018-10-18 03:55:28][debug] [sms]no num:0
[2018-10-18 03:55:28][debug] [sms]run time:3
[2018-10-18 03:55:28][debug] [sms]end:1539806128
[2018-10-18 03:55:28][debug] [sms]page:https://bbs.sex002.xyz/plugin.php?id=tom_tchongbao:ajax&act=nitice_sms_tcshop_hb_run&site=1&tcshop_id=129&hongbao_id=65&page=22
[2018-10-18 03:55:28][debug] [sms]hongbao id:65
[2018-10-18 03:55:28][debug] [sms]page:22
[2018-10-18 03:55:28][debug] [sms]client IP:118.89.52.235
[2018-10-18 03:55:28][debug] [sms]start:1539806128
[2018-10-18 03:55:31][debug] [sms]all num:10
[2018-10-18 03:55:31][debug] [sms]run num:10
[2018-10-18 03:55:31][debug] [sms]ok num:7
[2018-10-18 03:55:31][debug] [sms]no num:0
[2018-10-18 03:55:31][debug] [sms]run time:3
[2018-10-18 03:55:31][debug] [sms]end:1539806131
[2018-10-18 03:55:31][debug] [sms]page:https://bbs.sex002.xyz/plugin.php?id=tom_tchongbao:ajax&act=nitice_sms_tcshop_hb_run&site=1&tcshop_id=129&hongbao_id=65&page=23
[2018-10-18 03:55:32][debug] [sms]hongbao id:65
[2018-10-18 03:55:32][debug] [sms]page:23
[2018-10-18 03:55:32][debug] [sms]client IP:118.89.52.235
[2018-10-18 03:55:32][debug] [sms]start:1539806132
[2018-10-18 03:55:35][debug] [sms]all num:10
[2018-10-18 03:55:35][debug] [sms]run num:10
[2018-10-18 03:55:35][debug] [sms]ok num:4
[2018-10-18 03:55:35][debug] [sms]no num:0
[2018-10-18 03:55:35][debug] [sms]run time:3
[2018-10-18 03:55:35][debug] [sms]end:1539806135
[2018-10-18 03:55:35][debug] [sms]page:https://bbs.sex002.xyz/plugin.php?id=tom_tchongbao:ajax&act=nitice_sms_tcshop_hb_run&site=1&tcshop_id=129&hongbao_id=65&page=24
[2018-10-18 03:55:35][debug] [sms]hongbao id:65
[2018-10-18 03:55:35][debug] [sms]page:24
[2018-10-18 03:55:35][debug] [sms]client IP:118.89.52.235
[2018-10-18 03:55:35][debug] [sms]start:1539806135
[2018-10-18 03:55:38][debug] [sms]all num:10
[2018-10-18 03:55:38][debug] [sms]run num:10
[2018-10-18 03:55:38][debug] [sms]ok num:9
[2018-10-18 03:55:38][debug] [sms]no num:1
[2018-10-18 03:55:38][debug] [sms]run time:3
[2018-10-18 03:55:38][debug] [sms]end:1539806138
[2018-10-18 03:55:38][debug] [sms]page:https://bbs.sex002.xyz/plugin.php?id=tom_tchongbao:ajax&act=nitice_sms_tcshop_hb_run&site=1&tcshop_id=129&hongbao_id=65&page=25
[2018-10-18 03:55:38][debug] [sms]hongbao id:65
[2018-10-18 03:55:38][debug] [sms]page:25
[2018-10-18 03:55:38][debug] [sms]client IP:118.89.52.235
[2018-10-18 03:55:38][debug] [sms]start:1539806138
[2018-10-18 03:55:42][debug] [sms]all num:10
[2018-10-18 03:55:42][debug] [sms]run num:10
[2018-10-18 03:55:42][debug] [sms]ok num:9
[2018-10-18 03:55:42][debug] [sms]no num:0
[2018-10-18 03:55:42][debug] [sms]run time:4
[2018-10-18 03:55:42][debug] [sms]end:1539806142
[2018-10-18 03:55:42][debug] [sms]page:https://bbs.sex002.xyz/plugin.php?id=tom_tchongbao:ajax&act=nitice_sms_tcshop_hb_run&site=1&tcshop_id=129&hongbao_id=65&page=26
[2018-10-18 03:55:42][debug] [sms]hongbao id:65
[2018-10-18 03:55:42][debug] [sms]page:26
[2018-10-18 03:55:42][debug] [sms]client IP:118.89.52.235
[2018-10-18 03:55:42][debug] [sms]start:1539806142
[2018-10-18 03:55:46][debug] [sms]all num:10
[2018-10-18 03:55:46][debug] [sms]run num:10
[2018-10-18 03:55:46][debug] [sms]ok num:7
[2018-10-18 03:55:46][debug] [sms]no num:0
[2018-10-18 03:55:46][debug] [sms]run time:4
[2018-10-18 03:55:46][debug] [sms]end:1539806146
[2018-10-18 03:55:46][debug] [sms]page:https://bbs.sex002.xyz/plugin.php?id=tom_tchongbao:ajax&act=nitice_sms_tcshop_hb_run&site=1&tcshop_id=129&hongbao_id=65&page=27
[2018-10-18 03:55:46][debug] [sms]hongbao id:65
[2018-10-18 03:55:46][debug] [sms]page:27
[2018-10-18 03:55:46][debug] [sms]client IP:118.89.52.235
[2018-10-18 03:55:46][debug] [sms]start:1539806146
[2018-10-18 03:55:50][debug] [sms]all num:10
[2018-10-18 03:55:50][debug] [sms]run num:10
[2018-10-18 03:55:50][debug] [sms]ok num:4
[2018-10-18 03:55:50][debug] [sms]no num:0
[2018-10-18 03:55:50][debug] [sms]run time:4
[2018-10-18 03:55:50][debug] [sms]end:1539806150
[2018-10-18 03:55:50][debug] [sms]page:https://bbs.sex002.xyz/plugin.php?id=tom_tchongbao:ajax&act=nitice_sms_tcshop_hb_run&site=1&tcshop_id=129&hongbao_id=65&page=28
[2018-10-18 03:55:50][debug] [sms]hongbao id:65
[2018-10-18 03:55:50][debug] [sms]page:28
[2018-10-18 03:55:50][debug] [sms]client IP:118.89.52.235
[2018-10-18 03:55:50][debug] [sms]start:1539806150
[2018-10-18 03:55:53][debug] [sms]all num:10
[2018-10-18 03:55:53][debug] [sms]run num:10
[2018-10-18 03:55:53][debug] [sms]ok num:2
[2018-10-18 03:55:53][debug] [sms]no num:0
[2018-10-18 03:55:53][debug] [sms]run time:3
[2018-10-18 03:55:53][debug] [sms]end:1539806153
[2018-10-18 03:55:53][debug] [sms]page:https://bbs.sex002.xyz/plugin.php?id=tom_tchongbao:ajax&act=nitice_sms_tcshop_hb_run&site=1&tcshop_id=129&hongbao_id=65&page=29
[2018-10-18 03:55:53][debug] [sms]hongbao id:65
[2018-10-18 03:55:53][debug] [sms]page:29
[2018-10-18 03:55:53][debug] [sms]client IP:118.89.52.235
[2018-10-18 03:55:53][debug] [sms]start:1539806153
[2018-10-18 03:55:57][debug] [sms]all num:10
[2018-10-18 03:55:57][debug] [sms]run num:10
[2018-10-18 03:55:57][debug] [sms]ok num:2
[2018-10-18 03:55:57][debug] [sms]no num:0
[2018-10-18 03:55:57][debug] [sms]run time:4
[2018-10-18 03:55:57][debug] [sms]end:1539806157
[2018-10-18 03:55:57][debug] [sms]page:https://bbs.sex002.xyz/plugin.php?id=tom_tchongbao:ajax&act=nitice_sms_tcshop_hb_run&site=1&tcshop_id=129&hongbao_id=65&page=30
[2018-10-18 03:55:57][debug] [sms]hongbao id:65
[2018-10-18 03:55:57][debug] [sms]page:30
[2018-10-18 03:55:57][debug] [sms]client IP:118.89.52.235
[2018-10-18 03:55:57][debug] [sms]start:1539806157
[2018-10-18 03:56:00][debug] [sms]all num:10
[2018-10-18 03:56:00][debug] [sms]run num:10
[2018-10-18 03:56:00][debug] [sms]ok num:3
[2018-10-18 03:56:00][debug] [sms]no num:0
[2018-10-18 03:56:00][debug] [sms]run time:3
[2018-10-18 03:56:00][debug] [sms]end:1539806160
[2018-10-18 03:56:00][debug] [sms]page:https://bbs.sex002.xyz/plugin.php?id=tom_tchongbao:ajax&act=nitice_sms_tcshop_hb_run&site=1&tcshop_id=129&hongbao_id=65&page=31
[2018-10-18 03:56:01][debug] [sms]hongbao id:65
[2018-10-18 03:56:01][debug] [sms]page:31
[2018-10-18 03:56:01][debug] [sms]client IP:118.89.52.235
[2018-10-18 03:56:01][debug] [sms]start:1539806161
[2018-10-18 03:56:04][debug] [sms]all num:10
[2018-10-18 03:56:04][debug] [sms]run num:10
[2018-10-18 03:56:04][debug] [sms]ok num:2
[2018-10-18 03:56:04][debug] [sms]no num:0
[2018-10-18 03:56:04][debug] [sms]run time:3
[2018-10-18 03:56:04][debug] [sms]end:1539806164
[2018-10-18 03:56:04][debug] [sms]page:https://bbs.sex002.xyz/plugin.php?id=tom_tchongbao:ajax&act=nitice_sms_tcshop_hb_run&site=1&tcshop_id=129&hongbao_id=65&page=32
[2018-10-18 03:56:04][debug] [sms]hongbao id:65
[2018-10-18 03:56:04][debug] [sms]page:32
[2018-10-18 03:56:04][debug] [sms]client IP:118.89.52.235
[2018-10-18 03:56:04][debug] [sms]start:1539806164
[2018-10-18 03:56:08][debug] [sms]all num:10
[2018-10-18 03:56:08][debug] [sms]run num:10
[2018-10-18 03:56:08][debug] [sms]ok num:3
[2018-10-18 03:56:08][debug] [sms]no num:0
[2018-10-18 03:56:08][debug] [sms]run time:4
[2018-10-18 03:56:08][debug] [sms]end:1539806168
[2018-10-18 03:56:08][debug] [sms]page:https://bbs.sex002.xyz/plugin.php?id=tom_tchongbao:ajax&act=nitice_sms_tcshop_hb_run&site=1&tcshop_id=129&hongbao_id=65&page=33
[2018-10-18 03:56:08][debug] [sms]hongbao id:65
[2018-10-18 03:56:08][debug] [sms]page:33
[2018-10-18 03:56:08][debug] [sms]client IP:118.89.52.235
[2018-10-18 03:56:08][debug] [sms]start:1539806168
[2018-10-18 03:56:11][debug] [sms]all num:10
[2018-10-18 03:56:11][debug] [sms]run num:10
[2018-10-18 03:56:11][debug] [sms]ok num:1
[2018-10-18 03:56:11][debug] [sms]no num:0
[2018-10-18 03:56:11][debug] [sms]run time:3
[2018-10-18 03:56:11][debug] [sms]end:1539806171
[2018-10-18 03:56:11][debug] [sms]page:https://bbs.sex002.xyz/plugin.php?id=tom_tchongbao:ajax&act=nitice_sms_tcshop_hb_run&site=1&tcshop_id=129&hongbao_id=65&page=34
[2018-10-18 03:56:12][debug] [sms]hongbao id:65
[2018-10-18 03:56:12][debug] [sms]page:34
[2018-10-18 03:56:12][debug] [sms]client IP:118.89.52.235
[2018-10-18 03:56:12][debug] [sms]start:1539806172
[2018-10-18 03:56:15][debug] [sms]all num:10
[2018-10-18 03:56:15][debug] [sms]run num:9
[2018-10-18 03:56:15][debug] [sms]ok num:0
[2018-10-18 03:56:15][debug] [sms]no num:0
[2018-10-18 03:56:15][debug] [sms]run time:3
[2018-10-18 03:56:15][debug] [sms]end:1539806175
[2018-10-18 03:56:15][debug] [sms]page:https://bbs.sex002.xyz/plugin.php?id=tom_tchongbao:ajax&act=nitice_sms_tcshop_hb_run&site=1&tcshop_id=129&hongbao_id=65&page=35
[2018-10-18 03:56:15][debug] [sms]hongbao id:65
[2018-10-18 03:56:15][debug] [sms]page:35
[2018-10-18 03:56:15][debug] [sms]client IP:118.89.52.235
[2018-10-18 03:56:15][debug] [sms]start:1539806175
[2018-10-18 03:56:18][debug] [sms]all num:10
[2018-10-18 03:56:18][debug] [sms]run num:10
[2018-10-18 03:56:18][debug] [sms]ok num:1
[2018-10-18 03:56:18][debug] [sms]no num:0
[2018-10-18 03:56:18][debug] [sms]run time:3
[2018-10-18 03:56:18][debug] [sms]end:1539806178
[2018-10-18 03:56:18][debug] [sms]page:https://bbs.sex002.xyz/plugin.php?id=tom_tchongbao:ajax&act=nitice_sms_tcshop_hb_run&site=1&tcshop_id=129&hongbao_id=65&page=36
[2018-10-18 03:56:18][debug] [sms]hongbao id:65
[2018-10-18 03:56:18][debug] [sms]page:36
[2018-10-18 03:56:18][debug] [sms]client IP:118.89.52.235
[2018-10-18 03:56:18][debug] [sms]start:1539806178
[2018-10-18 03:56:22][debug] [sms]all num:10
[2018-10-18 03:56:22][debug] [sms]run num:10
[2018-10-18 03:56:22][debug] [sms]ok num:1
[2018-10-18 03:56:22][debug] [sms]no num:0
[2018-10-18 03:56:22][debug] [sms]run time:4
[2018-10-18 03:56:22][debug] [sms]end:1539806182
[2018-10-18 03:56:22][debug] [sms]page:https://bbs.sex002.xyz/plugin.php?id=tom_tchongbao:ajax&act=nitice_sms_tcshop_hb_run&site=1&tcshop_id=129&hongbao_id=65&page=37
[2018-10-18 03:56:22][debug] [sms]hongbao id:65
[2018-10-18 03:56:22][debug] [sms]page:37
[2018-10-18 03:56:22][debug] [sms]client IP:118.89.52.235
[2018-10-18 03:56:22][debug] [sms]start:1539806182
[2018-10-18 03:56:26][debug] [sms]all num:10
[2018-10-18 03:56:26][debug] [sms]run num:10
[2018-10-18 03:56:26][debug] [sms]ok num:2
[2018-10-18 03:56:26][debug] [sms]no num:0
[2018-10-18 03:56:26][debug] [sms]run time:4
[2018-10-18 03:56:26][debug] [sms]end:1539806186
[2018-10-18 03:56:26][debug] [sms]page:https://bbs.sex002.xyz/plugin.php?id=tom_tchongbao:ajax&act=nitice_sms_tcshop_hb_run&site=1&tcshop_id=129&hongbao_id=65&page=38
[2018-10-18 03:56:26][debug] [sms]hongbao id:65
[2018-10-18 03:56:26][debug] [sms]page:38
[2018-10-18 03:56:26][debug] [sms]client IP:118.89.52.235
[2018-10-18 03:56:26][debug] [sms]start:1539806186
[2018-10-18 03:56:29][debug] [sms]all num:10
[2018-10-18 03:56:29][debug] [sms]run num:10
[2018-10-18 03:56:29][debug] [sms]ok num:7
[2018-10-18 03:56:29][debug] [sms]no num:0
[2018-10-18 03:56:29][debug] [sms]run time:3
[2018-10-18 03:56:29][debug] [sms]end:1539806189
[2018-10-18 03:56:29][debug] [sms]page:https://bbs.sex002.xyz/plugin.php?id=tom_tchongbao:ajax&act=nitice_sms_tcshop_hb_run&site=1&tcshop_id=129&hongbao_id=65&page=39
[2018-10-18 03:56:29][debug] [sms]hongbao id:65
[2018-10-18 03:56:29][debug] [sms]page:39
[2018-10-18 03:56:29][debug] [sms]client IP:118.89.52.235
[2018-10-18 03:56:29][debug] [sms]start:1539806189
[2018-10-18 03:56:32][debug] [sms]all num:10
[2018-10-18 03:56:32][debug] [sms]run num:10
[2018-10-18 03:56:32][debug] [sms]ok num:8
[2018-10-18 03:56:32][debug] [sms]no num:0
[2018-10-18 03:56:32][debug] [sms]run time:3
[2018-10-18 03:56:32][debug] [sms]end:1539806192
[2018-10-18 03:56:32][debug] [sms]page:https://bbs.sex002.xyz/plugin.php?id=tom_tchongbao:ajax&act=nitice_sms_tcshop_hb_run&site=1&tcshop_id=129&hongbao_id=65&page=40
[2018-10-18 03:56:33][debug] [sms]hongbao id:65
[2018-10-18 03:56:33][debug] [sms]page:40
[2018-10-18 03:56:33][debug] [sms]client IP:118.89.52.235
[2018-10-18 03:56:33][debug] [sms]start:1539806193
[2018-10-18 03:56:36][debug] [sms]all num:10
[2018-10-18 03:56:36][debug] [sms]run num:10
[2018-10-18 03:56:36][debug] [sms]ok num:6
[2018-10-18 03:56:36][debug] [sms]no num:0
[2018-10-18 03:56:36][debug] [sms]run time:3
[2018-10-18 03:56:36][debug] [sms]end:1539806196
[2018-10-18 03:56:36][debug] [sms]page:https://bbs.sex002.xyz/plugin.php?id=tom_tchongbao:ajax&act=nitice_sms_tcshop_hb_run&site=1&tcshop_id=129&hongbao_id=65&page=41
[2018-10-18 03:56:36][debug] [sms]hongbao id:65
[2018-10-18 03:56:36][debug] [sms]page:41
[2018-10-18 03:56:36][debug] [sms]client IP:118.89.52.235
[2018-10-18 03:56:36][debug] [sms]start:1539806196
[2018-10-18 03:56:40][debug] [sms]all num:10
[2018-10-18 03:56:40][debug] [sms]run num:10
[2018-10-18 03:56:40][debug] [sms]ok num:5
[2018-10-18 03:56:40][debug] [sms]no num:0
[2018-10-18 03:56:40][debug] [sms]run time:4
[2018-10-18 03:56:40][debug] [sms]end:1539806200
[2018-10-18 03:56:40][debug] [sms]page:https://bbs.sex002.xyz/plugin.php?id=tom_tchongbao:ajax&act=nitice_sms_tcshop_hb_run&site=1&tcshop_id=129&hongbao_id=65&page=42
[2018-10-18 03:56:40][debug] [sms]hongbao id:65
[2018-10-18 03:56:40][debug] [sms]page:42
[2018-10-18 03:56:40][debug] [sms]client IP:118.89.52.235
[2018-10-18 03:56:40][debug] [sms]start:1539806200
[2018-10-18 03:56:44][debug] [sms]all num:10
[2018-10-18 03:56:44][debug] [sms]run num:10
[2018-10-18 03:56:44][debug] [sms]ok num:9
[2018-10-18 03:56:44][debug] [sms]no num:0
[2018-10-18 03:56:44][debug] [sms]run time:4
[2018-10-18 03:56:44][debug] [sms]end:1539806204
[2018-10-18 03:56:44][debug] [sms]page:https://bbs.sex002.xyz/plugin.php?id=tom_tchongbao:ajax&act=nitice_sms_tcshop_hb_run&site=1&tcshop_id=129&hongbao_id=65&page=43
[2018-10-18 03:56:44][debug] [sms]hongbao id:65
[2018-10-18 03:56:44][debug] [sms]page:43
[2018-10-18 03:56:44][debug] [sms]client IP:118.89.52.235
[2018-10-18 03:56:44][debug] [sms]start:1539806204
[2018-10-18 03:56:47][debug] [sms]all num:10
[2018-10-18 03:56:47][debug] [sms]run num:10
[2018-10-18 03:56:47][debug] [sms]ok num:9
[2018-10-18 03:56:47][debug] [sms]no num:0
[2018-10-18 03:56:47][debug] [sms]run time:3
[2018-10-18 03:56:47][debug] [sms]end:1539806207
[2018-10-18 03:56:47][debug] [sms]page:https://bbs.sex002.xyz/plugin.php?id=tom_tchongbao:ajax&act=nitice_sms_tcshop_hb_run&site=1&tcshop_id=129&hongbao_id=65&page=44
[2018-10-18 03:56:47][debug] [sms]hongbao id:65
[2018-10-18 03:56:47][debug] [sms]page:44
[2018-10-18 03:56:47][debug] [sms]client IP:118.89.52.235
[2018-10-18 03:56:47][debug] [sms]start:1539806207
[2018-10-18 03:56:51][debug] [sms]all num:10
[2018-10-18 03:56:51][debug] [sms]run num:10
[2018-10-18 03:56:51][debug] [sms]ok num:9
[2018-10-18 03:56:51][debug] [sms]no num:0
[2018-10-18 03:56:51][debug] [sms]run time:4
[2018-10-18 03:56:51][debug] [sms]end:1539806211
[2018-10-18 03:56:51][debug] [sms]page:https://bbs.sex002.xyz/plugin.php?id=tom_tchongbao:ajax&act=nitice_sms_tcshop_hb_run&site=1&tcshop_id=129&hongbao_id=65&page=45
[2018-10-18 03:56:51][debug] [sms]hongbao id:65
[2018-10-18 03:56:51][debug] [sms]page:45
[2018-10-18 03:56:51][debug] [sms]client IP:118.89.52.235
[2018-10-18 03:56:51][debug] [sms]start:1539806211
[2018-10-18 03:56:55][debug] [sms]all num:10
[2018-10-18 03:56:55][debug] [sms]run num:10
[2018-10-18 03:56:55][debug] [sms]ok num:9
[2018-10-18 03:56:55][debug] [sms]no num:0
[2018-10-18 03:56:55][debug] [sms]run time:4
[2018-10-18 03:56:55][debug] [sms]end:1539806215
[2018-10-18 03:56:55][debug] [sms]page:https://bbs.sex002.xyz/plugin.php?id=tom_tchongbao:ajax&act=nitice_sms_tcshop_hb_run&site=1&tcshop_id=129&hongbao_id=65&page=46
[2018-10-18 03:56:55][debug] [sms]hongbao id:65
[2018-10-18 03:56:55][debug] [sms]page:46
[2018-10-18 03:56:55][debug] [sms]client IP:118.89.52.235
[2018-10-18 03:56:55][debug] [sms]start:1539806215
[2018-10-18 03:56:58][debug] [sms]all num:10
[2018-10-18 03:56:58][debug] [sms]run num:10
[2018-10-18 03:56:58][debug] [sms]ok num:10
[2018-10-18 03:56:58][debug] [sms]no num:0
[2018-10-18 03:56:58][debug] [sms]run time:3
[2018-10-18 03:56:58][debug] [sms]end:1539806218
[2018-10-18 03:56:58][debug] [sms]page:https://bbs.sex002.xyz/plugin.php?id=tom_tchongbao:ajax&act=nitice_sms_tcshop_hb_run&site=1&tcshop_id=129&hongbao_id=65&page=47
[2018-10-18 03:56:59][debug] [sms]hongbao id:65
[2018-10-18 03:56:59][debug] [sms]page:47
[2018-10-18 03:56:59][debug] [sms]client IP:118.89.52.235
[2018-10-18 03:56:59][debug] [sms]start:1539806219
[2018-10-18 03:57:02][debug] [sms]all num:10
[2018-10-18 03:57:02][debug] [sms]run num:10
[2018-10-18 03:57:02][debug] [sms]ok num:10
[2018-10-18 03:57:02][debug] [sms]no num:0
[2018-10-18 03:57:02][debug] [sms]run time:3
[2018-10-18 03:57:02][debug] [sms]end:1539806222
[2018-10-18 03:57:02][debug] [sms]page:https://bbs.sex002.xyz/plugin.php?id=tom_tchongbao:ajax&act=nitice_sms_tcshop_hb_run&site=1&tcshop_id=129&hongbao_id=65&page=48
[2018-10-18 03:57:02][debug] [sms]hongbao id:65
[2018-10-18 03:57:02][debug] [sms]page:48
[2018-10-18 03:57:02][debug] [sms]client IP:118.89.52.235
[2018-10-18 03:57:02][debug] [sms]start:1539806222
[2018-10-18 03:57:06][debug] [sms]all num:10
[2018-10-18 03:57:06][debug] [sms]run num:10
[2018-10-18 03:57:06][debug] [sms]ok num:10
[2018-10-18 03:57:06][debug] [sms]no num:0
[2018-10-18 03:57:06][debug] [sms]run time:4
[2018-10-18 03:57:06][debug] [sms]end:1539806226
[2018-10-18 03:57:06][debug] [sms]page:https://bbs.sex002.xyz/plugin.php?id=tom_tchongbao:ajax&act=nitice_sms_tcshop_hb_run&site=1&tcshop_id=129&hongbao_id=65&page=49
[2018-10-18 03:57:06][debug] [sms]hongbao id:65
[2018-10-18 03:57:06][debug] [sms]page:49
[2018-10-18 03:57:06][debug] [sms]client IP:118.89.52.235
[2018-10-18 03:57:06][debug] [sms]start:1539806226
[2018-10-18 03:57:10][debug] [sms]all num:10
[2018-10-18 03:57:10][debug] [sms]run num:10
[2018-10-18 03:57:10][debug] [sms]ok num:10
[2018-10-18 03:57:10][debug] [sms]no num:0
[2018-10-18 03:57:10][debug] [sms]run time:4
[2018-10-18 03:57:10][debug] [sms]end:1539806230
[2018-10-18 03:57:10][debug] [sms]page:https://bbs.sex002.xyz/plugin.php?id=tom_tchongbao:ajax&act=nitice_sms_tcshop_hb_run&site=1&tcshop_id=129&hongbao_id=65&page=50
[2018-10-18 03:57:10][debug] [sms]hongbao id:65
[2018-10-18 03:57:10][debug] [sms]page:50
[2018-10-18 03:57:10][debug] [sms]client IP:118.89.52.235
[2018-10-18 03:57:10][debug] [sms]start:1539806230
[2018-10-18 03:57:13][debug] [sms]all num:10
[2018-10-18 03:57:13][debug] [sms]run num:10
[2018-10-18 03:57:13][debug] [sms]ok num:10
[2018-10-18 03:57:13][debug] [sms]no num:0
[2018-10-18 03:57:13][debug] [sms]run time:3
[2018-10-18 03:57:13][debug] [sms]end:1539806233
[2018-10-18 03:57:13][debug] [sms]page:https://bbs.sex002.xyz/plugin.php?id=tom_tchongbao:ajax&act=nitice_sms_tcshop_hb_run&site=1&tcshop_id=129&hongbao_id=65&page=51
[2018-10-18 03:57:14][debug] [sms]hongbao id:65
[2018-10-18 03:57:14][debug] [sms]page:51
[2018-10-18 03:57:14][debug] [sms]client IP:118.89.52.235
[2018-10-18 03:57:14][debug] [sms]start:1539806234
[2018-10-18 03:57:17][debug] [sms]all num:10
[2018-10-18 03:57:17][debug] [sms]run num:10
[2018-10-18 03:57:17][debug] [sms]ok num:9
[2018-10-18 03:57:17][debug] [sms]no num:0
[2018-10-18 03:57:17][debug] [sms]run time:3
[2018-10-18 03:57:17][debug] [sms]end:1539806237
[2018-10-18 03:57:17][debug] [sms]page:https://bbs.sex002.xyz/plugin.php?id=tom_tchongbao:ajax&act=nitice_sms_tcshop_hb_run&site=1&tcshop_id=129&hongbao_id=65&page=52
[2018-10-18 03:57:17][debug] [sms]hongbao id:65
[2018-10-18 03:57:17][debug] [sms]page:52
[2018-10-18 03:57:17][debug] [sms]client IP:118.89.52.235
[2018-10-18 03:57:17][debug] [sms]start:1539806237
[2018-10-18 03:57:21][debug] [sms]all num:10
[2018-10-18 03:57:21][debug] [sms]run num:10
[2018-10-18 03:57:21][debug] [sms]ok num:9
[2018-10-18 03:57:21][debug] [sms]no num:0
[2018-10-18 03:57:21][debug] [sms]run time:4
[2018-10-18 03:57:21][debug] [sms]end:1539806241
[2018-10-18 03:57:21][debug] [sms]page:https://bbs.sex002.xyz/plugin.php?id=tom_tchongbao:ajax&act=nitice_sms_tcshop_hb_run&site=1&tcshop_id=129&hongbao_id=65&page=53
[2018-10-18 03:57:21][debug] [sms]hongbao id:65
[2018-10-18 03:57:21][debug] [sms]page:53
[2018-10-18 03:57:21][debug] [sms]client IP:118.89.52.235
[2018-10-18 03:57:21][debug] [sms]start:1539806241
[2018-10-18 03:57:25][debug] [sms]all num:10
[2018-10-18 03:57:25][debug] [sms]run num:10
[2018-10-18 03:57:25][debug] [sms]ok num:8
[2018-10-18 03:57:25][debug] [sms]no num:0
[2018-10-18 03:57:25][debug] [sms]run time:4
[2018-10-18 03:57:25][debug] [sms]end:1539806245
[2018-10-18 03:57:25][debug] [sms]page:https://bbs.sex002.xyz/plugin.php?id=tom_tchongbao:ajax&act=nitice_sms_tcshop_hb_run&site=1&tcshop_id=129&hongbao_id=65&page=54
[2018-10-18 03:57:25][debug] [sms]hongbao id:65
[2018-10-18 03:57:25][debug] [sms]page:54
[2018-10-18 03:57:25][debug] [sms]client IP:118.89.52.235
[2018-10-18 03:57:25][debug] [sms]start:1539806245
[2018-10-18 03:57:29][debug] [sms]all num:10
[2018-10-18 03:57:29][debug] [sms]run num:10
[2018-10-18 03:57:29][debug] [sms]ok num:10
[2018-10-18 03:57:29][debug] [sms]no num:0
[2018-10-18 03:57:29][debug] [sms]run time:4
[2018-10-18 03:57:29][debug] [sms]end:1539806249
[2018-10-18 03:57:29][debug] [sms]page:https://bbs.sex002.xyz/plugin.php?id=tom_tchongbao:ajax&act=nitice_sms_tcshop_hb_run&site=1&tcshop_id=129&hongbao_id=65&page=55
[2018-10-18 03:57:29][debug] [sms]hongbao id:65
[2018-10-18 03:57:29][debug] [sms]page:55
[2018-10-18 03:57:29][debug] [sms]client IP:118.89.52.235
[2018-10-18 03:57:29][debug] [sms]start:1539806249
[2018-10-18 03:57:32][debug] [sms]all num:10
[2018-10-18 03:57:32][debug] [sms]run num:10
[2018-10-18 03:57:32][debug] [sms]ok num:8
[2018-10-18 03:57:32][debug] [sms]no num:0
[2018-10-18 03:57:32][debug] [sms]run time:3
[2018-10-18 03:57:32][debug] [sms]end:1539806252
[2018-10-18 03:57:32][debug] [sms]page:https://bbs.sex002.xyz/plugin.php?id=tom_tchongbao:ajax&act=nitice_sms_tcshop_hb_run&site=1&tcshop_id=129&hongbao_id=65&page=56
[2018-10-18 03:57:32][debug] [sms]hongbao id:65
[2018-10-18 03:57:32][debug] [sms]page:56
[2018-10-18 03:57:32][debug] [sms]client IP:118.89.52.235
[2018-10-18 03:57:32][debug] [sms]start:1539806252
[2018-10-18 03:57:36][debug] [sms]all num:10
[2018-10-18 03:57:36][debug] [sms]run num:10
[2018-10-18 03:57:36][debug] [sms]ok num:6
[2018-10-18 03:57:36][debug] [sms]no num:0
[2018-10-18 03:57:36][debug] [sms]run time:4
[2018-10-18 03:57:36][debug] [sms]end:1539806256
[2018-10-18 03:57:36][debug] [sms]page:https://bbs.sex002.xyz/plugin.php?id=tom_tchongbao:ajax&act=nitice_sms_tcshop_hb_run&site=1&tcshop_id=129&hongbao_id=65&page=57
[2018-10-18 03:57:36][debug] [sms]hongbao id:65
[2018-10-18 03:57:36][debug] [sms]page:57
[2018-10-18 03:57:36][debug] [sms]client IP:118.89.52.235
[2018-10-18 03:57:36][debug] [sms]start:1539806256
[2018-10-18 03:57:39][debug] [sms]all num:10
[2018-10-18 03:57:39][debug] [sms]run num:10
[2018-10-18 03:57:39][debug] [sms]ok num:6
[2018-10-18 03:57:39][debug] [sms]no num:0
[2018-10-18 03:57:39][debug] [sms]run time:3
[2018-10-18 03:57:39][debug] [sms]end:1539806259
[2018-10-18 03:57:39][debug] [sms]page:https://bbs.sex002.xyz/plugin.php?id=tom_tchongbao:ajax&act=nitice_sms_tcshop_hb_run&site=1&tcshop_id=129&hongbao_id=65&page=58
[2018-10-18 03:57:40][debug] [sms]hongbao id:65
[2018-10-18 03:57:40][debug] [sms]page:58
[2018-10-18 03:57:40][debug] [sms]client IP:118.89.52.235
[2018-10-18 03:57:40][debug] [sms]start:1539806260
[2018-10-18 03:57:43][debug] [sms]all num:10
[2018-10-18 03:57:43][debug] [sms]run num:10
[2018-10-18 03:57:43][debug] [sms]ok num:3
[2018-10-18 03:57:43][debug] [sms]no num:0
[2018-10-18 03:57:43][debug] [sms]run time:3
[2018-10-18 03:57:43][debug] [sms]end:1539806263
[2018-10-18 03:57:43][debug] [sms]page:https://bbs.sex002.xyz/plugin.php?id=tom_tchongbao:ajax&act=nitice_sms_tcshop_hb_run&site=1&tcshop_id=129&hongbao_id=65&page=59
[2018-10-18 03:57:43][debug] [sms]hongbao id:65
[2018-10-18 03:57:43][debug] [sms]page:59
[2018-10-18 03:57:43][debug] [sms]client IP:118.89.52.235
[2018-10-18 03:57:43][debug] [sms]start:1539806263
[2018-10-18 03:57:47][debug] [sms]all num:10
[2018-10-18 03:57:47][debug] [sms]run num:10
[2018-10-18 03:57:47][debug] [sms]ok num:5
[2018-10-18 03:57:47][debug] [sms]no num:0
[2018-10-18 03:57:47][debug] [sms]run time:4
[2018-10-18 03:57:47][debug] [sms]end:1539806267
[2018-10-18 03:57:47][debug] [sms]page:https://bbs.sex002.xyz/plugin.php?id=tom_tchongbao:ajax&act=nitice_sms_tcshop_hb_run&site=1&tcshop_id=129&hongbao_id=65&page=60
[2018-10-18 03:57:47][debug] [sms]hongbao id:65
[2018-10-18 03:57:47][debug] [sms]page:60
[2018-10-18 03:57:47][debug] [sms]client IP:118.89.52.235
[2018-10-18 03:57:47][debug] [sms]start:1539806267
[2018-10-18 03:57:51][debug] [sms]all num:10
[2018-10-18 03:57:51][debug] [sms]run num:10
[2018-10-18 03:57:51][debug] [sms]ok num:6
[2018-10-18 03:57:51][debug] [sms]no num:0
[2018-10-18 03:57:51][debug] [sms]run time:4
[2018-10-18 03:57:51][debug] [sms]end:1539806271
[2018-10-18 03:57:51][debug] [sms]page:https://bbs.sex002.xyz/plugin.php?id=tom_tchongbao:ajax&act=nitice_sms_tcshop_hb_run&site=1&tcshop_id=129&hongbao_id=65&page=61
[2018-10-18 03:57:51][debug] [sms]hongbao id:65
[2018-10-18 03:57:51][debug] [sms]page:61
[2018-10-18 03:57:51][debug] [sms]client IP:118.89.52.235
[2018-10-18 03:57:51][debug] [sms]start:1539806271
[2018-10-18 03:57:55][debug] [sms]all num:10
[2018-10-18 03:57:55][debug] [sms]run num:10
[2018-10-18 03:57:55][debug] [sms]ok num:8
[2018-10-18 03:57:55][debug] [sms]no num:0
[2018-10-18 03:57:55][debug] [sms]run time:4
[2018-10-18 03:57:55][debug] [sms]end:1539806275
[2018-10-18 03:57:55][debug] [sms]page:https://bbs.sex002.xyz/plugin.php?id=tom_tchongbao:ajax&act=nitice_sms_tcshop_hb_run&site=1&tcshop_id=129&hongbao_id=65&page=62
[2018-10-18 03:57:55][debug] [sms]hongbao id:65
[2018-10-18 03:57:55][debug] [sms]page:62
[2018-10-18 03:57:55][debug] [sms]client IP:118.89.52.235
[2018-10-18 03:57:55][debug] [sms]start:1539806275
[2018-10-18 03:57:58][debug] [sms]all num:10
[2018-10-18 03:57:58][debug] [sms]run num:10
[2018-10-18 03:57:58][debug] [sms]ok num:9
[2018-10-18 03:57:58][debug] [sms]no num:0
[2018-10-18 03:57:58][debug] [sms]run time:3
[2018-10-18 03:57:58][debug] [sms]end:1539806278
[2018-10-18 03:57:58][debug] [sms]page:https://bbs.sex002.xyz/plugin.php?id=tom_tchongbao:ajax&act=nitice_sms_tcshop_hb_run&site=1&tcshop_id=129&hongbao_id=65&page=63
[2018-10-18 03:57:58][debug] [sms]hongbao id:65
[2018-10-18 03:57:58][debug] [sms]page:63
[2018-10-18 03:57:58][debug] [sms]client IP:118.89.52.235
[2018-10-18 03:57:58][debug] [sms]start:1539806278
[2018-10-18 03:58:02][debug] [sms]all num:10
[2018-10-18 03:58:02][debug] [sms]run num:10
[2018-10-18 03:58:02][debug] [sms]ok num:7
[2018-10-18 03:58:02][debug] [sms]no num:0
[2018-10-18 03:58:02][debug] [sms]run time:4
[2018-10-18 03:58:02][debug] [sms]end:1539806282
[2018-10-18 03:58:02][debug] [sms]page:https://bbs.sex002.xyz/plugin.php?id=tom_tchongbao:ajax&act=nitice_sms_tcshop_hb_run&site=1&tcshop_id=129&hongbao_id=65&page=64
[2018-10-18 03:58:03][debug] [sms]hongbao id:65
[2018-10-18 03:58:03][debug] [sms]page:64
[2018-10-18 03:58:03][debug] [sms]client IP:118.89.52.235
[2018-10-18 03:58:03][debug] [sms]start:1539806283
[2018-10-18 03:58:06][debug] [sms]all num:10
[2018-10-18 03:58:06][debug] [sms]run num:10
[2018-10-18 03:58:06][debug] [sms]ok num:5
[2018-10-18 03:58:06][debug] [sms]no num:0
[2018-10-18 03:58:06][debug] [sms]run time:3
[2018-10-18 03:58:06][debug] [sms]end:1539806286
[2018-10-18 03:58:06][debug] [sms]page:https://bbs.sex002.xyz/plugin.php?id=tom_tchongbao:ajax&act=nitice_sms_tcshop_hb_run&site=1&tcshop_id=129&hongbao_id=65&page=65
[2018-10-18 03:58:06][debug] [sms]hongbao id:65
[2018-10-18 03:58:06][debug] [sms]page:65
[2018-10-18 03:58:06][debug] [sms]client IP:118.89.52.235
[2018-10-18 03:58:06][debug] [sms]start:1539806286
[2018-10-18 03:58:10][debug] [sms]all num:10
[2018-10-18 03:58:10][debug] [sms]run num:10
[2018-10-18 03:58:10][debug] [sms]ok num:5
[2018-10-18 03:58:10][debug] [sms]no num:0
[2018-10-18 03:58:10][debug] [sms]run time:4
[2018-10-18 03:58:10][debug] [sms]end:1539806290
[2018-10-18 03:58:10][debug] [sms]page:https://bbs.sex002.xyz/plugin.php?id=tom_tchongbao:ajax&act=nitice_sms_tcshop_hb_run&site=1&tcshop_id=129&hongbao_id=65&page=66
[2018-10-18 03:58:10][debug] [sms]hongbao id:65
[2018-10-18 03:58:10][debug] [sms]page:66
[2018-10-18 03:58:10][debug] [sms]client IP:118.89.52.235
[2018-10-18 03:58:10][debug] [sms]start:1539806290
[2018-10-18 03:58:13][debug] [sms]all num:10
[2018-10-18 03:58:13][debug] [sms]run num:10
[2018-10-18 03:58:13][debug] [sms]ok num:5
[2018-10-18 03:58:13][debug] [sms]no num:0
[2018-10-18 03:58:13][debug] [sms]run time:3
[2018-10-18 03:58:13][debug] [sms]end:1539806293
[2018-10-18 03:58:13][debug] [sms]page:https://bbs.sex002.xyz/plugin.php?id=tom_tchongbao:ajax&act=nitice_sms_tcshop_hb_run&site=1&tcshop_id=129&hongbao_id=65&page=67
[2018-10-18 03:58:14][debug] [sms]hongbao id:65
[2018-10-18 03:58:14][debug] [sms]page:67
[2018-10-18 03:58:14][debug] [sms]client IP:118.89.52.235
[2018-10-18 03:58:14][debug] [sms]start:1539806294
[2018-10-18 03:58:17][debug] [sms]all num:10
[2018-10-18 03:58:17][debug] [sms]run num:10
[2018-10-18 03:58:17][debug] [sms]ok num:4
[2018-10-18 03:58:17][debug] [sms]no num:0
[2018-10-18 03:58:17][debug] [sms]run time:3
[2018-10-18 03:58:17][debug] [sms]end:1539806297
[2018-10-18 03:58:17][debug] [sms]page:https://bbs.sex002.xyz/plugin.php?id=tom_tchongbao:ajax&act=nitice_sms_tcshop_hb_run&site=1&tcshop_id=129&hongbao_id=65&page=68
[2018-10-18 03:58:18][debug] [sms]hongbao id:65
[2018-10-18 03:58:18][debug] [sms]page:68
[2018-10-18 03:58:18][debug] [sms]client IP:118.89.52.235
[2018-10-18 03:58:18][debug] [sms]start:1539806298
[2018-10-18 03:58:21][debug] [sms]all num:10
[2018-10-18 03:58:21][debug] [sms]run num:10
[2018-10-18 03:58:21][debug] [sms]ok num:1
[2018-10-18 03:58:21][debug] [sms]no num:0
[2018-10-18 03:58:21][debug] [sms]run time:3
[2018-10-18 03:58:21][debug] [sms]end:1539806301
[2018-10-18 03:58:21][debug] [sms]page:https://bbs.sex002.xyz/plugin.php?id=tom_tchongbao:ajax&act=nitice_sms_tcshop_hb_run&site=1&tcshop_id=129&hongbao_id=65&page=69
[2018-10-18 03:58:21][debug] [sms]hongbao id:65
[2018-10-18 03:58:21][debug] [sms]page:69
[2018-10-18 03:58:21][debug] [sms]client IP:118.89.52.235
[2018-10-18 03:58:21][debug] [sms]start:1539806301
[2018-10-18 03:58:25][debug] [sms]all num:10
[2018-10-18 03:58:25][debug] [sms]run num:10
[2018-10-18 03:58:25][debug] [sms]ok num:5
[2018-10-18 03:58:25][debug] [sms]no num:0
[2018-10-18 03:58:25][debug] [sms]run time:4
[2018-10-18 03:58:25][debug] [sms]end:1539806305
[2018-10-18 03:58:25][debug] [sms]page:https://bbs.sex002.xyz/plugin.php?id=tom_tchongbao:ajax&act=nitice_sms_tcshop_hb_run&site=1&tcshop_id=129&hongbao_id=65&page=70
[2018-10-18 03:58:25][debug] [sms]hongbao id:65
[2018-10-18 03:58:25][debug] [sms]page:70
[2018-10-18 03:58:25][debug] [sms]client IP:118.89.52.235
[2018-10-18 03:58:25][debug] [sms]start:1539806305
[2018-10-18 03:58:29][debug] [sms]all num:10
[2018-10-18 03:58:29][debug] [sms]run num:10
[2018-10-18 03:58:29][debug] [sms]ok num:7
[2018-10-18 03:58:29][debug] [sms]no num:0
[2018-10-18 03:58:29][debug] [sms]run time:4
[2018-10-18 03:58:29][debug] [sms]end:1539806309
[2018-10-18 03:58:29][debug] [sms]page:https://bbs.sex002.xyz/plugin.php?id=tom_tchongbao:ajax&act=nitice_sms_tcshop_hb_run&site=1&tcshop_id=129&hongbao_id=65&page=71
[2018-10-18 03:58:29][debug] [sms]hongbao id:65
[2018-10-18 03:58:29][debug] [sms]page:71
[2018-10-18 03:58:29][debug] [sms]client IP:118.89.52.235
[2018-10-18 03:58:29][debug] [sms]start:1539806309
[2018-10-18 03:58:34][debug] [sms]all num:10
[2018-10-18 03:58:34][debug] [sms]run num:10
[2018-10-18 03:58:34][debug] [sms]ok num:9
[2018-10-18 03:58:34][debug] [sms]no num:0
[2018-10-18 03:58:34][debug] [sms]run time:5
[2018-10-18 03:58:34][debug] [sms]end:1539806314
[2018-10-18 03:58:34][debug] [sms]page:https://bbs.sex002.xyz/plugin.php?id=tom_tchongbao:ajax&act=nitice_sms_tcshop_hb_run&site=1&tcshop_id=129&hongbao_id=65&page=72
[2018-10-18 03:58:34][debug] [sms]hongbao id:65
[2018-10-18 03:58:34][debug] [sms]page:72
[2018-10-18 03:58:34][debug] [sms]client IP:118.89.52.235
[2018-10-18 03:58:34][debug] [sms]start:1539806314
[2018-10-18 03:58:38][debug] [sms]all num:10
[2018-10-18 03:58:38][debug] [sms]run num:9
[2018-10-18 03:58:38][debug] [sms]ok num:5
[2018-10-18 03:58:38][debug] [sms]no num:0
[2018-10-18 03:58:38][debug] [sms]run time:4
[2018-10-18 03:58:38][debug] [sms]end:1539806318
[2018-10-18 03:58:38][debug] [sms]page:https://bbs.sex002.xyz/plugin.php?id=tom_tchongbao:ajax&act=nitice_sms_tcshop_hb_run&site=1&tcshop_id=129&hongbao_id=65&page=73
[2018-10-18 03:58:38][debug] [sms]hongbao id:65
[2018-10-18 03:58:38][debug] [sms]page:73
[2018-10-18 03:58:38][debug] [sms]client IP:118.89.52.235
[2018-10-18 03:58:38][debug] [sms]start:1539806318
[2018-10-18 03:58:43][debug] [sms]all num:10
[2018-10-18 03:58:43][debug] [sms]run num:10
[2018-10-18 03:58:43][debug] [sms]ok num:4
[2018-10-18 03:58:43][debug] [sms]no num:0
[2018-10-18 03:58:43][debug] [sms]run time:5
[2018-10-18 03:58:43][debug] [sms]end:1539806323
[2018-10-18 03:58:43][debug] [sms]page:https://bbs.sex002.xyz/plugin.php?id=tom_tchongbao:ajax&act=nitice_sms_tcshop_hb_run&site=1&tcshop_id=129&hongbao_id=65&page=74
[2018-10-18 03:58:43][debug] [sms]hongbao id:65
[2018-10-18 03:58:43][debug] [sms]page:74
[2018-10-18 03:58:43][debug] [sms]client IP:118.89.52.235
[2018-10-18 03:58:43][debug] [sms]start:1539806323
[2018-10-18 03:58:46][debug] [sms]all num:10
[2018-10-18 03:58:46][debug] [sms]run num:10
[2018-10-18 03:58:46][debug] [sms]ok num:4
[2018-10-18 03:58:46][debug] [sms]no num:0
[2018-10-18 03:58:46][debug] [sms]run time:3
[2018-10-18 03:58:46][debug] [sms]end:1539806326
[2018-10-18 03:58:46][debug] [sms]page:https://bbs.sex002.xyz/plugin.php?id=tom_tchongbao:ajax&act=nitice_sms_tcshop_hb_run&site=1&tcshop_id=129&hongbao_id=65&page=75
[2018-10-18 03:58:47][debug] [sms]hongbao id:65
[2018-10-18 03:58:47][debug] [sms]page:75
[2018-10-18 03:58:47][debug] [sms]client IP:118.89.52.235
[2018-10-18 03:58:47][debug] [sms]start:1539806327
[2018-10-18 03:58:51][debug] [sms]all num:10
[2018-10-18 03:58:51][debug] [sms]run num:10
[2018-10-18 03:58:51][debug] [sms]ok num:4
[2018-10-18 03:58:51][debug] [sms]no num:0
[2018-10-18 03:58:51][debug] [sms]run time:4
[2018-10-18 03:58:51][debug] [sms]end:1539806331
[2018-10-18 03:58:51][debug] [sms]page:https://bbs.sex002.xyz/plugin.php?id=tom_tchongbao:ajax&act=nitice_sms_tcshop_hb_run&site=1&tcshop_id=129&hongbao_id=65&page=76
[2018-10-18 03:58:51][debug] [sms]hongbao id:65
[2018-10-18 03:58:51][debug] [sms]page:76
[2018-10-18 03:58:51][debug] [sms]client IP:118.89.52.235
[2018-10-18 03:58:51][debug] [sms]start:1539806331
[2018-10-18 03:58:54][debug] [sms]all num:10
[2018-10-18 03:58:54][debug] [sms]run num:10
[2018-10-18 03:58:54][debug] [sms]ok num:10
[2018-10-18 03:58:54][debug] [sms]no num:0
[2018-10-18 03:58:54][debug] [sms]run time:3
[2018-10-18 03:58:54][debug] [sms]end:1539806334
[2018-10-18 03:58:54][debug] [sms]page:https://bbs.sex002.xyz/plugin.php?id=tom_tchongbao:ajax&act=nitice_sms_tcshop_hb_run&site=1&tcshop_id=129&hongbao_id=65&page=77
[2018-10-18 03:58:55][debug] [sms]hongbao id:65
[2018-10-18 03:58:55][debug] [sms]page:77
[2018-10-18 03:58:55][debug] [sms]client IP:118.89.52.235
[2018-10-18 03:58:55][debug] [sms]start:1539806335
[2018-10-18 03:58:58][debug] [sms]all num:10
[2018-10-18 03:58:58][debug] [sms]run num:10
[2018-10-18 03:58:58][debug] [sms]ok num:6
[2018-10-18 03:58:58][debug] [sms]no num:0
[2018-10-18 03:58:58][debug] [sms]run time:3
[2018-10-18 03:58:58][debug] [sms]end:1539806338
[2018-10-18 03:58:58][debug] [sms]page:https://bbs.sex002.xyz/plugin.php?id=tom_tchongbao:ajax&act=nitice_sms_tcshop_hb_run&site=1&tcshop_id=129&hongbao_id=65&page=78
[2018-10-18 03:58:58][debug] [sms]hongbao id:65
[2018-10-18 03:58:58][debug] [sms]page:78
[2018-10-18 03:58:58][debug] [sms]client IP:118.89.52.235
[2018-10-18 03:58:58][debug] [sms]start:1539806338
[2018-10-18 03:59:03][debug] [sms]all num:10
[2018-10-18 03:59:03][debug] [sms]run num:10
[2018-10-18 03:59:03][debug] [sms]ok num:5
[2018-10-18 03:59:03][debug] [sms]no num:0
[2018-10-18 03:59:03][debug] [sms]run time:5
[2018-10-18 03:59:03][debug] [sms]end:1539806343
[2018-10-18 03:59:03][debug] [sms]page:https://bbs.sex002.xyz/plugin.php?id=tom_tchongbao:ajax&act=nitice_sms_tcshop_hb_run&site=1&tcshop_id=129&hongbao_id=65&page=79
[2018-10-18 03:59:03][debug] [sms]hongbao id:65
[2018-10-18 03:59:03][debug] [sms]page:79
[2018-10-18 03:59:03][debug] [sms]client IP:118.89.52.235
[2018-10-18 03:59:03][debug] [sms]start:1539806343
[2018-10-18 03:59:06][debug] [sms]all num:10
[2018-10-18 03:59:06][debug] [sms]run num:10
[2018-10-18 03:59:06][debug] [sms]ok num:6
[2018-10-18 03:59:06][debug] [sms]no num:0
[2018-10-18 03:59:06][debug] [sms]run time:3
[2018-10-18 03:59:06][debug] [sms]end:1539806346
[2018-10-18 03:59:06][debug] [sms]page:https://bbs.sex002.xyz/plugin.php?id=tom_tchongbao:ajax&act=nitice_sms_tcshop_hb_run&site=1&tcshop_id=129&hongbao_id=65&page=80
[2018-10-18 03:59:06][debug] [sms]hongbao id:65
[2018-10-18 03:59:06][debug] [sms]page:80
[2018-10-18 03:59:06][debug] [sms]client IP:118.89.52.235
[2018-10-18 03:59:06][debug] [sms]start:1539806346
[2018-10-18 03:59:10][debug] [sms]all num:10
[2018-10-18 03:59:10][debug] [sms]run num:10
[2018-10-18 03:59:10][debug] [sms]ok num:4
[2018-10-18 03:59:10][debug] [sms]no num:0
[2018-10-18 03:59:10][debug] [sms]run time:4
[2018-10-18 03:59:10][debug] [sms]end:1539806350
[2018-10-18 03:59:10][debug] [sms]page:https://bbs.sex002.xyz/plugin.php?id=tom_tchongbao:ajax&act=nitice_sms_tcshop_hb_run&site=1&tcshop_id=129&hongbao_id=65&page=81
[2018-10-18 03:59:11][debug] [sms]hongbao id:65
[2018-10-18 03:59:11][debug] [sms]page:81
[2018-10-18 03:59:11][debug] [sms]client IP:118.89.52.235
[2018-10-18 03:59:11][debug] [sms]start:1539806351
[2018-10-18 03:59:15][debug] [sms]all num:10
[2018-10-18 03:59:15][debug] [sms]run num:10
[2018-10-18 03:59:15][debug] [sms]ok num:5
[2018-10-18 03:59:15][debug] [sms]no num:0
[2018-10-18 03:59:15][debug] [sms]run time:4
[2018-10-18 03:59:15][debug] [sms]end:1539806355
[2018-10-18 03:59:15][debug] [sms]page:https://bbs.sex002.xyz/plugin.php?id=tom_tchongbao:ajax&act=nitice_sms_tcshop_hb_run&site=1&tcshop_id=129&hongbao_id=65&page=82
[2018-10-18 03:59:15][debug] [sms]hongbao id:65
[2018-10-18 03:59:15][debug] [sms]page:82
[2018-10-18 03:59:15][debug] [sms]client IP:118.89.52.235
[2018-10-18 03:59:15][debug] [sms]start:1539806355
[2018-10-18 03:59:18][debug] [sms]all num:10
[2018-10-18 03:59:18][debug] [sms]run num:10
[2018-10-18 03:59:18][debug] [sms]ok num:4
[2018-10-18 03:59:18][debug] [sms]no num:0
[2018-10-18 03:59:18][debug] [sms]run time:3
[2018-10-18 03:59:18][debug] [sms]end:1539806358
[2018-10-18 03:59:18][debug] [sms]page:https://bbs.sex002.xyz/plugin.php?id=tom_tchongbao:ajax&act=nitice_sms_tcshop_hb_run&site=1&tcshop_id=129&hongbao_id=65&page=83
[2018-10-18 03:59:19][debug] [sms]hongbao id:65
[2018-10-18 03:59:19][debug] [sms]page:83
[2018-10-18 03:59:19][debug] [sms]client IP:118.89.52.235
[2018-10-18 03:59:19][debug] [sms]start:1539806359
[2018-10-18 03:59:22][debug] [sms]all num:10
[2018-10-18 03:59:22][debug] [sms]run num:10
[2018-10-18 03:59:22][debug] [sms]ok num:4
[2018-10-18 03:59:22][debug] [sms]no num:0
[2018-10-18 03:59:22][debug] [sms]run time:3
[2018-10-18 03:59:22][debug] [sms]end:1539806362
[2018-10-18 03:59:22][debug] [sms]page:https://bbs.sex002.xyz/plugin.php?id=tom_tchongbao:ajax&act=nitice_sms_tcshop_hb_run&site=1&tcshop_id=129&hongbao_id=65&page=84
[2018-10-18 03:59:23][debug] [sms]hongbao id:65
[2018-10-18 03:59:23][debug] [sms]page:84
[2018-10-18 03:59:23][debug] [sms]client IP:118.89.52.235
[2018-10-18 03:59:23][debug] [sms]start:1539806363
[2018-10-18 03:59:26][debug] [sms]all num:10
[2018-10-18 03:59:26][debug] [sms]run num:10
[2018-10-18 03:59:26][debug] [sms]ok num:2
[2018-10-18 03:59:26][debug] [sms]no num:0
[2018-10-18 03:59:26][debug] [sms]run time:3
[2018-10-18 03:59:26][debug] [sms]end:1539806366
[2018-10-18 03:59:26][debug] [sms]page:https://bbs.sex002.xyz/plugin.php?id=tom_tchongbao:ajax&act=nitice_sms_tcshop_hb_run&site=1&tcshop_id=129&hongbao_id=65&page=85
[2018-10-18 03:59:26][debug] [sms]hongbao id:65
[2018-10-18 03:59:26][debug] [sms]page:85
[2018-10-18 03:59:26][debug] [sms]client IP:118.89.52.235
[2018-10-18 03:59:26][debug] [sms]start:1539806366
[2018-10-18 03:59:31][debug] [sms]all num:10
[2018-10-18 03:59:31][debug] [sms]run num:10
[2018-10-18 03:59:31][debug] [sms]ok num:3
[2018-10-18 03:59:31][debug] [sms]no num:0
[2018-10-18 03:59:31][debug] [sms]run time:5
[2018-10-18 03:59:31][debug] [sms]end:1539806371
[2018-10-18 03:59:31][debug] [sms]page:https://bbs.sex002.xyz/plugin.php?id=tom_tchongbao:ajax&act=nitice_sms_tcshop_hb_run&site=1&tcshop_id=129&hongbao_id=65&page=86
[2018-10-18 03:59:31][debug] [sms]hongbao id:65
[2018-10-18 03:59:31][debug] [sms]page:86
[2018-10-18 03:59:31][debug] [sms]client IP:118.89.52.235
[2018-10-18 03:59:31][debug] [sms]start:1539806371
[2018-10-18 03:59:34][debug] [sms]all num:10
[2018-10-18 03:59:34][debug] [sms]run num:10
[2018-10-18 03:59:34][debug] [sms]ok num:4
[2018-10-18 03:59:34][debug] [sms]no num:0
[2018-10-18 03:59:34][debug] [sms]run time:3
[2018-10-18 03:59:34][debug] [sms]end:1539806374
[2018-10-18 03:59:34][debug] [sms]page:https://bbs.sex002.xyz/plugin.php?id=tom_tchongbao:ajax&act=nitice_sms_tcshop_hb_run&site=1&tcshop_id=129&hongbao_id=65&page=87
[2018-10-18 03:59:35][debug] [sms]hongbao id:65
[2018-10-18 03:59:35][debug] [sms]page:87
[2018-10-18 03:59:35][debug] [sms]client IP:118.89.52.235
[2018-10-18 03:59:35][debug] [sms]start:1539806375
[2018-10-18 03:59:38][debug] [sms]all num:10
[2018-10-18 03:59:38][debug] [sms]run num:10
[2018-10-18 03:59:38][debug] [sms]ok num:4
[2018-10-18 03:59:38][debug] [sms]no num:0
[2018-10-18 03:59:38][debug] [sms]run time:3
[2018-10-18 03:59:38][debug] [sms]end:1539806378
[2018-10-18 03:59:38][debug] [sms]page:https://bbs.sex002.xyz/plugin.php?id=tom_tchongbao:ajax&act=nitice_sms_tcshop_hb_run&site=1&tcshop_id=129&hongbao_id=65&page=88
[2018-10-18 03:59:39][debug] [sms]hongbao id:65
[2018-10-18 03:59:39][debug] [sms]page:88
[2018-10-18 03:59:39][debug] [sms]client IP:118.89.52.235
[2018-10-18 03:59:39][debug] [sms]start:1539806379
[2018-10-18 03:59:42][debug] [sms]all num:10
[2018-10-18 03:59:42][debug] [sms]run num:10
[2018-10-18 03:59:42][debug] [sms]ok num:6
[2018-10-18 03:59:42][debug] [sms]no num:0
[2018-10-18 03:59:42][debug] [sms]run time:3
[2018-10-18 03:59:42][debug] [sms]end:1539806382
[2018-10-18 03:59:42][debug] [sms]page:https://bbs.sex002.xyz/plugin.php?id=tom_tchongbao:ajax&act=nitice_sms_tcshop_hb_run&site=1&tcshop_id=129&hongbao_id=65&page=89
[2018-10-18 03:59:42][debug] [sms]hongbao id:65
[2018-10-18 03:59:42][debug] [sms]page:89
[2018-10-18 03:59:42][debug] [sms]client IP:118.89.52.235
[2018-10-18 03:59:42][debug] [sms]start:1539806382
[2018-10-18 03:59:46][debug] [sms]all num:10
[2018-10-18 03:59:46][debug] [sms]run num:10
[2018-10-18 03:59:46][debug] [sms]ok num:5
[2018-10-18 03:59:46][debug] [sms]no num:0
[2018-10-18 03:59:46][debug] [sms]run time:4
[2018-10-18 03:59:46][debug] [sms]end:1539806386
[2018-10-18 03:59:46][debug] [sms]page:https://bbs.sex002.xyz/plugin.php?id=tom_tchongbao:ajax&act=nitice_sms_tcshop_hb_run&site=1&tcshop_id=129&hongbao_id=65&page=90
[2018-10-18 03:59:46][debug] [sms]hongbao id:65
[2018-10-18 03:59:46][debug] [sms]page:90
[2018-10-18 03:59:46][debug] [sms]client IP:118.89.52.235
[2018-10-18 03:59:46][debug] [sms]start:1539806386
[2018-10-18 03:59:49][debug] [sms]all num:10
[2018-10-18 03:59:49][debug] [sms]run num:10
[2018-10-18 03:59:49][debug] [sms]ok num:3
[2018-10-18 03:59:49][debug] [sms]no num:0
[2018-10-18 03:59:49][debug] [sms]run time:3
[2018-10-18 03:59:49][debug] [sms]end:1539806389
[2018-10-18 03:59:49][debug] [sms]page:https://bbs.sex002.xyz/plugin.php?id=tom_tchongbao:ajax&act=nitice_sms_tcshop_hb_run&site=1&tcshop_id=129&hongbao_id=65&page=91
[2018-10-18 03:59:49][debug] [sms]hongbao id:65
[2018-10-18 03:59:49][debug] [sms]page:91
[2018-10-18 03:59:49][debug] [sms]client IP:118.89.52.235
[2018-10-18 03:59:49][debug] [sms]start:1539806389
[2018-10-18 03:59:53][debug] [sms]all num:10
[2018-10-18 03:59:53][debug] [sms]run num:10
[2018-10-18 03:59:53][debug] [sms]ok num:5
[2018-10-18 03:59:53][debug] [sms]no num:0
[2018-10-18 03:59:53][debug] [sms]run time:4
[2018-10-18 03:59:53][debug] [sms]end:1539806393
[2018-10-18 03:59:53][debug] [sms]page:https://bbs.sex002.xyz/plugin.php?id=tom_tchongbao:ajax&act=nitice_sms_tcshop_hb_run&site=1&tcshop_id=129&hongbao_id=65&page=92
[2018-10-18 03:59:53][debug] [sms]hongbao id:65
[2018-10-18 03:59:53][debug] [sms]page:92
[2018-10-18 03:59:53][debug] [sms]client IP:118.89.52.235
[2018-10-18 03:59:53][debug] [sms]start:1539806393
[2018-10-18 03:59:56][debug] [sms]all num:10
[2018-10-18 03:59:56][debug] [sms]run num:10
[2018-10-18 03:59:56][debug] [sms]ok num:6
[2018-10-18 03:59:56][debug] [sms]no num:0
[2018-10-18 03:59:56][debug] [sms]run time:3
[2018-10-18 03:59:56][debug] [sms]end:1539806396
[2018-10-18 03:59:56][debug] [sms]page:https://bbs.sex002.xyz/plugin.php?id=tom_tchongbao:ajax&act=nitice_sms_tcshop_hb_run&site=1&tcshop_id=129&hongbao_id=65&page=93
[2018-10-18 03:59:56][debug] [sms]hongbao id:65
[2018-10-18 03:59:56][debug] [sms]page:93
[2018-10-18 03:59:56][debug] [sms]client IP:118.89.52.235
[2018-10-18 03:59:56][debug] [sms]start:1539806396
[2018-10-18 04:00:00][debug] [sms]all num:10
[2018-10-18 04:00:00][debug] [sms]run num:10
[2018-10-18 04:00:00][debug] [sms]ok num:6
[2018-10-18 04:00:00][debug] [sms]no num:0
[2018-10-18 04:00:00][debug] [sms]run time:4
[2018-10-18 04:00:00][debug] [sms]end:1539806400
[2018-10-18 04:00:00][debug] [sms]page:https://bbs.sex002.xyz/plugin.php?id=tom_tchongbao:ajax&act=nitice_sms_tcshop_hb_run&site=1&tcshop_id=129&hongbao_id=65&page=94
[2018-10-18 04:00:00][debug] [sms]hongbao id:65
[2018-10-18 04:00:00][debug] [sms]page:94
[2018-10-18 04:00:00][debug] [sms]client IP:118.89.52.235
[2018-10-18 04:00:00][debug] [sms]start:1539806400
[2018-10-18 04:00:03][debug] [sms]all num:10
[2018-10-18 04:00:03][debug] [sms]run num:10
[2018-10-18 04:00:03][debug] [sms]ok num:8
[2018-10-18 04:00:03][debug] [sms]no num:0
[2018-10-18 04:00:03][debug] [sms]run time:3
[2018-10-18 04:00:03][debug] [sms]end:1539806403
[2018-10-18 04:00:03][debug] [sms]page:https://bbs.sex002.xyz/plugin.php?id=tom_tchongbao:ajax&act=nitice_sms_tcshop_hb_run&site=1&tcshop_id=129&hongbao_id=65&page=95
[2018-10-18 04:00:03][debug] [sms]hongbao id:65
[2018-10-18 04:00:03][debug] [sms]page:95
[2018-10-18 04:00:03][debug] [sms]client IP:118.89.52.235
[2018-10-18 04:00:03][debug] [sms]start:1539806403
[2018-10-18 04:00:09][debug] [sms]all num:10
[2018-10-18 04:00:09][debug] [sms]run num:10
[2018-10-18 04:00:09][debug] [sms]ok num:3
[2018-10-18 04:00:09][debug] [sms]no num:0
[2018-10-18 04:00:09][debug] [sms]run time:6
[2018-10-18 04:00:09][debug] [sms]end:1539806409
[2018-10-18 04:00:09][debug] [sms]page:https://bbs.sex002.xyz/plugin.php?id=tom_tchongbao:ajax&act=nitice_sms_tcshop_hb_run&site=1&tcshop_id=129&hongbao_id=65&page=96
[2018-10-18 04:00:09][debug] [sms]hongbao id:65
[2018-10-18 04:00:09][debug] [sms]page:96
[2018-10-18 04:00:09][debug] [sms]client IP:118.89.52.235
[2018-10-18 04:00:09][debug] [sms]start:1539806409
[2018-10-18 04:00:12][debug] [sms]all num:10
[2018-10-18 04:00:12][debug] [sms]run num:10
[2018-10-18 04:00:12][debug] [sms]ok num:4
[2018-10-18 04:00:12][debug] [sms]no num:0
[2018-10-18 04:00:12][debug] [sms]run time:3
[2018-10-18 04:00:12][debug] [sms]end:1539806412
[2018-10-18 04:00:12][debug] [sms]page:https://bbs.sex002.xyz/plugin.php?id=tom_tchongbao:ajax&act=nitice_sms_tcshop_hb_run&site=1&tcshop_id=129&hongbao_id=65&page=97
[2018-10-18 04:00:13][debug] [sms]hongbao id:65
[2018-10-18 04:00:13][debug] [sms]page:97
[2018-10-18 04:00:13][debug] [sms]client IP:118.89.52.235
[2018-10-18 04:00:13][debug] [sms]start:1539806413
[2018-10-18 04:00:17][debug] [sms]all num:10
[2018-10-18 04:00:17][debug] [sms]run num:10
[2018-10-18 04:00:17][debug] [sms]ok num:2
[2018-10-18 04:00:17][debug] [sms]no num:0
[2018-10-18 04:00:17][debug] [sms]run time:4
[2018-10-18 04:00:17][debug] [sms]end:1539806417
[2018-10-18 04:00:17][debug] [sms]page:https://bbs.sex002.xyz/plugin.php?id=tom_tchongbao:ajax&act=nitice_sms_tcshop_hb_run&site=1&tcshop_id=129&hongbao_id=65&page=98
[2018-10-18 04:00:18][debug] [sms]hongbao id:65
[2018-10-18 04:00:18][debug] [sms]page:98
[2018-10-18 04:00:18][debug] [sms]client IP:118.89.52.235
[2018-10-18 04:00:18][debug] [sms]start:1539806418
[2018-10-18 04:00:21][debug] [sms]all num:10
[2018-10-18 04:00:21][debug] [sms]run num:10
[2018-10-18 04:00:21][debug] [sms]ok num:5
[2018-10-18 04:00:21][debug] [sms]no num:0
[2018-10-18 04:00:21][debug] [sms]run time:3
[2018-10-18 04:00:21][debug] [sms]end:1539806421
[2018-10-18 04:00:21][debug] [sms]page:https://bbs.sex002.xyz/plugin.php?id=tom_tchongbao:ajax&act=nitice_sms_tcshop_hb_run&site=1&tcshop_id=129&hongbao_id=65&page=99
[2018-10-18 04:00:22][debug] [sms]hongbao id:65
[2018-10-18 04:00:22][debug] [sms]page:99
[2018-10-18 04:00:22][debug] [sms]client IP:118.89.52.235
[2018-10-18 04:00:22][debug] [sms]start:1539806422
[2018-10-18 04:00:26][debug] [sms]all num:10
[2018-10-18 04:00:26][debug] [sms]run num:10
[2018-10-18 04:00:26][debug] [sms]ok num:8
[2018-10-18 04:00:26][debug] [sms]no num:0
[2018-10-18 04:00:26][debug] [sms]run time:4
[2018-10-18 04:00:26][debug] [sms]end:1539806426
[2018-10-18 04:00:26][debug] [sms]page:https://bbs.sex002.xyz/plugin.php?id=tom_tchongbao:ajax&act=nitice_sms_tcshop_hb_run&site=1&tcshop_id=129&hongbao_id=65&page=100
[2018-10-18 04:00:26][debug] [sms]hongbao id:65
[2018-10-18 04:00:26][debug] [sms]page:100
[2018-10-18 04:00:26][debug] [sms]client IP:118.89.52.235
[2018-10-18 04:00:26][debug] [sms]start:1539806426
[2018-10-18 04:00:30][debug] [sms]all num:10
[2018-10-18 04:00:30][debug] [sms]run num:10
[2018-10-18 04:00:30][debug] [sms]ok num:4
[2018-10-18 04:00:30][debug] [sms]no num:0
[2018-10-18 04:00:30][debug] [sms]run time:4
[2018-10-18 04:00:30][debug] [sms]end:1539806430
[2018-10-18 04:00:30][debug] [sms]page:https://bbs.sex002.xyz/plugin.php?id=tom_tchongbao:ajax&act=nitice_sms_tcshop_hb_run&site=1&tcshop_id=129&hongbao_id=65&page=101
[2018-10-18 04:00:30][debug] [sms]--------------------- over 101 -------------------------
