[2019-02-19 23:59:37][debug] [sms]--------------------- new -------------------------
[2019-02-19 23:59:37][debug] [sms]hongbao id:79
[2019-02-19 23:59:37][debug] [sms]page:1
[2019-02-19 23:59:37][debug] [sms]client IP:118.89.52.235
[2019-02-19 23:59:37][debug] [sms]start:1550591977
[2019-02-19 23:59:40][debug] [sms]all num:10
[2019-02-19 23:59:40][debug] [sms]run num:10
[2019-02-19 23:59:40][debug] [sms]ok num:0
[2019-02-19 23:59:40][debug] [sms]no num:0
[2019-02-19 23:59:40][debug] [sms]run time:3
[2019-02-19 23:59:40][debug] [sms]end:1550591980
[2019-02-19 23:59:40][debug] [sms]page:https://bbs.sex002.xyz/plugin.php?id=tom_tchongbao:ajax&act=nitice_sms_hb_run&site=1&tongcheng_id=874&hongbao_id=79&page=2
[2019-02-19 23:59:40][debug] [sms]hongbao id:79
[2019-02-19 23:59:40][debug] [sms]page:2
[2019-02-19 23:59:40][debug] [sms]client IP:118.89.52.235
[2019-02-19 23:59:40][debug] [sms]start:1550591980
[2019-02-19 23:59:44][debug] [sms]all num:10
[2019-02-19 23:59:44][debug] [sms]run num:10
[2019-02-19 23:59:44][debug] [sms]ok num:0
[2019-02-19 23:59:44][debug] [sms]no num:0
[2019-02-19 23:59:44][debug] [sms]run time:4
[2019-02-19 23:59:44][debug] [sms]end:1550591984
[2019-02-19 23:59:44][debug] [sms]page:https://bbs.sex002.xyz/plugin.php?id=tom_tchongbao:ajax&act=nitice_sms_hb_run&site=1&tongcheng_id=874&hongbao_id=79&page=3
[2019-02-19 23:59:44][debug] [sms]hongbao id:79
[2019-02-19 23:59:44][debug] [sms]page:3
[2019-02-19 23:59:44][debug] [sms]client IP:118.89.52.235
[2019-02-19 23:59:44][debug] [sms]start:1550591984
[2019-02-19 23:59:47][debug] [sms]all num:10
[2019-02-19 23:59:47][debug] [sms]run num:10
[2019-02-19 23:59:47][debug] [sms]ok num:0
[2019-02-19 23:59:47][debug] [sms]no num:0
[2019-02-19 23:59:47][debug] [sms]run time:3
[2019-02-19 23:59:47][debug] [sms]end:1550591987
[2019-02-19 23:59:47][debug] [sms]page:https://bbs.sex002.xyz/plugin.php?id=tom_tchongbao:ajax&act=nitice_sms_hb_run&site=1&tongcheng_id=874&hongbao_id=79&page=4
[2019-02-19 23:59:47][debug] [sms]hongbao id:79
[2019-02-19 23:59:47][debug] [sms]page:4
[2019-02-19 23:59:47][debug] [sms]client IP:118.89.52.235
[2019-02-19 23:59:47][debug] [sms]start:1550591987
[2019-02-19 23:59:51][debug] [sms]all num:10
[2019-02-19 23:59:51][debug] [sms]run num:10
[2019-02-19 23:59:51][debug] [sms]ok num:0
[2019-02-19 23:59:51][debug] [sms]no num:0
[2019-02-19 23:59:51][debug] [sms]run time:4
[2019-02-19 23:59:51][debug] [sms]end:1550591991
[2019-02-19 23:59:51][debug] [sms]page:https://bbs.sex002.xyz/plugin.php?id=tom_tchongbao:ajax&act=nitice_sms_hb_run&site=1&tongcheng_id=874&hongbao_id=79&page=5
[2019-02-19 23:59:51][debug] [sms]hongbao id:79
[2019-02-19 23:59:51][debug] [sms]page:5
[2019-02-19 23:59:51][debug] [sms]client IP:118.89.52.235
[2019-02-19 23:59:51][debug] [sms]start:1550591991
[2019-02-19 23:59:54][debug] [sms]all num:10
[2019-02-19 23:59:54][debug] [sms]run num:10
[2019-02-19 23:59:54][debug] [sms]ok num:0
[2019-02-19 23:59:54][debug] [sms]no num:0
[2019-02-19 23:59:54][debug] [sms]run time:3
[2019-02-19 23:59:54][debug] [sms]end:1550591994
[2019-02-19 23:59:54][debug] [sms]page:https://bbs.sex002.xyz/plugin.php?id=tom_tchongbao:ajax&act=nitice_sms_hb_run&site=1&tongcheng_id=874&hongbao_id=79&page=6
[2019-02-19 23:59:54][debug] [sms]hongbao id:79
[2019-02-19 23:59:54][debug] [sms]page:6
[2019-02-19 23:59:54][debug] [sms]client IP:118.89.52.235
[2019-02-19 23:59:54][debug] [sms]start:1550591994
[2019-02-19 23:59:58][debug] [sms]all num:10
[2019-02-19 23:59:58][debug] [sms]run num:10
[2019-02-19 23:59:58][debug] [sms]ok num:0
[2019-02-19 23:59:58][debug] [sms]no num:0
[2019-02-19 23:59:58][debug] [sms]run time:4
[2019-02-19 23:59:58][debug] [sms]end:1550591998
[2019-02-19 23:59:58][debug] [sms]page:https://bbs.sex002.xyz/plugin.php?id=tom_tchongbao:ajax&act=nitice_sms_hb_run&site=1&tongcheng_id=874&hongbao_id=79&page=7
[2019-02-19 23:59:58][debug] [sms]hongbao id:79
[2019-02-19 23:59:58][debug] [sms]page:7
[2019-02-19 23:59:58][debug] [sms]client IP:118.89.52.235
[2019-02-19 23:59:58][debug] [sms]start:1550591998
[2019-02-20 00:00:01][debug] [sms]all num:10
[2019-02-20 00:00:01][debug] [sms]run num:10
[2019-02-20 00:00:01][debug] [sms]ok num:0
[2019-02-20 00:00:01][debug] [sms]no num:0
[2019-02-20 00:00:01][debug] [sms]run time:3
[2019-02-20 00:00:01][debug] [sms]end:1550592001
[2019-02-20 00:00:01][debug] [sms]page:https://bbs.sex002.xyz/plugin.php?id=tom_tchongbao:ajax&act=nitice_sms_hb_run&site=1&tongcheng_id=874&hongbao_id=79&page=8
