[2018-03-27 20:12:58][debug] [sms]--------------------- new -------------------------
[2018-03-27 20:12:58][debug] [sms]hongbao id:3
[2018-03-27 20:12:58][debug] [sms]page:1
[2018-03-27 20:12:58][debug] [sms]client IP:118.89.52.235
[2018-03-27 20:12:58][debug] [sms]start:1522152778
[2018-03-27 20:13:01][debug] [sms]all num:10
[2018-03-27 20:13:01][debug] [sms]run num:10
[2018-03-27 20:13:01][debug] [sms]ok num:6
[2018-03-27 20:13:01][debug] [sms]no num:0
[2018-03-27 20:13:01][debug] [sms]run time:3
[2018-03-27 20:13:01][debug] [sms]end:1522152781
[2018-03-27 20:13:01][debug] [sms]page:https://bbs.aaoyo.cn/plugin.php?id=tom_tchongbao:ajax&act=nitice_sms_hb_run&site=1&tongcheng_id=119&hongbao_id=3&page=2
[2018-03-27 20:13:02][debug] [sms]hongbao id:3
[2018-03-27 20:13:02][debug] [sms]page:2
[2018-03-27 20:13:02][debug] [sms]client IP:118.89.52.235
[2018-03-27 20:13:02][debug] [sms]start:1522152782
[2018-03-27 20:13:05][debug] [sms]all num:10
[2018-03-27 20:13:05][debug] [sms]run num:10
[2018-03-27 20:13:05][debug] [sms]ok num:8
[2018-03-27 20:13:05][debug] [sms]no num:1
[2018-03-27 20:13:05][debug] [sms]run time:3
[2018-03-27 20:13:05][debug] [sms]end:1522152785
[2018-03-27 20:13:05][debug] [sms]page:https://bbs.aaoyo.cn/plugin.php?id=tom_tchongbao:ajax&act=nitice_sms_hb_run&site=1&tongcheng_id=119&hongbao_id=3&page=3
[2018-03-27 20:13:05][debug] [sms]hongbao id:3
[2018-03-27 20:13:05][debug] [sms]page:3
[2018-03-27 20:13:05][debug] [sms]client IP:118.89.52.235
[2018-03-27 20:13:05][debug] [sms]start:1522152785
[2018-03-27 20:13:08][debug] [sms]all num:10
[2018-03-27 20:13:08][debug] [sms]run num:10
[2018-03-27 20:13:08][debug] [sms]ok num:6
[2018-03-27 20:13:08][debug] [sms]no num:0
[2018-03-27 20:13:08][debug] [sms]run time:3
[2018-03-27 20:13:08][debug] [sms]end:1522152788
[2018-03-27 20:13:08][debug] [sms]page:https://bbs.aaoyo.cn/plugin.php?id=tom_tchongbao:ajax&act=nitice_sms_hb_run&site=1&tongcheng_id=119&hongbao_id=3&page=4
[2018-03-27 20:13:08][debug] [sms]hongbao id:3
[2018-03-27 20:13:08][debug] [sms]page:4
[2018-03-27 20:13:08][debug] [sms]client IP:118.89.52.235
[2018-03-27 20:13:08][debug] [sms]start:1522152788
[2018-03-27 20:13:11][debug] [sms]all num:10
[2018-03-27 20:13:11][debug] [sms]run num:10
[2018-03-27 20:13:11][debug] [sms]ok num:9
[2018-03-27 20:13:11][debug] [sms]no num:0
[2018-03-27 20:13:11][debug] [sms]run time:3
[2018-03-27 20:13:11][debug] [sms]end:1522152791
[2018-03-27 20:13:11][debug] [sms]page:https://bbs.aaoyo.cn/plugin.php?id=tom_tchongbao:ajax&act=nitice_sms_hb_run&site=1&tongcheng_id=119&hongbao_id=3&page=5
[2018-03-27 20:13:12][debug] [sms]hongbao id:3
[2018-03-27 20:13:12][debug] [sms]page:5
[2018-03-27 20:13:12][debug] [sms]client IP:118.89.52.235
[2018-03-27 20:13:12][debug] [sms]start:1522152792
[2018-03-27 20:13:15][debug] [sms]all num:10
[2018-03-27 20:13:15][debug] [sms]run num:10
[2018-03-27 20:13:15][debug] [sms]ok num:8
[2018-03-27 20:13:15][debug] [sms]no num:0
[2018-03-27 20:13:15][debug] [sms]run time:3
[2018-03-27 20:13:15][debug] [sms]end:1522152795
[2018-03-27 20:13:15][debug] [sms]page:https://bbs.aaoyo.cn/plugin.php?id=tom_tchongbao:ajax&act=nitice_sms_hb_run&site=1&tongcheng_id=119&hongbao_id=3&page=6
[2018-03-27 20:13:15][debug] [sms]hongbao id:3
[2018-03-27 20:13:15][debug] [sms]page:6
[2018-03-27 20:13:15][debug] [sms]client IP:118.89.52.235
[2018-03-27 20:13:15][debug] [sms]start:1522152795
[2018-03-27 20:13:18][debug] [sms]all num:10
[2018-03-27 20:13:18][debug] [sms]run num:10
[2018-03-27 20:13:18][debug] [sms]ok num:9
[2018-03-27 20:13:18][debug] [sms]no num:0
[2018-03-27 20:13:18][debug] [sms]run time:3
[2018-03-27 20:13:18][debug] [sms]end:1522152798
[2018-03-27 20:13:18][debug] [sms]page:https://bbs.aaoyo.cn/plugin.php?id=tom_tchongbao:ajax&act=nitice_sms_hb_run&site=1&tongcheng_id=119&hongbao_id=3&page=7
[2018-03-27 20:13:18][debug] [sms]hongbao id:3
[2018-03-27 20:13:18][debug] [sms]page:7
[2018-03-27 20:13:18][debug] [sms]client IP:118.89.52.235
[2018-03-27 20:13:18][debug] [sms]start:1522152798
[2018-03-27 20:13:21][debug] [sms]all num:10
[2018-03-27 20:13:21][debug] [sms]run num:10
[2018-03-27 20:13:21][debug] [sms]ok num:10
[2018-03-27 20:13:21][debug] [sms]no num:0
[2018-03-27 20:13:21][debug] [sms]run time:3
[2018-03-27 20:13:21][debug] [sms]end:1522152801
[2018-03-27 20:13:21][debug] [sms]page:https://bbs.aaoyo.cn/plugin.php?id=tom_tchongbao:ajax&act=nitice_sms_hb_run&site=1&tongcheng_id=119&hongbao_id=3&page=8
[2018-03-27 20:13:21][debug] [sms]hongbao id:3
[2018-03-27 20:13:21][debug] [sms]page:8
[2018-03-27 20:13:21][debug] [sms]client IP:118.89.52.235
[2018-03-27 20:13:21][debug] [sms]start:1522152801
[2018-03-27 20:13:24][debug] [sms]all num:10
[2018-03-27 20:13:24][debug] [sms]run num:10
[2018-03-27 20:13:24][debug] [sms]ok num:10
[2018-03-27 20:13:24][debug] [sms]no num:0
[2018-03-27 20:13:24][debug] [sms]run time:3
[2018-03-27 20:13:24][debug] [sms]end:1522152804
[2018-03-27 20:13:24][debug] [sms]page:https://bbs.aaoyo.cn/plugin.php?id=tom_tchongbao:ajax&act=nitice_sms_hb_run&site=1&tongcheng_id=119&hongbao_id=3&page=9
[2018-03-27 20:13:24][debug] [sms]hongbao id:3
[2018-03-27 20:13:24][debug] [sms]page:9
[2018-03-27 20:13:24][debug] [sms]client IP:118.89.52.235
[2018-03-27 20:13:24][debug] [sms]start:1522152804
[2018-03-27 20:13:27][debug] [sms]all num:10
[2018-03-27 20:13:27][debug] [sms]run num:10
[2018-03-27 20:13:27][debug] [sms]ok num:9
[2018-03-27 20:13:27][debug] [sms]no num:0
[2018-03-27 20:13:27][debug] [sms]run time:3
[2018-03-27 20:13:27][debug] [sms]end:1522152807
[2018-03-27 20:13:27][debug] [sms]page:https://bbs.aaoyo.cn/plugin.php?id=tom_tchongbao:ajax&act=nitice_sms_hb_run&site=1&tongcheng_id=119&hongbao_id=3&page=10
[2018-03-27 20:13:27][debug] [sms]hongbao id:3
[2018-03-27 20:13:27][debug] [sms]page:10
[2018-03-27 20:13:27][debug] [sms]client IP:118.89.52.235
[2018-03-27 20:13:27][debug] [sms]start:1522152807
[2018-03-27 20:13:30][debug] [sms]all num:10
[2018-03-27 20:13:30][debug] [sms]run num:10
[2018-03-27 20:13:30][debug] [sms]ok num:10
[2018-03-27 20:13:30][debug] [sms]no num:0
[2018-03-27 20:13:30][debug] [sms]run time:3
[2018-03-27 20:13:30][debug] [sms]end:1522152810
[2018-03-27 20:13:30][debug] [sms]page:https://bbs.aaoyo.cn/plugin.php?id=tom_tchongbao:ajax&act=nitice_sms_hb_run&site=1&tongcheng_id=119&hongbao_id=3&page=11
[2018-03-27 20:13:30][debug] [sms]hongbao id:3
[2018-03-27 20:13:30][debug] [sms]page:11
[2018-03-27 20:13:30][debug] [sms]client IP:118.89.52.235
[2018-03-27 20:13:30][debug] [sms]start:1522152810
[2018-03-27 20:13:33][debug] [sms]all num:10
[2018-03-27 20:13:33][debug] [sms]run num:10
[2018-03-27 20:13:33][debug] [sms]ok num:9
[2018-03-27 20:13:33][debug] [sms]no num:0
[2018-03-27 20:13:33][debug] [sms]run time:3
[2018-03-27 20:13:33][debug] [sms]end:1522152813
[2018-03-27 20:13:33][debug] [sms]page:https://bbs.aaoyo.cn/plugin.php?id=tom_tchongbao:ajax&act=nitice_sms_hb_run&site=1&tongcheng_id=119&hongbao_id=3&page=12
[2018-03-27 20:13:33][debug] [sms]hongbao id:3
[2018-03-27 20:13:33][debug] [sms]page:12
[2018-03-27 20:13:33][debug] [sms]client IP:118.89.52.235
[2018-03-27 20:13:33][debug] [sms]start:1522152813
[2018-03-27 20:13:36][debug] [sms]all num:10
[2018-03-27 20:13:36][debug] [sms]run num:10
[2018-03-27 20:13:36][debug] [sms]ok num:7
[2018-03-27 20:13:36][debug] [sms]no num:0
[2018-03-27 20:13:36][debug] [sms]run time:3
[2018-03-27 20:13:36][debug] [sms]end:1522152816
[2018-03-27 20:13:36][debug] [sms]page:https://bbs.aaoyo.cn/plugin.php?id=tom_tchongbao:ajax&act=nitice_sms_hb_run&site=1&tongcheng_id=119&hongbao_id=3&page=13
[2018-03-27 20:13:36][debug] [sms]hongbao id:3
[2018-03-27 20:13:36][debug] [sms]page:13
[2018-03-27 20:13:36][debug] [sms]client IP:118.89.52.235
[2018-03-27 20:13:36][debug] [sms]start:1522152816
[2018-03-27 20:13:39][debug] [sms]all num:10
[2018-03-27 20:13:39][debug] [sms]run num:10
[2018-03-27 20:13:39][debug] [sms]ok num:8
[2018-03-27 20:13:39][debug] [sms]no num:0
[2018-03-27 20:13:39][debug] [sms]run time:3
[2018-03-27 20:13:39][debug] [sms]end:1522152819
[2018-03-27 20:13:39][debug] [sms]page:https://bbs.aaoyo.cn/plugin.php?id=tom_tchongbao:ajax&act=nitice_sms_hb_run&site=1&tongcheng_id=119&hongbao_id=3&page=14
[2018-03-27 20:13:39][debug] [sms]hongbao id:3
[2018-03-27 20:13:39][debug] [sms]page:14
[2018-03-27 20:13:39][debug] [sms]client IP:118.89.52.235
[2018-03-27 20:13:39][debug] [sms]start:1522152819
[2018-03-27 20:13:42][debug] [sms]all num:10
[2018-03-27 20:13:42][debug] [sms]run num:10
[2018-03-27 20:13:42][debug] [sms]ok num:8
[2018-03-27 20:13:42][debug] [sms]no num:0
[2018-03-27 20:13:42][debug] [sms]run time:3
[2018-03-27 20:13:42][debug] [sms]end:1522152822
[2018-03-27 20:13:42][debug] [sms]page:https://bbs.aaoyo.cn/plugin.php?id=tom_tchongbao:ajax&act=nitice_sms_hb_run&site=1&tongcheng_id=119&hongbao_id=3&page=15
[2018-03-27 20:13:43][debug] [sms]hongbao id:3
[2018-03-27 20:13:43][debug] [sms]page:15
[2018-03-27 20:13:43][debug] [sms]client IP:118.89.52.235
[2018-03-27 20:13:43][debug] [sms]start:1522152823
[2018-03-27 20:13:46][debug] [sms]all num:10
[2018-03-27 20:13:46][debug] [sms]run num:10
[2018-03-27 20:13:46][debug] [sms]ok num:10
[2018-03-27 20:13:46][debug] [sms]no num:0
[2018-03-27 20:13:46][debug] [sms]run time:3
[2018-03-27 20:13:46][debug] [sms]end:1522152826
[2018-03-27 20:13:46][debug] [sms]page:https://bbs.aaoyo.cn/plugin.php?id=tom_tchongbao:ajax&act=nitice_sms_hb_run&site=1&tongcheng_id=119&hongbao_id=3&page=16
[2018-03-27 20:13:46][debug] [sms]hongbao id:3
[2018-03-27 20:13:46][debug] [sms]page:16
[2018-03-27 20:13:46][debug] [sms]client IP:118.89.52.235
[2018-03-27 20:13:46][debug] [sms]start:1522152826
[2018-03-27 20:13:49][debug] [sms]all num:10
[2018-03-27 20:13:49][debug] [sms]run num:10
[2018-03-27 20:13:49][debug] [sms]ok num:8
[2018-03-27 20:13:49][debug] [sms]no num:0
[2018-03-27 20:13:49][debug] [sms]run time:3
[2018-03-27 20:13:49][debug] [sms]end:1522152829
[2018-03-27 20:13:49][debug] [sms]page:https://bbs.aaoyo.cn/plugin.php?id=tom_tchongbao:ajax&act=nitice_sms_hb_run&site=1&tongcheng_id=119&hongbao_id=3&page=17
[2018-03-27 20:13:49][debug] [sms]hongbao id:3
[2018-03-27 20:13:49][debug] [sms]page:17
[2018-03-27 20:13:49][debug] [sms]client IP:118.89.52.235
[2018-03-27 20:13:49][debug] [sms]start:1522152829
[2018-03-27 20:13:52][debug] [sms]all num:10
[2018-03-27 20:13:52][debug] [sms]run num:10
[2018-03-27 20:13:52][debug] [sms]ok num:8
[2018-03-27 20:13:52][debug] [sms]no num:0
[2018-03-27 20:13:52][debug] [sms]run time:3
[2018-03-27 20:13:52][debug] [sms]end:1522152832
[2018-03-27 20:13:52][debug] [sms]page:https://bbs.aaoyo.cn/plugin.php?id=tom_tchongbao:ajax&act=nitice_sms_hb_run&site=1&tongcheng_id=119&hongbao_id=3&page=18
[2018-03-27 20:13:52][debug] [sms]hongbao id:3
[2018-03-27 20:13:52][debug] [sms]page:18
[2018-03-27 20:13:52][debug] [sms]client IP:118.89.52.235
[2018-03-27 20:13:52][debug] [sms]start:1522152832
[2018-03-27 20:13:55][debug] [sms]all num:10
[2018-03-27 20:13:55][debug] [sms]run num:10
[2018-03-27 20:13:55][debug] [sms]ok num:5
[2018-03-27 20:13:55][debug] [sms]no num:0
[2018-03-27 20:13:55][debug] [sms]run time:3
[2018-03-27 20:13:55][debug] [sms]end:1522152835
[2018-03-27 20:13:55][debug] [sms]page:https://bbs.aaoyo.cn/plugin.php?id=tom_tchongbao:ajax&act=nitice_sms_hb_run&site=1&tongcheng_id=119&hongbao_id=3&page=19
[2018-03-27 20:13:55][debug] [sms]hongbao id:3
[2018-03-27 20:13:55][debug] [sms]page:19
[2018-03-27 20:13:55][debug] [sms]client IP:118.89.52.235
[2018-03-27 20:13:55][debug] [sms]start:1522152835
[2018-03-27 20:13:59][debug] [sms]all num:10
[2018-03-27 20:13:59][debug] [sms]run num:10
[2018-03-27 20:13:59][debug] [sms]ok num:9
[2018-03-27 20:13:59][debug] [sms]no num:0
[2018-03-27 20:13:59][debug] [sms]run time:4
[2018-03-27 20:13:59][debug] [sms]end:1522152839
[2018-03-27 20:13:59][debug] [sms]page:https://bbs.aaoyo.cn/plugin.php?id=tom_tchongbao:ajax&act=nitice_sms_hb_run&site=1&tongcheng_id=119&hongbao_id=3&page=20
[2018-03-27 20:13:59][debug] [sms]hongbao id:3
[2018-03-27 20:13:59][debug] [sms]page:20
[2018-03-27 20:13:59][debug] [sms]client IP:118.89.52.235
[2018-03-27 20:13:59][debug] [sms]start:1522152839
[2018-03-27 20:14:01][debug] [sms]all num:10
[2018-03-27 20:14:01][debug] [sms]run num:9
[2018-03-27 20:14:01][debug] [sms]ok num:7
[2018-03-27 20:14:01][debug] [sms]no num:0
[2018-03-27 20:14:01][debug] [sms]run time:2
[2018-03-27 20:14:01][debug] [sms]end:1522152841
[2018-03-27 20:14:01][debug] [sms]page:https://bbs.aaoyo.cn/plugin.php?id=tom_tchongbao:ajax&act=nitice_sms_hb_run&site=1&tongcheng_id=119&hongbao_id=3&page=21
[2018-03-27 20:14:02][debug] [sms]hongbao id:3
[2018-03-27 20:14:02][debug] [sms]page:21
[2018-03-27 20:14:02][debug] [sms]client IP:118.89.52.235
[2018-03-27 20:14:02][debug] [sms]start:1522152842
[2018-03-27 20:14:05][debug] [sms]all num:10
[2018-03-27 20:14:05][debug] [sms]run num:10
[2018-03-27 20:14:05][debug] [sms]ok num:7
[2018-03-27 20:14:05][debug] [sms]no num:0
[2018-03-27 20:14:05][debug] [sms]run time:3
[2018-03-27 20:14:05][debug] [sms]end:1522152845
[2018-03-27 20:14:05][debug] [sms]page:https://bbs.aaoyo.cn/plugin.php?id=tom_tchongbao:ajax&act=nitice_sms_hb_run&site=1&tongcheng_id=119&hongbao_id=3&page=22
[2018-03-27 20:14:05][debug] [sms]hongbao id:3
[2018-03-27 20:14:05][debug] [sms]page:22
[2018-03-27 20:14:05][debug] [sms]client IP:118.89.52.235
[2018-03-27 20:14:05][debug] [sms]start:1522152845
[2018-03-27 20:14:08][debug] [sms]all num:10
[2018-03-27 20:14:08][debug] [sms]run num:10
[2018-03-27 20:14:08][debug] [sms]ok num:5
[2018-03-27 20:14:08][debug] [sms]no num:0
[2018-03-27 20:14:08][debug] [sms]run time:3
[2018-03-27 20:14:08][debug] [sms]end:1522152848
[2018-03-27 20:14:08][debug] [sms]page:https://bbs.aaoyo.cn/plugin.php?id=tom_tchongbao:ajax&act=nitice_sms_hb_run&site=1&tongcheng_id=119&hongbao_id=3&page=23
[2018-03-27 20:14:08][debug] [sms]hongbao id:3
[2018-03-27 20:14:08][debug] [sms]page:23
[2018-03-27 20:14:08][debug] [sms]client IP:118.89.52.235
[2018-03-27 20:14:08][debug] [sms]start:1522152848
[2018-03-27 20:14:09][debug] [sms]all num:2
[2018-03-27 20:14:09][debug] [sms]run num:2
[2018-03-27 20:14:09][debug] [sms]ok num:1
[2018-03-27 20:14:09][debug] [sms]no num:0
[2018-03-27 20:14:09][debug] [sms]run time:1
[2018-03-27 20:14:09][debug] [sms]end:1522152849
[2018-03-27 20:14:09][debug] [sms]page:https://bbs.aaoyo.cn/plugin.php?id=tom_tchongbao:ajax&act=nitice_sms_hb_run&site=1&tongcheng_id=119&hongbao_id=3&page=24
[2018-03-27 20:14:09][debug] [sms]hongbao id:3
[2018-03-27 20:14:09][debug] [sms]page:24
[2018-03-27 20:14:09][debug] [sms]client IP:118.89.52.235
[2018-03-27 20:14:09][debug] [sms]start:1522152849
[2018-03-27 20:14:09][debug] [sms]all num:0
[2018-03-27 20:14:09][debug] [sms]run num:0
[2018-03-27 20:14:09][debug] [sms]ok num:0
[2018-03-27 20:14:09][debug] [sms]no num:0
[2018-03-27 20:14:09][debug] [sms]run time:0
[2018-03-27 20:14:09][debug] [sms]end:1522152849
[2018-03-27 20:14:09][debug] [sms]over:1522152849
[2018-03-27 20:20:04][debug] [sms]--------------------- new -------------------------
[2018-03-27 20:20:04][debug] [sms]hongbao id:4
[2018-03-27 20:20:04][debug] [sms]page:1
[2018-03-27 20:20:04][debug] [sms]client IP:118.89.52.235
[2018-03-27 20:20:04][debug] [sms]start:1522153204
[2018-03-27 20:20:07][debug] [sms]all num:10
[2018-03-27 20:20:07][debug] [sms]run num:10
[2018-03-27 20:20:07][debug] [sms]ok num:10
[2018-03-27 20:20:07][debug] [sms]no num:0
[2018-03-27 20:20:07][debug] [sms]run time:3
[2018-03-27 20:20:07][debug] [sms]end:1522153207
[2018-03-27 20:20:07][debug] [sms]page:https://bbs.aaoyo.cn/plugin.php?id=tom_tchongbao:ajax&act=nitice_sms_hb_run&site=1&tongcheng_id=120&hongbao_id=4&page=2
[2018-03-27 20:20:07][debug] [sms]hongbao id:4
[2018-03-27 20:20:07][debug] [sms]page:2
[2018-03-27 20:20:07][debug] [sms]client IP:118.89.52.235
[2018-03-27 20:20:07][debug] [sms]start:1522153207
[2018-03-27 20:20:10][debug] [sms]all num:10
[2018-03-27 20:20:10][debug] [sms]run num:10
[2018-03-27 20:20:10][debug] [sms]ok num:9
[2018-03-27 20:20:10][debug] [sms]no num:0
[2018-03-27 20:20:10][debug] [sms]run time:3
[2018-03-27 20:20:10][debug] [sms]end:1522153210
[2018-03-27 20:20:10][debug] [sms]page:https://bbs.aaoyo.cn/plugin.php?id=tom_tchongbao:ajax&act=nitice_sms_hb_run&site=1&tongcheng_id=120&hongbao_id=4&page=3
[2018-03-27 20:20:10][debug] [sms]hongbao id:4
[2018-03-27 20:20:10][debug] [sms]page:3
[2018-03-27 20:20:10][debug] [sms]client IP:118.89.52.235
[2018-03-27 20:20:10][debug] [sms]start:1522153210
[2018-03-27 20:20:13][debug] [sms]all num:10
[2018-03-27 20:20:13][debug] [sms]run num:10
[2018-03-27 20:20:13][debug] [sms]ok num:7
[2018-03-27 20:20:13][debug] [sms]no num:0
[2018-03-27 20:20:13][debug] [sms]run time:3
[2018-03-27 20:20:13][debug] [sms]end:1522153213
[2018-03-27 20:20:13][debug] [sms]page:https://bbs.aaoyo.cn/plugin.php?id=tom_tchongbao:ajax&act=nitice_sms_hb_run&site=1&tongcheng_id=120&hongbao_id=4&page=4
[2018-03-27 20:20:13][debug] [sms]hongbao id:4
[2018-03-27 20:20:13][debug] [sms]page:4
[2018-03-27 20:20:13][debug] [sms]client IP:118.89.52.235
[2018-03-27 20:20:13][debug] [sms]start:1522153213
[2018-03-27 20:20:16][debug] [sms]all num:10
[2018-03-27 20:20:16][debug] [sms]run num:10
[2018-03-27 20:20:16][debug] [sms]ok num:7
[2018-03-27 20:20:16][debug] [sms]no num:0
[2018-03-27 20:20:16][debug] [sms]run time:3
[2018-03-27 20:20:16][debug] [sms]end:1522153216
[2018-03-27 20:20:16][debug] [sms]page:https://bbs.aaoyo.cn/plugin.php?id=tom_tchongbao:ajax&act=nitice_sms_hb_run&site=1&tongcheng_id=120&hongbao_id=4&page=5
[2018-03-27 20:20:16][debug] [sms]hongbao id:4
[2018-03-27 20:20:16][debug] [sms]page:5
[2018-03-27 20:20:16][debug] [sms]client IP:118.89.52.235
[2018-03-27 20:20:16][debug] [sms]start:1522153216
[2018-03-27 20:20:19][debug] [sms]all num:10
[2018-03-27 20:20:19][debug] [sms]run num:10
[2018-03-27 20:20:19][debug] [sms]ok num:6
[2018-03-27 20:20:19][debug] [sms]no num:0
[2018-03-27 20:20:19][debug] [sms]run time:3
[2018-03-27 20:20:19][debug] [sms]end:1522153219
[2018-03-27 20:20:19][debug] [sms]page:https://bbs.aaoyo.cn/plugin.php?id=tom_tchongbao:ajax&act=nitice_sms_hb_run&site=1&tongcheng_id=120&hongbao_id=4&page=6
[2018-03-27 20:20:19][debug] [sms]hongbao id:4
[2018-03-27 20:20:19][debug] [sms]page:6
[2018-03-27 20:20:19][debug] [sms]client IP:118.89.52.235
[2018-03-27 20:20:19][debug] [sms]start:1522153219
[2018-03-27 20:20:22][debug] [sms]all num:10
[2018-03-27 20:20:22][debug] [sms]run num:10
[2018-03-27 20:20:22][debug] [sms]ok num:8
[2018-03-27 20:20:22][debug] [sms]no num:0
[2018-03-27 20:20:22][debug] [sms]run time:3
[2018-03-27 20:20:22][debug] [sms]end:1522153222
[2018-03-27 20:20:22][debug] [sms]page:https://bbs.aaoyo.cn/plugin.php?id=tom_tchongbao:ajax&act=nitice_sms_hb_run&site=1&tongcheng_id=120&hongbao_id=4&page=7
[2018-03-27 20:20:23][debug] [sms]hongbao id:4
[2018-03-27 20:20:23][debug] [sms]page:7
[2018-03-27 20:20:23][debug] [sms]client IP:118.89.52.235
[2018-03-27 20:20:23][debug] [sms]start:1522153223
[2018-03-27 20:20:25][debug] [sms]all num:10
[2018-03-27 20:20:25][debug] [sms]run num:10
[2018-03-27 20:20:25][debug] [sms]ok num:10
[2018-03-27 20:20:25][debug] [sms]no num:0
[2018-03-27 20:20:25][debug] [sms]run time:2
[2018-03-27 20:20:25][debug] [sms]end:1522153225
[2018-03-27 20:20:25][debug] [sms]page:https://bbs.aaoyo.cn/plugin.php?id=tom_tchongbao:ajax&act=nitice_sms_hb_run&site=1&tongcheng_id=120&hongbao_id=4&page=8
[2018-03-27 20:20:26][debug] [sms]hongbao id:4
[2018-03-27 20:20:26][debug] [sms]page:8
[2018-03-27 20:20:26][debug] [sms]client IP:118.89.52.235
[2018-03-27 20:20:26][debug] [sms]start:1522153226
[2018-03-27 20:20:28][debug] [sms]all num:10
[2018-03-27 20:20:28][debug] [sms]run num:10
[2018-03-27 20:20:28][debug] [sms]ok num:9
[2018-03-27 20:20:28][debug] [sms]no num:0
[2018-03-27 20:20:28][debug] [sms]run time:2
[2018-03-27 20:20:28][debug] [sms]end:1522153228
[2018-03-27 20:20:28][debug] [sms]page:https://bbs.aaoyo.cn/plugin.php?id=tom_tchongbao:ajax&act=nitice_sms_hb_run&site=1&tongcheng_id=120&hongbao_id=4&page=9
[2018-03-27 20:20:29][debug] [sms]hongbao id:4
[2018-03-27 20:20:29][debug] [sms]page:9
[2018-03-27 20:20:29][debug] [sms]client IP:118.89.52.235
[2018-03-27 20:20:29][debug] [sms]start:1522153229
[2018-03-27 20:20:31][debug] [sms]all num:10
[2018-03-27 20:20:31][debug] [sms]run num:10
[2018-03-27 20:20:31][debug] [sms]ok num:10
[2018-03-27 20:20:31][debug] [sms]no num:0
[2018-03-27 20:20:31][debug] [sms]run time:2
[2018-03-27 20:20:31][debug] [sms]end:1522153231
[2018-03-27 20:20:31][debug] [sms]page:https://bbs.aaoyo.cn/plugin.php?id=tom_tchongbao:ajax&act=nitice_sms_hb_run&site=1&tongcheng_id=120&hongbao_id=4&page=10
[2018-03-27 20:20:32][debug] [sms]hongbao id:4
[2018-03-27 20:20:32][debug] [sms]page:10
[2018-03-27 20:20:32][debug] [sms]client IP:118.89.52.235
[2018-03-27 20:20:32][debug] [sms]start:1522153232
[2018-03-27 20:20:35][debug] [sms]all num:10
[2018-03-27 20:20:35][debug] [sms]run num:10
[2018-03-27 20:20:35][debug] [sms]ok num:9
[2018-03-27 20:20:35][debug] [sms]no num:0
[2018-03-27 20:20:35][debug] [sms]run time:3
[2018-03-27 20:20:35][debug] [sms]end:1522153235
[2018-03-27 20:20:35][debug] [sms]page:https://bbs.aaoyo.cn/plugin.php?id=tom_tchongbao:ajax&act=nitice_sms_hb_run&site=1&tongcheng_id=120&hongbao_id=4&page=11
[2018-03-27 20:20:35][debug] [sms]hongbao id:4
[2018-03-27 20:20:35][debug] [sms]page:11
[2018-03-27 20:20:35][debug] [sms]client IP:118.89.52.235
[2018-03-27 20:20:35][debug] [sms]start:1522153235
[2018-03-27 20:20:38][debug] [sms]all num:10
[2018-03-27 20:20:38][debug] [sms]run num:10
[2018-03-27 20:20:38][debug] [sms]ok num:10
[2018-03-27 20:20:38][debug] [sms]no num:0
[2018-03-27 20:20:38][debug] [sms]run time:3
[2018-03-27 20:20:38][debug] [sms]end:1522153238
[2018-03-27 20:20:38][debug] [sms]page:https://bbs.aaoyo.cn/plugin.php?id=tom_tchongbao:ajax&act=nitice_sms_hb_run&site=1&tongcheng_id=120&hongbao_id=4&page=12
[2018-03-27 20:20:38][debug] [sms]hongbao id:4
[2018-03-27 20:20:38][debug] [sms]page:12
[2018-03-27 20:20:38][debug] [sms]client IP:118.89.52.235
[2018-03-27 20:20:38][debug] [sms]start:1522153238
[2018-03-27 20:20:41][debug] [sms]all num:10
[2018-03-27 20:20:41][debug] [sms]run num:10
[2018-03-27 20:20:41][debug] [sms]ok num:8
[2018-03-27 20:20:41][debug] [sms]no num:0
[2018-03-27 20:20:41][debug] [sms]run time:3
[2018-03-27 20:20:41][debug] [sms]end:1522153241
[2018-03-27 20:20:41][debug] [sms]page:https://bbs.aaoyo.cn/plugin.php?id=tom_tchongbao:ajax&act=nitice_sms_hb_run&site=1&tongcheng_id=120&hongbao_id=4&page=13
[2018-03-27 20:20:41][debug] [sms]hongbao id:4
[2018-03-27 20:20:41][debug] [sms]page:13
[2018-03-27 20:20:41][debug] [sms]client IP:118.89.52.235
[2018-03-27 20:20:41][debug] [sms]start:1522153241
[2018-03-27 20:20:44][debug] [sms]all num:10
[2018-03-27 20:20:44][debug] [sms]run num:10
[2018-03-27 20:20:44][debug] [sms]ok num:8
[2018-03-27 20:20:44][debug] [sms]no num:0
[2018-03-27 20:20:44][debug] [sms]run time:3
[2018-03-27 20:20:44][debug] [sms]end:1522153244
[2018-03-27 20:20:44][debug] [sms]page:https://bbs.aaoyo.cn/plugin.php?id=tom_tchongbao:ajax&act=nitice_sms_hb_run&site=1&tongcheng_id=120&hongbao_id=4&page=14
[2018-03-27 20:20:44][debug] [sms]hongbao id:4
[2018-03-27 20:20:44][debug] [sms]page:14
[2018-03-27 20:20:44][debug] [sms]client IP:118.89.52.235
[2018-03-27 20:20:44][debug] [sms]start:1522153244
[2018-03-27 20:20:47][debug] [sms]all num:10
[2018-03-27 20:20:47][debug] [sms]run num:10
[2018-03-27 20:20:47][debug] [sms]ok num:7
[2018-03-27 20:20:47][debug] [sms]no num:0
[2018-03-27 20:20:47][debug] [sms]run time:3
[2018-03-27 20:20:47][debug] [sms]end:1522153247
[2018-03-27 20:20:47][debug] [sms]page:https://bbs.aaoyo.cn/plugin.php?id=tom_tchongbao:ajax&act=nitice_sms_hb_run&site=1&tongcheng_id=120&hongbao_id=4&page=15
[2018-03-27 20:20:47][debug] [sms]hongbao id:4
[2018-03-27 20:20:47][debug] [sms]page:15
[2018-03-27 20:20:47][debug] [sms]client IP:118.89.52.235
[2018-03-27 20:20:47][debug] [sms]start:1522153247
[2018-03-27 20:20:50][debug] [sms]all num:10
[2018-03-27 20:20:50][debug] [sms]run num:10
[2018-03-27 20:20:50][debug] [sms]ok num:9
[2018-03-27 20:20:50][debug] [sms]no num:0
[2018-03-27 20:20:50][debug] [sms]run time:3
[2018-03-27 20:20:50][debug] [sms]end:1522153250
[2018-03-27 20:20:50][debug] [sms]page:https://bbs.aaoyo.cn/plugin.php?id=tom_tchongbao:ajax&act=nitice_sms_hb_run&site=1&tongcheng_id=120&hongbao_id=4&page=16
[2018-03-27 20:20:50][debug] [sms]hongbao id:4
[2018-03-27 20:20:50][debug] [sms]page:16
[2018-03-27 20:20:50][debug] [sms]client IP:118.89.52.235
[2018-03-27 20:20:50][debug] [sms]start:1522153250
[2018-03-27 20:20:53][debug] [sms]all num:10
[2018-03-27 20:20:53][debug] [sms]run num:10
[2018-03-27 20:20:53][debug] [sms]ok num:9
[2018-03-27 20:20:53][debug] [sms]no num:0
[2018-03-27 20:20:53][debug] [sms]run time:3
[2018-03-27 20:20:53][debug] [sms]end:1522153253
[2018-03-27 20:20:53][debug] [sms]page:https://bbs.aaoyo.cn/plugin.php?id=tom_tchongbao:ajax&act=nitice_sms_hb_run&site=1&tongcheng_id=120&hongbao_id=4&page=17
[2018-03-27 20:20:53][debug] [sms]hongbao id:4
[2018-03-27 20:20:53][debug] [sms]page:17
[2018-03-27 20:20:53][debug] [sms]client IP:118.89.52.235
[2018-03-27 20:20:53][debug] [sms]start:1522153253
[2018-03-27 20:20:56][debug] [sms]all num:10
[2018-03-27 20:20:56][debug] [sms]run num:10
[2018-03-27 20:20:56][debug] [sms]ok num:8
[2018-03-27 20:20:56][debug] [sms]no num:0
[2018-03-27 20:20:56][debug] [sms]run time:3
[2018-03-27 20:20:56][debug] [sms]end:1522153256
[2018-03-27 20:20:56][debug] [sms]page:https://bbs.aaoyo.cn/plugin.php?id=tom_tchongbao:ajax&act=nitice_sms_hb_run&site=1&tongcheng_id=120&hongbao_id=4&page=18
[2018-03-27 20:20:57][debug] [sms]hongbao id:4
[2018-03-27 20:20:57][debug] [sms]page:18
[2018-03-27 20:20:57][debug] [sms]client IP:118.89.52.235
[2018-03-27 20:20:57][debug] [sms]start:1522153257
[2018-03-27 20:21:00][debug] [sms]all num:10
[2018-03-27 20:21:00][debug] [sms]run num:10
[2018-03-27 20:21:00][debug] [sms]ok num:5
[2018-03-27 20:21:00][debug] [sms]no num:0
[2018-03-27 20:21:00][debug] [sms]run time:3
[2018-03-27 20:21:00][debug] [sms]end:1522153260
[2018-03-27 20:21:00][debug] [sms]page:https://bbs.aaoyo.cn/plugin.php?id=tom_tchongbao:ajax&act=nitice_sms_hb_run&site=1&tongcheng_id=120&hongbao_id=4&page=19
[2018-03-27 20:21:00][debug] [sms]hongbao id:4
[2018-03-27 20:21:00][debug] [sms]page:19
[2018-03-27 20:21:00][debug] [sms]client IP:118.89.52.235
[2018-03-27 20:21:00][debug] [sms]start:1522153260
[2018-03-27 20:21:03][debug] [sms]all num:10
[2018-03-27 20:21:03][debug] [sms]run num:10
[2018-03-27 20:21:03][debug] [sms]ok num:8
[2018-03-27 20:21:03][debug] [sms]no num:0
[2018-03-27 20:21:03][debug] [sms]run time:3
[2018-03-27 20:21:03][debug] [sms]end:1522153263
[2018-03-27 20:21:03][debug] [sms]page:https://bbs.aaoyo.cn/plugin.php?id=tom_tchongbao:ajax&act=nitice_sms_hb_run&site=1&tongcheng_id=120&hongbao_id=4&page=20
[2018-03-27 20:21:03][debug] [sms]hongbao id:4
[2018-03-27 20:21:03][debug] [sms]page:20
[2018-03-27 20:21:03][debug] [sms]client IP:118.89.52.235
[2018-03-27 20:21:03][debug] [sms]start:1522153263
[2018-03-27 20:21:06][debug] [sms]all num:10
[2018-03-27 20:21:06][debug] [sms]run num:9
[2018-03-27 20:21:06][debug] [sms]ok num:7
[2018-03-27 20:21:06][debug] [sms]no num:0
[2018-03-27 20:21:06][debug] [sms]run time:3
[2018-03-27 20:21:06][debug] [sms]end:1522153266
[2018-03-27 20:21:06][debug] [sms]page:https://bbs.aaoyo.cn/plugin.php?id=tom_tchongbao:ajax&act=nitice_sms_hb_run&site=1&tongcheng_id=120&hongbao_id=4&page=21
[2018-03-27 20:21:06][debug] [sms]hongbao id:4
[2018-03-27 20:21:06][debug] [sms]page:21
[2018-03-27 20:21:06][debug] [sms]client IP:118.89.52.235
[2018-03-27 20:21:06][debug] [sms]start:1522153266
[2018-03-27 20:21:09][debug] [sms]all num:10
[2018-03-27 20:21:09][debug] [sms]run num:10
[2018-03-27 20:21:09][debug] [sms]ok num:8
[2018-03-27 20:21:09][debug] [sms]no num:0
[2018-03-27 20:21:09][debug] [sms]run time:3
[2018-03-27 20:21:09][debug] [sms]end:1522153269
[2018-03-27 20:21:09][debug] [sms]page:https://bbs.aaoyo.cn/plugin.php?id=tom_tchongbao:ajax&act=nitice_sms_hb_run&site=1&tongcheng_id=120&hongbao_id=4&page=22
[2018-03-27 20:21:09][debug] [sms]hongbao id:4
[2018-03-27 20:21:09][debug] [sms]page:22
[2018-03-27 20:21:09][debug] [sms]client IP:118.89.52.235
[2018-03-27 20:21:09][debug] [sms]start:1522153269
[2018-03-27 20:21:12][debug] [sms]all num:10
[2018-03-27 20:21:12][debug] [sms]run num:10
[2018-03-27 20:21:12][debug] [sms]ok num:4
[2018-03-27 20:21:12][debug] [sms]no num:0
[2018-03-27 20:21:12][debug] [sms]run time:3
[2018-03-27 20:21:12][debug] [sms]end:1522153272
[2018-03-27 20:21:12][debug] [sms]page:https://bbs.aaoyo.cn/plugin.php?id=tom_tchongbao:ajax&act=nitice_sms_hb_run&site=1&tongcheng_id=120&hongbao_id=4&page=23
[2018-03-27 20:21:13][debug] [sms]hongbao id:4
[2018-03-27 20:21:13][debug] [sms]page:23
[2018-03-27 20:21:13][debug] [sms]client IP:118.89.52.235
[2018-03-27 20:21:13][debug] [sms]start:1522153273
[2018-03-27 20:21:13][debug] [sms]all num:2
[2018-03-27 20:21:13][debug] [sms]run num:2
[2018-03-27 20:21:13][debug] [sms]ok num:1
[2018-03-27 20:21:13][debug] [sms]no num:0
[2018-03-27 20:21:13][debug] [sms]run time:0
[2018-03-27 20:21:13][debug] [sms]end:1522153273
[2018-03-27 20:21:13][debug] [sms]page:https://bbs.aaoyo.cn/plugin.php?id=tom_tchongbao:ajax&act=nitice_sms_hb_run&site=1&tongcheng_id=120&hongbao_id=4&page=24
[2018-03-27 20:21:14][debug] [sms]hongbao id:4
[2018-03-27 20:21:14][debug] [sms]page:24
[2018-03-27 20:21:14][debug] [sms]client IP:118.89.52.235
[2018-03-27 20:21:14][debug] [sms]start:1522153274
[2018-03-27 20:21:14][debug] [sms]all num:0
[2018-03-27 20:21:14][debug] [sms]run num:0
[2018-03-27 20:21:14][debug] [sms]ok num:0
[2018-03-27 20:21:14][debug] [sms]no num:0
[2018-03-27 20:21:14][debug] [sms]run time:0
[2018-03-27 20:21:14][debug] [sms]end:1522153274
[2018-03-27 20:21:14][debug] [sms]over:1522153274
[2018-03-27 20:28:59][debug] [sms]--------------------- new -------------------------
[2018-03-27 20:28:59][debug] [sms]hongbao id:5
[2018-03-27 20:28:59][debug] [sms]page:1
[2018-03-27 20:28:59][debug] [sms]client IP:118.89.52.235
[2018-03-27 20:28:59][debug] [sms]start:1522153739
[2018-03-27 20:29:02][debug] [sms]all num:10
[2018-03-27 20:29:02][debug] [sms]run num:10
[2018-03-27 20:29:02][debug] [sms]ok num:10
[2018-03-27 20:29:02][debug] [sms]no num:0
[2018-03-27 20:29:02][debug] [sms]run time:3
[2018-03-27 20:29:02][debug] [sms]end:1522153742
[2018-03-27 20:29:02][debug] [sms]page:https://bbs.aaoyo.cn/plugin.php?id=tom_tchongbao:ajax&act=nitice_sms_hb_run&site=1&tongcheng_id=122&hongbao_id=5&page=2
[2018-03-27 20:29:02][debug] [sms]hongbao id:5
[2018-03-27 20:29:02][debug] [sms]page:2
[2018-03-27 20:29:02][debug] [sms]client IP:118.89.52.235
[2018-03-27 20:29:02][debug] [sms]start:1522153742
[2018-03-27 20:29:05][debug] [sms]all num:10
[2018-03-27 20:29:05][debug] [sms]run num:10
[2018-03-27 20:29:05][debug] [sms]ok num:10
[2018-03-27 20:29:05][debug] [sms]no num:0
[2018-03-27 20:29:05][debug] [sms]run time:3
[2018-03-27 20:29:05][debug] [sms]end:1522153745
[2018-03-27 20:29:05][debug] [sms]page:https://bbs.aaoyo.cn/plugin.php?id=tom_tchongbao:ajax&act=nitice_sms_hb_run&site=1&tongcheng_id=122&hongbao_id=5&page=3
[2018-03-27 20:29:05][debug] [sms]hongbao id:5
[2018-03-27 20:29:05][debug] [sms]page:3
[2018-03-27 20:29:05][debug] [sms]client IP:118.89.52.235
[2018-03-27 20:29:05][debug] [sms]start:1522153745
[2018-03-27 20:29:08][debug] [sms]all num:10
[2018-03-27 20:29:08][debug] [sms]run num:10
[2018-03-27 20:29:08][debug] [sms]ok num:10
[2018-03-27 20:29:08][debug] [sms]no num:0
[2018-03-27 20:29:08][debug] [sms]run time:3
[2018-03-27 20:29:08][debug] [sms]end:1522153748
[2018-03-27 20:29:08][debug] [sms]page:https://bbs.aaoyo.cn/plugin.php?id=tom_tchongbao:ajax&act=nitice_sms_hb_run&site=1&tongcheng_id=122&hongbao_id=5&page=4
[2018-03-27 20:29:08][debug] [sms]hongbao id:5
[2018-03-27 20:29:08][debug] [sms]page:4
[2018-03-27 20:29:08][debug] [sms]client IP:118.89.52.235
[2018-03-27 20:29:08][debug] [sms]start:1522153748
[2018-03-27 20:29:11][debug] [sms]all num:10
[2018-03-27 20:29:11][debug] [sms]run num:10
[2018-03-27 20:29:11][debug] [sms]ok num:10
[2018-03-27 20:29:11][debug] [sms]no num:0
[2018-03-27 20:29:11][debug] [sms]run time:3
[2018-03-27 20:29:11][debug] [sms]end:1522153751
[2018-03-27 20:29:11][debug] [sms]page:https://bbs.aaoyo.cn/plugin.php?id=tom_tchongbao:ajax&act=nitice_sms_hb_run&site=1&tongcheng_id=122&hongbao_id=5&page=5
[2018-03-27 20:29:11][debug] [sms]hongbao id:5
[2018-03-27 20:29:11][debug] [sms]page:5
[2018-03-27 20:29:11][debug] [sms]client IP:118.89.52.235
[2018-03-27 20:29:11][debug] [sms]start:1522153751
[2018-03-27 20:29:14][debug] [sms]all num:10
[2018-03-27 20:29:14][debug] [sms]run num:10
[2018-03-27 20:29:14][debug] [sms]ok num:9
[2018-03-27 20:29:14][debug] [sms]no num:0
[2018-03-27 20:29:14][debug] [sms]run time:3
[2018-03-27 20:29:14][debug] [sms]end:1522153754
[2018-03-27 20:29:14][debug] [sms]page:https://bbs.aaoyo.cn/plugin.php?id=tom_tchongbao:ajax&act=nitice_sms_hb_run&site=1&tongcheng_id=122&hongbao_id=5&page=6
[2018-03-27 20:29:15][debug] [sms]hongbao id:5
[2018-03-27 20:29:15][debug] [sms]page:6
[2018-03-27 20:29:15][debug] [sms]client IP:118.89.52.235
[2018-03-27 20:29:15][debug] [sms]start:1522153755
[2018-03-27 20:29:17][debug] [sms]all num:10
[2018-03-27 20:29:17][debug] [sms]run num:10
[2018-03-27 20:29:17][debug] [sms]ok num:6
[2018-03-27 20:29:17][debug] [sms]no num:0
[2018-03-27 20:29:17][debug] [sms]run time:2
[2018-03-27 20:29:17][debug] [sms]end:1522153757
[2018-03-27 20:29:17][debug] [sms]page:https://bbs.aaoyo.cn/plugin.php?id=tom_tchongbao:ajax&act=nitice_sms_hb_run&site=1&tongcheng_id=122&hongbao_id=5&page=7
[2018-03-27 20:29:18][debug] [sms]hongbao id:5
[2018-03-27 20:29:18][debug] [sms]page:7
[2018-03-27 20:29:18][debug] [sms]client IP:118.89.52.235
[2018-03-27 20:29:18][debug] [sms]start:1522153758
[2018-03-27 20:29:21][debug] [sms]all num:10
[2018-03-27 20:29:21][debug] [sms]run num:10
[2018-03-27 20:29:21][debug] [sms]ok num:5
[2018-03-27 20:29:21][debug] [sms]no num:0
[2018-03-27 20:29:21][debug] [sms]run time:3
[2018-03-27 20:29:21][debug] [sms]end:1522153761
[2018-03-27 20:29:21][debug] [sms]page:https://bbs.aaoyo.cn/plugin.php?id=tom_tchongbao:ajax&act=nitice_sms_hb_run&site=1&tongcheng_id=122&hongbao_id=5&page=8
[2018-03-27 20:29:21][debug] [sms]hongbao id:5
[2018-03-27 20:29:21][debug] [sms]page:8
[2018-03-27 20:29:21][debug] [sms]client IP:118.89.52.235
[2018-03-27 20:29:21][debug] [sms]start:1522153761
[2018-03-27 20:29:25][debug] [sms]all num:10
[2018-03-27 20:29:25][debug] [sms]run num:10
[2018-03-27 20:29:25][debug] [sms]ok num:7
[2018-03-27 20:29:25][debug] [sms]no num:0
[2018-03-27 20:29:25][debug] [sms]run time:4
[2018-03-27 20:29:25][debug] [sms]end:1522153765
[2018-03-27 20:29:25][debug] [sms]page:https://bbs.aaoyo.cn/plugin.php?id=tom_tchongbao:ajax&act=nitice_sms_hb_run&site=1&tongcheng_id=122&hongbao_id=5&page=9
[2018-03-27 20:29:25][debug] [sms]hongbao id:5
[2018-03-27 20:29:25][debug] [sms]page:9
[2018-03-27 20:29:25][debug] [sms]client IP:118.89.52.235
[2018-03-27 20:29:25][debug] [sms]start:1522153765
[2018-03-27 20:29:28][debug] [sms]all num:10
[2018-03-27 20:29:28][debug] [sms]run num:10
[2018-03-27 20:29:28][debug] [sms]ok num:9
[2018-03-27 20:29:28][debug] [sms]no num:0
[2018-03-27 20:29:28][debug] [sms]run time:3
[2018-03-27 20:29:28][debug] [sms]end:1522153768
[2018-03-27 20:29:28][debug] [sms]page:https://bbs.aaoyo.cn/plugin.php?id=tom_tchongbao:ajax&act=nitice_sms_hb_run&site=1&tongcheng_id=122&hongbao_id=5&page=10
[2018-03-27 20:29:28][debug] [sms]hongbao id:5
[2018-03-27 20:29:28][debug] [sms]page:10
[2018-03-27 20:29:28][debug] [sms]client IP:118.89.52.235
[2018-03-27 20:29:28][debug] [sms]start:1522153768
[2018-03-27 20:29:31][debug] [sms]all num:10
[2018-03-27 20:29:31][debug] [sms]run num:10
[2018-03-27 20:29:31][debug] [sms]ok num:9
[2018-03-27 20:29:31][debug] [sms]no num:0
[2018-03-27 20:29:31][debug] [sms]run time:3
[2018-03-27 20:29:31][debug] [sms]end:1522153771
[2018-03-27 20:29:31][debug] [sms]page:https://bbs.aaoyo.cn/plugin.php?id=tom_tchongbao:ajax&act=nitice_sms_hb_run&site=1&tongcheng_id=122&hongbao_id=5&page=11
[2018-03-27 20:29:31][debug] [sms]hongbao id:5
[2018-03-27 20:29:31][debug] [sms]page:11
[2018-03-27 20:29:31][debug] [sms]client IP:118.89.52.235
[2018-03-27 20:29:31][debug] [sms]start:1522153771
[2018-03-27 20:29:34][debug] [sms]all num:10
[2018-03-27 20:29:34][debug] [sms]run num:10
[2018-03-27 20:29:34][debug] [sms]ok num:9
[2018-03-27 20:29:34][debug] [sms]no num:0
[2018-03-27 20:29:34][debug] [sms]run time:3
[2018-03-27 20:29:34][debug] [sms]end:1522153774
[2018-03-27 20:29:34][debug] [sms]page:https://bbs.aaoyo.cn/plugin.php?id=tom_tchongbao:ajax&act=nitice_sms_hb_run&site=1&tongcheng_id=122&hongbao_id=5&page=12
[2018-03-27 20:29:34][debug] [sms]hongbao id:5
[2018-03-27 20:29:34][debug] [sms]page:12
[2018-03-27 20:29:34][debug] [sms]client IP:118.89.52.235
[2018-03-27 20:29:34][debug] [sms]start:1522153774
[2018-03-27 20:29:37][debug] [sms]all num:10
[2018-03-27 20:29:37][debug] [sms]run num:10
[2018-03-27 20:29:37][debug] [sms]ok num:10
[2018-03-27 20:29:37][debug] [sms]no num:0
[2018-03-27 20:29:37][debug] [sms]run time:3
[2018-03-27 20:29:37][debug] [sms]end:1522153777
[2018-03-27 20:29:37][debug] [sms]page:https://bbs.aaoyo.cn/plugin.php?id=tom_tchongbao:ajax&act=nitice_sms_hb_run&site=1&tongcheng_id=122&hongbao_id=5&page=13
[2018-03-27 20:29:38][debug] [sms]hongbao id:5
[2018-03-27 20:29:38][debug] [sms]page:13
[2018-03-27 20:29:38][debug] [sms]client IP:118.89.52.235
[2018-03-27 20:29:38][debug] [sms]start:1522153778
[2018-03-27 20:29:41][debug] [sms]all num:10
[2018-03-27 20:29:41][debug] [sms]run num:10
[2018-03-27 20:29:41][debug] [sms]ok num:9
[2018-03-27 20:29:41][debug] [sms]no num:0
[2018-03-27 20:29:41][debug] [sms]run time:3
[2018-03-27 20:29:41][debug] [sms]end:1522153781
[2018-03-27 20:29:41][debug] [sms]page:https://bbs.aaoyo.cn/plugin.php?id=tom_tchongbao:ajax&act=nitice_sms_hb_run&site=1&tongcheng_id=122&hongbao_id=5&page=14
[2018-03-27 20:29:42][debug] [sms]hongbao id:5
[2018-03-27 20:29:42][debug] [sms]page:14
[2018-03-27 20:29:42][debug] [sms]client IP:118.89.52.235
[2018-03-27 20:29:42][debug] [sms]start:1522153782
[2018-03-27 20:29:45][debug] [sms]all num:10
[2018-03-27 20:29:45][debug] [sms]run num:10
[2018-03-27 20:29:45][debug] [sms]ok num:8
[2018-03-27 20:29:45][debug] [sms]no num:0
[2018-03-27 20:29:45][debug] [sms]run time:3
[2018-03-27 20:29:45][debug] [sms]end:1522153785
[2018-03-27 20:29:45][debug] [sms]page:https://bbs.aaoyo.cn/plugin.php?id=tom_tchongbao:ajax&act=nitice_sms_hb_run&site=1&tongcheng_id=122&hongbao_id=5&page=15
[2018-03-27 20:29:45][debug] [sms]hongbao id:5
[2018-03-27 20:29:45][debug] [sms]page:15
[2018-03-27 20:29:45][debug] [sms]client IP:118.89.52.235
[2018-03-27 20:29:45][debug] [sms]start:1522153785
[2018-03-27 20:29:49][debug] [sms]all num:10
[2018-03-27 20:29:49][debug] [sms]run num:10
[2018-03-27 20:29:49][debug] [sms]ok num:7
[2018-03-27 20:29:49][debug] [sms]no num:0
[2018-03-27 20:29:49][debug] [sms]run time:4
[2018-03-27 20:29:49][debug] [sms]end:1522153789
[2018-03-27 20:29:49][debug] [sms]page:https://bbs.aaoyo.cn/plugin.php?id=tom_tchongbao:ajax&act=nitice_sms_hb_run&site=1&tongcheng_id=122&hongbao_id=5&page=16
[2018-03-27 20:29:49][debug] [sms]hongbao id:5
[2018-03-27 20:29:49][debug] [sms]page:16
[2018-03-27 20:29:49][debug] [sms]client IP:118.89.52.235
[2018-03-27 20:29:49][debug] [sms]start:1522153789
[2018-03-27 20:29:52][debug] [sms]all num:10
[2018-03-27 20:29:52][debug] [sms]run num:10
[2018-03-27 20:29:52][debug] [sms]ok num:9
[2018-03-27 20:29:52][debug] [sms]no num:0
[2018-03-27 20:29:52][debug] [sms]run time:3
[2018-03-27 20:29:52][debug] [sms]end:1522153792
[2018-03-27 20:29:52][debug] [sms]page:https://bbs.aaoyo.cn/plugin.php?id=tom_tchongbao:ajax&act=nitice_sms_hb_run&site=1&tongcheng_id=122&hongbao_id=5&page=17
[2018-03-27 20:29:52][debug] [sms]hongbao id:5
[2018-03-27 20:29:52][debug] [sms]page:17
[2018-03-27 20:29:52][debug] [sms]client IP:118.89.52.235
[2018-03-27 20:29:52][debug] [sms]start:1522153792
[2018-03-27 20:29:55][debug] [sms]all num:10
[2018-03-27 20:29:55][debug] [sms]run num:10
[2018-03-27 20:29:55][debug] [sms]ok num:8
[2018-03-27 20:29:55][debug] [sms]no num:0
[2018-03-27 20:29:55][debug] [sms]run time:3
[2018-03-27 20:29:55][debug] [sms]end:1522153795
[2018-03-27 20:29:55][debug] [sms]page:https://bbs.aaoyo.cn/plugin.php?id=tom_tchongbao:ajax&act=nitice_sms_hb_run&site=1&tongcheng_id=122&hongbao_id=5&page=18
[2018-03-27 20:29:56][debug] [sms]hongbao id:5
[2018-03-27 20:29:56][debug] [sms]page:18
[2018-03-27 20:29:56][debug] [sms]client IP:118.89.52.235
[2018-03-27 20:29:56][debug] [sms]start:1522153796
[2018-03-27 20:29:59][debug] [sms]all num:10
[2018-03-27 20:29:59][debug] [sms]run num:10
[2018-03-27 20:29:59][debug] [sms]ok num:6
[2018-03-27 20:29:59][debug] [sms]no num:0
[2018-03-27 20:29:59][debug] [sms]run time:3
[2018-03-27 20:29:59][debug] [sms]end:1522153799
[2018-03-27 20:29:59][debug] [sms]page:https://bbs.aaoyo.cn/plugin.php?id=tom_tchongbao:ajax&act=nitice_sms_hb_run&site=1&tongcheng_id=122&hongbao_id=5&page=19
[2018-03-27 20:30:00][debug] [sms]hongbao id:5
[2018-03-27 20:30:00][debug] [sms]page:19
[2018-03-27 20:30:00][debug] [sms]client IP:118.89.52.235
[2018-03-27 20:30:00][debug] [sms]start:1522153800
[2018-03-27 20:30:03][debug] [sms]all num:10
[2018-03-27 20:30:03][debug] [sms]run num:10
[2018-03-27 20:30:03][debug] [sms]ok num:6
[2018-03-27 20:30:03][debug] [sms]no num:0
[2018-03-27 20:30:03][debug] [sms]run time:3
[2018-03-27 20:30:03][debug] [sms]end:1522153803
[2018-03-27 20:30:03][debug] [sms]page:https://bbs.aaoyo.cn/plugin.php?id=tom_tchongbao:ajax&act=nitice_sms_hb_run&site=1&tongcheng_id=122&hongbao_id=5&page=20
[2018-03-27 20:30:03][debug] [sms]hongbao id:5
[2018-03-27 20:30:03][debug] [sms]page:20
[2018-03-27 20:30:03][debug] [sms]client IP:118.89.52.235
[2018-03-27 20:30:03][debug] [sms]start:1522153803
[2018-03-27 20:30:05][debug] [sms]all num:10
[2018-03-27 20:30:05][debug] [sms]run num:9
[2018-03-27 20:30:05][debug] [sms]ok num:7
[2018-03-27 20:30:05][debug] [sms]no num:0
[2018-03-27 20:30:05][debug] [sms]run time:2
[2018-03-27 20:30:05][debug] [sms]end:1522153805
[2018-03-27 20:30:05][debug] [sms]page:https://bbs.aaoyo.cn/plugin.php?id=tom_tchongbao:ajax&act=nitice_sms_hb_run&site=1&tongcheng_id=122&hongbao_id=5&page=21
[2018-03-27 20:30:06][debug] [sms]hongbao id:5
[2018-03-27 20:30:06][debug] [sms]page:21
[2018-03-27 20:30:06][debug] [sms]client IP:118.89.52.235
[2018-03-27 20:30:06][debug] [sms]start:1522153806
[2018-03-27 20:30:09][debug] [sms]all num:10
[2018-03-27 20:30:09][debug] [sms]run num:10
[2018-03-27 20:30:09][debug] [sms]ok num:5
[2018-03-27 20:30:09][debug] [sms]no num:0
[2018-03-27 20:30:09][debug] [sms]run time:3
[2018-03-27 20:30:09][debug] [sms]end:1522153809
[2018-03-27 20:30:09][debug] [sms]page:https://bbs.aaoyo.cn/plugin.php?id=tom_tchongbao:ajax&act=nitice_sms_hb_run&site=1&tongcheng_id=122&hongbao_id=5&page=22
[2018-03-27 20:30:09][debug] [sms]hongbao id:5
[2018-03-27 20:30:09][debug] [sms]page:22
[2018-03-27 20:30:09][debug] [sms]client IP:118.89.52.235
[2018-03-27 20:30:09][debug] [sms]start:1522153809
[2018-03-27 20:30:12][debug] [sms]all num:10
[2018-03-27 20:30:12][debug] [sms]run num:10
[2018-03-27 20:30:12][debug] [sms]ok num:5
[2018-03-27 20:30:12][debug] [sms]no num:0
[2018-03-27 20:30:12][debug] [sms]run time:3
[2018-03-27 20:30:12][debug] [sms]end:1522153812
[2018-03-27 20:30:12][debug] [sms]page:https://bbs.aaoyo.cn/plugin.php?id=tom_tchongbao:ajax&act=nitice_sms_hb_run&site=1&tongcheng_id=122&hongbao_id=5&page=23
[2018-03-27 20:30:12][debug] [sms]hongbao id:5
[2018-03-27 20:30:12][debug] [sms]page:23
[2018-03-27 20:30:12][debug] [sms]client IP:118.89.52.235
[2018-03-27 20:30:12][debug] [sms]start:1522153812
[2018-03-27 20:30:12][debug] [sms]all num:0
[2018-03-27 20:30:12][debug] [sms]run num:0
[2018-03-27 20:30:12][debug] [sms]ok num:0
[2018-03-27 20:30:12][debug] [sms]no num:0
[2018-03-27 20:30:12][debug] [sms]run time:0
[2018-03-27 20:30:12][debug] [sms]end:1522153812
[2018-03-27 20:30:12][debug] [sms]over:1522153812
[2018-03-27 21:23:22][debug] [sms]--------------------- new -------------------------
[2018-03-27 21:23:22][debug] [sms]hongbao id:6
[2018-03-27 21:23:22][debug] [sms]page:1
[2018-03-27 21:23:22][debug] [sms]client IP:118.89.52.235
[2018-03-27 21:23:22][debug] [sms]start:1522157002
[2018-03-27 21:23:25][debug] [sms]all num:10
[2018-03-27 21:23:25][debug] [sms]run num:9
[2018-03-27 21:23:25][debug] [sms]ok num:9
[2018-03-27 21:23:25][debug] [sms]no num:0
[2018-03-27 21:23:25][debug] [sms]run time:3
[2018-03-27 21:23:25][debug] [sms]end:1522157005
[2018-03-27 21:23:25][debug] [sms]page:https://bbs.aaoyo.cn/plugin.php?id=tom_tchongbao:ajax&act=nitice_sms_hb_run&site=1&tongcheng_id=125&hongbao_id=6&page=2
[2018-03-27 21:23:25][debug] [sms]hongbao id:6
[2018-03-27 21:23:25][debug] [sms]page:2
[2018-03-27 21:23:25][debug] [sms]client IP:118.89.52.235
[2018-03-27 21:23:25][debug] [sms]start:1522157005
[2018-03-27 21:23:28][debug] [sms]all num:10
[2018-03-27 21:23:28][debug] [sms]run num:10
[2018-03-27 21:23:28][debug] [sms]ok num:9
[2018-03-27 21:23:28][debug] [sms]no num:0
[2018-03-27 21:23:28][debug] [sms]run time:3
[2018-03-27 21:23:28][debug] [sms]end:1522157008
[2018-03-27 21:23:28][debug] [sms]page:https://bbs.aaoyo.cn/plugin.php?id=tom_tchongbao:ajax&act=nitice_sms_hb_run&site=1&tongcheng_id=125&hongbao_id=6&page=3
[2018-03-27 21:23:28][debug] [sms]hongbao id:6
[2018-03-27 21:23:28][debug] [sms]page:3
[2018-03-27 21:23:28][debug] [sms]client IP:118.89.52.235
[2018-03-27 21:23:28][debug] [sms]start:1522157008
[2018-03-27 21:23:32][debug] [sms]all num:10
[2018-03-27 21:23:32][debug] [sms]run num:10
[2018-03-27 21:23:32][debug] [sms]ok num:9
[2018-03-27 21:23:32][debug] [sms]no num:0
[2018-03-27 21:23:32][debug] [sms]run time:4
[2018-03-27 21:23:32][debug] [sms]end:1522157012
[2018-03-27 21:23:32][debug] [sms]page:https://bbs.aaoyo.cn/plugin.php?id=tom_tchongbao:ajax&act=nitice_sms_hb_run&site=1&tongcheng_id=125&hongbao_id=6&page=4
[2018-03-27 21:23:32][debug] [sms]hongbao id:6
[2018-03-27 21:23:32][debug] [sms]page:4
[2018-03-27 21:23:32][debug] [sms]client IP:118.89.52.235
[2018-03-27 21:23:32][debug] [sms]start:1522157012
[2018-03-27 21:23:35][debug] [sms]all num:10
[2018-03-27 21:23:35][debug] [sms]run num:10
[2018-03-27 21:23:35][debug] [sms]ok num:10
[2018-03-27 21:23:35][debug] [sms]no num:0
[2018-03-27 21:23:35][debug] [sms]run time:3
[2018-03-27 21:23:35][debug] [sms]end:1522157015
[2018-03-27 21:23:35][debug] [sms]page:https://bbs.aaoyo.cn/plugin.php?id=tom_tchongbao:ajax&act=nitice_sms_hb_run&site=1&tongcheng_id=125&hongbao_id=6&page=5
[2018-03-27 21:23:35][debug] [sms]hongbao id:6
[2018-03-27 21:23:35][debug] [sms]page:5
[2018-03-27 21:23:35][debug] [sms]client IP:118.89.52.235
[2018-03-27 21:23:35][debug] [sms]start:1522157015
[2018-03-27 21:23:38][debug] [sms]all num:10
[2018-03-27 21:23:38][debug] [sms]run num:10
[2018-03-27 21:23:38][debug] [sms]ok num:10
[2018-03-27 21:23:38][debug] [sms]no num:0
[2018-03-27 21:23:38][debug] [sms]run time:3
[2018-03-27 21:23:38][debug] [sms]end:1522157018
[2018-03-27 21:23:38][debug] [sms]page:https://bbs.aaoyo.cn/plugin.php?id=tom_tchongbao:ajax&act=nitice_sms_hb_run&site=1&tongcheng_id=125&hongbao_id=6&page=6
[2018-03-27 21:23:38][debug] [sms]hongbao id:6
[2018-03-27 21:23:38][debug] [sms]page:6
[2018-03-27 21:23:38][debug] [sms]client IP:118.89.52.235
[2018-03-27 21:23:38][debug] [sms]start:1522157018
[2018-03-27 21:23:41][debug] [sms]all num:10
[2018-03-27 21:23:41][debug] [sms]run num:10
[2018-03-27 21:23:41][debug] [sms]ok num:10
[2018-03-27 21:23:41][debug] [sms]no num:0
[2018-03-27 21:23:41][debug] [sms]run time:3
[2018-03-27 21:23:41][debug] [sms]end:1522157021
[2018-03-27 21:23:41][debug] [sms]page:https://bbs.aaoyo.cn/plugin.php?id=tom_tchongbao:ajax&act=nitice_sms_hb_run&site=1&tongcheng_id=125&hongbao_id=6&page=7
[2018-03-27 21:23:42][debug] [sms]hongbao id:6
[2018-03-27 21:23:42][debug] [sms]page:7
[2018-03-27 21:23:42][debug] [sms]client IP:118.89.52.235
[2018-03-27 21:23:42][debug] [sms]start:1522157022
[2018-03-27 21:23:45][debug] [sms]all num:10
[2018-03-27 21:23:45][debug] [sms]run num:10
[2018-03-27 21:23:45][debug] [sms]ok num:9
[2018-03-27 21:23:45][debug] [sms]no num:1
[2018-03-27 21:23:45][debug] [sms]run time:3
[2018-03-27 21:23:45][debug] [sms]end:1522157025
[2018-03-27 21:23:45][debug] [sms]page:https://bbs.aaoyo.cn/plugin.php?id=tom_tchongbao:ajax&act=nitice_sms_hb_run&site=1&tongcheng_id=125&hongbao_id=6&page=8
[2018-03-27 21:23:45][debug] [sms]hongbao id:6
[2018-03-27 21:23:45][debug] [sms]page:8
[2018-03-27 21:23:45][debug] [sms]client IP:118.89.52.235
[2018-03-27 21:23:45][debug] [sms]start:1522157025
[2018-03-27 21:23:49][debug] [sms]all num:10
[2018-03-27 21:23:49][debug] [sms]run num:10
[2018-03-27 21:23:49][debug] [sms]ok num:10
[2018-03-27 21:23:49][debug] [sms]no num:0
[2018-03-27 21:23:49][debug] [sms]run time:4
[2018-03-27 21:23:49][debug] [sms]end:1522157029
[2018-03-27 21:23:49][debug] [sms]page:https://bbs.aaoyo.cn/plugin.php?id=tom_tchongbao:ajax&act=nitice_sms_hb_run&site=1&tongcheng_id=125&hongbao_id=6&page=9
[2018-03-27 21:23:49][debug] [sms]hongbao id:6
[2018-03-27 21:23:49][debug] [sms]page:9
[2018-03-27 21:23:49][debug] [sms]client IP:118.89.52.235
[2018-03-27 21:23:49][debug] [sms]start:1522157029
[2018-03-27 21:23:51][debug] [sms]all num:10
[2018-03-27 21:23:51][debug] [sms]run num:10
[2018-03-27 21:23:51][debug] [sms]ok num:4
[2018-03-27 21:23:51][debug] [sms]no num:0
[2018-03-27 21:23:51][debug] [sms]run time:2
[2018-03-27 21:23:51][debug] [sms]end:1522157031
[2018-03-27 21:23:51][debug] [sms]page:https://bbs.aaoyo.cn/plugin.php?id=tom_tchongbao:ajax&act=nitice_sms_hb_run&site=1&tongcheng_id=125&hongbao_id=6&page=10
[2018-03-27 21:23:52][debug] [sms]hongbao id:6
[2018-03-27 21:23:52][debug] [sms]page:10
[2018-03-27 21:23:52][debug] [sms]client IP:118.89.52.235
[2018-03-27 21:23:52][debug] [sms]start:1522157032
[2018-03-27 21:23:55][debug] [sms]all num:10
[2018-03-27 21:23:55][debug] [sms]run num:10
[2018-03-27 21:23:55][debug] [sms]ok num:6
[2018-03-27 21:23:55][debug] [sms]no num:0
[2018-03-27 21:23:55][debug] [sms]run time:3
[2018-03-27 21:23:55][debug] [sms]end:1522157035
[2018-03-27 21:23:55][debug] [sms]page:https://bbs.aaoyo.cn/plugin.php?id=tom_tchongbao:ajax&act=nitice_sms_hb_run&site=1&tongcheng_id=125&hongbao_id=6&page=11
[2018-03-27 21:23:56][debug] [sms]hongbao id:6
[2018-03-27 21:23:56][debug] [sms]page:11
[2018-03-27 21:23:56][debug] [sms]client IP:118.89.52.235
[2018-03-27 21:23:56][debug] [sms]start:1522157036
[2018-03-27 21:23:59][debug] [sms]all num:10
[2018-03-27 21:23:59][debug] [sms]run num:10
[2018-03-27 21:23:59][debug] [sms]ok num:6
[2018-03-27 21:23:59][debug] [sms]no num:0
[2018-03-27 21:23:59][debug] [sms]run time:3
[2018-03-27 21:23:59][debug] [sms]end:1522157039
[2018-03-27 21:23:59][debug] [sms]page:https://bbs.aaoyo.cn/plugin.php?id=tom_tchongbao:ajax&act=nitice_sms_hb_run&site=1&tongcheng_id=125&hongbao_id=6&page=12
[2018-03-27 21:23:59][debug] [sms]hongbao id:6
[2018-03-27 21:23:59][debug] [sms]page:12
[2018-03-27 21:23:59][debug] [sms]client IP:118.89.52.235
[2018-03-27 21:23:59][debug] [sms]start:1522157039
[2018-03-27 21:24:02][debug] [sms]all num:10
[2018-03-27 21:24:02][debug] [sms]run num:10
[2018-03-27 21:24:02][debug] [sms]ok num:8
[2018-03-27 21:24:02][debug] [sms]no num:0
[2018-03-27 21:24:02][debug] [sms]run time:3
[2018-03-27 21:24:02][debug] [sms]end:1522157042
[2018-03-27 21:24:02][debug] [sms]page:https://bbs.aaoyo.cn/plugin.php?id=tom_tchongbao:ajax&act=nitice_sms_hb_run&site=1&tongcheng_id=125&hongbao_id=6&page=13
[2018-03-27 21:24:02][debug] [sms]hongbao id:6
[2018-03-27 21:24:02][debug] [sms]page:13
[2018-03-27 21:24:02][debug] [sms]client IP:118.89.52.235
[2018-03-27 21:24:02][debug] [sms]start:1522157042
[2018-03-27 21:24:06][debug] [sms]all num:10
[2018-03-27 21:24:06][debug] [sms]run num:10
[2018-03-27 21:24:06][debug] [sms]ok num:8
[2018-03-27 21:24:06][debug] [sms]no num:0
[2018-03-27 21:24:06][debug] [sms]run time:4
[2018-03-27 21:24:06][debug] [sms]end:1522157046
[2018-03-27 21:24:06][debug] [sms]page:https://bbs.aaoyo.cn/plugin.php?id=tom_tchongbao:ajax&act=nitice_sms_hb_run&site=1&tongcheng_id=125&hongbao_id=6&page=14
[2018-03-27 21:24:07][debug] [sms]hongbao id:6
[2018-03-27 21:24:07][debug] [sms]page:14
[2018-03-27 21:24:07][debug] [sms]client IP:118.89.52.235
[2018-03-27 21:24:07][debug] [sms]start:1522157047
[2018-03-27 21:24:10][debug] [sms]all num:10
[2018-03-27 21:24:10][debug] [sms]run num:10
[2018-03-27 21:24:10][debug] [sms]ok num:9
[2018-03-27 21:24:10][debug] [sms]no num:0
[2018-03-27 21:24:10][debug] [sms]run time:3
[2018-03-27 21:24:10][debug] [sms]end:1522157050
[2018-03-27 21:24:10][debug] [sms]page:https://bbs.aaoyo.cn/plugin.php?id=tom_tchongbao:ajax&act=nitice_sms_hb_run&site=1&tongcheng_id=125&hongbao_id=6&page=15
[2018-03-27 21:24:10][debug] [sms]hongbao id:6
[2018-03-27 21:24:10][debug] [sms]page:15
[2018-03-27 21:24:10][debug] [sms]client IP:118.89.52.235
[2018-03-27 21:24:10][debug] [sms]start:1522157050
[2018-03-27 21:24:14][debug] [sms]all num:10
[2018-03-27 21:24:14][debug] [sms]run num:10
[2018-03-27 21:24:14][debug] [sms]ok num:6
[2018-03-27 21:24:14][debug] [sms]no num:0
[2018-03-27 21:24:14][debug] [sms]run time:4
[2018-03-27 21:24:14][debug] [sms]end:1522157054
[2018-03-27 21:24:14][debug] [sms]page:https://bbs.aaoyo.cn/plugin.php?id=tom_tchongbao:ajax&act=nitice_sms_hb_run&site=1&tongcheng_id=125&hongbao_id=6&page=16
[2018-03-27 21:24:14][debug] [sms]hongbao id:6
[2018-03-27 21:24:14][debug] [sms]page:16
[2018-03-27 21:24:14][debug] [sms]client IP:118.89.52.235
[2018-03-27 21:24:14][debug] [sms]start:1522157054
[2018-03-27 21:24:18][debug] [sms]all num:10
[2018-03-27 21:24:18][debug] [sms]run num:10
[2018-03-27 21:24:18][debug] [sms]ok num:6
[2018-03-27 21:24:18][debug] [sms]no num:0
[2018-03-27 21:24:18][debug] [sms]run time:4
[2018-03-27 21:24:18][debug] [sms]end:1522157058
[2018-03-27 21:24:18][debug] [sms]page:https://bbs.aaoyo.cn/plugin.php?id=tom_tchongbao:ajax&act=nitice_sms_hb_run&site=1&tongcheng_id=125&hongbao_id=6&page=17
[2018-03-27 21:24:18][debug] [sms]hongbao id:6
[2018-03-27 21:24:18][debug] [sms]page:17
[2018-03-27 21:24:18][debug] [sms]client IP:118.89.52.235
[2018-03-27 21:24:18][debug] [sms]start:1522157058
[2018-03-27 21:24:21][debug] [sms]all num:10
[2018-03-27 21:24:21][debug] [sms]run num:10
[2018-03-27 21:24:21][debug] [sms]ok num:9
[2018-03-27 21:24:21][debug] [sms]no num:0
[2018-03-27 21:24:21][debug] [sms]run time:3
[2018-03-27 21:24:21][debug] [sms]end:1522157061
[2018-03-27 21:24:21][debug] [sms]page:https://bbs.aaoyo.cn/plugin.php?id=tom_tchongbao:ajax&act=nitice_sms_hb_run&site=1&tongcheng_id=125&hongbao_id=6&page=18
[2018-03-27 21:24:22][debug] [sms]hongbao id:6
[2018-03-27 21:24:22][debug] [sms]page:18
[2018-03-27 21:24:22][debug] [sms]client IP:118.89.52.235
[2018-03-27 21:24:22][debug] [sms]start:1522157062
[2018-03-27 21:24:25][debug] [sms]all num:10
[2018-03-27 21:24:25][debug] [sms]run num:10
[2018-03-27 21:24:25][debug] [sms]ok num:8
[2018-03-27 21:24:25][debug] [sms]no num:0
[2018-03-27 21:24:25][debug] [sms]run time:3
[2018-03-27 21:24:25][debug] [sms]end:1522157065
[2018-03-27 21:24:25][debug] [sms]page:https://bbs.aaoyo.cn/plugin.php?id=tom_tchongbao:ajax&act=nitice_sms_hb_run&site=1&tongcheng_id=125&hongbao_id=6&page=19
[2018-03-27 21:24:25][debug] [sms]hongbao id:6
[2018-03-27 21:24:25][debug] [sms]page:19
[2018-03-27 21:24:25][debug] [sms]client IP:118.89.52.235
[2018-03-27 21:24:25][debug] [sms]start:1522157065
[2018-03-27 21:24:29][debug] [sms]all num:10
[2018-03-27 21:24:29][debug] [sms]run num:10
[2018-03-27 21:24:29][debug] [sms]ok num:4
[2018-03-27 21:24:29][debug] [sms]no num:0
[2018-03-27 21:24:29][debug] [sms]run time:4
[2018-03-27 21:24:29][debug] [sms]end:1522157069
[2018-03-27 21:24:29][debug] [sms]page:https://bbs.aaoyo.cn/plugin.php?id=tom_tchongbao:ajax&act=nitice_sms_hb_run&site=1&tongcheng_id=125&hongbao_id=6&page=20
[2018-03-27 21:24:29][debug] [sms]hongbao id:6
[2018-03-27 21:24:29][debug] [sms]page:20
[2018-03-27 21:24:29][debug] [sms]client IP:118.89.52.235
[2018-03-27 21:24:29][debug] [sms]start:1522157069
[2018-03-27 21:24:32][debug] [sms]all num:10
[2018-03-27 21:24:32][debug] [sms]run num:9
[2018-03-27 21:24:32][debug] [sms]ok num:7
[2018-03-27 21:24:32][debug] [sms]no num:0
[2018-03-27 21:24:32][debug] [sms]run time:3
[2018-03-27 21:24:32][debug] [sms]end:1522157072
[2018-03-27 21:24:32][debug] [sms]page:https://bbs.aaoyo.cn/plugin.php?id=tom_tchongbao:ajax&act=nitice_sms_hb_run&site=1&tongcheng_id=125&hongbao_id=6&page=21
[2018-03-27 21:24:32][debug] [sms]hongbao id:6
[2018-03-27 21:24:32][debug] [sms]page:21
[2018-03-27 21:24:32][debug] [sms]client IP:118.89.52.235
[2018-03-27 21:24:32][debug] [sms]start:1522157072
[2018-03-27 21:24:36][debug] [sms]all num:10
[2018-03-27 21:24:36][debug] [sms]run num:10
[2018-03-27 21:24:36][debug] [sms]ok num:6
[2018-03-27 21:24:36][debug] [sms]no num:0
[2018-03-27 21:24:36][debug] [sms]run time:4
[2018-03-27 21:24:36][debug] [sms]end:1522157076
[2018-03-27 21:24:36][debug] [sms]page:https://bbs.aaoyo.cn/plugin.php?id=tom_tchongbao:ajax&act=nitice_sms_hb_run&site=1&tongcheng_id=125&hongbao_id=6&page=22
[2018-03-27 21:24:37][debug] [sms]hongbao id:6
[2018-03-27 21:24:37][debug] [sms]page:22
[2018-03-27 21:24:37][debug] [sms]client IP:118.89.52.235
[2018-03-27 21:24:37][debug] [sms]start:1522157077
[2018-03-27 21:24:40][debug] [sms]all num:10
[2018-03-27 21:24:40][debug] [sms]run num:10
[2018-03-27 21:24:40][debug] [sms]ok num:4
[2018-03-27 21:24:40][debug] [sms]no num:0
[2018-03-27 21:24:40][debug] [sms]run time:3
[2018-03-27 21:24:40][debug] [sms]end:1522157080
[2018-03-27 21:24:40][debug] [sms]page:https://bbs.aaoyo.cn/plugin.php?id=tom_tchongbao:ajax&act=nitice_sms_hb_run&site=1&tongcheng_id=125&hongbao_id=6&page=23
[2018-03-27 21:24:41][debug] [sms]hongbao id:6
[2018-03-27 21:24:41][debug] [sms]page:23
[2018-03-27 21:24:41][debug] [sms]client IP:118.89.52.235
[2018-03-27 21:24:41][debug] [sms]start:1522157081
[2018-03-27 21:24:41][debug] [sms]all num:2
[2018-03-27 21:24:41][debug] [sms]run num:2
[2018-03-27 21:24:41][debug] [sms]ok num:1
[2018-03-27 21:24:41][debug] [sms]no num:0
[2018-03-27 21:24:41][debug] [sms]run time:0
[2018-03-27 21:24:41][debug] [sms]end:1522157081
[2018-03-27 21:24:41][debug] [sms]page:https://bbs.aaoyo.cn/plugin.php?id=tom_tchongbao:ajax&act=nitice_sms_hb_run&site=1&tongcheng_id=125&hongbao_id=6&page=24
[2018-03-27 21:24:42][debug] [sms]hongbao id:6
[2018-03-27 21:24:42][debug] [sms]page:24
[2018-03-27 21:24:42][debug] [sms]client IP:118.89.52.235
[2018-03-27 21:24:42][debug] [sms]start:1522157082
[2018-03-27 21:24:42][debug] [sms]all num:0
[2018-03-27 21:24:42][debug] [sms]run num:0
[2018-03-27 21:24:42][debug] [sms]ok num:0
[2018-03-27 21:24:42][debug] [sms]no num:0
[2018-03-27 21:24:42][debug] [sms]run time:0
[2018-03-27 21:24:42][debug] [sms]end:1522157082
[2018-03-27 21:24:42][debug] [sms]over:1522157082
