[2018-04-01 00:28:50][debug] [sms]--------------------- new -------------------------
[2018-04-01 00:28:50][debug] [sms]hongbao id:11
[2018-04-01 00:28:50][debug] [sms]page:1
[2018-04-01 00:28:50][debug] [sms]client IP:117.136.38.80
[2018-04-01 00:28:50][debug] [sms]start:1522513730
[2018-04-01 00:28:50][debug] [sms]error:203
[2018-04-01 00:28:53][debug] [sms]all num:10
[2018-04-01 00:28:53][debug] [sms]run num:9
[2018-04-01 00:28:53][debug] [sms]ok num:8
[2018-04-01 00:28:53][debug] [sms]no num:0
[2018-04-01 00:28:53][debug] [sms]run time:3
[2018-04-01 00:28:53][debug] [sms]end:1522513733
[2018-04-01 00:28:53][debug] [sms]page:https://bbs.aaoyo.cn/plugin.php?id=tom_tchongbao:ajax&act=nitice_sms_hb_run&site=1&tongcheng_id=147&hongbao_id=11&page=2
[2018-04-01 00:28:54][debug] [sms]hongbao id:11
[2018-04-01 00:28:54][debug] [sms]page:2
[2018-04-01 00:28:54][debug] [sms]client IP:118.89.52.235
[2018-04-01 00:28:54][debug] [sms]start:1522513734
[2018-04-01 00:28:56][debug] [sms]all num:10
[2018-04-01 00:28:56][debug] [sms]run num:9
[2018-04-01 00:28:56][debug] [sms]ok num:7
[2018-04-01 00:28:56][debug] [sms]no num:0
[2018-04-01 00:28:56][debug] [sms]run time:2
[2018-04-01 00:28:56][debug] [sms]end:1522513736
[2018-04-01 00:28:56][debug] [sms]page:https://bbs.aaoyo.cn/plugin.php?id=tom_tchongbao:ajax&act=nitice_sms_hb_run&site=1&tongcheng_id=147&hongbao_id=11&page=3
[2018-04-01 00:28:56][debug] [sms]hongbao id:11
[2018-04-01 00:28:56][debug] [sms]page:3
[2018-04-01 00:28:56][debug] [sms]client IP:118.89.52.235
[2018-04-01 00:28:56][debug] [sms]start:1522513736
[2018-04-01 00:28:59][debug] [sms]all num:10
[2018-04-01 00:28:59][debug] [sms]run num:10
[2018-04-01 00:28:59][debug] [sms]ok num:10
[2018-04-01 00:28:59][debug] [sms]no num:0
[2018-04-01 00:28:59][debug] [sms]run time:3
[2018-04-01 00:28:59][debug] [sms]end:1522513739
[2018-04-01 00:28:59][debug] [sms]page:https://bbs.aaoyo.cn/plugin.php?id=tom_tchongbao:ajax&act=nitice_sms_hb_run&site=1&tongcheng_id=147&hongbao_id=11&page=4
[2018-04-01 00:28:59][debug] [sms]hongbao id:11
[2018-04-01 00:28:59][debug] [sms]page:4
[2018-04-01 00:28:59][debug] [sms]client IP:118.89.52.235
[2018-04-01 00:28:59][debug] [sms]start:1522513739
[2018-04-01 00:29:02][debug] [sms]all num:10
[2018-04-01 00:29:02][debug] [sms]run num:10
[2018-04-01 00:29:02][debug] [sms]ok num:10
[2018-04-01 00:29:02][debug] [sms]no num:0
[2018-04-01 00:29:02][debug] [sms]run time:3
[2018-04-01 00:29:02][debug] [sms]end:1522513742
[2018-04-01 00:29:02][debug] [sms]page:https://bbs.aaoyo.cn/plugin.php?id=tom_tchongbao:ajax&act=nitice_sms_hb_run&site=1&tongcheng_id=147&hongbao_id=11&page=5
[2018-04-01 00:29:02][debug] [sms]hongbao id:11
[2018-04-01 00:29:02][debug] [sms]page:5
[2018-04-01 00:29:02][debug] [sms]client IP:118.89.52.235
[2018-04-01 00:29:02][debug] [sms]start:1522513742
[2018-04-01 00:29:05][debug] [sms]all num:10
[2018-04-01 00:29:05][debug] [sms]run num:10
[2018-04-01 00:29:05][debug] [sms]ok num:10
[2018-04-01 00:29:05][debug] [sms]no num:0
[2018-04-01 00:29:05][debug] [sms]run time:3
[2018-04-01 00:29:05][debug] [sms]end:1522513745
[2018-04-01 00:29:05][debug] [sms]page:https://bbs.aaoyo.cn/plugin.php?id=tom_tchongbao:ajax&act=nitice_sms_hb_run&site=1&tongcheng_id=147&hongbao_id=11&page=6
[2018-04-01 00:29:05][debug] [sms]--------------------- new -------------------------
[2018-04-01 00:29:05][debug] [sms]hongbao id:12
[2018-04-01 00:29:05][debug] [sms]page:1
[2018-04-01 00:29:05][debug] [sms]client IP:117.136.38.80
[2018-04-01 00:29:05][debug] [sms]start:1522513745
[2018-04-01 00:29:06][debug] [sms]hongbao id:11
[2018-04-01 00:29:06][debug] [sms]page:6
[2018-04-01 00:29:06][debug] [sms]client IP:118.89.52.235
[2018-04-01 00:29:06][debug] [sms]start:1522513746
[2018-04-01 00:29:08][debug] [sms]all num:10
[2018-04-01 00:29:08][debug] [sms]run num:9
[2018-04-01 00:29:08][debug] [sms]ok num:8
[2018-04-01 00:29:08][debug] [sms]no num:0
[2018-04-01 00:29:08][debug] [sms]run time:3
[2018-04-01 00:29:08][debug] [sms]end:1522513748
[2018-04-01 00:29:08][debug] [sms]page:https://bbs.aaoyo.cn/plugin.php?id=tom_tchongbao:ajax&act=nitice_sms_tcshop_hb_run&site=1&tcshop_id=60&hongbao_id=12&page=2
[2018-04-01 00:29:08][debug] [sms]hongbao id:12
[2018-04-01 00:29:08][debug] [sms]page:2
[2018-04-01 00:29:08][debug] [sms]client IP:118.89.52.235
[2018-04-01 00:29:08][debug] [sms]start:1522513748
[2018-04-01 00:29:08][debug] [sms]all num:10
[2018-04-01 00:29:08][debug] [sms]run num:9
[2018-04-01 00:29:08][debug] [sms]ok num:9
[2018-04-01 00:29:08][debug] [sms]no num:0
[2018-04-01 00:29:08][debug] [sms]run time:2
[2018-04-01 00:29:08][debug] [sms]end:1522513748
[2018-04-01 00:29:08][debug] [sms]page:https://bbs.aaoyo.cn/plugin.php?id=tom_tchongbao:ajax&act=nitice_sms_hb_run&site=1&tongcheng_id=147&hongbao_id=11&page=7
[2018-04-01 00:29:09][debug] [sms]hongbao id:11
[2018-04-01 00:29:09][debug] [sms]page:7
[2018-04-01 00:29:09][debug] [sms]client IP:118.89.52.235
[2018-04-01 00:29:09][debug] [sms]start:1522513749
[2018-04-01 00:29:11][debug] [sms]all num:10
[2018-04-01 00:29:11][debug] [sms]run num:9
[2018-04-01 00:29:11][debug] [sms]ok num:7
[2018-04-01 00:29:11][debug] [sms]no num:0
[2018-04-01 00:29:11][debug] [sms]run time:3
[2018-04-01 00:29:11][debug] [sms]end:1522513751
[2018-04-01 00:29:11][debug] [sms]page:https://bbs.aaoyo.cn/plugin.php?id=tom_tchongbao:ajax&act=nitice_sms_tcshop_hb_run&site=1&tcshop_id=60&hongbao_id=12&page=3
[2018-04-01 00:29:11][debug] [sms]hongbao id:12
[2018-04-01 00:29:11][debug] [sms]page:3
[2018-04-01 00:29:11][debug] [sms]client IP:118.89.52.235
[2018-04-01 00:29:11][debug] [sms]start:1522513751
[2018-04-01 00:29:11][debug] [sms]all num:10
[2018-04-01 00:29:11][debug] [sms]run num:9
[2018-04-01 00:29:11][debug] [sms]ok num:8
[2018-04-01 00:29:11][debug] [sms]no num:0
[2018-04-01 00:29:11][debug] [sms]run time:2
[2018-04-01 00:29:11][debug] [sms]end:1522513751
[2018-04-01 00:29:11][debug] [sms]page:https://bbs.aaoyo.cn/plugin.php?id=tom_tchongbao:ajax&act=nitice_sms_hb_run&site=1&tongcheng_id=147&hongbao_id=11&page=8
[2018-04-01 00:29:11][debug] [sms]hongbao id:11
[2018-04-01 00:29:11][debug] [sms]page:8
[2018-04-01 00:29:11][debug] [sms]client IP:118.89.52.235
[2018-04-01 00:29:11][debug] [sms]start:1522513751
[2018-04-01 00:29:14][debug] [sms]all num:10
[2018-04-01 00:29:14][debug] [sms]run num:10
[2018-04-01 00:29:14][debug] [sms]ok num:10
[2018-04-01 00:29:14][debug] [sms]no num:0
[2018-04-01 00:29:14][debug] [sms]run time:3
[2018-04-01 00:29:14][debug] [sms]end:1522513754
[2018-04-01 00:29:14][debug] [sms]page:https://bbs.aaoyo.cn/plugin.php?id=tom_tchongbao:ajax&act=nitice_sms_tcshop_hb_run&site=1&tcshop_id=60&hongbao_id=12&page=4
[2018-04-01 00:29:14][debug] [sms]hongbao id:12
[2018-04-01 00:29:14][debug] [sms]page:4
[2018-04-01 00:29:14][debug] [sms]client IP:118.89.52.235
[2018-04-01 00:29:14][debug] [sms]start:1522513754
[2018-04-01 00:29:14][debug] [sms]all num:10
[2018-04-01 00:29:14][debug] [sms]run num:10
[2018-04-01 00:29:14][debug] [sms]ok num:8
[2018-04-01 00:29:14][debug] [sms]no num:0
[2018-04-01 00:29:14][debug] [sms]run time:3
[2018-04-01 00:29:14][debug] [sms]end:1522513754
[2018-04-01 00:29:14][debug] [sms]page:https://bbs.aaoyo.cn/plugin.php?id=tom_tchongbao:ajax&act=nitice_sms_hb_run&site=1&tongcheng_id=147&hongbao_id=11&page=9
[2018-04-01 00:29:15][debug] [sms]hongbao id:11
[2018-04-01 00:29:15][debug] [sms]page:9
[2018-04-01 00:29:15][debug] [sms]client IP:118.89.52.235
[2018-04-01 00:29:15][debug] [sms]start:1522513755
[2018-04-01 00:29:17][debug] [sms]all num:10
[2018-04-01 00:29:18][debug] [sms]run num:10
[2018-04-01 00:29:18][debug] [sms]ok num:10
[2018-04-01 00:29:18][debug] [sms]no num:0
[2018-04-01 00:29:18][debug] [sms]run time:3
[2018-04-01 00:29:18][debug] [sms]end:1522513758
[2018-04-01 00:29:18][debug] [sms]page:https://bbs.aaoyo.cn/plugin.php?id=tom_tchongbao:ajax&act=nitice_sms_tcshop_hb_run&site=1&tcshop_id=60&hongbao_id=12&page=5
[2018-04-01 00:29:17][debug] [sms]all num:10
[2018-04-01 00:29:18][debug] [sms]run num:9
[2018-04-01 00:29:18][debug] [sms]ok num:8
[2018-04-01 00:29:18][debug] [sms]no num:0
[2018-04-01 00:29:18][debug] [sms]run time:2
[2018-04-01 00:29:18][debug] [sms]end:1522513758
[2018-04-01 00:29:18][debug] [sms]page:https://bbs.aaoyo.cn/plugin.php?id=tom_tchongbao:ajax&act=nitice_sms_hb_run&site=1&tongcheng_id=147&hongbao_id=11&page=10
[2018-04-01 00:29:18][debug] [sms]hongbao id:11
[2018-04-01 00:29:18][debug] [sms]page:10
[2018-04-01 00:29:18][debug] [sms]client IP:118.89.52.235
[2018-04-01 00:29:18][debug] [sms]start:1522513758
[2018-04-01 00:29:18][debug] [sms]hongbao id:12
[2018-04-01 00:29:18][debug] [sms]page:5
[2018-04-01 00:29:18][debug] [sms]client IP:118.89.52.235
[2018-04-01 00:29:18][debug] [sms]start:1522513758
[2018-04-01 00:29:21][debug] [sms]all num:10
[2018-04-01 00:29:21][debug] [sms]run num:10
[2018-04-01 00:29:21][debug] [sms]ok num:10
[2018-04-01 00:29:21][debug] [sms]no num:0
[2018-04-01 00:29:21][debug] [sms]run time:3
[2018-04-01 00:29:21][debug] [sms]end:1522513761
[2018-04-01 00:29:21][debug] [sms]page:https://bbs.aaoyo.cn/plugin.php?id=tom_tchongbao:ajax&act=nitice_sms_hb_run&site=1&tongcheng_id=147&hongbao_id=11&page=11
[2018-04-01 00:29:21][debug] [sms]all num:10
[2018-04-01 00:29:21][debug] [sms]run num:10
[2018-04-01 00:29:21][debug] [sms]ok num:10
[2018-04-01 00:29:21][debug] [sms]no num:0
[2018-04-01 00:29:21][debug] [sms]run time:3
[2018-04-01 00:29:21][debug] [sms]end:1522513761
[2018-04-01 00:29:21][debug] [sms]page:https://bbs.aaoyo.cn/plugin.php?id=tom_tchongbao:ajax&act=nitice_sms_tcshop_hb_run&site=1&tcshop_id=60&hongbao_id=12&page=6
[2018-04-01 00:29:21][debug] [sms]hongbao id:11
[2018-04-01 00:29:21][debug] [sms]page:11
[2018-04-01 00:29:21][debug] [sms]client IP:118.89.52.235
[2018-04-01 00:29:21][debug] [sms]start:1522513761
[2018-04-01 00:29:21][debug] [sms]hongbao id:12
[2018-04-01 00:29:21][debug] [sms]page:6
[2018-04-01 00:29:21][debug] [sms]client IP:118.89.52.235
[2018-04-01 00:29:21][debug] [sms]start:1522513761
[2018-04-01 00:29:24][debug] [sms]all num:10
[2018-04-01 00:29:24][debug] [sms]run num:9
[2018-04-01 00:29:24][debug] [sms]ok num:9
[2018-04-01 00:29:24][debug] [sms]no num:0
[2018-04-01 00:29:24][debug] [sms]run time:3
[2018-04-01 00:29:24][debug] [sms]end:1522513764
[2018-04-01 00:29:24][debug] [sms]page:https://bbs.aaoyo.cn/plugin.php?id=tom_tchongbao:ajax&act=nitice_sms_tcshop_hb_run&site=1&tcshop_id=60&hongbao_id=12&page=7
[2018-04-01 00:29:24][debug] [sms]all num:10
[2018-04-01 00:29:24][debug] [sms]run num:10
[2018-04-01 00:29:24][debug] [sms]ok num:9
[2018-04-01 00:29:24][debug] [sms]no num:0
[2018-04-01 00:29:24][debug] [sms]run time:3
[2018-04-01 00:29:24][debug] [sms]end:1522513764
[2018-04-01 00:29:24][debug] [sms]page:https://bbs.aaoyo.cn/plugin.php?id=tom_tchongbao:ajax&act=nitice_sms_hb_run&site=1&tongcheng_id=147&hongbao_id=11&page=12
[2018-04-01 00:29:25][debug] [sms]hongbao id:12
[2018-04-01 00:29:25][debug] [sms]page:7
[2018-04-01 00:29:25][debug] [sms]client IP:118.89.52.235
[2018-04-01 00:29:25][debug] [sms]start:1522513765
[2018-04-01 00:29:25][debug] [sms]hongbao id:11
[2018-04-01 00:29:25][debug] [sms]page:12
[2018-04-01 00:29:25][debug] [sms]client IP:118.89.52.235
[2018-04-01 00:29:25][debug] [sms]start:1522513765
[2018-04-01 00:29:27][debug] [sms]all num:10
[2018-04-01 00:29:27][debug] [sms]run num:9
[2018-04-01 00:29:27][debug] [sms]ok num:8
[2018-04-01 00:29:27][debug] [sms]no num:0
[2018-04-01 00:29:27][debug] [sms]run time:2
[2018-04-01 00:29:27][debug] [sms]end:1522513767
[2018-04-01 00:29:27][debug] [sms]page:https://bbs.aaoyo.cn/plugin.php?id=tom_tchongbao:ajax&act=nitice_sms_tcshop_hb_run&site=1&tcshop_id=60&hongbao_id=12&page=8
[2018-04-01 00:29:28][debug] [sms]hongbao id:12
[2018-04-01 00:29:28][debug] [sms]page:8
[2018-04-01 00:29:28][debug] [sms]client IP:118.89.52.235
[2018-04-01 00:29:28][debug] [sms]start:1522513768
[2018-04-01 00:29:28][debug] [sms]all num:10
[2018-04-01 00:29:28][debug] [sms]run num:10
[2018-04-01 00:29:28][debug] [sms]ok num:9
[2018-04-01 00:29:28][debug] [sms]no num:0
[2018-04-01 00:29:28][debug] [sms]run time:3
[2018-04-01 00:29:28][debug] [sms]end:1522513768
[2018-04-01 00:29:28][debug] [sms]page:https://bbs.aaoyo.cn/plugin.php?id=tom_tchongbao:ajax&act=nitice_sms_hb_run&site=1&tongcheng_id=147&hongbao_id=11&page=13
[2018-04-01 00:29:28][debug] [sms]hongbao id:11
[2018-04-01 00:29:28][debug] [sms]page:13
[2018-04-01 00:29:28][debug] [sms]client IP:118.89.52.235
[2018-04-01 00:29:28][debug] [sms]start:1522513768
[2018-04-01 00:29:30][debug] [sms]all num:10
[2018-04-01 00:29:30][debug] [sms]run num:10
[2018-04-01 00:29:30][debug] [sms]ok num:8
[2018-04-01 00:29:30][debug] [sms]no num:0
[2018-04-01 00:29:30][debug] [sms]run time:2
[2018-04-01 00:29:30][debug] [sms]end:1522513770
[2018-04-01 00:29:30][debug] [sms]page:https://bbs.aaoyo.cn/plugin.php?id=tom_tchongbao:ajax&act=nitice_sms_tcshop_hb_run&site=1&tcshop_id=60&hongbao_id=12&page=9
[2018-04-01 00:29:30][debug] [sms]all num:10
[2018-04-01 00:29:30][debug] [sms]run num:10
[2018-04-01 00:29:30][debug] [sms]ok num:9
[2018-04-01 00:29:30][debug] [sms]no num:0
[2018-04-01 00:29:30][debug] [sms]run time:2
[2018-04-01 00:29:30][debug] [sms]end:1522513770
[2018-04-01 00:29:30][debug] [sms]page:https://bbs.aaoyo.cn/plugin.php?id=tom_tchongbao:ajax&act=nitice_sms_hb_run&site=1&tongcheng_id=147&hongbao_id=11&page=14
[2018-04-01 00:29:31][debug] [sms]hongbao id:12
[2018-04-01 00:29:31][debug] [sms]page:9
[2018-04-01 00:29:31][debug] [sms]client IP:118.89.52.235
[2018-04-01 00:29:31][debug] [sms]start:1522513771
[2018-04-01 00:29:31][debug] [sms]hongbao id:11
[2018-04-01 00:29:31][debug] [sms]page:14
[2018-04-01 00:29:31][debug] [sms]client IP:118.89.52.235
[2018-04-01 00:29:31][debug] [sms]start:1522513771
[2018-04-01 00:29:33][debug] [sms]all num:10
[2018-04-01 00:29:33][debug] [sms]run num:9
[2018-04-01 00:29:33][debug] [sms]ok num:8
[2018-04-01 00:29:33][debug] [sms]no num:0
[2018-04-01 00:29:33][debug] [sms]run time:2
[2018-04-01 00:29:33][debug] [sms]end:1522513773
[2018-04-01 00:29:33][debug] [sms]page:https://bbs.aaoyo.cn/plugin.php?id=tom_tchongbao:ajax&act=nitice_sms_tcshop_hb_run&site=1&tcshop_id=60&hongbao_id=12&page=10
[2018-04-01 00:29:34][debug] [sms]hongbao id:12
[2018-04-01 00:29:34][debug] [sms]page:10
[2018-04-01 00:29:34][debug] [sms]client IP:118.89.52.235
[2018-04-01 00:29:34][debug] [sms]start:1522513774
[2018-04-01 00:29:34][debug] [sms]all num:10
[2018-04-01 00:29:34][debug] [sms]run num:10
[2018-04-01 00:29:34][debug] [sms]ok num:9
[2018-04-01 00:29:34][debug] [sms]no num:0
[2018-04-01 00:29:34][debug] [sms]run time:3
[2018-04-01 00:29:34][debug] [sms]end:1522513774
[2018-04-01 00:29:34][debug] [sms]page:https://bbs.aaoyo.cn/plugin.php?id=tom_tchongbao:ajax&act=nitice_sms_hb_run&site=1&tongcheng_id=147&hongbao_id=11&page=15
[2018-04-01 00:29:34][debug] [sms]hongbao id:11
[2018-04-01 00:29:34][debug] [sms]page:15
[2018-04-01 00:29:34][debug] [sms]client IP:118.89.52.235
[2018-04-01 00:29:34][debug] [sms]start:1522513774
[2018-04-01 00:29:37][debug] [sms]all num:10
[2018-04-01 00:29:37][debug] [sms]run num:10
[2018-04-01 00:29:37][debug] [sms]ok num:10
[2018-04-01 00:29:37][debug] [sms]no num:0
[2018-04-01 00:29:37][debug] [sms]run time:3
[2018-04-01 00:29:37][debug] [sms]end:1522513777
[2018-04-01 00:29:37][debug] [sms]page:https://bbs.aaoyo.cn/plugin.php?id=tom_tchongbao:ajax&act=nitice_sms_tcshop_hb_run&site=1&tcshop_id=60&hongbao_id=12&page=11
[2018-04-01 00:29:37][debug] [sms]hongbao id:12
[2018-04-01 00:29:37][debug] [sms]page:11
[2018-04-01 00:29:37][debug] [sms]client IP:118.89.52.235
[2018-04-01 00:29:37][debug] [sms]start:1522513777
[2018-04-01 00:29:38][debug] [sms]all num:10
[2018-04-01 00:29:38][debug] [sms]run num:10
[2018-04-01 00:29:38][debug] [sms]ok num:9
[2018-04-01 00:29:38][debug] [sms]no num:0
[2018-04-01 00:29:38][debug] [sms]run time:4
[2018-04-01 00:29:38][debug] [sms]end:1522513778
[2018-04-01 00:29:38][debug] [sms]page:https://bbs.aaoyo.cn/plugin.php?id=tom_tchongbao:ajax&act=nitice_sms_hb_run&site=1&tongcheng_id=147&hongbao_id=11&page=16
[2018-04-01 00:29:38][debug] [sms]hongbao id:11
[2018-04-01 00:29:38][debug] [sms]page:16
[2018-04-01 00:29:38][debug] [sms]client IP:118.89.52.235
[2018-04-01 00:29:38][debug] [sms]start:1522513778
[2018-04-01 00:29:39][debug] [sms]all num:10
[2018-04-01 00:29:39][debug] [sms]run num:10
[2018-04-01 00:29:39][debug] [sms]ok num:9
[2018-04-01 00:29:39][debug] [sms]no num:0
[2018-04-01 00:29:39][debug] [sms]run time:2
[2018-04-01 00:29:39][debug] [sms]end:1522513779
[2018-04-01 00:29:39][debug] [sms]page:https://bbs.aaoyo.cn/plugin.php?id=tom_tchongbao:ajax&act=nitice_sms_tcshop_hb_run&site=1&tcshop_id=60&hongbao_id=12&page=12
[2018-04-01 00:29:40][debug] [sms]hongbao id:12
[2018-04-01 00:29:40][debug] [sms]page:12
[2018-04-01 00:29:40][debug] [sms]client IP:118.89.52.235
[2018-04-01 00:29:40][debug] [sms]start:1522513780
[2018-04-01 00:29:42][debug] [sms]all num:10
[2018-04-01 00:29:42][debug] [sms]run num:9
[2018-04-01 00:29:42][debug] [sms]ok num:7
[2018-04-01 00:29:42][debug] [sms]no num:0
[2018-04-01 00:29:42][debug] [sms]run time:4
[2018-04-01 00:29:42][debug] [sms]end:1522513782
[2018-04-01 00:29:42][debug] [sms]page:https://bbs.aaoyo.cn/plugin.php?id=tom_tchongbao:ajax&act=nitice_sms_hb_run&site=1&tongcheng_id=147&hongbao_id=11&page=17
[2018-04-01 00:29:42][debug] [sms]hongbao id:11
[2018-04-01 00:29:42][debug] [sms]page:17
[2018-04-01 00:29:42][debug] [sms]client IP:118.89.52.235
[2018-04-01 00:29:42][debug] [sms]start:1522513782
[2018-04-01 00:29:43][debug] [sms]all num:10
[2018-04-01 00:29:43][debug] [sms]run num:10
[2018-04-01 00:29:43][debug] [sms]ok num:9
[2018-04-01 00:29:43][debug] [sms]no num:0
[2018-04-01 00:29:43][debug] [sms]run time:3
[2018-04-01 00:29:43][debug] [sms]end:1522513783
[2018-04-01 00:29:43][debug] [sms]page:https://bbs.aaoyo.cn/plugin.php?id=tom_tchongbao:ajax&act=nitice_sms_tcshop_hb_run&site=1&tcshop_id=60&hongbao_id=12&page=13
[2018-04-01 00:29:43][debug] [sms]hongbao id:12
[2018-04-01 00:29:43][debug] [sms]page:13
[2018-04-01 00:29:43][debug] [sms]client IP:118.89.52.235
[2018-04-01 00:29:43][debug] [sms]start:1522513783
[2018-04-01 00:29:45][debug] [sms]all num:10
[2018-04-01 00:29:45][debug] [sms]run num:10
[2018-04-01 00:29:45][debug] [sms]ok num:10
[2018-04-01 00:29:45][debug] [sms]no num:0
[2018-04-01 00:29:45][debug] [sms]run time:3
[2018-04-01 00:29:45][debug] [sms]end:1522513785
[2018-04-01 00:29:45][debug] [sms]page:https://bbs.aaoyo.cn/plugin.php?id=tom_tchongbao:ajax&act=nitice_sms_hb_run&site=1&tongcheng_id=147&hongbao_id=11&page=18
[2018-04-01 00:29:46][debug] [sms]hongbao id:11
[2018-04-01 00:29:46][debug] [sms]page:18
[2018-04-01 00:29:46][debug] [sms]client IP:118.89.52.235
[2018-04-01 00:29:46][debug] [sms]start:1522513786
[2018-04-01 00:29:47][debug] [sms]all num:10
[2018-04-01 00:29:47][debug] [sms]run num:10
[2018-04-01 00:29:47][debug] [sms]ok num:9
[2018-04-01 00:29:47][debug] [sms]no num:0
[2018-04-01 00:29:47][debug] [sms]run time:4
[2018-04-01 00:29:47][debug] [sms]end:1522513787
[2018-04-01 00:29:47][debug] [sms]page:https://bbs.aaoyo.cn/plugin.php?id=tom_tchongbao:ajax&act=nitice_sms_tcshop_hb_run&site=1&tcshop_id=60&hongbao_id=12&page=14
[2018-04-01 00:29:47][debug] [sms]hongbao id:12
[2018-04-01 00:29:47][debug] [sms]page:14
[2018-04-01 00:29:47][debug] [sms]client IP:118.89.52.235
[2018-04-01 00:29:47][debug] [sms]start:1522513787
[2018-04-01 00:29:49][debug] [sms]all num:10
[2018-04-01 00:29:49][debug] [sms]run num:10
[2018-04-01 00:29:49][debug] [sms]ok num:7
[2018-04-01 00:29:49][debug] [sms]no num:0
[2018-04-01 00:29:49][debug] [sms]run time:3
[2018-04-01 00:29:49][debug] [sms]end:1522513789
[2018-04-01 00:29:49][debug] [sms]page:https://bbs.aaoyo.cn/plugin.php?id=tom_tchongbao:ajax&act=nitice_sms_hb_run&site=1&tongcheng_id=147&hongbao_id=11&page=19
[2018-04-01 00:29:50][debug] [sms]all num:10
[2018-04-01 00:29:50][debug] [sms]run num:10
[2018-04-01 00:29:50][debug] [sms]ok num:9
[2018-04-01 00:29:50][debug] [sms]no num:0
[2018-04-01 00:29:50][debug] [sms]run time:3
[2018-04-01 00:29:50][debug] [sms]end:1522513790
[2018-04-01 00:29:50][debug] [sms]page:https://bbs.aaoyo.cn/plugin.php?id=tom_tchongbao:ajax&act=nitice_sms_tcshop_hb_run&site=1&tcshop_id=60&hongbao_id=12&page=15
[2018-04-01 00:29:50][debug] [sms]hongbao id:12
[2018-04-01 00:29:50][debug] [sms]page:15
[2018-04-01 00:29:50][debug] [sms]client IP:118.89.52.235
[2018-04-01 00:29:50][debug] [sms]start:1522513790
[2018-04-01 00:29:50][debug] [sms]hongbao id:11
[2018-04-01 00:29:50][debug] [sms]page:19
[2018-04-01 00:29:50][debug] [sms]client IP:118.89.52.235
[2018-04-01 00:29:50][debug] [sms]start:1522513790
[2018-04-01 00:29:53][debug] [sms]all num:10
[2018-04-01 00:29:53][debug] [sms]run num:10
[2018-04-01 00:29:53][debug] [sms]ok num:5
[2018-04-01 00:29:53][debug] [sms]no num:0
[2018-04-01 00:29:53][debug] [sms]run time:3
[2018-04-01 00:29:53][debug] [sms]end:1522513793
[2018-04-01 00:29:53][debug] [sms]page:https://bbs.aaoyo.cn/plugin.php?id=tom_tchongbao:ajax&act=nitice_sms_hb_run&site=1&tongcheng_id=147&hongbao_id=11&page=20
[2018-04-01 00:29:53][debug] [sms]all num:10
[2018-04-01 00:29:53][debug] [sms]run num:10
[2018-04-01 00:29:53][debug] [sms]ok num:9
[2018-04-01 00:29:53][debug] [sms]no num:0
[2018-04-01 00:29:53][debug] [sms]run time:3
[2018-04-01 00:29:53][debug] [sms]end:1522513793
[2018-04-01 00:29:53][debug] [sms]page:https://bbs.aaoyo.cn/plugin.php?id=tom_tchongbao:ajax&act=nitice_sms_tcshop_hb_run&site=1&tcshop_id=60&hongbao_id=12&page=16
[2018-04-01 00:29:53][debug] [sms]hongbao id:11
[2018-04-01 00:29:53][debug] [sms]page:20
[2018-04-01 00:29:53][debug] [sms]client IP:118.89.52.235
[2018-04-01 00:29:53][debug] [sms]start:1522513793
[2018-04-01 00:29:53][debug] [sms]hongbao id:12
[2018-04-01 00:29:53][debug] [sms]page:16
[2018-04-01 00:29:53][debug] [sms]client IP:118.89.52.235
[2018-04-01 00:29:53][debug] [sms]start:1522513793
[2018-04-01 00:29:56][debug] [sms]all num:10
[2018-04-01 00:29:56][debug] [sms]run num:10
[2018-04-01 00:29:56][debug] [sms]ok num:3
[2018-04-01 00:29:56][debug] [sms]no num:0
[2018-04-01 00:29:56][debug] [sms]run time:3
[2018-04-01 00:29:56][debug] [sms]end:1522513796
[2018-04-01 00:29:56][debug] [sms]page:https://bbs.aaoyo.cn/plugin.php?id=tom_tchongbao:ajax&act=nitice_sms_hb_run&site=1&tongcheng_id=147&hongbao_id=11&page=21
[2018-04-01 00:29:57][debug] [sms]all num:10
[2018-04-01 00:29:57][debug] [sms]run num:9
[2018-04-01 00:29:57][debug] [sms]ok num:7
[2018-04-01 00:29:57][debug] [sms]no num:0
[2018-04-01 00:29:57][debug] [sms]run time:4
[2018-04-01 00:29:57][debug] [sms]end:1522513797
[2018-04-01 00:29:57][debug] [sms]page:https://bbs.aaoyo.cn/plugin.php?id=tom_tchongbao:ajax&act=nitice_sms_tcshop_hb_run&site=1&tcshop_id=60&hongbao_id=12&page=17
[2018-04-01 00:29:57][debug] [sms]hongbao id:12
[2018-04-01 00:29:57][debug] [sms]page:17
[2018-04-01 00:29:57][debug] [sms]client IP:118.89.52.235
[2018-04-01 00:29:57][debug] [sms]start:1522513797
[2018-04-01 00:29:57][debug] [sms]hongbao id:11
[2018-04-01 00:29:57][debug] [sms]page:21
[2018-04-01 00:29:57][debug] [sms]client IP:118.89.52.235
[2018-04-01 00:29:57][debug] [sms]start:1522513797
[2018-04-01 00:30:00][debug] [sms]all num:10
[2018-04-01 00:30:00][debug] [sms]run num:10
[2018-04-01 00:30:00][debug] [sms]ok num:10
[2018-04-01 00:30:00][debug] [sms]no num:0
[2018-04-01 00:30:00][debug] [sms]run time:3
[2018-04-01 00:30:00][debug] [sms]end:1522513800
[2018-04-01 00:30:00][debug] [sms]page:https://bbs.aaoyo.cn/plugin.php?id=tom_tchongbao:ajax&act=nitice_sms_tcshop_hb_run&site=1&tcshop_id=60&hongbao_id=12&page=18
[2018-04-01 00:30:00][debug] [sms]all num:10
[2018-04-01 00:30:00][debug] [sms]run num:10
[2018-04-01 00:30:00][debug] [sms]ok num:4
[2018-04-01 00:30:00][debug] [sms]no num:0
[2018-04-01 00:30:00][debug] [sms]run time:3
[2018-04-01 00:30:00][debug] [sms]end:1522513800
[2018-04-01 00:30:00][debug] [sms]page:https://bbs.aaoyo.cn/plugin.php?id=tom_tchongbao:ajax&act=nitice_sms_hb_run&site=1&tongcheng_id=147&hongbao_id=11&page=22
[2018-04-01 00:30:00][debug] [sms]hongbao id:12
[2018-04-01 00:30:00][debug] [sms]page:18
[2018-04-01 00:30:00][debug] [sms]client IP:118.89.52.235
[2018-04-01 00:30:00][debug] [sms]start:1522513800
[2018-04-01 00:30:01][debug] [sms]hongbao id:11
[2018-04-01 00:30:01][debug] [sms]page:22
[2018-04-01 00:30:01][debug] [sms]client IP:118.89.52.235
[2018-04-01 00:30:01][debug] [sms]start:1522513801
[2018-04-01 00:30:03][debug] [sms]all num:10
[2018-04-01 00:30:03][debug] [sms]run num:10
[2018-04-01 00:30:03][debug] [sms]ok num:7
[2018-04-01 00:30:03][debug] [sms]no num:0
[2018-04-01 00:30:03][debug] [sms]run time:2
[2018-04-01 00:30:03][debug] [sms]end:1522513803
[2018-04-01 00:30:03][debug] [sms]page:https://bbs.aaoyo.cn/plugin.php?id=tom_tchongbao:ajax&act=nitice_sms_hb_run&site=1&tongcheng_id=147&hongbao_id=11&page=23
[2018-04-01 00:30:04][debug] [sms]hongbao id:11
[2018-04-01 00:30:04][debug] [sms]page:23
[2018-04-01 00:30:04][debug] [sms]client IP:118.89.52.235
[2018-04-01 00:30:04][debug] [sms]start:1522513804
[2018-04-01 00:30:04][debug] [sms]all num:10
[2018-04-01 00:30:04][debug] [sms]run num:10
[2018-04-01 00:30:04][debug] [sms]ok num:7
[2018-04-01 00:30:04][debug] [sms]no num:0
[2018-04-01 00:30:04][debug] [sms]run time:4
[2018-04-01 00:30:04][debug] [sms]end:1522513804
[2018-04-01 00:30:04][debug] [sms]page:https://bbs.aaoyo.cn/plugin.php?id=tom_tchongbao:ajax&act=nitice_sms_tcshop_hb_run&site=1&tcshop_id=60&hongbao_id=12&page=19
[2018-04-01 00:30:04][debug] [sms]hongbao id:12
[2018-04-01 00:30:04][debug] [sms]page:19
[2018-04-01 00:30:04][debug] [sms]client IP:118.89.52.235
[2018-04-01 00:30:04][debug] [sms]start:1522513804
[2018-04-01 00:30:07][debug] [sms]all num:10
[2018-04-01 00:30:07][debug] [sms]run num:10
[2018-04-01 00:30:07][debug] [sms]ok num:3
[2018-04-01 00:30:07][debug] [sms]no num:0
[2018-04-01 00:30:07][debug] [sms]run time:3
[2018-04-01 00:30:07][debug] [sms]end:1522513807
[2018-04-01 00:30:07][debug] [sms]page:https://bbs.aaoyo.cn/plugin.php?id=tom_tchongbao:ajax&act=nitice_sms_hb_run&site=1&tongcheng_id=147&hongbao_id=11&page=24
[2018-04-01 00:30:07][debug] [sms]all num:10
[2018-04-01 00:30:07][debug] [sms]run num:10
[2018-04-01 00:30:07][debug] [sms]ok num:5
[2018-04-01 00:30:07][debug] [sms]no num:0
[2018-04-01 00:30:07][debug] [sms]run time:3
[2018-04-01 00:30:07][debug] [sms]end:1522513807
[2018-04-01 00:30:07][debug] [sms]page:https://bbs.aaoyo.cn/plugin.php?id=tom_tchongbao:ajax&act=nitice_sms_tcshop_hb_run&site=1&tcshop_id=60&hongbao_id=12&page=20
[2018-04-01 00:30:07][debug] [sms]hongbao id:11
[2018-04-01 00:30:07][debug] [sms]page:24
[2018-04-01 00:30:07][debug] [sms]client IP:118.89.52.235
[2018-04-01 00:30:07][debug] [sms]start:1522513807
[2018-04-01 00:30:08][debug] [sms]hongbao id:12
[2018-04-01 00:30:08][debug] [sms]page:20
[2018-04-01 00:30:08][debug] [sms]client IP:118.89.52.235
[2018-04-01 00:30:08][debug] [sms]start:1522513808
[2018-04-01 00:30:10][debug] [sms]all num:10
[2018-04-01 00:30:10][debug] [sms]run num:10
[2018-04-01 00:30:10][debug] [sms]ok num:6
[2018-04-01 00:30:10][debug] [sms]no num:0
[2018-04-01 00:30:10][debug] [sms]run time:3
[2018-04-01 00:30:10][debug] [sms]end:1522513810
[2018-04-01 00:30:10][debug] [sms]page:https://bbs.aaoyo.cn/plugin.php?id=tom_tchongbao:ajax&act=nitice_sms_hb_run&site=1&tongcheng_id=147&hongbao_id=11&page=25
[2018-04-01 00:30:10][debug] [sms]hongbao id:11
[2018-04-01 00:30:10][debug] [sms]page:25
[2018-04-01 00:30:10][debug] [sms]client IP:118.89.52.235
[2018-04-01 00:30:10][debug] [sms]start:1522513810
[2018-04-01 00:30:11][debug] [sms]all num:10
[2018-04-01 00:30:11][debug] [sms]run num:10
[2018-04-01 00:30:11][debug] [sms]ok num:3
[2018-04-01 00:30:11][debug] [sms]no num:0
[2018-04-01 00:30:11][debug] [sms]run time:3
[2018-04-01 00:30:11][debug] [sms]end:1522513811
[2018-04-01 00:30:11][debug] [sms]page:https://bbs.aaoyo.cn/plugin.php?id=tom_tchongbao:ajax&act=nitice_sms_tcshop_hb_run&site=1&tcshop_id=60&hongbao_id=12&page=21
[2018-04-01 00:30:12][debug] [sms]hongbao id:12
[2018-04-01 00:30:12][debug] [sms]page:21
[2018-04-01 00:30:12][debug] [sms]client IP:118.89.52.235
[2018-04-01 00:30:12][debug] [sms]start:1522513812
[2018-04-01 00:30:13][debug] [sms]all num:10
[2018-04-01 00:30:13][debug] [sms]run num:10
[2018-04-01 00:30:13][debug] [sms]ok num:6
[2018-04-01 00:30:13][debug] [sms]no num:0
[2018-04-01 00:30:13][debug] [sms]run time:3
[2018-04-01 00:30:13][debug] [sms]end:1522513813
[2018-04-01 00:30:13][debug] [sms]page:https://bbs.aaoyo.cn/plugin.php?id=tom_tchongbao:ajax&act=nitice_sms_hb_run&site=1&tongcheng_id=147&hongbao_id=11&page=26
[2018-04-01 00:30:14][debug] [sms]hongbao id:11
[2018-04-01 00:30:14][debug] [sms]page:26
[2018-04-01 00:30:14][debug] [sms]client IP:118.89.52.235
[2018-04-01 00:30:14][debug] [sms]start:1522513814
[2018-04-01 00:30:14][debug] [sms]all num:10
[2018-04-01 00:30:14][debug] [sms]run num:10
[2018-04-01 00:30:14][debug] [sms]ok num:4
[2018-04-01 00:30:14][debug] [sms]no num:0
[2018-04-01 00:30:14][debug] [sms]run time:2
[2018-04-01 00:30:14][debug] [sms]end:1522513814
[2018-04-01 00:30:14][debug] [sms]page:https://bbs.aaoyo.cn/plugin.php?id=tom_tchongbao:ajax&act=nitice_sms_tcshop_hb_run&site=1&tcshop_id=60&hongbao_id=12&page=22
[2018-04-01 00:30:14][debug] [sms]hongbao id:12
[2018-04-01 00:30:14][debug] [sms]page:22
[2018-04-01 00:30:14][debug] [sms]client IP:118.89.52.235
[2018-04-01 00:30:14][debug] [sms]start:1522513814
[2018-04-01 00:30:17][debug] [sms]all num:10
[2018-04-01 00:30:17][debug] [sms]run num:10
[2018-04-01 00:30:17][debug] [sms]ok num:3
[2018-04-01 00:30:17][debug] [sms]no num:0
[2018-04-01 00:30:17][debug] [sms]run time:3
[2018-04-01 00:30:17][debug] [sms]end:1522513817
[2018-04-01 00:30:17][debug] [sms]page:https://bbs.aaoyo.cn/plugin.php?id=tom_tchongbao:ajax&act=nitice_sms_hb_run&site=1&tongcheng_id=147&hongbao_id=11&page=27
[2018-04-01 00:30:17][debug] [sms]hongbao id:11
[2018-04-01 00:30:17][debug] [sms]page:27
[2018-04-01 00:30:17][debug] [sms]client IP:118.89.52.235
[2018-04-01 00:30:17][debug] [sms]start:1522513817
[2018-04-01 00:30:18][debug] [sms]all num:10
[2018-04-01 00:30:18][debug] [sms]run num:10
[2018-04-01 00:30:18][debug] [sms]ok num:7
[2018-04-01 00:30:18][debug] [sms]no num:0
[2018-04-01 00:30:18][debug] [sms]run time:4
[2018-04-01 00:30:18][debug] [sms]end:1522513818
[2018-04-01 00:30:18][debug] [sms]page:https://bbs.aaoyo.cn/plugin.php?id=tom_tchongbao:ajax&act=nitice_sms_tcshop_hb_run&site=1&tcshop_id=60&hongbao_id=12&page=23
[2018-04-01 00:30:18][debug] [sms]hongbao id:12
[2018-04-01 00:30:18][debug] [sms]page:23
[2018-04-01 00:30:18][debug] [sms]client IP:118.89.52.235
[2018-04-01 00:30:18][debug] [sms]start:1522513818
[2018-04-01 00:30:20][debug] [sms]all num:10
[2018-04-01 00:30:20][debug] [sms]run num:10
[2018-04-01 00:30:20][debug] [sms]ok num:5
[2018-04-01 00:30:20][debug] [sms]no num:0
[2018-04-01 00:30:20][debug] [sms]run time:3
[2018-04-01 00:30:20][debug] [sms]end:1522513820
[2018-04-01 00:30:20][debug] [sms]page:https://bbs.aaoyo.cn/plugin.php?id=tom_tchongbao:ajax&act=nitice_sms_hb_run&site=1&tongcheng_id=147&hongbao_id=11&page=28
[2018-04-01 00:30:20][debug] [sms]hongbao id:11
[2018-04-01 00:30:20][debug] [sms]page:28
[2018-04-01 00:30:20][debug] [sms]client IP:118.89.52.235
[2018-04-01 00:30:20][debug] [sms]start:1522513820
[2018-04-01 00:30:21][debug] [sms]all num:10
[2018-04-01 00:30:21][debug] [sms]run num:10
[2018-04-01 00:30:21][debug] [sms]ok num:3
[2018-04-01 00:30:21][debug] [sms]no num:0
[2018-04-01 00:30:21][debug] [sms]run time:3
[2018-04-01 00:30:21][debug] [sms]end:1522513821
[2018-04-01 00:30:21][debug] [sms]page:https://bbs.aaoyo.cn/plugin.php?id=tom_tchongbao:ajax&act=nitice_sms_tcshop_hb_run&site=1&tcshop_id=60&hongbao_id=12&page=24
[2018-04-01 00:30:21][debug] [sms]hongbao id:12
[2018-04-01 00:30:21][debug] [sms]page:24
[2018-04-01 00:30:21][debug] [sms]client IP:118.89.52.235
[2018-04-01 00:30:21][debug] [sms]start:1522513821
[2018-04-01 00:30:23][debug] [sms]all num:10
[2018-04-01 00:30:23][debug] [sms]run num:10
[2018-04-01 00:30:23][debug] [sms]ok num:2
[2018-04-01 00:30:23][debug] [sms]no num:0
[2018-04-01 00:30:23][debug] [sms]run time:3
[2018-04-01 00:30:23][debug] [sms]end:1522513823
[2018-04-01 00:30:23][debug] [sms]page:https://bbs.aaoyo.cn/plugin.php?id=tom_tchongbao:ajax&act=nitice_sms_hb_run&site=1&tongcheng_id=147&hongbao_id=11&page=29
[2018-04-01 00:30:23][debug] [sms]hongbao id:11
[2018-04-01 00:30:23][debug] [sms]page:29
[2018-04-01 00:30:23][debug] [sms]client IP:118.89.52.235
[2018-04-01 00:30:23][debug] [sms]start:1522513823
[2018-04-01 00:30:24][debug] [sms]all num:10
[2018-04-01 00:30:24][debug] [sms]run num:10
[2018-04-01 00:30:24][debug] [sms]ok num:6
[2018-04-01 00:30:24][debug] [sms]no num:0
[2018-04-01 00:30:24][debug] [sms]run time:3
[2018-04-01 00:30:24][debug] [sms]end:1522513824
[2018-04-01 00:30:24][debug] [sms]page:https://bbs.aaoyo.cn/plugin.php?id=tom_tchongbao:ajax&act=nitice_sms_tcshop_hb_run&site=1&tcshop_id=60&hongbao_id=12&page=25
[2018-04-01 00:30:24][debug] [sms]all num:3
[2018-04-01 00:30:24][debug] [sms]run num:3
[2018-04-01 00:30:24][debug] [sms]ok num:2
[2018-04-01 00:30:24][debug] [sms]no num:0
[2018-04-01 00:30:24][debug] [sms]run time:1
[2018-04-01 00:30:24][debug] [sms]end:1522513824
[2018-04-01 00:30:24][debug] [sms]page:https://bbs.aaoyo.cn/plugin.php?id=tom_tchongbao:ajax&act=nitice_sms_hb_run&site=1&tongcheng_id=147&hongbao_id=11&page=30
[2018-04-01 00:30:24][debug] [sms]hongbao id:12
[2018-04-01 00:30:24][debug] [sms]page:25
[2018-04-01 00:30:24][debug] [sms]client IP:118.89.52.235
[2018-04-01 00:30:24][debug] [sms]start:1522513824
[2018-04-01 00:30:24][debug] [sms]hongbao id:11
[2018-04-01 00:30:24][debug] [sms]page:30
[2018-04-01 00:30:24][debug] [sms]client IP:118.89.52.235
[2018-04-01 00:30:24][debug] [sms]start:1522513824
[2018-04-01 00:30:24][debug] [sms]all num:0
[2018-04-01 00:30:24][debug] [sms]run num:0
[2018-04-01 00:30:24][debug] [sms]ok num:0
[2018-04-01 00:30:24][debug] [sms]no num:0
[2018-04-01 00:30:24][debug] [sms]run time:0
[2018-04-01 00:30:24][debug] [sms]end:1522513824
[2018-04-01 00:30:24][debug] [sms]over:1522513824
[2018-04-01 00:30:27][debug] [sms]all num:10
[2018-04-01 00:30:27][debug] [sms]run num:10
[2018-04-01 00:30:27][debug] [sms]ok num:6
[2018-04-01 00:30:27][debug] [sms]no num:0
[2018-04-01 00:30:27][debug] [sms]run time:3
[2018-04-01 00:30:27][debug] [sms]end:1522513827
[2018-04-01 00:30:27][debug] [sms]page:https://bbs.aaoyo.cn/plugin.php?id=tom_tchongbao:ajax&act=nitice_sms_tcshop_hb_run&site=1&tcshop_id=60&hongbao_id=12&page=26
[2018-04-01 00:30:27][debug] [sms]hongbao id:12
[2018-04-01 00:30:27][debug] [sms]page:26
[2018-04-01 00:30:27][debug] [sms]client IP:118.89.52.235
[2018-04-01 00:30:27][debug] [sms]start:1522513827
[2018-04-01 00:30:30][debug] [sms]all num:10
[2018-04-01 00:30:30][debug] [sms]run num:10
[2018-04-01 00:30:30][debug] [sms]ok num:3
[2018-04-01 00:30:30][debug] [sms]no num:0
[2018-04-01 00:30:30][debug] [sms]run time:3
[2018-04-01 00:30:30][debug] [sms]end:1522513830
[2018-04-01 00:30:30][debug] [sms]page:https://bbs.aaoyo.cn/plugin.php?id=tom_tchongbao:ajax&act=nitice_sms_tcshop_hb_run&site=1&tcshop_id=60&hongbao_id=12&page=27
[2018-04-01 00:30:30][debug] [sms]hongbao id:12
[2018-04-01 00:30:30][debug] [sms]page:27
[2018-04-01 00:30:30][debug] [sms]client IP:118.89.52.235
[2018-04-01 00:30:30][debug] [sms]start:1522513830
[2018-04-01 00:30:33][debug] [sms]all num:10
[2018-04-01 00:30:33][debug] [sms]run num:10
[2018-04-01 00:30:33][debug] [sms]ok num:5
[2018-04-01 00:30:33][debug] [sms]no num:0
[2018-04-01 00:30:33][debug] [sms]run time:3
[2018-04-01 00:30:33][debug] [sms]end:1522513833
[2018-04-01 00:30:33][debug] [sms]page:https://bbs.aaoyo.cn/plugin.php?id=tom_tchongbao:ajax&act=nitice_sms_tcshop_hb_run&site=1&tcshop_id=60&hongbao_id=12&page=28
[2018-04-01 00:30:33][debug] [sms]hongbao id:12
[2018-04-01 00:30:33][debug] [sms]page:28
[2018-04-01 00:30:33][debug] [sms]client IP:118.89.52.235
[2018-04-01 00:30:33][debug] [sms]start:1522513833
[2018-04-01 00:30:36][debug] [sms]all num:10
[2018-04-01 00:30:36][debug] [sms]run num:10
[2018-04-01 00:30:36][debug] [sms]ok num:2
[2018-04-01 00:30:36][debug] [sms]no num:0
[2018-04-01 00:30:36][debug] [sms]run time:3
[2018-04-01 00:30:36][debug] [sms]end:1522513836
[2018-04-01 00:30:36][debug] [sms]page:https://bbs.aaoyo.cn/plugin.php?id=tom_tchongbao:ajax&act=nitice_sms_tcshop_hb_run&site=1&tcshop_id=60&hongbao_id=12&page=29
[2018-04-01 00:30:36][debug] [sms]hongbao id:12
[2018-04-01 00:30:36][debug] [sms]page:29
[2018-04-01 00:30:36][debug] [sms]client IP:118.89.52.235
[2018-04-01 00:30:36][debug] [sms]start:1522513836
[2018-04-01 00:30:37][debug] [sms]all num:3
[2018-04-01 00:30:37][debug] [sms]run num:3
[2018-04-01 00:30:37][debug] [sms]ok num:2
[2018-04-01 00:30:37][debug] [sms]no num:0
[2018-04-01 00:30:37][debug] [sms]run time:1
[2018-04-01 00:30:37][debug] [sms]end:1522513837
[2018-04-01 00:30:37][debug] [sms]page:https://bbs.aaoyo.cn/plugin.php?id=tom_tchongbao:ajax&act=nitice_sms_tcshop_hb_run&site=1&tcshop_id=60&hongbao_id=12&page=30
[2018-04-01 00:30:37][debug] [sms]hongbao id:12
[2018-04-01 00:30:37][debug] [sms]page:30
[2018-04-01 00:30:37][debug] [sms]client IP:118.89.52.235
[2018-04-01 00:30:37][debug] [sms]start:1522513837
[2018-04-01 00:30:37][debug] [sms]all num:0
[2018-04-01 00:30:37][debug] [sms]run num:0
[2018-04-01 00:30:37][debug] [sms]ok num:0
[2018-04-01 00:30:37][debug] [sms]no num:0
[2018-04-01 00:30:37][debug] [sms]run time:0
[2018-04-01 00:30:37][debug] [sms]end:1522513837
[2018-04-01 00:30:37][debug] [sms]over:1522513837
[2018-04-01 10:08:49][debug] [sms]--------------------- new -------------------------
[2018-04-01 10:08:49][debug] [sms]hongbao id:12
[2018-04-01 10:08:49][debug] [sms]page:1
[2018-04-01 10:08:49][debug] [sms]client IP:111.193.158.187
[2018-04-01 10:08:49][debug] [sms]start:1522548529
[2018-04-01 10:08:49][debug] [sms]error:201
