[2018-08-06 12:21:46][debug] [sms]--------------------- new -------------------------
[2018-08-06 12:21:46][debug] [sms]hongbao id:55
[2018-08-06 12:21:46][debug] [sms]page:1
[2018-08-06 12:21:46][debug] [sms]client IP:118.89.52.235
[2018-08-06 12:21:46][debug] [sms]start:1533529306
[2018-08-06 12:21:49][debug] [sms]all num:10
[2018-08-06 12:21:49][debug] [sms]run num:10
[2018-08-06 12:21:49][debug] [sms]ok num:10
[2018-08-06 12:21:49][debug] [sms]no num:0
[2018-08-06 12:21:49][debug] [sms]run time:3
[2018-08-06 12:21:49][debug] [sms]end:1533529309
[2018-08-06 12:21:49][debug] [sms]page:https://bbs.bivfw.top/plugin.php?id=tom_tchongbao:ajax&act=nitice_sms_tcshop_hb_run&site=1&tcshop_id=8&hongbao_id=55&page=2
[2018-08-06 12:21:49][debug] [sms]hongbao id:55
[2018-08-06 12:21:49][debug] [sms]page:2
[2018-08-06 12:21:49][debug] [sms]client IP:118.89.52.235
[2018-08-06 12:21:49][debug] [sms]start:1533529309
[2018-08-06 12:21:53][debug] [sms]all num:10
[2018-08-06 12:21:53][debug] [sms]run num:10
[2018-08-06 12:21:53][debug] [sms]ok num:7
[2018-08-06 12:21:53][debug] [sms]no num:0
[2018-08-06 12:21:53][debug] [sms]run time:4
[2018-08-06 12:21:53][debug] [sms]end:1533529313
[2018-08-06 12:21:53][debug] [sms]page:https://bbs.bivfw.top/plugin.php?id=tom_tchongbao:ajax&act=nitice_sms_tcshop_hb_run&site=1&tcshop_id=8&hongbao_id=55&page=3
[2018-08-06 12:21:53][debug] [sms]hongbao id:55
[2018-08-06 12:21:53][debug] [sms]page:3
[2018-08-06 12:21:53][debug] [sms]client IP:118.89.52.235
[2018-08-06 12:21:53][debug] [sms]start:1533529313
[2018-08-06 12:21:56][debug] [sms]all num:10
[2018-08-06 12:21:56][debug] [sms]run num:10
[2018-08-06 12:21:56][debug] [sms]ok num:7
[2018-08-06 12:21:56][debug] [sms]no num:0
[2018-08-06 12:21:56][debug] [sms]run time:3
[2018-08-06 12:21:56][debug] [sms]end:1533529316
[2018-08-06 12:21:56][debug] [sms]page:https://bbs.bivfw.top/plugin.php?id=tom_tchongbao:ajax&act=nitice_sms_tcshop_hb_run&site=1&tcshop_id=8&hongbao_id=55&page=4
[2018-08-06 12:21:57][debug] [sms]hongbao id:55
[2018-08-06 12:21:57][debug] [sms]page:4
[2018-08-06 12:21:57][debug] [sms]client IP:118.89.52.235
[2018-08-06 12:21:57][debug] [sms]start:1533529317
[2018-08-06 12:22:00][debug] [sms]all num:10
[2018-08-06 12:22:00][debug] [sms]run num:10
[2018-08-06 12:22:00][debug] [sms]ok num:9
[2018-08-06 12:22:00][debug] [sms]no num:0
[2018-08-06 12:22:00][debug] [sms]run time:3
[2018-08-06 12:22:00][debug] [sms]end:1533529320
[2018-08-06 12:22:00][debug] [sms]page:https://bbs.bivfw.top/plugin.php?id=tom_tchongbao:ajax&act=nitice_sms_tcshop_hb_run&site=1&tcshop_id=8&hongbao_id=55&page=5
[2018-08-06 12:22:00][debug] [sms]hongbao id:55
[2018-08-06 12:22:00][debug] [sms]page:5
[2018-08-06 12:22:00][debug] [sms]client IP:118.89.52.235
[2018-08-06 12:22:00][debug] [sms]start:1533529320
[2018-08-06 12:22:03][debug] [sms]all num:10
[2018-08-06 12:22:03][debug] [sms]run num:10
[2018-08-06 12:22:03][debug] [sms]ok num:4
[2018-08-06 12:22:03][debug] [sms]no num:0
[2018-08-06 12:22:03][debug] [sms]run time:3
[2018-08-06 12:22:03][debug] [sms]end:1533529323
[2018-08-06 12:22:03][debug] [sms]page:https://bbs.bivfw.top/plugin.php?id=tom_tchongbao:ajax&act=nitice_sms_tcshop_hb_run&site=1&tcshop_id=8&hongbao_id=55&page=6
[2018-08-06 12:22:03][debug] [sms]hongbao id:55
[2018-08-06 12:22:03][debug] [sms]page:6
[2018-08-06 12:22:03][debug] [sms]client IP:118.89.52.235
[2018-08-06 12:22:03][debug] [sms]start:1533529323
[2018-08-06 12:22:07][debug] [sms]all num:10
[2018-08-06 12:22:07][debug] [sms]run num:10
[2018-08-06 12:22:07][debug] [sms]ok num:8
[2018-08-06 12:22:07][debug] [sms]no num:0
[2018-08-06 12:22:07][debug] [sms]run time:4
[2018-08-06 12:22:07][debug] [sms]end:1533529327
[2018-08-06 12:22:07][debug] [sms]page:https://bbs.bivfw.top/plugin.php?id=tom_tchongbao:ajax&act=nitice_sms_tcshop_hb_run&site=1&tcshop_id=8&hongbao_id=55&page=7
[2018-08-06 12:22:07][debug] [sms]hongbao id:55
[2018-08-06 12:22:07][debug] [sms]page:7
[2018-08-06 12:22:07][debug] [sms]client IP:118.89.52.235
[2018-08-06 12:22:07][debug] [sms]start:1533529327
[2018-08-06 12:22:10][debug] [sms]all num:10
[2018-08-06 12:22:10][debug] [sms]run num:10
[2018-08-06 12:22:10][debug] [sms]ok num:7
[2018-08-06 12:22:10][debug] [sms]no num:0
[2018-08-06 12:22:10][debug] [sms]run time:3
[2018-08-06 12:22:10][debug] [sms]end:1533529330
[2018-08-06 12:22:10][debug] [sms]page:https://bbs.bivfw.top/plugin.php?id=tom_tchongbao:ajax&act=nitice_sms_tcshop_hb_run&site=1&tcshop_id=8&hongbao_id=55&page=8
[2018-08-06 12:22:10][debug] [sms]hongbao id:55
[2018-08-06 12:22:10][debug] [sms]page:8
[2018-08-06 12:22:10][debug] [sms]client IP:118.89.52.235
[2018-08-06 12:22:10][debug] [sms]start:1533529330
[2018-08-06 12:22:13][debug] [sms]all num:10
[2018-08-06 12:22:13][debug] [sms]run num:10
[2018-08-06 12:22:13][debug] [sms]ok num:10
[2018-08-06 12:22:13][debug] [sms]no num:0
[2018-08-06 12:22:13][debug] [sms]run time:3
[2018-08-06 12:22:13][debug] [sms]end:1533529333
[2018-08-06 12:22:13][debug] [sms]page:https://bbs.bivfw.top/plugin.php?id=tom_tchongbao:ajax&act=nitice_sms_tcshop_hb_run&site=1&tcshop_id=8&hongbao_id=55&page=9
[2018-08-06 12:22:14][debug] [sms]hongbao id:55
[2018-08-06 12:22:14][debug] [sms]page:9
[2018-08-06 12:22:14][debug] [sms]client IP:118.89.52.235
[2018-08-06 12:22:14][debug] [sms]start:1533529334
[2018-08-06 12:22:17][debug] [sms]all num:10
[2018-08-06 12:22:17][debug] [sms]run num:10
[2018-08-06 12:22:17][debug] [sms]ok num:9
[2018-08-06 12:22:17][debug] [sms]no num:0
[2018-08-06 12:22:17][debug] [sms]run time:3
[2018-08-06 12:22:17][debug] [sms]end:1533529337
[2018-08-06 12:22:17][debug] [sms]page:https://bbs.bivfw.top/plugin.php?id=tom_tchongbao:ajax&act=nitice_sms_tcshop_hb_run&site=1&tcshop_id=8&hongbao_id=55&page=10
[2018-08-06 12:22:17][debug] [sms]hongbao id:55
[2018-08-06 12:22:17][debug] [sms]page:10
[2018-08-06 12:22:17][debug] [sms]client IP:118.89.52.235
[2018-08-06 12:22:17][debug] [sms]start:1533529337
[2018-08-06 12:22:20][debug] [sms]all num:10
[2018-08-06 12:22:20][debug] [sms]run num:10
[2018-08-06 12:22:20][debug] [sms]ok num:9
[2018-08-06 12:22:20][debug] [sms]no num:0
[2018-08-06 12:22:20][debug] [sms]run time:3
[2018-08-06 12:22:20][debug] [sms]end:1533529340
[2018-08-06 12:22:20][debug] [sms]page:https://bbs.bivfw.top/plugin.php?id=tom_tchongbao:ajax&act=nitice_sms_tcshop_hb_run&site=1&tcshop_id=8&hongbao_id=55&page=11
[2018-08-06 12:22:20][debug] [sms]hongbao id:55
[2018-08-06 12:22:20][debug] [sms]page:11
[2018-08-06 12:22:20][debug] [sms]client IP:118.89.52.235
[2018-08-06 12:22:20][debug] [sms]start:1533529340
[2018-08-06 12:22:23][debug] [sms]all num:10
[2018-08-06 12:22:23][debug] [sms]run num:10
[2018-08-06 12:22:23][debug] [sms]ok num:7
[2018-08-06 12:22:23][debug] [sms]no num:0
[2018-08-06 12:22:23][debug] [sms]run time:3
[2018-08-06 12:22:23][debug] [sms]end:1533529343
[2018-08-06 12:22:23][debug] [sms]page:https://bbs.bivfw.top/plugin.php?id=tom_tchongbao:ajax&act=nitice_sms_tcshop_hb_run&site=1&tcshop_id=8&hongbao_id=55&page=12
[2018-08-06 12:22:23][debug] [sms]hongbao id:55
[2018-08-06 12:22:23][debug] [sms]page:12
[2018-08-06 12:22:23][debug] [sms]client IP:118.89.52.235
[2018-08-06 12:22:23][debug] [sms]start:1533529343
[2018-08-06 12:22:27][debug] [sms]all num:10
[2018-08-06 12:22:27][debug] [sms]run num:10
[2018-08-06 12:22:27][debug] [sms]ok num:6
[2018-08-06 12:22:27][debug] [sms]no num:0
[2018-08-06 12:22:27][debug] [sms]run time:4
[2018-08-06 12:22:27][debug] [sms]end:1533529347
[2018-08-06 12:22:27][debug] [sms]page:https://bbs.bivfw.top/plugin.php?id=tom_tchongbao:ajax&act=nitice_sms_tcshop_hb_run&site=1&tcshop_id=8&hongbao_id=55&page=13
[2018-08-06 12:22:27][debug] [sms]hongbao id:55
[2018-08-06 12:22:27][debug] [sms]page:13
[2018-08-06 12:22:27][debug] [sms]client IP:118.89.52.235
[2018-08-06 12:22:27][debug] [sms]start:1533529347
[2018-08-06 12:22:30][debug] [sms]all num:10
[2018-08-06 12:22:30][debug] [sms]run num:10
[2018-08-06 12:22:30][debug] [sms]ok num:6
[2018-08-06 12:22:30][debug] [sms]no num:0
[2018-08-06 12:22:30][debug] [sms]run time:3
[2018-08-06 12:22:30][debug] [sms]end:1533529350
[2018-08-06 12:22:30][debug] [sms]page:https://bbs.bivfw.top/plugin.php?id=tom_tchongbao:ajax&act=nitice_sms_tcshop_hb_run&site=1&tcshop_id=8&hongbao_id=55&page=14
[2018-08-06 12:22:30][debug] [sms]hongbao id:55
[2018-08-06 12:22:30][debug] [sms]page:14
[2018-08-06 12:22:30][debug] [sms]client IP:118.89.52.235
[2018-08-06 12:22:30][debug] [sms]start:1533529350
[2018-08-06 12:22:33][debug] [sms]all num:10
[2018-08-06 12:22:33][debug] [sms]run num:10
[2018-08-06 12:22:33][debug] [sms]ok num:6
[2018-08-06 12:22:33][debug] [sms]no num:0
[2018-08-06 12:22:33][debug] [sms]run time:3
[2018-08-06 12:22:33][debug] [sms]end:1533529353
[2018-08-06 12:22:33][debug] [sms]page:https://bbs.bivfw.top/plugin.php?id=tom_tchongbao:ajax&act=nitice_sms_tcshop_hb_run&site=1&tcshop_id=8&hongbao_id=55&page=15
[2018-08-06 12:22:33][debug] [sms]hongbao id:55
[2018-08-06 12:22:33][debug] [sms]page:15
[2018-08-06 12:22:33][debug] [sms]client IP:118.89.52.235
[2018-08-06 12:22:33][debug] [sms]start:1533529353
[2018-08-06 12:22:36][debug] [sms]all num:10
[2018-08-06 12:22:36][debug] [sms]run num:10
[2018-08-06 12:22:36][debug] [sms]ok num:8
[2018-08-06 12:22:36][debug] [sms]no num:0
[2018-08-06 12:22:36][debug] [sms]run time:3
[2018-08-06 12:22:36][debug] [sms]end:1533529356
[2018-08-06 12:22:36][debug] [sms]page:https://bbs.bivfw.top/plugin.php?id=tom_tchongbao:ajax&act=nitice_sms_tcshop_hb_run&site=1&tcshop_id=8&hongbao_id=55&page=16
[2018-08-06 12:22:36][debug] [sms]hongbao id:55
[2018-08-06 12:22:36][debug] [sms]page:16
[2018-08-06 12:22:36][debug] [sms]client IP:118.89.52.235
[2018-08-06 12:22:36][debug] [sms]start:1533529356
[2018-08-06 12:22:39][debug] [sms]all num:10
[2018-08-06 12:22:39][debug] [sms]run num:10
[2018-08-06 12:22:39][debug] [sms]ok num:7
[2018-08-06 12:22:39][debug] [sms]no num:0
[2018-08-06 12:22:39][debug] [sms]run time:3
[2018-08-06 12:22:39][debug] [sms]end:1533529359
[2018-08-06 12:22:39][debug] [sms]page:https://bbs.bivfw.top/plugin.php?id=tom_tchongbao:ajax&act=nitice_sms_tcshop_hb_run&site=1&tcshop_id=8&hongbao_id=55&page=17
[2018-08-06 12:22:40][debug] [sms]hongbao id:55
[2018-08-06 12:22:40][debug] [sms]page:17
[2018-08-06 12:22:40][debug] [sms]client IP:118.89.52.235
[2018-08-06 12:22:40][debug] [sms]start:1533529360
[2018-08-06 12:22:43][debug] [sms]all num:10
[2018-08-06 12:22:43][debug] [sms]run num:10
[2018-08-06 12:22:43][debug] [sms]ok num:8
[2018-08-06 12:22:43][debug] [sms]no num:0
[2018-08-06 12:22:43][debug] [sms]run time:3
[2018-08-06 12:22:43][debug] [sms]end:1533529363
[2018-08-06 12:22:43][debug] [sms]page:https://bbs.bivfw.top/plugin.php?id=tom_tchongbao:ajax&act=nitice_sms_tcshop_hb_run&site=1&tcshop_id=8&hongbao_id=55&page=18
[2018-08-06 12:22:43][debug] [sms]hongbao id:55
[2018-08-06 12:22:43][debug] [sms]page:18
[2018-08-06 12:22:43][debug] [sms]client IP:118.89.52.235
[2018-08-06 12:22:43][debug] [sms]start:1533529363
[2018-08-06 12:22:46][debug] [sms]all num:10
[2018-08-06 12:22:46][debug] [sms]run num:10
[2018-08-06 12:22:46][debug] [sms]ok num:3
[2018-08-06 12:22:46][debug] [sms]no num:0
[2018-08-06 12:22:46][debug] [sms]run time:3
[2018-08-06 12:22:46][debug] [sms]end:1533529366
[2018-08-06 12:22:46][debug] [sms]page:https://bbs.bivfw.top/plugin.php?id=tom_tchongbao:ajax&act=nitice_sms_tcshop_hb_run&site=1&tcshop_id=8&hongbao_id=55&page=19
[2018-08-06 12:22:46][debug] [sms]hongbao id:55
[2018-08-06 12:22:46][debug] [sms]page:19
[2018-08-06 12:22:46][debug] [sms]client IP:118.89.52.235
[2018-08-06 12:22:46][debug] [sms]start:1533529366
[2018-08-06 12:22:49][debug] [sms]all num:10
[2018-08-06 12:22:49][debug] [sms]run num:10
[2018-08-06 12:22:49][debug] [sms]ok num:6
[2018-08-06 12:22:49][debug] [sms]no num:0
[2018-08-06 12:22:49][debug] [sms]run time:3
[2018-08-06 12:22:49][debug] [sms]end:1533529369
[2018-08-06 12:22:49][debug] [sms]page:https://bbs.bivfw.top/plugin.php?id=tom_tchongbao:ajax&act=nitice_sms_tcshop_hb_run&site=1&tcshop_id=8&hongbao_id=55&page=20
[2018-08-06 12:22:49][debug] [sms]hongbao id:55
[2018-08-06 12:22:49][debug] [sms]page:20
[2018-08-06 12:22:49][debug] [sms]client IP:118.89.52.235
[2018-08-06 12:22:49][debug] [sms]start:1533529369
[2018-08-06 12:22:52][debug] [sms]all num:10
[2018-08-06 12:22:52][debug] [sms]run num:10
[2018-08-06 12:22:52][debug] [sms]ok num:9
[2018-08-06 12:22:52][debug] [sms]no num:0
[2018-08-06 12:22:52][debug] [sms]run time:3
[2018-08-06 12:22:52][debug] [sms]end:1533529372
[2018-08-06 12:22:52][debug] [sms]page:https://bbs.bivfw.top/plugin.php?id=tom_tchongbao:ajax&act=nitice_sms_tcshop_hb_run&site=1&tcshop_id=8&hongbao_id=55&page=21
[2018-08-06 12:22:52][debug] [sms]hongbao id:55
[2018-08-06 12:22:52][debug] [sms]page:21
[2018-08-06 12:22:52][debug] [sms]client IP:118.89.52.235
[2018-08-06 12:22:52][debug] [sms]start:1533529372
[2018-08-06 12:22:55][debug] [sms]all num:10
[2018-08-06 12:22:55][debug] [sms]run num:10
[2018-08-06 12:22:55][debug] [sms]ok num:8
[2018-08-06 12:22:55][debug] [sms]no num:0
[2018-08-06 12:22:55][debug] [sms]run time:3
[2018-08-06 12:22:55][debug] [sms]end:1533529375
[2018-08-06 12:22:55][debug] [sms]page:https://bbs.bivfw.top/plugin.php?id=tom_tchongbao:ajax&act=nitice_sms_tcshop_hb_run&site=1&tcshop_id=8&hongbao_id=55&page=22
[2018-08-06 12:22:56][debug] [sms]hongbao id:55
[2018-08-06 12:22:56][debug] [sms]page:22
[2018-08-06 12:22:56][debug] [sms]client IP:118.89.52.235
[2018-08-06 12:22:56][debug] [sms]start:1533529376
[2018-08-06 12:22:59][debug] [sms]all num:10
[2018-08-06 12:22:59][debug] [sms]run num:10
[2018-08-06 12:22:59][debug] [sms]ok num:2
[2018-08-06 12:22:59][debug] [sms]no num:0
[2018-08-06 12:22:59][debug] [sms]run time:3
[2018-08-06 12:22:59][debug] [sms]end:1533529379
[2018-08-06 12:22:59][debug] [sms]page:https://bbs.bivfw.top/plugin.php?id=tom_tchongbao:ajax&act=nitice_sms_tcshop_hb_run&site=1&tcshop_id=8&hongbao_id=55&page=23
[2018-08-06 12:22:59][debug] [sms]hongbao id:55
[2018-08-06 12:22:59][debug] [sms]page:23
[2018-08-06 12:22:59][debug] [sms]client IP:118.89.52.235
[2018-08-06 12:22:59][debug] [sms]start:1533529379
[2018-08-06 12:23:02][debug] [sms]all num:10
[2018-08-06 12:23:02][debug] [sms]run num:10
[2018-08-06 12:23:02][debug] [sms]ok num:6
[2018-08-06 12:23:02][debug] [sms]no num:0
[2018-08-06 12:23:02][debug] [sms]run time:3
[2018-08-06 12:23:02][debug] [sms]end:1533529382
[2018-08-06 12:23:02][debug] [sms]page:https://bbs.bivfw.top/plugin.php?id=tom_tchongbao:ajax&act=nitice_sms_tcshop_hb_run&site=1&tcshop_id=8&hongbao_id=55&page=24
[2018-08-06 12:23:02][debug] [sms]hongbao id:55
[2018-08-06 12:23:02][debug] [sms]page:24
[2018-08-06 12:23:02][debug] [sms]client IP:118.89.52.235
[2018-08-06 12:23:02][debug] [sms]start:1533529382
[2018-08-06 12:23:05][debug] [sms]all num:10
[2018-08-06 12:23:05][debug] [sms]run num:10
[2018-08-06 12:23:05][debug] [sms]ok num:2
[2018-08-06 12:23:05][debug] [sms]no num:0
[2018-08-06 12:23:05][debug] [sms]run time:3
[2018-08-06 12:23:05][debug] [sms]end:1533529385
[2018-08-06 12:23:05][debug] [sms]page:https://bbs.bivfw.top/plugin.php?id=tom_tchongbao:ajax&act=nitice_sms_tcshop_hb_run&site=1&tcshop_id=8&hongbao_id=55&page=25
[2018-08-06 12:23:06][debug] [sms]hongbao id:55
[2018-08-06 12:23:06][debug] [sms]page:25
[2018-08-06 12:23:06][debug] [sms]client IP:118.89.52.235
[2018-08-06 12:23:06][debug] [sms]start:1533529386
[2018-08-06 12:23:09][debug] [sms]all num:10
[2018-08-06 12:23:09][debug] [sms]run num:10
[2018-08-06 12:23:09][debug] [sms]ok num:5
[2018-08-06 12:23:09][debug] [sms]no num:0
[2018-08-06 12:23:09][debug] [sms]run time:3
[2018-08-06 12:23:09][debug] [sms]end:1533529389
[2018-08-06 12:23:09][debug] [sms]page:https://bbs.bivfw.top/plugin.php?id=tom_tchongbao:ajax&act=nitice_sms_tcshop_hb_run&site=1&tcshop_id=8&hongbao_id=55&page=26
[2018-08-06 12:23:09][debug] [sms]hongbao id:55
[2018-08-06 12:23:09][debug] [sms]page:26
[2018-08-06 12:23:09][debug] [sms]client IP:118.89.52.235
[2018-08-06 12:23:09][debug] [sms]start:1533529389
[2018-08-06 12:23:12][debug] [sms]all num:10
[2018-08-06 12:23:12][debug] [sms]run num:10
[2018-08-06 12:23:12][debug] [sms]ok num:7
[2018-08-06 12:23:12][debug] [sms]no num:0
[2018-08-06 12:23:12][debug] [sms]run time:3
[2018-08-06 12:23:12][debug] [sms]end:1533529392
[2018-08-06 12:23:12][debug] [sms]page:https://bbs.bivfw.top/plugin.php?id=tom_tchongbao:ajax&act=nitice_sms_tcshop_hb_run&site=1&tcshop_id=8&hongbao_id=55&page=27
[2018-08-06 12:23:12][debug] [sms]hongbao id:55
[2018-08-06 12:23:12][debug] [sms]page:27
[2018-08-06 12:23:12][debug] [sms]client IP:118.89.52.235
[2018-08-06 12:23:12][debug] [sms]start:1533529392
[2018-08-06 12:23:15][debug] [sms]all num:10
[2018-08-06 12:23:15][debug] [sms]run num:10
[2018-08-06 12:23:15][debug] [sms]ok num:9
[2018-08-06 12:23:15][debug] [sms]no num:0
[2018-08-06 12:23:15][debug] [sms]run time:3
[2018-08-06 12:23:15][debug] [sms]end:1533529395
[2018-08-06 12:23:15][debug] [sms]page:https://bbs.bivfw.top/plugin.php?id=tom_tchongbao:ajax&act=nitice_sms_tcshop_hb_run&site=1&tcshop_id=8&hongbao_id=55&page=28
[2018-08-06 12:23:15][debug] [sms]hongbao id:55
[2018-08-06 12:23:15][debug] [sms]page:28
[2018-08-06 12:23:15][debug] [sms]client IP:118.89.52.235
[2018-08-06 12:23:15][debug] [sms]start:1533529395
[2018-08-06 12:23:18][debug] [sms]all num:10
[2018-08-06 12:23:18][debug] [sms]run num:10
[2018-08-06 12:23:18][debug] [sms]ok num:7
[2018-08-06 12:23:18][debug] [sms]no num:0
[2018-08-06 12:23:18][debug] [sms]run time:3
[2018-08-06 12:23:18][debug] [sms]end:1533529398
[2018-08-06 12:23:18][debug] [sms]page:https://bbs.bivfw.top/plugin.php?id=tom_tchongbao:ajax&act=nitice_sms_tcshop_hb_run&site=1&tcshop_id=8&hongbao_id=55&page=29
[2018-08-06 12:23:18][debug] [sms]hongbao id:55
[2018-08-06 12:23:18][debug] [sms]page:29
[2018-08-06 12:23:18][debug] [sms]client IP:118.89.52.235
[2018-08-06 12:23:18][debug] [sms]start:1533529398
[2018-08-06 12:23:21][debug] [sms]all num:10
[2018-08-06 12:23:21][debug] [sms]run num:10
[2018-08-06 12:23:21][debug] [sms]ok num:9
[2018-08-06 12:23:21][debug] [sms]no num:0
[2018-08-06 12:23:21][debug] [sms]run time:3
[2018-08-06 12:23:21][debug] [sms]end:1533529401
[2018-08-06 12:23:21][debug] [sms]page:https://bbs.bivfw.top/plugin.php?id=tom_tchongbao:ajax&act=nitice_sms_tcshop_hb_run&site=1&tcshop_id=8&hongbao_id=55&page=30
[2018-08-06 12:23:22][debug] [sms]hongbao id:55
[2018-08-06 12:23:22][debug] [sms]page:30
[2018-08-06 12:23:22][debug] [sms]client IP:118.89.52.235
[2018-08-06 12:23:22][debug] [sms]start:1533529402
[2018-08-06 12:23:25][debug] [sms]all num:10
[2018-08-06 12:23:25][debug] [sms]run num:10
[2018-08-06 12:23:25][debug] [sms]ok num:8
[2018-08-06 12:23:25][debug] [sms]no num:0
[2018-08-06 12:23:25][debug] [sms]run time:3
[2018-08-06 12:23:25][debug] [sms]end:1533529405
[2018-08-06 12:23:25][debug] [sms]page:https://bbs.bivfw.top/plugin.php?id=tom_tchongbao:ajax&act=nitice_sms_tcshop_hb_run&site=1&tcshop_id=8&hongbao_id=55&page=31
[2018-08-06 12:23:25][debug] [sms]hongbao id:55
[2018-08-06 12:23:25][debug] [sms]page:31
[2018-08-06 12:23:25][debug] [sms]client IP:118.89.52.235
[2018-08-06 12:23:25][debug] [sms]start:1533529405
[2018-08-06 12:23:28][debug] [sms]all num:10
[2018-08-06 12:23:28][debug] [sms]run num:10
[2018-08-06 12:23:28][debug] [sms]ok num:6
[2018-08-06 12:23:28][debug] [sms]no num:0
[2018-08-06 12:23:28][debug] [sms]run time:3
[2018-08-06 12:23:28][debug] [sms]end:1533529408
[2018-08-06 12:23:28][debug] [sms]page:https://bbs.bivfw.top/plugin.php?id=tom_tchongbao:ajax&act=nitice_sms_tcshop_hb_run&site=1&tcshop_id=8&hongbao_id=55&page=32
[2018-08-06 12:23:28][debug] [sms]hongbao id:55
[2018-08-06 12:23:28][debug] [sms]page:32
[2018-08-06 12:23:28][debug] [sms]client IP:118.89.52.235
[2018-08-06 12:23:28][debug] [sms]start:1533529408
[2018-08-06 12:23:32][debug] [sms]all num:10
[2018-08-06 12:23:32][debug] [sms]run num:10
[2018-08-06 12:23:32][debug] [sms]ok num:6
[2018-08-06 12:23:32][debug] [sms]no num:0
[2018-08-06 12:23:32][debug] [sms]run time:4
[2018-08-06 12:23:32][debug] [sms]end:1533529412
[2018-08-06 12:23:32][debug] [sms]page:https://bbs.bivfw.top/plugin.php?id=tom_tchongbao:ajax&act=nitice_sms_tcshop_hb_run&site=1&tcshop_id=8&hongbao_id=55&page=33
[2018-08-06 12:23:32][debug] [sms]hongbao id:55
[2018-08-06 12:23:32][debug] [sms]page:33
[2018-08-06 12:23:32][debug] [sms]client IP:118.89.52.235
[2018-08-06 12:23:32][debug] [sms]start:1533529412
[2018-08-06 12:23:36][debug] [sms]all num:10
[2018-08-06 12:23:36][debug] [sms]run num:10
[2018-08-06 12:23:36][debug] [sms]ok num:7
[2018-08-06 12:23:36][debug] [sms]no num:0
[2018-08-06 12:23:36][debug] [sms]run time:4
[2018-08-06 12:23:36][debug] [sms]end:1533529416
[2018-08-06 12:23:36][debug] [sms]page:https://bbs.bivfw.top/plugin.php?id=tom_tchongbao:ajax&act=nitice_sms_tcshop_hb_run&site=1&tcshop_id=8&hongbao_id=55&page=34
[2018-08-06 12:23:36][debug] [sms]hongbao id:55
[2018-08-06 12:23:36][debug] [sms]page:34
[2018-08-06 12:23:36][debug] [sms]client IP:118.89.52.235
[2018-08-06 12:23:36][debug] [sms]start:1533529416
[2018-08-06 12:23:39][debug] [sms]all num:10
[2018-08-06 12:23:39][debug] [sms]run num:10
[2018-08-06 12:23:39][debug] [sms]ok num:10
[2018-08-06 12:23:39][debug] [sms]no num:0
[2018-08-06 12:23:39][debug] [sms]run time:3
[2018-08-06 12:23:39][debug] [sms]end:1533529419
[2018-08-06 12:23:39][debug] [sms]page:https://bbs.bivfw.top/plugin.php?id=tom_tchongbao:ajax&act=nitice_sms_tcshop_hb_run&site=1&tcshop_id=8&hongbao_id=55&page=35
[2018-08-06 12:23:39][debug] [sms]hongbao id:55
[2018-08-06 12:23:39][debug] [sms]page:35
[2018-08-06 12:23:39][debug] [sms]client IP:118.89.52.235
[2018-08-06 12:23:39][debug] [sms]start:1533529419
[2018-08-06 12:23:42][debug] [sms]all num:10
[2018-08-06 12:23:42][debug] [sms]run num:10
[2018-08-06 12:23:42][debug] [sms]ok num:10
[2018-08-06 12:23:42][debug] [sms]no num:0
[2018-08-06 12:23:42][debug] [sms]run time:3
[2018-08-06 12:23:42][debug] [sms]end:1533529422
[2018-08-06 12:23:42][debug] [sms]page:https://bbs.bivfw.top/plugin.php?id=tom_tchongbao:ajax&act=nitice_sms_tcshop_hb_run&site=1&tcshop_id=8&hongbao_id=55&page=36
[2018-08-06 12:23:42][debug] [sms]hongbao id:55
[2018-08-06 12:23:42][debug] [sms]page:36
[2018-08-06 12:23:42][debug] [sms]client IP:118.89.52.235
[2018-08-06 12:23:42][debug] [sms]start:1533529422
[2018-08-06 12:23:46][debug] [sms]all num:10
[2018-08-06 12:23:46][debug] [sms]run num:10
[2018-08-06 12:23:46][debug] [sms]ok num:9
[2018-08-06 12:23:46][debug] [sms]no num:0
[2018-08-06 12:23:46][debug] [sms]run time:4
[2018-08-06 12:23:46][debug] [sms]end:1533529426
[2018-08-06 12:23:46][debug] [sms]page:https://bbs.bivfw.top/plugin.php?id=tom_tchongbao:ajax&act=nitice_sms_tcshop_hb_run&site=1&tcshop_id=8&hongbao_id=55&page=37
[2018-08-06 12:23:46][debug] [sms]hongbao id:55
[2018-08-06 12:23:46][debug] [sms]page:37
[2018-08-06 12:23:46][debug] [sms]client IP:118.89.52.235
[2018-08-06 12:23:46][debug] [sms]start:1533529426
[2018-08-06 12:23:49][debug] [sms]all num:10
[2018-08-06 12:23:49][debug] [sms]run num:10
[2018-08-06 12:23:49][debug] [sms]ok num:10
[2018-08-06 12:23:49][debug] [sms]no num:0
[2018-08-06 12:23:49][debug] [sms]run time:3
[2018-08-06 12:23:49][debug] [sms]end:1533529429
[2018-08-06 12:23:49][debug] [sms]page:https://bbs.bivfw.top/plugin.php?id=tom_tchongbao:ajax&act=nitice_sms_tcshop_hb_run&site=1&tcshop_id=8&hongbao_id=55&page=38
[2018-08-06 12:23:49][debug] [sms]hongbao id:55
[2018-08-06 12:23:49][debug] [sms]page:38
[2018-08-06 12:23:49][debug] [sms]client IP:118.89.52.235
[2018-08-06 12:23:49][debug] [sms]start:1533529429
[2018-08-06 12:23:52][debug] [sms]all num:10
[2018-08-06 12:23:52][debug] [sms]run num:10
[2018-08-06 12:23:52][debug] [sms]ok num:10
[2018-08-06 12:23:52][debug] [sms]no num:0
[2018-08-06 12:23:52][debug] [sms]run time:3
[2018-08-06 12:23:52][debug] [sms]end:1533529432
[2018-08-06 12:23:52][debug] [sms]page:https://bbs.bivfw.top/plugin.php?id=tom_tchongbao:ajax&act=nitice_sms_tcshop_hb_run&site=1&tcshop_id=8&hongbao_id=55&page=39
[2018-08-06 12:23:53][debug] [sms]hongbao id:55
[2018-08-06 12:23:53][debug] [sms]page:39
[2018-08-06 12:23:53][debug] [sms]client IP:118.89.52.235
[2018-08-06 12:23:53][debug] [sms]start:1533529433
[2018-08-06 12:23:56][debug] [sms]all num:10
[2018-08-06 12:23:56][debug] [sms]run num:10
[2018-08-06 12:23:56][debug] [sms]ok num:10
[2018-08-06 12:23:56][debug] [sms]no num:0
[2018-08-06 12:23:56][debug] [sms]run time:3
[2018-08-06 12:23:56][debug] [sms]end:1533529436
[2018-08-06 12:23:56][debug] [sms]page:https://bbs.bivfw.top/plugin.php?id=tom_tchongbao:ajax&act=nitice_sms_tcshop_hb_run&site=1&tcshop_id=8&hongbao_id=55&page=40
[2018-08-06 12:23:56][debug] [sms]hongbao id:55
[2018-08-06 12:23:56][debug] [sms]page:40
[2018-08-06 12:23:56][debug] [sms]client IP:118.89.52.235
[2018-08-06 12:23:56][debug] [sms]start:1533529436
[2018-08-06 12:23:59][debug] [sms]all num:10
[2018-08-06 12:23:59][debug] [sms]run num:10
[2018-08-06 12:23:59][debug] [sms]ok num:10
[2018-08-06 12:23:59][debug] [sms]no num:0
[2018-08-06 12:23:59][debug] [sms]run time:3
[2018-08-06 12:23:59][debug] [sms]end:1533529439
[2018-08-06 12:23:59][debug] [sms]page:https://bbs.bivfw.top/plugin.php?id=tom_tchongbao:ajax&act=nitice_sms_tcshop_hb_run&site=1&tcshop_id=8&hongbao_id=55&page=41
[2018-08-06 12:23:59][debug] [sms]hongbao id:55
[2018-08-06 12:23:59][debug] [sms]page:41
[2018-08-06 12:23:59][debug] [sms]client IP:118.89.52.235
[2018-08-06 12:23:59][debug] [sms]start:1533529439
[2018-08-06 12:24:02][debug] [sms]all num:10
[2018-08-06 12:24:02][debug] [sms]run num:10
[2018-08-06 12:24:02][debug] [sms]ok num:7
[2018-08-06 12:24:02][debug] [sms]no num:0
[2018-08-06 12:24:02][debug] [sms]run time:3
[2018-08-06 12:24:02][debug] [sms]end:1533529442
[2018-08-06 12:24:02][debug] [sms]page:https://bbs.bivfw.top/plugin.php?id=tom_tchongbao:ajax&act=nitice_sms_tcshop_hb_run&site=1&tcshop_id=8&hongbao_id=55&page=42
[2018-08-06 12:24:03][debug] [sms]hongbao id:55
[2018-08-06 12:24:03][debug] [sms]page:42
[2018-08-06 12:24:03][debug] [sms]client IP:118.89.52.235
[2018-08-06 12:24:03][debug] [sms]start:1533529443
[2018-08-06 12:24:06][debug] [sms]all num:10
[2018-08-06 12:24:06][debug] [sms]run num:10
[2018-08-06 12:24:06][debug] [sms]ok num:6
[2018-08-06 12:24:06][debug] [sms]no num:0
[2018-08-06 12:24:06][debug] [sms]run time:3
[2018-08-06 12:24:06][debug] [sms]end:1533529446
[2018-08-06 12:24:06][debug] [sms]page:https://bbs.bivfw.top/plugin.php?id=tom_tchongbao:ajax&act=nitice_sms_tcshop_hb_run&site=1&tcshop_id=8&hongbao_id=55&page=43
[2018-08-06 12:24:07][debug] [sms]hongbao id:55
[2018-08-06 12:24:07][debug] [sms]page:43
[2018-08-06 12:24:07][debug] [sms]client IP:118.89.52.235
[2018-08-06 12:24:07][debug] [sms]start:1533529447
[2018-08-06 12:24:11][debug] [sms]all num:10
[2018-08-06 12:24:11][debug] [sms]run num:10
[2018-08-06 12:24:11][debug] [sms]ok num:4
[2018-08-06 12:24:11][debug] [sms]no num:0
[2018-08-06 12:24:11][debug] [sms]run time:4
[2018-08-06 12:24:11][debug] [sms]end:1533529451
[2018-08-06 12:24:11][debug] [sms]page:https://bbs.bivfw.top/plugin.php?id=tom_tchongbao:ajax&act=nitice_sms_tcshop_hb_run&site=1&tcshop_id=8&hongbao_id=55&page=44
[2018-08-06 12:24:11][debug] [sms]hongbao id:55
[2018-08-06 12:24:11][debug] [sms]page:44
[2018-08-06 12:24:11][debug] [sms]client IP:118.89.52.235
[2018-08-06 12:24:11][debug] [sms]start:1533529451
[2018-08-06 12:24:16][debug] [sms]all num:10
[2018-08-06 12:24:16][debug] [sms]run num:10
[2018-08-06 12:24:16][debug] [sms]ok num:6
[2018-08-06 12:24:16][debug] [sms]no num:0
[2018-08-06 12:24:16][debug] [sms]run time:5
[2018-08-06 12:24:16][debug] [sms]end:1533529456
[2018-08-06 12:24:16][debug] [sms]page:https://bbs.bivfw.top/plugin.php?id=tom_tchongbao:ajax&act=nitice_sms_tcshop_hb_run&site=1&tcshop_id=8&hongbao_id=55&page=45
[2018-08-06 12:24:16][debug] [sms]hongbao id:55
[2018-08-06 12:24:16][debug] [sms]page:45
[2018-08-06 12:24:16][debug] [sms]client IP:118.89.52.235
[2018-08-06 12:24:16][debug] [sms]start:1533529456
[2018-08-06 12:24:20][debug] [sms]all num:10
[2018-08-06 12:24:20][debug] [sms]run num:10
[2018-08-06 12:24:20][debug] [sms]ok num:0
[2018-08-06 12:24:20][debug] [sms]no num:0
[2018-08-06 12:24:20][debug] [sms]run time:4
[2018-08-06 12:24:20][debug] [sms]end:1533529460
[2018-08-06 12:24:20][debug] [sms]page:https://bbs.bivfw.top/plugin.php?id=tom_tchongbao:ajax&act=nitice_sms_tcshop_hb_run&site=1&tcshop_id=8&hongbao_id=55&page=46
[2018-08-06 12:24:20][debug] [sms]hongbao id:55
[2018-08-06 12:24:20][debug] [sms]page:46
[2018-08-06 12:24:20][debug] [sms]client IP:118.89.52.235
[2018-08-06 12:24:20][debug] [sms]start:1533529460
[2018-08-06 12:24:23][debug] [sms]all num:10
[2018-08-06 12:24:23][debug] [sms]run num:9
[2018-08-06 12:24:23][debug] [sms]ok num:2
[2018-08-06 12:24:23][debug] [sms]no num:0
[2018-08-06 12:24:23][debug] [sms]run time:3
[2018-08-06 12:24:23][debug] [sms]end:1533529463
[2018-08-06 12:24:23][debug] [sms]page:https://bbs.bivfw.top/plugin.php?id=tom_tchongbao:ajax&act=nitice_sms_tcshop_hb_run&site=1&tcshop_id=8&hongbao_id=55&page=47
[2018-08-06 12:24:24][debug] [sms]hongbao id:55
[2018-08-06 12:24:24][debug] [sms]page:47
[2018-08-06 12:24:24][debug] [sms]client IP:118.89.52.235
[2018-08-06 12:24:24][debug] [sms]start:1533529464
[2018-08-06 12:24:27][debug] [sms]all num:10
[2018-08-06 12:24:27][debug] [sms]run num:10
[2018-08-06 12:24:27][debug] [sms]ok num:7
[2018-08-06 12:24:27][debug] [sms]no num:0
[2018-08-06 12:24:27][debug] [sms]run time:3
[2018-08-06 12:24:27][debug] [sms]end:1533529467
[2018-08-06 12:24:27][debug] [sms]page:https://bbs.bivfw.top/plugin.php?id=tom_tchongbao:ajax&act=nitice_sms_tcshop_hb_run&site=1&tcshop_id=8&hongbao_id=55&page=48
[2018-08-06 12:24:28][debug] [sms]hongbao id:55
[2018-08-06 12:24:28][debug] [sms]page:48
[2018-08-06 12:24:28][debug] [sms]client IP:118.89.52.235
[2018-08-06 12:24:28][debug] [sms]start:1533529468
[2018-08-06 12:24:31][debug] [sms]all num:10
[2018-08-06 12:24:31][debug] [sms]run num:10
[2018-08-06 12:24:31][debug] [sms]ok num:4
[2018-08-06 12:24:31][debug] [sms]no num:0
[2018-08-06 12:24:31][debug] [sms]run time:3
[2018-08-06 12:24:31][debug] [sms]end:1533529471
[2018-08-06 12:24:31][debug] [sms]page:https://bbs.bivfw.top/plugin.php?id=tom_tchongbao:ajax&act=nitice_sms_tcshop_hb_run&site=1&tcshop_id=8&hongbao_id=55&page=49
[2018-08-06 12:24:32][debug] [sms]hongbao id:55
[2018-08-06 12:24:32][debug] [sms]page:49
[2018-08-06 12:24:32][debug] [sms]client IP:118.89.52.235
[2018-08-06 12:24:32][debug] [sms]start:1533529472
[2018-08-06 12:24:35][debug] [sms]all num:10
[2018-08-06 12:24:35][debug] [sms]run num:10
[2018-08-06 12:24:35][debug] [sms]ok num:6
[2018-08-06 12:24:35][debug] [sms]no num:0
[2018-08-06 12:24:35][debug] [sms]run time:3
[2018-08-06 12:24:35][debug] [sms]end:1533529475
[2018-08-06 12:24:35][debug] [sms]page:https://bbs.bivfw.top/plugin.php?id=tom_tchongbao:ajax&act=nitice_sms_tcshop_hb_run&site=1&tcshop_id=8&hongbao_id=55&page=50
[2018-08-06 12:24:35][debug] [sms]hongbao id:55
[2018-08-06 12:24:35][debug] [sms]page:50
[2018-08-06 12:24:35][debug] [sms]client IP:118.89.52.235
[2018-08-06 12:24:35][debug] [sms]start:1533529475
[2018-08-06 12:24:39][debug] [sms]all num:10
[2018-08-06 12:24:39][debug] [sms]run num:10
[2018-08-06 12:24:39][debug] [sms]ok num:6
[2018-08-06 12:24:39][debug] [sms]no num:0
[2018-08-06 12:24:39][debug] [sms]run time:4
[2018-08-06 12:24:39][debug] [sms]end:1533529479
[2018-08-06 12:24:39][debug] [sms]page:https://bbs.bivfw.top/plugin.php?id=tom_tchongbao:ajax&act=nitice_sms_tcshop_hb_run&site=1&tcshop_id=8&hongbao_id=55&page=51
[2018-08-06 12:24:39][debug] [sms]hongbao id:55
[2018-08-06 12:24:39][debug] [sms]page:51
[2018-08-06 12:24:39][debug] [sms]client IP:118.89.52.235
[2018-08-06 12:24:39][debug] [sms]start:1533529479
[2018-08-06 12:24:43][debug] [sms]all num:10
[2018-08-06 12:24:43][debug] [sms]run num:10
[2018-08-06 12:24:43][debug] [sms]ok num:5
[2018-08-06 12:24:43][debug] [sms]no num:0
[2018-08-06 12:24:43][debug] [sms]run time:4
[2018-08-06 12:24:43][debug] [sms]end:1533529483
[2018-08-06 12:24:43][debug] [sms]page:https://bbs.bivfw.top/plugin.php?id=tom_tchongbao:ajax&act=nitice_sms_tcshop_hb_run&site=1&tcshop_id=8&hongbao_id=55&page=52
[2018-08-06 12:24:44][debug] [sms]hongbao id:55
[2018-08-06 12:24:44][debug] [sms]page:52
[2018-08-06 12:24:44][debug] [sms]client IP:118.89.52.235
[2018-08-06 12:24:44][debug] [sms]start:1533529484
[2018-08-06 12:24:47][debug] [sms]all num:10
[2018-08-06 12:24:47][debug] [sms]run num:10
[2018-08-06 12:24:47][debug] [sms]ok num:9
[2018-08-06 12:24:47][debug] [sms]no num:0
[2018-08-06 12:24:47][debug] [sms]run time:3
[2018-08-06 12:24:47][debug] [sms]end:1533529487
[2018-08-06 12:24:47][debug] [sms]page:https://bbs.bivfw.top/plugin.php?id=tom_tchongbao:ajax&act=nitice_sms_tcshop_hb_run&site=1&tcshop_id=8&hongbao_id=55&page=53
[2018-08-06 12:24:47][debug] [sms]hongbao id:55
[2018-08-06 12:24:47][debug] [sms]page:53
[2018-08-06 12:24:47][debug] [sms]client IP:118.89.52.235
[2018-08-06 12:24:47][debug] [sms]start:1533529487
[2018-08-06 12:24:52][debug] [sms]all num:10
[2018-08-06 12:24:52][debug] [sms]run num:10
[2018-08-06 12:24:52][debug] [sms]ok num:10
[2018-08-06 12:24:52][debug] [sms]no num:0
[2018-08-06 12:24:52][debug] [sms]run time:5
[2018-08-06 12:24:52][debug] [sms]end:1533529492
[2018-08-06 12:24:52][debug] [sms]page:https://bbs.bivfw.top/plugin.php?id=tom_tchongbao:ajax&act=nitice_sms_tcshop_hb_run&site=1&tcshop_id=8&hongbao_id=55&page=54
[2018-08-06 12:24:53][debug] [sms]hongbao id:55
[2018-08-06 12:24:53][debug] [sms]page:54
[2018-08-06 12:24:53][debug] [sms]client IP:118.89.52.235
[2018-08-06 12:24:53][debug] [sms]start:1533529493
[2018-08-06 12:24:57][debug] [sms]all num:10
[2018-08-06 12:24:57][debug] [sms]run num:10
[2018-08-06 12:24:57][debug] [sms]ok num:10
[2018-08-06 12:24:57][debug] [sms]no num:0
[2018-08-06 12:24:57][debug] [sms]run time:4
[2018-08-06 12:24:57][debug] [sms]end:1533529497
[2018-08-06 12:24:57][debug] [sms]page:https://bbs.bivfw.top/plugin.php?id=tom_tchongbao:ajax&act=nitice_sms_tcshop_hb_run&site=1&tcshop_id=8&hongbao_id=55&page=55
[2018-08-06 12:24:57][debug] [sms]hongbao id:55
[2018-08-06 12:24:57][debug] [sms]page:55
[2018-08-06 12:24:57][debug] [sms]client IP:118.89.52.235
[2018-08-06 12:24:57][debug] [sms]start:1533529497
[2018-08-06 12:25:01][debug] [sms]all num:10
[2018-08-06 12:25:01][debug] [sms]run num:10
[2018-08-06 12:25:01][debug] [sms]ok num:7
[2018-08-06 12:25:01][debug] [sms]no num:0
[2018-08-06 12:25:01][debug] [sms]run time:4
[2018-08-06 12:25:01][debug] [sms]end:1533529501
[2018-08-06 12:25:01][debug] [sms]page:https://bbs.bivfw.top/plugin.php?id=tom_tchongbao:ajax&act=nitice_sms_tcshop_hb_run&site=1&tcshop_id=8&hongbao_id=55&page=56
[2018-08-06 12:25:03][debug] [sms]hongbao id:55
[2018-08-06 12:25:03][debug] [sms]page:56
[2018-08-06 12:25:03][debug] [sms]client IP:118.89.52.235
[2018-08-06 12:25:03][debug] [sms]start:1533529503
[2018-08-06 12:25:09][debug] [sms]all num:10
[2018-08-06 12:25:09][debug] [sms]run num:10
[2018-08-06 12:25:09][debug] [sms]ok num:8
[2018-08-06 12:25:09][debug] [sms]no num:0
[2018-08-06 12:25:09][debug] [sms]run time:6
[2018-08-06 12:25:09][debug] [sms]end:1533529509
[2018-08-06 12:25:09][debug] [sms]page:https://bbs.bivfw.top/plugin.php?id=tom_tchongbao:ajax&act=nitice_sms_tcshop_hb_run&site=1&tcshop_id=8&hongbao_id=55&page=57
[2018-08-06 12:25:09][debug] [sms]hongbao id:55
[2018-08-06 12:25:09][debug] [sms]page:57
[2018-08-06 12:25:09][debug] [sms]client IP:118.89.52.235
[2018-08-06 12:25:09][debug] [sms]start:1533529509
[2018-08-06 12:25:13][debug] [sms]all num:10
[2018-08-06 12:25:13][debug] [sms]run num:10
[2018-08-06 12:25:13][debug] [sms]ok num:3
[2018-08-06 12:25:13][debug] [sms]no num:0
[2018-08-06 12:25:13][debug] [sms]run time:4
[2018-08-06 12:25:13][debug] [sms]end:1533529513
[2018-08-06 12:25:13][debug] [sms]page:https://bbs.bivfw.top/plugin.php?id=tom_tchongbao:ajax&act=nitice_sms_tcshop_hb_run&site=1&tcshop_id=8&hongbao_id=55&page=58
[2018-08-06 12:25:14][debug] [sms]hongbao id:55
[2018-08-06 12:25:14][debug] [sms]page:58
[2018-08-06 12:25:14][debug] [sms]client IP:118.89.52.235
[2018-08-06 12:25:14][debug] [sms]start:1533529514
[2018-08-06 12:25:19][debug] [sms]all num:10
[2018-08-06 12:25:19][debug] [sms]run num:10
[2018-08-06 12:25:19][debug] [sms]ok num:6
[2018-08-06 12:25:19][debug] [sms]no num:0
[2018-08-06 12:25:19][debug] [sms]run time:5
[2018-08-06 12:25:19][debug] [sms]end:1533529519
[2018-08-06 12:25:19][debug] [sms]page:https://bbs.bivfw.top/plugin.php?id=tom_tchongbao:ajax&act=nitice_sms_tcshop_hb_run&site=1&tcshop_id=8&hongbao_id=55&page=59
