[2018-11-26 13:02:26][debug] [sms]--------------------- new -------------------------
[2018-11-26 13:02:26][debug] [sms]hongbao id:74
[2018-11-26 13:02:26][debug] [sms]page:1
[2018-11-26 13:02:26][debug] [sms]client IP:118.89.52.235
[2018-11-26 13:02:26][debug] [sms]start:1543208546
[2018-11-26 13:02:29][debug] [sms]all num:10
[2018-11-26 13:02:29][debug] [sms]run num:10
[2018-11-26 13:02:29][debug] [sms]ok num:7
[2018-11-26 13:02:29][debug] [sms]no num:0
[2018-11-26 13:02:29][debug] [sms]run time:3
[2018-11-26 13:02:29][debug] [sms]end:1543208549
[2018-11-26 13:02:29][debug] [sms]page:https://bbs.sex002.xyz/plugin.php?id=tom_tchongbao:ajax&act=nitice_sms_hb_run&site=1&tongcheng_id=740&hongbao_id=74&page=2
[2018-11-26 13:02:29][debug] [sms]hongbao id:74
[2018-11-26 13:02:29][debug] [sms]page:2
[2018-11-26 13:02:29][debug] [sms]client IP:118.89.52.235
[2018-11-26 13:02:29][debug] [sms]start:1543208549
[2018-11-26 13:02:32][debug] [sms]all num:10
[2018-11-26 13:02:32][debug] [sms]run num:10
[2018-11-26 13:02:32][debug] [sms]ok num:10
[2018-11-26 13:02:32][debug] [sms]no num:0
[2018-11-26 13:02:32][debug] [sms]run time:3
[2018-11-26 13:02:32][debug] [sms]end:1543208552
[2018-11-26 13:02:32][debug] [sms]page:https://bbs.sex002.xyz/plugin.php?id=tom_tchongbao:ajax&act=nitice_sms_hb_run&site=1&tongcheng_id=740&hongbao_id=74&page=3
[2018-11-26 13:02:33][debug] [sms]hongbao id:74
[2018-11-26 13:02:33][debug] [sms]page:3
[2018-11-26 13:02:33][debug] [sms]client IP:118.89.52.235
[2018-11-26 13:02:33][debug] [sms]start:1543208553
[2018-11-26 13:02:36][debug] [sms]all num:10
[2018-11-26 13:02:36][debug] [sms]run num:10
[2018-11-26 13:02:36][debug] [sms]ok num:8
[2018-11-26 13:02:36][debug] [sms]no num:0
[2018-11-26 13:02:36][debug] [sms]run time:3
[2018-11-26 13:02:36][debug] [sms]end:1543208556
[2018-11-26 13:02:36][debug] [sms]page:https://bbs.sex002.xyz/plugin.php?id=tom_tchongbao:ajax&act=nitice_sms_hb_run&site=1&tongcheng_id=740&hongbao_id=74&page=4
[2018-11-26 13:02:36][debug] [sms]hongbao id:74
[2018-11-26 13:02:36][debug] [sms]page:4
[2018-11-26 13:02:36][debug] [sms]client IP:118.89.52.235
[2018-11-26 13:02:36][debug] [sms]start:1543208556
[2018-11-26 13:02:39][debug] [sms]all num:10
[2018-11-26 13:02:39][debug] [sms]run num:10
[2018-11-26 13:02:39][debug] [sms]ok num:7
[2018-11-26 13:02:39][debug] [sms]no num:0
[2018-11-26 13:02:39][debug] [sms]run time:3
[2018-11-26 13:02:39][debug] [sms]end:1543208559
[2018-11-26 13:02:39][debug] [sms]page:https://bbs.sex002.xyz/plugin.php?id=tom_tchongbao:ajax&act=nitice_sms_hb_run&site=1&tongcheng_id=740&hongbao_id=74&page=5
[2018-11-26 13:02:39][debug] [sms]hongbao id:74
[2018-11-26 13:02:39][debug] [sms]page:5
[2018-11-26 13:02:39][debug] [sms]client IP:118.89.52.235
[2018-11-26 13:02:39][debug] [sms]start:1543208559
[2018-11-26 13:02:42][debug] [sms]all num:10
[2018-11-26 13:02:42][debug] [sms]run num:10
[2018-11-26 13:02:42][debug] [sms]ok num:5
[2018-11-26 13:02:42][debug] [sms]no num:0
[2018-11-26 13:02:42][debug] [sms]run time:3
[2018-11-26 13:02:42][debug] [sms]end:1543208562
[2018-11-26 13:02:42][debug] [sms]page:https://bbs.sex002.xyz/plugin.php?id=tom_tchongbao:ajax&act=nitice_sms_hb_run&site=1&tongcheng_id=740&hongbao_id=74&page=6
[2018-11-26 13:02:42][debug] [sms]hongbao id:74
[2018-11-26 13:02:42][debug] [sms]page:6
[2018-11-26 13:02:42][debug] [sms]client IP:118.89.52.235
[2018-11-26 13:02:42][debug] [sms]start:1543208562
[2018-11-26 13:02:46][debug] [sms]all num:10
[2018-11-26 13:02:46][debug] [sms]run num:10
[2018-11-26 13:02:46][debug] [sms]ok num:8
[2018-11-26 13:02:46][debug] [sms]no num:0
[2018-11-26 13:02:46][debug] [sms]run time:4
[2018-11-26 13:02:46][debug] [sms]end:1543208566
[2018-11-26 13:02:46][debug] [sms]page:https://bbs.sex002.xyz/plugin.php?id=tom_tchongbao:ajax&act=nitice_sms_hb_run&site=1&tongcheng_id=740&hongbao_id=74&page=7
[2018-11-26 13:02:46][debug] [sms]hongbao id:74
[2018-11-26 13:02:46][debug] [sms]page:7
[2018-11-26 13:02:46][debug] [sms]client IP:118.89.52.235
[2018-11-26 13:02:46][debug] [sms]start:1543208566
[2018-11-26 13:02:49][debug] [sms]all num:10
[2018-11-26 13:02:49][debug] [sms]run num:10
[2018-11-26 13:02:49][debug] [sms]ok num:9
[2018-11-26 13:02:49][debug] [sms]no num:0
[2018-11-26 13:02:49][debug] [sms]run time:3
[2018-11-26 13:02:49][debug] [sms]end:1543208569
[2018-11-26 13:02:49][debug] [sms]page:https://bbs.sex002.xyz/plugin.php?id=tom_tchongbao:ajax&act=nitice_sms_hb_run&site=1&tongcheng_id=740&hongbao_id=74&page=8
[2018-11-26 13:02:49][debug] [sms]hongbao id:74
[2018-11-26 13:02:49][debug] [sms]page:8
[2018-11-26 13:02:49][debug] [sms]client IP:118.89.52.235
[2018-11-26 13:02:49][debug] [sms]start:1543208569
[2018-11-26 13:02:52][debug] [sms]all num:10
[2018-11-26 13:02:52][debug] [sms]run num:10
[2018-11-26 13:02:52][debug] [sms]ok num:7
[2018-11-26 13:02:52][debug] [sms]no num:0
[2018-11-26 13:02:52][debug] [sms]run time:3
[2018-11-26 13:02:52][debug] [sms]end:1543208572
[2018-11-26 13:02:52][debug] [sms]page:https://bbs.sex002.xyz/plugin.php?id=tom_tchongbao:ajax&act=nitice_sms_hb_run&site=1&tongcheng_id=740&hongbao_id=74&page=9
[2018-11-26 13:02:52][debug] [sms]hongbao id:74
[2018-11-26 13:02:52][debug] [sms]page:9
[2018-11-26 13:02:52][debug] [sms]client IP:118.89.52.235
[2018-11-26 13:02:52][debug] [sms]start:1543208572
[2018-11-26 13:02:55][debug] [sms]all num:10
[2018-11-26 13:02:55][debug] [sms]run num:10
[2018-11-26 13:02:55][debug] [sms]ok num:6
[2018-11-26 13:02:55][debug] [sms]no num:0
[2018-11-26 13:02:55][debug] [sms]run time:3
[2018-11-26 13:02:55][debug] [sms]end:1543208575
[2018-11-26 13:02:55][debug] [sms]page:https://bbs.sex002.xyz/plugin.php?id=tom_tchongbao:ajax&act=nitice_sms_hb_run&site=1&tongcheng_id=740&hongbao_id=74&page=10
[2018-11-26 13:02:55][debug] [sms]hongbao id:74
[2018-11-26 13:02:55][debug] [sms]page:10
[2018-11-26 13:02:55][debug] [sms]client IP:118.89.52.235
[2018-11-26 13:02:55][debug] [sms]start:1543208575
[2018-11-26 13:02:59][debug] [sms]all num:10
[2018-11-26 13:02:59][debug] [sms]run num:10
[2018-11-26 13:02:59][debug] [sms]ok num:10
[2018-11-26 13:02:59][debug] [sms]no num:0
[2018-11-26 13:02:59][debug] [sms]run time:4
[2018-11-26 13:02:59][debug] [sms]end:1543208579
[2018-11-26 13:02:59][debug] [sms]page:https://bbs.sex002.xyz/plugin.php?id=tom_tchongbao:ajax&act=nitice_sms_hb_run&site=1&tongcheng_id=740&hongbao_id=74&page=11
[2018-11-26 13:02:59][debug] [sms]hongbao id:74
[2018-11-26 13:02:59][debug] [sms]page:11
[2018-11-26 13:02:59][debug] [sms]client IP:118.89.52.235
[2018-11-26 13:02:59][debug] [sms]start:1543208579
[2018-11-26 13:03:02][debug] [sms]all num:10
[2018-11-26 13:03:02][debug] [sms]run num:10
[2018-11-26 13:03:02][debug] [sms]ok num:8
[2018-11-26 13:03:02][debug] [sms]no num:0
[2018-11-26 13:03:02][debug] [sms]run time:3
[2018-11-26 13:03:02][debug] [sms]end:1543208582
[2018-11-26 13:03:02][debug] [sms]page:https://bbs.sex002.xyz/plugin.php?id=tom_tchongbao:ajax&act=nitice_sms_hb_run&site=1&tongcheng_id=740&hongbao_id=74&page=12
[2018-11-26 13:03:03][debug] [sms]hongbao id:74
[2018-11-26 13:03:03][debug] [sms]page:12
[2018-11-26 13:03:03][debug] [sms]client IP:118.89.52.235
[2018-11-26 13:03:03][debug] [sms]start:1543208583
[2018-11-26 13:03:06][debug] [sms]all num:10
[2018-11-26 13:03:06][debug] [sms]run num:10
[2018-11-26 13:03:06][debug] [sms]ok num:9
[2018-11-26 13:03:06][debug] [sms]no num:0
[2018-11-26 13:03:06][debug] [sms]run time:3
[2018-11-26 13:03:06][debug] [sms]end:1543208586
[2018-11-26 13:03:06][debug] [sms]page:https://bbs.sex002.xyz/plugin.php?id=tom_tchongbao:ajax&act=nitice_sms_hb_run&site=1&tongcheng_id=740&hongbao_id=74&page=13
[2018-11-26 13:03:06][debug] [sms]hongbao id:74
[2018-11-26 13:03:06][debug] [sms]page:13
[2018-11-26 13:03:06][debug] [sms]client IP:118.89.52.235
[2018-11-26 13:03:06][debug] [sms]start:1543208586
[2018-11-26 13:03:10][debug] [sms]all num:10
[2018-11-26 13:03:10][debug] [sms]run num:10
[2018-11-26 13:03:10][debug] [sms]ok num:8
[2018-11-26 13:03:10][debug] [sms]no num:0
[2018-11-26 13:03:10][debug] [sms]run time:4
[2018-11-26 13:03:10][debug] [sms]end:1543208590
[2018-11-26 13:03:10][debug] [sms]page:https://bbs.sex002.xyz/plugin.php?id=tom_tchongbao:ajax&act=nitice_sms_hb_run&site=1&tongcheng_id=740&hongbao_id=74&page=14
[2018-11-26 13:03:10][debug] [sms]hongbao id:74
[2018-11-26 13:03:10][debug] [sms]page:14
[2018-11-26 13:03:10][debug] [sms]client IP:118.89.52.235
[2018-11-26 13:03:10][debug] [sms]start:1543208590
[2018-11-26 13:03:13][debug] [sms]all num:10
[2018-11-26 13:03:13][debug] [sms]run num:10
[2018-11-26 13:03:13][debug] [sms]ok num:9
[2018-11-26 13:03:13][debug] [sms]no num:0
[2018-11-26 13:03:13][debug] [sms]run time:3
[2018-11-26 13:03:13][debug] [sms]end:1543208593
[2018-11-26 13:03:13][debug] [sms]page:https://bbs.sex002.xyz/plugin.php?id=tom_tchongbao:ajax&act=nitice_sms_hb_run&site=1&tongcheng_id=740&hongbao_id=74&page=15
[2018-11-26 13:03:13][debug] [sms]hongbao id:74
[2018-11-26 13:03:13][debug] [sms]page:15
[2018-11-26 13:03:13][debug] [sms]client IP:118.89.52.235
[2018-11-26 13:03:13][debug] [sms]start:1543208593
[2018-11-26 13:03:16][debug] [sms]all num:10
[2018-11-26 13:03:16][debug] [sms]run num:10
[2018-11-26 13:03:16][debug] [sms]ok num:8
[2018-11-26 13:03:16][debug] [sms]no num:0
[2018-11-26 13:03:16][debug] [sms]run time:3
[2018-11-26 13:03:16][debug] [sms]end:1543208596
[2018-11-26 13:03:16][debug] [sms]page:https://bbs.sex002.xyz/plugin.php?id=tom_tchongbao:ajax&act=nitice_sms_hb_run&site=1&tongcheng_id=740&hongbao_id=74&page=16
[2018-11-26 13:03:16][debug] [sms]hongbao id:74
[2018-11-26 13:03:16][debug] [sms]page:16
[2018-11-26 13:03:16][debug] [sms]client IP:118.89.52.235
[2018-11-26 13:03:16][debug] [sms]start:1543208596
[2018-11-26 13:03:19][debug] [sms]all num:10
[2018-11-26 13:03:19][debug] [sms]run num:10
[2018-11-26 13:03:19][debug] [sms]ok num:7
[2018-11-26 13:03:19][debug] [sms]no num:0
[2018-11-26 13:03:19][debug] [sms]run time:3
[2018-11-26 13:03:19][debug] [sms]end:1543208599
[2018-11-26 13:03:19][debug] [sms]page:https://bbs.sex002.xyz/plugin.php?id=tom_tchongbao:ajax&act=nitice_sms_hb_run&site=1&tongcheng_id=740&hongbao_id=74&page=17
[2018-11-26 13:03:19][debug] [sms]hongbao id:74
[2018-11-26 13:03:19][debug] [sms]page:17
[2018-11-26 13:03:19][debug] [sms]client IP:118.89.52.235
[2018-11-26 13:03:19][debug] [sms]start:1543208599
[2018-11-26 13:03:22][debug] [sms]all num:10
[2018-11-26 13:03:22][debug] [sms]run num:10
[2018-11-26 13:03:22][debug] [sms]ok num:7
[2018-11-26 13:03:22][debug] [sms]no num:0
[2018-11-26 13:03:22][debug] [sms]run time:3
[2018-11-26 13:03:22][debug] [sms]end:1543208602
[2018-11-26 13:03:22][debug] [sms]page:https://bbs.sex002.xyz/plugin.php?id=tom_tchongbao:ajax&act=nitice_sms_hb_run&site=1&tongcheng_id=740&hongbao_id=74&page=18
[2018-11-26 13:03:23][debug] [sms]hongbao id:74
[2018-11-26 13:03:23][debug] [sms]page:18
[2018-11-26 13:03:23][debug] [sms]client IP:118.89.52.235
[2018-11-26 13:03:23][debug] [sms]start:1543208603
[2018-11-26 13:03:26][debug] [sms]all num:10
[2018-11-26 13:03:26][debug] [sms]run num:10
[2018-11-26 13:03:26][debug] [sms]ok num:7
[2018-11-26 13:03:26][debug] [sms]no num:0
[2018-11-26 13:03:26][debug] [sms]run time:3
[2018-11-26 13:03:26][debug] [sms]end:1543208606
[2018-11-26 13:03:26][debug] [sms]page:https://bbs.sex002.xyz/plugin.php?id=tom_tchongbao:ajax&act=nitice_sms_hb_run&site=1&tongcheng_id=740&hongbao_id=74&page=19
[2018-11-26 13:03:26][debug] [sms]hongbao id:74
[2018-11-26 13:03:26][debug] [sms]page:19
[2018-11-26 13:03:26][debug] [sms]client IP:118.89.52.235
[2018-11-26 13:03:26][debug] [sms]start:1543208606
[2018-11-26 13:03:29][debug] [sms]all num:10
[2018-11-26 13:03:29][debug] [sms]run num:10
[2018-11-26 13:03:29][debug] [sms]ok num:6
[2018-11-26 13:03:29][debug] [sms]no num:0
[2018-11-26 13:03:29][debug] [sms]run time:3
[2018-11-26 13:03:29][debug] [sms]end:1543208609
[2018-11-26 13:03:29][debug] [sms]page:https://bbs.sex002.xyz/plugin.php?id=tom_tchongbao:ajax&act=nitice_sms_hb_run&site=1&tongcheng_id=740&hongbao_id=74&page=20
[2018-11-26 13:03:29][debug] [sms]hongbao id:74
[2018-11-26 13:03:29][debug] [sms]page:20
[2018-11-26 13:03:29][debug] [sms]client IP:118.89.52.235
[2018-11-26 13:03:29][debug] [sms]start:1543208609
[2018-11-26 13:03:32][debug] [sms]all num:10
[2018-11-26 13:03:32][debug] [sms]run num:10
[2018-11-26 13:03:32][debug] [sms]ok num:6
[2018-11-26 13:03:32][debug] [sms]no num:0
[2018-11-26 13:03:32][debug] [sms]run time:3
[2018-11-26 13:03:32][debug] [sms]end:1543208612
[2018-11-26 13:03:32][debug] [sms]page:https://bbs.sex002.xyz/plugin.php?id=tom_tchongbao:ajax&act=nitice_sms_hb_run&site=1&tongcheng_id=740&hongbao_id=74&page=21
[2018-11-26 13:03:32][debug] [sms]hongbao id:74
[2018-11-26 13:03:32][debug] [sms]page:21
[2018-11-26 13:03:32][debug] [sms]client IP:118.89.52.235
[2018-11-26 13:03:32][debug] [sms]start:1543208612
[2018-11-26 13:03:35][debug] [sms]all num:10
[2018-11-26 13:03:35][debug] [sms]run num:10
[2018-11-26 13:03:35][debug] [sms]ok num:5
[2018-11-26 13:03:35][debug] [sms]no num:0
[2018-11-26 13:03:35][debug] [sms]run time:3
[2018-11-26 13:03:35][debug] [sms]end:1543208615
[2018-11-26 13:03:35][debug] [sms]page:https://bbs.sex002.xyz/plugin.php?id=tom_tchongbao:ajax&act=nitice_sms_hb_run&site=1&tongcheng_id=740&hongbao_id=74&page=22
[2018-11-26 13:03:36][debug] [sms]hongbao id:74
[2018-11-26 13:03:36][debug] [sms]page:22
[2018-11-26 13:03:36][debug] [sms]client IP:118.89.52.235
[2018-11-26 13:03:36][debug] [sms]start:1543208616
[2018-11-26 13:03:39][debug] [sms]all num:10
[2018-11-26 13:03:39][debug] [sms]run num:10
[2018-11-26 13:03:39][debug] [sms]ok num:7
[2018-11-26 13:03:39][debug] [sms]no num:0
[2018-11-26 13:03:39][debug] [sms]run time:3
[2018-11-26 13:03:39][debug] [sms]end:1543208619
[2018-11-26 13:03:39][debug] [sms]page:https://bbs.sex002.xyz/plugin.php?id=tom_tchongbao:ajax&act=nitice_sms_hb_run&site=1&tongcheng_id=740&hongbao_id=74&page=23
[2018-11-26 13:03:39][debug] [sms]hongbao id:74
[2018-11-26 13:03:39][debug] [sms]page:23
[2018-11-26 13:03:39][debug] [sms]client IP:118.89.52.235
[2018-11-26 13:03:39][debug] [sms]start:1543208619
[2018-11-26 13:03:42][debug] [sms]all num:10
[2018-11-26 13:03:42][debug] [sms]run num:10
[2018-11-26 13:03:42][debug] [sms]ok num:6
[2018-11-26 13:03:42][debug] [sms]no num:0
[2018-11-26 13:03:42][debug] [sms]run time:3
[2018-11-26 13:03:42][debug] [sms]end:1543208622
[2018-11-26 13:03:42][debug] [sms]page:https://bbs.sex002.xyz/plugin.php?id=tom_tchongbao:ajax&act=nitice_sms_hb_run&site=1&tongcheng_id=740&hongbao_id=74&page=24
[2018-11-26 13:03:42][debug] [sms]hongbao id:74
[2018-11-26 13:03:42][debug] [sms]page:24
[2018-11-26 13:03:42][debug] [sms]client IP:118.89.52.235
[2018-11-26 13:03:42][debug] [sms]start:1543208622
[2018-11-26 13:03:45][debug] [sms]all num:10
[2018-11-26 13:03:45][debug] [sms]run num:10
[2018-11-26 13:03:45][debug] [sms]ok num:5
[2018-11-26 13:03:45][debug] [sms]no num:0
[2018-11-26 13:03:45][debug] [sms]run time:3
[2018-11-26 13:03:45][debug] [sms]end:1543208625
[2018-11-26 13:03:45][debug] [sms]page:https://bbs.sex002.xyz/plugin.php?id=tom_tchongbao:ajax&act=nitice_sms_hb_run&site=1&tongcheng_id=740&hongbao_id=74&page=25
[2018-11-26 13:03:45][debug] [sms]hongbao id:74
[2018-11-26 13:03:45][debug] [sms]page:25
[2018-11-26 13:03:45][debug] [sms]client IP:118.89.52.235
[2018-11-26 13:03:45][debug] [sms]start:1543208625
[2018-11-26 13:03:48][debug] [sms]all num:10
[2018-11-26 13:03:48][debug] [sms]run num:10
[2018-11-26 13:03:48][debug] [sms]ok num:7
[2018-11-26 13:03:48][debug] [sms]no num:0
[2018-11-26 13:03:48][debug] [sms]run time:3
[2018-11-26 13:03:48][debug] [sms]end:1543208628
[2018-11-26 13:03:48][debug] [sms]page:https://bbs.sex002.xyz/plugin.php?id=tom_tchongbao:ajax&act=nitice_sms_hb_run&site=1&tongcheng_id=740&hongbao_id=74&page=26
[2018-11-26 13:03:48][debug] [sms]hongbao id:74
[2018-11-26 13:03:48][debug] [sms]page:26
[2018-11-26 13:03:48][debug] [sms]client IP:118.89.52.235
[2018-11-26 13:03:48][debug] [sms]start:1543208628
[2018-11-26 13:03:51][debug] [sms]all num:10
[2018-11-26 13:03:51][debug] [sms]run num:10
[2018-11-26 13:03:51][debug] [sms]ok num:9
[2018-11-26 13:03:51][debug] [sms]no num:0
[2018-11-26 13:03:51][debug] [sms]run time:3
[2018-11-26 13:03:51][debug] [sms]end:1543208631
[2018-11-26 13:03:51][debug] [sms]page:https://bbs.sex002.xyz/plugin.php?id=tom_tchongbao:ajax&act=nitice_sms_hb_run&site=1&tongcheng_id=740&hongbao_id=74&page=27
[2018-11-26 13:03:51][debug] [sms]hongbao id:74
[2018-11-26 13:03:51][debug] [sms]page:27
[2018-11-26 13:03:51][debug] [sms]client IP:118.89.52.235
[2018-11-26 13:03:51][debug] [sms]start:1543208631
[2018-11-26 13:03:54][debug] [sms]all num:10
[2018-11-26 13:03:54][debug] [sms]run num:10
[2018-11-26 13:03:54][debug] [sms]ok num:8
[2018-11-26 13:03:54][debug] [sms]no num:0
[2018-11-26 13:03:54][debug] [sms]run time:3
[2018-11-26 13:03:54][debug] [sms]end:1543208634
[2018-11-26 13:03:54][debug] [sms]page:https://bbs.sex002.xyz/plugin.php?id=tom_tchongbao:ajax&act=nitice_sms_hb_run&site=1&tongcheng_id=740&hongbao_id=74&page=28
[2018-11-26 13:03:55][debug] [sms]hongbao id:74
[2018-11-26 13:03:55][debug] [sms]page:28
[2018-11-26 13:03:55][debug] [sms]client IP:118.89.52.235
[2018-11-26 13:03:55][debug] [sms]start:1543208635
[2018-11-26 13:03:58][debug] [sms]all num:10
[2018-11-26 13:03:58][debug] [sms]run num:10
[2018-11-26 13:03:58][debug] [sms]ok num:9
[2018-11-26 13:03:58][debug] [sms]no num:0
[2018-11-26 13:03:58][debug] [sms]run time:3
[2018-11-26 13:03:58][debug] [sms]end:1543208638
[2018-11-26 13:03:58][debug] [sms]page:https://bbs.sex002.xyz/plugin.php?id=tom_tchongbao:ajax&act=nitice_sms_hb_run&site=1&tongcheng_id=740&hongbao_id=74&page=29
[2018-11-26 13:03:58][debug] [sms]hongbao id:74
[2018-11-26 13:03:58][debug] [sms]page:29
[2018-11-26 13:03:58][debug] [sms]client IP:118.89.52.235
[2018-11-26 13:03:58][debug] [sms]start:1543208638
[2018-11-26 13:04:01][debug] [sms]all num:10
[2018-11-26 13:04:01][debug] [sms]run num:10
[2018-11-26 13:04:01][debug] [sms]ok num:9
[2018-11-26 13:04:01][debug] [sms]no num:0
[2018-11-26 13:04:01][debug] [sms]run time:3
[2018-11-26 13:04:01][debug] [sms]end:1543208641
[2018-11-26 13:04:01][debug] [sms]page:https://bbs.sex002.xyz/plugin.php?id=tom_tchongbao:ajax&act=nitice_sms_hb_run&site=1&tongcheng_id=740&hongbao_id=74&page=30
[2018-11-26 13:04:01][debug] [sms]hongbao id:74
[2018-11-26 13:04:01][debug] [sms]page:30
[2018-11-26 13:04:01][debug] [sms]client IP:118.89.52.235
[2018-11-26 13:04:01][debug] [sms]start:1543208641
[2018-11-26 13:04:04][debug] [sms]all num:10
[2018-11-26 13:04:04][debug] [sms]run num:10
[2018-11-26 13:04:04][debug] [sms]ok num:10
[2018-11-26 13:04:04][debug] [sms]no num:0
[2018-11-26 13:04:04][debug] [sms]run time:3
[2018-11-26 13:04:04][debug] [sms]end:1543208644
[2018-11-26 13:04:04][debug] [sms]page:https://bbs.sex002.xyz/plugin.php?id=tom_tchongbao:ajax&act=nitice_sms_hb_run&site=1&tongcheng_id=740&hongbao_id=74&page=31
[2018-11-26 13:04:05][debug] [sms]hongbao id:74
[2018-11-26 13:04:05][debug] [sms]page:31
[2018-11-26 13:04:05][debug] [sms]client IP:118.89.52.235
[2018-11-26 13:04:05][debug] [sms]start:1543208645
[2018-11-26 13:04:08][debug] [sms]all num:10
[2018-11-26 13:04:08][debug] [sms]run num:10
[2018-11-26 13:04:08][debug] [sms]ok num:10
[2018-11-26 13:04:08][debug] [sms]no num:0
[2018-11-26 13:04:08][debug] [sms]run time:3
[2018-11-26 13:04:08][debug] [sms]end:1543208648
[2018-11-26 13:04:08][debug] [sms]page:https://bbs.sex002.xyz/plugin.php?id=tom_tchongbao:ajax&act=nitice_sms_hb_run&site=1&tongcheng_id=740&hongbao_id=74&page=32
[2018-11-26 13:04:08][debug] [sms]hongbao id:74
[2018-11-26 13:04:08][debug] [sms]page:32
[2018-11-26 13:04:08][debug] [sms]client IP:118.89.52.235
[2018-11-26 13:04:08][debug] [sms]start:1543208648
[2018-11-26 13:04:11][debug] [sms]all num:10
[2018-11-26 13:04:11][debug] [sms]run num:10
[2018-11-26 13:04:11][debug] [sms]ok num:10
[2018-11-26 13:04:11][debug] [sms]no num:0
[2018-11-26 13:04:11][debug] [sms]run time:3
[2018-11-26 13:04:11][debug] [sms]end:1543208651
[2018-11-26 13:04:11][debug] [sms]page:https://bbs.sex002.xyz/plugin.php?id=tom_tchongbao:ajax&act=nitice_sms_hb_run&site=1&tongcheng_id=740&hongbao_id=74&page=33
[2018-11-26 13:04:11][debug] [sms]hongbao id:74
[2018-11-26 13:04:11][debug] [sms]page:33
[2018-11-26 13:04:11][debug] [sms]client IP:118.89.52.235
[2018-11-26 13:04:11][debug] [sms]start:1543208651
[2018-11-26 13:04:14][debug] [sms]all num:10
[2018-11-26 13:04:14][debug] [sms]run num:10
[2018-11-26 13:04:14][debug] [sms]ok num:10
[2018-11-26 13:04:14][debug] [sms]no num:0
[2018-11-26 13:04:14][debug] [sms]run time:3
[2018-11-26 13:04:14][debug] [sms]end:1543208654
[2018-11-26 13:04:14][debug] [sms]page:https://bbs.sex002.xyz/plugin.php?id=tom_tchongbao:ajax&act=nitice_sms_hb_run&site=1&tongcheng_id=740&hongbao_id=74&page=34
[2018-11-26 13:04:14][debug] [sms]hongbao id:74
[2018-11-26 13:04:14][debug] [sms]page:34
[2018-11-26 13:04:14][debug] [sms]client IP:118.89.52.235
[2018-11-26 13:04:14][debug] [sms]start:1543208654
[2018-11-26 13:04:17][debug] [sms]all num:10
[2018-11-26 13:04:17][debug] [sms]run num:10
[2018-11-26 13:04:17][debug] [sms]ok num:10
[2018-11-26 13:04:17][debug] [sms]no num:0
[2018-11-26 13:04:17][debug] [sms]run time:3
[2018-11-26 13:04:17][debug] [sms]end:1543208657
[2018-11-26 13:04:17][debug] [sms]page:https://bbs.sex002.xyz/plugin.php?id=tom_tchongbao:ajax&act=nitice_sms_hb_run&site=1&tongcheng_id=740&hongbao_id=74&page=35
[2018-11-26 13:04:17][debug] [sms]hongbao id:74
[2018-11-26 13:04:17][debug] [sms]page:35
[2018-11-26 13:04:17][debug] [sms]client IP:118.89.52.235
[2018-11-26 13:04:17][debug] [sms]start:1543208657
[2018-11-26 13:04:20][debug] [sms]all num:10
[2018-11-26 13:04:20][debug] [sms]run num:10
[2018-11-26 13:04:20][debug] [sms]ok num:9
[2018-11-26 13:04:20][debug] [sms]no num:0
[2018-11-26 13:04:20][debug] [sms]run time:3
[2018-11-26 13:04:20][debug] [sms]end:1543208660
[2018-11-26 13:04:20][debug] [sms]page:https://bbs.sex002.xyz/plugin.php?id=tom_tchongbao:ajax&act=nitice_sms_hb_run&site=1&tongcheng_id=740&hongbao_id=74&page=36
[2018-11-26 13:04:21][debug] [sms]hongbao id:74
[2018-11-26 13:04:21][debug] [sms]page:36
[2018-11-26 13:04:21][debug] [sms]client IP:118.89.52.235
[2018-11-26 13:04:21][debug] [sms]start:1543208661
[2018-11-26 13:04:23][debug] [sms]all num:10
[2018-11-26 13:04:23][debug] [sms]run num:10
[2018-11-26 13:04:23][debug] [sms]ok num:10
[2018-11-26 13:04:23][debug] [sms]no num:0
[2018-11-26 13:04:23][debug] [sms]run time:2
[2018-11-26 13:04:23][debug] [sms]end:1543208663
[2018-11-26 13:04:23][debug] [sms]page:https://bbs.sex002.xyz/plugin.php?id=tom_tchongbao:ajax&act=nitice_sms_hb_run&site=1&tongcheng_id=740&hongbao_id=74&page=37
[2018-11-26 13:04:24][debug] [sms]hongbao id:74
[2018-11-26 13:04:24][debug] [sms]page:37
[2018-11-26 13:04:24][debug] [sms]client IP:118.89.52.235
[2018-11-26 13:04:24][debug] [sms]start:1543208664
[2018-11-26 13:04:27][debug] [sms]all num:10
[2018-11-26 13:04:27][debug] [sms]run num:10
[2018-11-26 13:04:27][debug] [sms]ok num:10
[2018-11-26 13:04:27][debug] [sms]no num:0
[2018-11-26 13:04:27][debug] [sms]run time:3
[2018-11-26 13:04:27][debug] [sms]end:1543208667
[2018-11-26 13:04:27][debug] [sms]page:https://bbs.sex002.xyz/plugin.php?id=tom_tchongbao:ajax&act=nitice_sms_hb_run&site=1&tongcheng_id=740&hongbao_id=74&page=38
[2018-11-26 13:04:27][debug] [sms]hongbao id:74
[2018-11-26 13:04:27][debug] [sms]page:38
[2018-11-26 13:04:27][debug] [sms]client IP:118.89.52.235
[2018-11-26 13:04:27][debug] [sms]start:1543208667
[2018-11-26 13:04:30][debug] [sms]all num:10
[2018-11-26 13:04:30][debug] [sms]run num:10
[2018-11-26 13:04:30][debug] [sms]ok num:10
[2018-11-26 13:04:30][debug] [sms]no num:0
[2018-11-26 13:04:30][debug] [sms]run time:3
[2018-11-26 13:04:30][debug] [sms]end:1543208670
[2018-11-26 13:04:30][debug] [sms]page:https://bbs.sex002.xyz/plugin.php?id=tom_tchongbao:ajax&act=nitice_sms_hb_run&site=1&tongcheng_id=740&hongbao_id=74&page=39
[2018-11-26 13:04:30][debug] [sms]hongbao id:74
[2018-11-26 13:04:30][debug] [sms]page:39
[2018-11-26 13:04:30][debug] [sms]client IP:118.89.52.235
[2018-11-26 13:04:30][debug] [sms]start:1543208670
[2018-11-26 13:04:33][debug] [sms]all num:10
[2018-11-26 13:04:33][debug] [sms]run num:10
[2018-11-26 13:04:33][debug] [sms]ok num:10
[2018-11-26 13:04:33][debug] [sms]no num:0
[2018-11-26 13:04:33][debug] [sms]run time:3
[2018-11-26 13:04:33][debug] [sms]end:1543208673
[2018-11-26 13:04:33][debug] [sms]page:https://bbs.sex002.xyz/plugin.php?id=tom_tchongbao:ajax&act=nitice_sms_hb_run&site=1&tongcheng_id=740&hongbao_id=74&page=40
[2018-11-26 13:04:33][debug] [sms]hongbao id:74
[2018-11-26 13:04:33][debug] [sms]page:40
[2018-11-26 13:04:33][debug] [sms]client IP:118.89.52.235
[2018-11-26 13:04:33][debug] [sms]start:1543208673
[2018-11-26 13:04:36][debug] [sms]all num:10
[2018-11-26 13:04:36][debug] [sms]run num:10
[2018-11-26 13:04:36][debug] [sms]ok num:10
[2018-11-26 13:04:36][debug] [sms]no num:0
[2018-11-26 13:04:36][debug] [sms]run time:3
[2018-11-26 13:04:36][debug] [sms]end:1543208676
[2018-11-26 13:04:36][debug] [sms]page:https://bbs.sex002.xyz/plugin.php?id=tom_tchongbao:ajax&act=nitice_sms_hb_run&site=1&tongcheng_id=740&hongbao_id=74&page=41
[2018-11-26 13:04:36][debug] [sms]hongbao id:74
[2018-11-26 13:04:36][debug] [sms]page:41
[2018-11-26 13:04:36][debug] [sms]client IP:118.89.52.235
[2018-11-26 13:04:36][debug] [sms]start:1543208676
[2018-11-26 13:04:40][debug] [sms]all num:10
[2018-11-26 13:04:40][debug] [sms]run num:9
[2018-11-26 13:04:40][debug] [sms]ok num:6
[2018-11-26 13:04:40][debug] [sms]no num:0
[2018-11-26 13:04:40][debug] [sms]run time:4
[2018-11-26 13:04:40][debug] [sms]end:1543208680
[2018-11-26 13:04:40][debug] [sms]page:https://bbs.sex002.xyz/plugin.php?id=tom_tchongbao:ajax&act=nitice_sms_hb_run&site=1&tongcheng_id=740&hongbao_id=74&page=42
[2018-11-26 13:04:40][debug] [sms]hongbao id:74
[2018-11-26 13:04:40][debug] [sms]page:42
[2018-11-26 13:04:40][debug] [sms]client IP:118.89.52.235
[2018-11-26 13:04:40][debug] [sms]start:1543208680
[2018-11-26 13:04:44][debug] [sms]all num:10
[2018-11-26 13:04:44][debug] [sms]run num:10
[2018-11-26 13:04:44][debug] [sms]ok num:4
[2018-11-26 13:04:44][debug] [sms]no num:0
[2018-11-26 13:04:44][debug] [sms]run time:4
[2018-11-26 13:04:44][debug] [sms]end:1543208684
[2018-11-26 13:04:44][debug] [sms]page:https://bbs.sex002.xyz/plugin.php?id=tom_tchongbao:ajax&act=nitice_sms_hb_run&site=1&tongcheng_id=740&hongbao_id=74&page=43
[2018-11-26 13:04:45][debug] [sms]hongbao id:74
[2018-11-26 13:04:45][debug] [sms]page:43
[2018-11-26 13:04:45][debug] [sms]client IP:118.89.52.235
[2018-11-26 13:04:45][debug] [sms]start:1543208685
[2018-11-26 13:04:49][debug] [sms]all num:10
[2018-11-26 13:04:49][debug] [sms]run num:10
[2018-11-26 13:04:49][debug] [sms]ok num:4
[2018-11-26 13:04:49][debug] [sms]no num:0
[2018-11-26 13:04:49][debug] [sms]run time:4
[2018-11-26 13:04:49][debug] [sms]end:1543208689
[2018-11-26 13:04:49][debug] [sms]page:https://bbs.sex002.xyz/plugin.php?id=tom_tchongbao:ajax&act=nitice_sms_hb_run&site=1&tongcheng_id=740&hongbao_id=74&page=44
[2018-11-26 13:04:50][debug] [sms]hongbao id:74
[2018-11-26 13:04:50][debug] [sms]page:44
[2018-11-26 13:04:50][debug] [sms]client IP:118.89.52.235
[2018-11-26 13:04:50][debug] [sms]start:1543208690
[2018-11-26 13:04:55][debug] [sms]all num:10
[2018-11-26 13:04:55][debug] [sms]run num:10
[2018-11-26 13:04:55][debug] [sms]ok num:4
[2018-11-26 13:04:55][debug] [sms]no num:0
[2018-11-26 13:04:55][debug] [sms]run time:5
[2018-11-26 13:04:55][debug] [sms]end:1543208695
[2018-11-26 13:04:55][debug] [sms]page:https://bbs.sex002.xyz/plugin.php?id=tom_tchongbao:ajax&act=nitice_sms_hb_run&site=1&tongcheng_id=740&hongbao_id=74&page=45
[2018-11-26 13:04:56][debug] [sms]hongbao id:74
[2018-11-26 13:04:56][debug] [sms]page:45
[2018-11-26 13:04:56][debug] [sms]client IP:118.89.52.235
[2018-11-26 13:04:56][debug] [sms]start:1543208696
[2018-11-26 13:04:59][debug] [sms]all num:10
[2018-11-26 13:04:59][debug] [sms]run num:10
[2018-11-26 13:04:59][debug] [sms]ok num:6
[2018-11-26 13:04:59][debug] [sms]no num:0
[2018-11-26 13:04:59][debug] [sms]run time:3
[2018-11-26 13:04:59][debug] [sms]end:1543208699
[2018-11-26 13:04:59][debug] [sms]page:https://bbs.sex002.xyz/plugin.php?id=tom_tchongbao:ajax&act=nitice_sms_hb_run&site=1&tongcheng_id=740&hongbao_id=74&page=46
[2018-11-26 13:04:59][debug] [sms]hongbao id:74
[2018-11-26 13:04:59][debug] [sms]page:46
[2018-11-26 13:04:59][debug] [sms]client IP:118.89.52.235
[2018-11-26 13:04:59][debug] [sms]start:1543208699
[2018-11-26 13:05:02][debug] [sms]all num:10
[2018-11-26 13:05:02][debug] [sms]run num:10
[2018-11-26 13:05:02][debug] [sms]ok num:5
[2018-11-26 13:05:02][debug] [sms]no num:0
[2018-11-26 13:05:02][debug] [sms]run time:3
[2018-11-26 13:05:02][debug] [sms]end:1543208702
[2018-11-26 13:05:02][debug] [sms]page:https://bbs.sex002.xyz/plugin.php?id=tom_tchongbao:ajax&act=nitice_sms_hb_run&site=1&tongcheng_id=740&hongbao_id=74&page=47
[2018-11-26 13:05:03][debug] [sms]hongbao id:74
[2018-11-26 13:05:03][debug] [sms]page:47
[2018-11-26 13:05:03][debug] [sms]client IP:118.89.52.235
[2018-11-26 13:05:03][debug] [sms]start:1543208703
[2018-11-26 13:05:05][debug] [sms]all num:10
[2018-11-26 13:05:05][debug] [sms]run num:10
[2018-11-26 13:05:05][debug] [sms]ok num:2
[2018-11-26 13:05:05][debug] [sms]no num:0
[2018-11-26 13:05:05][debug] [sms]run time:2
[2018-11-26 13:05:05][debug] [sms]end:1543208705
[2018-11-26 13:05:05][debug] [sms]page:https://bbs.sex002.xyz/plugin.php?id=tom_tchongbao:ajax&act=nitice_sms_hb_run&site=1&tongcheng_id=740&hongbao_id=74&page=48
[2018-11-26 13:05:06][debug] [sms]hongbao id:74
[2018-11-26 13:05:06][debug] [sms]page:48
[2018-11-26 13:05:06][debug] [sms]client IP:118.89.52.235
[2018-11-26 13:05:06][debug] [sms]start:1543208706
[2018-11-26 13:05:09][debug] [sms]all num:10
[2018-11-26 13:05:09][debug] [sms]run num:10
[2018-11-26 13:05:09][debug] [sms]ok num:6
[2018-11-26 13:05:09][debug] [sms]no num:0
[2018-11-26 13:05:09][debug] [sms]run time:3
[2018-11-26 13:05:09][debug] [sms]end:1543208709
[2018-11-26 13:05:09][debug] [sms]page:https://bbs.sex002.xyz/plugin.php?id=tom_tchongbao:ajax&act=nitice_sms_hb_run&site=1&tongcheng_id=740&hongbao_id=74&page=49
[2018-11-26 13:05:09][debug] [sms]hongbao id:74
[2018-11-26 13:05:09][debug] [sms]page:49
[2018-11-26 13:05:09][debug] [sms]client IP:118.89.52.235
[2018-11-26 13:05:09][debug] [sms]start:1543208709
[2018-11-26 13:05:12][debug] [sms]all num:10
[2018-11-26 13:05:12][debug] [sms]run num:10
[2018-11-26 13:05:12][debug] [sms]ok num:4
[2018-11-26 13:05:12][debug] [sms]no num:0
[2018-11-26 13:05:12][debug] [sms]run time:3
[2018-11-26 13:05:12][debug] [sms]end:1543208712
[2018-11-26 13:05:12][debug] [sms]page:https://bbs.sex002.xyz/plugin.php?id=tom_tchongbao:ajax&act=nitice_sms_hb_run&site=1&tongcheng_id=740&hongbao_id=74&page=50
[2018-11-26 13:05:13][debug] [sms]hongbao id:74
[2018-11-26 13:05:13][debug] [sms]page:50
[2018-11-26 13:05:13][debug] [sms]client IP:118.89.52.235
[2018-11-26 13:05:13][debug] [sms]start:1543208713
[2018-11-26 13:05:15][debug] [sms]all num:10
[2018-11-26 13:05:15][debug] [sms]run num:10
[2018-11-26 13:05:15][debug] [sms]ok num:7
[2018-11-26 13:05:15][debug] [sms]no num:0
[2018-11-26 13:05:15][debug] [sms]run time:2
[2018-11-26 13:05:15][debug] [sms]end:1543208715
[2018-11-26 13:05:15][debug] [sms]page:https://bbs.sex002.xyz/plugin.php?id=tom_tchongbao:ajax&act=nitice_sms_hb_run&site=1&tongcheng_id=740&hongbao_id=74&page=51
[2018-11-26 13:05:16][debug] [sms]hongbao id:74
[2018-11-26 13:05:16][debug] [sms]page:51
[2018-11-26 13:05:16][debug] [sms]client IP:118.89.52.235
[2018-11-26 13:05:16][debug] [sms]start:1543208716
[2018-11-26 13:05:19][debug] [sms]all num:10
[2018-11-26 13:05:19][debug] [sms]run num:10
[2018-11-26 13:05:19][debug] [sms]ok num:5
[2018-11-26 13:05:19][debug] [sms]no num:0
[2018-11-26 13:05:19][debug] [sms]run time:3
[2018-11-26 13:05:19][debug] [sms]end:1543208719
[2018-11-26 13:05:19][debug] [sms]page:https://bbs.sex002.xyz/plugin.php?id=tom_tchongbao:ajax&act=nitice_sms_hb_run&site=1&tongcheng_id=740&hongbao_id=74&page=52
[2018-11-26 13:05:19][debug] [sms]hongbao id:74
[2018-11-26 13:05:19][debug] [sms]page:52
[2018-11-26 13:05:19][debug] [sms]client IP:118.89.52.235
[2018-11-26 13:05:19][debug] [sms]start:1543208719
[2018-11-26 13:05:22][debug] [sms]all num:10
[2018-11-26 13:05:22][debug] [sms]run num:10
[2018-11-26 13:05:22][debug] [sms]ok num:6
[2018-11-26 13:05:22][debug] [sms]no num:0
[2018-11-26 13:05:22][debug] [sms]run time:3
[2018-11-26 13:05:22][debug] [sms]end:1543208722
[2018-11-26 13:05:22][debug] [sms]page:https://bbs.sex002.xyz/plugin.php?id=tom_tchongbao:ajax&act=nitice_sms_hb_run&site=1&tongcheng_id=740&hongbao_id=74&page=53
[2018-11-26 13:05:22][debug] [sms]hongbao id:74
[2018-11-26 13:05:22][debug] [sms]page:53
[2018-11-26 13:05:22][debug] [sms]client IP:118.89.52.235
[2018-11-26 13:05:22][debug] [sms]start:1543208722
[2018-11-26 13:05:25][debug] [sms]all num:10
[2018-11-26 13:05:25][debug] [sms]run num:10
[2018-11-26 13:05:25][debug] [sms]ok num:4
[2018-11-26 13:05:25][debug] [sms]no num:0
[2018-11-26 13:05:25][debug] [sms]run time:3
[2018-11-26 13:05:25][debug] [sms]end:1543208725
[2018-11-26 13:05:25][debug] [sms]page:https://bbs.sex002.xyz/plugin.php?id=tom_tchongbao:ajax&act=nitice_sms_hb_run&site=1&tongcheng_id=740&hongbao_id=74&page=54
[2018-11-26 13:05:25][debug] [sms]hongbao id:74
[2018-11-26 13:05:25][debug] [sms]page:54
[2018-11-26 13:05:25][debug] [sms]client IP:118.89.52.235
[2018-11-26 13:05:25][debug] [sms]start:1543208725
[2018-11-26 13:05:29][debug] [sms]all num:10
[2018-11-26 13:05:29][debug] [sms]run num:10
[2018-11-26 13:05:29][debug] [sms]ok num:7
[2018-11-26 13:05:29][debug] [sms]no num:0
[2018-11-26 13:05:29][debug] [sms]run time:4
[2018-11-26 13:05:29][debug] [sms]end:1543208729
[2018-11-26 13:05:29][debug] [sms]page:https://bbs.sex002.xyz/plugin.php?id=tom_tchongbao:ajax&act=nitice_sms_hb_run&site=1&tongcheng_id=740&hongbao_id=74&page=55
[2018-11-26 13:05:29][debug] [sms]hongbao id:74
[2018-11-26 13:05:29][debug] [sms]page:55
[2018-11-26 13:05:29][debug] [sms]client IP:118.89.52.235
[2018-11-26 13:05:29][debug] [sms]start:1543208729
[2018-11-26 13:05:32][debug] [sms]all num:10
[2018-11-26 13:05:32][debug] [sms]run num:10
[2018-11-26 13:05:32][debug] [sms]ok num:5
[2018-11-26 13:05:32][debug] [sms]no num:0
[2018-11-26 13:05:32][debug] [sms]run time:3
[2018-11-26 13:05:32][debug] [sms]end:1543208732
[2018-11-26 13:05:32][debug] [sms]page:https://bbs.sex002.xyz/plugin.php?id=tom_tchongbao:ajax&act=nitice_sms_hb_run&site=1&tongcheng_id=740&hongbao_id=74&page=56
[2018-11-26 13:05:33][debug] [sms]hongbao id:74
[2018-11-26 13:05:33][debug] [sms]page:56
[2018-11-26 13:05:33][debug] [sms]client IP:118.89.52.235
[2018-11-26 13:05:33][debug] [sms]start:1543208733
[2018-11-26 13:05:36][debug] [sms]all num:10
[2018-11-26 13:05:36][debug] [sms]run num:10
[2018-11-26 13:05:36][debug] [sms]ok num:5
[2018-11-26 13:05:36][debug] [sms]no num:0
[2018-11-26 13:05:36][debug] [sms]run time:3
[2018-11-26 13:05:36][debug] [sms]end:1543208736
[2018-11-26 13:05:36][debug] [sms]page:https://bbs.sex002.xyz/plugin.php?id=tom_tchongbao:ajax&act=nitice_sms_hb_run&site=1&tongcheng_id=740&hongbao_id=74&page=57
[2018-11-26 13:05:36][debug] [sms]hongbao id:74
[2018-11-26 13:05:36][debug] [sms]page:57
[2018-11-26 13:05:36][debug] [sms]client IP:118.89.52.235
[2018-11-26 13:05:36][debug] [sms]start:1543208736
[2018-11-26 13:05:39][debug] [sms]all num:10
[2018-11-26 13:05:39][debug] [sms]run num:10
[2018-11-26 13:05:39][debug] [sms]ok num:2
[2018-11-26 13:05:39][debug] [sms]no num:0
[2018-11-26 13:05:39][debug] [sms]run time:3
[2018-11-26 13:05:39][debug] [sms]end:1543208739
[2018-11-26 13:05:39][debug] [sms]page:https://bbs.sex002.xyz/plugin.php?id=tom_tchongbao:ajax&act=nitice_sms_hb_run&site=1&tongcheng_id=740&hongbao_id=74&page=58
[2018-11-26 13:05:39][debug] [sms]hongbao id:74
[2018-11-26 13:05:39][debug] [sms]page:58
[2018-11-26 13:05:39][debug] [sms]client IP:118.89.52.235
[2018-11-26 13:05:39][debug] [sms]start:1543208739
[2018-11-26 13:05:42][debug] [sms]all num:10
[2018-11-26 13:05:42][debug] [sms]run num:10
[2018-11-26 13:05:42][debug] [sms]ok num:8
[2018-11-26 13:05:42][debug] [sms]no num:0
[2018-11-26 13:05:42][debug] [sms]run time:3
[2018-11-26 13:05:42][debug] [sms]end:1543208742
[2018-11-26 13:05:42][debug] [sms]page:https://bbs.sex002.xyz/plugin.php?id=tom_tchongbao:ajax&act=nitice_sms_hb_run&site=1&tongcheng_id=740&hongbao_id=74&page=59
[2018-11-26 13:05:43][debug] [sms]hongbao id:74
[2018-11-26 13:05:43][debug] [sms]page:59
[2018-11-26 13:05:43][debug] [sms]client IP:118.89.52.235
[2018-11-26 13:05:43][debug] [sms]start:1543208743
[2018-11-26 13:05:46][debug] [sms]all num:10
[2018-11-26 13:05:46][debug] [sms]run num:10
[2018-11-26 13:05:46][debug] [sms]ok num:6
[2018-11-26 13:05:46][debug] [sms]no num:0
[2018-11-26 13:05:46][debug] [sms]run time:3
[2018-11-26 13:05:46][debug] [sms]end:1543208746
[2018-11-26 13:05:46][debug] [sms]page:https://bbs.sex002.xyz/plugin.php?id=tom_tchongbao:ajax&act=nitice_sms_hb_run&site=1&tongcheng_id=740&hongbao_id=74&page=60
[2018-11-26 13:05:47][debug] [sms]hongbao id:74
[2018-11-26 13:05:47][debug] [sms]page:60
[2018-11-26 13:05:47][debug] [sms]client IP:118.89.52.235
[2018-11-26 13:05:47][debug] [sms]start:1543208747
[2018-11-26 13:05:51][debug] [sms]all num:10
[2018-11-26 13:05:51][debug] [sms]run num:10
[2018-11-26 13:05:51][debug] [sms]ok num:10
[2018-11-26 13:05:51][debug] [sms]no num:0
[2018-11-26 13:05:51][debug] [sms]run time:4
[2018-11-26 13:05:51][debug] [sms]end:1543208751
[2018-11-26 13:05:51][debug] [sms]page:https://bbs.sex002.xyz/plugin.php?id=tom_tchongbao:ajax&act=nitice_sms_hb_run&site=1&tongcheng_id=740&hongbao_id=74&page=61
[2018-11-26 13:05:51][debug] [sms]hongbao id:74
[2018-11-26 13:05:51][debug] [sms]page:61
[2018-11-26 13:05:51][debug] [sms]client IP:118.89.52.235
[2018-11-26 13:05:51][debug] [sms]start:1543208751
[2018-11-26 13:05:55][debug] [sms]all num:10
[2018-11-26 13:05:55][debug] [sms]run num:10
[2018-11-26 13:05:55][debug] [sms]ok num:8
[2018-11-26 13:05:55][debug] [sms]no num:0
[2018-11-26 13:05:55][debug] [sms]run time:4
[2018-11-26 13:05:55][debug] [sms]end:1543208755
[2018-11-26 13:05:55][debug] [sms]page:https://bbs.sex002.xyz/plugin.php?id=tom_tchongbao:ajax&act=nitice_sms_hb_run&site=1&tongcheng_id=740&hongbao_id=74&page=62
[2018-11-26 13:05:55][debug] [sms]hongbao id:74
[2018-11-26 13:05:55][debug] [sms]page:62
[2018-11-26 13:05:55][debug] [sms]client IP:118.89.52.235
[2018-11-26 13:05:55][debug] [sms]start:1543208755
[2018-11-26 13:05:58][debug] [sms]all num:10
[2018-11-26 13:05:58][debug] [sms]run num:10
[2018-11-26 13:05:58][debug] [sms]ok num:10
[2018-11-26 13:05:58][debug] [sms]no num:0
[2018-11-26 13:05:58][debug] [sms]run time:3
[2018-11-26 13:05:58][debug] [sms]end:1543208758
[2018-11-26 13:05:58][debug] [sms]page:https://bbs.sex002.xyz/plugin.php?id=tom_tchongbao:ajax&act=nitice_sms_hb_run&site=1&tongcheng_id=740&hongbao_id=74&page=63
[2018-11-26 13:05:58][debug] [sms]hongbao id:74
[2018-11-26 13:05:58][debug] [sms]page:63
[2018-11-26 13:05:58][debug] [sms]client IP:118.89.52.235
[2018-11-26 13:05:58][debug] [sms]start:1543208758
[2018-11-26 13:06:01][debug] [sms]all num:10
[2018-11-26 13:06:01][debug] [sms]run num:10
[2018-11-26 13:06:01][debug] [sms]ok num:7
[2018-11-26 13:06:01][debug] [sms]no num:0
[2018-11-26 13:06:01][debug] [sms]run time:3
[2018-11-26 13:06:01][debug] [sms]end:1543208761
[2018-11-26 13:06:01][debug] [sms]page:https://bbs.sex002.xyz/plugin.php?id=tom_tchongbao:ajax&act=nitice_sms_hb_run&site=1&tongcheng_id=740&hongbao_id=74&page=64
[2018-11-26 13:06:01][debug] [sms]hongbao id:74
[2018-11-26 13:06:01][debug] [sms]page:64
[2018-11-26 13:06:01][debug] [sms]client IP:118.89.52.235
[2018-11-26 13:06:01][debug] [sms]start:1543208761
[2018-11-26 13:06:04][debug] [sms]all num:10
[2018-11-26 13:06:04][debug] [sms]run num:10
[2018-11-26 13:06:04][debug] [sms]ok num:4
[2018-11-26 13:06:04][debug] [sms]no num:0
[2018-11-26 13:06:04][debug] [sms]run time:3
[2018-11-26 13:06:04][debug] [sms]end:1543208764
[2018-11-26 13:06:04][debug] [sms]page:https://bbs.sex002.xyz/plugin.php?id=tom_tchongbao:ajax&act=nitice_sms_hb_run&site=1&tongcheng_id=740&hongbao_id=74&page=65
[2018-11-26 13:06:04][debug] [sms]hongbao id:74
[2018-11-26 13:06:04][debug] [sms]page:65
[2018-11-26 13:06:04][debug] [sms]client IP:118.89.52.235
[2018-11-26 13:06:04][debug] [sms]start:1543208764
[2018-11-26 13:06:07][debug] [sms]all num:10
[2018-11-26 13:06:07][debug] [sms]run num:10
[2018-11-26 13:06:07][debug] [sms]ok num:4
[2018-11-26 13:06:07][debug] [sms]no num:0
[2018-11-26 13:06:07][debug] [sms]run time:3
[2018-11-26 13:06:07][debug] [sms]end:1543208767
[2018-11-26 13:06:07][debug] [sms]page:https://bbs.sex002.xyz/plugin.php?id=tom_tchongbao:ajax&act=nitice_sms_hb_run&site=1&tongcheng_id=740&hongbao_id=74&page=66
[2018-11-26 13:06:08][debug] [sms]hongbao id:74
[2018-11-26 13:06:08][debug] [sms]page:66
[2018-11-26 13:06:08][debug] [sms]client IP:118.89.52.235
[2018-11-26 13:06:08][debug] [sms]start:1543208768
[2018-11-26 13:06:10][debug] [sms]all num:10
[2018-11-26 13:06:10][debug] [sms]run num:10
[2018-11-26 13:06:10][debug] [sms]ok num:7
[2018-11-26 13:06:10][debug] [sms]no num:0
[2018-11-26 13:06:10][debug] [sms]run time:2
[2018-11-26 13:06:10][debug] [sms]end:1543208770
[2018-11-26 13:06:10][debug] [sms]page:https://bbs.sex002.xyz/plugin.php?id=tom_tchongbao:ajax&act=nitice_sms_hb_run&site=1&tongcheng_id=740&hongbao_id=74&page=67
[2018-11-26 13:06:11][debug] [sms]hongbao id:74
[2018-11-26 13:06:11][debug] [sms]page:67
[2018-11-26 13:06:11][debug] [sms]client IP:118.89.52.235
[2018-11-26 13:06:11][debug] [sms]start:1543208771
[2018-11-26 13:06:14][debug] [sms]all num:10
[2018-11-26 13:06:14][debug] [sms]run num:10
[2018-11-26 13:06:14][debug] [sms]ok num:6
[2018-11-26 13:06:14][debug] [sms]no num:0
[2018-11-26 13:06:14][debug] [sms]run time:3
[2018-11-26 13:06:14][debug] [sms]end:1543208774
[2018-11-26 13:06:14][debug] [sms]page:https://bbs.sex002.xyz/plugin.php?id=tom_tchongbao:ajax&act=nitice_sms_hb_run&site=1&tongcheng_id=740&hongbao_id=74&page=68
[2018-11-26 13:06:14][debug] [sms]hongbao id:74
[2018-11-26 13:06:14][debug] [sms]page:68
[2018-11-26 13:06:14][debug] [sms]client IP:118.89.52.235
[2018-11-26 13:06:14][debug] [sms]start:1543208774
[2018-11-26 13:06:17][debug] [sms]all num:10
[2018-11-26 13:06:17][debug] [sms]run num:10
[2018-11-26 13:06:17][debug] [sms]ok num:8
[2018-11-26 13:06:17][debug] [sms]no num:0
[2018-11-26 13:06:17][debug] [sms]run time:3
[2018-11-26 13:06:17][debug] [sms]end:1543208777
[2018-11-26 13:06:17][debug] [sms]page:https://bbs.sex002.xyz/plugin.php?id=tom_tchongbao:ajax&act=nitice_sms_hb_run&site=1&tongcheng_id=740&hongbao_id=74&page=69
[2018-11-26 13:06:17][debug] [sms]hongbao id:74
[2018-11-26 13:06:17][debug] [sms]page:69
[2018-11-26 13:06:17][debug] [sms]client IP:118.89.52.235
[2018-11-26 13:06:17][debug] [sms]start:1543208777
[2018-11-26 13:06:20][debug] [sms]all num:10
[2018-11-26 13:06:20][debug] [sms]run num:10
[2018-11-26 13:06:20][debug] [sms]ok num:5
[2018-11-26 13:06:20][debug] [sms]no num:0
[2018-11-26 13:06:20][debug] [sms]run time:3
[2018-11-26 13:06:20][debug] [sms]end:1543208780
[2018-11-26 13:06:20][debug] [sms]page:https://bbs.sex002.xyz/plugin.php?id=tom_tchongbao:ajax&act=nitice_sms_hb_run&site=1&tongcheng_id=740&hongbao_id=74&page=70
[2018-11-26 13:06:20][debug] [sms]hongbao id:74
[2018-11-26 13:06:20][debug] [sms]page:70
[2018-11-26 13:06:20][debug] [sms]client IP:118.89.52.235
[2018-11-26 13:06:20][debug] [sms]start:1543208780
[2018-11-26 13:06:23][debug] [sms]all num:10
[2018-11-26 13:06:23][debug] [sms]run num:10
[2018-11-26 13:06:23][debug] [sms]ok num:6
[2018-11-26 13:06:23][debug] [sms]no num:0
[2018-11-26 13:06:23][debug] [sms]run time:3
[2018-11-26 13:06:23][debug] [sms]end:1543208783
[2018-11-26 13:06:23][debug] [sms]page:https://bbs.sex002.xyz/plugin.php?id=tom_tchongbao:ajax&act=nitice_sms_hb_run&site=1&tongcheng_id=740&hongbao_id=74&page=71
[2018-11-26 13:06:23][debug] [sms]hongbao id:74
[2018-11-26 13:06:23][debug] [sms]page:71
[2018-11-26 13:06:23][debug] [sms]client IP:118.89.52.235
[2018-11-26 13:06:23][debug] [sms]start:1543208783
[2018-11-26 13:06:26][debug] [sms]all num:10
[2018-11-26 13:06:26][debug] [sms]run num:10
[2018-11-26 13:06:26][debug] [sms]ok num:4
[2018-11-26 13:06:26][debug] [sms]no num:0
[2018-11-26 13:06:26][debug] [sms]run time:3
[2018-11-26 13:06:26][debug] [sms]end:1543208786
[2018-11-26 13:06:26][debug] [sms]page:https://bbs.sex002.xyz/plugin.php?id=tom_tchongbao:ajax&act=nitice_sms_hb_run&site=1&tongcheng_id=740&hongbao_id=74&page=72
[2018-11-26 13:06:26][debug] [sms]hongbao id:74
[2018-11-26 13:06:26][debug] [sms]page:72
[2018-11-26 13:06:26][debug] [sms]client IP:118.89.52.235
[2018-11-26 13:06:26][debug] [sms]start:1543208786
[2018-11-26 13:06:29][debug] [sms]all num:10
[2018-11-26 13:06:29][debug] [sms]run num:10
[2018-11-26 13:06:29][debug] [sms]ok num:5
[2018-11-26 13:06:29][debug] [sms]no num:0
[2018-11-26 13:06:29][debug] [sms]run time:3
[2018-11-26 13:06:29][debug] [sms]end:1543208789
[2018-11-26 13:06:29][debug] [sms]page:https://bbs.sex002.xyz/plugin.php?id=tom_tchongbao:ajax&act=nitice_sms_hb_run&site=1&tongcheng_id=740&hongbao_id=74&page=73
[2018-11-26 13:06:29][debug] [sms]hongbao id:74
[2018-11-26 13:06:29][debug] [sms]page:73
[2018-11-26 13:06:29][debug] [sms]client IP:118.89.52.235
[2018-11-26 13:06:29][debug] [sms]start:1543208789
[2018-11-26 13:06:33][debug] [sms]all num:10
[2018-11-26 13:06:33][debug] [sms]run num:10
[2018-11-26 13:06:33][debug] [sms]ok num:7
[2018-11-26 13:06:33][debug] [sms]no num:0
[2018-11-26 13:06:33][debug] [sms]run time:4
[2018-11-26 13:06:33][debug] [sms]end:1543208793
[2018-11-26 13:06:33][debug] [sms]page:https://bbs.sex002.xyz/plugin.php?id=tom_tchongbao:ajax&act=nitice_sms_hb_run&site=1&tongcheng_id=740&hongbao_id=74&page=74
[2018-11-26 13:06:33][debug] [sms]hongbao id:74
[2018-11-26 13:06:33][debug] [sms]page:74
[2018-11-26 13:06:33][debug] [sms]client IP:118.89.52.235
[2018-11-26 13:06:33][debug] [sms]start:1543208793
[2018-11-26 13:06:36][debug] [sms]all num:10
[2018-11-26 13:06:36][debug] [sms]run num:10
[2018-11-26 13:06:36][debug] [sms]ok num:6
[2018-11-26 13:06:36][debug] [sms]no num:0
[2018-11-26 13:06:36][debug] [sms]run time:3
[2018-11-26 13:06:36][debug] [sms]end:1543208796
[2018-11-26 13:06:36][debug] [sms]page:https://bbs.sex002.xyz/plugin.php?id=tom_tchongbao:ajax&act=nitice_sms_hb_run&site=1&tongcheng_id=740&hongbao_id=74&page=75
[2018-11-26 13:06:37][debug] [sms]hongbao id:74
[2018-11-26 13:06:37][debug] [sms]page:75
[2018-11-26 13:06:37][debug] [sms]client IP:118.89.52.235
[2018-11-26 13:06:37][debug] [sms]start:1543208797
[2018-11-26 13:06:40][debug] [sms]all num:10
[2018-11-26 13:06:40][debug] [sms]run num:10
[2018-11-26 13:06:40][debug] [sms]ok num:9
[2018-11-26 13:06:40][debug] [sms]no num:0
[2018-11-26 13:06:40][debug] [sms]run time:3
[2018-11-26 13:06:40][debug] [sms]end:1543208800
[2018-11-26 13:06:40][debug] [sms]page:https://bbs.sex002.xyz/plugin.php?id=tom_tchongbao:ajax&act=nitice_sms_hb_run&site=1&tongcheng_id=740&hongbao_id=74&page=76
[2018-11-26 13:06:40][debug] [sms]hongbao id:74
[2018-11-26 13:06:40][debug] [sms]page:76
[2018-11-26 13:06:40][debug] [sms]client IP:118.89.52.235
[2018-11-26 13:06:40][debug] [sms]start:1543208800
[2018-11-26 13:06:43][debug] [sms]all num:10
[2018-11-26 13:06:43][debug] [sms]run num:10
[2018-11-26 13:06:43][debug] [sms]ok num:9
[2018-11-26 13:06:43][debug] [sms]no num:0
[2018-11-26 13:06:43][debug] [sms]run time:3
[2018-11-26 13:06:43][debug] [sms]end:1543208803
[2018-11-26 13:06:43][debug] [sms]page:https://bbs.sex002.xyz/plugin.php?id=tom_tchongbao:ajax&act=nitice_sms_hb_run&site=1&tongcheng_id=740&hongbao_id=74&page=77
[2018-11-26 13:06:44][debug] [sms]hongbao id:74
[2018-11-26 13:06:44][debug] [sms]page:77
[2018-11-26 13:06:44][debug] [sms]client IP:118.89.52.235
[2018-11-26 13:06:44][debug] [sms]start:1543208804
[2018-11-26 13:06:47][debug] [sms]all num:10
[2018-11-26 13:06:47][debug] [sms]run num:10
[2018-11-26 13:06:47][debug] [sms]ok num:8
[2018-11-26 13:06:47][debug] [sms]no num:0
[2018-11-26 13:06:47][debug] [sms]run time:3
[2018-11-26 13:06:47][debug] [sms]end:1543208807
[2018-11-26 13:06:47][debug] [sms]page:https://bbs.sex002.xyz/plugin.php?id=tom_tchongbao:ajax&act=nitice_sms_hb_run&site=1&tongcheng_id=740&hongbao_id=74&page=78
[2018-11-26 13:06:47][debug] [sms]hongbao id:74
[2018-11-26 13:06:47][debug] [sms]page:78
[2018-11-26 13:06:47][debug] [sms]client IP:118.89.52.235
[2018-11-26 13:06:47][debug] [sms]start:1543208807
[2018-11-26 13:06:50][debug] [sms]all num:10
[2018-11-26 13:06:50][debug] [sms]run num:10
[2018-11-26 13:06:50][debug] [sms]ok num:9
[2018-11-26 13:06:50][debug] [sms]no num:0
[2018-11-26 13:06:50][debug] [sms]run time:3
[2018-11-26 13:06:50][debug] [sms]end:1543208810
[2018-11-26 13:06:50][debug] [sms]page:https://bbs.sex002.xyz/plugin.php?id=tom_tchongbao:ajax&act=nitice_sms_hb_run&site=1&tongcheng_id=740&hongbao_id=74&page=79
[2018-11-26 13:06:50][debug] [sms]hongbao id:74
[2018-11-26 13:06:50][debug] [sms]page:79
[2018-11-26 13:06:50][debug] [sms]client IP:118.89.52.235
[2018-11-26 13:06:50][debug] [sms]start:1543208810
[2018-11-26 13:06:53][debug] [sms]all num:10
[2018-11-26 13:06:53][debug] [sms]run num:10
[2018-11-26 13:06:53][debug] [sms]ok num:7
[2018-11-26 13:06:53][debug] [sms]no num:0
[2018-11-26 13:06:53][debug] [sms]run time:3
[2018-11-26 13:06:53][debug] [sms]end:1543208813
[2018-11-26 13:06:53][debug] [sms]page:https://bbs.sex002.xyz/plugin.php?id=tom_tchongbao:ajax&act=nitice_sms_hb_run&site=1&tongcheng_id=740&hongbao_id=74&page=80
[2018-11-26 13:06:54][debug] [sms]hongbao id:74
[2018-11-26 13:06:54][debug] [sms]page:80
[2018-11-26 13:06:54][debug] [sms]client IP:118.89.52.235
[2018-11-26 13:06:54][debug] [sms]start:1543208814
[2018-11-26 13:06:57][debug] [sms]all num:10
[2018-11-26 13:06:57][debug] [sms]run num:10
[2018-11-26 13:06:57][debug] [sms]ok num:8
[2018-11-26 13:06:57][debug] [sms]no num:0
[2018-11-26 13:06:57][debug] [sms]run time:3
[2018-11-26 13:06:57][debug] [sms]end:1543208817
[2018-11-26 13:06:57][debug] [sms]page:https://bbs.sex002.xyz/plugin.php?id=tom_tchongbao:ajax&act=nitice_sms_hb_run&site=1&tongcheng_id=740&hongbao_id=74&page=81
[2018-11-26 13:06:57][debug] [sms]hongbao id:74
[2018-11-26 13:06:57][debug] [sms]page:81
[2018-11-26 13:06:57][debug] [sms]client IP:118.89.52.235
[2018-11-26 13:06:57][debug] [sms]start:1543208817
[2018-11-26 13:07:00][debug] [sms]all num:10
[2018-11-26 13:07:00][debug] [sms]run num:10
[2018-11-26 13:07:00][debug] [sms]ok num:6
[2018-11-26 13:07:00][debug] [sms]no num:0
[2018-11-26 13:07:00][debug] [sms]run time:3
[2018-11-26 13:07:00][debug] [sms]end:1543208820
[2018-11-26 13:07:00][debug] [sms]page:https://bbs.sex002.xyz/plugin.php?id=tom_tchongbao:ajax&act=nitice_sms_hb_run&site=1&tongcheng_id=740&hongbao_id=74&page=82
[2018-11-26 13:07:00][debug] [sms]hongbao id:74
[2018-11-26 13:07:00][debug] [sms]page:82
[2018-11-26 13:07:00][debug] [sms]client IP:118.89.52.235
[2018-11-26 13:07:00][debug] [sms]start:1543208820
[2018-11-26 13:07:03][debug] [sms]all num:10
[2018-11-26 13:07:03][debug] [sms]run num:10
[2018-11-26 13:07:03][debug] [sms]ok num:4
[2018-11-26 13:07:03][debug] [sms]no num:0
[2018-11-26 13:07:03][debug] [sms]run time:3
[2018-11-26 13:07:03][debug] [sms]end:1543208823
[2018-11-26 13:07:03][debug] [sms]page:https://bbs.sex002.xyz/plugin.php?id=tom_tchongbao:ajax&act=nitice_sms_hb_run&site=1&tongcheng_id=740&hongbao_id=74&page=83
[2018-11-26 13:07:04][debug] [sms]hongbao id:74
[2018-11-26 13:07:04][debug] [sms]page:83
[2018-11-26 13:07:04][debug] [sms]client IP:118.89.52.235
[2018-11-26 13:07:04][debug] [sms]start:1543208824
[2018-11-26 13:07:06][debug] [sms]all num:10
[2018-11-26 13:07:06][debug] [sms]run num:10
[2018-11-26 13:07:06][debug] [sms]ok num:1
[2018-11-26 13:07:06][debug] [sms]no num:0
[2018-11-26 13:07:06][debug] [sms]run time:2
[2018-11-26 13:07:06][debug] [sms]end:1543208826
[2018-11-26 13:07:06][debug] [sms]page:https://bbs.sex002.xyz/plugin.php?id=tom_tchongbao:ajax&act=nitice_sms_hb_run&site=1&tongcheng_id=740&hongbao_id=74&page=84
[2018-11-26 13:07:07][debug] [sms]hongbao id:74
[2018-11-26 13:07:07][debug] [sms]page:84
[2018-11-26 13:07:07][debug] [sms]client IP:118.89.52.235
[2018-11-26 13:07:07][debug] [sms]start:1543208827
[2018-11-26 13:07:09][debug] [sms]all num:10
[2018-11-26 13:07:09][debug] [sms]run num:10
[2018-11-26 13:07:09][debug] [sms]ok num:2
[2018-11-26 13:07:09][debug] [sms]no num:0
[2018-11-26 13:07:09][debug] [sms]run time:2
[2018-11-26 13:07:09][debug] [sms]end:1543208829
[2018-11-26 13:07:09][debug] [sms]page:https://bbs.sex002.xyz/plugin.php?id=tom_tchongbao:ajax&act=nitice_sms_hb_run&site=1&tongcheng_id=740&hongbao_id=74&page=85
[2018-11-26 13:07:10][debug] [sms]hongbao id:74
[2018-11-26 13:07:10][debug] [sms]page:85
[2018-11-26 13:07:10][debug] [sms]client IP:118.89.52.235
[2018-11-26 13:07:10][debug] [sms]start:1543208830
[2018-11-26 13:07:13][debug] [sms]all num:10
[2018-11-26 13:07:13][debug] [sms]run num:10
[2018-11-26 13:07:13][debug] [sms]ok num:1
[2018-11-26 13:07:13][debug] [sms]no num:0
[2018-11-26 13:07:13][debug] [sms]run time:3
[2018-11-26 13:07:13][debug] [sms]end:1543208833
[2018-11-26 13:07:13][debug] [sms]page:https://bbs.sex002.xyz/plugin.php?id=tom_tchongbao:ajax&act=nitice_sms_hb_run&site=1&tongcheng_id=740&hongbao_id=74&page=86
[2018-11-26 13:07:13][debug] [sms]hongbao id:74
[2018-11-26 13:07:13][debug] [sms]page:86
[2018-11-26 13:07:13][debug] [sms]client IP:118.89.52.235
[2018-11-26 13:07:13][debug] [sms]start:1543208833
[2018-11-26 13:07:17][debug] [sms]all num:10
[2018-11-26 13:07:17][debug] [sms]run num:10
[2018-11-26 13:07:17][debug] [sms]ok num:5
[2018-11-26 13:07:17][debug] [sms]no num:0
[2018-11-26 13:07:17][debug] [sms]run time:4
[2018-11-26 13:07:17][debug] [sms]end:1543208837
[2018-11-26 13:07:17][debug] [sms]page:https://bbs.sex002.xyz/plugin.php?id=tom_tchongbao:ajax&act=nitice_sms_hb_run&site=1&tongcheng_id=740&hongbao_id=74&page=87
[2018-11-26 13:07:17][debug] [sms]hongbao id:74
[2018-11-26 13:07:17][debug] [sms]page:87
[2018-11-26 13:07:17][debug] [sms]client IP:118.89.52.235
[2018-11-26 13:07:17][debug] [sms]start:1543208837
[2018-11-26 13:07:21][debug] [sms]all num:10
[2018-11-26 13:07:21][debug] [sms]run num:10
[2018-11-26 13:07:21][debug] [sms]ok num:2
[2018-11-26 13:07:21][debug] [sms]no num:0
[2018-11-26 13:07:21][debug] [sms]run time:4
[2018-11-26 13:07:21][debug] [sms]end:1543208841
[2018-11-26 13:07:21][debug] [sms]page:https://bbs.sex002.xyz/plugin.php?id=tom_tchongbao:ajax&act=nitice_sms_hb_run&site=1&tongcheng_id=740&hongbao_id=74&page=88
[2018-11-26 13:07:21][debug] [sms]hongbao id:74
[2018-11-26 13:07:21][debug] [sms]page:88
[2018-11-26 13:07:21][debug] [sms]client IP:118.89.52.235
[2018-11-26 13:07:21][debug] [sms]start:1543208841
[2018-11-26 13:07:24][debug] [sms]all num:10
[2018-11-26 13:07:24][debug] [sms]run num:10
[2018-11-26 13:07:24][debug] [sms]ok num:1
[2018-11-26 13:07:24][debug] [sms]no num:0
[2018-11-26 13:07:24][debug] [sms]run time:3
[2018-11-26 13:07:24][debug] [sms]end:1543208844
[2018-11-26 13:07:24][debug] [sms]page:https://bbs.sex002.xyz/plugin.php?id=tom_tchongbao:ajax&act=nitice_sms_hb_run&site=1&tongcheng_id=740&hongbao_id=74&page=89
[2018-11-26 13:07:24][debug] [sms]hongbao id:74
[2018-11-26 13:07:24][debug] [sms]page:89
[2018-11-26 13:07:24][debug] [sms]client IP:118.89.52.235
[2018-11-26 13:07:24][debug] [sms]start:1543208844
[2018-11-26 13:07:27][debug] [sms]all num:10
[2018-11-26 13:07:27][debug] [sms]run num:10
[2018-11-26 13:07:27][debug] [sms]ok num:0
[2018-11-26 13:07:27][debug] [sms]no num:0
[2018-11-26 13:07:27][debug] [sms]run time:3
[2018-11-26 13:07:27][debug] [sms]end:1543208847
[2018-11-26 13:07:27][debug] [sms]page:https://bbs.sex002.xyz/plugin.php?id=tom_tchongbao:ajax&act=nitice_sms_hb_run&site=1&tongcheng_id=740&hongbao_id=74&page=90
[2018-11-26 13:07:27][debug] [sms]hongbao id:74
[2018-11-26 13:07:27][debug] [sms]page:90
[2018-11-26 13:07:27][debug] [sms]client IP:118.89.52.235
[2018-11-26 13:07:27][debug] [sms]start:1543208847
[2018-11-26 13:07:30][debug] [sms]all num:10
[2018-11-26 13:07:30][debug] [sms]run num:10
[2018-11-26 13:07:30][debug] [sms]ok num:2
[2018-11-26 13:07:30][debug] [sms]no num:0
[2018-11-26 13:07:30][debug] [sms]run time:3
[2018-11-26 13:07:30][debug] [sms]end:1543208850
[2018-11-26 13:07:30][debug] [sms]page:https://bbs.sex002.xyz/plugin.php?id=tom_tchongbao:ajax&act=nitice_sms_hb_run&site=1&tongcheng_id=740&hongbao_id=74&page=91
[2018-11-26 13:07:30][debug] [sms]hongbao id:74
[2018-11-26 13:07:30][debug] [sms]page:91
[2018-11-26 13:07:30][debug] [sms]client IP:118.89.52.235
[2018-11-26 13:07:30][debug] [sms]start:1543208850
[2018-11-26 13:07:33][debug] [sms]all num:10
[2018-11-26 13:07:33][debug] [sms]run num:10
[2018-11-26 13:07:33][debug] [sms]ok num:9
[2018-11-26 13:07:33][debug] [sms]no num:0
[2018-11-26 13:07:33][debug] [sms]run time:3
[2018-11-26 13:07:33][debug] [sms]end:1543208853
[2018-11-26 13:07:33][debug] [sms]page:https://bbs.sex002.xyz/plugin.php?id=tom_tchongbao:ajax&act=nitice_sms_hb_run&site=1&tongcheng_id=740&hongbao_id=74&page=92
[2018-11-26 13:07:33][debug] [sms]hongbao id:74
[2018-11-26 13:07:33][debug] [sms]page:92
[2018-11-26 13:07:33][debug] [sms]client IP:118.89.52.235
[2018-11-26 13:07:33][debug] [sms]start:1543208853
[2018-11-26 13:07:36][debug] [sms]all num:10
[2018-11-26 13:07:36][debug] [sms]run num:10
[2018-11-26 13:07:36][debug] [sms]ok num:3
[2018-11-26 13:07:36][debug] [sms]no num:0
[2018-11-26 13:07:36][debug] [sms]run time:3
[2018-11-26 13:07:36][debug] [sms]end:1543208856
[2018-11-26 13:07:36][debug] [sms]page:https://bbs.sex002.xyz/plugin.php?id=tom_tchongbao:ajax&act=nitice_sms_hb_run&site=1&tongcheng_id=740&hongbao_id=74&page=93
[2018-11-26 13:07:37][debug] [sms]hongbao id:74
[2018-11-26 13:07:37][debug] [sms]page:93
[2018-11-26 13:07:37][debug] [sms]client IP:118.89.52.235
[2018-11-26 13:07:37][debug] [sms]start:1543208857
[2018-11-26 13:07:39][debug] [sms]all num:10
[2018-11-26 13:07:39][debug] [sms]run num:10
[2018-11-26 13:07:39][debug] [sms]ok num:2
[2018-11-26 13:07:39][debug] [sms]no num:0
[2018-11-26 13:07:39][debug] [sms]run time:2
[2018-11-26 13:07:39][debug] [sms]end:1543208859
[2018-11-26 13:07:39][debug] [sms]page:https://bbs.sex002.xyz/plugin.php?id=tom_tchongbao:ajax&act=nitice_sms_hb_run&site=1&tongcheng_id=740&hongbao_id=74&page=94
[2018-11-26 13:07:40][debug] [sms]hongbao id:74
[2018-11-26 13:07:40][debug] [sms]page:94
[2018-11-26 13:07:40][debug] [sms]client IP:118.89.52.235
[2018-11-26 13:07:40][debug] [sms]start:1543208860
[2018-11-26 13:07:43][debug] [sms]all num:10
[2018-11-26 13:07:43][debug] [sms]run num:10
[2018-11-26 13:07:43][debug] [sms]ok num:1
[2018-11-26 13:07:43][debug] [sms]no num:0
[2018-11-26 13:07:43][debug] [sms]run time:3
[2018-11-26 13:07:43][debug] [sms]end:1543208863
[2018-11-26 13:07:43][debug] [sms]page:https://bbs.sex002.xyz/plugin.php?id=tom_tchongbao:ajax&act=nitice_sms_hb_run&site=1&tongcheng_id=740&hongbao_id=74&page=95
[2018-11-26 13:07:43][debug] [sms]hongbao id:74
[2018-11-26 13:07:43][debug] [sms]page:95
[2018-11-26 13:07:43][debug] [sms]client IP:118.89.52.235
[2018-11-26 13:07:43][debug] [sms]start:1543208863
[2018-11-26 13:07:46][debug] [sms]all num:10
[2018-11-26 13:07:46][debug] [sms]run num:10
[2018-11-26 13:07:46][debug] [sms]ok num:1
[2018-11-26 13:07:46][debug] [sms]no num:0
[2018-11-26 13:07:46][debug] [sms]run time:3
[2018-11-26 13:07:46][debug] [sms]end:1543208866
[2018-11-26 13:07:46][debug] [sms]page:https://bbs.sex002.xyz/plugin.php?id=tom_tchongbao:ajax&act=nitice_sms_hb_run&site=1&tongcheng_id=740&hongbao_id=74&page=96
[2018-11-26 13:07:46][debug] [sms]hongbao id:74
[2018-11-26 13:07:46][debug] [sms]page:96
[2018-11-26 13:07:46][debug] [sms]client IP:118.89.52.235
[2018-11-26 13:07:46][debug] [sms]start:1543208866
[2018-11-26 13:07:49][debug] [sms]all num:10
[2018-11-26 13:07:49][debug] [sms]run num:10
[2018-11-26 13:07:49][debug] [sms]ok num:0
[2018-11-26 13:07:49][debug] [sms]no num:0
[2018-11-26 13:07:49][debug] [sms]run time:3
[2018-11-26 13:07:49][debug] [sms]end:1543208869
[2018-11-26 13:07:49][debug] [sms]page:https://bbs.sex002.xyz/plugin.php?id=tom_tchongbao:ajax&act=nitice_sms_hb_run&site=1&tongcheng_id=740&hongbao_id=74&page=97
[2018-11-26 13:07:49][debug] [sms]hongbao id:74
[2018-11-26 13:07:49][debug] [sms]page:97
[2018-11-26 13:07:49][debug] [sms]client IP:118.89.52.235
[2018-11-26 13:07:49][debug] [sms]start:1543208869
[2018-11-26 13:07:52][debug] [sms]all num:10
[2018-11-26 13:07:52][debug] [sms]run num:9
[2018-11-26 13:07:52][debug] [sms]ok num:0
[2018-11-26 13:07:52][debug] [sms]no num:0
[2018-11-26 13:07:52][debug] [sms]run time:3
[2018-11-26 13:07:52][debug] [sms]end:1543208872
[2018-11-26 13:07:52][debug] [sms]page:https://bbs.sex002.xyz/plugin.php?id=tom_tchongbao:ajax&act=nitice_sms_hb_run&site=1&tongcheng_id=740&hongbao_id=74&page=98
[2018-11-26 13:07:52][debug] [sms]hongbao id:74
[2018-11-26 13:07:52][debug] [sms]page:98
[2018-11-26 13:07:52][debug] [sms]client IP:118.89.52.235
[2018-11-26 13:07:52][debug] [sms]start:1543208872
[2018-11-26 13:07:55][debug] [sms]all num:10
[2018-11-26 13:07:55][debug] [sms]run num:10
[2018-11-26 13:07:55][debug] [sms]ok num:0
[2018-11-26 13:07:55][debug] [sms]no num:0
[2018-11-26 13:07:55][debug] [sms]run time:3
[2018-11-26 13:07:55][debug] [sms]end:1543208875
[2018-11-26 13:07:55][debug] [sms]page:https://bbs.sex002.xyz/plugin.php?id=tom_tchongbao:ajax&act=nitice_sms_hb_run&site=1&tongcheng_id=740&hongbao_id=74&page=99
[2018-11-26 13:07:55][debug] [sms]hongbao id:74
[2018-11-26 13:07:55][debug] [sms]page:99
[2018-11-26 13:07:55][debug] [sms]client IP:118.89.52.235
[2018-11-26 13:07:55][debug] [sms]start:1543208875
[2018-11-26 13:07:58][debug] [sms]all num:10
[2018-11-26 13:07:58][debug] [sms]run num:10
[2018-11-26 13:07:58][debug] [sms]ok num:1
[2018-11-26 13:07:58][debug] [sms]no num:0
[2018-11-26 13:07:58][debug] [sms]run time:2
[2018-11-26 13:07:58][debug] [sms]end:1543208878
[2018-11-26 13:07:58][debug] [sms]page:https://bbs.sex002.xyz/plugin.php?id=tom_tchongbao:ajax&act=nitice_sms_hb_run&site=1&tongcheng_id=740&hongbao_id=74&page=100
[2018-11-26 13:07:58][debug] [sms]hongbao id:74
[2018-11-26 13:07:58][debug] [sms]page:100
[2018-11-26 13:07:58][debug] [sms]client IP:118.89.52.235
[2018-11-26 13:07:58][debug] [sms]start:1543208878
[2018-11-26 13:08:00][debug] [sms]all num:10
[2018-11-26 13:08:00][debug] [sms]run num:10
[2018-11-26 13:08:00][debug] [sms]ok num:0
[2018-11-26 13:08:00][debug] [sms]no num:0
[2018-11-26 13:08:00][debug] [sms]run time:2
[2018-11-26 13:08:00][debug] [sms]end:1543208880
[2018-11-26 13:08:00][debug] [sms]page:https://bbs.sex002.xyz/plugin.php?id=tom_tchongbao:ajax&act=nitice_sms_hb_run&site=1&tongcheng_id=740&hongbao_id=74&page=101
[2018-11-26 13:08:01][debug] [sms]--------------------- over 101 -------------------------
