[2019-02-17 22:39:31][debug] [sms]--------------------- new -------------------------
[2019-02-17 22:39:31][debug] [sms]hongbao id:78
[2019-02-17 22:39:31][debug] [sms]page:1
[2019-02-17 22:39:31][debug] [sms]client IP:118.89.52.235
[2019-02-17 22:39:31][debug] [sms]start:1550414371
[2019-02-17 22:39:35][debug] [sms]all num:10
[2019-02-17 22:39:35][debug] [sms]run num:10
[2019-02-17 22:39:35][debug] [sms]ok num:0
[2019-02-17 22:39:35][debug] [sms]no num:0
[2019-02-17 22:39:35][debug] [sms]run time:4
[2019-02-17 22:39:35][debug] [sms]end:1550414375
[2019-02-17 22:39:35][debug] [sms]page:https://bbs.sex002.xyz/plugin.php?id=tom_tchongbao:ajax&act=nitice_sms_hb_run&site=1&tongcheng_id=866&hongbao_id=78&page=2
[2019-02-17 22:39:35][debug] [sms]hongbao id:78
[2019-02-17 22:39:35][debug] [sms]page:2
[2019-02-17 22:39:35][debug] [sms]client IP:118.89.52.235
[2019-02-17 22:39:35][debug] [sms]start:1550414375
[2019-02-17 22:39:38][debug] [sms]all num:10
[2019-02-17 22:39:38][debug] [sms]run num:10
[2019-02-17 22:39:38][debug] [sms]ok num:0
[2019-02-17 22:39:38][debug] [sms]no num:0
[2019-02-17 22:39:38][debug] [sms]run time:3
[2019-02-17 22:39:38][debug] [sms]end:1550414378
[2019-02-17 22:39:38][debug] [sms]page:https://bbs.sex002.xyz/plugin.php?id=tom_tchongbao:ajax&act=nitice_sms_hb_run&site=1&tongcheng_id=866&hongbao_id=78&page=3
[2019-02-17 22:39:38][debug] [sms]hongbao id:78
[2019-02-17 22:39:38][debug] [sms]page:3
[2019-02-17 22:39:38][debug] [sms]client IP:118.89.52.235
[2019-02-17 22:39:38][debug] [sms]start:1550414378
[2019-02-17 22:39:42][debug] [sms]all num:10
[2019-02-17 22:39:42][debug] [sms]run num:10
[2019-02-17 22:39:42][debug] [sms]ok num:0
[2019-02-17 22:39:42][debug] [sms]no num:0
[2019-02-17 22:39:42][debug] [sms]run time:4
[2019-02-17 22:39:42][debug] [sms]end:1550414382
[2019-02-17 22:39:42][debug] [sms]page:https://bbs.sex002.xyz/plugin.php?id=tom_tchongbao:ajax&act=nitice_sms_hb_run&site=1&tongcheng_id=866&hongbao_id=78&page=4
[2019-02-17 22:39:42][debug] [sms]hongbao id:78
[2019-02-17 22:39:42][debug] [sms]page:4
[2019-02-17 22:39:42][debug] [sms]client IP:118.89.52.235
[2019-02-17 22:39:42][debug] [sms]start:1550414382
[2019-02-17 22:39:45][debug] [sms]all num:10
[2019-02-17 22:39:45][debug] [sms]run num:10
[2019-02-17 22:39:45][debug] [sms]ok num:0
[2019-02-17 22:39:45][debug] [sms]no num:0
[2019-02-17 22:39:45][debug] [sms]run time:3
[2019-02-17 22:39:45][debug] [sms]end:1550414385
[2019-02-17 22:39:45][debug] [sms]page:https://bbs.sex002.xyz/plugin.php?id=tom_tchongbao:ajax&act=nitice_sms_hb_run&site=1&tongcheng_id=866&hongbao_id=78&page=5
[2019-02-17 22:39:45][debug] [sms]hongbao id:78
[2019-02-17 22:39:45][debug] [sms]page:5
[2019-02-17 22:39:45][debug] [sms]client IP:118.89.52.235
[2019-02-17 22:39:45][debug] [sms]start:1550414385
[2019-02-17 22:39:49][debug] [sms]all num:10
[2019-02-17 22:39:49][debug] [sms]run num:10
[2019-02-17 22:39:49][debug] [sms]ok num:0
[2019-02-17 22:39:49][debug] [sms]no num:0
[2019-02-17 22:39:49][debug] [sms]run time:4
[2019-02-17 22:39:49][debug] [sms]end:1550414389
[2019-02-17 22:39:49][debug] [sms]page:https://bbs.sex002.xyz/plugin.php?id=tom_tchongbao:ajax&act=nitice_sms_hb_run&site=1&tongcheng_id=866&hongbao_id=78&page=6
[2019-02-17 22:39:49][debug] [sms]hongbao id:78
[2019-02-17 22:39:49][debug] [sms]page:6
[2019-02-17 22:39:49][debug] [sms]client IP:118.89.52.235
[2019-02-17 22:39:49][debug] [sms]start:1550414389
[2019-02-17 22:39:52][debug] [sms]all num:10
[2019-02-17 22:39:52][debug] [sms]run num:10
[2019-02-17 22:39:52][debug] [sms]ok num:0
[2019-02-17 22:39:52][debug] [sms]no num:0
[2019-02-17 22:39:52][debug] [sms]run time:3
[2019-02-17 22:39:52][debug] [sms]end:1550414392
[2019-02-17 22:39:52][debug] [sms]page:https://bbs.sex002.xyz/plugin.php?id=tom_tchongbao:ajax&act=nitice_sms_hb_run&site=1&tongcheng_id=866&hongbao_id=78&page=7
[2019-02-17 22:39:52][debug] [sms]hongbao id:78
[2019-02-17 22:39:52][debug] [sms]page:7
[2019-02-17 22:39:52][debug] [sms]client IP:118.89.52.235
[2019-02-17 22:39:52][debug] [sms]start:1550414392
[2019-02-17 22:39:55][debug] [sms]all num:10
[2019-02-17 22:39:55][debug] [sms]run num:10
[2019-02-17 22:39:55][debug] [sms]ok num:0
[2019-02-17 22:39:55][debug] [sms]no num:0
[2019-02-17 22:39:55][debug] [sms]run time:3
[2019-02-17 22:39:55][debug] [sms]end:1550414395
[2019-02-17 22:39:55][debug] [sms]page:https://bbs.sex002.xyz/plugin.php?id=tom_tchongbao:ajax&act=nitice_sms_hb_run&site=1&tongcheng_id=866&hongbao_id=78&page=8
[2019-02-17 22:39:56][debug] [sms]hongbao id:78
[2019-02-17 22:39:56][debug] [sms]page:8
[2019-02-17 22:39:56][debug] [sms]client IP:118.89.52.235
[2019-02-17 22:39:56][debug] [sms]start:1550414396
[2019-02-17 22:39:59][debug] [sms]all num:10
[2019-02-17 22:39:59][debug] [sms]run num:10
[2019-02-17 22:39:59][debug] [sms]ok num:0
[2019-02-17 22:39:59][debug] [sms]no num:0
[2019-02-17 22:39:59][debug] [sms]run time:3
[2019-02-17 22:39:59][debug] [sms]end:1550414399
[2019-02-17 22:39:59][debug] [sms]page:https://bbs.sex002.xyz/plugin.php?id=tom_tchongbao:ajax&act=nitice_sms_hb_run&site=1&tongcheng_id=866&hongbao_id=78&page=9
[2019-02-17 22:39:59][debug] [sms]hongbao id:78
[2019-02-17 22:39:59][debug] [sms]page:9
[2019-02-17 22:39:59][debug] [sms]client IP:118.89.52.235
[2019-02-17 22:39:59][debug] [sms]start:1550414399
[2019-02-17 22:40:02][debug] [sms]all num:10
[2019-02-17 22:40:02][debug] [sms]run num:10
[2019-02-17 22:40:02][debug] [sms]ok num:0
[2019-02-17 22:40:02][debug] [sms]no num:0
[2019-02-17 22:40:02][debug] [sms]run time:3
[2019-02-17 22:40:02][debug] [sms]end:1550414402
[2019-02-17 22:40:02][debug] [sms]page:https://bbs.sex002.xyz/plugin.php?id=tom_tchongbao:ajax&act=nitice_sms_hb_run&site=1&tongcheng_id=866&hongbao_id=78&page=10
[2019-02-17 22:40:03][debug] [sms]hongbao id:78
[2019-02-17 22:40:03][debug] [sms]page:10
[2019-02-17 22:40:03][debug] [sms]client IP:118.89.52.235
[2019-02-17 22:40:03][debug] [sms]start:1550414403
[2019-02-17 22:40:06][debug] [sms]all num:10
[2019-02-17 22:40:06][debug] [sms]run num:10
[2019-02-17 22:40:06][debug] [sms]ok num:0
[2019-02-17 22:40:06][debug] [sms]no num:0
[2019-02-17 22:40:06][debug] [sms]run time:3
[2019-02-17 22:40:06][debug] [sms]end:1550414406
[2019-02-17 22:40:06][debug] [sms]page:https://bbs.sex002.xyz/plugin.php?id=tom_tchongbao:ajax&act=nitice_sms_hb_run&site=1&tongcheng_id=866&hongbao_id=78&page=11
[2019-02-17 22:40:06][debug] [sms]hongbao id:78
[2019-02-17 22:40:06][debug] [sms]page:11
[2019-02-17 22:40:06][debug] [sms]client IP:118.89.52.235
[2019-02-17 22:40:06][debug] [sms]start:1550414406
[2019-02-17 22:40:09][debug] [sms]all num:10
[2019-02-17 22:40:09][debug] [sms]run num:10
[2019-02-17 22:40:09][debug] [sms]ok num:0
[2019-02-17 22:40:09][debug] [sms]no num:0
[2019-02-17 22:40:09][debug] [sms]run time:3
[2019-02-17 22:40:09][debug] [sms]end:1550414409
[2019-02-17 22:40:09][debug] [sms]page:https://bbs.sex002.xyz/plugin.php?id=tom_tchongbao:ajax&act=nitice_sms_hb_run&site=1&tongcheng_id=866&hongbao_id=78&page=12
[2019-02-17 22:40:09][debug] [sms]hongbao id:78
[2019-02-17 22:40:09][debug] [sms]page:12
[2019-02-17 22:40:09][debug] [sms]client IP:118.89.52.235
[2019-02-17 22:40:09][debug] [sms]start:1550414409
[2019-02-17 22:40:12][debug] [sms]all num:10
[2019-02-17 22:40:12][debug] [sms]run num:10
[2019-02-17 22:40:12][debug] [sms]ok num:0
[2019-02-17 22:40:12][debug] [sms]no num:0
[2019-02-17 22:40:12][debug] [sms]run time:3
[2019-02-17 22:40:12][debug] [sms]end:1550414412
[2019-02-17 22:40:12][debug] [sms]page:https://bbs.sex002.xyz/plugin.php?id=tom_tchongbao:ajax&act=nitice_sms_hb_run&site=1&tongcheng_id=866&hongbao_id=78&page=13
[2019-02-17 22:40:12][debug] [sms]hongbao id:78
[2019-02-17 22:40:12][debug] [sms]page:13
[2019-02-17 22:40:12][debug] [sms]client IP:118.89.52.235
[2019-02-17 22:40:12][debug] [sms]start:1550414412
[2019-02-17 22:40:15][debug] [sms]all num:10
[2019-02-17 22:40:15][debug] [sms]run num:10
[2019-02-17 22:40:15][debug] [sms]ok num:0
[2019-02-17 22:40:15][debug] [sms]no num:0
[2019-02-17 22:40:15][debug] [sms]run time:3
[2019-02-17 22:40:15][debug] [sms]end:1550414415
[2019-02-17 22:40:15][debug] [sms]page:https://bbs.sex002.xyz/plugin.php?id=tom_tchongbao:ajax&act=nitice_sms_hb_run&site=1&tongcheng_id=866&hongbao_id=78&page=14
[2019-02-17 22:40:16][debug] [sms]hongbao id:78
[2019-02-17 22:40:16][debug] [sms]page:14
[2019-02-17 22:40:16][debug] [sms]client IP:118.89.52.235
[2019-02-17 22:40:16][debug] [sms]start:1550414416
[2019-02-17 22:40:19][debug] [sms]all num:10
[2019-02-17 22:40:19][debug] [sms]run num:10
[2019-02-17 22:40:19][debug] [sms]ok num:0
[2019-02-17 22:40:19][debug] [sms]no num:0
[2019-02-17 22:40:19][debug] [sms]run time:3
[2019-02-17 22:40:19][debug] [sms]end:1550414419
[2019-02-17 22:40:19][debug] [sms]page:https://bbs.sex002.xyz/plugin.php?id=tom_tchongbao:ajax&act=nitice_sms_hb_run&site=1&tongcheng_id=866&hongbao_id=78&page=15
[2019-02-17 22:40:19][debug] [sms]hongbao id:78
[2019-02-17 22:40:19][debug] [sms]page:15
[2019-02-17 22:40:19][debug] [sms]client IP:118.89.52.235
[2019-02-17 22:40:19][debug] [sms]start:1550414419
[2019-02-17 22:40:22][debug] [sms]all num:10
[2019-02-17 22:40:22][debug] [sms]run num:10
[2019-02-17 22:40:22][debug] [sms]ok num:0
[2019-02-17 22:40:22][debug] [sms]no num:0
[2019-02-17 22:40:22][debug] [sms]run time:3
[2019-02-17 22:40:22][debug] [sms]end:1550414422
[2019-02-17 22:40:22][debug] [sms]page:https://bbs.sex002.xyz/plugin.php?id=tom_tchongbao:ajax&act=nitice_sms_hb_run&site=1&tongcheng_id=866&hongbao_id=78&page=16
[2019-02-17 22:40:22][debug] [sms]hongbao id:78
[2019-02-17 22:40:22][debug] [sms]page:16
[2019-02-17 22:40:22][debug] [sms]client IP:118.89.52.235
[2019-02-17 22:40:22][debug] [sms]start:1550414422
[2019-02-17 22:40:25][debug] [sms]all num:10
[2019-02-17 22:40:25][debug] [sms]run num:10
[2019-02-17 22:40:25][debug] [sms]ok num:0
[2019-02-17 22:40:25][debug] [sms]no num:0
[2019-02-17 22:40:25][debug] [sms]run time:3
[2019-02-17 22:40:25][debug] [sms]end:1550414425
[2019-02-17 22:40:25][debug] [sms]page:https://bbs.sex002.xyz/plugin.php?id=tom_tchongbao:ajax&act=nitice_sms_hb_run&site=1&tongcheng_id=866&hongbao_id=78&page=17
[2019-02-17 22:40:25][debug] [sms]hongbao id:78
[2019-02-17 22:40:25][debug] [sms]page:17
[2019-02-17 22:40:25][debug] [sms]client IP:118.89.52.235
[2019-02-17 22:40:25][debug] [sms]start:1550414425
[2019-02-17 22:40:28][debug] [sms]all num:10
[2019-02-17 22:40:28][debug] [sms]run num:10
[2019-02-17 22:40:28][debug] [sms]ok num:0
[2019-02-17 22:40:28][debug] [sms]no num:0
[2019-02-17 22:40:28][debug] [sms]run time:3
[2019-02-17 22:40:28][debug] [sms]end:1550414428
[2019-02-17 22:40:28][debug] [sms]page:https://bbs.sex002.xyz/plugin.php?id=tom_tchongbao:ajax&act=nitice_sms_hb_run&site=1&tongcheng_id=866&hongbao_id=78&page=18
[2019-02-17 22:40:29][debug] [sms]hongbao id:78
[2019-02-17 22:40:29][debug] [sms]page:18
[2019-02-17 22:40:29][debug] [sms]client IP:118.89.52.235
[2019-02-17 22:40:29][debug] [sms]start:1550414429
[2019-02-17 22:40:32][debug] [sms]all num:10
[2019-02-17 22:40:32][debug] [sms]run num:10
[2019-02-17 22:40:32][debug] [sms]ok num:0
[2019-02-17 22:40:32][debug] [sms]no num:0
[2019-02-17 22:40:32][debug] [sms]run time:3
[2019-02-17 22:40:32][debug] [sms]end:1550414432
[2019-02-17 22:40:32][debug] [sms]page:https://bbs.sex002.xyz/plugin.php?id=tom_tchongbao:ajax&act=nitice_sms_hb_run&site=1&tongcheng_id=866&hongbao_id=78&page=19
[2019-02-17 22:40:32][debug] [sms]hongbao id:78
[2019-02-17 22:40:32][debug] [sms]page:19
[2019-02-17 22:40:32][debug] [sms]client IP:118.89.52.235
[2019-02-17 22:40:32][debug] [sms]start:1550414432
[2019-02-17 22:40:35][debug] [sms]all num:10
[2019-02-17 22:40:35][debug] [sms]run num:10
[2019-02-17 22:40:35][debug] [sms]ok num:0
[2019-02-17 22:40:35][debug] [sms]no num:0
[2019-02-17 22:40:35][debug] [sms]run time:3
[2019-02-17 22:40:35][debug] [sms]end:1550414435
[2019-02-17 22:40:35][debug] [sms]page:https://bbs.sex002.xyz/plugin.php?id=tom_tchongbao:ajax&act=nitice_sms_hb_run&site=1&tongcheng_id=866&hongbao_id=78&page=20
[2019-02-17 22:40:35][debug] [sms]hongbao id:78
[2019-02-17 22:40:35][debug] [sms]page:20
[2019-02-17 22:40:35][debug] [sms]client IP:118.89.52.235
[2019-02-17 22:40:35][debug] [sms]start:1550414435
[2019-02-17 22:40:38][debug] [sms]all num:10
[2019-02-17 22:40:38][debug] [sms]run num:10
[2019-02-17 22:40:38][debug] [sms]ok num:0
[2019-02-17 22:40:38][debug] [sms]no num:0
[2019-02-17 22:40:38][debug] [sms]run time:3
[2019-02-17 22:40:38][debug] [sms]end:1550414438
[2019-02-17 22:40:38][debug] [sms]page:https://bbs.sex002.xyz/plugin.php?id=tom_tchongbao:ajax&act=nitice_sms_hb_run&site=1&tongcheng_id=866&hongbao_id=78&page=21
[2019-02-17 22:40:39][debug] [sms]hongbao id:78
[2019-02-17 22:40:39][debug] [sms]page:21
[2019-02-17 22:40:39][debug] [sms]client IP:118.89.52.235
[2019-02-17 22:40:39][debug] [sms]start:1550414439
[2019-02-17 22:40:42][debug] [sms]all num:10
[2019-02-17 22:40:42][debug] [sms]run num:10
[2019-02-17 22:40:42][debug] [sms]ok num:0
[2019-02-17 22:40:42][debug] [sms]no num:0
[2019-02-17 22:40:42][debug] [sms]run time:3
[2019-02-17 22:40:42][debug] [sms]end:1550414442
[2019-02-17 22:40:42][debug] [sms]page:https://bbs.sex002.xyz/plugin.php?id=tom_tchongbao:ajax&act=nitice_sms_hb_run&site=1&tongcheng_id=866&hongbao_id=78&page=22
[2019-02-17 22:40:42][debug] [sms]hongbao id:78
[2019-02-17 22:40:42][debug] [sms]page:22
[2019-02-17 22:40:42][debug] [sms]client IP:118.89.52.235
[2019-02-17 22:40:42][debug] [sms]start:1550414442
[2019-02-17 22:40:45][debug] [sms]all num:10
[2019-02-17 22:40:45][debug] [sms]run num:10
[2019-02-17 22:40:45][debug] [sms]ok num:0
[2019-02-17 22:40:45][debug] [sms]no num:0
[2019-02-17 22:40:45][debug] [sms]run time:3
[2019-02-17 22:40:45][debug] [sms]end:1550414445
[2019-02-17 22:40:45][debug] [sms]page:https://bbs.sex002.xyz/plugin.php?id=tom_tchongbao:ajax&act=nitice_sms_hb_run&site=1&tongcheng_id=866&hongbao_id=78&page=23
[2019-02-17 22:40:45][debug] [sms]hongbao id:78
[2019-02-17 22:40:45][debug] [sms]page:23
[2019-02-17 22:40:45][debug] [sms]client IP:118.89.52.235
[2019-02-17 22:40:45][debug] [sms]start:1550414445
[2019-02-17 22:40:48][debug] [sms]all num:10
[2019-02-17 22:40:48][debug] [sms]run num:10
[2019-02-17 22:40:48][debug] [sms]ok num:0
[2019-02-17 22:40:48][debug] [sms]no num:0
[2019-02-17 22:40:48][debug] [sms]run time:3
[2019-02-17 22:40:48][debug] [sms]end:1550414448
[2019-02-17 22:40:48][debug] [sms]page:https://bbs.sex002.xyz/plugin.php?id=tom_tchongbao:ajax&act=nitice_sms_hb_run&site=1&tongcheng_id=866&hongbao_id=78&page=24
[2019-02-17 22:40:48][debug] [sms]hongbao id:78
[2019-02-17 22:40:48][debug] [sms]page:24
[2019-02-17 22:40:48][debug] [sms]client IP:118.89.52.235
[2019-02-17 22:40:48][debug] [sms]start:1550414448
[2019-02-17 22:40:51][debug] [sms]all num:10
[2019-02-17 22:40:51][debug] [sms]run num:10
[2019-02-17 22:40:51][debug] [sms]ok num:0
[2019-02-17 22:40:51][debug] [sms]no num:0
[2019-02-17 22:40:51][debug] [sms]run time:3
[2019-02-17 22:40:51][debug] [sms]end:1550414451
[2019-02-17 22:40:51][debug] [sms]page:https://bbs.sex002.xyz/plugin.php?id=tom_tchongbao:ajax&act=nitice_sms_hb_run&site=1&tongcheng_id=866&hongbao_id=78&page=25
[2019-02-17 22:40:51][debug] [sms]hongbao id:78
[2019-02-17 22:40:51][debug] [sms]page:25
[2019-02-17 22:40:51][debug] [sms]client IP:118.89.52.235
[2019-02-17 22:40:51][debug] [sms]start:1550414451
[2019-02-17 22:40:55][debug] [sms]all num:10
[2019-02-17 22:40:55][debug] [sms]run num:10
[2019-02-17 22:40:55][debug] [sms]ok num:0
[2019-02-17 22:40:55][debug] [sms]no num:0
[2019-02-17 22:40:55][debug] [sms]run time:4
[2019-02-17 22:40:55][debug] [sms]end:1550414455
[2019-02-17 22:40:55][debug] [sms]page:https://bbs.sex002.xyz/plugin.php?id=tom_tchongbao:ajax&act=nitice_sms_hb_run&site=1&tongcheng_id=866&hongbao_id=78&page=26
[2019-02-17 22:40:55][debug] [sms]hongbao id:78
[2019-02-17 22:40:55][debug] [sms]page:26
[2019-02-17 22:40:55][debug] [sms]client IP:118.89.52.235
[2019-02-17 22:40:55][debug] [sms]start:1550414455
[2019-02-17 22:40:59][debug] [sms]all num:10
[2019-02-17 22:40:59][debug] [sms]run num:10
[2019-02-17 22:40:59][debug] [sms]ok num:0
[2019-02-17 22:40:59][debug] [sms]no num:0
[2019-02-17 22:40:59][debug] [sms]run time:4
[2019-02-17 22:40:59][debug] [sms]end:1550414459
[2019-02-17 22:40:59][debug] [sms]page:https://bbs.sex002.xyz/plugin.php?id=tom_tchongbao:ajax&act=nitice_sms_hb_run&site=1&tongcheng_id=866&hongbao_id=78&page=27
[2019-02-17 22:40:59][debug] [sms]hongbao id:78
[2019-02-17 22:40:59][debug] [sms]page:27
[2019-02-17 22:40:59][debug] [sms]client IP:118.89.52.235
[2019-02-17 22:40:59][debug] [sms]start:1550414459
[2019-02-17 22:41:02][debug] [sms]all num:10
[2019-02-17 22:41:02][debug] [sms]run num:10
[2019-02-17 22:41:02][debug] [sms]ok num:0
[2019-02-17 22:41:02][debug] [sms]no num:0
[2019-02-17 22:41:02][debug] [sms]run time:3
[2019-02-17 22:41:02][debug] [sms]end:1550414462
[2019-02-17 22:41:02][debug] [sms]page:https://bbs.sex002.xyz/plugin.php?id=tom_tchongbao:ajax&act=nitice_sms_hb_run&site=1&tongcheng_id=866&hongbao_id=78&page=28
[2019-02-17 22:41:03][debug] [sms]hongbao id:78
[2019-02-17 22:41:03][debug] [sms]page:28
[2019-02-17 22:41:03][debug] [sms]client IP:118.89.52.235
[2019-02-17 22:41:03][debug] [sms]start:1550414463
[2019-02-17 22:41:06][debug] [sms]all num:10
[2019-02-17 22:41:06][debug] [sms]run num:10
[2019-02-17 22:41:06][debug] [sms]ok num:0
[2019-02-17 22:41:06][debug] [sms]no num:0
[2019-02-17 22:41:06][debug] [sms]run time:3
[2019-02-17 22:41:06][debug] [sms]end:1550414466
[2019-02-17 22:41:06][debug] [sms]page:https://bbs.sex002.xyz/plugin.php?id=tom_tchongbao:ajax&act=nitice_sms_hb_run&site=1&tongcheng_id=866&hongbao_id=78&page=29
[2019-02-17 22:41:06][debug] [sms]hongbao id:78
[2019-02-17 22:41:06][debug] [sms]page:29
[2019-02-17 22:41:06][debug] [sms]client IP:118.89.52.235
[2019-02-17 22:41:06][debug] [sms]start:1550414466
[2019-02-17 22:41:09][debug] [sms]all num:10
[2019-02-17 22:41:09][debug] [sms]run num:10
[2019-02-17 22:41:09][debug] [sms]ok num:0
[2019-02-17 22:41:09][debug] [sms]no num:0
[2019-02-17 22:41:09][debug] [sms]run time:3
[2019-02-17 22:41:09][debug] [sms]end:1550414469
[2019-02-17 22:41:09][debug] [sms]page:https://bbs.sex002.xyz/plugin.php?id=tom_tchongbao:ajax&act=nitice_sms_hb_run&site=1&tongcheng_id=866&hongbao_id=78&page=30
[2019-02-17 22:41:09][debug] [sms]hongbao id:78
[2019-02-17 22:41:09][debug] [sms]page:30
[2019-02-17 22:41:09][debug] [sms]client IP:118.89.52.235
[2019-02-17 22:41:09][debug] [sms]start:1550414469
[2019-02-17 22:41:12][debug] [sms]all num:10
[2019-02-17 22:41:12][debug] [sms]run num:10
[2019-02-17 22:41:12][debug] [sms]ok num:0
[2019-02-17 22:41:12][debug] [sms]no num:0
[2019-02-17 22:41:12][debug] [sms]run time:3
[2019-02-17 22:41:12][debug] [sms]end:1550414472
[2019-02-17 22:41:12][debug] [sms]page:https://bbs.sex002.xyz/plugin.php?id=tom_tchongbao:ajax&act=nitice_sms_hb_run&site=1&tongcheng_id=866&hongbao_id=78&page=31
[2019-02-17 22:41:13][debug] [sms]hongbao id:78
[2019-02-17 22:41:13][debug] [sms]page:31
[2019-02-17 22:41:13][debug] [sms]client IP:118.89.52.235
[2019-02-17 22:41:13][debug] [sms]start:1550414473
[2019-02-17 22:41:16][debug] [sms]all num:10
[2019-02-17 22:41:16][debug] [sms]run num:10
[2019-02-17 22:41:16][debug] [sms]ok num:0
[2019-02-17 22:41:16][debug] [sms]no num:0
[2019-02-17 22:41:16][debug] [sms]run time:3
[2019-02-17 22:41:16][debug] [sms]end:1550414476
[2019-02-17 22:41:16][debug] [sms]page:https://bbs.sex002.xyz/plugin.php?id=tom_tchongbao:ajax&act=nitice_sms_hb_run&site=1&tongcheng_id=866&hongbao_id=78&page=32
[2019-02-17 22:41:16][debug] [sms]hongbao id:78
[2019-02-17 22:41:16][debug] [sms]page:32
[2019-02-17 22:41:16][debug] [sms]client IP:118.89.52.235
[2019-02-17 22:41:16][debug] [sms]start:1550414476
[2019-02-17 22:41:19][debug] [sms]all num:10
[2019-02-17 22:41:19][debug] [sms]run num:10
[2019-02-17 22:41:19][debug] [sms]ok num:0
[2019-02-17 22:41:19][debug] [sms]no num:0
[2019-02-17 22:41:19][debug] [sms]run time:3
[2019-02-17 22:41:19][debug] [sms]end:1550414479
[2019-02-17 22:41:19][debug] [sms]page:https://bbs.sex002.xyz/plugin.php?id=tom_tchongbao:ajax&act=nitice_sms_hb_run&site=1&tongcheng_id=866&hongbao_id=78&page=33
[2019-02-17 22:41:19][debug] [sms]hongbao id:78
[2019-02-17 22:41:19][debug] [sms]page:33
[2019-02-17 22:41:19][debug] [sms]client IP:118.89.52.235
[2019-02-17 22:41:19][debug] [sms]start:1550414479
[2019-02-17 22:41:22][debug] [sms]all num:10
[2019-02-17 22:41:22][debug] [sms]run num:10
[2019-02-17 22:41:22][debug] [sms]ok num:0
[2019-02-17 22:41:22][debug] [sms]no num:0
[2019-02-17 22:41:22][debug] [sms]run time:3
[2019-02-17 22:41:22][debug] [sms]end:1550414482
[2019-02-17 22:41:22][debug] [sms]page:https://bbs.sex002.xyz/plugin.php?id=tom_tchongbao:ajax&act=nitice_sms_hb_run&site=1&tongcheng_id=866&hongbao_id=78&page=34
[2019-02-17 22:41:22][debug] [sms]hongbao id:78
[2019-02-17 22:41:22][debug] [sms]page:34
[2019-02-17 22:41:22][debug] [sms]client IP:118.89.52.235
[2019-02-17 22:41:22][debug] [sms]start:1550414482
[2019-02-17 22:41:25][debug] [sms]all num:10
[2019-02-17 22:41:25][debug] [sms]run num:10
[2019-02-17 22:41:25][debug] [sms]ok num:0
[2019-02-17 22:41:25][debug] [sms]no num:0
[2019-02-17 22:41:25][debug] [sms]run time:3
[2019-02-17 22:41:25][debug] [sms]end:1550414485
[2019-02-17 22:41:25][debug] [sms]page:https://bbs.sex002.xyz/plugin.php?id=tom_tchongbao:ajax&act=nitice_sms_hb_run&site=1&tongcheng_id=866&hongbao_id=78&page=35
[2019-02-17 22:41:26][debug] [sms]hongbao id:78
[2019-02-17 22:41:26][debug] [sms]page:35
[2019-02-17 22:41:26][debug] [sms]client IP:118.89.52.235
[2019-02-17 22:41:26][debug] [sms]start:1550414486
[2019-02-17 22:41:29][debug] [sms]all num:10
[2019-02-17 22:41:29][debug] [sms]run num:10
[2019-02-17 22:41:29][debug] [sms]ok num:0
[2019-02-17 22:41:29][debug] [sms]no num:0
[2019-02-17 22:41:29][debug] [sms]run time:3
[2019-02-17 22:41:29][debug] [sms]end:1550414489
[2019-02-17 22:41:29][debug] [sms]page:https://bbs.sex002.xyz/plugin.php?id=tom_tchongbao:ajax&act=nitice_sms_hb_run&site=1&tongcheng_id=866&hongbao_id=78&page=36
[2019-02-17 22:41:29][debug] [sms]hongbao id:78
[2019-02-17 22:41:29][debug] [sms]page:36
[2019-02-17 22:41:29][debug] [sms]client IP:118.89.52.235
[2019-02-17 22:41:29][debug] [sms]start:1550414489
[2019-02-17 22:41:32][debug] [sms]all num:10
[2019-02-17 22:41:32][debug] [sms]run num:10
[2019-02-17 22:41:32][debug] [sms]ok num:0
[2019-02-17 22:41:32][debug] [sms]no num:0
[2019-02-17 22:41:32][debug] [sms]run time:3
[2019-02-17 22:41:32][debug] [sms]end:1550414492
[2019-02-17 22:41:32][debug] [sms]page:https://bbs.sex002.xyz/plugin.php?id=tom_tchongbao:ajax&act=nitice_sms_hb_run&site=1&tongcheng_id=866&hongbao_id=78&page=37
[2019-02-17 22:41:32][debug] [sms]hongbao id:78
[2019-02-17 22:41:32][debug] [sms]page:37
[2019-02-17 22:41:32][debug] [sms]client IP:118.89.52.235
[2019-02-17 22:41:32][debug] [sms]start:1550414492
[2019-02-17 22:41:35][debug] [sms]all num:10
[2019-02-17 22:41:35][debug] [sms]run num:10
[2019-02-17 22:41:35][debug] [sms]ok num:0
[2019-02-17 22:41:35][debug] [sms]no num:0
[2019-02-17 22:41:35][debug] [sms]run time:3
[2019-02-17 22:41:35][debug] [sms]end:1550414495
[2019-02-17 22:41:35][debug] [sms]page:https://bbs.sex002.xyz/plugin.php?id=tom_tchongbao:ajax&act=nitice_sms_hb_run&site=1&tongcheng_id=866&hongbao_id=78&page=38
[2019-02-17 22:41:35][debug] [sms]hongbao id:78
[2019-02-17 22:41:35][debug] [sms]page:38
[2019-02-17 22:41:35][debug] [sms]client IP:118.89.52.235
[2019-02-17 22:41:35][debug] [sms]start:1550414495
[2019-02-17 22:41:38][debug] [sms]all num:10
[2019-02-17 22:41:38][debug] [sms]run num:10
[2019-02-17 22:41:38][debug] [sms]ok num:0
[2019-02-17 22:41:38][debug] [sms]no num:0
[2019-02-17 22:41:38][debug] [sms]run time:3
[2019-02-17 22:41:38][debug] [sms]end:1550414498
[2019-02-17 22:41:38][debug] [sms]page:https://bbs.sex002.xyz/plugin.php?id=tom_tchongbao:ajax&act=nitice_sms_hb_run&site=1&tongcheng_id=866&hongbao_id=78&page=39
[2019-02-17 22:41:38][debug] [sms]hongbao id:78
[2019-02-17 22:41:38][debug] [sms]page:39
[2019-02-17 22:41:38][debug] [sms]client IP:118.89.52.235
[2019-02-17 22:41:38][debug] [sms]start:1550414498
[2019-02-17 22:41:41][debug] [sms]all num:10
[2019-02-17 22:41:41][debug] [sms]run num:10
[2019-02-17 22:41:41][debug] [sms]ok num:0
[2019-02-17 22:41:41][debug] [sms]no num:0
[2019-02-17 22:41:41][debug] [sms]run time:3
[2019-02-17 22:41:41][debug] [sms]end:1550414501
[2019-02-17 22:41:41][debug] [sms]page:https://bbs.sex002.xyz/plugin.php?id=tom_tchongbao:ajax&act=nitice_sms_hb_run&site=1&tongcheng_id=866&hongbao_id=78&page=40
[2019-02-17 22:41:42][debug] [sms]hongbao id:78
[2019-02-17 22:41:42][debug] [sms]page:40
[2019-02-17 22:41:42][debug] [sms]client IP:118.89.52.235
[2019-02-17 22:41:42][debug] [sms]start:1550414502
[2019-02-17 22:41:45][debug] [sms]all num:10
[2019-02-17 22:41:45][debug] [sms]run num:10
[2019-02-17 22:41:45][debug] [sms]ok num:0
[2019-02-17 22:41:45][debug] [sms]no num:0
[2019-02-17 22:41:45][debug] [sms]run time:3
[2019-02-17 22:41:45][debug] [sms]end:1550414505
[2019-02-17 22:41:45][debug] [sms]page:https://bbs.sex002.xyz/plugin.php?id=tom_tchongbao:ajax&act=nitice_sms_hb_run&site=1&tongcheng_id=866&hongbao_id=78&page=41
[2019-02-17 22:41:45][debug] [sms]hongbao id:78
[2019-02-17 22:41:45][debug] [sms]page:41
[2019-02-17 22:41:45][debug] [sms]client IP:118.89.52.235
[2019-02-17 22:41:45][debug] [sms]start:1550414505
[2019-02-17 22:41:48][debug] [sms]all num:10
[2019-02-17 22:41:48][debug] [sms]run num:10
[2019-02-17 22:41:48][debug] [sms]ok num:0
[2019-02-17 22:41:48][debug] [sms]no num:0
[2019-02-17 22:41:48][debug] [sms]run time:3
[2019-02-17 22:41:48][debug] [sms]end:1550414508
[2019-02-17 22:41:48][debug] [sms]page:https://bbs.sex002.xyz/plugin.php?id=tom_tchongbao:ajax&act=nitice_sms_hb_run&site=1&tongcheng_id=866&hongbao_id=78&page=42
[2019-02-17 22:41:48][debug] [sms]hongbao id:78
[2019-02-17 22:41:48][debug] [sms]page:42
[2019-02-17 22:41:48][debug] [sms]client IP:118.89.52.235
[2019-02-17 22:41:48][debug] [sms]start:1550414508
[2019-02-17 22:41:51][debug] [sms]all num:10
[2019-02-17 22:41:51][debug] [sms]run num:10
[2019-02-17 22:41:51][debug] [sms]ok num:0
[2019-02-17 22:41:51][debug] [sms]no num:0
[2019-02-17 22:41:51][debug] [sms]run time:3
[2019-02-17 22:41:51][debug] [sms]end:1550414511
[2019-02-17 22:41:51][debug] [sms]page:https://bbs.sex002.xyz/plugin.php?id=tom_tchongbao:ajax&act=nitice_sms_hb_run&site=1&tongcheng_id=866&hongbao_id=78&page=43
[2019-02-17 22:41:52][debug] [sms]hongbao id:78
[2019-02-17 22:41:52][debug] [sms]page:43
[2019-02-17 22:41:52][debug] [sms]client IP:118.89.52.235
[2019-02-17 22:41:52][debug] [sms]start:1550414512
[2019-02-17 22:41:54][debug] [sms]all num:10
[2019-02-17 22:41:54][debug] [sms]run num:10
[2019-02-17 22:41:54][debug] [sms]ok num:0
[2019-02-17 22:41:54][debug] [sms]no num:0
[2019-02-17 22:41:54][debug] [sms]run time:2
[2019-02-17 22:41:54][debug] [sms]end:1550414514
[2019-02-17 22:41:54][debug] [sms]page:https://bbs.sex002.xyz/plugin.php?id=tom_tchongbao:ajax&act=nitice_sms_hb_run&site=1&tongcheng_id=866&hongbao_id=78&page=44
[2019-02-17 22:41:55][debug] [sms]hongbao id:78
[2019-02-17 22:41:55][debug] [sms]page:44
[2019-02-17 22:41:55][debug] [sms]client IP:118.89.52.235
[2019-02-17 22:41:55][debug] [sms]start:1550414515
[2019-02-17 22:41:58][debug] [sms]all num:10
[2019-02-17 22:41:58][debug] [sms]run num:10
[2019-02-17 22:41:58][debug] [sms]ok num:0
[2019-02-17 22:41:58][debug] [sms]no num:0
[2019-02-17 22:41:58][debug] [sms]run time:3
[2019-02-17 22:41:58][debug] [sms]end:1550414518
[2019-02-17 22:41:58][debug] [sms]page:https://bbs.sex002.xyz/plugin.php?id=tom_tchongbao:ajax&act=nitice_sms_hb_run&site=1&tongcheng_id=866&hongbao_id=78&page=45
[2019-02-17 22:41:58][debug] [sms]hongbao id:78
[2019-02-17 22:41:58][debug] [sms]page:45
[2019-02-17 22:41:58][debug] [sms]client IP:118.89.52.235
[2019-02-17 22:41:58][debug] [sms]start:1550414518
[2019-02-17 22:42:01][debug] [sms]all num:10
[2019-02-17 22:42:01][debug] [sms]run num:10
[2019-02-17 22:42:01][debug] [sms]ok num:0
[2019-02-17 22:42:01][debug] [sms]no num:0
[2019-02-17 22:42:01][debug] [sms]run time:3
[2019-02-17 22:42:01][debug] [sms]end:1550414521
[2019-02-17 22:42:01][debug] [sms]page:https://bbs.sex002.xyz/plugin.php?id=tom_tchongbao:ajax&act=nitice_sms_hb_run&site=1&tongcheng_id=866&hongbao_id=78&page=46
[2019-02-17 22:42:01][debug] [sms]hongbao id:78
[2019-02-17 22:42:01][debug] [sms]page:46
[2019-02-17 22:42:01][debug] [sms]client IP:118.89.52.235
[2019-02-17 22:42:01][debug] [sms]start:1550414521
[2019-02-17 22:42:04][debug] [sms]all num:10
[2019-02-17 22:42:04][debug] [sms]run num:10
[2019-02-17 22:42:04][debug] [sms]ok num:0
[2019-02-17 22:42:04][debug] [sms]no num:0
[2019-02-17 22:42:04][debug] [sms]run time:3
[2019-02-17 22:42:04][debug] [sms]end:1550414524
[2019-02-17 22:42:04][debug] [sms]page:https://bbs.sex002.xyz/plugin.php?id=tom_tchongbao:ajax&act=nitice_sms_hb_run&site=1&tongcheng_id=866&hongbao_id=78&page=47
[2019-02-17 22:42:05][debug] [sms]hongbao id:78
[2019-02-17 22:42:05][debug] [sms]page:47
[2019-02-17 22:42:05][debug] [sms]client IP:118.89.52.235
[2019-02-17 22:42:05][debug] [sms]start:1550414525
[2019-02-17 22:42:08][debug] [sms]all num:10
[2019-02-17 22:42:08][debug] [sms]run num:10
[2019-02-17 22:42:08][debug] [sms]ok num:0
[2019-02-17 22:42:08][debug] [sms]no num:0
[2019-02-17 22:42:08][debug] [sms]run time:3
[2019-02-17 22:42:08][debug] [sms]end:1550414528
[2019-02-17 22:42:08][debug] [sms]page:https://bbs.sex002.xyz/plugin.php?id=tom_tchongbao:ajax&act=nitice_sms_hb_run&site=1&tongcheng_id=866&hongbao_id=78&page=48
[2019-02-17 22:42:08][debug] [sms]hongbao id:78
[2019-02-17 22:42:08][debug] [sms]page:48
[2019-02-17 22:42:08][debug] [sms]client IP:118.89.52.235
[2019-02-17 22:42:08][debug] [sms]start:1550414528
[2019-02-17 22:42:11][debug] [sms]all num:10
[2019-02-17 22:42:11][debug] [sms]run num:10
[2019-02-17 22:42:11][debug] [sms]ok num:0
[2019-02-17 22:42:11][debug] [sms]no num:0
[2019-02-17 22:42:11][debug] [sms]run time:3
[2019-02-17 22:42:11][debug] [sms]end:1550414531
[2019-02-17 22:42:11][debug] [sms]page:https://bbs.sex002.xyz/plugin.php?id=tom_tchongbao:ajax&act=nitice_sms_hb_run&site=1&tongcheng_id=866&hongbao_id=78&page=49
[2019-02-17 22:42:11][debug] [sms]hongbao id:78
[2019-02-17 22:42:11][debug] [sms]page:49
[2019-02-17 22:42:11][debug] [sms]client IP:118.89.52.235
[2019-02-17 22:42:11][debug] [sms]start:1550414531
[2019-02-17 22:42:14][debug] [sms]all num:10
[2019-02-17 22:42:14][debug] [sms]run num:10
[2019-02-17 22:42:14][debug] [sms]ok num:0
[2019-02-17 22:42:14][debug] [sms]no num:0
[2019-02-17 22:42:14][debug] [sms]run time:3
[2019-02-17 22:42:14][debug] [sms]end:1550414534
[2019-02-17 22:42:14][debug] [sms]page:https://bbs.sex002.xyz/plugin.php?id=tom_tchongbao:ajax&act=nitice_sms_hb_run&site=1&tongcheng_id=866&hongbao_id=78&page=50
[2019-02-17 22:42:15][debug] [sms]hongbao id:78
[2019-02-17 22:42:15][debug] [sms]page:50
[2019-02-17 22:42:15][debug] [sms]client IP:118.89.52.235
[2019-02-17 22:42:15][debug] [sms]start:1550414535
[2019-02-17 22:42:17][debug] [sms]all num:10
[2019-02-17 22:42:17][debug] [sms]run num:10
[2019-02-17 22:42:17][debug] [sms]ok num:0
[2019-02-17 22:42:17][debug] [sms]no num:0
[2019-02-17 22:42:17][debug] [sms]run time:2
[2019-02-17 22:42:17][debug] [sms]end:1550414537
[2019-02-17 22:42:17][debug] [sms]page:https://bbs.sex002.xyz/plugin.php?id=tom_tchongbao:ajax&act=nitice_sms_hb_run&site=1&tongcheng_id=866&hongbao_id=78&page=51
[2019-02-17 22:42:18][debug] [sms]hongbao id:78
[2019-02-17 22:42:18][debug] [sms]page:51
[2019-02-17 22:42:18][debug] [sms]client IP:118.89.52.235
[2019-02-17 22:42:18][debug] [sms]start:1550414538
[2019-02-17 22:42:21][debug] [sms]all num:10
[2019-02-17 22:42:21][debug] [sms]run num:10
[2019-02-17 22:42:21][debug] [sms]ok num:0
[2019-02-17 22:42:21][debug] [sms]no num:0
[2019-02-17 22:42:21][debug] [sms]run time:3
[2019-02-17 22:42:21][debug] [sms]end:1550414541
[2019-02-17 22:42:21][debug] [sms]page:https://bbs.sex002.xyz/plugin.php?id=tom_tchongbao:ajax&act=nitice_sms_hb_run&site=1&tongcheng_id=866&hongbao_id=78&page=52
[2019-02-17 22:42:21][debug] [sms]hongbao id:78
[2019-02-17 22:42:21][debug] [sms]page:52
[2019-02-17 22:42:21][debug] [sms]client IP:118.89.52.235
[2019-02-17 22:42:21][debug] [sms]start:1550414541
[2019-02-17 22:42:24][debug] [sms]all num:10
[2019-02-17 22:42:24][debug] [sms]run num:10
[2019-02-17 22:42:24][debug] [sms]ok num:0
[2019-02-17 22:42:24][debug] [sms]no num:0
[2019-02-17 22:42:24][debug] [sms]run time:3
[2019-02-17 22:42:24][debug] [sms]end:1550414544
[2019-02-17 22:42:24][debug] [sms]page:https://bbs.sex002.xyz/plugin.php?id=tom_tchongbao:ajax&act=nitice_sms_hb_run&site=1&tongcheng_id=866&hongbao_id=78&page=53
[2019-02-17 22:42:24][debug] [sms]hongbao id:78
[2019-02-17 22:42:24][debug] [sms]page:53
[2019-02-17 22:42:24][debug] [sms]client IP:118.89.52.235
[2019-02-17 22:42:24][debug] [sms]start:1550414544
[2019-02-17 22:42:27][debug] [sms]all num:10
[2019-02-17 22:42:27][debug] [sms]run num:10
[2019-02-17 22:42:27][debug] [sms]ok num:0
[2019-02-17 22:42:27][debug] [sms]no num:0
[2019-02-17 22:42:27][debug] [sms]run time:3
[2019-02-17 22:42:27][debug] [sms]end:1550414547
[2019-02-17 22:42:27][debug] [sms]page:https://bbs.sex002.xyz/plugin.php?id=tom_tchongbao:ajax&act=nitice_sms_hb_run&site=1&tongcheng_id=866&hongbao_id=78&page=54
[2019-02-17 22:42:27][debug] [sms]hongbao id:78
[2019-02-17 22:42:27][debug] [sms]page:54
[2019-02-17 22:42:27][debug] [sms]client IP:118.89.52.235
[2019-02-17 22:42:27][debug] [sms]start:1550414547
[2019-02-17 22:42:30][debug] [sms]all num:10
[2019-02-17 22:42:30][debug] [sms]run num:10
[2019-02-17 22:42:30][debug] [sms]ok num:0
[2019-02-17 22:42:30][debug] [sms]no num:0
[2019-02-17 22:42:30][debug] [sms]run time:3
[2019-02-17 22:42:30][debug] [sms]end:1550414550
[2019-02-17 22:42:30][debug] [sms]page:https://bbs.sex002.xyz/plugin.php?id=tom_tchongbao:ajax&act=nitice_sms_hb_run&site=1&tongcheng_id=866&hongbao_id=78&page=55
[2019-02-17 22:42:30][debug] [sms]hongbao id:78
[2019-02-17 22:42:30][debug] [sms]page:55
[2019-02-17 22:42:30][debug] [sms]client IP:118.89.52.235
[2019-02-17 22:42:30][debug] [sms]start:1550414550
[2019-02-17 22:42:33][debug] [sms]all num:10
[2019-02-17 22:42:33][debug] [sms]run num:10
[2019-02-17 22:42:33][debug] [sms]ok num:0
[2019-02-17 22:42:33][debug] [sms]no num:0
[2019-02-17 22:42:33][debug] [sms]run time:3
[2019-02-17 22:42:33][debug] [sms]end:1550414553
[2019-02-17 22:42:33][debug] [sms]page:https://bbs.sex002.xyz/plugin.php?id=tom_tchongbao:ajax&act=nitice_sms_hb_run&site=1&tongcheng_id=866&hongbao_id=78&page=56
[2019-02-17 22:42:34][debug] [sms]hongbao id:78
[2019-02-17 22:42:34][debug] [sms]page:56
[2019-02-17 22:42:34][debug] [sms]client IP:118.89.52.235
[2019-02-17 22:42:34][debug] [sms]start:1550414554
[2019-02-17 22:42:37][debug] [sms]all num:10
[2019-02-17 22:42:37][debug] [sms]run num:10
[2019-02-17 22:42:37][debug] [sms]ok num:0
[2019-02-17 22:42:37][debug] [sms]no num:0
[2019-02-17 22:42:37][debug] [sms]run time:3
[2019-02-17 22:42:37][debug] [sms]end:1550414557
[2019-02-17 22:42:37][debug] [sms]page:https://bbs.sex002.xyz/plugin.php?id=tom_tchongbao:ajax&act=nitice_sms_hb_run&site=1&tongcheng_id=866&hongbao_id=78&page=57
[2019-02-17 22:42:37][debug] [sms]hongbao id:78
[2019-02-17 22:42:37][debug] [sms]page:57
[2019-02-17 22:42:37][debug] [sms]client IP:118.89.52.235
[2019-02-17 22:42:37][debug] [sms]start:1550414557
[2019-02-17 22:42:40][debug] [sms]all num:10
[2019-02-17 22:42:40][debug] [sms]run num:10
[2019-02-17 22:42:40][debug] [sms]ok num:0
[2019-02-17 22:42:40][debug] [sms]no num:0
[2019-02-17 22:42:40][debug] [sms]run time:3
[2019-02-17 22:42:40][debug] [sms]end:1550414560
[2019-02-17 22:42:40][debug] [sms]page:https://bbs.sex002.xyz/plugin.php?id=tom_tchongbao:ajax&act=nitice_sms_hb_run&site=1&tongcheng_id=866&hongbao_id=78&page=58
[2019-02-17 22:42:40][debug] [sms]hongbao id:78
[2019-02-17 22:42:40][debug] [sms]page:58
[2019-02-17 22:42:40][debug] [sms]client IP:118.89.52.235
[2019-02-17 22:42:40][debug] [sms]start:1550414560
[2019-02-17 22:42:43][debug] [sms]all num:10
[2019-02-17 22:42:43][debug] [sms]run num:10
[2019-02-17 22:42:43][debug] [sms]ok num:0
[2019-02-17 22:42:43][debug] [sms]no num:0
[2019-02-17 22:42:43][debug] [sms]run time:3
[2019-02-17 22:42:43][debug] [sms]end:1550414563
[2019-02-17 22:42:43][debug] [sms]page:https://bbs.sex002.xyz/plugin.php?id=tom_tchongbao:ajax&act=nitice_sms_hb_run&site=1&tongcheng_id=866&hongbao_id=78&page=59
[2019-02-17 22:42:43][debug] [sms]hongbao id:78
[2019-02-17 22:42:43][debug] [sms]page:59
[2019-02-17 22:42:43][debug] [sms]client IP:118.89.52.235
[2019-02-17 22:42:43][debug] [sms]start:1550414563
[2019-02-17 22:42:46][debug] [sms]all num:10
[2019-02-17 22:42:46][debug] [sms]run num:10
[2019-02-17 22:42:46][debug] [sms]ok num:0
[2019-02-17 22:42:46][debug] [sms]no num:0
[2019-02-17 22:42:46][debug] [sms]run time:3
[2019-02-17 22:42:46][debug] [sms]end:1550414566
[2019-02-17 22:42:46][debug] [sms]page:https://bbs.sex002.xyz/plugin.php?id=tom_tchongbao:ajax&act=nitice_sms_hb_run&site=1&tongcheng_id=866&hongbao_id=78&page=60
[2019-02-17 22:42:46][debug] [sms]hongbao id:78
[2019-02-17 22:42:46][debug] [sms]page:60
[2019-02-17 22:42:46][debug] [sms]client IP:118.89.52.235
[2019-02-17 22:42:46][debug] [sms]start:1550414566
[2019-02-17 22:42:49][debug] [sms]all num:10
[2019-02-17 22:42:49][debug] [sms]run num:10
[2019-02-17 22:42:49][debug] [sms]ok num:0
[2019-02-17 22:42:49][debug] [sms]no num:0
[2019-02-17 22:42:49][debug] [sms]run time:3
[2019-02-17 22:42:49][debug] [sms]end:1550414569
[2019-02-17 22:42:49][debug] [sms]page:https://bbs.sex002.xyz/plugin.php?id=tom_tchongbao:ajax&act=nitice_sms_hb_run&site=1&tongcheng_id=866&hongbao_id=78&page=61
[2019-02-17 22:42:50][debug] [sms]hongbao id:78
[2019-02-17 22:42:50][debug] [sms]page:61
[2019-02-17 22:42:50][debug] [sms]client IP:118.89.52.235
[2019-02-17 22:42:50][debug] [sms]start:1550414570
[2019-02-17 22:42:52][debug] [sms]all num:10
[2019-02-17 22:42:52][debug] [sms]run num:10
[2019-02-17 22:42:52][debug] [sms]ok num:0
[2019-02-17 22:42:52][debug] [sms]no num:0
[2019-02-17 22:42:52][debug] [sms]run time:2
[2019-02-17 22:42:52][debug] [sms]end:1550414572
[2019-02-17 22:42:52][debug] [sms]page:https://bbs.sex002.xyz/plugin.php?id=tom_tchongbao:ajax&act=nitice_sms_hb_run&site=1&tongcheng_id=866&hongbao_id=78&page=62
[2019-02-17 22:42:53][debug] [sms]hongbao id:78
[2019-02-17 22:42:53][debug] [sms]page:62
[2019-02-17 22:42:53][debug] [sms]client IP:118.89.52.235
[2019-02-17 22:42:53][debug] [sms]start:1550414573
[2019-02-17 22:42:56][debug] [sms]all num:10
[2019-02-17 22:42:56][debug] [sms]run num:10
[2019-02-17 22:42:56][debug] [sms]ok num:0
[2019-02-17 22:42:56][debug] [sms]no num:0
[2019-02-17 22:42:56][debug] [sms]run time:3
[2019-02-17 22:42:56][debug] [sms]end:1550414576
[2019-02-17 22:42:56][debug] [sms]page:https://bbs.sex002.xyz/plugin.php?id=tom_tchongbao:ajax&act=nitice_sms_hb_run&site=1&tongcheng_id=866&hongbao_id=78&page=63
[2019-02-17 22:42:56][debug] [sms]hongbao id:78
[2019-02-17 22:42:56][debug] [sms]page:63
[2019-02-17 22:42:56][debug] [sms]client IP:118.89.52.235
[2019-02-17 22:42:56][debug] [sms]start:1550414576
[2019-02-17 22:42:59][debug] [sms]all num:10
[2019-02-17 22:42:59][debug] [sms]run num:10
[2019-02-17 22:42:59][debug] [sms]ok num:0
[2019-02-17 22:42:59][debug] [sms]no num:0
[2019-02-17 22:42:59][debug] [sms]run time:3
[2019-02-17 22:42:59][debug] [sms]end:1550414579
[2019-02-17 22:42:59][debug] [sms]page:https://bbs.sex002.xyz/plugin.php?id=tom_tchongbao:ajax&act=nitice_sms_hb_run&site=1&tongcheng_id=866&hongbao_id=78&page=64
[2019-02-17 22:42:59][debug] [sms]hongbao id:78
[2019-02-17 22:42:59][debug] [sms]page:64
[2019-02-17 22:42:59][debug] [sms]client IP:118.89.52.235
[2019-02-17 22:42:59][debug] [sms]start:1550414579
[2019-02-17 22:43:02][debug] [sms]all num:10
[2019-02-17 22:43:02][debug] [sms]run num:10
[2019-02-17 22:43:02][debug] [sms]ok num:0
[2019-02-17 22:43:02][debug] [sms]no num:0
[2019-02-17 22:43:02][debug] [sms]run time:3
[2019-02-17 22:43:02][debug] [sms]end:1550414582
[2019-02-17 22:43:02][debug] [sms]page:https://bbs.sex002.xyz/plugin.php?id=tom_tchongbao:ajax&act=nitice_sms_hb_run&site=1&tongcheng_id=866&hongbao_id=78&page=65
[2019-02-17 22:43:03][debug] [sms]hongbao id:78
[2019-02-17 22:43:03][debug] [sms]page:65
[2019-02-17 22:43:03][debug] [sms]client IP:118.89.52.235
[2019-02-17 22:43:03][debug] [sms]start:1550414583
[2019-02-17 22:43:05][debug] [sms]all num:10
[2019-02-17 22:43:05][debug] [sms]run num:10
[2019-02-17 22:43:05][debug] [sms]ok num:0
[2019-02-17 22:43:05][debug] [sms]no num:0
[2019-02-17 22:43:05][debug] [sms]run time:2
[2019-02-17 22:43:05][debug] [sms]end:1550414585
[2019-02-17 22:43:05][debug] [sms]page:https://bbs.sex002.xyz/plugin.php?id=tom_tchongbao:ajax&act=nitice_sms_hb_run&site=1&tongcheng_id=866&hongbao_id=78&page=66
[2019-02-17 22:43:06][debug] [sms]hongbao id:78
[2019-02-17 22:43:06][debug] [sms]page:66
[2019-02-17 22:43:06][debug] [sms]client IP:118.89.52.235
[2019-02-17 22:43:06][debug] [sms]start:1550414586
[2019-02-17 22:43:09][debug] [sms]all num:10
[2019-02-17 22:43:09][debug] [sms]run num:10
[2019-02-17 22:43:09][debug] [sms]ok num:0
[2019-02-17 22:43:09][debug] [sms]no num:0
[2019-02-17 22:43:09][debug] [sms]run time:3
[2019-02-17 22:43:09][debug] [sms]end:1550414589
[2019-02-17 22:43:09][debug] [sms]page:https://bbs.sex002.xyz/plugin.php?id=tom_tchongbao:ajax&act=nitice_sms_hb_run&site=1&tongcheng_id=866&hongbao_id=78&page=67
[2019-02-17 22:43:09][debug] [sms]hongbao id:78
[2019-02-17 22:43:09][debug] [sms]page:67
[2019-02-17 22:43:09][debug] [sms]client IP:118.89.52.235
[2019-02-17 22:43:09][debug] [sms]start:1550414589
[2019-02-17 22:43:12][debug] [sms]all num:10
[2019-02-17 22:43:12][debug] [sms]run num:10
[2019-02-17 22:43:12][debug] [sms]ok num:0
[2019-02-17 22:43:12][debug] [sms]no num:0
[2019-02-17 22:43:12][debug] [sms]run time:3
[2019-02-17 22:43:12][debug] [sms]end:1550414592
[2019-02-17 22:43:12][debug] [sms]page:https://bbs.sex002.xyz/plugin.php?id=tom_tchongbao:ajax&act=nitice_sms_hb_run&site=1&tongcheng_id=866&hongbao_id=78&page=68
[2019-02-17 22:43:12][debug] [sms]hongbao id:78
[2019-02-17 22:43:12][debug] [sms]page:68
[2019-02-17 22:43:12][debug] [sms]client IP:118.89.52.235
[2019-02-17 22:43:12][debug] [sms]start:1550414592
[2019-02-17 22:43:15][debug] [sms]all num:10
[2019-02-17 22:43:15][debug] [sms]run num:10
[2019-02-17 22:43:15][debug] [sms]ok num:0
[2019-02-17 22:43:15][debug] [sms]no num:0
[2019-02-17 22:43:15][debug] [sms]run time:3
[2019-02-17 22:43:15][debug] [sms]end:1550414595
[2019-02-17 22:43:15][debug] [sms]page:https://bbs.sex002.xyz/plugin.php?id=tom_tchongbao:ajax&act=nitice_sms_hb_run&site=1&tongcheng_id=866&hongbao_id=78&page=69
[2019-02-17 22:43:15][debug] [sms]hongbao id:78
[2019-02-17 22:43:15][debug] [sms]page:69
[2019-02-17 22:43:15][debug] [sms]client IP:118.89.52.235
[2019-02-17 22:43:15][debug] [sms]start:1550414595
[2019-02-17 22:43:18][debug] [sms]all num:10
[2019-02-17 22:43:18][debug] [sms]run num:10
[2019-02-17 22:43:18][debug] [sms]ok num:0
[2019-02-17 22:43:18][debug] [sms]no num:0
[2019-02-17 22:43:18][debug] [sms]run time:3
[2019-02-17 22:43:18][debug] [sms]end:1550414598
[2019-02-17 22:43:18][debug] [sms]page:https://bbs.sex002.xyz/plugin.php?id=tom_tchongbao:ajax&act=nitice_sms_hb_run&site=1&tongcheng_id=866&hongbao_id=78&page=70
[2019-02-17 22:43:19][debug] [sms]hongbao id:78
[2019-02-17 22:43:19][debug] [sms]page:70
[2019-02-17 22:43:19][debug] [sms]client IP:118.89.52.235
[2019-02-17 22:43:19][debug] [sms]start:1550414599
[2019-02-17 22:43:22][debug] [sms]all num:10
[2019-02-17 22:43:22][debug] [sms]run num:10
[2019-02-17 22:43:22][debug] [sms]ok num:0
[2019-02-17 22:43:22][debug] [sms]no num:0
[2019-02-17 22:43:22][debug] [sms]run time:3
[2019-02-17 22:43:22][debug] [sms]end:1550414602
[2019-02-17 22:43:22][debug] [sms]page:https://bbs.sex002.xyz/plugin.php?id=tom_tchongbao:ajax&act=nitice_sms_hb_run&site=1&tongcheng_id=866&hongbao_id=78&page=71
[2019-02-17 22:43:22][debug] [sms]hongbao id:78
[2019-02-17 22:43:22][debug] [sms]page:71
[2019-02-17 22:43:22][debug] [sms]client IP:118.89.52.235
[2019-02-17 22:43:22][debug] [sms]start:1550414602
[2019-02-17 22:43:25][debug] [sms]all num:10
[2019-02-17 22:43:25][debug] [sms]run num:10
[2019-02-17 22:43:25][debug] [sms]ok num:0
[2019-02-17 22:43:25][debug] [sms]no num:0
[2019-02-17 22:43:25][debug] [sms]run time:3
[2019-02-17 22:43:25][debug] [sms]end:1550414605
[2019-02-17 22:43:25][debug] [sms]page:https://bbs.sex002.xyz/plugin.php?id=tom_tchongbao:ajax&act=nitice_sms_hb_run&site=1&tongcheng_id=866&hongbao_id=78&page=72
[2019-02-17 22:43:25][debug] [sms]hongbao id:78
[2019-02-17 22:43:25][debug] [sms]page:72
[2019-02-17 22:43:25][debug] [sms]client IP:118.89.52.235
[2019-02-17 22:43:25][debug] [sms]start:1550414605
[2019-02-17 22:43:28][debug] [sms]all num:10
[2019-02-17 22:43:28][debug] [sms]run num:10
[2019-02-17 22:43:28][debug] [sms]ok num:0
[2019-02-17 22:43:28][debug] [sms]no num:0
[2019-02-17 22:43:28][debug] [sms]run time:3
[2019-02-17 22:43:28][debug] [sms]end:1550414608
[2019-02-17 22:43:28][debug] [sms]page:https://bbs.sex002.xyz/plugin.php?id=tom_tchongbao:ajax&act=nitice_sms_hb_run&site=1&tongcheng_id=866&hongbao_id=78&page=73
[2019-02-17 22:43:28][debug] [sms]hongbao id:78
[2019-02-17 22:43:28][debug] [sms]page:73
[2019-02-17 22:43:28][debug] [sms]client IP:118.89.52.235
[2019-02-17 22:43:28][debug] [sms]start:1550414608
[2019-02-17 22:43:31][debug] [sms]all num:10
[2019-02-17 22:43:31][debug] [sms]run num:10
[2019-02-17 22:43:31][debug] [sms]ok num:0
[2019-02-17 22:43:31][debug] [sms]no num:0
[2019-02-17 22:43:31][debug] [sms]run time:3
[2019-02-17 22:43:31][debug] [sms]end:1550414611
[2019-02-17 22:43:31][debug] [sms]page:https://bbs.sex002.xyz/plugin.php?id=tom_tchongbao:ajax&act=nitice_sms_hb_run&site=1&tongcheng_id=866&hongbao_id=78&page=74
[2019-02-17 22:43:31][debug] [sms]hongbao id:78
[2019-02-17 22:43:31][debug] [sms]page:74
[2019-02-17 22:43:31][debug] [sms]client IP:118.89.52.235
[2019-02-17 22:43:31][debug] [sms]start:1550414611
[2019-02-17 22:43:34][debug] [sms]all num:10
[2019-02-17 22:43:34][debug] [sms]run num:10
[2019-02-17 22:43:34][debug] [sms]ok num:0
[2019-02-17 22:43:34][debug] [sms]no num:0
[2019-02-17 22:43:34][debug] [sms]run time:3
[2019-02-17 22:43:34][debug] [sms]end:1550414614
[2019-02-17 22:43:34][debug] [sms]page:https://bbs.sex002.xyz/plugin.php?id=tom_tchongbao:ajax&act=nitice_sms_hb_run&site=1&tongcheng_id=866&hongbao_id=78&page=75
[2019-02-17 22:43:34][debug] [sms]hongbao id:78
[2019-02-17 22:43:34][debug] [sms]page:75
[2019-02-17 22:43:34][debug] [sms]client IP:118.89.52.235
[2019-02-17 22:43:34][debug] [sms]start:1550414614
[2019-02-17 22:43:38][debug] [sms]all num:10
[2019-02-17 22:43:38][debug] [sms]run num:10
[2019-02-17 22:43:38][debug] [sms]ok num:0
[2019-02-17 22:43:38][debug] [sms]no num:0
[2019-02-17 22:43:38][debug] [sms]run time:4
[2019-02-17 22:43:38][debug] [sms]end:1550414618
[2019-02-17 22:43:38][debug] [sms]page:https://bbs.sex002.xyz/plugin.php?id=tom_tchongbao:ajax&act=nitice_sms_hb_run&site=1&tongcheng_id=866&hongbao_id=78&page=76
[2019-02-17 22:43:38][debug] [sms]hongbao id:78
[2019-02-17 22:43:38][debug] [sms]page:76
[2019-02-17 22:43:38][debug] [sms]client IP:118.89.52.235
[2019-02-17 22:43:38][debug] [sms]start:1550414618
[2019-02-17 22:43:40][debug] [sms]all num:10
[2019-02-17 22:43:40][debug] [sms]run num:10
[2019-02-17 22:43:40][debug] [sms]ok num:0
[2019-02-17 22:43:40][debug] [sms]no num:0
[2019-02-17 22:43:40][debug] [sms]run time:2
[2019-02-17 22:43:40][debug] [sms]end:1550414620
[2019-02-17 22:43:40][debug] [sms]page:https://bbs.sex002.xyz/plugin.php?id=tom_tchongbao:ajax&act=nitice_sms_hb_run&site=1&tongcheng_id=866&hongbao_id=78&page=77
[2019-02-17 22:43:41][debug] [sms]hongbao id:78
[2019-02-17 22:43:41][debug] [sms]page:77
[2019-02-17 22:43:41][debug] [sms]client IP:118.89.52.235
[2019-02-17 22:43:41][debug] [sms]start:1550414621
[2019-02-17 22:43:44][debug] [sms]all num:10
[2019-02-17 22:43:44][debug] [sms]run num:10
[2019-02-17 22:43:44][debug] [sms]ok num:0
[2019-02-17 22:43:44][debug] [sms]no num:0
[2019-02-17 22:43:44][debug] [sms]run time:3
[2019-02-17 22:43:44][debug] [sms]end:1550414624
[2019-02-17 22:43:44][debug] [sms]page:https://bbs.sex002.xyz/plugin.php?id=tom_tchongbao:ajax&act=nitice_sms_hb_run&site=1&tongcheng_id=866&hongbao_id=78&page=78
[2019-02-17 22:43:44][debug] [sms]hongbao id:78
[2019-02-17 22:43:44][debug] [sms]page:78
[2019-02-17 22:43:44][debug] [sms]client IP:118.89.52.235
[2019-02-17 22:43:44][debug] [sms]start:1550414624
[2019-02-17 22:43:47][debug] [sms]all num:10
[2019-02-17 22:43:47][debug] [sms]run num:10
[2019-02-17 22:43:47][debug] [sms]ok num:0
[2019-02-17 22:43:47][debug] [sms]no num:0
[2019-02-17 22:43:47][debug] [sms]run time:3
[2019-02-17 22:43:47][debug] [sms]end:1550414627
[2019-02-17 22:43:47][debug] [sms]page:https://bbs.sex002.xyz/plugin.php?id=tom_tchongbao:ajax&act=nitice_sms_hb_run&site=1&tongcheng_id=866&hongbao_id=78&page=79
[2019-02-17 22:43:47][debug] [sms]hongbao id:78
[2019-02-17 22:43:47][debug] [sms]page:79
[2019-02-17 22:43:47][debug] [sms]client IP:118.89.52.235
[2019-02-17 22:43:47][debug] [sms]start:1550414627
[2019-02-17 22:43:50][debug] [sms]all num:10
[2019-02-17 22:43:50][debug] [sms]run num:10
[2019-02-17 22:43:50][debug] [sms]ok num:0
[2019-02-17 22:43:50][debug] [sms]no num:0
[2019-02-17 22:43:50][debug] [sms]run time:3
[2019-02-17 22:43:50][debug] [sms]end:1550414630
[2019-02-17 22:43:50][debug] [sms]page:https://bbs.sex002.xyz/plugin.php?id=tom_tchongbao:ajax&act=nitice_sms_hb_run&site=1&tongcheng_id=866&hongbao_id=78&page=80
[2019-02-17 22:43:51][debug] [sms]hongbao id:78
[2019-02-17 22:43:51][debug] [sms]page:80
[2019-02-17 22:43:51][debug] [sms]client IP:118.89.52.235
[2019-02-17 22:43:51][debug] [sms]start:1550414631
[2019-02-17 22:43:53][debug] [sms]all num:10
[2019-02-17 22:43:53][debug] [sms]run num:10
[2019-02-17 22:43:53][debug] [sms]ok num:0
[2019-02-17 22:43:53][debug] [sms]no num:0
[2019-02-17 22:43:53][debug] [sms]run time:2
[2019-02-17 22:43:53][debug] [sms]end:1550414633
[2019-02-17 22:43:53][debug] [sms]page:https://bbs.sex002.xyz/plugin.php?id=tom_tchongbao:ajax&act=nitice_sms_hb_run&site=1&tongcheng_id=866&hongbao_id=78&page=81
[2019-02-17 22:43:54][debug] [sms]hongbao id:78
[2019-02-17 22:43:54][debug] [sms]page:81
[2019-02-17 22:43:54][debug] [sms]client IP:118.89.52.235
[2019-02-17 22:43:54][debug] [sms]start:1550414634
[2019-02-17 22:43:57][debug] [sms]all num:10
[2019-02-17 22:43:57][debug] [sms]run num:10
[2019-02-17 22:43:57][debug] [sms]ok num:0
[2019-02-17 22:43:57][debug] [sms]no num:0
[2019-02-17 22:43:57][debug] [sms]run time:3
[2019-02-17 22:43:57][debug] [sms]end:1550414637
[2019-02-17 22:43:57][debug] [sms]page:https://bbs.sex002.xyz/plugin.php?id=tom_tchongbao:ajax&act=nitice_sms_hb_run&site=1&tongcheng_id=866&hongbao_id=78&page=82
[2019-02-17 22:43:57][debug] [sms]hongbao id:78
[2019-02-17 22:43:57][debug] [sms]page:82
[2019-02-17 22:43:57][debug] [sms]client IP:118.89.52.235
[2019-02-17 22:43:57][debug] [sms]start:1550414637
[2019-02-17 22:44:00][debug] [sms]all num:10
[2019-02-17 22:44:00][debug] [sms]run num:10
[2019-02-17 22:44:00][debug] [sms]ok num:0
[2019-02-17 22:44:00][debug] [sms]no num:0
[2019-02-17 22:44:00][debug] [sms]run time:3
[2019-02-17 22:44:00][debug] [sms]end:1550414640
[2019-02-17 22:44:00][debug] [sms]page:https://bbs.sex002.xyz/plugin.php?id=tom_tchongbao:ajax&act=nitice_sms_hb_run&site=1&tongcheng_id=866&hongbao_id=78&page=83
[2019-02-17 22:44:00][debug] [sms]hongbao id:78
[2019-02-17 22:44:00][debug] [sms]page:83
[2019-02-17 22:44:00][debug] [sms]client IP:118.89.52.235
[2019-02-17 22:44:00][debug] [sms]start:1550414640
[2019-02-17 22:44:03][debug] [sms]all num:10
[2019-02-17 22:44:03][debug] [sms]run num:10
[2019-02-17 22:44:03][debug] [sms]ok num:0
[2019-02-17 22:44:03][debug] [sms]no num:0
[2019-02-17 22:44:03][debug] [sms]run time:3
[2019-02-17 22:44:03][debug] [sms]end:1550414643
[2019-02-17 22:44:03][debug] [sms]page:https://bbs.sex002.xyz/plugin.php?id=tom_tchongbao:ajax&act=nitice_sms_hb_run&site=1&tongcheng_id=866&hongbao_id=78&page=84
[2019-02-17 22:44:04][debug] [sms]hongbao id:78
[2019-02-17 22:44:04][debug] [sms]page:84
[2019-02-17 22:44:04][debug] [sms]client IP:118.89.52.235
[2019-02-17 22:44:04][debug] [sms]start:1550414644
[2019-02-17 22:44:06][debug] [sms]all num:10
[2019-02-17 22:44:06][debug] [sms]run num:10
[2019-02-17 22:44:06][debug] [sms]ok num:0
[2019-02-17 22:44:06][debug] [sms]no num:0
[2019-02-17 22:44:06][debug] [sms]run time:2
[2019-02-17 22:44:06][debug] [sms]end:1550414646
[2019-02-17 22:44:07][debug] [sms]page:https://bbs.sex002.xyz/plugin.php?id=tom_tchongbao:ajax&act=nitice_sms_hb_run&site=1&tongcheng_id=866&hongbao_id=78&page=85
[2019-02-17 22:44:07][debug] [sms]hongbao id:78
[2019-02-17 22:44:07][debug] [sms]page:85
[2019-02-17 22:44:07][debug] [sms]client IP:118.89.52.235
[2019-02-17 22:44:07][debug] [sms]start:1550414647
[2019-02-17 22:44:09][debug] [sms]all num:10
[2019-02-17 22:44:09][debug] [sms]run num:10
[2019-02-17 22:44:09][debug] [sms]ok num:0
[2019-02-17 22:44:09][debug] [sms]no num:0
[2019-02-17 22:44:09][debug] [sms]run time:2
[2019-02-17 22:44:09][debug] [sms]end:1550414649
[2019-02-17 22:44:09][debug] [sms]page:https://bbs.sex002.xyz/plugin.php?id=tom_tchongbao:ajax&act=nitice_sms_hb_run&site=1&tongcheng_id=866&hongbao_id=78&page=86
[2019-02-17 22:44:10][debug] [sms]hongbao id:78
[2019-02-17 22:44:10][debug] [sms]page:86
[2019-02-17 22:44:10][debug] [sms]client IP:118.89.52.235
[2019-02-17 22:44:10][debug] [sms]start:1550414650
[2019-02-17 22:44:12][debug] [sms]all num:10
[2019-02-17 22:44:12][debug] [sms]run num:10
[2019-02-17 22:44:12][debug] [sms]ok num:0
[2019-02-17 22:44:12][debug] [sms]no num:0
[2019-02-17 22:44:12][debug] [sms]run time:2
[2019-02-17 22:44:12][debug] [sms]end:1550414652
[2019-02-17 22:44:12][debug] [sms]page:https://bbs.sex002.xyz/plugin.php?id=tom_tchongbao:ajax&act=nitice_sms_hb_run&site=1&tongcheng_id=866&hongbao_id=78&page=87
[2019-02-17 22:44:13][debug] [sms]hongbao id:78
[2019-02-17 22:44:13][debug] [sms]page:87
[2019-02-17 22:44:13][debug] [sms]client IP:118.89.52.235
[2019-02-17 22:44:13][debug] [sms]start:1550414653
[2019-02-17 22:44:15][debug] [sms]all num:10
[2019-02-17 22:44:15][debug] [sms]run num:10
[2019-02-17 22:44:15][debug] [sms]ok num:0
[2019-02-17 22:44:15][debug] [sms]no num:0
[2019-02-17 22:44:15][debug] [sms]run time:2
[2019-02-17 22:44:15][debug] [sms]end:1550414655
[2019-02-17 22:44:15][debug] [sms]page:https://bbs.sex002.xyz/plugin.php?id=tom_tchongbao:ajax&act=nitice_sms_hb_run&site=1&tongcheng_id=866&hongbao_id=78&page=88
[2019-02-17 22:44:16][debug] [sms]hongbao id:78
[2019-02-17 22:44:16][debug] [sms]page:88
[2019-02-17 22:44:16][debug] [sms]client IP:118.89.52.235
[2019-02-17 22:44:16][debug] [sms]start:1550414656
[2019-02-17 22:44:19][debug] [sms]all num:10
[2019-02-17 22:44:19][debug] [sms]run num:10
[2019-02-17 22:44:19][debug] [sms]ok num:0
[2019-02-17 22:44:19][debug] [sms]no num:0
[2019-02-17 22:44:19][debug] [sms]run time:3
[2019-02-17 22:44:19][debug] [sms]end:1550414659
[2019-02-17 22:44:19][debug] [sms]page:https://bbs.sex002.xyz/plugin.php?id=tom_tchongbao:ajax&act=nitice_sms_hb_run&site=1&tongcheng_id=866&hongbao_id=78&page=89
[2019-02-17 22:44:19][debug] [sms]hongbao id:78
[2019-02-17 22:44:19][debug] [sms]page:89
[2019-02-17 22:44:19][debug] [sms]client IP:118.89.52.235
[2019-02-17 22:44:19][debug] [sms]start:1550414659
[2019-02-17 22:44:22][debug] [sms]all num:10
[2019-02-17 22:44:22][debug] [sms]run num:10
[2019-02-17 22:44:22][debug] [sms]ok num:0
[2019-02-17 22:44:22][debug] [sms]no num:0
[2019-02-17 22:44:22][debug] [sms]run time:3
[2019-02-17 22:44:22][debug] [sms]end:1550414662
[2019-02-17 22:44:22][debug] [sms]page:https://bbs.sex002.xyz/plugin.php?id=tom_tchongbao:ajax&act=nitice_sms_hb_run&site=1&tongcheng_id=866&hongbao_id=78&page=90
[2019-02-17 22:44:22][debug] [sms]hongbao id:78
[2019-02-17 22:44:22][debug] [sms]page:90
[2019-02-17 22:44:22][debug] [sms]client IP:118.89.52.235
[2019-02-17 22:44:22][debug] [sms]start:1550414662
[2019-02-17 22:44:25][debug] [sms]all num:10
[2019-02-17 22:44:25][debug] [sms]run num:10
[2019-02-17 22:44:25][debug] [sms]ok num:0
[2019-02-17 22:44:25][debug] [sms]no num:0
[2019-02-17 22:44:25][debug] [sms]run time:3
[2019-02-17 22:44:25][debug] [sms]end:1550414665
[2019-02-17 22:44:25][debug] [sms]page:https://bbs.sex002.xyz/plugin.php?id=tom_tchongbao:ajax&act=nitice_sms_hb_run&site=1&tongcheng_id=866&hongbao_id=78&page=91
[2019-02-17 22:44:25][debug] [sms]hongbao id:78
[2019-02-17 22:44:25][debug] [sms]page:91
[2019-02-17 22:44:25][debug] [sms]client IP:118.89.52.235
[2019-02-17 22:44:25][debug] [sms]start:1550414665
[2019-02-17 22:44:28][debug] [sms]all num:10
[2019-02-17 22:44:28][debug] [sms]run num:10
[2019-02-17 22:44:28][debug] [sms]ok num:0
[2019-02-17 22:44:28][debug] [sms]no num:0
[2019-02-17 22:44:28][debug] [sms]run time:3
[2019-02-17 22:44:28][debug] [sms]end:1550414668
[2019-02-17 22:44:28][debug] [sms]page:https://bbs.sex002.xyz/plugin.php?id=tom_tchongbao:ajax&act=nitice_sms_hb_run&site=1&tongcheng_id=866&hongbao_id=78&page=92
[2019-02-17 22:44:29][debug] [sms]hongbao id:78
[2019-02-17 22:44:29][debug] [sms]page:92
[2019-02-17 22:44:29][debug] [sms]client IP:118.89.52.235
[2019-02-17 22:44:29][debug] [sms]start:1550414669
[2019-02-17 22:44:32][debug] [sms]all num:10
[2019-02-17 22:44:32][debug] [sms]run num:10
[2019-02-17 22:44:32][debug] [sms]ok num:0
[2019-02-17 22:44:32][debug] [sms]no num:0
[2019-02-17 22:44:32][debug] [sms]run time:3
[2019-02-17 22:44:32][debug] [sms]end:1550414672
[2019-02-17 22:44:32][debug] [sms]page:https://bbs.sex002.xyz/plugin.php?id=tom_tchongbao:ajax&act=nitice_sms_hb_run&site=1&tongcheng_id=866&hongbao_id=78&page=93
[2019-02-17 22:44:32][debug] [sms]hongbao id:78
[2019-02-17 22:44:32][debug] [sms]page:93
[2019-02-17 22:44:32][debug] [sms]client IP:118.89.52.235
[2019-02-17 22:44:32][debug] [sms]start:1550414672
[2019-02-17 22:44:35][debug] [sms]all num:10
[2019-02-17 22:44:35][debug] [sms]run num:10
[2019-02-17 22:44:35][debug] [sms]ok num:0
[2019-02-17 22:44:35][debug] [sms]no num:0
[2019-02-17 22:44:35][debug] [sms]run time:3
[2019-02-17 22:44:35][debug] [sms]end:1550414675
[2019-02-17 22:44:35][debug] [sms]page:https://bbs.sex002.xyz/plugin.php?id=tom_tchongbao:ajax&act=nitice_sms_hb_run&site=1&tongcheng_id=866&hongbao_id=78&page=94
[2019-02-17 22:44:35][debug] [sms]hongbao id:78
[2019-02-17 22:44:35][debug] [sms]page:94
[2019-02-17 22:44:35][debug] [sms]client IP:118.89.52.235
[2019-02-17 22:44:35][debug] [sms]start:1550414675
[2019-02-17 22:44:38][debug] [sms]all num:10
[2019-02-17 22:44:38][debug] [sms]run num:10
[2019-02-17 22:44:38][debug] [sms]ok num:0
[2019-02-17 22:44:38][debug] [sms]no num:0
[2019-02-17 22:44:38][debug] [sms]run time:3
[2019-02-17 22:44:38][debug] [sms]end:1550414678
[2019-02-17 22:44:38][debug] [sms]page:https://bbs.sex002.xyz/plugin.php?id=tom_tchongbao:ajax&act=nitice_sms_hb_run&site=1&tongcheng_id=866&hongbao_id=78&page=95
[2019-02-17 22:44:38][debug] [sms]hongbao id:78
[2019-02-17 22:44:38][debug] [sms]page:95
[2019-02-17 22:44:38][debug] [sms]client IP:118.89.52.235
[2019-02-17 22:44:38][debug] [sms]start:1550414678
[2019-02-17 22:44:41][debug] [sms]all num:10
[2019-02-17 22:44:41][debug] [sms]run num:10
[2019-02-17 22:44:41][debug] [sms]ok num:0
[2019-02-17 22:44:41][debug] [sms]no num:0
[2019-02-17 22:44:41][debug] [sms]run time:3
[2019-02-17 22:44:41][debug] [sms]end:1550414681
[2019-02-17 22:44:41][debug] [sms]page:https://bbs.sex002.xyz/plugin.php?id=tom_tchongbao:ajax&act=nitice_sms_hb_run&site=1&tongcheng_id=866&hongbao_id=78&page=96
[2019-02-17 22:44:41][debug] [sms]hongbao id:78
[2019-02-17 22:44:41][debug] [sms]page:96
[2019-02-17 22:44:41][debug] [sms]client IP:118.89.52.235
[2019-02-17 22:44:41][debug] [sms]start:1550414681
[2019-02-17 22:44:44][debug] [sms]all num:10
[2019-02-17 22:44:44][debug] [sms]run num:10
[2019-02-17 22:44:44][debug] [sms]ok num:0
[2019-02-17 22:44:44][debug] [sms]no num:0
[2019-02-17 22:44:44][debug] [sms]run time:3
[2019-02-17 22:44:44][debug] [sms]end:1550414684
[2019-02-17 22:44:44][debug] [sms]page:https://bbs.sex002.xyz/plugin.php?id=tom_tchongbao:ajax&act=nitice_sms_hb_run&site=1&tongcheng_id=866&hongbao_id=78&page=97
[2019-02-17 22:44:45][debug] [sms]hongbao id:78
[2019-02-17 22:44:45][debug] [sms]page:97
[2019-02-17 22:44:45][debug] [sms]client IP:118.89.52.235
[2019-02-17 22:44:45][debug] [sms]start:1550414685
[2019-02-17 22:44:48][debug] [sms]all num:10
[2019-02-17 22:44:48][debug] [sms]run num:10
[2019-02-17 22:44:48][debug] [sms]ok num:0
[2019-02-17 22:44:48][debug] [sms]no num:0
[2019-02-17 22:44:48][debug] [sms]run time:3
[2019-02-17 22:44:48][debug] [sms]end:1550414688
[2019-02-17 22:44:48][debug] [sms]page:https://bbs.sex002.xyz/plugin.php?id=tom_tchongbao:ajax&act=nitice_sms_hb_run&site=1&tongcheng_id=866&hongbao_id=78&page=98
[2019-02-17 22:44:48][debug] [sms]hongbao id:78
[2019-02-17 22:44:48][debug] [sms]page:98
[2019-02-17 22:44:48][debug] [sms]client IP:118.89.52.235
[2019-02-17 22:44:48][debug] [sms]start:1550414688
[2019-02-17 22:44:51][debug] [sms]all num:10
[2019-02-17 22:44:51][debug] [sms]run num:10
[2019-02-17 22:44:51][debug] [sms]ok num:0
[2019-02-17 22:44:51][debug] [sms]no num:0
[2019-02-17 22:44:51][debug] [sms]run time:3
[2019-02-17 22:44:51][debug] [sms]end:1550414691
[2019-02-17 22:44:51][debug] [sms]page:https://bbs.sex002.xyz/plugin.php?id=tom_tchongbao:ajax&act=nitice_sms_hb_run&site=1&tongcheng_id=866&hongbao_id=78&page=99
[2019-02-17 22:44:51][debug] [sms]hongbao id:78
[2019-02-17 22:44:51][debug] [sms]page:99
[2019-02-17 22:44:51][debug] [sms]client IP:118.89.52.235
[2019-02-17 22:44:51][debug] [sms]start:1550414691
[2019-02-17 22:44:54][debug] [sms]all num:10
[2019-02-17 22:44:54][debug] [sms]run num:9
[2019-02-17 22:44:54][debug] [sms]ok num:0
[2019-02-17 22:44:54][debug] [sms]no num:0
[2019-02-17 22:44:54][debug] [sms]run time:3
[2019-02-17 22:44:54][debug] [sms]end:1550414694
[2019-02-17 22:44:54][debug] [sms]page:https://bbs.sex002.xyz/plugin.php?id=tom_tchongbao:ajax&act=nitice_sms_hb_run&site=1&tongcheng_id=866&hongbao_id=78&page=100
[2019-02-17 22:44:54][debug] [sms]hongbao id:78
[2019-02-17 22:44:54][debug] [sms]page:100
[2019-02-17 22:44:54][debug] [sms]client IP:118.89.52.235
[2019-02-17 22:44:54][debug] [sms]start:1550414694
[2019-02-17 22:44:57][debug] [sms]all num:10
[2019-02-17 22:44:57][debug] [sms]run num:10
[2019-02-17 22:44:57][debug] [sms]ok num:0
[2019-02-17 22:44:57][debug] [sms]no num:0
[2019-02-17 22:44:57][debug] [sms]run time:3
[2019-02-17 22:44:57][debug] [sms]end:1550414697
[2019-02-17 22:44:57][debug] [sms]page:https://bbs.sex002.xyz/plugin.php?id=tom_tchongbao:ajax&act=nitice_sms_hb_run&site=1&tongcheng_id=866&hongbao_id=78&page=101
[2019-02-17 22:44:57][debug] [sms]--------------------- over 101 -------------------------
