[2018-07-25 07:44:41][debug] [sms]--------------------- new -------------------------
[2018-07-25 07:44:41][debug] [sms]hongbao id:54
[2018-07-25 07:44:41][debug] [sms]page:1
[2018-07-25 07:44:41][debug] [sms]client IP:118.89.52.235
[2018-07-25 07:44:41][debug] [sms]start:1532475881
[2018-07-25 07:44:44][debug] [sms]all num:10
[2018-07-25 07:44:44][debug] [sms]run num:10
[2018-07-25 07:44:44][debug] [sms]ok num:7
[2018-07-25 07:44:44][debug] [sms]no num:0
[2018-07-25 07:44:44][debug] [sms]run time:3
[2018-07-25 07:44:44][debug] [sms]end:1532475884
[2018-07-25 07:44:44][debug] [sms]page:https://bbs.bivfw.top/plugin.php?id=tom_tchongbao:ajax&act=nitice_sms_hb_run&site=1&tongcheng_id=66&hongbao_id=54&page=2
[2018-07-25 07:44:44][debug] [sms]hongbao id:54
[2018-07-25 07:44:44][debug] [sms]page:2
[2018-07-25 07:44:44][debug] [sms]client IP:118.89.52.235
[2018-07-25 07:44:44][debug] [sms]start:1532475884
[2018-07-25 07:44:48][debug] [sms]all num:10
[2018-07-25 07:44:48][debug] [sms]run num:10
[2018-07-25 07:44:48][debug] [sms]ok num:8
[2018-07-25 07:44:48][debug] [sms]no num:0
[2018-07-25 07:44:48][debug] [sms]run time:4
[2018-07-25 07:44:48][debug] [sms]end:1532475888
[2018-07-25 07:44:48][debug] [sms]page:https://bbs.bivfw.top/plugin.php?id=tom_tchongbao:ajax&act=nitice_sms_hb_run&site=1&tongcheng_id=66&hongbao_id=54&page=3
[2018-07-25 07:44:48][debug] [sms]hongbao id:54
[2018-07-25 07:44:48][debug] [sms]page:3
[2018-07-25 07:44:48][debug] [sms]client IP:118.89.52.235
[2018-07-25 07:44:48][debug] [sms]start:1532475888
[2018-07-25 07:44:52][debug] [sms]all num:10
[2018-07-25 07:44:52][debug] [sms]run num:10
[2018-07-25 07:44:52][debug] [sms]ok num:9
[2018-07-25 07:44:52][debug] [sms]no num:0
[2018-07-25 07:44:52][debug] [sms]run time:4
[2018-07-25 07:44:52][debug] [sms]end:1532475892
[2018-07-25 07:44:52][debug] [sms]page:https://bbs.bivfw.top/plugin.php?id=tom_tchongbao:ajax&act=nitice_sms_hb_run&site=1&tongcheng_id=66&hongbao_id=54&page=4
[2018-07-25 07:44:52][debug] [sms]hongbao id:54
[2018-07-25 07:44:52][debug] [sms]page:4
[2018-07-25 07:44:52][debug] [sms]client IP:118.89.52.235
[2018-07-25 07:44:52][debug] [sms]start:1532475892
[2018-07-25 07:44:56][debug] [sms]all num:10
[2018-07-25 07:44:56][debug] [sms]run num:10
[2018-07-25 07:44:56][debug] [sms]ok num:9
[2018-07-25 07:44:56][debug] [sms]no num:0
[2018-07-25 07:44:56][debug] [sms]run time:4
[2018-07-25 07:44:56][debug] [sms]end:1532475896
[2018-07-25 07:44:56][debug] [sms]page:https://bbs.bivfw.top/plugin.php?id=tom_tchongbao:ajax&act=nitice_sms_hb_run&site=1&tongcheng_id=66&hongbao_id=54&page=5
[2018-07-25 07:44:56][debug] [sms]hongbao id:54
[2018-07-25 07:44:56][debug] [sms]page:5
[2018-07-25 07:44:56][debug] [sms]client IP:118.89.52.235
[2018-07-25 07:44:56][debug] [sms]start:1532475896
[2018-07-25 07:44:59][debug] [sms]all num:10
[2018-07-25 07:44:59][debug] [sms]run num:10
[2018-07-25 07:44:59][debug] [sms]ok num:7
[2018-07-25 07:44:59][debug] [sms]no num:0
[2018-07-25 07:44:59][debug] [sms]run time:3
[2018-07-25 07:44:59][debug] [sms]end:1532475899
[2018-07-25 07:44:59][debug] [sms]page:https://bbs.bivfw.top/plugin.php?id=tom_tchongbao:ajax&act=nitice_sms_hb_run&site=1&tongcheng_id=66&hongbao_id=54&page=6
[2018-07-25 07:44:59][debug] [sms]hongbao id:54
[2018-07-25 07:44:59][debug] [sms]page:6
[2018-07-25 07:44:59][debug] [sms]client IP:118.89.52.235
[2018-07-25 07:44:59][debug] [sms]start:1532475899
[2018-07-25 07:45:03][debug] [sms]all num:10
[2018-07-25 07:45:03][debug] [sms]run num:10
[2018-07-25 07:45:03][debug] [sms]ok num:9
[2018-07-25 07:45:03][debug] [sms]no num:0
[2018-07-25 07:45:03][debug] [sms]run time:4
[2018-07-25 07:45:03][debug] [sms]end:1532475903
[2018-07-25 07:45:03][debug] [sms]page:https://bbs.bivfw.top/plugin.php?id=tom_tchongbao:ajax&act=nitice_sms_hb_run&site=1&tongcheng_id=66&hongbao_id=54&page=7
[2018-07-25 07:45:03][debug] [sms]hongbao id:54
[2018-07-25 07:45:03][debug] [sms]page:7
[2018-07-25 07:45:03][debug] [sms]client IP:118.89.52.235
[2018-07-25 07:45:03][debug] [sms]start:1532475903
[2018-07-25 07:45:06][debug] [sms]all num:10
[2018-07-25 07:45:06][debug] [sms]run num:10
[2018-07-25 07:45:06][debug] [sms]ok num:6
[2018-07-25 07:45:06][debug] [sms]no num:0
[2018-07-25 07:45:06][debug] [sms]run time:3
[2018-07-25 07:45:06][debug] [sms]end:1532475906
[2018-07-25 07:45:06][debug] [sms]page:https://bbs.bivfw.top/plugin.php?id=tom_tchongbao:ajax&act=nitice_sms_hb_run&site=1&tongcheng_id=66&hongbao_id=54&page=8
[2018-07-25 07:45:06][debug] [sms]hongbao id:54
[2018-07-25 07:45:06][debug] [sms]page:8
[2018-07-25 07:45:06][debug] [sms]client IP:118.89.52.235
[2018-07-25 07:45:06][debug] [sms]start:1532475906
[2018-07-25 07:45:09][debug] [sms]all num:10
[2018-07-25 07:45:09][debug] [sms]run num:10
[2018-07-25 07:45:09][debug] [sms]ok num:8
[2018-07-25 07:45:09][debug] [sms]no num:0
[2018-07-25 07:45:09][debug] [sms]run time:3
[2018-07-25 07:45:09][debug] [sms]end:1532475909
[2018-07-25 07:45:09][debug] [sms]page:https://bbs.bivfw.top/plugin.php?id=tom_tchongbao:ajax&act=nitice_sms_hb_run&site=1&tongcheng_id=66&hongbao_id=54&page=9
[2018-07-25 07:45:10][debug] [sms]hongbao id:54
[2018-07-25 07:45:10][debug] [sms]page:9
[2018-07-25 07:45:10][debug] [sms]client IP:118.89.52.235
[2018-07-25 07:45:10][debug] [sms]start:1532475910
[2018-07-25 07:45:13][debug] [sms]all num:10
[2018-07-25 07:45:13][debug] [sms]run num:10
[2018-07-25 07:45:13][debug] [sms]ok num:5
[2018-07-25 07:45:13][debug] [sms]no num:0
[2018-07-25 07:45:13][debug] [sms]run time:3
[2018-07-25 07:45:13][debug] [sms]end:1532475913
[2018-07-25 07:45:13][debug] [sms]page:https://bbs.bivfw.top/plugin.php?id=tom_tchongbao:ajax&act=nitice_sms_hb_run&site=1&tongcheng_id=66&hongbao_id=54&page=10
[2018-07-25 07:45:13][debug] [sms]hongbao id:54
[2018-07-25 07:45:13][debug] [sms]page:10
[2018-07-25 07:45:13][debug] [sms]client IP:118.89.52.235
[2018-07-25 07:45:13][debug] [sms]start:1532475913
[2018-07-25 07:45:16][debug] [sms]all num:10
[2018-07-25 07:45:16][debug] [sms]run num:10
[2018-07-25 07:45:16][debug] [sms]ok num:8
[2018-07-25 07:45:16][debug] [sms]no num:0
[2018-07-25 07:45:16][debug] [sms]run time:3
[2018-07-25 07:45:16][debug] [sms]end:1532475916
[2018-07-25 07:45:16][debug] [sms]page:https://bbs.bivfw.top/plugin.php?id=tom_tchongbao:ajax&act=nitice_sms_hb_run&site=1&tongcheng_id=66&hongbao_id=54&page=11
[2018-07-25 07:45:17][debug] [sms]hongbao id:54
[2018-07-25 07:45:17][debug] [sms]page:11
[2018-07-25 07:45:17][debug] [sms]client IP:118.89.52.235
[2018-07-25 07:45:17][debug] [sms]start:1532475917
[2018-07-25 07:45:20][debug] [sms]all num:10
[2018-07-25 07:45:20][debug] [sms]run num:10
[2018-07-25 07:45:20][debug] [sms]ok num:8
[2018-07-25 07:45:20][debug] [sms]no num:0
[2018-07-25 07:45:20][debug] [sms]run time:3
[2018-07-25 07:45:20][debug] [sms]end:1532475920
[2018-07-25 07:45:20][debug] [sms]page:https://bbs.bivfw.top/plugin.php?id=tom_tchongbao:ajax&act=nitice_sms_hb_run&site=1&tongcheng_id=66&hongbao_id=54&page=12
[2018-07-25 07:45:20][debug] [sms]hongbao id:54
[2018-07-25 07:45:20][debug] [sms]page:12
[2018-07-25 07:45:20][debug] [sms]client IP:118.89.52.235
[2018-07-25 07:45:20][debug] [sms]start:1532475920
[2018-07-25 07:45:23][debug] [sms]all num:10
[2018-07-25 07:45:23][debug] [sms]run num:10
[2018-07-25 07:45:23][debug] [sms]ok num:6
[2018-07-25 07:45:23][debug] [sms]no num:0
[2018-07-25 07:45:23][debug] [sms]run time:3
[2018-07-25 07:45:23][debug] [sms]end:1532475923
[2018-07-25 07:45:23][debug] [sms]page:https://bbs.bivfw.top/plugin.php?id=tom_tchongbao:ajax&act=nitice_sms_hb_run&site=1&tongcheng_id=66&hongbao_id=54&page=13
[2018-07-25 07:45:23][debug] [sms]hongbao id:54
[2018-07-25 07:45:23][debug] [sms]page:13
[2018-07-25 07:45:23][debug] [sms]client IP:118.89.52.235
[2018-07-25 07:45:23][debug] [sms]start:1532475923
[2018-07-25 07:45:26][debug] [sms]all num:10
[2018-07-25 07:45:26][debug] [sms]run num:10
[2018-07-25 07:45:26][debug] [sms]ok num:1
[2018-07-25 07:45:26][debug] [sms]no num:0
[2018-07-25 07:45:26][debug] [sms]run time:3
[2018-07-25 07:45:26][debug] [sms]end:1532475926
[2018-07-25 07:45:26][debug] [sms]page:https://bbs.bivfw.top/plugin.php?id=tom_tchongbao:ajax&act=nitice_sms_hb_run&site=1&tongcheng_id=66&hongbao_id=54&page=14
[2018-07-25 07:45:27][debug] [sms]hongbao id:54
[2018-07-25 07:45:27][debug] [sms]page:14
[2018-07-25 07:45:27][debug] [sms]client IP:118.89.52.235
[2018-07-25 07:45:27][debug] [sms]start:1532475927
[2018-07-25 07:45:30][debug] [sms]all num:10
[2018-07-25 07:45:30][debug] [sms]run num:10
[2018-07-25 07:45:30][debug] [sms]ok num:5
[2018-07-25 07:45:30][debug] [sms]no num:0
[2018-07-25 07:45:30][debug] [sms]run time:3
[2018-07-25 07:45:30][debug] [sms]end:1532475930
[2018-07-25 07:45:30][debug] [sms]page:https://bbs.bivfw.top/plugin.php?id=tom_tchongbao:ajax&act=nitice_sms_hb_run&site=1&tongcheng_id=66&hongbao_id=54&page=15
[2018-07-25 07:45:30][debug] [sms]hongbao id:54
[2018-07-25 07:45:30][debug] [sms]page:15
[2018-07-25 07:45:30][debug] [sms]client IP:118.89.52.235
[2018-07-25 07:45:30][debug] [sms]start:1532475930
[2018-07-25 07:45:32][debug] [sms]all num:10
[2018-07-25 07:45:32][debug] [sms]run num:9
[2018-07-25 07:45:32][debug] [sms]ok num:5
[2018-07-25 07:45:32][debug] [sms]no num:0
[2018-07-25 07:45:32][debug] [sms]run time:2
[2018-07-25 07:45:32][debug] [sms]end:1532475932
[2018-07-25 07:45:32][debug] [sms]page:https://bbs.bivfw.top/plugin.php?id=tom_tchongbao:ajax&act=nitice_sms_hb_run&site=1&tongcheng_id=66&hongbao_id=54&page=16
[2018-07-25 07:45:33][debug] [sms]hongbao id:54
[2018-07-25 07:45:33][debug] [sms]page:16
[2018-07-25 07:45:33][debug] [sms]client IP:118.89.52.235
[2018-07-25 07:45:33][debug] [sms]start:1532475933
[2018-07-25 07:45:36][debug] [sms]all num:10
[2018-07-25 07:45:36][debug] [sms]run num:10
[2018-07-25 07:45:36][debug] [sms]ok num:6
[2018-07-25 07:45:36][debug] [sms]no num:0
[2018-07-25 07:45:36][debug] [sms]run time:3
[2018-07-25 07:45:36][debug] [sms]end:1532475936
[2018-07-25 07:45:36][debug] [sms]page:https://bbs.bivfw.top/plugin.php?id=tom_tchongbao:ajax&act=nitice_sms_hb_run&site=1&tongcheng_id=66&hongbao_id=54&page=17
[2018-07-25 07:45:36][debug] [sms]hongbao id:54
[2018-07-25 07:45:36][debug] [sms]page:17
[2018-07-25 07:45:36][debug] [sms]client IP:118.89.52.235
[2018-07-25 07:45:36][debug] [sms]start:1532475936
[2018-07-25 07:45:39][debug] [sms]all num:10
[2018-07-25 07:45:39][debug] [sms]run num:10
[2018-07-25 07:45:39][debug] [sms]ok num:4
[2018-07-25 07:45:39][debug] [sms]no num:0
[2018-07-25 07:45:39][debug] [sms]run time:3
[2018-07-25 07:45:39][debug] [sms]end:1532475939
[2018-07-25 07:45:39][debug] [sms]page:https://bbs.bivfw.top/plugin.php?id=tom_tchongbao:ajax&act=nitice_sms_hb_run&site=1&tongcheng_id=66&hongbao_id=54&page=18
[2018-07-25 07:45:39][debug] [sms]hongbao id:54
[2018-07-25 07:45:39][debug] [sms]page:18
[2018-07-25 07:45:39][debug] [sms]client IP:118.89.52.235
[2018-07-25 07:45:39][debug] [sms]start:1532475939
[2018-07-25 07:45:42][debug] [sms]all num:10
[2018-07-25 07:45:42][debug] [sms]run num:10
[2018-07-25 07:45:42][debug] [sms]ok num:8
[2018-07-25 07:45:42][debug] [sms]no num:0
[2018-07-25 07:45:42][debug] [sms]run time:3
[2018-07-25 07:45:42][debug] [sms]end:1532475942
[2018-07-25 07:45:42][debug] [sms]page:https://bbs.bivfw.top/plugin.php?id=tom_tchongbao:ajax&act=nitice_sms_hb_run&site=1&tongcheng_id=66&hongbao_id=54&page=19
[2018-07-25 07:45:42][debug] [sms]hongbao id:54
[2018-07-25 07:45:42][debug] [sms]page:19
[2018-07-25 07:45:42][debug] [sms]client IP:118.89.52.235
[2018-07-25 07:45:42][debug] [sms]start:1532475942
[2018-07-25 07:45:45][debug] [sms]all num:10
[2018-07-25 07:45:45][debug] [sms]run num:10
[2018-07-25 07:45:45][debug] [sms]ok num:7
[2018-07-25 07:45:45][debug] [sms]no num:0
[2018-07-25 07:45:45][debug] [sms]run time:3
[2018-07-25 07:45:45][debug] [sms]end:1532475945
[2018-07-25 07:45:45][debug] [sms]page:https://bbs.bivfw.top/plugin.php?id=tom_tchongbao:ajax&act=nitice_sms_hb_run&site=1&tongcheng_id=66&hongbao_id=54&page=20
[2018-07-25 07:45:46][debug] [sms]hongbao id:54
[2018-07-25 07:45:46][debug] [sms]page:20
[2018-07-25 07:45:46][debug] [sms]client IP:118.89.52.235
[2018-07-25 07:45:46][debug] [sms]start:1532475946
[2018-07-25 07:45:49][debug] [sms]all num:10
[2018-07-25 07:45:49][debug] [sms]run num:10
[2018-07-25 07:45:49][debug] [sms]ok num:8
[2018-07-25 07:45:49][debug] [sms]no num:0
[2018-07-25 07:45:49][debug] [sms]run time:3
[2018-07-25 07:45:49][debug] [sms]end:1532475949
[2018-07-25 07:45:49][debug] [sms]page:https://bbs.bivfw.top/plugin.php?id=tom_tchongbao:ajax&act=nitice_sms_hb_run&site=1&tongcheng_id=66&hongbao_id=54&page=21
[2018-07-25 07:45:49][debug] [sms]hongbao id:54
[2018-07-25 07:45:49][debug] [sms]page:21
[2018-07-25 07:45:49][debug] [sms]client IP:118.89.52.235
[2018-07-25 07:45:49][debug] [sms]start:1532475949
[2018-07-25 07:45:52][debug] [sms]all num:10
[2018-07-25 07:45:52][debug] [sms]run num:10
[2018-07-25 07:45:52][debug] [sms]ok num:6
[2018-07-25 07:45:52][debug] [sms]no num:0
[2018-07-25 07:45:52][debug] [sms]run time:3
[2018-07-25 07:45:52][debug] [sms]end:1532475952
[2018-07-25 07:45:52][debug] [sms]page:https://bbs.bivfw.top/plugin.php?id=tom_tchongbao:ajax&act=nitice_sms_hb_run&site=1&tongcheng_id=66&hongbao_id=54&page=22
[2018-07-25 07:45:52][debug] [sms]hongbao id:54
[2018-07-25 07:45:52][debug] [sms]page:22
[2018-07-25 07:45:52][debug] [sms]client IP:118.89.52.235
[2018-07-25 07:45:52][debug] [sms]start:1532475952
[2018-07-25 07:45:56][debug] [sms]all num:10
[2018-07-25 07:45:56][debug] [sms]run num:10
[2018-07-25 07:45:56][debug] [sms]ok num:7
[2018-07-25 07:45:56][debug] [sms]no num:0
[2018-07-25 07:45:56][debug] [sms]run time:4
[2018-07-25 07:45:56][debug] [sms]end:1532475956
[2018-07-25 07:45:56][debug] [sms]page:https://bbs.bivfw.top/plugin.php?id=tom_tchongbao:ajax&act=nitice_sms_hb_run&site=1&tongcheng_id=66&hongbao_id=54&page=23
[2018-07-25 07:45:56][debug] [sms]hongbao id:54
[2018-07-25 07:45:56][debug] [sms]page:23
[2018-07-25 07:45:56][debug] [sms]client IP:118.89.52.235
[2018-07-25 07:45:56][debug] [sms]start:1532475956
[2018-07-25 07:45:59][debug] [sms]all num:10
[2018-07-25 07:45:59][debug] [sms]run num:10
[2018-07-25 07:45:59][debug] [sms]ok num:9
[2018-07-25 07:45:59][debug] [sms]no num:0
[2018-07-25 07:45:59][debug] [sms]run time:3
[2018-07-25 07:45:59][debug] [sms]end:1532475959
[2018-07-25 07:45:59][debug] [sms]page:https://bbs.bivfw.top/plugin.php?id=tom_tchongbao:ajax&act=nitice_sms_hb_run&site=1&tongcheng_id=66&hongbao_id=54&page=24
[2018-07-25 07:45:59][debug] [sms]hongbao id:54
[2018-07-25 07:45:59][debug] [sms]page:24
[2018-07-25 07:45:59][debug] [sms]client IP:118.89.52.235
[2018-07-25 07:45:59][debug] [sms]start:1532475959
[2018-07-25 07:46:02][debug] [sms]all num:10
[2018-07-25 07:46:02][debug] [sms]run num:10
[2018-07-25 07:46:02][debug] [sms]ok num:6
[2018-07-25 07:46:02][debug] [sms]no num:0
[2018-07-25 07:46:02][debug] [sms]run time:3
[2018-07-25 07:46:02][debug] [sms]end:1532475962
[2018-07-25 07:46:02][debug] [sms]page:https://bbs.bivfw.top/plugin.php?id=tom_tchongbao:ajax&act=nitice_sms_hb_run&site=1&tongcheng_id=66&hongbao_id=54&page=25
[2018-07-25 07:46:02][debug] [sms]hongbao id:54
[2018-07-25 07:46:02][debug] [sms]page:25
[2018-07-25 07:46:02][debug] [sms]client IP:118.89.52.235
[2018-07-25 07:46:02][debug] [sms]start:1532475962
[2018-07-25 07:46:06][debug] [sms]all num:10
[2018-07-25 07:46:06][debug] [sms]run num:10
[2018-07-25 07:46:06][debug] [sms]ok num:9
[2018-07-25 07:46:06][debug] [sms]no num:0
[2018-07-25 07:46:06][debug] [sms]run time:4
[2018-07-25 07:46:06][debug] [sms]end:1532475966
[2018-07-25 07:46:06][debug] [sms]page:https://bbs.bivfw.top/plugin.php?id=tom_tchongbao:ajax&act=nitice_sms_hb_run&site=1&tongcheng_id=66&hongbao_id=54&page=26
[2018-07-25 07:46:06][debug] [sms]hongbao id:54
[2018-07-25 07:46:06][debug] [sms]page:26
[2018-07-25 07:46:06][debug] [sms]client IP:118.89.52.235
[2018-07-25 07:46:06][debug] [sms]start:1532475966
[2018-07-25 07:46:09][debug] [sms]all num:10
[2018-07-25 07:46:09][debug] [sms]run num:10
[2018-07-25 07:46:09][debug] [sms]ok num:10
[2018-07-25 07:46:09][debug] [sms]no num:0
[2018-07-25 07:46:09][debug] [sms]run time:3
[2018-07-25 07:46:09][debug] [sms]end:1532475969
[2018-07-25 07:46:09][debug] [sms]page:https://bbs.bivfw.top/plugin.php?id=tom_tchongbao:ajax&act=nitice_sms_hb_run&site=1&tongcheng_id=66&hongbao_id=54&page=27
[2018-07-25 07:46:10][debug] [sms]hongbao id:54
[2018-07-25 07:46:10][debug] [sms]page:27
[2018-07-25 07:46:10][debug] [sms]client IP:118.89.52.235
[2018-07-25 07:46:10][debug] [sms]start:1532475970
[2018-07-25 07:46:13][debug] [sms]all num:10
[2018-07-25 07:46:13][debug] [sms]run num:10
[2018-07-25 07:46:13][debug] [sms]ok num:10
[2018-07-25 07:46:13][debug] [sms]no num:0
[2018-07-25 07:46:13][debug] [sms]run time:3
[2018-07-25 07:46:13][debug] [sms]end:1532475973
[2018-07-25 07:46:13][debug] [sms]page:https://bbs.bivfw.top/plugin.php?id=tom_tchongbao:ajax&act=nitice_sms_hb_run&site=1&tongcheng_id=66&hongbao_id=54&page=28
[2018-07-25 07:46:13][debug] [sms]hongbao id:54
[2018-07-25 07:46:13][debug] [sms]page:28
[2018-07-25 07:46:13][debug] [sms]client IP:118.89.52.235
[2018-07-25 07:46:13][debug] [sms]start:1532475973
[2018-07-25 07:46:16][debug] [sms]all num:10
[2018-07-25 07:46:16][debug] [sms]run num:10
[2018-07-25 07:46:16][debug] [sms]ok num:10
[2018-07-25 07:46:16][debug] [sms]no num:0
[2018-07-25 07:46:16][debug] [sms]run time:3
[2018-07-25 07:46:16][debug] [sms]end:1532475976
[2018-07-25 07:46:16][debug] [sms]page:https://bbs.bivfw.top/plugin.php?id=tom_tchongbao:ajax&act=nitice_sms_hb_run&site=1&tongcheng_id=66&hongbao_id=54&page=29
[2018-07-25 07:46:16][debug] [sms]hongbao id:54
[2018-07-25 07:46:16][debug] [sms]page:29
[2018-07-25 07:46:16][debug] [sms]client IP:118.89.52.235
[2018-07-25 07:46:16][debug] [sms]start:1532475976
[2018-07-25 07:46:19][debug] [sms]all num:10
[2018-07-25 07:46:19][debug] [sms]run num:10
[2018-07-25 07:46:19][debug] [sms]ok num:9
[2018-07-25 07:46:19][debug] [sms]no num:0
[2018-07-25 07:46:19][debug] [sms]run time:3
[2018-07-25 07:46:19][debug] [sms]end:1532475979
[2018-07-25 07:46:19][debug] [sms]page:https://bbs.bivfw.top/plugin.php?id=tom_tchongbao:ajax&act=nitice_sms_hb_run&site=1&tongcheng_id=66&hongbao_id=54&page=30
[2018-07-25 07:46:20][debug] [sms]hongbao id:54
[2018-07-25 07:46:20][debug] [sms]page:30
[2018-07-25 07:46:20][debug] [sms]client IP:118.89.52.235
[2018-07-25 07:46:20][debug] [sms]start:1532475980
[2018-07-25 07:46:23][debug] [sms]all num:10
[2018-07-25 07:46:23][debug] [sms]run num:10
[2018-07-25 07:46:23][debug] [sms]ok num:10
[2018-07-25 07:46:23][debug] [sms]no num:0
[2018-07-25 07:46:23][debug] [sms]run time:3
[2018-07-25 07:46:23][debug] [sms]end:1532475983
[2018-07-25 07:46:23][debug] [sms]page:https://bbs.bivfw.top/plugin.php?id=tom_tchongbao:ajax&act=nitice_sms_hb_run&site=1&tongcheng_id=66&hongbao_id=54&page=31
[2018-07-25 07:46:23][debug] [sms]hongbao id:54
[2018-07-25 07:46:23][debug] [sms]page:31
[2018-07-25 07:46:23][debug] [sms]client IP:118.89.52.235
[2018-07-25 07:46:23][debug] [sms]start:1532475983
[2018-07-25 07:46:26][debug] [sms]all num:10
[2018-07-25 07:46:26][debug] [sms]run num:10
[2018-07-25 07:46:26][debug] [sms]ok num:10
[2018-07-25 07:46:26][debug] [sms]no num:0
[2018-07-25 07:46:26][debug] [sms]run time:3
[2018-07-25 07:46:26][debug] [sms]end:1532475986
[2018-07-25 07:46:26][debug] [sms]page:https://bbs.bivfw.top/plugin.php?id=tom_tchongbao:ajax&act=nitice_sms_hb_run&site=1&tongcheng_id=66&hongbao_id=54&page=32
[2018-07-25 07:46:26][debug] [sms]hongbao id:54
[2018-07-25 07:46:26][debug] [sms]page:32
[2018-07-25 07:46:26][debug] [sms]client IP:118.89.52.235
[2018-07-25 07:46:26][debug] [sms]start:1532475986
[2018-07-25 07:46:29][debug] [sms]all num:10
[2018-07-25 07:46:29][debug] [sms]run num:10
[2018-07-25 07:46:29][debug] [sms]ok num:10
[2018-07-25 07:46:29][debug] [sms]no num:0
[2018-07-25 07:46:29][debug] [sms]run time:3
[2018-07-25 07:46:29][debug] [sms]end:1532475989
[2018-07-25 07:46:29][debug] [sms]page:https://bbs.bivfw.top/plugin.php?id=tom_tchongbao:ajax&act=nitice_sms_hb_run&site=1&tongcheng_id=66&hongbao_id=54&page=33
[2018-07-25 07:46:29][debug] [sms]hongbao id:54
[2018-07-25 07:46:29][debug] [sms]page:33
[2018-07-25 07:46:29][debug] [sms]client IP:118.89.52.235
[2018-07-25 07:46:29][debug] [sms]start:1532475989
[2018-07-25 07:46:32][debug] [sms]all num:10
[2018-07-25 07:46:32][debug] [sms]run num:10
[2018-07-25 07:46:32][debug] [sms]ok num:9
[2018-07-25 07:46:32][debug] [sms]no num:0
[2018-07-25 07:46:32][debug] [sms]run time:3
[2018-07-25 07:46:32][debug] [sms]end:1532475992
[2018-07-25 07:46:32][debug] [sms]page:https://bbs.bivfw.top/plugin.php?id=tom_tchongbao:ajax&act=nitice_sms_hb_run&site=1&tongcheng_id=66&hongbao_id=54&page=34
[2018-07-25 07:46:33][debug] [sms]hongbao id:54
[2018-07-25 07:46:33][debug] [sms]page:34
[2018-07-25 07:46:33][debug] [sms]client IP:118.89.52.235
[2018-07-25 07:46:33][debug] [sms]start:1532475993
[2018-07-25 07:46:36][debug] [sms]all num:10
[2018-07-25 07:46:36][debug] [sms]run num:10
[2018-07-25 07:46:36][debug] [sms]ok num:7
[2018-07-25 07:46:36][debug] [sms]no num:0
[2018-07-25 07:46:36][debug] [sms]run time:3
[2018-07-25 07:46:36][debug] [sms]end:1532475996
[2018-07-25 07:46:36][debug] [sms]page:https://bbs.bivfw.top/plugin.php?id=tom_tchongbao:ajax&act=nitice_sms_hb_run&site=1&tongcheng_id=66&hongbao_id=54&page=35
[2018-07-25 07:46:36][debug] [sms]hongbao id:54
[2018-07-25 07:46:36][debug] [sms]page:35
[2018-07-25 07:46:36][debug] [sms]client IP:118.89.52.235
[2018-07-25 07:46:36][debug] [sms]start:1532475996
[2018-07-25 07:46:40][debug] [sms]all num:10
[2018-07-25 07:46:40][debug] [sms]run num:10
[2018-07-25 07:46:40][debug] [sms]ok num:7
[2018-07-25 07:46:40][debug] [sms]no num:0
[2018-07-25 07:46:40][debug] [sms]run time:4
[2018-07-25 07:46:40][debug] [sms]end:1532476000
[2018-07-25 07:46:40][debug] [sms]page:https://bbs.bivfw.top/plugin.php?id=tom_tchongbao:ajax&act=nitice_sms_hb_run&site=1&tongcheng_id=66&hongbao_id=54&page=36
[2018-07-25 07:46:40][debug] [sms]hongbao id:54
[2018-07-25 07:46:40][debug] [sms]page:36
[2018-07-25 07:46:40][debug] [sms]client IP:118.89.52.235
[2018-07-25 07:46:40][debug] [sms]start:1532476000
[2018-07-25 07:46:44][debug] [sms]all num:10
[2018-07-25 07:46:44][debug] [sms]run num:10
[2018-07-25 07:46:44][debug] [sms]ok num:5
[2018-07-25 07:46:44][debug] [sms]no num:0
[2018-07-25 07:46:44][debug] [sms]run time:4
[2018-07-25 07:46:44][debug] [sms]end:1532476004
[2018-07-25 07:46:44][debug] [sms]page:https://bbs.bivfw.top/plugin.php?id=tom_tchongbao:ajax&act=nitice_sms_hb_run&site=1&tongcheng_id=66&hongbao_id=54&page=37
[2018-07-25 07:46:44][debug] [sms]hongbao id:54
[2018-07-25 07:46:44][debug] [sms]page:37
[2018-07-25 07:46:44][debug] [sms]client IP:118.89.52.235
[2018-07-25 07:46:44][debug] [sms]start:1532476004
[2018-07-25 07:46:47][debug] [sms]all num:10
[2018-07-25 07:46:47][debug] [sms]run num:10
[2018-07-25 07:46:47][debug] [sms]ok num:7
[2018-07-25 07:46:47][debug] [sms]no num:0
[2018-07-25 07:46:47][debug] [sms]run time:3
[2018-07-25 07:46:47][debug] [sms]end:1532476007
[2018-07-25 07:46:47][debug] [sms]page:https://bbs.bivfw.top/plugin.php?id=tom_tchongbao:ajax&act=nitice_sms_hb_run&site=1&tongcheng_id=66&hongbao_id=54&page=38
[2018-07-25 07:46:47][debug] [sms]hongbao id:54
[2018-07-25 07:46:47][debug] [sms]page:38
[2018-07-25 07:46:47][debug] [sms]client IP:118.89.52.235
[2018-07-25 07:46:47][debug] [sms]start:1532476007
[2018-07-25 07:46:51][debug] [sms]all num:10
[2018-07-25 07:46:51][debug] [sms]run num:10
[2018-07-25 07:46:51][debug] [sms]ok num:8
[2018-07-25 07:46:51][debug] [sms]no num:0
[2018-07-25 07:46:51][debug] [sms]run time:4
[2018-07-25 07:46:51][debug] [sms]end:1532476011
[2018-07-25 07:46:51][debug] [sms]page:https://bbs.bivfw.top/plugin.php?id=tom_tchongbao:ajax&act=nitice_sms_hb_run&site=1&tongcheng_id=66&hongbao_id=54&page=39
[2018-07-25 07:46:52][debug] [sms]hongbao id:54
[2018-07-25 07:46:52][debug] [sms]page:39
[2018-07-25 07:46:52][debug] [sms]client IP:118.89.52.235
[2018-07-25 07:46:52][debug] [sms]start:1532476012
[2018-07-25 07:46:56][debug] [sms]all num:10
[2018-07-25 07:46:56][debug] [sms]run num:10
[2018-07-25 07:46:56][debug] [sms]ok num:3
[2018-07-25 07:46:56][debug] [sms]no num:0
[2018-07-25 07:46:56][debug] [sms]run time:4
[2018-07-25 07:46:56][debug] [sms]end:1532476016
[2018-07-25 07:46:56][debug] [sms]page:https://bbs.bivfw.top/plugin.php?id=tom_tchongbao:ajax&act=nitice_sms_hb_run&site=1&tongcheng_id=66&hongbao_id=54&page=40
[2018-07-25 07:46:56][debug] [sms]hongbao id:54
[2018-07-25 07:46:56][debug] [sms]page:40
[2018-07-25 07:46:56][debug] [sms]client IP:118.89.52.235
[2018-07-25 07:46:56][debug] [sms]start:1532476016
[2018-07-25 07:47:00][debug] [sms]all num:10
[2018-07-25 07:47:00][debug] [sms]run num:10
[2018-07-25 07:47:00][debug] [sms]ok num:2
[2018-07-25 07:47:00][debug] [sms]no num:0
[2018-07-25 07:47:00][debug] [sms]run time:4
[2018-07-25 07:47:00][debug] [sms]end:1532476020
[2018-07-25 07:47:00][debug] [sms]page:https://bbs.bivfw.top/plugin.php?id=tom_tchongbao:ajax&act=nitice_sms_hb_run&site=1&tongcheng_id=66&hongbao_id=54&page=41
[2018-07-25 07:47:01][debug] [sms]hongbao id:54
[2018-07-25 07:47:01][debug] [sms]page:41
[2018-07-25 07:47:01][debug] [sms]client IP:118.89.52.235
[2018-07-25 07:47:01][debug] [sms]start:1532476021
[2018-07-25 07:47:04][debug] [sms]all num:10
[2018-07-25 07:47:04][debug] [sms]run num:9
[2018-07-25 07:47:04][debug] [sms]ok num:7
[2018-07-25 07:47:04][debug] [sms]no num:0
[2018-07-25 07:47:04][debug] [sms]run time:3
[2018-07-25 07:47:04][debug] [sms]end:1532476024
[2018-07-25 07:47:04][debug] [sms]page:https://bbs.bivfw.top/plugin.php?id=tom_tchongbao:ajax&act=nitice_sms_hb_run&site=1&tongcheng_id=66&hongbao_id=54&page=42
[2018-07-25 07:47:04][debug] [sms]hongbao id:54
[2018-07-25 07:47:04][debug] [sms]page:42
[2018-07-25 07:47:04][debug] [sms]client IP:118.89.52.235
[2018-07-25 07:47:04][debug] [sms]start:1532476024
[2018-07-25 07:47:09][debug] [sms]all num:10
[2018-07-25 07:47:09][debug] [sms]run num:10
[2018-07-25 07:47:09][debug] [sms]ok num:3
[2018-07-25 07:47:09][debug] [sms]no num:0
[2018-07-25 07:47:09][debug] [sms]run time:5
[2018-07-25 07:47:09][debug] [sms]end:1532476029
[2018-07-25 07:47:09][debug] [sms]page:https://bbs.bivfw.top/plugin.php?id=tom_tchongbao:ajax&act=nitice_sms_hb_run&site=1&tongcheng_id=66&hongbao_id=54&page=43
[2018-07-25 07:47:09][debug] [sms]hongbao id:54
[2018-07-25 07:47:09][debug] [sms]page:43
[2018-07-25 07:47:09][debug] [sms]client IP:118.89.52.235
[2018-07-25 07:47:09][debug] [sms]start:1532476029
[2018-07-25 07:47:14][debug] [sms]all num:10
[2018-07-25 07:47:14][debug] [sms]run num:10
[2018-07-25 07:47:14][debug] [sms]ok num:6
[2018-07-25 07:47:14][debug] [sms]no num:0
[2018-07-25 07:47:14][debug] [sms]run time:5
[2018-07-25 07:47:14][debug] [sms]end:1532476034
[2018-07-25 07:47:14][debug] [sms]page:https://bbs.bivfw.top/plugin.php?id=tom_tchongbao:ajax&act=nitice_sms_hb_run&site=1&tongcheng_id=66&hongbao_id=54&page=44
[2018-07-25 07:47:15][debug] [sms]hongbao id:54
[2018-07-25 07:47:15][debug] [sms]page:44
[2018-07-25 07:47:15][debug] [sms]client IP:118.89.52.235
[2018-07-25 07:47:15][debug] [sms]start:1532476035
[2018-07-25 07:47:18][debug] [sms]all num:10
[2018-07-25 07:47:18][debug] [sms]run num:10
[2018-07-25 07:47:18][debug] [sms]ok num:3
[2018-07-25 07:47:18][debug] [sms]no num:0
[2018-07-25 07:47:18][debug] [sms]run time:3
[2018-07-25 07:47:18][debug] [sms]end:1532476038
[2018-07-25 07:47:18][debug] [sms]page:https://bbs.bivfw.top/plugin.php?id=tom_tchongbao:ajax&act=nitice_sms_hb_run&site=1&tongcheng_id=66&hongbao_id=54&page=45
[2018-07-25 07:47:18][debug] [sms]hongbao id:54
[2018-07-25 07:47:18][debug] [sms]page:45
[2018-07-25 07:47:18][debug] [sms]client IP:118.89.52.235
[2018-07-25 07:47:18][debug] [sms]start:1532476038
[2018-07-25 07:47:21][debug] [sms]all num:10
[2018-07-25 07:47:21][debug] [sms]run num:10
[2018-07-25 07:47:21][debug] [sms]ok num:2
[2018-07-25 07:47:21][debug] [sms]no num:0
[2018-07-25 07:47:21][debug] [sms]run time:3
[2018-07-25 07:47:21][debug] [sms]end:1532476041
[2018-07-25 07:47:21][debug] [sms]page:https://bbs.bivfw.top/plugin.php?id=tom_tchongbao:ajax&act=nitice_sms_hb_run&site=1&tongcheng_id=66&hongbao_id=54&page=46
[2018-07-25 07:47:22][debug] [sms]hongbao id:54
[2018-07-25 07:47:22][debug] [sms]page:46
[2018-07-25 07:47:22][debug] [sms]client IP:118.89.52.235
[2018-07-25 07:47:22][debug] [sms]start:1532476042
[2018-07-25 07:47:24][debug] [sms]all num:10
[2018-07-25 07:47:24][debug] [sms]run num:10
[2018-07-25 07:47:24][debug] [sms]ok num:3
[2018-07-25 07:47:24][debug] [sms]no num:0
[2018-07-25 07:47:24][debug] [sms]run time:2
[2018-07-25 07:47:24][debug] [sms]end:1532476044
[2018-07-25 07:47:24][debug] [sms]page:https://bbs.bivfw.top/plugin.php?id=tom_tchongbao:ajax&act=nitice_sms_hb_run&site=1&tongcheng_id=66&hongbao_id=54&page=47
[2018-07-25 07:47:25][debug] [sms]hongbao id:54
[2018-07-25 07:47:25][debug] [sms]page:47
[2018-07-25 07:47:25][debug] [sms]client IP:118.89.52.235
[2018-07-25 07:47:25][debug] [sms]start:1532476045
[2018-07-25 07:47:28][debug] [sms]all num:10
[2018-07-25 07:47:28][debug] [sms]run num:10
[2018-07-25 07:47:28][debug] [sms]ok num:1
[2018-07-25 07:47:28][debug] [sms]no num:0
[2018-07-25 07:47:28][debug] [sms]run time:3
[2018-07-25 07:47:28][debug] [sms]end:1532476048
[2018-07-25 07:47:28][debug] [sms]page:https://bbs.bivfw.top/plugin.php?id=tom_tchongbao:ajax&act=nitice_sms_hb_run&site=1&tongcheng_id=66&hongbao_id=54&page=48
[2018-07-25 07:47:29][debug] [sms]hongbao id:54
[2018-07-25 07:47:29][debug] [sms]page:48
[2018-07-25 07:47:29][debug] [sms]client IP:118.89.52.235
[2018-07-25 07:47:29][debug] [sms]start:1532476049
[2018-07-25 07:47:32][debug] [sms]all num:10
[2018-07-25 07:47:32][debug] [sms]run num:10
[2018-07-25 07:47:32][debug] [sms]ok num:1
[2018-07-25 07:47:32][debug] [sms]no num:0
[2018-07-25 07:47:32][debug] [sms]run time:3
[2018-07-25 07:47:32][debug] [sms]end:1532476052
[2018-07-25 07:47:32][debug] [sms]page:https://bbs.bivfw.top/plugin.php?id=tom_tchongbao:ajax&act=nitice_sms_hb_run&site=1&tongcheng_id=66&hongbao_id=54&page=49
[2018-07-25 07:47:33][debug] [sms]hongbao id:54
[2018-07-25 07:47:33][debug] [sms]page:49
[2018-07-25 07:47:33][debug] [sms]client IP:118.89.52.235
[2018-07-25 07:47:33][debug] [sms]start:1532476053
[2018-07-25 07:47:36][debug] [sms]all num:10
[2018-07-25 07:47:36][debug] [sms]run num:10
[2018-07-25 07:47:36][debug] [sms]ok num:2
[2018-07-25 07:47:36][debug] [sms]no num:0
[2018-07-25 07:47:36][debug] [sms]run time:3
[2018-07-25 07:47:36][debug] [sms]end:1532476056
[2018-07-25 07:47:36][debug] [sms]page:https://bbs.bivfw.top/plugin.php?id=tom_tchongbao:ajax&act=nitice_sms_hb_run&site=1&tongcheng_id=66&hongbao_id=54&page=50
[2018-07-25 07:47:37][debug] [sms]hongbao id:54
[2018-07-25 07:47:37][debug] [sms]page:50
[2018-07-25 07:47:37][debug] [sms]client IP:118.89.52.235
[2018-07-25 07:47:37][debug] [sms]start:1532476057
[2018-07-25 07:47:40][debug] [sms]all num:10
[2018-07-25 07:47:40][debug] [sms]run num:10
[2018-07-25 07:47:40][debug] [sms]ok num:2
[2018-07-25 07:47:40][debug] [sms]no num:0
[2018-07-25 07:47:40][debug] [sms]run time:3
[2018-07-25 07:47:40][debug] [sms]end:1532476060
[2018-07-25 07:47:40][debug] [sms]page:https://bbs.bivfw.top/plugin.php?id=tom_tchongbao:ajax&act=nitice_sms_hb_run&site=1&tongcheng_id=66&hongbao_id=54&page=51
[2018-07-25 07:47:40][debug] [sms]hongbao id:54
[2018-07-25 07:47:40][debug] [sms]page:51
[2018-07-25 07:47:40][debug] [sms]client IP:118.89.52.235
[2018-07-25 07:47:40][debug] [sms]start:1532476060
[2018-07-25 07:47:43][debug] [sms]all num:10
[2018-07-25 07:47:43][debug] [sms]run num:10
[2018-07-25 07:47:43][debug] [sms]ok num:5
[2018-07-25 07:47:43][debug] [sms]no num:0
[2018-07-25 07:47:43][debug] [sms]run time:3
[2018-07-25 07:47:43][debug] [sms]end:1532476063
[2018-07-25 07:47:43][debug] [sms]page:https://bbs.bivfw.top/plugin.php?id=tom_tchongbao:ajax&act=nitice_sms_hb_run&site=1&tongcheng_id=66&hongbao_id=54&page=52
[2018-07-25 07:47:43][debug] [sms]hongbao id:54
[2018-07-25 07:47:43][debug] [sms]page:52
[2018-07-25 07:47:43][debug] [sms]client IP:118.89.52.235
[2018-07-25 07:47:43][debug] [sms]start:1532476063
[2018-07-25 07:47:46][debug] [sms]all num:10
[2018-07-25 07:47:46][debug] [sms]run num:10
[2018-07-25 07:47:46][debug] [sms]ok num:3
[2018-07-25 07:47:46][debug] [sms]no num:0
[2018-07-25 07:47:46][debug] [sms]run time:3
[2018-07-25 07:47:46][debug] [sms]end:1532476066
[2018-07-25 07:47:46][debug] [sms]page:https://bbs.bivfw.top/plugin.php?id=tom_tchongbao:ajax&act=nitice_sms_hb_run&site=1&tongcheng_id=66&hongbao_id=54&page=53
[2018-07-25 07:47:47][debug] [sms]hongbao id:54
[2018-07-25 07:47:47][debug] [sms]page:53
[2018-07-25 07:47:47][debug] [sms]client IP:118.89.52.235
[2018-07-25 07:47:47][debug] [sms]start:1532476067
[2018-07-25 07:47:50][debug] [sms]all num:10
[2018-07-25 07:47:50][debug] [sms]run num:10
[2018-07-25 07:47:50][debug] [sms]ok num:4
[2018-07-25 07:47:50][debug] [sms]no num:0
[2018-07-25 07:47:50][debug] [sms]run time:3
[2018-07-25 07:47:50][debug] [sms]end:1532476070
[2018-07-25 07:47:50][debug] [sms]page:https://bbs.bivfw.top/plugin.php?id=tom_tchongbao:ajax&act=nitice_sms_hb_run&site=1&tongcheng_id=66&hongbao_id=54&page=54
[2018-07-25 07:47:50][debug] [sms]hongbao id:54
[2018-07-25 07:47:50][debug] [sms]page:54
[2018-07-25 07:47:50][debug] [sms]client IP:118.89.52.235
[2018-07-25 07:47:50][debug] [sms]start:1532476070
[2018-07-25 07:47:53][debug] [sms]all num:10
[2018-07-25 07:47:53][debug] [sms]run num:10
[2018-07-25 07:47:53][debug] [sms]ok num:9
[2018-07-25 07:47:53][debug] [sms]no num:0
[2018-07-25 07:47:53][debug] [sms]run time:3
[2018-07-25 07:47:53][debug] [sms]end:1532476073
[2018-07-25 07:47:53][debug] [sms]page:https://bbs.bivfw.top/plugin.php?id=tom_tchongbao:ajax&act=nitice_sms_hb_run&site=1&tongcheng_id=66&hongbao_id=54&page=55
[2018-07-25 07:47:53][debug] [sms]hongbao id:54
[2018-07-25 07:47:53][debug] [sms]page:55
[2018-07-25 07:47:53][debug] [sms]client IP:118.89.52.235
[2018-07-25 07:47:53][debug] [sms]start:1532476073
[2018-07-25 07:47:56][debug] [sms]all num:10
[2018-07-25 07:47:56][debug] [sms]run num:10
[2018-07-25 07:47:56][debug] [sms]ok num:7
[2018-07-25 07:47:56][debug] [sms]no num:0
[2018-07-25 07:47:56][debug] [sms]run time:3
[2018-07-25 07:47:56][debug] [sms]end:1532476076
[2018-07-25 07:47:56][debug] [sms]page:https://bbs.bivfw.top/plugin.php?id=tom_tchongbao:ajax&act=nitice_sms_hb_run&site=1&tongcheng_id=66&hongbao_id=54&page=56
[2018-07-25 07:47:56][debug] [sms]hongbao id:54
[2018-07-25 07:47:56][debug] [sms]page:56
[2018-07-25 07:47:56][debug] [sms]client IP:118.89.52.235
[2018-07-25 07:47:56][debug] [sms]start:1532476076
[2018-07-25 07:47:59][debug] [sms]all num:10
[2018-07-25 07:47:59][debug] [sms]run num:10
[2018-07-25 07:47:59][debug] [sms]ok num:3
[2018-07-25 07:47:59][debug] [sms]no num:0
[2018-07-25 07:47:59][debug] [sms]run time:3
[2018-07-25 07:47:59][debug] [sms]end:1532476079
[2018-07-25 07:47:59][debug] [sms]page:https://bbs.bivfw.top/plugin.php?id=tom_tchongbao:ajax&act=nitice_sms_hb_run&site=1&tongcheng_id=66&hongbao_id=54&page=57
[2018-07-25 07:48:00][debug] [sms]hongbao id:54
[2018-07-25 07:48:00][debug] [sms]page:57
[2018-07-25 07:48:00][debug] [sms]client IP:118.89.52.235
[2018-07-25 07:48:00][debug] [sms]start:1532476080
[2018-07-25 07:48:02][debug] [sms]all num:10
[2018-07-25 07:48:02][debug] [sms]run num:9
[2018-07-25 07:48:02][debug] [sms]ok num:2
[2018-07-25 07:48:02][debug] [sms]no num:0
[2018-07-25 07:48:02][debug] [sms]run time:2
[2018-07-25 07:48:02][debug] [sms]end:1532476082
[2018-07-25 07:48:02][debug] [sms]page:https://bbs.bivfw.top/plugin.php?id=tom_tchongbao:ajax&act=nitice_sms_hb_run&site=1&tongcheng_id=66&hongbao_id=54&page=58
[2018-07-25 07:48:03][debug] [sms]hongbao id:54
[2018-07-25 07:48:03][debug] [sms]page:58
[2018-07-25 07:48:03][debug] [sms]client IP:118.89.52.235
[2018-07-25 07:48:03][debug] [sms]start:1532476083
[2018-07-25 07:48:06][debug] [sms]all num:10
[2018-07-25 07:48:06][debug] [sms]run num:10
[2018-07-25 07:48:06][debug] [sms]ok num:1
[2018-07-25 07:48:06][debug] [sms]no num:0
[2018-07-25 07:48:06][debug] [sms]run time:3
[2018-07-25 07:48:06][debug] [sms]end:1532476086
[2018-07-25 07:48:06][debug] [sms]page:https://bbs.bivfw.top/plugin.php?id=tom_tchongbao:ajax&act=nitice_sms_hb_run&site=1&tongcheng_id=66&hongbao_id=54&page=59
[2018-07-25 07:48:06][debug] [sms]hongbao id:54
[2018-07-25 07:48:06][debug] [sms]page:59
[2018-07-25 07:48:06][debug] [sms]client IP:118.89.52.235
[2018-07-25 07:48:06][debug] [sms]start:1532476086
[2018-07-25 07:48:09][debug] [sms]all num:10
[2018-07-25 07:48:09][debug] [sms]run num:10
[2018-07-25 07:48:09][debug] [sms]ok num:6
[2018-07-25 07:48:09][debug] [sms]no num:0
[2018-07-25 07:48:09][debug] [sms]run time:3
[2018-07-25 07:48:09][debug] [sms]end:1532476089
[2018-07-25 07:48:09][debug] [sms]page:https://bbs.bivfw.top/plugin.php?id=tom_tchongbao:ajax&act=nitice_sms_hb_run&site=1&tongcheng_id=66&hongbao_id=54&page=60
[2018-07-25 07:48:09][debug] [sms]hongbao id:54
[2018-07-25 07:48:09][debug] [sms]page:60
[2018-07-25 07:48:09][debug] [sms]client IP:118.89.52.235
[2018-07-25 07:48:09][debug] [sms]start:1532476089
[2018-07-25 07:48:12][debug] [sms]all num:10
[2018-07-25 07:48:12][debug] [sms]run num:10
[2018-07-25 07:48:12][debug] [sms]ok num:9
[2018-07-25 07:48:12][debug] [sms]no num:0
[2018-07-25 07:48:12][debug] [sms]run time:3
[2018-07-25 07:48:12][debug] [sms]end:1532476092
[2018-07-25 07:48:12][debug] [sms]page:https://bbs.bivfw.top/plugin.php?id=tom_tchongbao:ajax&act=nitice_sms_hb_run&site=1&tongcheng_id=66&hongbao_id=54&page=61
[2018-07-25 07:48:12][debug] [sms]hongbao id:54
[2018-07-25 07:48:12][debug] [sms]page:61
[2018-07-25 07:48:12][debug] [sms]client IP:118.89.52.235
[2018-07-25 07:48:12][debug] [sms]start:1532476092
[2018-07-25 07:48:15][debug] [sms]all num:10
[2018-07-25 07:48:15][debug] [sms]run num:10
[2018-07-25 07:48:15][debug] [sms]ok num:9
[2018-07-25 07:48:15][debug] [sms]no num:0
[2018-07-25 07:48:15][debug] [sms]run time:3
[2018-07-25 07:48:15][debug] [sms]end:1532476095
[2018-07-25 07:48:15][debug] [sms]page:https://bbs.bivfw.top/plugin.php?id=tom_tchongbao:ajax&act=nitice_sms_hb_run&site=1&tongcheng_id=66&hongbao_id=54&page=62
[2018-07-25 07:48:16][debug] [sms]hongbao id:54
[2018-07-25 07:48:16][debug] [sms]page:62
[2018-07-25 07:48:16][debug] [sms]client IP:118.89.52.235
[2018-07-25 07:48:16][debug] [sms]start:1532476096
[2018-07-25 07:48:19][debug] [sms]all num:10
[2018-07-25 07:48:19][debug] [sms]run num:10
[2018-07-25 07:48:19][debug] [sms]ok num:5
[2018-07-25 07:48:19][debug] [sms]no num:0
[2018-07-25 07:48:19][debug] [sms]run time:3
[2018-07-25 07:48:19][debug] [sms]end:1532476099
[2018-07-25 07:48:19][debug] [sms]page:https://bbs.bivfw.top/plugin.php?id=tom_tchongbao:ajax&act=nitice_sms_hb_run&site=1&tongcheng_id=66&hongbao_id=54&page=63
[2018-07-25 07:48:19][debug] [sms]hongbao id:54
[2018-07-25 07:48:19][debug] [sms]page:63
[2018-07-25 07:48:19][debug] [sms]client IP:118.89.52.235
[2018-07-25 07:48:19][debug] [sms]start:1532476099
[2018-07-25 07:48:22][debug] [sms]all num:10
[2018-07-25 07:48:22][debug] [sms]run num:10
[2018-07-25 07:48:22][debug] [sms]ok num:3
[2018-07-25 07:48:22][debug] [sms]no num:0
[2018-07-25 07:48:22][debug] [sms]run time:3
[2018-07-25 07:48:22][debug] [sms]end:1532476102
[2018-07-25 07:48:22][debug] [sms]page:https://bbs.bivfw.top/plugin.php?id=tom_tchongbao:ajax&act=nitice_sms_hb_run&site=1&tongcheng_id=66&hongbao_id=54&page=64
[2018-07-25 07:48:22][debug] [sms]hongbao id:54
[2018-07-25 07:48:22][debug] [sms]page:64
[2018-07-25 07:48:22][debug] [sms]client IP:118.89.52.235
[2018-07-25 07:48:22][debug] [sms]start:1532476102
[2018-07-25 07:48:25][debug] [sms]all num:10
[2018-07-25 07:48:25][debug] [sms]run num:10
[2018-07-25 07:48:25][debug] [sms]ok num:0
[2018-07-25 07:48:25][debug] [sms]no num:0
[2018-07-25 07:48:25][debug] [sms]run time:3
[2018-07-25 07:48:25][debug] [sms]end:1532476105
[2018-07-25 07:48:25][debug] [sms]page:https://bbs.bivfw.top/plugin.php?id=tom_tchongbao:ajax&act=nitice_sms_hb_run&site=1&tongcheng_id=66&hongbao_id=54&page=65
[2018-07-25 07:48:25][debug] [sms]hongbao id:54
[2018-07-25 07:48:25][debug] [sms]page:65
[2018-07-25 07:48:25][debug] [sms]client IP:118.89.52.235
[2018-07-25 07:48:25][debug] [sms]start:1532476105
[2018-07-25 07:48:28][debug] [sms]all num:10
[2018-07-25 07:48:28][debug] [sms]run num:10
[2018-07-25 07:48:28][debug] [sms]ok num:0
[2018-07-25 07:48:28][debug] [sms]no num:0
[2018-07-25 07:48:28][debug] [sms]run time:3
[2018-07-25 07:48:28][debug] [sms]end:1532476108
[2018-07-25 07:48:28][debug] [sms]page:https://bbs.bivfw.top/plugin.php?id=tom_tchongbao:ajax&act=nitice_sms_hb_run&site=1&tongcheng_id=66&hongbao_id=54&page=66
[2018-07-25 07:48:28][debug] [sms]hongbao id:54
[2018-07-25 07:48:28][debug] [sms]page:66
[2018-07-25 07:48:28][debug] [sms]client IP:118.89.52.235
[2018-07-25 07:48:28][debug] [sms]start:1532476108
[2018-07-25 07:48:31][debug] [sms]all num:10
[2018-07-25 07:48:31][debug] [sms]run num:10
[2018-07-25 07:48:31][debug] [sms]ok num:0
[2018-07-25 07:48:31][debug] [sms]no num:0
[2018-07-25 07:48:31][debug] [sms]run time:3
[2018-07-25 07:48:31][debug] [sms]end:1532476111
[2018-07-25 07:48:31][debug] [sms]page:https://bbs.bivfw.top/plugin.php?id=tom_tchongbao:ajax&act=nitice_sms_hb_run&site=1&tongcheng_id=66&hongbao_id=54&page=67
[2018-07-25 07:48:32][debug] [sms]hongbao id:54
[2018-07-25 07:48:32][debug] [sms]page:67
[2018-07-25 07:48:32][debug] [sms]client IP:118.89.52.235
[2018-07-25 07:48:32][debug] [sms]start:1532476112
[2018-07-25 07:48:35][debug] [sms]all num:10
[2018-07-25 07:48:35][debug] [sms]run num:10
[2018-07-25 07:48:35][debug] [sms]ok num:1
[2018-07-25 07:48:35][debug] [sms]no num:0
[2018-07-25 07:48:35][debug] [sms]run time:3
[2018-07-25 07:48:35][debug] [sms]end:1532476115
[2018-07-25 07:48:35][debug] [sms]page:https://bbs.bivfw.top/plugin.php?id=tom_tchongbao:ajax&act=nitice_sms_hb_run&site=1&tongcheng_id=66&hongbao_id=54&page=68
[2018-07-25 07:48:35][debug] [sms]hongbao id:54
[2018-07-25 07:48:35][debug] [sms]page:68
[2018-07-25 07:48:35][debug] [sms]client IP:118.89.52.235
[2018-07-25 07:48:35][debug] [sms]start:1532476115
[2018-07-25 07:48:38][debug] [sms]all num:10
[2018-07-25 07:48:38][debug] [sms]run num:10
[2018-07-25 07:48:38][debug] [sms]ok num:6
[2018-07-25 07:48:38][debug] [sms]no num:0
[2018-07-25 07:48:38][debug] [sms]run time:3
[2018-07-25 07:48:38][debug] [sms]end:1532476118
[2018-07-25 07:48:38][debug] [sms]page:https://bbs.bivfw.top/plugin.php?id=tom_tchongbao:ajax&act=nitice_sms_hb_run&site=1&tongcheng_id=66&hongbao_id=54&page=69
[2018-07-25 07:48:38][debug] [sms]hongbao id:54
[2018-07-25 07:48:38][debug] [sms]page:69
[2018-07-25 07:48:38][debug] [sms]client IP:118.89.52.235
[2018-07-25 07:48:38][debug] [sms]start:1532476118
[2018-07-25 07:48:41][debug] [sms]all num:10
[2018-07-25 07:48:41][debug] [sms]run num:10
[2018-07-25 07:48:41][debug] [sms]ok num:9
[2018-07-25 07:48:41][debug] [sms]no num:0
[2018-07-25 07:48:41][debug] [sms]run time:3
[2018-07-25 07:48:41][debug] [sms]end:1532476121
[2018-07-25 07:48:41][debug] [sms]page:https://bbs.bivfw.top/plugin.php?id=tom_tchongbao:ajax&act=nitice_sms_hb_run&site=1&tongcheng_id=66&hongbao_id=54&page=70
[2018-07-25 07:48:41][debug] [sms]hongbao id:54
[2018-07-25 07:48:41][debug] [sms]page:70
[2018-07-25 07:48:41][debug] [sms]client IP:118.89.52.235
[2018-07-25 07:48:41][debug] [sms]start:1532476121
[2018-07-25 07:48:44][debug] [sms]all num:10
[2018-07-25 07:48:44][debug] [sms]run num:10
[2018-07-25 07:48:44][debug] [sms]ok num:0
[2018-07-25 07:48:44][debug] [sms]no num:0
[2018-07-25 07:48:44][debug] [sms]run time:3
[2018-07-25 07:48:44][debug] [sms]end:1532476124
[2018-07-25 07:48:44][debug] [sms]page:https://bbs.bivfw.top/plugin.php?id=tom_tchongbao:ajax&act=nitice_sms_hb_run&site=1&tongcheng_id=66&hongbao_id=54&page=71
[2018-07-25 07:48:45][debug] [sms]hongbao id:54
[2018-07-25 07:48:45][debug] [sms]page:71
[2018-07-25 07:48:45][debug] [sms]client IP:118.89.52.235
[2018-07-25 07:48:45][debug] [sms]start:1532476125
[2018-07-25 07:48:47][debug] [sms]all num:10
[2018-07-25 07:48:47][debug] [sms]run num:9
[2018-07-25 07:48:47][debug] [sms]ok num:2
[2018-07-25 07:48:47][debug] [sms]no num:0
[2018-07-25 07:48:47][debug] [sms]run time:2
[2018-07-25 07:48:47][debug] [sms]end:1532476127
[2018-07-25 07:48:47][debug] [sms]page:https://bbs.bivfw.top/plugin.php?id=tom_tchongbao:ajax&act=nitice_sms_hb_run&site=1&tongcheng_id=66&hongbao_id=54&page=72
[2018-07-25 07:48:47][debug] [sms]hongbao id:54
[2018-07-25 07:48:47][debug] [sms]page:72
[2018-07-25 07:48:47][debug] [sms]client IP:118.89.52.235
[2018-07-25 07:48:47][debug] [sms]start:1532476127
[2018-07-25 07:48:51][debug] [sms]all num:10
[2018-07-25 07:48:51][debug] [sms]run num:10
[2018-07-25 07:48:51][debug] [sms]ok num:4
[2018-07-25 07:48:51][debug] [sms]no num:0
[2018-07-25 07:48:51][debug] [sms]run time:4
[2018-07-25 07:48:51][debug] [sms]end:1532476131
[2018-07-25 07:48:51][debug] [sms]page:https://bbs.bivfw.top/plugin.php?id=tom_tchongbao:ajax&act=nitice_sms_hb_run&site=1&tongcheng_id=66&hongbao_id=54&page=73
[2018-07-25 07:48:51][debug] [sms]hongbao id:54
[2018-07-25 07:48:51][debug] [sms]page:73
[2018-07-25 07:48:51][debug] [sms]client IP:118.89.52.235
[2018-07-25 07:48:51][debug] [sms]start:1532476131
[2018-07-25 07:48:54][debug] [sms]all num:10
[2018-07-25 07:48:54][debug] [sms]run num:10
[2018-07-25 07:48:54][debug] [sms]ok num:2
[2018-07-25 07:48:54][debug] [sms]no num:0
[2018-07-25 07:48:54][debug] [sms]run time:3
[2018-07-25 07:48:54][debug] [sms]end:1532476134
[2018-07-25 07:48:54][debug] [sms]page:https://bbs.bivfw.top/plugin.php?id=tom_tchongbao:ajax&act=nitice_sms_hb_run&site=1&tongcheng_id=66&hongbao_id=54&page=74
[2018-07-25 07:48:54][debug] [sms]hongbao id:54
[2018-07-25 07:48:54][debug] [sms]page:74
[2018-07-25 07:48:54][debug] [sms]client IP:118.89.52.235
[2018-07-25 07:48:54][debug] [sms]start:1532476134
[2018-07-25 07:48:57][debug] [sms]all num:10
[2018-07-25 07:48:57][debug] [sms]run num:10
[2018-07-25 07:48:57][debug] [sms]ok num:5
[2018-07-25 07:48:57][debug] [sms]no num:0
[2018-07-25 07:48:57][debug] [sms]run time:3
[2018-07-25 07:48:57][debug] [sms]end:1532476137
[2018-07-25 07:48:57][debug] [sms]page:https://bbs.bivfw.top/plugin.php?id=tom_tchongbao:ajax&act=nitice_sms_hb_run&site=1&tongcheng_id=66&hongbao_id=54&page=75
[2018-07-25 07:48:57][debug] [sms]hongbao id:54
[2018-07-25 07:48:57][debug] [sms]page:75
[2018-07-25 07:48:57][debug] [sms]client IP:118.89.52.235
[2018-07-25 07:48:57][debug] [sms]start:1532476137
[2018-07-25 07:49:00][debug] [sms]all num:10
[2018-07-25 07:49:00][debug] [sms]run num:10
[2018-07-25 07:49:00][debug] [sms]ok num:8
[2018-07-25 07:49:00][debug] [sms]no num:0
[2018-07-25 07:49:00][debug] [sms]run time:3
[2018-07-25 07:49:00][debug] [sms]end:1532476140
[2018-07-25 07:49:00][debug] [sms]page:https://bbs.bivfw.top/plugin.php?id=tom_tchongbao:ajax&act=nitice_sms_hb_run&site=1&tongcheng_id=66&hongbao_id=54&page=76
[2018-07-25 07:49:01][debug] [sms]hongbao id:54
[2018-07-25 07:49:01][debug] [sms]page:76
[2018-07-25 07:49:01][debug] [sms]client IP:118.89.52.235
[2018-07-25 07:49:01][debug] [sms]start:1532476141
[2018-07-25 07:49:04][debug] [sms]all num:10
[2018-07-25 07:49:04][debug] [sms]run num:10
[2018-07-25 07:49:04][debug] [sms]ok num:7
[2018-07-25 07:49:04][debug] [sms]no num:0
[2018-07-25 07:49:04][debug] [sms]run time:3
[2018-07-25 07:49:04][debug] [sms]end:1532476144
[2018-07-25 07:49:04][debug] [sms]page:https://bbs.bivfw.top/plugin.php?id=tom_tchongbao:ajax&act=nitice_sms_hb_run&site=1&tongcheng_id=66&hongbao_id=54&page=77
[2018-07-25 07:49:04][debug] [sms]hongbao id:54
[2018-07-25 07:49:04][debug] [sms]page:77
[2018-07-25 07:49:04][debug] [sms]client IP:118.89.52.235
[2018-07-25 07:49:04][debug] [sms]start:1532476144
[2018-07-25 07:49:07][debug] [sms]all num:10
[2018-07-25 07:49:07][debug] [sms]run num:10
[2018-07-25 07:49:07][debug] [sms]ok num:2
[2018-07-25 07:49:07][debug] [sms]no num:0
[2018-07-25 07:49:07][debug] [sms]run time:3
[2018-07-25 07:49:07][debug] [sms]end:1532476147
[2018-07-25 07:49:07][debug] [sms]page:https://bbs.bivfw.top/plugin.php?id=tom_tchongbao:ajax&act=nitice_sms_hb_run&site=1&tongcheng_id=66&hongbao_id=54&page=78
[2018-07-25 07:49:07][debug] [sms]hongbao id:54
[2018-07-25 07:49:07][debug] [sms]page:78
[2018-07-25 07:49:07][debug] [sms]client IP:118.89.52.235
[2018-07-25 07:49:07][debug] [sms]start:1532476147
[2018-07-25 07:49:10][debug] [sms]all num:10
[2018-07-25 07:49:10][debug] [sms]run num:10
[2018-07-25 07:49:10][debug] [sms]ok num:1
[2018-07-25 07:49:10][debug] [sms]no num:0
[2018-07-25 07:49:10][debug] [sms]run time:3
[2018-07-25 07:49:10][debug] [sms]end:1532476150
[2018-07-25 07:49:10][debug] [sms]page:https://bbs.bivfw.top/plugin.php?id=tom_tchongbao:ajax&act=nitice_sms_hb_run&site=1&tongcheng_id=66&hongbao_id=54&page=79
[2018-07-25 07:49:10][debug] [sms]hongbao id:54
[2018-07-25 07:49:10][debug] [sms]page:79
[2018-07-25 07:49:10][debug] [sms]client IP:118.89.52.235
[2018-07-25 07:49:10][debug] [sms]start:1532476150
[2018-07-25 07:49:13][debug] [sms]all num:10
[2018-07-25 07:49:13][debug] [sms]run num:10
[2018-07-25 07:49:13][debug] [sms]ok num:0
[2018-07-25 07:49:13][debug] [sms]no num:0
[2018-07-25 07:49:13][debug] [sms]run time:3
[2018-07-25 07:49:13][debug] [sms]end:1532476153
[2018-07-25 07:49:13][debug] [sms]page:https://bbs.bivfw.top/plugin.php?id=tom_tchongbao:ajax&act=nitice_sms_hb_run&site=1&tongcheng_id=66&hongbao_id=54&page=80
[2018-07-25 07:49:13][debug] [sms]hongbao id:54
[2018-07-25 07:49:13][debug] [sms]page:80
[2018-07-25 07:49:13][debug] [sms]client IP:118.89.52.235
[2018-07-25 07:49:13][debug] [sms]start:1532476153
[2018-07-25 07:49:16][debug] [sms]all num:10
[2018-07-25 07:49:16][debug] [sms]run num:10
[2018-07-25 07:49:16][debug] [sms]ok num:2
[2018-07-25 07:49:16][debug] [sms]no num:0
[2018-07-25 07:49:16][debug] [sms]run time:3
[2018-07-25 07:49:16][debug] [sms]end:1532476156
[2018-07-25 07:49:16][debug] [sms]page:https://bbs.bivfw.top/plugin.php?id=tom_tchongbao:ajax&act=nitice_sms_hb_run&site=1&tongcheng_id=66&hongbao_id=54&page=81
[2018-07-25 07:49:17][debug] [sms]hongbao id:54
[2018-07-25 07:49:17][debug] [sms]page:81
[2018-07-25 07:49:17][debug] [sms]client IP:118.89.52.235
[2018-07-25 07:49:17][debug] [sms]start:1532476157
[2018-07-25 07:49:20][debug] [sms]all num:10
[2018-07-25 07:49:20][debug] [sms]run num:10
[2018-07-25 07:49:20][debug] [sms]ok num:1
[2018-07-25 07:49:20][debug] [sms]no num:0
[2018-07-25 07:49:20][debug] [sms]run time:3
[2018-07-25 07:49:20][debug] [sms]end:1532476160
[2018-07-25 07:49:20][debug] [sms]page:https://bbs.bivfw.top/plugin.php?id=tom_tchongbao:ajax&act=nitice_sms_hb_run&site=1&tongcheng_id=66&hongbao_id=54&page=82
[2018-07-25 07:49:20][debug] [sms]hongbao id:54
[2018-07-25 07:49:20][debug] [sms]page:82
[2018-07-25 07:49:20][debug] [sms]client IP:118.89.52.235
[2018-07-25 07:49:20][debug] [sms]start:1532476160
[2018-07-25 07:49:23][debug] [sms]all num:10
[2018-07-25 07:49:23][debug] [sms]run num:10
[2018-07-25 07:49:23][debug] [sms]ok num:5
[2018-07-25 07:49:23][debug] [sms]no num:0
[2018-07-25 07:49:23][debug] [sms]run time:3
[2018-07-25 07:49:23][debug] [sms]end:1532476163
[2018-07-25 07:49:23][debug] [sms]page:https://bbs.bivfw.top/plugin.php?id=tom_tchongbao:ajax&act=nitice_sms_hb_run&site=1&tongcheng_id=66&hongbao_id=54&page=83
[2018-07-25 07:49:23][debug] [sms]hongbao id:54
[2018-07-25 07:49:23][debug] [sms]page:83
[2018-07-25 07:49:23][debug] [sms]client IP:118.89.52.235
[2018-07-25 07:49:23][debug] [sms]start:1532476163
[2018-07-25 07:49:26][debug] [sms]all num:10
[2018-07-25 07:49:26][debug] [sms]run num:9
[2018-07-25 07:49:26][debug] [sms]ok num:1
[2018-07-25 07:49:26][debug] [sms]no num:0
[2018-07-25 07:49:26][debug] [sms]run time:3
[2018-07-25 07:49:26][debug] [sms]end:1532476166
[2018-07-25 07:49:26][debug] [sms]page:https://bbs.bivfw.top/plugin.php?id=tom_tchongbao:ajax&act=nitice_sms_hb_run&site=1&tongcheng_id=66&hongbao_id=54&page=84
[2018-07-25 07:49:26][debug] [sms]hongbao id:54
[2018-07-25 07:49:26][debug] [sms]page:84
[2018-07-25 07:49:26][debug] [sms]client IP:118.89.52.235
[2018-07-25 07:49:26][debug] [sms]start:1532476166
[2018-07-25 07:49:29][debug] [sms]all num:10
[2018-07-25 07:49:29][debug] [sms]run num:10
[2018-07-25 07:49:29][debug] [sms]ok num:2
[2018-07-25 07:49:29][debug] [sms]no num:0
[2018-07-25 07:49:29][debug] [sms]run time:3
[2018-07-25 07:49:29][debug] [sms]end:1532476169
[2018-07-25 07:49:29][debug] [sms]page:https://bbs.bivfw.top/plugin.php?id=tom_tchongbao:ajax&act=nitice_sms_hb_run&site=1&tongcheng_id=66&hongbao_id=54&page=85
[2018-07-25 07:49:29][debug] [sms]hongbao id:54
[2018-07-25 07:49:29][debug] [sms]page:85
[2018-07-25 07:49:29][debug] [sms]client IP:118.89.52.235
[2018-07-25 07:49:29][debug] [sms]start:1532476169
[2018-07-25 07:49:32][debug] [sms]all num:10
[2018-07-25 07:49:32][debug] [sms]run num:10
[2018-07-25 07:49:32][debug] [sms]ok num:1
[2018-07-25 07:49:32][debug] [sms]no num:0
[2018-07-25 07:49:32][debug] [sms]run time:3
[2018-07-25 07:49:32][debug] [sms]end:1532476172
[2018-07-25 07:49:32][debug] [sms]page:https://bbs.bivfw.top/plugin.php?id=tom_tchongbao:ajax&act=nitice_sms_hb_run&site=1&tongcheng_id=66&hongbao_id=54&page=86
[2018-07-25 07:49:33][debug] [sms]hongbao id:54
[2018-07-25 07:49:33][debug] [sms]page:86
[2018-07-25 07:49:33][debug] [sms]client IP:118.89.52.235
[2018-07-25 07:49:33][debug] [sms]start:1532476173
[2018-07-25 07:49:36][debug] [sms]all num:10
[2018-07-25 07:49:36][debug] [sms]run num:10
[2018-07-25 07:49:36][debug] [sms]ok num:5
[2018-07-25 07:49:36][debug] [sms]no num:0
[2018-07-25 07:49:36][debug] [sms]run time:3
[2018-07-25 07:49:36][debug] [sms]end:1532476176
[2018-07-25 07:49:36][debug] [sms]page:https://bbs.bivfw.top/plugin.php?id=tom_tchongbao:ajax&act=nitice_sms_hb_run&site=1&tongcheng_id=66&hongbao_id=54&page=87
[2018-07-25 07:49:36][debug] [sms]hongbao id:54
[2018-07-25 07:49:36][debug] [sms]page:87
[2018-07-25 07:49:36][debug] [sms]client IP:118.89.52.235
[2018-07-25 07:49:36][debug] [sms]start:1532476176
[2018-07-25 07:49:38][debug] [sms]all num:10
[2018-07-25 07:49:38][debug] [sms]run num:10
[2018-07-25 07:49:38][debug] [sms]ok num:3
[2018-07-25 07:49:38][debug] [sms]no num:0
[2018-07-25 07:49:38][debug] [sms]run time:2
[2018-07-25 07:49:38][debug] [sms]end:1532476178
[2018-07-25 07:49:38][debug] [sms]page:https://bbs.bivfw.top/plugin.php?id=tom_tchongbao:ajax&act=nitice_sms_hb_run&site=1&tongcheng_id=66&hongbao_id=54&page=88
[2018-07-25 07:49:39][debug] [sms]hongbao id:54
[2018-07-25 07:49:39][debug] [sms]page:88
[2018-07-25 07:49:39][debug] [sms]client IP:118.89.52.235
[2018-07-25 07:49:39][debug] [sms]start:1532476179
[2018-07-25 07:49:42][debug] [sms]all num:10
[2018-07-25 07:49:42][debug] [sms]run num:10
[2018-07-25 07:49:42][debug] [sms]ok num:3
[2018-07-25 07:49:42][debug] [sms]no num:0
[2018-07-25 07:49:42][debug] [sms]run time:3
[2018-07-25 07:49:42][debug] [sms]end:1532476182
[2018-07-25 07:49:42][debug] [sms]page:https://bbs.bivfw.top/plugin.php?id=tom_tchongbao:ajax&act=nitice_sms_hb_run&site=1&tongcheng_id=66&hongbao_id=54&page=89
[2018-07-25 07:49:43][debug] [sms]hongbao id:54
[2018-07-25 07:49:43][debug] [sms]page:89
[2018-07-25 07:49:43][debug] [sms]client IP:118.89.52.235
[2018-07-25 07:49:43][debug] [sms]start:1532476183
[2018-07-25 07:49:46][debug] [sms]all num:10
[2018-07-25 07:49:46][debug] [sms]run num:10
[2018-07-25 07:49:46][debug] [sms]ok num:6
[2018-07-25 07:49:46][debug] [sms]no num:0
[2018-07-25 07:49:46][debug] [sms]run time:3
[2018-07-25 07:49:46][debug] [sms]end:1532476186
[2018-07-25 07:49:46][debug] [sms]page:https://bbs.bivfw.top/plugin.php?id=tom_tchongbao:ajax&act=nitice_sms_hb_run&site=1&tongcheng_id=66&hongbao_id=54&page=90
[2018-07-25 07:49:46][debug] [sms]hongbao id:54
[2018-07-25 07:49:46][debug] [sms]page:90
[2018-07-25 07:49:46][debug] [sms]client IP:118.89.52.235
[2018-07-25 07:49:46][debug] [sms]start:1532476186
[2018-07-25 07:49:50][debug] [sms]all num:10
[2018-07-25 07:49:50][debug] [sms]run num:10
[2018-07-25 07:49:50][debug] [sms]ok num:2
[2018-07-25 07:49:50][debug] [sms]no num:0
[2018-07-25 07:49:50][debug] [sms]run time:4
[2018-07-25 07:49:50][debug] [sms]end:1532476190
[2018-07-25 07:49:50][debug] [sms]page:https://bbs.bivfw.top/plugin.php?id=tom_tchongbao:ajax&act=nitice_sms_hb_run&site=1&tongcheng_id=66&hongbao_id=54&page=91
[2018-07-25 07:49:50][debug] [sms]hongbao id:54
[2018-07-25 07:49:50][debug] [sms]page:91
[2018-07-25 07:49:50][debug] [sms]client IP:118.89.52.235
[2018-07-25 07:49:50][debug] [sms]start:1532476190
[2018-07-25 07:49:53][debug] [sms]all num:10
[2018-07-25 07:49:53][debug] [sms]run num:10
[2018-07-25 07:49:53][debug] [sms]ok num:4
[2018-07-25 07:49:53][debug] [sms]no num:0
[2018-07-25 07:49:53][debug] [sms]run time:3
[2018-07-25 07:49:53][debug] [sms]end:1532476193
[2018-07-25 07:49:53][debug] [sms]page:https://bbs.bivfw.top/plugin.php?id=tom_tchongbao:ajax&act=nitice_sms_hb_run&site=1&tongcheng_id=66&hongbao_id=54&page=92
[2018-07-25 07:49:53][debug] [sms]hongbao id:54
[2018-07-25 07:49:53][debug] [sms]page:92
[2018-07-25 07:49:53][debug] [sms]client IP:118.89.52.235
[2018-07-25 07:49:53][debug] [sms]start:1532476193
[2018-07-25 07:49:56][debug] [sms]all num:10
[2018-07-25 07:49:56][debug] [sms]run num:10
[2018-07-25 07:49:56][debug] [sms]ok num:3
[2018-07-25 07:49:56][debug] [sms]no num:0
[2018-07-25 07:49:56][debug] [sms]run time:3
[2018-07-25 07:49:56][debug] [sms]end:1532476196
[2018-07-25 07:49:56][debug] [sms]page:https://bbs.bivfw.top/plugin.php?id=tom_tchongbao:ajax&act=nitice_sms_hb_run&site=1&tongcheng_id=66&hongbao_id=54&page=93
[2018-07-25 07:49:56][debug] [sms]hongbao id:54
[2018-07-25 07:49:56][debug] [sms]page:93
[2018-07-25 07:49:56][debug] [sms]client IP:118.89.52.235
[2018-07-25 07:49:56][debug] [sms]start:1532476196
[2018-07-25 07:49:59][debug] [sms]all num:10
[2018-07-25 07:49:59][debug] [sms]run num:10
[2018-07-25 07:49:59][debug] [sms]ok num:4
[2018-07-25 07:49:59][debug] [sms]no num:0
[2018-07-25 07:49:59][debug] [sms]run time:3
[2018-07-25 07:49:59][debug] [sms]end:1532476199
[2018-07-25 07:49:59][debug] [sms]page:https://bbs.bivfw.top/plugin.php?id=tom_tchongbao:ajax&act=nitice_sms_hb_run&site=1&tongcheng_id=66&hongbao_id=54&page=94
[2018-07-25 07:50:00][debug] [sms]hongbao id:54
[2018-07-25 07:50:00][debug] [sms]page:94
[2018-07-25 07:50:00][debug] [sms]client IP:118.89.52.235
[2018-07-25 07:50:00][debug] [sms]start:1532476200
[2018-07-25 07:50:03][debug] [sms]all num:10
[2018-07-25 07:50:03][debug] [sms]run num:10
[2018-07-25 07:50:03][debug] [sms]ok num:5
[2018-07-25 07:50:03][debug] [sms]no num:0
[2018-07-25 07:50:03][debug] [sms]run time:3
[2018-07-25 07:50:03][debug] [sms]end:1532476203
[2018-07-25 07:50:03][debug] [sms]page:https://bbs.bivfw.top/plugin.php?id=tom_tchongbao:ajax&act=nitice_sms_hb_run&site=1&tongcheng_id=66&hongbao_id=54&page=95
[2018-07-25 07:50:03][debug] [sms]hongbao id:54
[2018-07-25 07:50:03][debug] [sms]page:95
[2018-07-25 07:50:03][debug] [sms]client IP:118.89.52.235
[2018-07-25 07:50:03][debug] [sms]start:1532476203
[2018-07-25 07:50:06][debug] [sms]all num:10
[2018-07-25 07:50:06][debug] [sms]run num:10
[2018-07-25 07:50:06][debug] [sms]ok num:2
[2018-07-25 07:50:06][debug] [sms]no num:0
[2018-07-25 07:50:06][debug] [sms]run time:3
[2018-07-25 07:50:06][debug] [sms]end:1532476206
[2018-07-25 07:50:06][debug] [sms]page:https://bbs.bivfw.top/plugin.php?id=tom_tchongbao:ajax&act=nitice_sms_hb_run&site=1&tongcheng_id=66&hongbao_id=54&page=96
[2018-07-25 07:50:06][debug] [sms]hongbao id:54
[2018-07-25 07:50:06][debug] [sms]page:96
[2018-07-25 07:50:06][debug] [sms]client IP:118.89.52.235
[2018-07-25 07:50:06][debug] [sms]start:1532476206
[2018-07-25 07:50:09][debug] [sms]all num:10
[2018-07-25 07:50:09][debug] [sms]run num:10
[2018-07-25 07:50:09][debug] [sms]ok num:3
[2018-07-25 07:50:09][debug] [sms]no num:0
[2018-07-25 07:50:09][debug] [sms]run time:3
[2018-07-25 07:50:09][debug] [sms]end:1532476209
[2018-07-25 07:50:09][debug] [sms]page:https://bbs.bivfw.top/plugin.php?id=tom_tchongbao:ajax&act=nitice_sms_hb_run&site=1&tongcheng_id=66&hongbao_id=54&page=97
[2018-07-25 07:50:10][debug] [sms]hongbao id:54
[2018-07-25 07:50:10][debug] [sms]page:97
[2018-07-25 07:50:10][debug] [sms]client IP:118.89.52.235
[2018-07-25 07:50:10][debug] [sms]start:1532476210
[2018-07-25 07:50:13][debug] [sms]all num:10
[2018-07-25 07:50:13][debug] [sms]run num:10
[2018-07-25 07:50:13][debug] [sms]ok num:7
[2018-07-25 07:50:13][debug] [sms]no num:0
[2018-07-25 07:50:13][debug] [sms]run time:3
[2018-07-25 07:50:13][debug] [sms]end:1532476213
[2018-07-25 07:50:13][debug] [sms]page:https://bbs.bivfw.top/plugin.php?id=tom_tchongbao:ajax&act=nitice_sms_hb_run&site=1&tongcheng_id=66&hongbao_id=54&page=98
[2018-07-25 07:50:13][debug] [sms]hongbao id:54
[2018-07-25 07:50:13][debug] [sms]page:98
[2018-07-25 07:50:13][debug] [sms]client IP:118.89.52.235
[2018-07-25 07:50:13][debug] [sms]start:1532476213
[2018-07-25 07:50:16][debug] [sms]all num:10
[2018-07-25 07:50:16][debug] [sms]run num:10
[2018-07-25 07:50:16][debug] [sms]ok num:5
[2018-07-25 07:50:16][debug] [sms]no num:0
[2018-07-25 07:50:16][debug] [sms]run time:3
[2018-07-25 07:50:16][debug] [sms]end:1532476216
[2018-07-25 07:50:16][debug] [sms]page:https://bbs.bivfw.top/plugin.php?id=tom_tchongbao:ajax&act=nitice_sms_hb_run&site=1&tongcheng_id=66&hongbao_id=54&page=99
[2018-07-25 07:50:16][debug] [sms]hongbao id:54
[2018-07-25 07:50:16][debug] [sms]page:99
[2018-07-25 07:50:16][debug] [sms]client IP:118.89.52.235
[2018-07-25 07:50:16][debug] [sms]start:1532476216
[2018-07-25 07:50:20][debug] [sms]all num:10
[2018-07-25 07:50:20][debug] [sms]run num:10
[2018-07-25 07:50:20][debug] [sms]ok num:1
[2018-07-25 07:50:20][debug] [sms]no num:0
[2018-07-25 07:50:20][debug] [sms]run time:4
[2018-07-25 07:50:20][debug] [sms]end:1532476220
[2018-07-25 07:50:20][debug] [sms]page:https://bbs.bivfw.top/plugin.php?id=tom_tchongbao:ajax&act=nitice_sms_hb_run&site=1&tongcheng_id=66&hongbao_id=54&page=100
[2018-07-25 07:50:20][debug] [sms]hongbao id:54
[2018-07-25 07:50:20][debug] [sms]page:100
[2018-07-25 07:50:20][debug] [sms]client IP:118.89.52.235
[2018-07-25 07:50:20][debug] [sms]start:1532476220
[2018-07-25 07:50:23][debug] [sms]all num:10
[2018-07-25 07:50:23][debug] [sms]run num:10
[2018-07-25 07:50:23][debug] [sms]ok num:2
[2018-07-25 07:50:23][debug] [sms]no num:0
[2018-07-25 07:50:23][debug] [sms]run time:3
[2018-07-25 07:50:23][debug] [sms]end:1532476223
[2018-07-25 07:50:23][debug] [sms]page:https://bbs.bivfw.top/plugin.php?id=tom_tchongbao:ajax&act=nitice_sms_hb_run&site=1&tongcheng_id=66&hongbao_id=54&page=101
[2018-07-25 07:50:23][debug] [sms]--------------------- over 101 -------------------------
