[2019-02-21 18:25:39][debug] [sms]--------------------- new -------------------------
[2019-02-21 18:25:39][debug] [sms]hongbao id:80
[2019-02-21 18:25:39][debug] [sms]page:1
[2019-02-21 18:25:39][debug] [sms]client IP:118.89.52.235
[2019-02-21 18:25:39][debug] [sms]start:1550744739
[2019-02-21 18:25:42][debug] [sms]all num:10
[2019-02-21 18:25:42][debug] [sms]run num:10
[2019-02-21 18:25:42][debug] [sms]ok num:0
[2019-02-21 18:25:42][debug] [sms]no num:0
[2019-02-21 18:25:42][debug] [sms]run time:3
[2019-02-21 18:25:42][debug] [sms]end:1550744742
[2019-02-21 18:25:42][debug] [sms]page:https://bbs.sex002.xyz/plugin.php?id=tom_tchongbao:ajax&act=nitice_sms_hb_run&site=1&tongcheng_id=885&hongbao_id=80&page=2
[2019-02-21 18:25:43][debug] [sms]hongbao id:80
[2019-02-21 18:25:43][debug] [sms]page:2
[2019-02-21 18:25:43][debug] [sms]client IP:118.89.52.235
[2019-02-21 18:25:43][debug] [sms]start:1550744743
[2019-02-21 18:25:46][debug] [sms]all num:10
[2019-02-21 18:25:46][debug] [sms]run num:10
[2019-02-21 18:25:46][debug] [sms]ok num:0
[2019-02-21 18:25:46][debug] [sms]no num:0
[2019-02-21 18:25:46][debug] [sms]run time:3
[2019-02-21 18:25:46][debug] [sms]end:1550744746
[2019-02-21 18:25:46][debug] [sms]page:https://bbs.sex002.xyz/plugin.php?id=tom_tchongbao:ajax&act=nitice_sms_hb_run&site=1&tongcheng_id=885&hongbao_id=80&page=3
[2019-02-21 18:25:46][debug] [sms]hongbao id:80
[2019-02-21 18:25:46][debug] [sms]page:3
[2019-02-21 18:25:46][debug] [sms]client IP:118.89.52.235
[2019-02-21 18:25:46][debug] [sms]start:1550744746
[2019-02-21 18:25:49][debug] [sms]all num:10
[2019-02-21 18:25:49][debug] [sms]run num:10
[2019-02-21 18:25:49][debug] [sms]ok num:0
[2019-02-21 18:25:49][debug] [sms]no num:0
[2019-02-21 18:25:49][debug] [sms]run time:3
[2019-02-21 18:25:49][debug] [sms]end:1550744749
[2019-02-21 18:25:49][debug] [sms]page:https://bbs.sex002.xyz/plugin.php?id=tom_tchongbao:ajax&act=nitice_sms_hb_run&site=1&tongcheng_id=885&hongbao_id=80&page=4
[2019-02-21 18:25:50][debug] [sms]hongbao id:80
[2019-02-21 18:25:50][debug] [sms]page:4
[2019-02-21 18:25:50][debug] [sms]client IP:118.89.52.235
[2019-02-21 18:25:50][debug] [sms]start:1550744750
[2019-02-21 18:25:53][debug] [sms]all num:10
[2019-02-21 18:25:53][debug] [sms]run num:10
[2019-02-21 18:25:53][debug] [sms]ok num:0
[2019-02-21 18:25:53][debug] [sms]no num:0
[2019-02-21 18:25:53][debug] [sms]run time:3
[2019-02-21 18:25:53][debug] [sms]end:1550744753
[2019-02-21 18:25:53][debug] [sms]page:https://bbs.sex002.xyz/plugin.php?id=tom_tchongbao:ajax&act=nitice_sms_hb_run&site=1&tongcheng_id=885&hongbao_id=80&page=5
[2019-02-21 18:25:53][debug] [sms]hongbao id:80
[2019-02-21 18:25:53][debug] [sms]page:5
[2019-02-21 18:25:53][debug] [sms]client IP:118.89.52.235
[2019-02-21 18:25:53][debug] [sms]start:1550744753
[2019-02-21 18:25:56][debug] [sms]all num:10
[2019-02-21 18:25:56][debug] [sms]run num:10
[2019-02-21 18:25:56][debug] [sms]ok num:0
[2019-02-21 18:25:56][debug] [sms]no num:0
[2019-02-21 18:25:56][debug] [sms]run time:3
[2019-02-21 18:25:56][debug] [sms]end:1550744756
[2019-02-21 18:25:56][debug] [sms]page:https://bbs.sex002.xyz/plugin.php?id=tom_tchongbao:ajax&act=nitice_sms_hb_run&site=1&tongcheng_id=885&hongbao_id=80&page=6
[2019-02-21 18:25:56][debug] [sms]hongbao id:80
[2019-02-21 18:25:56][debug] [sms]page:6
[2019-02-21 18:25:56][debug] [sms]client IP:118.89.52.235
[2019-02-21 18:25:56][debug] [sms]start:1550744756
[2019-02-21 18:26:00][debug] [sms]all num:10
[2019-02-21 18:26:00][debug] [sms]run num:10
[2019-02-21 18:26:00][debug] [sms]ok num:0
[2019-02-21 18:26:00][debug] [sms]no num:0
[2019-02-21 18:26:00][debug] [sms]run time:4
[2019-02-21 18:26:00][debug] [sms]end:1550744760
[2019-02-21 18:26:00][debug] [sms]page:https://bbs.sex002.xyz/plugin.php?id=tom_tchongbao:ajax&act=nitice_sms_hb_run&site=1&tongcheng_id=885&hongbao_id=80&page=7
[2019-02-21 18:26:00][debug] [sms]hongbao id:80
[2019-02-21 18:26:00][debug] [sms]page:7
[2019-02-21 18:26:00][debug] [sms]client IP:118.89.52.235
[2019-02-21 18:26:00][debug] [sms]start:1550744760
[2019-02-21 18:26:03][debug] [sms]all num:10
[2019-02-21 18:26:03][debug] [sms]run num:10
[2019-02-21 18:26:03][debug] [sms]ok num:0
[2019-02-21 18:26:03][debug] [sms]no num:0
[2019-02-21 18:26:03][debug] [sms]run time:3
[2019-02-21 18:26:03][debug] [sms]end:1550744763
[2019-02-21 18:26:03][debug] [sms]page:https://bbs.sex002.xyz/plugin.php?id=tom_tchongbao:ajax&act=nitice_sms_hb_run&site=1&tongcheng_id=885&hongbao_id=80&page=8
[2019-02-21 18:26:03][debug] [sms]hongbao id:80
[2019-02-21 18:26:03][debug] [sms]page:8
[2019-02-21 18:26:03][debug] [sms]client IP:118.89.52.235
[2019-02-21 18:26:03][debug] [sms]start:1550744763
[2019-02-21 18:26:06][debug] [sms]all num:10
[2019-02-21 18:26:06][debug] [sms]run num:10
[2019-02-21 18:26:06][debug] [sms]ok num:0
[2019-02-21 18:26:06][debug] [sms]no num:0
[2019-02-21 18:26:06][debug] [sms]run time:3
[2019-02-21 18:26:06][debug] [sms]end:1550744766
[2019-02-21 18:26:06][debug] [sms]page:https://bbs.sex002.xyz/plugin.php?id=tom_tchongbao:ajax&act=nitice_sms_hb_run&site=1&tongcheng_id=885&hongbao_id=80&page=9
[2019-02-21 18:26:07][debug] [sms]hongbao id:80
[2019-02-21 18:26:07][debug] [sms]page:9
[2019-02-21 18:26:07][debug] [sms]client IP:118.89.52.235
[2019-02-21 18:26:07][debug] [sms]start:1550744767
[2019-02-21 18:26:10][debug] [sms]all num:10
[2019-02-21 18:26:10][debug] [sms]run num:10
[2019-02-21 18:26:10][debug] [sms]ok num:0
[2019-02-21 18:26:10][debug] [sms]no num:0
[2019-02-21 18:26:10][debug] [sms]run time:3
[2019-02-21 18:26:10][debug] [sms]end:1550744770
[2019-02-21 18:26:10][debug] [sms]page:https://bbs.sex002.xyz/plugin.php?id=tom_tchongbao:ajax&act=nitice_sms_hb_run&site=1&tongcheng_id=885&hongbao_id=80&page=10
[2019-02-21 18:26:10][debug] [sms]hongbao id:80
[2019-02-21 18:26:10][debug] [sms]page:10
[2019-02-21 18:26:10][debug] [sms]client IP:118.89.52.235
[2019-02-21 18:26:10][debug] [sms]start:1550744770
[2019-02-21 18:26:13][debug] [sms]all num:10
[2019-02-21 18:26:13][debug] [sms]run num:10
[2019-02-21 18:26:13][debug] [sms]ok num:0
[2019-02-21 18:26:13][debug] [sms]no num:0
[2019-02-21 18:26:13][debug] [sms]run time:3
[2019-02-21 18:26:13][debug] [sms]end:1550744773
[2019-02-21 18:26:13][debug] [sms]page:https://bbs.sex002.xyz/plugin.php?id=tom_tchongbao:ajax&act=nitice_sms_hb_run&site=1&tongcheng_id=885&hongbao_id=80&page=11
[2019-02-21 18:26:13][debug] [sms]hongbao id:80
[2019-02-21 18:26:13][debug] [sms]page:11
[2019-02-21 18:26:13][debug] [sms]client IP:118.89.52.235
[2019-02-21 18:26:13][debug] [sms]start:1550744773
[2019-02-21 18:26:17][debug] [sms]all num:10
[2019-02-21 18:26:17][debug] [sms]run num:10
[2019-02-21 18:26:17][debug] [sms]ok num:0
[2019-02-21 18:26:17][debug] [sms]no num:0
[2019-02-21 18:26:17][debug] [sms]run time:4
[2019-02-21 18:26:17][debug] [sms]end:1550744777
[2019-02-21 18:26:17][debug] [sms]page:https://bbs.sex002.xyz/plugin.php?id=tom_tchongbao:ajax&act=nitice_sms_hb_run&site=1&tongcheng_id=885&hongbao_id=80&page=12
[2019-02-21 18:26:17][debug] [sms]hongbao id:80
[2019-02-21 18:26:17][debug] [sms]page:12
[2019-02-21 18:26:17][debug] [sms]client IP:118.89.52.235
[2019-02-21 18:26:17][debug] [sms]start:1550744777
[2019-02-21 18:26:20][debug] [sms]all num:10
[2019-02-21 18:26:20][debug] [sms]run num:10
[2019-02-21 18:26:20][debug] [sms]ok num:0
[2019-02-21 18:26:20][debug] [sms]no num:0
[2019-02-21 18:26:20][debug] [sms]run time:3
[2019-02-21 18:26:20][debug] [sms]end:1550744780
[2019-02-21 18:26:20][debug] [sms]page:https://bbs.sex002.xyz/plugin.php?id=tom_tchongbao:ajax&act=nitice_sms_hb_run&site=1&tongcheng_id=885&hongbao_id=80&page=13
[2019-02-21 18:26:20][debug] [sms]hongbao id:80
[2019-02-21 18:26:20][debug] [sms]page:13
[2019-02-21 18:26:20][debug] [sms]client IP:118.89.52.235
[2019-02-21 18:26:20][debug] [sms]start:1550744780
[2019-02-21 18:26:23][debug] [sms]all num:10
[2019-02-21 18:26:23][debug] [sms]run num:10
[2019-02-21 18:26:23][debug] [sms]ok num:0
[2019-02-21 18:26:23][debug] [sms]no num:0
[2019-02-21 18:26:23][debug] [sms]run time:3
[2019-02-21 18:26:23][debug] [sms]end:1550744783
[2019-02-21 18:26:23][debug] [sms]page:https://bbs.sex002.xyz/plugin.php?id=tom_tchongbao:ajax&act=nitice_sms_hb_run&site=1&tongcheng_id=885&hongbao_id=80&page=14
[2019-02-21 18:26:23][debug] [sms]hongbao id:80
[2019-02-21 18:26:23][debug] [sms]page:14
[2019-02-21 18:26:23][debug] [sms]client IP:118.89.52.235
[2019-02-21 18:26:23][debug] [sms]start:1550744783
[2019-02-21 18:26:26][debug] [sms]all num:10
[2019-02-21 18:26:26][debug] [sms]run num:10
[2019-02-21 18:26:26][debug] [sms]ok num:0
[2019-02-21 18:26:26][debug] [sms]no num:0
[2019-02-21 18:26:26][debug] [sms]run time:3
[2019-02-21 18:26:26][debug] [sms]end:1550744786
[2019-02-21 18:26:26][debug] [sms]page:https://bbs.sex002.xyz/plugin.php?id=tom_tchongbao:ajax&act=nitice_sms_hb_run&site=1&tongcheng_id=885&hongbao_id=80&page=15
[2019-02-21 18:26:27][debug] [sms]hongbao id:80
[2019-02-21 18:26:27][debug] [sms]page:15
[2019-02-21 18:26:27][debug] [sms]client IP:118.89.52.235
[2019-02-21 18:26:27][debug] [sms]start:1550744787
[2019-02-21 18:26:30][debug] [sms]all num:10
[2019-02-21 18:26:30][debug] [sms]run num:10
[2019-02-21 18:26:30][debug] [sms]ok num:0
[2019-02-21 18:26:30][debug] [sms]no num:0
[2019-02-21 18:26:30][debug] [sms]run time:3
[2019-02-21 18:26:30][debug] [sms]end:1550744790
[2019-02-21 18:26:30][debug] [sms]page:https://bbs.sex002.xyz/plugin.php?id=tom_tchongbao:ajax&act=nitice_sms_hb_run&site=1&tongcheng_id=885&hongbao_id=80&page=16
[2019-02-21 18:26:30][debug] [sms]hongbao id:80
[2019-02-21 18:26:30][debug] [sms]page:16
[2019-02-21 18:26:30][debug] [sms]client IP:118.89.52.235
[2019-02-21 18:26:30][debug] [sms]start:1550744790
[2019-02-21 18:26:33][debug] [sms]all num:10
[2019-02-21 18:26:33][debug] [sms]run num:10
[2019-02-21 18:26:33][debug] [sms]ok num:0
[2019-02-21 18:26:33][debug] [sms]no num:0
[2019-02-21 18:26:33][debug] [sms]run time:3
[2019-02-21 18:26:33][debug] [sms]end:1550744793
[2019-02-21 18:26:33][debug] [sms]page:https://bbs.sex002.xyz/plugin.php?id=tom_tchongbao:ajax&act=nitice_sms_hb_run&site=1&tongcheng_id=885&hongbao_id=80&page=17
[2019-02-21 18:26:33][debug] [sms]hongbao id:80
[2019-02-21 18:26:33][debug] [sms]page:17
[2019-02-21 18:26:33][debug] [sms]client IP:118.89.52.235
[2019-02-21 18:26:33][debug] [sms]start:1550744793
[2019-02-21 18:26:36][debug] [sms]all num:10
[2019-02-21 18:26:36][debug] [sms]run num:10
[2019-02-21 18:26:36][debug] [sms]ok num:0
[2019-02-21 18:26:36][debug] [sms]no num:0
[2019-02-21 18:26:36][debug] [sms]run time:3
[2019-02-21 18:26:36][debug] [sms]end:1550744796
[2019-02-21 18:26:36][debug] [sms]page:https://bbs.sex002.xyz/plugin.php?id=tom_tchongbao:ajax&act=nitice_sms_hb_run&site=1&tongcheng_id=885&hongbao_id=80&page=18
[2019-02-21 18:26:36][debug] [sms]hongbao id:80
[2019-02-21 18:26:36][debug] [sms]page:18
[2019-02-21 18:26:36][debug] [sms]client IP:118.89.52.235
[2019-02-21 18:26:36][debug] [sms]start:1550744796
[2019-02-21 18:26:39][debug] [sms]all num:10
[2019-02-21 18:26:39][debug] [sms]run num:10
[2019-02-21 18:26:39][debug] [sms]ok num:0
[2019-02-21 18:26:39][debug] [sms]no num:0
[2019-02-21 18:26:39][debug] [sms]run time:3
[2019-02-21 18:26:39][debug] [sms]end:1550744799
[2019-02-21 18:26:39][debug] [sms]page:https://bbs.sex002.xyz/plugin.php?id=tom_tchongbao:ajax&act=nitice_sms_hb_run&site=1&tongcheng_id=885&hongbao_id=80&page=19
[2019-02-21 18:26:40][debug] [sms]hongbao id:80
[2019-02-21 18:26:40][debug] [sms]page:19
[2019-02-21 18:26:40][debug] [sms]client IP:118.89.52.235
[2019-02-21 18:26:40][debug] [sms]start:1550744800
[2019-02-21 18:26:43][debug] [sms]all num:10
[2019-02-21 18:26:43][debug] [sms]run num:10
[2019-02-21 18:26:43][debug] [sms]ok num:0
[2019-02-21 18:26:43][debug] [sms]no num:0
[2019-02-21 18:26:43][debug] [sms]run time:3
[2019-02-21 18:26:43][debug] [sms]end:1550744803
[2019-02-21 18:26:43][debug] [sms]page:https://bbs.sex002.xyz/plugin.php?id=tom_tchongbao:ajax&act=nitice_sms_hb_run&site=1&tongcheng_id=885&hongbao_id=80&page=20
[2019-02-21 18:26:43][debug] [sms]hongbao id:80
[2019-02-21 18:26:43][debug] [sms]page:20
[2019-02-21 18:26:43][debug] [sms]client IP:118.89.52.235
[2019-02-21 18:26:43][debug] [sms]start:1550744803
[2019-02-21 18:26:46][debug] [sms]all num:10
[2019-02-21 18:26:46][debug] [sms]run num:10
[2019-02-21 18:26:46][debug] [sms]ok num:0
[2019-02-21 18:26:46][debug] [sms]no num:0
[2019-02-21 18:26:46][debug] [sms]run time:3
[2019-02-21 18:26:46][debug] [sms]end:1550744806
[2019-02-21 18:26:46][debug] [sms]page:https://bbs.sex002.xyz/plugin.php?id=tom_tchongbao:ajax&act=nitice_sms_hb_run&site=1&tongcheng_id=885&hongbao_id=80&page=21
[2019-02-21 18:26:46][debug] [sms]hongbao id:80
[2019-02-21 18:26:46][debug] [sms]page:21
[2019-02-21 18:26:46][debug] [sms]client IP:118.89.52.235
[2019-02-21 18:26:46][debug] [sms]start:1550744806
[2019-02-21 18:26:49][debug] [sms]all num:10
[2019-02-21 18:26:49][debug] [sms]run num:10
[2019-02-21 18:26:49][debug] [sms]ok num:0
[2019-02-21 18:26:49][debug] [sms]no num:0
[2019-02-21 18:26:49][debug] [sms]run time:3
[2019-02-21 18:26:49][debug] [sms]end:1550744809
[2019-02-21 18:26:49][debug] [sms]page:https://bbs.sex002.xyz/plugin.php?id=tom_tchongbao:ajax&act=nitice_sms_hb_run&site=1&tongcheng_id=885&hongbao_id=80&page=22
[2019-02-21 18:26:49][debug] [sms]hongbao id:80
[2019-02-21 18:26:49][debug] [sms]page:22
[2019-02-21 18:26:49][debug] [sms]client IP:118.89.52.235
[2019-02-21 18:26:49][debug] [sms]start:1550744809
[2019-02-21 18:26:52][debug] [sms]all num:10
[2019-02-21 18:26:52][debug] [sms]run num:10
[2019-02-21 18:26:52][debug] [sms]ok num:0
[2019-02-21 18:26:52][debug] [sms]no num:0
[2019-02-21 18:26:52][debug] [sms]run time:3
[2019-02-21 18:26:52][debug] [sms]end:1550744812
[2019-02-21 18:26:52][debug] [sms]page:https://bbs.sex002.xyz/plugin.php?id=tom_tchongbao:ajax&act=nitice_sms_hb_run&site=1&tongcheng_id=885&hongbao_id=80&page=23
[2019-02-21 18:26:52][debug] [sms]hongbao id:80
[2019-02-21 18:26:52][debug] [sms]page:23
[2019-02-21 18:26:52][debug] [sms]client IP:118.89.52.235
[2019-02-21 18:26:52][debug] [sms]start:1550744812
[2019-02-21 18:26:55][debug] [sms]all num:10
[2019-02-21 18:26:55][debug] [sms]run num:10
[2019-02-21 18:26:55][debug] [sms]ok num:0
[2019-02-21 18:26:55][debug] [sms]no num:0
[2019-02-21 18:26:55][debug] [sms]run time:3
[2019-02-21 18:26:55][debug] [sms]end:1550744815
[2019-02-21 18:26:55][debug] [sms]page:https://bbs.sex002.xyz/plugin.php?id=tom_tchongbao:ajax&act=nitice_sms_hb_run&site=1&tongcheng_id=885&hongbao_id=80&page=24
[2019-02-21 18:26:56][debug] [sms]hongbao id:80
[2019-02-21 18:26:56][debug] [sms]page:24
[2019-02-21 18:26:56][debug] [sms]client IP:118.89.52.235
[2019-02-21 18:26:56][debug] [sms]start:1550744816
[2019-02-21 18:26:58][debug] [sms]all num:10
[2019-02-21 18:26:58][debug] [sms]run num:10
[2019-02-21 18:26:58][debug] [sms]ok num:0
[2019-02-21 18:26:58][debug] [sms]no num:0
[2019-02-21 18:26:58][debug] [sms]run time:2
[2019-02-21 18:26:58][debug] [sms]end:1550744818
[2019-02-21 18:26:58][debug] [sms]page:https://bbs.sex002.xyz/plugin.php?id=tom_tchongbao:ajax&act=nitice_sms_hb_run&site=1&tongcheng_id=885&hongbao_id=80&page=25
[2019-02-21 18:26:59][debug] [sms]hongbao id:80
[2019-02-21 18:26:59][debug] [sms]page:25
[2019-02-21 18:26:59][debug] [sms]client IP:118.89.52.235
[2019-02-21 18:26:59][debug] [sms]start:1550744819
[2019-02-21 18:27:01][debug] [sms]all num:10
[2019-02-21 18:27:01][debug] [sms]run num:10
[2019-02-21 18:27:01][debug] [sms]ok num:0
[2019-02-21 18:27:01][debug] [sms]no num:0
[2019-02-21 18:27:01][debug] [sms]run time:2
[2019-02-21 18:27:01][debug] [sms]end:1550744821
[2019-02-21 18:27:01][debug] [sms]page:https://bbs.sex002.xyz/plugin.php?id=tom_tchongbao:ajax&act=nitice_sms_hb_run&site=1&tongcheng_id=885&hongbao_id=80&page=26
[2019-02-21 18:27:02][debug] [sms]hongbao id:80
[2019-02-21 18:27:02][debug] [sms]page:26
[2019-02-21 18:27:02][debug] [sms]client IP:118.89.52.235
[2019-02-21 18:27:02][debug] [sms]start:1550744822
[2019-02-21 18:27:05][debug] [sms]all num:10
[2019-02-21 18:27:05][debug] [sms]run num:10
[2019-02-21 18:27:05][debug] [sms]ok num:0
[2019-02-21 18:27:05][debug] [sms]no num:0
[2019-02-21 18:27:05][debug] [sms]run time:3
[2019-02-21 18:27:05][debug] [sms]end:1550744825
[2019-02-21 18:27:05][debug] [sms]page:https://bbs.sex002.xyz/plugin.php?id=tom_tchongbao:ajax&act=nitice_sms_hb_run&site=1&tongcheng_id=885&hongbao_id=80&page=27
[2019-02-21 18:27:05][debug] [sms]hongbao id:80
[2019-02-21 18:27:05][debug] [sms]page:27
[2019-02-21 18:27:05][debug] [sms]client IP:118.89.52.235
[2019-02-21 18:27:05][debug] [sms]start:1550744825
[2019-02-21 18:27:08][debug] [sms]all num:10
[2019-02-21 18:27:08][debug] [sms]run num:10
[2019-02-21 18:27:08][debug] [sms]ok num:0
[2019-02-21 18:27:08][debug] [sms]no num:0
[2019-02-21 18:27:08][debug] [sms]run time:3
[2019-02-21 18:27:08][debug] [sms]end:1550744828
[2019-02-21 18:27:08][debug] [sms]page:https://bbs.sex002.xyz/plugin.php?id=tom_tchongbao:ajax&act=nitice_sms_hb_run&site=1&tongcheng_id=885&hongbao_id=80&page=28
[2019-02-21 18:27:08][debug] [sms]hongbao id:80
[2019-02-21 18:27:08][debug] [sms]page:28
[2019-02-21 18:27:08][debug] [sms]client IP:118.89.52.235
[2019-02-21 18:27:08][debug] [sms]start:1550744828
[2019-02-21 18:27:11][debug] [sms]all num:10
[2019-02-21 18:27:11][debug] [sms]run num:10
[2019-02-21 18:27:11][debug] [sms]ok num:0
[2019-02-21 18:27:11][debug] [sms]no num:0
[2019-02-21 18:27:11][debug] [sms]run time:3
[2019-02-21 18:27:11][debug] [sms]end:1550744831
[2019-02-21 18:27:11][debug] [sms]page:https://bbs.sex002.xyz/plugin.php?id=tom_tchongbao:ajax&act=nitice_sms_hb_run&site=1&tongcheng_id=885&hongbao_id=80&page=29
[2019-02-21 18:27:11][debug] [sms]hongbao id:80
[2019-02-21 18:27:11][debug] [sms]page:29
[2019-02-21 18:27:11][debug] [sms]client IP:118.89.52.235
[2019-02-21 18:27:11][debug] [sms]start:1550744831
[2019-02-21 18:27:14][debug] [sms]all num:10
[2019-02-21 18:27:14][debug] [sms]run num:10
[2019-02-21 18:27:14][debug] [sms]ok num:0
[2019-02-21 18:27:14][debug] [sms]no num:0
[2019-02-21 18:27:14][debug] [sms]run time:3
[2019-02-21 18:27:14][debug] [sms]end:1550744834
[2019-02-21 18:27:14][debug] [sms]page:https://bbs.sex002.xyz/plugin.php?id=tom_tchongbao:ajax&act=nitice_sms_hb_run&site=1&tongcheng_id=885&hongbao_id=80&page=30
[2019-02-21 18:27:14][debug] [sms]hongbao id:80
[2019-02-21 18:27:14][debug] [sms]page:30
[2019-02-21 18:27:14][debug] [sms]client IP:118.89.52.235
[2019-02-21 18:27:14][debug] [sms]start:1550744834
[2019-02-21 18:27:17][debug] [sms]all num:10
[2019-02-21 18:27:17][debug] [sms]run num:10
[2019-02-21 18:27:17][debug] [sms]ok num:0
[2019-02-21 18:27:17][debug] [sms]no num:0
[2019-02-21 18:27:17][debug] [sms]run time:3
[2019-02-21 18:27:17][debug] [sms]end:1550744837
[2019-02-21 18:27:17][debug] [sms]page:https://bbs.sex002.xyz/plugin.php?id=tom_tchongbao:ajax&act=nitice_sms_hb_run&site=1&tongcheng_id=885&hongbao_id=80&page=31
[2019-02-21 18:27:17][debug] [sms]hongbao id:80
[2019-02-21 18:27:17][debug] [sms]page:31
[2019-02-21 18:27:17][debug] [sms]client IP:118.89.52.235
[2019-02-21 18:27:17][debug] [sms]start:1550744837
[2019-02-21 18:27:20][debug] [sms]all num:10
[2019-02-21 18:27:20][debug] [sms]run num:10
[2019-02-21 18:27:20][debug] [sms]ok num:0
[2019-02-21 18:27:20][debug] [sms]no num:0
[2019-02-21 18:27:20][debug] [sms]run time:3
[2019-02-21 18:27:20][debug] [sms]end:1550744840
[2019-02-21 18:27:20][debug] [sms]page:https://bbs.sex002.xyz/plugin.php?id=tom_tchongbao:ajax&act=nitice_sms_hb_run&site=1&tongcheng_id=885&hongbao_id=80&page=32
[2019-02-21 18:27:21][debug] [sms]hongbao id:80
[2019-02-21 18:27:21][debug] [sms]page:32
[2019-02-21 18:27:21][debug] [sms]client IP:118.89.52.235
[2019-02-21 18:27:21][debug] [sms]start:1550744841
[2019-02-21 18:27:23][debug] [sms]all num:10
[2019-02-21 18:27:23][debug] [sms]run num:10
[2019-02-21 18:27:23][debug] [sms]ok num:0
[2019-02-21 18:27:23][debug] [sms]no num:0
[2019-02-21 18:27:23][debug] [sms]run time:2
[2019-02-21 18:27:23][debug] [sms]end:1550744843
[2019-02-21 18:27:23][debug] [sms]page:https://bbs.sex002.xyz/plugin.php?id=tom_tchongbao:ajax&act=nitice_sms_hb_run&site=1&tongcheng_id=885&hongbao_id=80&page=33
[2019-02-21 18:27:24][debug] [sms]hongbao id:80
[2019-02-21 18:27:24][debug] [sms]page:33
[2019-02-21 18:27:24][debug] [sms]client IP:118.89.52.235
[2019-02-21 18:27:24][debug] [sms]start:1550744844
[2019-02-21 18:27:26][debug] [sms]all num:10
[2019-02-21 18:27:26][debug] [sms]run num:10
[2019-02-21 18:27:26][debug] [sms]ok num:0
[2019-02-21 18:27:26][debug] [sms]no num:0
[2019-02-21 18:27:26][debug] [sms]run time:2
[2019-02-21 18:27:26][debug] [sms]end:1550744846
[2019-02-21 18:27:26][debug] [sms]page:https://bbs.sex002.xyz/plugin.php?id=tom_tchongbao:ajax&act=nitice_sms_hb_run&site=1&tongcheng_id=885&hongbao_id=80&page=34
[2019-02-21 18:27:27][debug] [sms]hongbao id:80
[2019-02-21 18:27:27][debug] [sms]page:34
[2019-02-21 18:27:27][debug] [sms]client IP:118.89.52.235
[2019-02-21 18:27:27][debug] [sms]start:1550744847
[2019-02-21 18:27:29][debug] [sms]all num:10
[2019-02-21 18:27:29][debug] [sms]run num:10
[2019-02-21 18:27:29][debug] [sms]ok num:0
[2019-02-21 18:27:29][debug] [sms]no num:0
[2019-02-21 18:27:29][debug] [sms]run time:2
[2019-02-21 18:27:29][debug] [sms]end:1550744849
[2019-02-21 18:27:29][debug] [sms]page:https://bbs.sex002.xyz/plugin.php?id=tom_tchongbao:ajax&act=nitice_sms_hb_run&site=1&tongcheng_id=885&hongbao_id=80&page=35
[2019-02-21 18:27:30][debug] [sms]hongbao id:80
[2019-02-21 18:27:30][debug] [sms]page:35
[2019-02-21 18:27:30][debug] [sms]client IP:118.89.52.235
[2019-02-21 18:27:30][debug] [sms]start:1550744850
[2019-02-21 18:27:33][debug] [sms]all num:10
[2019-02-21 18:27:33][debug] [sms]run num:10
[2019-02-21 18:27:33][debug] [sms]ok num:0
[2019-02-21 18:27:33][debug] [sms]no num:0
[2019-02-21 18:27:33][debug] [sms]run time:3
[2019-02-21 18:27:33][debug] [sms]end:1550744853
[2019-02-21 18:27:33][debug] [sms]page:https://bbs.sex002.xyz/plugin.php?id=tom_tchongbao:ajax&act=nitice_sms_hb_run&site=1&tongcheng_id=885&hongbao_id=80&page=36
[2019-02-21 18:27:33][debug] [sms]hongbao id:80
[2019-02-21 18:27:33][debug] [sms]page:36
[2019-02-21 18:27:33][debug] [sms]client IP:118.89.52.235
[2019-02-21 18:27:33][debug] [sms]start:1550744853
[2019-02-21 18:27:36][debug] [sms]all num:10
[2019-02-21 18:27:36][debug] [sms]run num:10
[2019-02-21 18:27:36][debug] [sms]ok num:0
[2019-02-21 18:27:36][debug] [sms]no num:0
[2019-02-21 18:27:36][debug] [sms]run time:3
[2019-02-21 18:27:36][debug] [sms]end:1550744856
[2019-02-21 18:27:36][debug] [sms]page:https://bbs.sex002.xyz/plugin.php?id=tom_tchongbao:ajax&act=nitice_sms_hb_run&site=1&tongcheng_id=885&hongbao_id=80&page=37
[2019-02-21 18:27:36][debug] [sms]hongbao id:80
[2019-02-21 18:27:36][debug] [sms]page:37
[2019-02-21 18:27:36][debug] [sms]client IP:118.89.52.235
[2019-02-21 18:27:36][debug] [sms]start:1550744856
[2019-02-21 18:27:39][debug] [sms]all num:10
[2019-02-21 18:27:39][debug] [sms]run num:10
[2019-02-21 18:27:39][debug] [sms]ok num:0
[2019-02-21 18:27:39][debug] [sms]no num:0
[2019-02-21 18:27:39][debug] [sms]run time:3
[2019-02-21 18:27:39][debug] [sms]end:1550744859
[2019-02-21 18:27:39][debug] [sms]page:https://bbs.sex002.xyz/plugin.php?id=tom_tchongbao:ajax&act=nitice_sms_hb_run&site=1&tongcheng_id=885&hongbao_id=80&page=38
[2019-02-21 18:27:39][debug] [sms]hongbao id:80
[2019-02-21 18:27:39][debug] [sms]page:38
[2019-02-21 18:27:39][debug] [sms]client IP:118.89.52.235
[2019-02-21 18:27:39][debug] [sms]start:1550744859
[2019-02-21 18:27:42][debug] [sms]all num:10
[2019-02-21 18:27:42][debug] [sms]run num:10
[2019-02-21 18:27:42][debug] [sms]ok num:0
[2019-02-21 18:27:42][debug] [sms]no num:0
[2019-02-21 18:27:42][debug] [sms]run time:3
[2019-02-21 18:27:42][debug] [sms]end:1550744862
[2019-02-21 18:27:42][debug] [sms]page:https://bbs.sex002.xyz/plugin.php?id=tom_tchongbao:ajax&act=nitice_sms_hb_run&site=1&tongcheng_id=885&hongbao_id=80&page=39
[2019-02-21 18:27:42][debug] [sms]hongbao id:80
[2019-02-21 18:27:42][debug] [sms]page:39
[2019-02-21 18:27:42][debug] [sms]client IP:118.89.52.235
[2019-02-21 18:27:42][debug] [sms]start:1550744862
[2019-02-21 18:27:45][debug] [sms]all num:10
[2019-02-21 18:27:45][debug] [sms]run num:10
[2019-02-21 18:27:45][debug] [sms]ok num:0
[2019-02-21 18:27:45][debug] [sms]no num:0
[2019-02-21 18:27:45][debug] [sms]run time:3
[2019-02-21 18:27:45][debug] [sms]end:1550744865
[2019-02-21 18:27:45][debug] [sms]page:https://bbs.sex002.xyz/plugin.php?id=tom_tchongbao:ajax&act=nitice_sms_hb_run&site=1&tongcheng_id=885&hongbao_id=80&page=40
[2019-02-21 18:27:46][debug] [sms]hongbao id:80
[2019-02-21 18:27:46][debug] [sms]page:40
[2019-02-21 18:27:46][debug] [sms]client IP:118.89.52.235
[2019-02-21 18:27:46][debug] [sms]start:1550744866
[2019-02-21 18:27:48][debug] [sms]all num:10
[2019-02-21 18:27:48][debug] [sms]run num:10
[2019-02-21 18:27:48][debug] [sms]ok num:0
[2019-02-21 18:27:48][debug] [sms]no num:0
[2019-02-21 18:27:48][debug] [sms]run time:2
[2019-02-21 18:27:48][debug] [sms]end:1550744868
[2019-02-21 18:27:48][debug] [sms]page:https://bbs.sex002.xyz/plugin.php?id=tom_tchongbao:ajax&act=nitice_sms_hb_run&site=1&tongcheng_id=885&hongbao_id=80&page=41
[2019-02-21 18:27:49][debug] [sms]hongbao id:80
[2019-02-21 18:27:49][debug] [sms]page:41
[2019-02-21 18:27:49][debug] [sms]client IP:118.89.52.235
[2019-02-21 18:27:49][debug] [sms]start:1550744869
[2019-02-21 18:27:51][debug] [sms]all num:10
[2019-02-21 18:27:51][debug] [sms]run num:10
[2019-02-21 18:27:51][debug] [sms]ok num:0
[2019-02-21 18:27:51][debug] [sms]no num:0
[2019-02-21 18:27:51][debug] [sms]run time:2
[2019-02-21 18:27:51][debug] [sms]end:1550744871
[2019-02-21 18:27:51][debug] [sms]page:https://bbs.sex002.xyz/plugin.php?id=tom_tchongbao:ajax&act=nitice_sms_hb_run&site=1&tongcheng_id=885&hongbao_id=80&page=42
[2019-02-21 18:27:52][debug] [sms]hongbao id:80
[2019-02-21 18:27:52][debug] [sms]page:42
[2019-02-21 18:27:52][debug] [sms]client IP:118.89.52.235
[2019-02-21 18:27:52][debug] [sms]start:1550744872
[2019-02-21 18:27:54][debug] [sms]all num:10
[2019-02-21 18:27:54][debug] [sms]run num:10
[2019-02-21 18:27:54][debug] [sms]ok num:0
[2019-02-21 18:27:54][debug] [sms]no num:0
[2019-02-21 18:27:54][debug] [sms]run time:2
[2019-02-21 18:27:54][debug] [sms]end:1550744874
[2019-02-21 18:27:54][debug] [sms]page:https://bbs.sex002.xyz/plugin.php?id=tom_tchongbao:ajax&act=nitice_sms_hb_run&site=1&tongcheng_id=885&hongbao_id=80&page=43
[2019-02-21 18:27:55][debug] [sms]hongbao id:80
[2019-02-21 18:27:55][debug] [sms]page:43
[2019-02-21 18:27:55][debug] [sms]client IP:118.89.52.235
[2019-02-21 18:27:55][debug] [sms]start:1550744875
[2019-02-21 18:27:58][debug] [sms]all num:10
[2019-02-21 18:27:58][debug] [sms]run num:10
[2019-02-21 18:27:58][debug] [sms]ok num:0
[2019-02-21 18:27:58][debug] [sms]no num:0
[2019-02-21 18:27:58][debug] [sms]run time:3
[2019-02-21 18:27:58][debug] [sms]end:1550744878
[2019-02-21 18:27:58][debug] [sms]page:https://bbs.sex002.xyz/plugin.php?id=tom_tchongbao:ajax&act=nitice_sms_hb_run&site=1&tongcheng_id=885&hongbao_id=80&page=44
[2019-02-21 18:27:58][debug] [sms]hongbao id:80
[2019-02-21 18:27:58][debug] [sms]page:44
[2019-02-21 18:27:58][debug] [sms]client IP:118.89.52.235
[2019-02-21 18:27:58][debug] [sms]start:1550744878
[2019-02-21 18:28:01][debug] [sms]all num:10
[2019-02-21 18:28:01][debug] [sms]run num:10
[2019-02-21 18:28:01][debug] [sms]ok num:0
[2019-02-21 18:28:01][debug] [sms]no num:0
[2019-02-21 18:28:01][debug] [sms]run time:3
[2019-02-21 18:28:01][debug] [sms]end:1550744881
[2019-02-21 18:28:01][debug] [sms]page:https://bbs.sex002.xyz/plugin.php?id=tom_tchongbao:ajax&act=nitice_sms_hb_run&site=1&tongcheng_id=885&hongbao_id=80&page=45
[2019-02-21 18:28:01][debug] [sms]hongbao id:80
[2019-02-21 18:28:01][debug] [sms]page:45
[2019-02-21 18:28:01][debug] [sms]client IP:118.89.52.235
[2019-02-21 18:28:01][debug] [sms]start:1550744881
[2019-02-21 18:28:04][debug] [sms]all num:10
[2019-02-21 18:28:04][debug] [sms]run num:10
[2019-02-21 18:28:04][debug] [sms]ok num:0
[2019-02-21 18:28:04][debug] [sms]no num:0
[2019-02-21 18:28:04][debug] [sms]run time:3
[2019-02-21 18:28:04][debug] [sms]end:1550744884
[2019-02-21 18:28:04][debug] [sms]page:https://bbs.sex002.xyz/plugin.php?id=tom_tchongbao:ajax&act=nitice_sms_hb_run&site=1&tongcheng_id=885&hongbao_id=80&page=46
[2019-02-21 18:28:04][debug] [sms]hongbao id:80
[2019-02-21 18:28:04][debug] [sms]page:46
[2019-02-21 18:28:04][debug] [sms]client IP:118.89.52.235
[2019-02-21 18:28:04][debug] [sms]start:1550744884
[2019-02-21 18:28:07][debug] [sms]all num:10
[2019-02-21 18:28:07][debug] [sms]run num:10
[2019-02-21 18:28:07][debug] [sms]ok num:0
[2019-02-21 18:28:07][debug] [sms]no num:0
[2019-02-21 18:28:07][debug] [sms]run time:3
[2019-02-21 18:28:07][debug] [sms]end:1550744887
[2019-02-21 18:28:07][debug] [sms]page:https://bbs.sex002.xyz/plugin.php?id=tom_tchongbao:ajax&act=nitice_sms_hb_run&site=1&tongcheng_id=885&hongbao_id=80&page=47
[2019-02-21 18:28:08][debug] [sms]hongbao id:80
[2019-02-21 18:28:08][debug] [sms]page:47
[2019-02-21 18:28:08][debug] [sms]client IP:118.89.52.235
[2019-02-21 18:28:08][debug] [sms]start:1550744888
[2019-02-21 18:28:11][debug] [sms]all num:10
[2019-02-21 18:28:11][debug] [sms]run num:10
[2019-02-21 18:28:11][debug] [sms]ok num:0
[2019-02-21 18:28:11][debug] [sms]no num:0
[2019-02-21 18:28:11][debug] [sms]run time:3
[2019-02-21 18:28:11][debug] [sms]end:1550744891
[2019-02-21 18:28:11][debug] [sms]page:https://bbs.sex002.xyz/plugin.php?id=tom_tchongbao:ajax&act=nitice_sms_hb_run&site=1&tongcheng_id=885&hongbao_id=80&page=48
[2019-02-21 18:28:11][debug] [sms]hongbao id:80
[2019-02-21 18:28:11][debug] [sms]page:48
[2019-02-21 18:28:11][debug] [sms]client IP:118.89.52.235
[2019-02-21 18:28:11][debug] [sms]start:1550744891
[2019-02-21 18:28:14][debug] [sms]all num:10
[2019-02-21 18:28:14][debug] [sms]run num:10
[2019-02-21 18:28:14][debug] [sms]ok num:0
[2019-02-21 18:28:14][debug] [sms]no num:0
[2019-02-21 18:28:14][debug] [sms]run time:3
[2019-02-21 18:28:14][debug] [sms]end:1550744894
[2019-02-21 18:28:14][debug] [sms]page:https://bbs.sex002.xyz/plugin.php?id=tom_tchongbao:ajax&act=nitice_sms_hb_run&site=1&tongcheng_id=885&hongbao_id=80&page=49
[2019-02-21 18:28:14][debug] [sms]hongbao id:80
[2019-02-21 18:28:14][debug] [sms]page:49
[2019-02-21 18:28:14][debug] [sms]client IP:118.89.52.235
[2019-02-21 18:28:14][debug] [sms]start:1550744894
[2019-02-21 18:28:17][debug] [sms]all num:10
[2019-02-21 18:28:17][debug] [sms]run num:10
[2019-02-21 18:28:17][debug] [sms]ok num:0
[2019-02-21 18:28:17][debug] [sms]no num:0
[2019-02-21 18:28:17][debug] [sms]run time:3
[2019-02-21 18:28:17][debug] [sms]end:1550744897
[2019-02-21 18:28:17][debug] [sms]page:https://bbs.sex002.xyz/plugin.php?id=tom_tchongbao:ajax&act=nitice_sms_hb_run&site=1&tongcheng_id=885&hongbao_id=80&page=50
[2019-02-21 18:28:17][debug] [sms]hongbao id:80
[2019-02-21 18:28:17][debug] [sms]page:50
[2019-02-21 18:28:17][debug] [sms]client IP:118.89.52.235
[2019-02-21 18:28:17][debug] [sms]start:1550744897
[2019-02-21 18:28:20][debug] [sms]all num:10
[2019-02-21 18:28:20][debug] [sms]run num:10
[2019-02-21 18:28:20][debug] [sms]ok num:0
[2019-02-21 18:28:20][debug] [sms]no num:0
[2019-02-21 18:28:20][debug] [sms]run time:3
[2019-02-21 18:28:20][debug] [sms]end:1550744900
[2019-02-21 18:28:20][debug] [sms]page:https://bbs.sex002.xyz/plugin.php?id=tom_tchongbao:ajax&act=nitice_sms_hb_run&site=1&tongcheng_id=885&hongbao_id=80&page=51
[2019-02-21 18:28:20][debug] [sms]hongbao id:80
[2019-02-21 18:28:20][debug] [sms]page:51
[2019-02-21 18:28:20][debug] [sms]client IP:118.89.52.235
[2019-02-21 18:28:20][debug] [sms]start:1550744900
[2019-02-21 18:28:23][debug] [sms]all num:10
[2019-02-21 18:28:23][debug] [sms]run num:10
[2019-02-21 18:28:23][debug] [sms]ok num:0
[2019-02-21 18:28:23][debug] [sms]no num:0
[2019-02-21 18:28:23][debug] [sms]run time:3
[2019-02-21 18:28:23][debug] [sms]end:1550744903
[2019-02-21 18:28:23][debug] [sms]page:https://bbs.sex002.xyz/plugin.php?id=tom_tchongbao:ajax&act=nitice_sms_hb_run&site=1&tongcheng_id=885&hongbao_id=80&page=52
[2019-02-21 18:28:23][debug] [sms]hongbao id:80
[2019-02-21 18:28:23][debug] [sms]page:52
[2019-02-21 18:28:23][debug] [sms]client IP:118.89.52.235
[2019-02-21 18:28:23][debug] [sms]start:1550744903
[2019-02-21 18:28:26][debug] [sms]all num:10
[2019-02-21 18:28:26][debug] [sms]run num:10
[2019-02-21 18:28:26][debug] [sms]ok num:0
[2019-02-21 18:28:26][debug] [sms]no num:0
[2019-02-21 18:28:26][debug] [sms]run time:3
[2019-02-21 18:28:26][debug] [sms]end:1550744906
[2019-02-21 18:28:26][debug] [sms]page:https://bbs.sex002.xyz/plugin.php?id=tom_tchongbao:ajax&act=nitice_sms_hb_run&site=1&tongcheng_id=885&hongbao_id=80&page=53
[2019-02-21 18:28:26][debug] [sms]hongbao id:80
[2019-02-21 18:28:26][debug] [sms]page:53
[2019-02-21 18:28:26][debug] [sms]client IP:118.89.52.235
[2019-02-21 18:28:26][debug] [sms]start:1550744906
[2019-02-21 18:28:29][debug] [sms]all num:10
[2019-02-21 18:28:29][debug] [sms]run num:10
[2019-02-21 18:28:29][debug] [sms]ok num:0
[2019-02-21 18:28:29][debug] [sms]no num:0
[2019-02-21 18:28:29][debug] [sms]run time:3
[2019-02-21 18:28:29][debug] [sms]end:1550744909
[2019-02-21 18:28:29][debug] [sms]page:https://bbs.sex002.xyz/plugin.php?id=tom_tchongbao:ajax&act=nitice_sms_hb_run&site=1&tongcheng_id=885&hongbao_id=80&page=54
[2019-02-21 18:28:29][debug] [sms]hongbao id:80
[2019-02-21 18:28:29][debug] [sms]page:54
[2019-02-21 18:28:29][debug] [sms]client IP:118.89.52.235
[2019-02-21 18:28:29][debug] [sms]start:1550744909
[2019-02-21 18:28:32][debug] [sms]all num:10
[2019-02-21 18:28:32][debug] [sms]run num:10
[2019-02-21 18:28:32][debug] [sms]ok num:0
[2019-02-21 18:28:32][debug] [sms]no num:0
[2019-02-21 18:28:32][debug] [sms]run time:3
[2019-02-21 18:28:32][debug] [sms]end:1550744912
[2019-02-21 18:28:32][debug] [sms]page:https://bbs.sex002.xyz/plugin.php?id=tom_tchongbao:ajax&act=nitice_sms_hb_run&site=1&tongcheng_id=885&hongbao_id=80&page=55
[2019-02-21 18:28:32][debug] [sms]hongbao id:80
[2019-02-21 18:28:32][debug] [sms]page:55
[2019-02-21 18:28:32][debug] [sms]client IP:118.89.52.235
[2019-02-21 18:28:32][debug] [sms]start:1550744912
[2019-02-21 18:28:35][debug] [sms]all num:10
[2019-02-21 18:28:35][debug] [sms]run num:10
[2019-02-21 18:28:35][debug] [sms]ok num:0
[2019-02-21 18:28:35][debug] [sms]no num:0
[2019-02-21 18:28:35][debug] [sms]run time:3
[2019-02-21 18:28:35][debug] [sms]end:1550744915
[2019-02-21 18:28:35][debug] [sms]page:https://bbs.sex002.xyz/plugin.php?id=tom_tchongbao:ajax&act=nitice_sms_hb_run&site=1&tongcheng_id=885&hongbao_id=80&page=56
[2019-02-21 18:28:35][debug] [sms]hongbao id:80
[2019-02-21 18:28:35][debug] [sms]page:56
[2019-02-21 18:28:35][debug] [sms]client IP:118.89.52.235
[2019-02-21 18:28:35][debug] [sms]start:1550744915
[2019-02-21 18:28:38][debug] [sms]all num:10
[2019-02-21 18:28:38][debug] [sms]run num:10
[2019-02-21 18:28:38][debug] [sms]ok num:0
[2019-02-21 18:28:38][debug] [sms]no num:0
[2019-02-21 18:28:38][debug] [sms]run time:3
[2019-02-21 18:28:38][debug] [sms]end:1550744918
[2019-02-21 18:28:38][debug] [sms]page:https://bbs.sex002.xyz/plugin.php?id=tom_tchongbao:ajax&act=nitice_sms_hb_run&site=1&tongcheng_id=885&hongbao_id=80&page=57
[2019-02-21 18:28:39][debug] [sms]hongbao id:80
[2019-02-21 18:28:39][debug] [sms]page:57
[2019-02-21 18:28:39][debug] [sms]client IP:118.89.52.235
[2019-02-21 18:28:39][debug] [sms]start:1550744919
[2019-02-21 18:28:41][debug] [sms]all num:10
[2019-02-21 18:28:41][debug] [sms]run num:10
[2019-02-21 18:28:41][debug] [sms]ok num:0
[2019-02-21 18:28:41][debug] [sms]no num:0
[2019-02-21 18:28:41][debug] [sms]run time:2
[2019-02-21 18:28:41][debug] [sms]end:1550744921
[2019-02-21 18:28:41][debug] [sms]page:https://bbs.sex002.xyz/plugin.php?id=tom_tchongbao:ajax&act=nitice_sms_hb_run&site=1&tongcheng_id=885&hongbao_id=80&page=58
[2019-02-21 18:28:42][debug] [sms]hongbao id:80
[2019-02-21 18:28:42][debug] [sms]page:58
[2019-02-21 18:28:42][debug] [sms]client IP:118.89.52.235
[2019-02-21 18:28:42][debug] [sms]start:1550744922
[2019-02-21 18:28:45][debug] [sms]all num:10
[2019-02-21 18:28:45][debug] [sms]run num:10
[2019-02-21 18:28:45][debug] [sms]ok num:0
[2019-02-21 18:28:45][debug] [sms]no num:0
[2019-02-21 18:28:45][debug] [sms]run time:3
[2019-02-21 18:28:45][debug] [sms]end:1550744925
[2019-02-21 18:28:45][debug] [sms]page:https://bbs.sex002.xyz/plugin.php?id=tom_tchongbao:ajax&act=nitice_sms_hb_run&site=1&tongcheng_id=885&hongbao_id=80&page=59
[2019-02-21 18:28:45][debug] [sms]hongbao id:80
[2019-02-21 18:28:45][debug] [sms]page:59
[2019-02-21 18:28:45][debug] [sms]client IP:118.89.52.235
[2019-02-21 18:28:45][debug] [sms]start:1550744925
[2019-02-21 18:28:48][debug] [sms]all num:10
[2019-02-21 18:28:48][debug] [sms]run num:10
[2019-02-21 18:28:48][debug] [sms]ok num:0
[2019-02-21 18:28:48][debug] [sms]no num:0
[2019-02-21 18:28:48][debug] [sms]run time:3
[2019-02-21 18:28:48][debug] [sms]end:1550744928
[2019-02-21 18:28:48][debug] [sms]page:https://bbs.sex002.xyz/plugin.php?id=tom_tchongbao:ajax&act=nitice_sms_hb_run&site=1&tongcheng_id=885&hongbao_id=80&page=60
[2019-02-21 18:28:48][debug] [sms]hongbao id:80
[2019-02-21 18:28:48][debug] [sms]page:60
[2019-02-21 18:28:48][debug] [sms]client IP:118.89.52.235
[2019-02-21 18:28:48][debug] [sms]start:1550744928
[2019-02-21 18:28:51][debug] [sms]all num:10
[2019-02-21 18:28:51][debug] [sms]run num:10
[2019-02-21 18:28:51][debug] [sms]ok num:0
[2019-02-21 18:28:51][debug] [sms]no num:0
[2019-02-21 18:28:51][debug] [sms]run time:3
[2019-02-21 18:28:51][debug] [sms]end:1550744931
[2019-02-21 18:28:51][debug] [sms]page:https://bbs.sex002.xyz/plugin.php?id=tom_tchongbao:ajax&act=nitice_sms_hb_run&site=1&tongcheng_id=885&hongbao_id=80&page=61
[2019-02-21 18:28:51][debug] [sms]hongbao id:80
[2019-02-21 18:28:51][debug] [sms]page:61
[2019-02-21 18:28:51][debug] [sms]client IP:118.89.52.235
[2019-02-21 18:28:51][debug] [sms]start:1550744931
[2019-02-21 18:28:54][debug] [sms]all num:10
[2019-02-21 18:28:54][debug] [sms]run num:10
[2019-02-21 18:28:54][debug] [sms]ok num:0
[2019-02-21 18:28:54][debug] [sms]no num:0
[2019-02-21 18:28:54][debug] [sms]run time:3
[2019-02-21 18:28:54][debug] [sms]end:1550744934
[2019-02-21 18:28:54][debug] [sms]page:https://bbs.sex002.xyz/plugin.php?id=tom_tchongbao:ajax&act=nitice_sms_hb_run&site=1&tongcheng_id=885&hongbao_id=80&page=62
[2019-02-21 18:28:54][debug] [sms]hongbao id:80
[2019-02-21 18:28:54][debug] [sms]page:62
[2019-02-21 18:28:54][debug] [sms]client IP:118.89.52.235
[2019-02-21 18:28:54][debug] [sms]start:1550744934
[2019-02-21 18:28:57][debug] [sms]all num:10
[2019-02-21 18:28:57][debug] [sms]run num:10
[2019-02-21 18:28:57][debug] [sms]ok num:0
[2019-02-21 18:28:57][debug] [sms]no num:0
[2019-02-21 18:28:57][debug] [sms]run time:3
[2019-02-21 18:28:57][debug] [sms]end:1550744937
[2019-02-21 18:28:57][debug] [sms]page:https://bbs.sex002.xyz/plugin.php?id=tom_tchongbao:ajax&act=nitice_sms_hb_run&site=1&tongcheng_id=885&hongbao_id=80&page=63
[2019-02-21 18:28:57][debug] [sms]hongbao id:80
[2019-02-21 18:28:57][debug] [sms]page:63
[2019-02-21 18:28:57][debug] [sms]client IP:118.89.52.235
[2019-02-21 18:28:57][debug] [sms]start:1550744937
[2019-02-21 18:29:00][debug] [sms]all num:10
[2019-02-21 18:29:00][debug] [sms]run num:10
[2019-02-21 18:29:00][debug] [sms]ok num:0
[2019-02-21 18:29:00][debug] [sms]no num:0
[2019-02-21 18:29:00][debug] [sms]run time:3
[2019-02-21 18:29:00][debug] [sms]end:1550744940
[2019-02-21 18:29:00][debug] [sms]page:https://bbs.sex002.xyz/plugin.php?id=tom_tchongbao:ajax&act=nitice_sms_hb_run&site=1&tongcheng_id=885&hongbao_id=80&page=64
[2019-02-21 18:29:01][debug] [sms]hongbao id:80
[2019-02-21 18:29:01][debug] [sms]page:64
[2019-02-21 18:29:01][debug] [sms]client IP:118.89.52.235
[2019-02-21 18:29:01][debug] [sms]start:1550744941
[2019-02-21 18:29:04][debug] [sms]all num:10
[2019-02-21 18:29:04][debug] [sms]run num:10
[2019-02-21 18:29:04][debug] [sms]ok num:0
[2019-02-21 18:29:04][debug] [sms]no num:0
[2019-02-21 18:29:04][debug] [sms]run time:3
[2019-02-21 18:29:04][debug] [sms]end:1550744944
[2019-02-21 18:29:04][debug] [sms]page:https://bbs.sex002.xyz/plugin.php?id=tom_tchongbao:ajax&act=nitice_sms_hb_run&site=1&tongcheng_id=885&hongbao_id=80&page=65
[2019-02-21 18:29:04][debug] [sms]hongbao id:80
[2019-02-21 18:29:04][debug] [sms]page:65
[2019-02-21 18:29:04][debug] [sms]client IP:118.89.52.235
[2019-02-21 18:29:04][debug] [sms]start:1550744944
[2019-02-21 18:29:07][debug] [sms]all num:10
[2019-02-21 18:29:07][debug] [sms]run num:10
[2019-02-21 18:29:07][debug] [sms]ok num:0
[2019-02-21 18:29:07][debug] [sms]no num:0
[2019-02-21 18:29:07][debug] [sms]run time:3
[2019-02-21 18:29:07][debug] [sms]end:1550744947
[2019-02-21 18:29:07][debug] [sms]page:https://bbs.sex002.xyz/plugin.php?id=tom_tchongbao:ajax&act=nitice_sms_hb_run&site=1&tongcheng_id=885&hongbao_id=80&page=66
[2019-02-21 18:29:07][debug] [sms]hongbao id:80
[2019-02-21 18:29:07][debug] [sms]page:66
[2019-02-21 18:29:07][debug] [sms]client IP:118.89.52.235
[2019-02-21 18:29:07][debug] [sms]start:1550744947
[2019-02-21 18:29:10][debug] [sms]all num:10
[2019-02-21 18:29:10][debug] [sms]run num:10
[2019-02-21 18:29:10][debug] [sms]ok num:0
[2019-02-21 18:29:10][debug] [sms]no num:0
[2019-02-21 18:29:10][debug] [sms]run time:3
[2019-02-21 18:29:10][debug] [sms]end:1550744950
[2019-02-21 18:29:10][debug] [sms]page:https://bbs.sex002.xyz/plugin.php?id=tom_tchongbao:ajax&act=nitice_sms_hb_run&site=1&tongcheng_id=885&hongbao_id=80&page=67
[2019-02-21 18:29:10][debug] [sms]hongbao id:80
[2019-02-21 18:29:10][debug] [sms]page:67
[2019-02-21 18:29:10][debug] [sms]client IP:118.89.52.235
[2019-02-21 18:29:10][debug] [sms]start:1550744950
[2019-02-21 18:29:13][debug] [sms]all num:10
[2019-02-21 18:29:13][debug] [sms]run num:10
[2019-02-21 18:29:13][debug] [sms]ok num:0
[2019-02-21 18:29:13][debug] [sms]no num:0
[2019-02-21 18:29:13][debug] [sms]run time:3
[2019-02-21 18:29:13][debug] [sms]end:1550744953
[2019-02-21 18:29:13][debug] [sms]page:https://bbs.sex002.xyz/plugin.php?id=tom_tchongbao:ajax&act=nitice_sms_hb_run&site=1&tongcheng_id=885&hongbao_id=80&page=68
[2019-02-21 18:29:13][debug] [sms]hongbao id:80
[2019-02-21 18:29:13][debug] [sms]page:68
[2019-02-21 18:29:13][debug] [sms]client IP:118.89.52.235
[2019-02-21 18:29:13][debug] [sms]start:1550744953
[2019-02-21 18:29:16][debug] [sms]all num:10
[2019-02-21 18:29:16][debug] [sms]run num:10
[2019-02-21 18:29:16][debug] [sms]ok num:0
[2019-02-21 18:29:16][debug] [sms]no num:0
[2019-02-21 18:29:16][debug] [sms]run time:3
[2019-02-21 18:29:16][debug] [sms]end:1550744956
[2019-02-21 18:29:16][debug] [sms]page:https://bbs.sex002.xyz/plugin.php?id=tom_tchongbao:ajax&act=nitice_sms_hb_run&site=1&tongcheng_id=885&hongbao_id=80&page=69
[2019-02-21 18:29:17][debug] [sms]hongbao id:80
[2019-02-21 18:29:17][debug] [sms]page:69
[2019-02-21 18:29:17][debug] [sms]client IP:118.89.52.235
[2019-02-21 18:29:17][debug] [sms]start:1550744957
[2019-02-21 18:29:20][debug] [sms]all num:10
[2019-02-21 18:29:20][debug] [sms]run num:10
[2019-02-21 18:29:20][debug] [sms]ok num:0
[2019-02-21 18:29:20][debug] [sms]no num:0
[2019-02-21 18:29:20][debug] [sms]run time:3
[2019-02-21 18:29:20][debug] [sms]end:1550744960
[2019-02-21 18:29:20][debug] [sms]page:https://bbs.sex002.xyz/plugin.php?id=tom_tchongbao:ajax&act=nitice_sms_hb_run&site=1&tongcheng_id=885&hongbao_id=80&page=70
[2019-02-21 18:29:20][debug] [sms]hongbao id:80
[2019-02-21 18:29:20][debug] [sms]page:70
[2019-02-21 18:29:20][debug] [sms]client IP:118.89.52.235
[2019-02-21 18:29:20][debug] [sms]start:1550744960
[2019-02-21 18:29:23][debug] [sms]all num:10
[2019-02-21 18:29:23][debug] [sms]run num:10
[2019-02-21 18:29:23][debug] [sms]ok num:0
[2019-02-21 18:29:23][debug] [sms]no num:0
[2019-02-21 18:29:23][debug] [sms]run time:3
[2019-02-21 18:29:23][debug] [sms]end:1550744963
[2019-02-21 18:29:23][debug] [sms]page:https://bbs.sex002.xyz/plugin.php?id=tom_tchongbao:ajax&act=nitice_sms_hb_run&site=1&tongcheng_id=885&hongbao_id=80&page=71
[2019-02-21 18:29:23][debug] [sms]hongbao id:80
[2019-02-21 18:29:23][debug] [sms]page:71
[2019-02-21 18:29:23][debug] [sms]client IP:118.89.52.235
[2019-02-21 18:29:23][debug] [sms]start:1550744963
[2019-02-21 18:29:26][debug] [sms]all num:10
[2019-02-21 18:29:26][debug] [sms]run num:10
[2019-02-21 18:29:26][debug] [sms]ok num:0
[2019-02-21 18:29:26][debug] [sms]no num:0
[2019-02-21 18:29:26][debug] [sms]run time:3
[2019-02-21 18:29:26][debug] [sms]end:1550744966
[2019-02-21 18:29:26][debug] [sms]page:https://bbs.sex002.xyz/plugin.php?id=tom_tchongbao:ajax&act=nitice_sms_hb_run&site=1&tongcheng_id=885&hongbao_id=80&page=72
[2019-02-21 18:29:26][debug] [sms]hongbao id:80
[2019-02-21 18:29:26][debug] [sms]page:72
[2019-02-21 18:29:26][debug] [sms]client IP:118.89.52.235
[2019-02-21 18:29:26][debug] [sms]start:1550744966
[2019-02-21 18:29:29][debug] [sms]all num:10
[2019-02-21 18:29:29][debug] [sms]run num:10
[2019-02-21 18:29:29][debug] [sms]ok num:0
[2019-02-21 18:29:29][debug] [sms]no num:0
[2019-02-21 18:29:29][debug] [sms]run time:3
[2019-02-21 18:29:29][debug] [sms]end:1550744969
[2019-02-21 18:29:29][debug] [sms]page:https://bbs.sex002.xyz/plugin.php?id=tom_tchongbao:ajax&act=nitice_sms_hb_run&site=1&tongcheng_id=885&hongbao_id=80&page=73
[2019-02-21 18:29:29][debug] [sms]hongbao id:80
[2019-02-21 18:29:29][debug] [sms]page:73
[2019-02-21 18:29:29][debug] [sms]client IP:118.89.52.235
[2019-02-21 18:29:29][debug] [sms]start:1550744969
[2019-02-21 18:29:32][debug] [sms]all num:10
[2019-02-21 18:29:32][debug] [sms]run num:10
[2019-02-21 18:29:32][debug] [sms]ok num:0
[2019-02-21 18:29:32][debug] [sms]no num:0
[2019-02-21 18:29:32][debug] [sms]run time:3
[2019-02-21 18:29:32][debug] [sms]end:1550744972
[2019-02-21 18:29:32][debug] [sms]page:https://bbs.sex002.xyz/plugin.php?id=tom_tchongbao:ajax&act=nitice_sms_hb_run&site=1&tongcheng_id=885&hongbao_id=80&page=74
[2019-02-21 18:29:32][debug] [sms]hongbao id:80
[2019-02-21 18:29:32][debug] [sms]page:74
[2019-02-21 18:29:32][debug] [sms]client IP:118.89.52.235
[2019-02-21 18:29:32][debug] [sms]start:1550744972
[2019-02-21 18:29:35][debug] [sms]all num:10
[2019-02-21 18:29:35][debug] [sms]run num:10
[2019-02-21 18:29:35][debug] [sms]ok num:0
[2019-02-21 18:29:35][debug] [sms]no num:0
[2019-02-21 18:29:35][debug] [sms]run time:3
[2019-02-21 18:29:35][debug] [sms]end:1550744975
[2019-02-21 18:29:35][debug] [sms]page:https://bbs.sex002.xyz/plugin.php?id=tom_tchongbao:ajax&act=nitice_sms_hb_run&site=1&tongcheng_id=885&hongbao_id=80&page=75
[2019-02-21 18:29:35][debug] [sms]hongbao id:80
[2019-02-21 18:29:35][debug] [sms]page:75
[2019-02-21 18:29:35][debug] [sms]client IP:118.89.52.235
[2019-02-21 18:29:35][debug] [sms]start:1550744975
[2019-02-21 18:29:38][debug] [sms]all num:10
[2019-02-21 18:29:38][debug] [sms]run num:10
[2019-02-21 18:29:38][debug] [sms]ok num:0
[2019-02-21 18:29:38][debug] [sms]no num:0
[2019-02-21 18:29:38][debug] [sms]run time:3
[2019-02-21 18:29:38][debug] [sms]end:1550744978
[2019-02-21 18:29:38][debug] [sms]page:https://bbs.sex002.xyz/plugin.php?id=tom_tchongbao:ajax&act=nitice_sms_hb_run&site=1&tongcheng_id=885&hongbao_id=80&page=76
[2019-02-21 18:29:38][debug] [sms]hongbao id:80
[2019-02-21 18:29:38][debug] [sms]page:76
[2019-02-21 18:29:38][debug] [sms]client IP:118.89.52.235
[2019-02-21 18:29:38][debug] [sms]start:1550744978
[2019-02-21 18:29:41][debug] [sms]all num:10
[2019-02-21 18:29:41][debug] [sms]run num:10
[2019-02-21 18:29:41][debug] [sms]ok num:0
[2019-02-21 18:29:41][debug] [sms]no num:0
[2019-02-21 18:29:41][debug] [sms]run time:3
[2019-02-21 18:29:41][debug] [sms]end:1550744981
[2019-02-21 18:29:41][debug] [sms]page:https://bbs.sex002.xyz/plugin.php?id=tom_tchongbao:ajax&act=nitice_sms_hb_run&site=1&tongcheng_id=885&hongbao_id=80&page=77
[2019-02-21 18:29:41][debug] [sms]hongbao id:80
[2019-02-21 18:29:41][debug] [sms]page:77
[2019-02-21 18:29:41][debug] [sms]client IP:118.89.52.235
[2019-02-21 18:29:41][debug] [sms]start:1550744981
[2019-02-21 18:29:44][debug] [sms]all num:10
[2019-02-21 18:29:44][debug] [sms]run num:10
[2019-02-21 18:29:44][debug] [sms]ok num:0
[2019-02-21 18:29:44][debug] [sms]no num:0
[2019-02-21 18:29:44][debug] [sms]run time:3
[2019-02-21 18:29:44][debug] [sms]end:1550744984
[2019-02-21 18:29:44][debug] [sms]page:https://bbs.sex002.xyz/plugin.php?id=tom_tchongbao:ajax&act=nitice_sms_hb_run&site=1&tongcheng_id=885&hongbao_id=80&page=78
[2019-02-21 18:29:44][debug] [sms]hongbao id:80
[2019-02-21 18:29:44][debug] [sms]page:78
[2019-02-21 18:29:44][debug] [sms]client IP:118.89.52.235
[2019-02-21 18:29:44][debug] [sms]start:1550744984
[2019-02-21 18:29:47][debug] [sms]all num:10
[2019-02-21 18:29:47][debug] [sms]run num:10
[2019-02-21 18:29:47][debug] [sms]ok num:0
[2019-02-21 18:29:47][debug] [sms]no num:0
[2019-02-21 18:29:47][debug] [sms]run time:3
[2019-02-21 18:29:47][debug] [sms]end:1550744987
[2019-02-21 18:29:47][debug] [sms]page:https://bbs.sex002.xyz/plugin.php?id=tom_tchongbao:ajax&act=nitice_sms_hb_run&site=1&tongcheng_id=885&hongbao_id=80&page=79
[2019-02-21 18:29:47][debug] [sms]hongbao id:80
[2019-02-21 18:29:47][debug] [sms]page:79
[2019-02-21 18:29:47][debug] [sms]client IP:118.89.52.235
[2019-02-21 18:29:47][debug] [sms]start:1550744987
[2019-02-21 18:29:50][debug] [sms]all num:10
[2019-02-21 18:29:50][debug] [sms]run num:10
[2019-02-21 18:29:50][debug] [sms]ok num:0
[2019-02-21 18:29:50][debug] [sms]no num:0
[2019-02-21 18:29:50][debug] [sms]run time:3
[2019-02-21 18:29:50][debug] [sms]end:1550744990
[2019-02-21 18:29:50][debug] [sms]page:https://bbs.sex002.xyz/plugin.php?id=tom_tchongbao:ajax&act=nitice_sms_hb_run&site=1&tongcheng_id=885&hongbao_id=80&page=80
[2019-02-21 18:29:51][debug] [sms]hongbao id:80
[2019-02-21 18:29:51][debug] [sms]page:80
[2019-02-21 18:29:51][debug] [sms]client IP:118.89.52.235
[2019-02-21 18:29:51][debug] [sms]start:1550744991
[2019-02-21 18:29:54][debug] [sms]all num:10
[2019-02-21 18:29:54][debug] [sms]run num:10
[2019-02-21 18:29:54][debug] [sms]ok num:0
[2019-02-21 18:29:54][debug] [sms]no num:0
[2019-02-21 18:29:54][debug] [sms]run time:3
[2019-02-21 18:29:54][debug] [sms]end:1550744994
[2019-02-21 18:29:54][debug] [sms]page:https://bbs.sex002.xyz/plugin.php?id=tom_tchongbao:ajax&act=nitice_sms_hb_run&site=1&tongcheng_id=885&hongbao_id=80&page=81
[2019-02-21 18:29:54][debug] [sms]hongbao id:80
[2019-02-21 18:29:54][debug] [sms]page:81
[2019-02-21 18:29:54][debug] [sms]client IP:118.89.52.235
[2019-02-21 18:29:54][debug] [sms]start:1550744994
[2019-02-21 18:29:57][debug] [sms]all num:10
[2019-02-21 18:29:57][debug] [sms]run num:10
[2019-02-21 18:29:57][debug] [sms]ok num:0
[2019-02-21 18:29:57][debug] [sms]no num:0
[2019-02-21 18:29:57][debug] [sms]run time:3
[2019-02-21 18:29:57][debug] [sms]end:1550744997
[2019-02-21 18:29:57][debug] [sms]page:https://bbs.sex002.xyz/plugin.php?id=tom_tchongbao:ajax&act=nitice_sms_hb_run&site=1&tongcheng_id=885&hongbao_id=80&page=82
[2019-02-21 18:29:57][debug] [sms]hongbao id:80
[2019-02-21 18:29:57][debug] [sms]page:82
[2019-02-21 18:29:57][debug] [sms]client IP:118.89.52.235
[2019-02-21 18:29:57][debug] [sms]start:1550744997
[2019-02-21 18:30:00][debug] [sms]all num:10
[2019-02-21 18:30:00][debug] [sms]run num:10
[2019-02-21 18:30:00][debug] [sms]ok num:0
[2019-02-21 18:30:00][debug] [sms]no num:0
[2019-02-21 18:30:00][debug] [sms]run time:3
[2019-02-21 18:30:00][debug] [sms]end:1550745000
[2019-02-21 18:30:00][debug] [sms]page:https://bbs.sex002.xyz/plugin.php?id=tom_tchongbao:ajax&act=nitice_sms_hb_run&site=1&tongcheng_id=885&hongbao_id=80&page=83
[2019-02-21 18:30:00][debug] [sms]hongbao id:80
[2019-02-21 18:30:00][debug] [sms]page:83
[2019-02-21 18:30:00][debug] [sms]client IP:118.89.52.235
[2019-02-21 18:30:00][debug] [sms]start:1550745000
[2019-02-21 18:30:03][debug] [sms]all num:10
[2019-02-21 18:30:03][debug] [sms]run num:10
[2019-02-21 18:30:03][debug] [sms]ok num:0
[2019-02-21 18:30:03][debug] [sms]no num:0
[2019-02-21 18:30:03][debug] [sms]run time:3
[2019-02-21 18:30:03][debug] [sms]end:1550745003
[2019-02-21 18:30:03][debug] [sms]page:https://bbs.sex002.xyz/plugin.php?id=tom_tchongbao:ajax&act=nitice_sms_hb_run&site=1&tongcheng_id=885&hongbao_id=80&page=84
[2019-02-21 18:30:03][debug] [sms]hongbao id:80
[2019-02-21 18:30:03][debug] [sms]page:84
[2019-02-21 18:30:03][debug] [sms]client IP:118.89.52.235
[2019-02-21 18:30:03][debug] [sms]start:1550745003
[2019-02-21 18:30:06][debug] [sms]all num:10
[2019-02-21 18:30:06][debug] [sms]run num:10
[2019-02-21 18:30:06][debug] [sms]ok num:0
[2019-02-21 18:30:06][debug] [sms]no num:0
[2019-02-21 18:30:06][debug] [sms]run time:3
[2019-02-21 18:30:06][debug] [sms]end:1550745006
[2019-02-21 18:30:06][debug] [sms]page:https://bbs.sex002.xyz/plugin.php?id=tom_tchongbao:ajax&act=nitice_sms_hb_run&site=1&tongcheng_id=885&hongbao_id=80&page=85
[2019-02-21 18:30:06][debug] [sms]hongbao id:80
[2019-02-21 18:30:06][debug] [sms]page:85
[2019-02-21 18:30:06][debug] [sms]client IP:118.89.52.235
[2019-02-21 18:30:06][debug] [sms]start:1550745006
[2019-02-21 18:30:09][debug] [sms]all num:10
[2019-02-21 18:30:09][debug] [sms]run num:10
[2019-02-21 18:30:09][debug] [sms]ok num:0
[2019-02-21 18:30:09][debug] [sms]no num:0
[2019-02-21 18:30:09][debug] [sms]run time:3
[2019-02-21 18:30:09][debug] [sms]end:1550745009
[2019-02-21 18:30:09][debug] [sms]page:https://bbs.sex002.xyz/plugin.php?id=tom_tchongbao:ajax&act=nitice_sms_hb_run&site=1&tongcheng_id=885&hongbao_id=80&page=86
[2019-02-21 18:30:10][debug] [sms]hongbao id:80
[2019-02-21 18:30:10][debug] [sms]page:86
[2019-02-21 18:30:10][debug] [sms]client IP:118.89.52.235
[2019-02-21 18:30:10][debug] [sms]start:1550745010
[2019-02-21 18:30:13][debug] [sms]all num:10
[2019-02-21 18:30:13][debug] [sms]run num:10
[2019-02-21 18:30:13][debug] [sms]ok num:0
[2019-02-21 18:30:13][debug] [sms]no num:0
[2019-02-21 18:30:13][debug] [sms]run time:3
[2019-02-21 18:30:13][debug] [sms]end:1550745013
[2019-02-21 18:30:13][debug] [sms]page:https://bbs.sex002.xyz/plugin.php?id=tom_tchongbao:ajax&act=nitice_sms_hb_run&site=1&tongcheng_id=885&hongbao_id=80&page=87
[2019-02-21 18:30:13][debug] [sms]hongbao id:80
[2019-02-21 18:30:13][debug] [sms]page:87
[2019-02-21 18:30:13][debug] [sms]client IP:118.89.52.235
[2019-02-21 18:30:13][debug] [sms]start:1550745013
[2019-02-21 18:30:16][debug] [sms]all num:10
[2019-02-21 18:30:16][debug] [sms]run num:10
[2019-02-21 18:30:16][debug] [sms]ok num:0
[2019-02-21 18:30:16][debug] [sms]no num:0
[2019-02-21 18:30:16][debug] [sms]run time:3
[2019-02-21 18:30:16][debug] [sms]end:1550745016
[2019-02-21 18:30:16][debug] [sms]page:https://bbs.sex002.xyz/plugin.php?id=tom_tchongbao:ajax&act=nitice_sms_hb_run&site=1&tongcheng_id=885&hongbao_id=80&page=88
[2019-02-21 18:30:16][debug] [sms]hongbao id:80
[2019-02-21 18:30:16][debug] [sms]page:88
[2019-02-21 18:30:16][debug] [sms]client IP:118.89.52.235
[2019-02-21 18:30:16][debug] [sms]start:1550745016
[2019-02-21 18:30:19][debug] [sms]all num:10
[2019-02-21 18:30:19][debug] [sms]run num:10
[2019-02-21 18:30:19][debug] [sms]ok num:0
[2019-02-21 18:30:19][debug] [sms]no num:0
[2019-02-21 18:30:19][debug] [sms]run time:3
[2019-02-21 18:30:19][debug] [sms]end:1550745019
[2019-02-21 18:30:19][debug] [sms]page:https://bbs.sex002.xyz/plugin.php?id=tom_tchongbao:ajax&act=nitice_sms_hb_run&site=1&tongcheng_id=885&hongbao_id=80&page=89
[2019-02-21 18:30:19][debug] [sms]hongbao id:80
[2019-02-21 18:30:19][debug] [sms]page:89
[2019-02-21 18:30:19][debug] [sms]client IP:118.89.52.235
[2019-02-21 18:30:19][debug] [sms]start:1550745019
[2019-02-21 18:30:22][debug] [sms]all num:10
[2019-02-21 18:30:22][debug] [sms]run num:10
[2019-02-21 18:30:22][debug] [sms]ok num:0
[2019-02-21 18:30:22][debug] [sms]no num:0
[2019-02-21 18:30:22][debug] [sms]run time:3
[2019-02-21 18:30:22][debug] [sms]end:1550745022
[2019-02-21 18:30:22][debug] [sms]page:https://bbs.sex002.xyz/plugin.php?id=tom_tchongbao:ajax&act=nitice_sms_hb_run&site=1&tongcheng_id=885&hongbao_id=80&page=90
[2019-02-21 18:30:23][debug] [sms]hongbao id:80
[2019-02-21 18:30:23][debug] [sms]page:90
[2019-02-21 18:30:23][debug] [sms]client IP:118.89.52.235
[2019-02-21 18:30:23][debug] [sms]start:1550745023
[2019-02-21 18:30:26][debug] [sms]all num:10
[2019-02-21 18:30:26][debug] [sms]run num:10
[2019-02-21 18:30:26][debug] [sms]ok num:0
[2019-02-21 18:30:26][debug] [sms]no num:0
[2019-02-21 18:30:26][debug] [sms]run time:3
[2019-02-21 18:30:26][debug] [sms]end:1550745026
[2019-02-21 18:30:26][debug] [sms]page:https://bbs.sex002.xyz/plugin.php?id=tom_tchongbao:ajax&act=nitice_sms_hb_run&site=1&tongcheng_id=885&hongbao_id=80&page=91
[2019-02-21 18:30:26][debug] [sms]hongbao id:80
[2019-02-21 18:30:26][debug] [sms]page:91
[2019-02-21 18:30:26][debug] [sms]client IP:118.89.52.235
[2019-02-21 18:30:26][debug] [sms]start:1550745026
[2019-02-21 18:30:29][debug] [sms]all num:10
[2019-02-21 18:30:29][debug] [sms]run num:10
[2019-02-21 18:30:29][debug] [sms]ok num:0
[2019-02-21 18:30:29][debug] [sms]no num:0
[2019-02-21 18:30:29][debug] [sms]run time:3
[2019-02-21 18:30:29][debug] [sms]end:1550745029
[2019-02-21 18:30:29][debug] [sms]page:https://bbs.sex002.xyz/plugin.php?id=tom_tchongbao:ajax&act=nitice_sms_hb_run&site=1&tongcheng_id=885&hongbao_id=80&page=92
[2019-02-21 18:30:29][debug] [sms]hongbao id:80
[2019-02-21 18:30:29][debug] [sms]page:92
[2019-02-21 18:30:29][debug] [sms]client IP:118.89.52.235
[2019-02-21 18:30:29][debug] [sms]start:1550745029
[2019-02-21 18:30:32][debug] [sms]all num:10
[2019-02-21 18:30:32][debug] [sms]run num:10
[2019-02-21 18:30:32][debug] [sms]ok num:0
[2019-02-21 18:30:32][debug] [sms]no num:0
[2019-02-21 18:30:32][debug] [sms]run time:3
[2019-02-21 18:30:32][debug] [sms]end:1550745032
[2019-02-21 18:30:32][debug] [sms]page:https://bbs.sex002.xyz/plugin.php?id=tom_tchongbao:ajax&act=nitice_sms_hb_run&site=1&tongcheng_id=885&hongbao_id=80&page=93
[2019-02-21 18:30:32][debug] [sms]hongbao id:80
[2019-02-21 18:30:32][debug] [sms]page:93
[2019-02-21 18:30:32][debug] [sms]client IP:118.89.52.235
[2019-02-21 18:30:32][debug] [sms]start:1550745032
[2019-02-21 18:30:35][debug] [sms]all num:10
[2019-02-21 18:30:35][debug] [sms]run num:10
[2019-02-21 18:30:35][debug] [sms]ok num:0
[2019-02-21 18:30:35][debug] [sms]no num:0
[2019-02-21 18:30:35][debug] [sms]run time:3
[2019-02-21 18:30:35][debug] [sms]end:1550745035
[2019-02-21 18:30:35][debug] [sms]page:https://bbs.sex002.xyz/plugin.php?id=tom_tchongbao:ajax&act=nitice_sms_hb_run&site=1&tongcheng_id=885&hongbao_id=80&page=94
[2019-02-21 18:30:36][debug] [sms]hongbao id:80
[2019-02-21 18:30:36][debug] [sms]page:94
[2019-02-21 18:30:36][debug] [sms]client IP:118.89.52.235
[2019-02-21 18:30:36][debug] [sms]start:1550745036
[2019-02-21 18:30:38][debug] [sms]all num:10
[2019-02-21 18:30:38][debug] [sms]run num:10
[2019-02-21 18:30:38][debug] [sms]ok num:0
[2019-02-21 18:30:38][debug] [sms]no num:0
[2019-02-21 18:30:38][debug] [sms]run time:2
[2019-02-21 18:30:38][debug] [sms]end:1550745038
[2019-02-21 18:30:38][debug] [sms]page:https://bbs.sex002.xyz/plugin.php?id=tom_tchongbao:ajax&act=nitice_sms_hb_run&site=1&tongcheng_id=885&hongbao_id=80&page=95
[2019-02-21 18:30:39][debug] [sms]hongbao id:80
[2019-02-21 18:30:39][debug] [sms]page:95
[2019-02-21 18:30:39][debug] [sms]client IP:118.89.52.235
[2019-02-21 18:30:39][debug] [sms]start:1550745039
[2019-02-21 18:30:41][debug] [sms]all num:10
[2019-02-21 18:30:41][debug] [sms]run num:10
[2019-02-21 18:30:41][debug] [sms]ok num:0
[2019-02-21 18:30:41][debug] [sms]no num:0
[2019-02-21 18:30:41][debug] [sms]run time:2
[2019-02-21 18:30:41][debug] [sms]end:1550745041
[2019-02-21 18:30:41][debug] [sms]page:https://bbs.sex002.xyz/plugin.php?id=tom_tchongbao:ajax&act=nitice_sms_hb_run&site=1&tongcheng_id=885&hongbao_id=80&page=96
[2019-02-21 18:30:42][debug] [sms]hongbao id:80
[2019-02-21 18:30:42][debug] [sms]page:96
[2019-02-21 18:30:42][debug] [sms]client IP:118.89.52.235
[2019-02-21 18:30:42][debug] [sms]start:1550745042
[2019-02-21 18:30:45][debug] [sms]all num:10
[2019-02-21 18:30:45][debug] [sms]run num:10
[2019-02-21 18:30:45][debug] [sms]ok num:0
[2019-02-21 18:30:45][debug] [sms]no num:0
[2019-02-21 18:30:45][debug] [sms]run time:3
[2019-02-21 18:30:45][debug] [sms]end:1550745045
[2019-02-21 18:30:45][debug] [sms]page:https://bbs.sex002.xyz/plugin.php?id=tom_tchongbao:ajax&act=nitice_sms_hb_run&site=1&tongcheng_id=885&hongbao_id=80&page=97
[2019-02-21 18:30:45][debug] [sms]hongbao id:80
[2019-02-21 18:30:45][debug] [sms]page:97
[2019-02-21 18:30:45][debug] [sms]client IP:118.89.52.235
[2019-02-21 18:30:45][debug] [sms]start:1550745045
[2019-02-21 18:30:47][debug] [sms]all num:10
[2019-02-21 18:30:47][debug] [sms]run num:10
[2019-02-21 18:30:47][debug] [sms]ok num:0
[2019-02-21 18:30:47][debug] [sms]no num:0
[2019-02-21 18:30:47][debug] [sms]run time:2
[2019-02-21 18:30:47][debug] [sms]end:1550745047
[2019-02-21 18:30:47][debug] [sms]page:https://bbs.sex002.xyz/plugin.php?id=tom_tchongbao:ajax&act=nitice_sms_hb_run&site=1&tongcheng_id=885&hongbao_id=80&page=98
[2019-02-21 18:30:48][debug] [sms]hongbao id:80
[2019-02-21 18:30:48][debug] [sms]page:98
[2019-02-21 18:30:48][debug] [sms]client IP:118.89.52.235
[2019-02-21 18:30:48][debug] [sms]start:1550745048
[2019-02-21 18:30:50][debug] [sms]all num:10
[2019-02-21 18:30:50][debug] [sms]run num:10
[2019-02-21 18:30:50][debug] [sms]ok num:0
[2019-02-21 18:30:50][debug] [sms]no num:0
[2019-02-21 18:30:50][debug] [sms]run time:2
[2019-02-21 18:30:50][debug] [sms]end:1550745050
[2019-02-21 18:30:50][debug] [sms]page:https://bbs.sex002.xyz/plugin.php?id=tom_tchongbao:ajax&act=nitice_sms_hb_run&site=1&tongcheng_id=885&hongbao_id=80&page=99
[2019-02-21 18:30:51][debug] [sms]hongbao id:80
[2019-02-21 18:30:51][debug] [sms]page:99
[2019-02-21 18:30:51][debug] [sms]client IP:118.89.52.235
[2019-02-21 18:30:51][debug] [sms]start:1550745051
[2019-02-21 18:30:53][debug] [sms]all num:10
[2019-02-21 18:30:53][debug] [sms]run num:10
[2019-02-21 18:30:53][debug] [sms]ok num:0
[2019-02-21 18:30:53][debug] [sms]no num:0
[2019-02-21 18:30:53][debug] [sms]run time:2
[2019-02-21 18:30:53][debug] [sms]end:1550745053
[2019-02-21 18:30:53][debug] [sms]page:https://bbs.sex002.xyz/plugin.php?id=tom_tchongbao:ajax&act=nitice_sms_hb_run&site=1&tongcheng_id=885&hongbao_id=80&page=100
[2019-02-21 18:30:54][debug] [sms]hongbao id:80
[2019-02-21 18:30:54][debug] [sms]page:100
[2019-02-21 18:30:54][debug] [sms]client IP:118.89.52.235
[2019-02-21 18:30:54][debug] [sms]start:1550745054
[2019-02-21 18:30:57][debug] [sms]all num:10
[2019-02-21 18:30:57][debug] [sms]run num:10
[2019-02-21 18:30:57][debug] [sms]ok num:0
[2019-02-21 18:30:57][debug] [sms]no num:0
[2019-02-21 18:30:57][debug] [sms]run time:3
[2019-02-21 18:30:57][debug] [sms]end:1550745057
[2019-02-21 18:30:57][debug] [sms]page:https://bbs.sex002.xyz/plugin.php?id=tom_tchongbao:ajax&act=nitice_sms_hb_run&site=1&tongcheng_id=885&hongbao_id=80&page=101
[2019-02-21 18:30:57][debug] [sms]--------------------- over 101 -------------------------
