[2018-10-19 10:37:09][debug] [sms]--------------------- new -------------------------
[2018-10-19 10:37:09][debug] [sms]hongbao id:67
[2018-10-19 10:37:09][debug] [sms]page:1
[2018-10-19 10:37:09][debug] [sms]client IP:118.89.52.235
[2018-10-19 10:37:09][debug] [sms]start:1539916629
[2018-10-19 10:37:13][debug] [sms]all num:10
[2018-10-19 10:37:13][debug] [sms]run num:10
[2018-10-19 10:37:13][debug] [sms]ok num:8
[2018-10-19 10:37:13][debug] [sms]no num:0
[2018-10-19 10:37:13][debug] [sms]run time:4
[2018-10-19 10:37:13][debug] [sms]end:1539916633
[2018-10-19 10:37:13][debug] [sms]page:https://bbs.sex002.xyz/plugin.php?id=tom_tchongbao:ajax&act=nitice_sms_hb_run&site=1&tongcheng_id=629&hongbao_id=67&page=2
[2018-10-19 10:37:13][debug] [sms]hongbao id:67
[2018-10-19 10:37:13][debug] [sms]page:2
[2018-10-19 10:37:13][debug] [sms]client IP:118.89.52.235
[2018-10-19 10:37:13][debug] [sms]start:1539916633
[2018-10-19 10:37:16][debug] [sms]all num:10
[2018-10-19 10:37:16][debug] [sms]run num:10
[2018-10-19 10:37:16][debug] [sms]ok num:9
[2018-10-19 10:37:16][debug] [sms]no num:0
[2018-10-19 10:37:16][debug] [sms]run time:3
[2018-10-19 10:37:16][debug] [sms]end:1539916636
[2018-10-19 10:37:16][debug] [sms]page:https://bbs.sex002.xyz/plugin.php?id=tom_tchongbao:ajax&act=nitice_sms_hb_run&site=1&tongcheng_id=629&hongbao_id=67&page=3
[2018-10-19 10:37:17][debug] [sms]hongbao id:67
[2018-10-19 10:37:17][debug] [sms]page:3
[2018-10-19 10:37:17][debug] [sms]client IP:118.89.52.235
[2018-10-19 10:37:17][debug] [sms]start:1539916637
[2018-10-19 10:37:20][debug] [sms]all num:10
[2018-10-19 10:37:20][debug] [sms]run num:10
[2018-10-19 10:37:20][debug] [sms]ok num:9
[2018-10-19 10:37:20][debug] [sms]no num:0
[2018-10-19 10:37:20][debug] [sms]run time:3
[2018-10-19 10:37:20][debug] [sms]end:1539916640
[2018-10-19 10:37:20][debug] [sms]page:https://bbs.sex002.xyz/plugin.php?id=tom_tchongbao:ajax&act=nitice_sms_hb_run&site=1&tongcheng_id=629&hongbao_id=67&page=4
[2018-10-19 10:37:20][debug] [sms]hongbao id:67
[2018-10-19 10:37:20][debug] [sms]page:4
[2018-10-19 10:37:20][debug] [sms]client IP:118.89.52.235
[2018-10-19 10:37:20][debug] [sms]start:1539916640
[2018-10-19 10:37:23][debug] [sms]all num:10
[2018-10-19 10:37:23][debug] [sms]run num:10
[2018-10-19 10:37:23][debug] [sms]ok num:10
[2018-10-19 10:37:23][debug] [sms]no num:0
[2018-10-19 10:37:23][debug] [sms]run time:3
[2018-10-19 10:37:23][debug] [sms]end:1539916643
[2018-10-19 10:37:23][debug] [sms]page:https://bbs.sex002.xyz/plugin.php?id=tom_tchongbao:ajax&act=nitice_sms_hb_run&site=1&tongcheng_id=629&hongbao_id=67&page=5
[2018-10-19 10:37:23][debug] [sms]hongbao id:67
[2018-10-19 10:37:23][debug] [sms]page:5
[2018-10-19 10:37:23][debug] [sms]client IP:118.89.52.235
[2018-10-19 10:37:23][debug] [sms]start:1539916643
[2018-10-19 10:37:27][debug] [sms]all num:10
[2018-10-19 10:37:27][debug] [sms]run num:10
[2018-10-19 10:37:27][debug] [sms]ok num:9
[2018-10-19 10:37:27][debug] [sms]no num:0
[2018-10-19 10:37:27][debug] [sms]run time:4
[2018-10-19 10:37:27][debug] [sms]end:1539916647
[2018-10-19 10:37:27][debug] [sms]page:https://bbs.sex002.xyz/plugin.php?id=tom_tchongbao:ajax&act=nitice_sms_hb_run&site=1&tongcheng_id=629&hongbao_id=67&page=6
[2018-10-19 10:37:27][debug] [sms]hongbao id:67
[2018-10-19 10:37:27][debug] [sms]page:6
[2018-10-19 10:37:27][debug] [sms]client IP:118.89.52.235
[2018-10-19 10:37:27][debug] [sms]start:1539916647
[2018-10-19 10:37:30][debug] [sms]all num:10
[2018-10-19 10:37:30][debug] [sms]run num:10
[2018-10-19 10:37:30][debug] [sms]ok num:10
[2018-10-19 10:37:30][debug] [sms]no num:0
[2018-10-19 10:37:30][debug] [sms]run time:3
[2018-10-19 10:37:30][debug] [sms]end:1539916650
[2018-10-19 10:37:30][debug] [sms]page:https://bbs.sex002.xyz/plugin.php?id=tom_tchongbao:ajax&act=nitice_sms_hb_run&site=1&tongcheng_id=629&hongbao_id=67&page=7
[2018-10-19 10:37:30][debug] [sms]hongbao id:67
[2018-10-19 10:37:30][debug] [sms]page:7
[2018-10-19 10:37:30][debug] [sms]client IP:118.89.52.235
[2018-10-19 10:37:30][debug] [sms]start:1539916650
[2018-10-19 10:37:34][debug] [sms]all num:10
[2018-10-19 10:37:34][debug] [sms]run num:10
[2018-10-19 10:37:34][debug] [sms]ok num:10
[2018-10-19 10:37:34][debug] [sms]no num:0
[2018-10-19 10:37:34][debug] [sms]run time:4
[2018-10-19 10:37:34][debug] [sms]end:1539916654
[2018-10-19 10:37:34][debug] [sms]page:https://bbs.sex002.xyz/plugin.php?id=tom_tchongbao:ajax&act=nitice_sms_hb_run&site=1&tongcheng_id=629&hongbao_id=67&page=8
[2018-10-19 10:37:34][debug] [sms]hongbao id:67
[2018-10-19 10:37:34][debug] [sms]page:8
[2018-10-19 10:37:34][debug] [sms]client IP:118.89.52.235
[2018-10-19 10:37:34][debug] [sms]start:1539916654
[2018-10-19 10:37:37][debug] [sms]all num:10
[2018-10-19 10:37:37][debug] [sms]run num:10
[2018-10-19 10:37:37][debug] [sms]ok num:10
[2018-10-19 10:37:37][debug] [sms]no num:0
[2018-10-19 10:37:37][debug] [sms]run time:3
[2018-10-19 10:37:37][debug] [sms]end:1539916657
[2018-10-19 10:37:37][debug] [sms]page:https://bbs.sex002.xyz/plugin.php?id=tom_tchongbao:ajax&act=nitice_sms_hb_run&site=1&tongcheng_id=629&hongbao_id=67&page=9
[2018-10-19 10:37:37][debug] [sms]hongbao id:67
[2018-10-19 10:37:37][debug] [sms]page:9
[2018-10-19 10:37:37][debug] [sms]client IP:118.89.52.235
[2018-10-19 10:37:37][debug] [sms]start:1539916657
[2018-10-19 10:37:40][debug] [sms]all num:10
[2018-10-19 10:37:40][debug] [sms]run num:10
[2018-10-19 10:37:40][debug] [sms]ok num:10
[2018-10-19 10:37:40][debug] [sms]no num:0
[2018-10-19 10:37:40][debug] [sms]run time:3
[2018-10-19 10:37:40][debug] [sms]end:1539916660
[2018-10-19 10:37:40][debug] [sms]page:https://bbs.sex002.xyz/plugin.php?id=tom_tchongbao:ajax&act=nitice_sms_hb_run&site=1&tongcheng_id=629&hongbao_id=67&page=10
[2018-10-19 10:37:40][debug] [sms]hongbao id:67
[2018-10-19 10:37:40][debug] [sms]page:10
[2018-10-19 10:37:40][debug] [sms]client IP:118.89.52.235
[2018-10-19 10:37:40][debug] [sms]start:1539916660
[2018-10-19 10:37:43][debug] [sms]all num:10
[2018-10-19 10:37:43][debug] [sms]run num:10
[2018-10-19 10:37:43][debug] [sms]ok num:10
[2018-10-19 10:37:43][debug] [sms]no num:0
[2018-10-19 10:37:43][debug] [sms]run time:3
[2018-10-19 10:37:43][debug] [sms]end:1539916663
[2018-10-19 10:37:43][debug] [sms]page:https://bbs.sex002.xyz/plugin.php?id=tom_tchongbao:ajax&act=nitice_sms_hb_run&site=1&tongcheng_id=629&hongbao_id=67&page=11
[2018-10-19 10:37:44][debug] [sms]hongbao id:67
[2018-10-19 10:37:44][debug] [sms]page:11
[2018-10-19 10:37:44][debug] [sms]client IP:118.89.52.235
[2018-10-19 10:37:44][debug] [sms]start:1539916664
[2018-10-19 10:37:47][debug] [sms]all num:10
[2018-10-19 10:37:47][debug] [sms]run num:10
[2018-10-19 10:37:47][debug] [sms]ok num:10
[2018-10-19 10:37:47][debug] [sms]no num:0
[2018-10-19 10:37:47][debug] [sms]run time:3
[2018-10-19 10:37:47][debug] [sms]end:1539916667
[2018-10-19 10:37:47][debug] [sms]page:https://bbs.sex002.xyz/plugin.php?id=tom_tchongbao:ajax&act=nitice_sms_hb_run&site=1&tongcheng_id=629&hongbao_id=67&page=12
[2018-10-19 10:37:47][debug] [sms]hongbao id:67
[2018-10-19 10:37:47][debug] [sms]page:12
[2018-10-19 10:37:47][debug] [sms]client IP:118.89.52.235
[2018-10-19 10:37:47][debug] [sms]start:1539916667
[2018-10-19 10:37:50][debug] [sms]all num:10
[2018-10-19 10:37:50][debug] [sms]run num:10
[2018-10-19 10:37:50][debug] [sms]ok num:10
[2018-10-19 10:37:50][debug] [sms]no num:0
[2018-10-19 10:37:50][debug] [sms]run time:3
[2018-10-19 10:37:50][debug] [sms]end:1539916670
[2018-10-19 10:37:50][debug] [sms]page:https://bbs.sex002.xyz/plugin.php?id=tom_tchongbao:ajax&act=nitice_sms_hb_run&site=1&tongcheng_id=629&hongbao_id=67&page=13
[2018-10-19 10:37:51][debug] [sms]hongbao id:67
[2018-10-19 10:37:51][debug] [sms]page:13
[2018-10-19 10:37:51][debug] [sms]client IP:118.89.52.235
[2018-10-19 10:37:51][debug] [sms]start:1539916671
[2018-10-19 10:37:54][debug] [sms]all num:10
[2018-10-19 10:37:54][debug] [sms]run num:10
[2018-10-19 10:37:54][debug] [sms]ok num:9
[2018-10-19 10:37:54][debug] [sms]no num:0
[2018-10-19 10:37:54][debug] [sms]run time:3
[2018-10-19 10:37:54][debug] [sms]end:1539916674
[2018-10-19 10:37:54][debug] [sms]page:https://bbs.sex002.xyz/plugin.php?id=tom_tchongbao:ajax&act=nitice_sms_hb_run&site=1&tongcheng_id=629&hongbao_id=67&page=14
[2018-10-19 10:37:54][debug] [sms]hongbao id:67
[2018-10-19 10:37:54][debug] [sms]page:14
[2018-10-19 10:37:54][debug] [sms]client IP:118.89.52.235
[2018-10-19 10:37:54][debug] [sms]start:1539916674
[2018-10-19 10:37:57][debug] [sms]all num:10
[2018-10-19 10:37:57][debug] [sms]run num:10
[2018-10-19 10:37:57][debug] [sms]ok num:10
[2018-10-19 10:37:57][debug] [sms]no num:0
[2018-10-19 10:37:57][debug] [sms]run time:3
[2018-10-19 10:37:57][debug] [sms]end:1539916677
[2018-10-19 10:37:57][debug] [sms]page:https://bbs.sex002.xyz/plugin.php?id=tom_tchongbao:ajax&act=nitice_sms_hb_run&site=1&tongcheng_id=629&hongbao_id=67&page=15
[2018-10-19 10:37:57][debug] [sms]hongbao id:67
[2018-10-19 10:37:57][debug] [sms]page:15
[2018-10-19 10:37:57][debug] [sms]client IP:118.89.52.235
[2018-10-19 10:37:57][debug] [sms]start:1539916677
[2018-10-19 10:38:00][debug] [sms]all num:10
[2018-10-19 10:38:00][debug] [sms]run num:10
[2018-10-19 10:38:00][debug] [sms]ok num:10
[2018-10-19 10:38:00][debug] [sms]no num:0
[2018-10-19 10:38:00][debug] [sms]run time:3
[2018-10-19 10:38:00][debug] [sms]end:1539916680
[2018-10-19 10:38:00][debug] [sms]page:https://bbs.sex002.xyz/plugin.php?id=tom_tchongbao:ajax&act=nitice_sms_hb_run&site=1&tongcheng_id=629&hongbao_id=67&page=16
[2018-10-19 10:38:01][debug] [sms]hongbao id:67
[2018-10-19 10:38:01][debug] [sms]page:16
[2018-10-19 10:38:01][debug] [sms]client IP:118.89.52.235
[2018-10-19 10:38:01][debug] [sms]start:1539916681
[2018-10-19 10:38:04][debug] [sms]all num:10
[2018-10-19 10:38:04][debug] [sms]run num:10
[2018-10-19 10:38:04][debug] [sms]ok num:9
[2018-10-19 10:38:04][debug] [sms]no num:0
[2018-10-19 10:38:04][debug] [sms]run time:3
[2018-10-19 10:38:04][debug] [sms]end:1539916684
[2018-10-19 10:38:04][debug] [sms]page:https://bbs.sex002.xyz/plugin.php?id=tom_tchongbao:ajax&act=nitice_sms_hb_run&site=1&tongcheng_id=629&hongbao_id=67&page=17
[2018-10-19 10:38:04][debug] [sms]hongbao id:67
[2018-10-19 10:38:04][debug] [sms]page:17
[2018-10-19 10:38:04][debug] [sms]client IP:118.89.52.235
[2018-10-19 10:38:04][debug] [sms]start:1539916684
[2018-10-19 10:38:07][debug] [sms]all num:10
[2018-10-19 10:38:07][debug] [sms]run num:10
[2018-10-19 10:38:07][debug] [sms]ok num:10
[2018-10-19 10:38:07][debug] [sms]no num:0
[2018-10-19 10:38:07][debug] [sms]run time:3
[2018-10-19 10:38:07][debug] [sms]end:1539916687
[2018-10-19 10:38:07][debug] [sms]page:https://bbs.sex002.xyz/plugin.php?id=tom_tchongbao:ajax&act=nitice_sms_hb_run&site=1&tongcheng_id=629&hongbao_id=67&page=18
[2018-10-19 10:38:08][debug] [sms]hongbao id:67
[2018-10-19 10:38:08][debug] [sms]page:18
[2018-10-19 10:38:08][debug] [sms]client IP:118.89.52.235
[2018-10-19 10:38:08][debug] [sms]start:1539916688
[2018-10-19 10:38:11][debug] [sms]all num:10
[2018-10-19 10:38:11][debug] [sms]run num:10
[2018-10-19 10:38:11][debug] [sms]ok num:8
[2018-10-19 10:38:11][debug] [sms]no num:0
[2018-10-19 10:38:11][debug] [sms]run time:3
[2018-10-19 10:38:11][debug] [sms]end:1539916691
[2018-10-19 10:38:11][debug] [sms]page:https://bbs.sex002.xyz/plugin.php?id=tom_tchongbao:ajax&act=nitice_sms_hb_run&site=1&tongcheng_id=629&hongbao_id=67&page=19
[2018-10-19 10:38:11][debug] [sms]hongbao id:67
[2018-10-19 10:38:11][debug] [sms]page:19
[2018-10-19 10:38:11][debug] [sms]client IP:118.89.52.235
[2018-10-19 10:38:11][debug] [sms]start:1539916691
[2018-10-19 10:38:14][debug] [sms]all num:10
[2018-10-19 10:38:14][debug] [sms]run num:10
[2018-10-19 10:38:14][debug] [sms]ok num:8
[2018-10-19 10:38:14][debug] [sms]no num:0
[2018-10-19 10:38:14][debug] [sms]run time:3
[2018-10-19 10:38:14][debug] [sms]end:1539916694
[2018-10-19 10:38:14][debug] [sms]page:https://bbs.sex002.xyz/plugin.php?id=tom_tchongbao:ajax&act=nitice_sms_hb_run&site=1&tongcheng_id=629&hongbao_id=67&page=20
[2018-10-19 10:38:14][debug] [sms]hongbao id:67
[2018-10-19 10:38:14][debug] [sms]page:20
[2018-10-19 10:38:14][debug] [sms]client IP:118.89.52.235
[2018-10-19 10:38:14][debug] [sms]start:1539916694
[2018-10-19 10:38:17][debug] [sms]all num:10
[2018-10-19 10:38:17][debug] [sms]run num:10
[2018-10-19 10:38:17][debug] [sms]ok num:8
[2018-10-19 10:38:17][debug] [sms]no num:0
[2018-10-19 10:38:17][debug] [sms]run time:3
[2018-10-19 10:38:17][debug] [sms]end:1539916697
[2018-10-19 10:38:17][debug] [sms]page:https://bbs.sex002.xyz/plugin.php?id=tom_tchongbao:ajax&act=nitice_sms_hb_run&site=1&tongcheng_id=629&hongbao_id=67&page=21
[2018-10-19 10:38:18][debug] [sms]hongbao id:67
[2018-10-19 10:38:18][debug] [sms]page:21
[2018-10-19 10:38:18][debug] [sms]client IP:118.89.52.235
[2018-10-19 10:38:18][debug] [sms]start:1539916698
[2018-10-19 10:38:21][debug] [sms]all num:10
[2018-10-19 10:38:21][debug] [sms]run num:10
[2018-10-19 10:38:21][debug] [sms]ok num:8
[2018-10-19 10:38:21][debug] [sms]no num:0
[2018-10-19 10:38:21][debug] [sms]run time:3
[2018-10-19 10:38:21][debug] [sms]end:1539916701
[2018-10-19 10:38:21][debug] [sms]page:https://bbs.sex002.xyz/plugin.php?id=tom_tchongbao:ajax&act=nitice_sms_hb_run&site=1&tongcheng_id=629&hongbao_id=67&page=22
[2018-10-19 10:38:21][debug] [sms]hongbao id:67
[2018-10-19 10:38:21][debug] [sms]page:22
[2018-10-19 10:38:21][debug] [sms]client IP:118.89.52.235
[2018-10-19 10:38:21][debug] [sms]start:1539916701
[2018-10-19 10:38:24][debug] [sms]all num:10
[2018-10-19 10:38:24][debug] [sms]run num:10
[2018-10-19 10:38:24][debug] [sms]ok num:4
[2018-10-19 10:38:24][debug] [sms]no num:0
[2018-10-19 10:38:24][debug] [sms]run time:3
[2018-10-19 10:38:24][debug] [sms]end:1539916704
[2018-10-19 10:38:24][debug] [sms]page:https://bbs.sex002.xyz/plugin.php?id=tom_tchongbao:ajax&act=nitice_sms_hb_run&site=1&tongcheng_id=629&hongbao_id=67&page=23
[2018-10-19 10:38:24][debug] [sms]hongbao id:67
[2018-10-19 10:38:24][debug] [sms]page:23
[2018-10-19 10:38:24][debug] [sms]client IP:118.89.52.235
[2018-10-19 10:38:24][debug] [sms]start:1539916704
[2018-10-19 10:38:27][debug] [sms]all num:10
[2018-10-19 10:38:27][debug] [sms]run num:10
[2018-10-19 10:38:27][debug] [sms]ok num:2
[2018-10-19 10:38:27][debug] [sms]no num:0
[2018-10-19 10:38:27][debug] [sms]run time:3
[2018-10-19 10:38:27][debug] [sms]end:1539916707
[2018-10-19 10:38:27][debug] [sms]page:https://bbs.sex002.xyz/plugin.php?id=tom_tchongbao:ajax&act=nitice_sms_hb_run&site=1&tongcheng_id=629&hongbao_id=67&page=24
[2018-10-19 10:38:27][debug] [sms]hongbao id:67
[2018-10-19 10:38:27][debug] [sms]page:24
[2018-10-19 10:38:27][debug] [sms]client IP:118.89.52.235
[2018-10-19 10:38:27][debug] [sms]start:1539916707
[2018-10-19 10:38:31][debug] [sms]all num:10
[2018-10-19 10:38:31][debug] [sms]run num:10
[2018-10-19 10:38:31][debug] [sms]ok num:4
[2018-10-19 10:38:31][debug] [sms]no num:0
[2018-10-19 10:38:31][debug] [sms]run time:4
[2018-10-19 10:38:31][debug] [sms]end:1539916711
[2018-10-19 10:38:31][debug] [sms]page:https://bbs.sex002.xyz/plugin.php?id=tom_tchongbao:ajax&act=nitice_sms_hb_run&site=1&tongcheng_id=629&hongbao_id=67&page=25
[2018-10-19 10:38:31][debug] [sms]hongbao id:67
[2018-10-19 10:38:31][debug] [sms]page:25
[2018-10-19 10:38:31][debug] [sms]client IP:118.89.52.235
[2018-10-19 10:38:31][debug] [sms]start:1539916711
[2018-10-19 10:38:34][debug] [sms]all num:10
[2018-10-19 10:38:34][debug] [sms]run num:10
[2018-10-19 10:38:34][debug] [sms]ok num:3
[2018-10-19 10:38:34][debug] [sms]no num:0
[2018-10-19 10:38:34][debug] [sms]run time:3
[2018-10-19 10:38:34][debug] [sms]end:1539916714
[2018-10-19 10:38:34][debug] [sms]page:https://bbs.sex002.xyz/plugin.php?id=tom_tchongbao:ajax&act=nitice_sms_hb_run&site=1&tongcheng_id=629&hongbao_id=67&page=26
[2018-10-19 10:38:34][debug] [sms]hongbao id:67
[2018-10-19 10:38:34][debug] [sms]page:26
[2018-10-19 10:38:34][debug] [sms]client IP:118.89.52.235
[2018-10-19 10:38:34][debug] [sms]start:1539916714
[2018-10-19 10:38:37][debug] [sms]all num:10
[2018-10-19 10:38:37][debug] [sms]run num:10
[2018-10-19 10:38:37][debug] [sms]ok num:4
[2018-10-19 10:38:37][debug] [sms]no num:0
[2018-10-19 10:38:37][debug] [sms]run time:3
[2018-10-19 10:38:37][debug] [sms]end:1539916717
[2018-10-19 10:38:37][debug] [sms]page:https://bbs.sex002.xyz/plugin.php?id=tom_tchongbao:ajax&act=nitice_sms_hb_run&site=1&tongcheng_id=629&hongbao_id=67&page=27
[2018-10-19 10:38:37][debug] [sms]hongbao id:67
[2018-10-19 10:38:37][debug] [sms]page:27
[2018-10-19 10:38:37][debug] [sms]client IP:118.89.52.235
[2018-10-19 10:38:37][debug] [sms]start:1539916717
[2018-10-19 10:38:40][debug] [sms]all num:10
[2018-10-19 10:38:40][debug] [sms]run num:10
[2018-10-19 10:38:40][debug] [sms]ok num:8
[2018-10-19 10:38:40][debug] [sms]no num:0
[2018-10-19 10:38:40][debug] [sms]run time:3
[2018-10-19 10:38:40][debug] [sms]end:1539916720
[2018-10-19 10:38:40][debug] [sms]page:https://bbs.sex002.xyz/plugin.php?id=tom_tchongbao:ajax&act=nitice_sms_hb_run&site=1&tongcheng_id=629&hongbao_id=67&page=28
[2018-10-19 10:38:41][debug] [sms]hongbao id:67
[2018-10-19 10:38:41][debug] [sms]page:28
[2018-10-19 10:38:41][debug] [sms]client IP:118.89.52.235
[2018-10-19 10:38:41][debug] [sms]start:1539916721
[2018-10-19 10:38:44][debug] [sms]all num:10
[2018-10-19 10:38:44][debug] [sms]run num:10
[2018-10-19 10:38:44][debug] [sms]ok num:5
[2018-10-19 10:38:44][debug] [sms]no num:0
[2018-10-19 10:38:44][debug] [sms]run time:3
[2018-10-19 10:38:44][debug] [sms]end:1539916724
[2018-10-19 10:38:44][debug] [sms]page:https://bbs.sex002.xyz/plugin.php?id=tom_tchongbao:ajax&act=nitice_sms_hb_run&site=1&tongcheng_id=629&hongbao_id=67&page=29
[2018-10-19 10:38:45][debug] [sms]hongbao id:67
[2018-10-19 10:38:45][debug] [sms]page:29
[2018-10-19 10:38:45][debug] [sms]client IP:118.89.52.235
[2018-10-19 10:38:45][debug] [sms]start:1539916725
[2018-10-19 10:38:48][debug] [sms]all num:10
[2018-10-19 10:38:48][debug] [sms]run num:10
[2018-10-19 10:38:48][debug] [sms]ok num:2
[2018-10-19 10:38:48][debug] [sms]no num:0
[2018-10-19 10:38:48][debug] [sms]run time:3
[2018-10-19 10:38:48][debug] [sms]end:1539916728
[2018-10-19 10:38:48][debug] [sms]page:https://bbs.sex002.xyz/plugin.php?id=tom_tchongbao:ajax&act=nitice_sms_hb_run&site=1&tongcheng_id=629&hongbao_id=67&page=30
[2018-10-19 10:38:49][debug] [sms]hongbao id:67
[2018-10-19 10:38:49][debug] [sms]page:30
[2018-10-19 10:38:49][debug] [sms]client IP:118.89.52.235
[2018-10-19 10:38:49][debug] [sms]start:1539916729
[2018-10-19 10:38:53][debug] [sms]all num:10
[2018-10-19 10:38:53][debug] [sms]run num:10
[2018-10-19 10:38:53][debug] [sms]ok num:2
[2018-10-19 10:38:53][debug] [sms]no num:0
[2018-10-19 10:38:53][debug] [sms]run time:4
[2018-10-19 10:38:53][debug] [sms]end:1539916733
[2018-10-19 10:38:53][debug] [sms]page:https://bbs.sex002.xyz/plugin.php?id=tom_tchongbao:ajax&act=nitice_sms_hb_run&site=1&tongcheng_id=629&hongbao_id=67&page=31
[2018-10-19 10:38:53][debug] [sms]hongbao id:67
[2018-10-19 10:38:53][debug] [sms]page:31
[2018-10-19 10:38:53][debug] [sms]client IP:118.89.52.235
[2018-10-19 10:38:53][debug] [sms]start:1539916733
[2018-10-19 10:38:56][debug] [sms]all num:10
[2018-10-19 10:38:56][debug] [sms]run num:10
[2018-10-19 10:38:56][debug] [sms]ok num:4
[2018-10-19 10:38:56][debug] [sms]no num:0
[2018-10-19 10:38:56][debug] [sms]run time:3
[2018-10-19 10:38:56][debug] [sms]end:1539916736
[2018-10-19 10:38:56][debug] [sms]page:https://bbs.sex002.xyz/plugin.php?id=tom_tchongbao:ajax&act=nitice_sms_hb_run&site=1&tongcheng_id=629&hongbao_id=67&page=32
[2018-10-19 10:38:57][debug] [sms]hongbao id:67
[2018-10-19 10:38:57][debug] [sms]page:32
[2018-10-19 10:38:57][debug] [sms]client IP:118.89.52.235
[2018-10-19 10:38:57][debug] [sms]start:1539916737
[2018-10-19 10:38:59][debug] [sms]all num:10
[2018-10-19 10:38:59][debug] [sms]run num:10
[2018-10-19 10:38:59][debug] [sms]ok num:5
[2018-10-19 10:38:59][debug] [sms]no num:0
[2018-10-19 10:38:59][debug] [sms]run time:2
[2018-10-19 10:38:59][debug] [sms]end:1539916739
[2018-10-19 10:38:59][debug] [sms]page:https://bbs.sex002.xyz/plugin.php?id=tom_tchongbao:ajax&act=nitice_sms_hb_run&site=1&tongcheng_id=629&hongbao_id=67&page=33
[2018-10-19 10:39:00][debug] [sms]hongbao id:67
[2018-10-19 10:39:00][debug] [sms]page:33
[2018-10-19 10:39:00][debug] [sms]client IP:118.89.52.235
[2018-10-19 10:39:00][debug] [sms]start:1539916740
[2018-10-19 10:39:03][debug] [sms]all num:10
[2018-10-19 10:39:03][debug] [sms]run num:10
[2018-10-19 10:39:03][debug] [sms]ok num:4
[2018-10-19 10:39:03][debug] [sms]no num:0
[2018-10-19 10:39:03][debug] [sms]run time:3
[2018-10-19 10:39:03][debug] [sms]end:1539916743
[2018-10-19 10:39:03][debug] [sms]page:https://bbs.sex002.xyz/plugin.php?id=tom_tchongbao:ajax&act=nitice_sms_hb_run&site=1&tongcheng_id=629&hongbao_id=67&page=34
[2018-10-19 10:39:03][debug] [sms]hongbao id:67
[2018-10-19 10:39:03][debug] [sms]page:34
[2018-10-19 10:39:03][debug] [sms]client IP:118.89.52.235
[2018-10-19 10:39:03][debug] [sms]start:1539916743
[2018-10-19 10:39:07][debug] [sms]all num:10
[2018-10-19 10:39:07][debug] [sms]run num:10
[2018-10-19 10:39:07][debug] [sms]ok num:10
[2018-10-19 10:39:07][debug] [sms]no num:0
[2018-10-19 10:39:07][debug] [sms]run time:4
[2018-10-19 10:39:07][debug] [sms]end:1539916747
[2018-10-19 10:39:07][debug] [sms]page:https://bbs.sex002.xyz/plugin.php?id=tom_tchongbao:ajax&act=nitice_sms_hb_run&site=1&tongcheng_id=629&hongbao_id=67&page=35
[2018-10-19 10:39:07][debug] [sms]hongbao id:67
[2018-10-19 10:39:07][debug] [sms]page:35
[2018-10-19 10:39:07][debug] [sms]client IP:118.89.52.235
[2018-10-19 10:39:07][debug] [sms]start:1539916747
[2018-10-19 10:39:10][debug] [sms]all num:10
[2018-10-19 10:39:10][debug] [sms]run num:10
[2018-10-19 10:39:10][debug] [sms]ok num:8
[2018-10-19 10:39:10][debug] [sms]no num:0
[2018-10-19 10:39:10][debug] [sms]run time:3
[2018-10-19 10:39:10][debug] [sms]end:1539916750
[2018-10-19 10:39:10][debug] [sms]page:https://bbs.sex002.xyz/plugin.php?id=tom_tchongbao:ajax&act=nitice_sms_hb_run&site=1&tongcheng_id=629&hongbao_id=67&page=36
[2018-10-19 10:39:11][debug] [sms]hongbao id:67
[2018-10-19 10:39:11][debug] [sms]page:36
[2018-10-19 10:39:11][debug] [sms]client IP:118.89.52.235
[2018-10-19 10:39:11][debug] [sms]start:1539916751
[2018-10-19 10:39:14][debug] [sms]all num:10
[2018-10-19 10:39:14][debug] [sms]run num:10
[2018-10-19 10:39:14][debug] [sms]ok num:3
[2018-10-19 10:39:14][debug] [sms]no num:0
[2018-10-19 10:39:14][debug] [sms]run time:3
[2018-10-19 10:39:14][debug] [sms]end:1539916754
[2018-10-19 10:39:14][debug] [sms]page:https://bbs.sex002.xyz/plugin.php?id=tom_tchongbao:ajax&act=nitice_sms_hb_run&site=1&tongcheng_id=629&hongbao_id=67&page=37
[2018-10-19 10:39:14][debug] [sms]hongbao id:67
[2018-10-19 10:39:14][debug] [sms]page:37
[2018-10-19 10:39:14][debug] [sms]client IP:118.89.52.235
[2018-10-19 10:39:14][debug] [sms]start:1539916754
[2018-10-19 10:39:17][debug] [sms]all num:10
[2018-10-19 10:39:17][debug] [sms]run num:10
[2018-10-19 10:39:17][debug] [sms]ok num:3
[2018-10-19 10:39:17][debug] [sms]no num:0
[2018-10-19 10:39:17][debug] [sms]run time:3
[2018-10-19 10:39:17][debug] [sms]end:1539916757
[2018-10-19 10:39:17][debug] [sms]page:https://bbs.sex002.xyz/plugin.php?id=tom_tchongbao:ajax&act=nitice_sms_hb_run&site=1&tongcheng_id=629&hongbao_id=67&page=38
[2018-10-19 10:39:17][debug] [sms]hongbao id:67
[2018-10-19 10:39:17][debug] [sms]page:38
[2018-10-19 10:39:17][debug] [sms]client IP:118.89.52.235
[2018-10-19 10:39:17][debug] [sms]start:1539916757
[2018-10-19 10:39:20][debug] [sms]all num:10
[2018-10-19 10:39:20][debug] [sms]run num:10
[2018-10-19 10:39:20][debug] [sms]ok num:2
[2018-10-19 10:39:20][debug] [sms]no num:0
[2018-10-19 10:39:20][debug] [sms]run time:3
[2018-10-19 10:39:20][debug] [sms]end:1539916760
[2018-10-19 10:39:20][debug] [sms]page:https://bbs.sex002.xyz/plugin.php?id=tom_tchongbao:ajax&act=nitice_sms_hb_run&site=1&tongcheng_id=629&hongbao_id=67&page=39
[2018-10-19 10:39:21][debug] [sms]hongbao id:67
[2018-10-19 10:39:21][debug] [sms]page:39
[2018-10-19 10:39:21][debug] [sms]client IP:118.89.52.235
[2018-10-19 10:39:21][debug] [sms]start:1539916761
[2018-10-19 10:39:24][debug] [sms]all num:10
[2018-10-19 10:39:24][debug] [sms]run num:10
[2018-10-19 10:39:24][debug] [sms]ok num:1
[2018-10-19 10:39:24][debug] [sms]no num:0
[2018-10-19 10:39:24][debug] [sms]run time:3
[2018-10-19 10:39:24][debug] [sms]end:1539916764
[2018-10-19 10:39:24][debug] [sms]page:https://bbs.sex002.xyz/plugin.php?id=tom_tchongbao:ajax&act=nitice_sms_hb_run&site=1&tongcheng_id=629&hongbao_id=67&page=40
[2018-10-19 10:39:24][debug] [sms]hongbao id:67
[2018-10-19 10:39:24][debug] [sms]page:40
[2018-10-19 10:39:24][debug] [sms]client IP:118.89.52.235
[2018-10-19 10:39:24][debug] [sms]start:1539916764
[2018-10-19 10:39:26][debug] [sms]all num:10
[2018-10-19 10:39:26][debug] [sms]run num:10
[2018-10-19 10:39:26][debug] [sms]ok num:0
[2018-10-19 10:39:26][debug] [sms]no num:0
[2018-10-19 10:39:26][debug] [sms]run time:2
[2018-10-19 10:39:26][debug] [sms]end:1539916766
[2018-10-19 10:39:26][debug] [sms]page:https://bbs.sex002.xyz/plugin.php?id=tom_tchongbao:ajax&act=nitice_sms_hb_run&site=1&tongcheng_id=629&hongbao_id=67&page=41
[2018-10-19 10:39:27][debug] [sms]hongbao id:67
[2018-10-19 10:39:27][debug] [sms]page:41
[2018-10-19 10:39:27][debug] [sms]client IP:118.89.52.235
[2018-10-19 10:39:27][debug] [sms]start:1539916767
[2018-10-19 10:39:30][debug] [sms]all num:10
[2018-10-19 10:39:30][debug] [sms]run num:10
[2018-10-19 10:39:30][debug] [sms]ok num:2
[2018-10-19 10:39:30][debug] [sms]no num:0
[2018-10-19 10:39:30][debug] [sms]run time:3
[2018-10-19 10:39:30][debug] [sms]end:1539916770
[2018-10-19 10:39:30][debug] [sms]page:https://bbs.sex002.xyz/plugin.php?id=tom_tchongbao:ajax&act=nitice_sms_hb_run&site=1&tongcheng_id=629&hongbao_id=67&page=42
[2018-10-19 10:39:30][debug] [sms]hongbao id:67
[2018-10-19 10:39:30][debug] [sms]page:42
[2018-10-19 10:39:30][debug] [sms]client IP:118.89.52.235
[2018-10-19 10:39:30][debug] [sms]start:1539916770
[2018-10-19 10:39:32][debug] [sms]all num:10
[2018-10-19 10:39:32][debug] [sms]run num:9
[2018-10-19 10:39:32][debug] [sms]ok num:1
[2018-10-19 10:39:32][debug] [sms]no num:0
[2018-10-19 10:39:32][debug] [sms]run time:2
[2018-10-19 10:39:32][debug] [sms]end:1539916772
[2018-10-19 10:39:32][debug] [sms]page:https://bbs.sex002.xyz/plugin.php?id=tom_tchongbao:ajax&act=nitice_sms_hb_run&site=1&tongcheng_id=629&hongbao_id=67&page=43
[2018-10-19 10:39:33][debug] [sms]hongbao id:67
[2018-10-19 10:39:33][debug] [sms]page:43
[2018-10-19 10:39:33][debug] [sms]client IP:118.89.52.235
[2018-10-19 10:39:33][debug] [sms]start:1539916773
[2018-10-19 10:39:36][debug] [sms]all num:10
[2018-10-19 10:39:36][debug] [sms]run num:10
[2018-10-19 10:39:36][debug] [sms]ok num:0
[2018-10-19 10:39:36][debug] [sms]no num:0
[2018-10-19 10:39:36][debug] [sms]run time:3
[2018-10-19 10:39:36][debug] [sms]end:1539916776
[2018-10-19 10:39:36][debug] [sms]page:https://bbs.sex002.xyz/plugin.php?id=tom_tchongbao:ajax&act=nitice_sms_hb_run&site=1&tongcheng_id=629&hongbao_id=67&page=44
[2018-10-19 10:39:36][debug] [sms]hongbao id:67
[2018-10-19 10:39:36][debug] [sms]page:44
[2018-10-19 10:39:36][debug] [sms]client IP:118.89.52.235
[2018-10-19 10:39:36][debug] [sms]start:1539916776
[2018-10-19 10:39:39][debug] [sms]all num:10
[2018-10-19 10:39:39][debug] [sms]run num:10
[2018-10-19 10:39:39][debug] [sms]ok num:1
[2018-10-19 10:39:39][debug] [sms]no num:0
[2018-10-19 10:39:39][debug] [sms]run time:3
[2018-10-19 10:39:39][debug] [sms]end:1539916779
[2018-10-19 10:39:39][debug] [sms]page:https://bbs.sex002.xyz/plugin.php?id=tom_tchongbao:ajax&act=nitice_sms_hb_run&site=1&tongcheng_id=629&hongbao_id=67&page=45
[2018-10-19 10:39:39][debug] [sms]hongbao id:67
[2018-10-19 10:39:39][debug] [sms]page:45
[2018-10-19 10:39:39][debug] [sms]client IP:118.89.52.235
[2018-10-19 10:39:39][debug] [sms]start:1539916779
[2018-10-19 10:39:42][debug] [sms]all num:10
[2018-10-19 10:39:42][debug] [sms]run num:10
[2018-10-19 10:39:42][debug] [sms]ok num:1
[2018-10-19 10:39:42][debug] [sms]no num:1
[2018-10-19 10:39:42][debug] [sms]run time:3
[2018-10-19 10:39:42][debug] [sms]end:1539916782
[2018-10-19 10:39:42][debug] [sms]page:https://bbs.sex002.xyz/plugin.php?id=tom_tchongbao:ajax&act=nitice_sms_hb_run&site=1&tongcheng_id=629&hongbao_id=67&page=46
[2018-10-19 10:39:42][debug] [sms]hongbao id:67
[2018-10-19 10:39:42][debug] [sms]page:46
[2018-10-19 10:39:42][debug] [sms]client IP:118.89.52.235
[2018-10-19 10:39:42][debug] [sms]start:1539916782
[2018-10-19 10:39:45][debug] [sms]all num:10
[2018-10-19 10:39:45][debug] [sms]run num:10
[2018-10-19 10:39:45][debug] [sms]ok num:4
[2018-10-19 10:39:45][debug] [sms]no num:0
[2018-10-19 10:39:45][debug] [sms]run time:3
[2018-10-19 10:39:45][debug] [sms]end:1539916785
[2018-10-19 10:39:45][debug] [sms]page:https://bbs.sex002.xyz/plugin.php?id=tom_tchongbao:ajax&act=nitice_sms_hb_run&site=1&tongcheng_id=629&hongbao_id=67&page=47
[2018-10-19 10:39:45][debug] [sms]hongbao id:67
[2018-10-19 10:39:45][debug] [sms]page:47
[2018-10-19 10:39:45][debug] [sms]client IP:118.89.52.235
[2018-10-19 10:39:45][debug] [sms]start:1539916785
[2018-10-19 10:39:48][debug] [sms]all num:10
[2018-10-19 10:39:48][debug] [sms]run num:10
[2018-10-19 10:39:48][debug] [sms]ok num:6
[2018-10-19 10:39:48][debug] [sms]no num:0
[2018-10-19 10:39:48][debug] [sms]run time:3
[2018-10-19 10:39:48][debug] [sms]end:1539916788
[2018-10-19 10:39:48][debug] [sms]page:https://bbs.sex002.xyz/plugin.php?id=tom_tchongbao:ajax&act=nitice_sms_hb_run&site=1&tongcheng_id=629&hongbao_id=67&page=48
[2018-10-19 10:39:48][debug] [sms]hongbao id:67
[2018-10-19 10:39:48][debug] [sms]page:48
[2018-10-19 10:39:48][debug] [sms]client IP:118.89.52.235
[2018-10-19 10:39:48][debug] [sms]start:1539916788
[2018-10-19 10:39:51][debug] [sms]all num:10
[2018-10-19 10:39:51][debug] [sms]run num:10
[2018-10-19 10:39:51][debug] [sms]ok num:6
[2018-10-19 10:39:51][debug] [sms]no num:0
[2018-10-19 10:39:51][debug] [sms]run time:3
[2018-10-19 10:39:51][debug] [sms]end:1539916791
[2018-10-19 10:39:51][debug] [sms]page:https://bbs.sex002.xyz/plugin.php?id=tom_tchongbao:ajax&act=nitice_sms_hb_run&site=1&tongcheng_id=629&hongbao_id=67&page=49
[2018-10-19 10:39:51][debug] [sms]hongbao id:67
[2018-10-19 10:39:51][debug] [sms]page:49
[2018-10-19 10:39:51][debug] [sms]client IP:118.89.52.235
[2018-10-19 10:39:51][debug] [sms]start:1539916791
[2018-10-19 10:39:54][debug] [sms]all num:10
[2018-10-19 10:39:54][debug] [sms]run num:10
[2018-10-19 10:39:54][debug] [sms]ok num:5
[2018-10-19 10:39:54][debug] [sms]no num:0
[2018-10-19 10:39:54][debug] [sms]run time:3
[2018-10-19 10:39:54][debug] [sms]end:1539916794
[2018-10-19 10:39:54][debug] [sms]page:https://bbs.sex002.xyz/plugin.php?id=tom_tchongbao:ajax&act=nitice_sms_hb_run&site=1&tongcheng_id=629&hongbao_id=67&page=50
[2018-10-19 10:39:54][debug] [sms]hongbao id:67
[2018-10-19 10:39:54][debug] [sms]page:50
[2018-10-19 10:39:54][debug] [sms]client IP:118.89.52.235
[2018-10-19 10:39:54][debug] [sms]start:1539916794
[2018-10-19 10:39:57][debug] [sms]all num:10
[2018-10-19 10:39:57][debug] [sms]run num:10
[2018-10-19 10:39:57][debug] [sms]ok num:8
[2018-10-19 10:39:57][debug] [sms]no num:0
[2018-10-19 10:39:57][debug] [sms]run time:3
[2018-10-19 10:39:57][debug] [sms]end:1539916797
[2018-10-19 10:39:57][debug] [sms]page:https://bbs.sex002.xyz/plugin.php?id=tom_tchongbao:ajax&act=nitice_sms_hb_run&site=1&tongcheng_id=629&hongbao_id=67&page=51
[2018-10-19 10:39:57][debug] [sms]hongbao id:67
[2018-10-19 10:39:57][debug] [sms]page:51
[2018-10-19 10:39:57][debug] [sms]client IP:118.89.52.235
[2018-10-19 10:39:57][debug] [sms]start:1539916797
[2018-10-19 10:40:01][debug] [sms]all num:10
[2018-10-19 10:40:01][debug] [sms]run num:10
[2018-10-19 10:40:01][debug] [sms]ok num:8
[2018-10-19 10:40:01][debug] [sms]no num:0
[2018-10-19 10:40:01][debug] [sms]run time:4
[2018-10-19 10:40:01][debug] [sms]end:1539916801
[2018-10-19 10:40:01][debug] [sms]page:https://bbs.sex002.xyz/plugin.php?id=tom_tchongbao:ajax&act=nitice_sms_hb_run&site=1&tongcheng_id=629&hongbao_id=67&page=52
[2018-10-19 10:40:01][debug] [sms]hongbao id:67
[2018-10-19 10:40:01][debug] [sms]page:52
[2018-10-19 10:40:01][debug] [sms]client IP:118.89.52.235
[2018-10-19 10:40:01][debug] [sms]start:1539916801
[2018-10-19 10:40:04][debug] [sms]all num:10
[2018-10-19 10:40:04][debug] [sms]run num:10
[2018-10-19 10:40:04][debug] [sms]ok num:10
[2018-10-19 10:40:04][debug] [sms]no num:0
[2018-10-19 10:40:04][debug] [sms]run time:3
[2018-10-19 10:40:04][debug] [sms]end:1539916804
[2018-10-19 10:40:04][debug] [sms]page:https://bbs.sex002.xyz/plugin.php?id=tom_tchongbao:ajax&act=nitice_sms_hb_run&site=1&tongcheng_id=629&hongbao_id=67&page=53
[2018-10-19 10:40:04][debug] [sms]hongbao id:67
[2018-10-19 10:40:04][debug] [sms]page:53
[2018-10-19 10:40:04][debug] [sms]client IP:118.89.52.235
[2018-10-19 10:40:04][debug] [sms]start:1539916804
[2018-10-19 10:40:07][debug] [sms]all num:10
[2018-10-19 10:40:07][debug] [sms]run num:10
[2018-10-19 10:40:07][debug] [sms]ok num:10
[2018-10-19 10:40:07][debug] [sms]no num:0
[2018-10-19 10:40:07][debug] [sms]run time:3
[2018-10-19 10:40:07][debug] [sms]end:1539916807
[2018-10-19 10:40:07][debug] [sms]page:https://bbs.sex002.xyz/plugin.php?id=tom_tchongbao:ajax&act=nitice_sms_hb_run&site=1&tongcheng_id=629&hongbao_id=67&page=54
[2018-10-19 10:40:07][debug] [sms]hongbao id:67
[2018-10-19 10:40:07][debug] [sms]page:54
[2018-10-19 10:40:07][debug] [sms]client IP:118.89.52.235
[2018-10-19 10:40:07][debug] [sms]start:1539916807
[2018-10-19 10:40:10][debug] [sms]all num:10
[2018-10-19 10:40:10][debug] [sms]run num:10
[2018-10-19 10:40:10][debug] [sms]ok num:8
[2018-10-19 10:40:10][debug] [sms]no num:0
[2018-10-19 10:40:10][debug] [sms]run time:3
[2018-10-19 10:40:10][debug] [sms]end:1539916810
[2018-10-19 10:40:10][debug] [sms]page:https://bbs.sex002.xyz/plugin.php?id=tom_tchongbao:ajax&act=nitice_sms_hb_run&site=1&tongcheng_id=629&hongbao_id=67&page=55
[2018-10-19 10:40:11][debug] [sms]hongbao id:67
[2018-10-19 10:40:11][debug] [sms]page:55
[2018-10-19 10:40:11][debug] [sms]client IP:118.89.52.235
[2018-10-19 10:40:11][debug] [sms]start:1539916811
[2018-10-19 10:40:14][debug] [sms]all num:10
[2018-10-19 10:40:14][debug] [sms]run num:10
[2018-10-19 10:40:14][debug] [sms]ok num:9
[2018-10-19 10:40:14][debug] [sms]no num:0
[2018-10-19 10:40:14][debug] [sms]run time:3
[2018-10-19 10:40:14][debug] [sms]end:1539916814
[2018-10-19 10:40:14][debug] [sms]page:https://bbs.sex002.xyz/plugin.php?id=tom_tchongbao:ajax&act=nitice_sms_hb_run&site=1&tongcheng_id=629&hongbao_id=67&page=56
[2018-10-19 10:40:14][debug] [sms]hongbao id:67
[2018-10-19 10:40:14][debug] [sms]page:56
[2018-10-19 10:40:14][debug] [sms]client IP:118.89.52.235
[2018-10-19 10:40:14][debug] [sms]start:1539916814
[2018-10-19 10:40:18][debug] [sms]all num:10
[2018-10-19 10:40:18][debug] [sms]run num:10
[2018-10-19 10:40:18][debug] [sms]ok num:8
[2018-10-19 10:40:18][debug] [sms]no num:0
[2018-10-19 10:40:18][debug] [sms]run time:4
[2018-10-19 10:40:18][debug] [sms]end:1539916818
[2018-10-19 10:40:18][debug] [sms]page:https://bbs.sex002.xyz/plugin.php?id=tom_tchongbao:ajax&act=nitice_sms_hb_run&site=1&tongcheng_id=629&hongbao_id=67&page=57
[2018-10-19 10:40:19][debug] [sms]hongbao id:67
[2018-10-19 10:40:19][debug] [sms]page:57
[2018-10-19 10:40:19][debug] [sms]client IP:118.89.52.235
[2018-10-19 10:40:19][debug] [sms]start:1539916819
[2018-10-19 10:40:22][debug] [sms]all num:10
[2018-10-19 10:40:22][debug] [sms]run num:10
[2018-10-19 10:40:22][debug] [sms]ok num:10
[2018-10-19 10:40:22][debug] [sms]no num:0
[2018-10-19 10:40:22][debug] [sms]run time:3
[2018-10-19 10:40:22][debug] [sms]end:1539916822
[2018-10-19 10:40:22][debug] [sms]page:https://bbs.sex002.xyz/plugin.php?id=tom_tchongbao:ajax&act=nitice_sms_hb_run&site=1&tongcheng_id=629&hongbao_id=67&page=58
[2018-10-19 10:40:23][debug] [sms]hongbao id:67
[2018-10-19 10:40:23][debug] [sms]page:58
[2018-10-19 10:40:23][debug] [sms]client IP:118.89.52.235
[2018-10-19 10:40:23][debug] [sms]start:1539916823
[2018-10-19 10:40:26][debug] [sms]all num:10
[2018-10-19 10:40:26][debug] [sms]run num:10
[2018-10-19 10:40:26][debug] [sms]ok num:6
[2018-10-19 10:40:26][debug] [sms]no num:0
[2018-10-19 10:40:26][debug] [sms]run time:3
[2018-10-19 10:40:26][debug] [sms]end:1539916826
[2018-10-19 10:40:26][debug] [sms]page:https://bbs.sex002.xyz/plugin.php?id=tom_tchongbao:ajax&act=nitice_sms_hb_run&site=1&tongcheng_id=629&hongbao_id=67&page=59
[2018-10-19 10:40:26][debug] [sms]hongbao id:67
[2018-10-19 10:40:26][debug] [sms]page:59
[2018-10-19 10:40:26][debug] [sms]client IP:118.89.52.235
[2018-10-19 10:40:26][debug] [sms]start:1539916826
[2018-10-19 10:40:30][debug] [sms]all num:10
[2018-10-19 10:40:30][debug] [sms]run num:10
[2018-10-19 10:40:30][debug] [sms]ok num:7
[2018-10-19 10:40:30][debug] [sms]no num:0
[2018-10-19 10:40:30][debug] [sms]run time:4
[2018-10-19 10:40:30][debug] [sms]end:1539916830
[2018-10-19 10:40:30][debug] [sms]page:https://bbs.sex002.xyz/plugin.php?id=tom_tchongbao:ajax&act=nitice_sms_hb_run&site=1&tongcheng_id=629&hongbao_id=67&page=60
[2018-10-19 10:40:30][debug] [sms]hongbao id:67
[2018-10-19 10:40:30][debug] [sms]page:60
[2018-10-19 10:40:30][debug] [sms]client IP:118.89.52.235
[2018-10-19 10:40:30][debug] [sms]start:1539916830
[2018-10-19 10:40:34][debug] [sms]all num:10
[2018-10-19 10:40:34][debug] [sms]run num:10
[2018-10-19 10:40:34][debug] [sms]ok num:2
[2018-10-19 10:40:34][debug] [sms]no num:0
[2018-10-19 10:40:34][debug] [sms]run time:4
[2018-10-19 10:40:34][debug] [sms]end:1539916834
[2018-10-19 10:40:34][debug] [sms]page:https://bbs.sex002.xyz/plugin.php?id=tom_tchongbao:ajax&act=nitice_sms_hb_run&site=1&tongcheng_id=629&hongbao_id=67&page=61
[2018-10-19 10:40:34][debug] [sms]hongbao id:67
[2018-10-19 10:40:34][debug] [sms]page:61
[2018-10-19 10:40:34][debug] [sms]client IP:118.89.52.235
[2018-10-19 10:40:34][debug] [sms]start:1539916834
[2018-10-19 10:40:38][debug] [sms]all num:10
[2018-10-19 10:40:38][debug] [sms]run num:10
[2018-10-19 10:40:38][debug] [sms]ok num:6
[2018-10-19 10:40:38][debug] [sms]no num:0
[2018-10-19 10:40:38][debug] [sms]run time:4
[2018-10-19 10:40:38][debug] [sms]end:1539916838
[2018-10-19 10:40:38][debug] [sms]page:https://bbs.sex002.xyz/plugin.php?id=tom_tchongbao:ajax&act=nitice_sms_hb_run&site=1&tongcheng_id=629&hongbao_id=67&page=62
[2018-10-19 10:40:38][debug] [sms]hongbao id:67
[2018-10-19 10:40:38][debug] [sms]page:62
[2018-10-19 10:40:38][debug] [sms]client IP:118.89.52.235
[2018-10-19 10:40:38][debug] [sms]start:1539916838
[2018-10-19 10:40:41][debug] [sms]all num:10
[2018-10-19 10:40:41][debug] [sms]run num:10
[2018-10-19 10:40:41][debug] [sms]ok num:4
[2018-10-19 10:40:41][debug] [sms]no num:0
[2018-10-19 10:40:41][debug] [sms]run time:3
[2018-10-19 10:40:41][debug] [sms]end:1539916841
[2018-10-19 10:40:41][debug] [sms]page:https://bbs.sex002.xyz/plugin.php?id=tom_tchongbao:ajax&act=nitice_sms_hb_run&site=1&tongcheng_id=629&hongbao_id=67&page=63
[2018-10-19 10:40:42][debug] [sms]hongbao id:67
[2018-10-19 10:40:42][debug] [sms]page:63
[2018-10-19 10:40:42][debug] [sms]client IP:118.89.52.235
[2018-10-19 10:40:42][debug] [sms]start:1539916842
[2018-10-19 10:40:46][debug] [sms]all num:10
[2018-10-19 10:40:46][debug] [sms]run num:10
[2018-10-19 10:40:46][debug] [sms]ok num:8
[2018-10-19 10:40:46][debug] [sms]no num:0
[2018-10-19 10:40:46][debug] [sms]run time:4
[2018-10-19 10:40:46][debug] [sms]end:1539916846
[2018-10-19 10:40:46][debug] [sms]page:https://bbs.sex002.xyz/plugin.php?id=tom_tchongbao:ajax&act=nitice_sms_hb_run&site=1&tongcheng_id=629&hongbao_id=67&page=64
[2018-10-19 10:40:46][debug] [sms]hongbao id:67
[2018-10-19 10:40:46][debug] [sms]page:64
[2018-10-19 10:40:46][debug] [sms]client IP:118.89.52.235
[2018-10-19 10:40:46][debug] [sms]start:1539916846
[2018-10-19 10:40:49][debug] [sms]all num:10
[2018-10-19 10:40:49][debug] [sms]run num:10
[2018-10-19 10:40:49][debug] [sms]ok num:8
[2018-10-19 10:40:49][debug] [sms]no num:0
[2018-10-19 10:40:49][debug] [sms]run time:3
[2018-10-19 10:40:49][debug] [sms]end:1539916849
[2018-10-19 10:40:49][debug] [sms]page:https://bbs.sex002.xyz/plugin.php?id=tom_tchongbao:ajax&act=nitice_sms_hb_run&site=1&tongcheng_id=629&hongbao_id=67&page=65
[2018-10-19 10:40:50][debug] [sms]hongbao id:67
[2018-10-19 10:40:50][debug] [sms]page:65
[2018-10-19 10:40:50][debug] [sms]client IP:118.89.52.235
[2018-10-19 10:40:50][debug] [sms]start:1539916850
[2018-10-19 10:40:53][debug] [sms]all num:10
[2018-10-19 10:40:53][debug] [sms]run num:10
[2018-10-19 10:40:53][debug] [sms]ok num:6
[2018-10-19 10:40:53][debug] [sms]no num:0
[2018-10-19 10:40:53][debug] [sms]run time:3
[2018-10-19 10:40:53][debug] [sms]end:1539916853
[2018-10-19 10:40:53][debug] [sms]page:https://bbs.sex002.xyz/plugin.php?id=tom_tchongbao:ajax&act=nitice_sms_hb_run&site=1&tongcheng_id=629&hongbao_id=67&page=66
[2018-10-19 10:40:53][debug] [sms]hongbao id:67
[2018-10-19 10:40:53][debug] [sms]page:66
[2018-10-19 10:40:53][debug] [sms]client IP:118.89.52.235
[2018-10-19 10:40:53][debug] [sms]start:1539916853
[2018-10-19 10:40:56][debug] [sms]all num:10
[2018-10-19 10:40:56][debug] [sms]run num:10
[2018-10-19 10:40:56][debug] [sms]ok num:6
[2018-10-19 10:40:56][debug] [sms]no num:0
[2018-10-19 10:40:56][debug] [sms]run time:3
[2018-10-19 10:40:56][debug] [sms]end:1539916856
[2018-10-19 10:40:56][debug] [sms]page:https://bbs.sex002.xyz/plugin.php?id=tom_tchongbao:ajax&act=nitice_sms_hb_run&site=1&tongcheng_id=629&hongbao_id=67&page=67
[2018-10-19 10:40:56][debug] [sms]hongbao id:67
[2018-10-19 10:40:56][debug] [sms]page:67
[2018-10-19 10:40:56][debug] [sms]client IP:118.89.52.235
[2018-10-19 10:40:56][debug] [sms]start:1539916856
[2018-10-19 10:40:59][debug] [sms]all num:10
[2018-10-19 10:40:59][debug] [sms]run num:10
[2018-10-19 10:40:59][debug] [sms]ok num:5
[2018-10-19 10:40:59][debug] [sms]no num:0
[2018-10-19 10:40:59][debug] [sms]run time:3
[2018-10-19 10:40:59][debug] [sms]end:1539916859
[2018-10-19 10:40:59][debug] [sms]page:https://bbs.sex002.xyz/plugin.php?id=tom_tchongbao:ajax&act=nitice_sms_hb_run&site=1&tongcheng_id=629&hongbao_id=67&page=68
[2018-10-19 10:40:59][debug] [sms]hongbao id:67
[2018-10-19 10:40:59][debug] [sms]page:68
[2018-10-19 10:40:59][debug] [sms]client IP:118.89.52.235
[2018-10-19 10:40:59][debug] [sms]start:1539916859
[2018-10-19 10:41:03][debug] [sms]all num:10
[2018-10-19 10:41:03][debug] [sms]run num:10
[2018-10-19 10:41:03][debug] [sms]ok num:5
[2018-10-19 10:41:03][debug] [sms]no num:0
[2018-10-19 10:41:03][debug] [sms]run time:4
[2018-10-19 10:41:03][debug] [sms]end:1539916863
[2018-10-19 10:41:03][debug] [sms]page:https://bbs.sex002.xyz/plugin.php?id=tom_tchongbao:ajax&act=nitice_sms_hb_run&site=1&tongcheng_id=629&hongbao_id=67&page=69
[2018-10-19 10:41:03][debug] [sms]hongbao id:67
[2018-10-19 10:41:03][debug] [sms]page:69
[2018-10-19 10:41:03][debug] [sms]client IP:118.89.52.235
[2018-10-19 10:41:03][debug] [sms]start:1539916863
[2018-10-19 10:41:06][debug] [sms]all num:10
[2018-10-19 10:41:06][debug] [sms]run num:10
[2018-10-19 10:41:06][debug] [sms]ok num:3
[2018-10-19 10:41:06][debug] [sms]no num:0
[2018-10-19 10:41:06][debug] [sms]run time:3
[2018-10-19 10:41:06][debug] [sms]end:1539916866
[2018-10-19 10:41:06][debug] [sms]page:https://bbs.sex002.xyz/plugin.php?id=tom_tchongbao:ajax&act=nitice_sms_hb_run&site=1&tongcheng_id=629&hongbao_id=67&page=70
[2018-10-19 10:41:06][debug] [sms]hongbao id:67
[2018-10-19 10:41:06][debug] [sms]page:70
[2018-10-19 10:41:06][debug] [sms]client IP:118.89.52.235
[2018-10-19 10:41:06][debug] [sms]start:1539916866
[2018-10-19 10:41:09][debug] [sms]all num:10
[2018-10-19 10:41:09][debug] [sms]run num:10
[2018-10-19 10:41:09][debug] [sms]ok num:1
[2018-10-19 10:41:09][debug] [sms]no num:0
[2018-10-19 10:41:09][debug] [sms]run time:3
[2018-10-19 10:41:09][debug] [sms]end:1539916869
[2018-10-19 10:41:09][debug] [sms]page:https://bbs.sex002.xyz/plugin.php?id=tom_tchongbao:ajax&act=nitice_sms_hb_run&site=1&tongcheng_id=629&hongbao_id=67&page=71
[2018-10-19 10:41:09][debug] [sms]hongbao id:67
[2018-10-19 10:41:09][debug] [sms]page:71
[2018-10-19 10:41:09][debug] [sms]client IP:118.89.52.235
[2018-10-19 10:41:09][debug] [sms]start:1539916869
[2018-10-19 10:41:12][debug] [sms]all num:10
[2018-10-19 10:41:12][debug] [sms]run num:10
[2018-10-19 10:41:12][debug] [sms]ok num:6
[2018-10-19 10:41:12][debug] [sms]no num:0
[2018-10-19 10:41:12][debug] [sms]run time:3
[2018-10-19 10:41:12][debug] [sms]end:1539916872
[2018-10-19 10:41:12][debug] [sms]page:https://bbs.sex002.xyz/plugin.php?id=tom_tchongbao:ajax&act=nitice_sms_hb_run&site=1&tongcheng_id=629&hongbao_id=67&page=72
[2018-10-19 10:41:12][debug] [sms]hongbao id:67
[2018-10-19 10:41:12][debug] [sms]page:72
[2018-10-19 10:41:12][debug] [sms]client IP:118.89.52.235
[2018-10-19 10:41:12][debug] [sms]start:1539916872
[2018-10-19 10:41:15][debug] [sms]all num:10
[2018-10-19 10:41:15][debug] [sms]run num:10
[2018-10-19 10:41:15][debug] [sms]ok num:7
[2018-10-19 10:41:15][debug] [sms]no num:0
[2018-10-19 10:41:15][debug] [sms]run time:3
[2018-10-19 10:41:15][debug] [sms]end:1539916875
[2018-10-19 10:41:15][debug] [sms]page:https://bbs.sex002.xyz/plugin.php?id=tom_tchongbao:ajax&act=nitice_sms_hb_run&site=1&tongcheng_id=629&hongbao_id=67&page=73
[2018-10-19 10:41:15][debug] [sms]hongbao id:67
[2018-10-19 10:41:15][debug] [sms]page:73
[2018-10-19 10:41:15][debug] [sms]client IP:118.89.52.235
[2018-10-19 10:41:15][debug] [sms]start:1539916875
[2018-10-19 10:41:18][debug] [sms]all num:10
[2018-10-19 10:41:18][debug] [sms]run num:10
[2018-10-19 10:41:18][debug] [sms]ok num:6
[2018-10-19 10:41:18][debug] [sms]no num:0
[2018-10-19 10:41:18][debug] [sms]run time:3
[2018-10-19 10:41:18][debug] [sms]end:1539916878
[2018-10-19 10:41:18][debug] [sms]page:https://bbs.sex002.xyz/plugin.php?id=tom_tchongbao:ajax&act=nitice_sms_hb_run&site=1&tongcheng_id=629&hongbao_id=67&page=74
[2018-10-19 10:41:18][debug] [sms]hongbao id:67
[2018-10-19 10:41:18][debug] [sms]page:74
[2018-10-19 10:41:18][debug] [sms]client IP:118.89.52.235
[2018-10-19 10:41:18][debug] [sms]start:1539916878
[2018-10-19 10:41:21][debug] [sms]all num:10
[2018-10-19 10:41:21][debug] [sms]run num:9
[2018-10-19 10:41:21][debug] [sms]ok num:7
[2018-10-19 10:41:21][debug] [sms]no num:0
[2018-10-19 10:41:21][debug] [sms]run time:3
[2018-10-19 10:41:21][debug] [sms]end:1539916881
[2018-10-19 10:41:21][debug] [sms]page:https://bbs.sex002.xyz/plugin.php?id=tom_tchongbao:ajax&act=nitice_sms_hb_run&site=1&tongcheng_id=629&hongbao_id=67&page=75
[2018-10-19 10:41:21][debug] [sms]hongbao id:67
[2018-10-19 10:41:21][debug] [sms]page:75
[2018-10-19 10:41:21][debug] [sms]client IP:118.89.52.235
[2018-10-19 10:41:21][debug] [sms]start:1539916881
[2018-10-19 10:41:24][debug] [sms]all num:10
[2018-10-19 10:41:24][debug] [sms]run num:10
[2018-10-19 10:41:24][debug] [sms]ok num:2
[2018-10-19 10:41:24][debug] [sms]no num:0
[2018-10-19 10:41:24][debug] [sms]run time:3
[2018-10-19 10:41:24][debug] [sms]end:1539916884
[2018-10-19 10:41:24][debug] [sms]page:https://bbs.sex002.xyz/plugin.php?id=tom_tchongbao:ajax&act=nitice_sms_hb_run&site=1&tongcheng_id=629&hongbao_id=67&page=76
[2018-10-19 10:41:24][debug] [sms]hongbao id:67
[2018-10-19 10:41:24][debug] [sms]page:76
[2018-10-19 10:41:24][debug] [sms]client IP:118.89.52.235
[2018-10-19 10:41:24][debug] [sms]start:1539916884
[2018-10-19 10:41:27][debug] [sms]all num:10
[2018-10-19 10:41:27][debug] [sms]run num:10
[2018-10-19 10:41:27][debug] [sms]ok num:3
[2018-10-19 10:41:27][debug] [sms]no num:0
[2018-10-19 10:41:27][debug] [sms]run time:3
[2018-10-19 10:41:27][debug] [sms]end:1539916887
[2018-10-19 10:41:27][debug] [sms]page:https://bbs.sex002.xyz/plugin.php?id=tom_tchongbao:ajax&act=nitice_sms_hb_run&site=1&tongcheng_id=629&hongbao_id=67&page=77
[2018-10-19 10:41:28][debug] [sms]hongbao id:67
[2018-10-19 10:41:28][debug] [sms]page:77
[2018-10-19 10:41:28][debug] [sms]client IP:118.89.52.235
[2018-10-19 10:41:28][debug] [sms]start:1539916888
[2018-10-19 10:41:31][debug] [sms]all num:10
[2018-10-19 10:41:31][debug] [sms]run num:10
[2018-10-19 10:41:31][debug] [sms]ok num:7
[2018-10-19 10:41:31][debug] [sms]no num:0
[2018-10-19 10:41:31][debug] [sms]run time:3
[2018-10-19 10:41:31][debug] [sms]end:1539916891
[2018-10-19 10:41:31][debug] [sms]page:https://bbs.sex002.xyz/plugin.php?id=tom_tchongbao:ajax&act=nitice_sms_hb_run&site=1&tongcheng_id=629&hongbao_id=67&page=78
[2018-10-19 10:41:31][debug] [sms]hongbao id:67
[2018-10-19 10:41:31][debug] [sms]page:78
[2018-10-19 10:41:31][debug] [sms]client IP:118.89.52.235
[2018-10-19 10:41:31][debug] [sms]start:1539916891
[2018-10-19 10:41:34][debug] [sms]all num:10
[2018-10-19 10:41:34][debug] [sms]run num:10
[2018-10-19 10:41:34][debug] [sms]ok num:6
[2018-10-19 10:41:34][debug] [sms]no num:0
[2018-10-19 10:41:34][debug] [sms]run time:3
[2018-10-19 10:41:34][debug] [sms]end:1539916894
[2018-10-19 10:41:34][debug] [sms]page:https://bbs.sex002.xyz/plugin.php?id=tom_tchongbao:ajax&act=nitice_sms_hb_run&site=1&tongcheng_id=629&hongbao_id=67&page=79
[2018-10-19 10:41:35][debug] [sms]hongbao id:67
[2018-10-19 10:41:35][debug] [sms]page:79
[2018-10-19 10:41:35][debug] [sms]client IP:118.89.52.235
[2018-10-19 10:41:35][debug] [sms]start:1539916895
[2018-10-19 10:41:38][debug] [sms]all num:10
[2018-10-19 10:41:38][debug] [sms]run num:10
[2018-10-19 10:41:38][debug] [sms]ok num:6
[2018-10-19 10:41:38][debug] [sms]no num:0
[2018-10-19 10:41:38][debug] [sms]run time:3
[2018-10-19 10:41:38][debug] [sms]end:1539916898
[2018-10-19 10:41:38][debug] [sms]page:https://bbs.sex002.xyz/plugin.php?id=tom_tchongbao:ajax&act=nitice_sms_hb_run&site=1&tongcheng_id=629&hongbao_id=67&page=80
[2018-10-19 10:41:38][debug] [sms]hongbao id:67
[2018-10-19 10:41:38][debug] [sms]page:80
[2018-10-19 10:41:38][debug] [sms]client IP:118.89.52.235
[2018-10-19 10:41:38][debug] [sms]start:1539916898
[2018-10-19 10:41:41][debug] [sms]all num:10
[2018-10-19 10:41:41][debug] [sms]run num:10
[2018-10-19 10:41:41][debug] [sms]ok num:4
[2018-10-19 10:41:41][debug] [sms]no num:0
[2018-10-19 10:41:41][debug] [sms]run time:3
[2018-10-19 10:41:41][debug] [sms]end:1539916901
[2018-10-19 10:41:41][debug] [sms]page:https://bbs.sex002.xyz/plugin.php?id=tom_tchongbao:ajax&act=nitice_sms_hb_run&site=1&tongcheng_id=629&hongbao_id=67&page=81
[2018-10-19 10:41:41][debug] [sms]hongbao id:67
[2018-10-19 10:41:41][debug] [sms]page:81
[2018-10-19 10:41:41][debug] [sms]client IP:118.89.52.235
[2018-10-19 10:41:41][debug] [sms]start:1539916901
[2018-10-19 10:41:44][debug] [sms]all num:10
[2018-10-19 10:41:44][debug] [sms]run num:10
[2018-10-19 10:41:44][debug] [sms]ok num:4
[2018-10-19 10:41:44][debug] [sms]no num:0
[2018-10-19 10:41:44][debug] [sms]run time:3
[2018-10-19 10:41:44][debug] [sms]end:1539916904
[2018-10-19 10:41:44][debug] [sms]page:https://bbs.sex002.xyz/plugin.php?id=tom_tchongbao:ajax&act=nitice_sms_hb_run&site=1&tongcheng_id=629&hongbao_id=67&page=82
[2018-10-19 10:41:45][debug] [sms]hongbao id:67
[2018-10-19 10:41:45][debug] [sms]page:82
[2018-10-19 10:41:45][debug] [sms]client IP:118.89.52.235
[2018-10-19 10:41:45][debug] [sms]start:1539916905
[2018-10-19 10:41:48][debug] [sms]all num:10
[2018-10-19 10:41:48][debug] [sms]run num:10
[2018-10-19 10:41:48][debug] [sms]ok num:5
[2018-10-19 10:41:48][debug] [sms]no num:0
[2018-10-19 10:41:48][debug] [sms]run time:3
[2018-10-19 10:41:48][debug] [sms]end:1539916908
[2018-10-19 10:41:48][debug] [sms]page:https://bbs.sex002.xyz/plugin.php?id=tom_tchongbao:ajax&act=nitice_sms_hb_run&site=1&tongcheng_id=629&hongbao_id=67&page=83
[2018-10-19 10:41:48][debug] [sms]hongbao id:67
[2018-10-19 10:41:48][debug] [sms]page:83
[2018-10-19 10:41:48][debug] [sms]client IP:118.89.52.235
[2018-10-19 10:41:48][debug] [sms]start:1539916908
[2018-10-19 10:41:51][debug] [sms]all num:10
[2018-10-19 10:41:51][debug] [sms]run num:10
[2018-10-19 10:41:51][debug] [sms]ok num:5
[2018-10-19 10:41:51][debug] [sms]no num:0
[2018-10-19 10:41:51][debug] [sms]run time:3
[2018-10-19 10:41:51][debug] [sms]end:1539916911
[2018-10-19 10:41:51][debug] [sms]page:https://bbs.sex002.xyz/plugin.php?id=tom_tchongbao:ajax&act=nitice_sms_hb_run&site=1&tongcheng_id=629&hongbao_id=67&page=84
[2018-10-19 10:41:51][debug] [sms]hongbao id:67
[2018-10-19 10:41:51][debug] [sms]page:84
[2018-10-19 10:41:51][debug] [sms]client IP:118.89.52.235
[2018-10-19 10:41:51][debug] [sms]start:1539916911
[2018-10-19 10:41:54][debug] [sms]all num:10
[2018-10-19 10:41:54][debug] [sms]run num:10
[2018-10-19 10:41:54][debug] [sms]ok num:3
[2018-10-19 10:41:54][debug] [sms]no num:0
[2018-10-19 10:41:54][debug] [sms]run time:3
[2018-10-19 10:41:54][debug] [sms]end:1539916914
[2018-10-19 10:41:54][debug] [sms]page:https://bbs.sex002.xyz/plugin.php?id=tom_tchongbao:ajax&act=nitice_sms_hb_run&site=1&tongcheng_id=629&hongbao_id=67&page=85
[2018-10-19 10:41:55][debug] [sms]hongbao id:67
[2018-10-19 10:41:55][debug] [sms]page:85
[2018-10-19 10:41:55][debug] [sms]client IP:118.89.52.235
[2018-10-19 10:41:55][debug] [sms]start:1539916915
[2018-10-19 10:41:58][debug] [sms]all num:10
[2018-10-19 10:41:58][debug] [sms]run num:10
[2018-10-19 10:41:58][debug] [sms]ok num:4
[2018-10-19 10:41:58][debug] [sms]no num:0
[2018-10-19 10:41:58][debug] [sms]run time:3
[2018-10-19 10:41:58][debug] [sms]end:1539916918
[2018-10-19 10:41:58][debug] [sms]page:https://bbs.sex002.xyz/plugin.php?id=tom_tchongbao:ajax&act=nitice_sms_hb_run&site=1&tongcheng_id=629&hongbao_id=67&page=86
[2018-10-19 10:41:58][debug] [sms]hongbao id:67
[2018-10-19 10:41:58][debug] [sms]page:86
[2018-10-19 10:41:58][debug] [sms]client IP:118.89.52.235
[2018-10-19 10:41:58][debug] [sms]start:1539916918
[2018-10-19 10:42:01][debug] [sms]all num:10
[2018-10-19 10:42:01][debug] [sms]run num:10
[2018-10-19 10:42:01][debug] [sms]ok num:2
[2018-10-19 10:42:01][debug] [sms]no num:0
[2018-10-19 10:42:01][debug] [sms]run time:3
[2018-10-19 10:42:01][debug] [sms]end:1539916921
[2018-10-19 10:42:01][debug] [sms]page:https://bbs.sex002.xyz/plugin.php?id=tom_tchongbao:ajax&act=nitice_sms_hb_run&site=1&tongcheng_id=629&hongbao_id=67&page=87
[2018-10-19 10:42:01][debug] [sms]hongbao id:67
[2018-10-19 10:42:01][debug] [sms]page:87
[2018-10-19 10:42:01][debug] [sms]client IP:118.89.52.235
[2018-10-19 10:42:01][debug] [sms]start:1539916921
[2018-10-19 10:42:04][debug] [sms]all num:10
[2018-10-19 10:42:04][debug] [sms]run num:10
[2018-10-19 10:42:04][debug] [sms]ok num:4
[2018-10-19 10:42:04][debug] [sms]no num:0
[2018-10-19 10:42:04][debug] [sms]run time:3
[2018-10-19 10:42:04][debug] [sms]end:1539916924
[2018-10-19 10:42:04][debug] [sms]page:https://bbs.sex002.xyz/plugin.php?id=tom_tchongbao:ajax&act=nitice_sms_hb_run&site=1&tongcheng_id=629&hongbao_id=67&page=88
[2018-10-19 10:42:04][debug] [sms]hongbao id:67
[2018-10-19 10:42:04][debug] [sms]page:88
[2018-10-19 10:42:04][debug] [sms]client IP:118.89.52.235
[2018-10-19 10:42:04][debug] [sms]start:1539916924
[2018-10-19 10:42:07][debug] [sms]all num:10
[2018-10-19 10:42:07][debug] [sms]run num:10
[2018-10-19 10:42:07][debug] [sms]ok num:4
[2018-10-19 10:42:07][debug] [sms]no num:0
[2018-10-19 10:42:07][debug] [sms]run time:3
[2018-10-19 10:42:07][debug] [sms]end:1539916927
[2018-10-19 10:42:07][debug] [sms]page:https://bbs.sex002.xyz/plugin.php?id=tom_tchongbao:ajax&act=nitice_sms_hb_run&site=1&tongcheng_id=629&hongbao_id=67&page=89
[2018-10-19 10:42:07][debug] [sms]hongbao id:67
[2018-10-19 10:42:07][debug] [sms]page:89
[2018-10-19 10:42:07][debug] [sms]client IP:118.89.52.235
[2018-10-19 10:42:07][debug] [sms]start:1539916927
[2018-10-19 10:42:11][debug] [sms]all num:10
[2018-10-19 10:42:11][debug] [sms]run num:10
[2018-10-19 10:42:11][debug] [sms]ok num:6
[2018-10-19 10:42:11][debug] [sms]no num:0
[2018-10-19 10:42:11][debug] [sms]run time:4
[2018-10-19 10:42:11][debug] [sms]end:1539916931
[2018-10-19 10:42:11][debug] [sms]page:https://bbs.sex002.xyz/plugin.php?id=tom_tchongbao:ajax&act=nitice_sms_hb_run&site=1&tongcheng_id=629&hongbao_id=67&page=90
[2018-10-19 10:42:11][debug] [sms]hongbao id:67
[2018-10-19 10:42:11][debug] [sms]page:90
[2018-10-19 10:42:11][debug] [sms]client IP:118.89.52.235
[2018-10-19 10:42:11][debug] [sms]start:1539916931
[2018-10-19 10:42:14][debug] [sms]all num:10
[2018-10-19 10:42:14][debug] [sms]run num:10
[2018-10-19 10:42:14][debug] [sms]ok num:5
[2018-10-19 10:42:14][debug] [sms]no num:0
[2018-10-19 10:42:14][debug] [sms]run time:3
[2018-10-19 10:42:14][debug] [sms]end:1539916934
[2018-10-19 10:42:14][debug] [sms]page:https://bbs.sex002.xyz/plugin.php?id=tom_tchongbao:ajax&act=nitice_sms_hb_run&site=1&tongcheng_id=629&hongbao_id=67&page=91
[2018-10-19 10:42:14][debug] [sms]hongbao id:67
[2018-10-19 10:42:14][debug] [sms]page:91
[2018-10-19 10:42:14][debug] [sms]client IP:118.89.52.235
[2018-10-19 10:42:14][debug] [sms]start:1539916934
[2018-10-19 10:42:17][debug] [sms]all num:10
[2018-10-19 10:42:17][debug] [sms]run num:10
[2018-10-19 10:42:17][debug] [sms]ok num:3
[2018-10-19 10:42:17][debug] [sms]no num:0
[2018-10-19 10:42:17][debug] [sms]run time:3
[2018-10-19 10:42:17][debug] [sms]end:1539916937
[2018-10-19 10:42:17][debug] [sms]page:https://bbs.sex002.xyz/plugin.php?id=tom_tchongbao:ajax&act=nitice_sms_hb_run&site=1&tongcheng_id=629&hongbao_id=67&page=92
[2018-10-19 10:42:17][debug] [sms]hongbao id:67
[2018-10-19 10:42:17][debug] [sms]page:92
[2018-10-19 10:42:17][debug] [sms]client IP:118.89.52.235
[2018-10-19 10:42:17][debug] [sms]start:1539916937
[2018-10-19 10:42:20][debug] [sms]all num:10
[2018-10-19 10:42:20][debug] [sms]run num:10
[2018-10-19 10:42:20][debug] [sms]ok num:5
[2018-10-19 10:42:20][debug] [sms]no num:0
[2018-10-19 10:42:20][debug] [sms]run time:3
[2018-10-19 10:42:20][debug] [sms]end:1539916940
[2018-10-19 10:42:20][debug] [sms]page:https://bbs.sex002.xyz/plugin.php?id=tom_tchongbao:ajax&act=nitice_sms_hb_run&site=1&tongcheng_id=629&hongbao_id=67&page=93
[2018-10-19 10:42:20][debug] [sms]hongbao id:67
[2018-10-19 10:42:20][debug] [sms]page:93
[2018-10-19 10:42:20][debug] [sms]client IP:118.89.52.235
[2018-10-19 10:42:20][debug] [sms]start:1539916940
[2018-10-19 10:42:23][debug] [sms]all num:10
[2018-10-19 10:42:23][debug] [sms]run num:10
[2018-10-19 10:42:23][debug] [sms]ok num:6
[2018-10-19 10:42:23][debug] [sms]no num:0
[2018-10-19 10:42:23][debug] [sms]run time:3
[2018-10-19 10:42:23][debug] [sms]end:1539916943
[2018-10-19 10:42:23][debug] [sms]page:https://bbs.sex002.xyz/plugin.php?id=tom_tchongbao:ajax&act=nitice_sms_hb_run&site=1&tongcheng_id=629&hongbao_id=67&page=94
[2018-10-19 10:42:24][debug] [sms]hongbao id:67
[2018-10-19 10:42:24][debug] [sms]page:94
[2018-10-19 10:42:24][debug] [sms]client IP:118.89.52.235
[2018-10-19 10:42:24][debug] [sms]start:1539916944
[2018-10-19 10:42:27][debug] [sms]all num:10
[2018-10-19 10:42:27][debug] [sms]run num:10
[2018-10-19 10:42:27][debug] [sms]ok num:6
[2018-10-19 10:42:27][debug] [sms]no num:0
[2018-10-19 10:42:27][debug] [sms]run time:3
[2018-10-19 10:42:27][debug] [sms]end:1539916947
[2018-10-19 10:42:27][debug] [sms]page:https://bbs.sex002.xyz/plugin.php?id=tom_tchongbao:ajax&act=nitice_sms_hb_run&site=1&tongcheng_id=629&hongbao_id=67&page=95
[2018-10-19 10:42:27][debug] [sms]hongbao id:67
[2018-10-19 10:42:27][debug] [sms]page:95
[2018-10-19 10:42:27][debug] [sms]client IP:118.89.52.235
[2018-10-19 10:42:27][debug] [sms]start:1539916947
[2018-10-19 10:42:30][debug] [sms]all num:10
[2018-10-19 10:42:30][debug] [sms]run num:10
[2018-10-19 10:42:30][debug] [sms]ok num:8
[2018-10-19 10:42:30][debug] [sms]no num:0
[2018-10-19 10:42:30][debug] [sms]run time:3
[2018-10-19 10:42:30][debug] [sms]end:1539916950
[2018-10-19 10:42:30][debug] [sms]page:https://bbs.sex002.xyz/plugin.php?id=tom_tchongbao:ajax&act=nitice_sms_hb_run&site=1&tongcheng_id=629&hongbao_id=67&page=96
[2018-10-19 10:42:30][debug] [sms]hongbao id:67
[2018-10-19 10:42:30][debug] [sms]page:96
[2018-10-19 10:42:30][debug] [sms]client IP:118.89.52.235
[2018-10-19 10:42:30][debug] [sms]start:1539916950
[2018-10-19 10:42:33][debug] [sms]all num:10
[2018-10-19 10:42:33][debug] [sms]run num:10
[2018-10-19 10:42:33][debug] [sms]ok num:3
[2018-10-19 10:42:33][debug] [sms]no num:0
[2018-10-19 10:42:33][debug] [sms]run time:3
[2018-10-19 10:42:33][debug] [sms]end:1539916953
[2018-10-19 10:42:33][debug] [sms]page:https://bbs.sex002.xyz/plugin.php?id=tom_tchongbao:ajax&act=nitice_sms_hb_run&site=1&tongcheng_id=629&hongbao_id=67&page=97
[2018-10-19 10:42:33][debug] [sms]hongbao id:67
[2018-10-19 10:42:33][debug] [sms]page:97
[2018-10-19 10:42:33][debug] [sms]client IP:118.89.52.235
[2018-10-19 10:42:33][debug] [sms]start:1539916953
[2018-10-19 10:42:36][debug] [sms]all num:10
[2018-10-19 10:42:36][debug] [sms]run num:10
[2018-10-19 10:42:36][debug] [sms]ok num:4
[2018-10-19 10:42:36][debug] [sms]no num:0
[2018-10-19 10:42:36][debug] [sms]run time:3
[2018-10-19 10:42:36][debug] [sms]end:1539916956
[2018-10-19 10:42:36][debug] [sms]page:https://bbs.sex002.xyz/plugin.php?id=tom_tchongbao:ajax&act=nitice_sms_hb_run&site=1&tongcheng_id=629&hongbao_id=67&page=98
[2018-10-19 10:42:36][debug] [sms]hongbao id:67
[2018-10-19 10:42:36][debug] [sms]page:98
[2018-10-19 10:42:36][debug] [sms]client IP:118.89.52.235
[2018-10-19 10:42:36][debug] [sms]start:1539916956
[2018-10-19 10:42:39][debug] [sms]all num:10
[2018-10-19 10:42:39][debug] [sms]run num:10
[2018-10-19 10:42:39][debug] [sms]ok num:2
[2018-10-19 10:42:39][debug] [sms]no num:0
[2018-10-19 10:42:39][debug] [sms]run time:3
[2018-10-19 10:42:39][debug] [sms]end:1539916959
[2018-10-19 10:42:39][debug] [sms]page:https://bbs.sex002.xyz/plugin.php?id=tom_tchongbao:ajax&act=nitice_sms_hb_run&site=1&tongcheng_id=629&hongbao_id=67&page=99
[2018-10-19 10:42:40][debug] [sms]hongbao id:67
[2018-10-19 10:42:40][debug] [sms]page:99
[2018-10-19 10:42:40][debug] [sms]client IP:118.89.52.235
[2018-10-19 10:42:40][debug] [sms]start:1539916960
[2018-10-19 10:42:42][debug] [sms]all num:10
[2018-10-19 10:42:42][debug] [sms]run num:10
[2018-10-19 10:42:42][debug] [sms]ok num:5
[2018-10-19 10:42:42][debug] [sms]no num:0
[2018-10-19 10:42:42][debug] [sms]run time:2
[2018-10-19 10:42:42][debug] [sms]end:1539916962
[2018-10-19 10:42:42][debug] [sms]page:https://bbs.sex002.xyz/plugin.php?id=tom_tchongbao:ajax&act=nitice_sms_hb_run&site=1&tongcheng_id=629&hongbao_id=67&page=100
[2018-10-19 10:42:43][debug] [sms]hongbao id:67
[2018-10-19 10:42:43][debug] [sms]page:100
[2018-10-19 10:42:43][debug] [sms]client IP:118.89.52.235
[2018-10-19 10:42:43][debug] [sms]start:1539916963
[2018-10-19 10:42:45][debug] [sms]all num:10
[2018-10-19 10:42:45][debug] [sms]run num:10
[2018-10-19 10:42:45][debug] [sms]ok num:7
[2018-10-19 10:42:45][debug] [sms]no num:0
[2018-10-19 10:42:45][debug] [sms]run time:2
[2018-10-19 10:42:45][debug] [sms]end:1539916965
[2018-10-19 10:42:45][debug] [sms]page:https://bbs.sex002.xyz/plugin.php?id=tom_tchongbao:ajax&act=nitice_sms_hb_run&site=1&tongcheng_id=629&hongbao_id=67&page=101
[2018-10-19 10:42:46][debug] [sms]--------------------- over 101 -------------------------
