[2018-03-31 23:41:54][debug] [sms]--------------------- new -------------------------
[2018-03-31 23:41:54][debug] [sms]hongbao id:11
[2018-03-31 23:41:54][debug] [sms]page:1
[2018-03-31 23:41:54][debug] [sms]client IP:118.89.52.235
[2018-03-31 23:41:54][debug] [sms]start:1522510914
[2018-03-31 23:41:56][debug] [sms]all num:10
[2018-03-31 23:41:56][debug] [sms]run num:6
[2018-03-31 23:41:56][debug] [sms]ok num:5
[2018-03-31 23:41:56][debug] [sms]no num:0
[2018-03-31 23:41:56][debug] [sms]run time:2
[2018-03-31 23:41:56][debug] [sms]end:1522510916
[2018-03-31 23:41:56][debug] [sms]page:https://bbs.bivfw.top/plugin.php?id=tom_tchongbao:ajax&act=nitice_sms_hb_run&site=1&tongcheng_id=147&hongbao_id=11&page=2
[2018-03-31 23:41:56][debug] [sms]hongbao id:11
[2018-03-31 23:41:56][debug] [sms]page:2
[2018-03-31 23:41:56][debug] [sms]client IP:118.89.52.235
[2018-03-31 23:41:56][debug] [sms]start:1522510916
[2018-03-31 23:41:59][debug] [sms]all num:10
[2018-03-31 23:41:59][debug] [sms]run num:10
[2018-03-31 23:41:59][debug] [sms]ok num:9
[2018-03-31 23:41:59][debug] [sms]no num:0
[2018-03-31 23:41:59][debug] [sms]run time:3
[2018-03-31 23:41:59][debug] [sms]end:1522510919
[2018-03-31 23:41:59][debug] [sms]page:https://bbs.bivfw.top/plugin.php?id=tom_tchongbao:ajax&act=nitice_sms_hb_run&site=1&tongcheng_id=147&hongbao_id=11&page=3
[2018-03-31 23:41:59][debug] [sms]hongbao id:11
[2018-03-31 23:41:59][debug] [sms]page:3
[2018-03-31 23:41:59][debug] [sms]client IP:118.89.52.235
[2018-03-31 23:41:59][debug] [sms]start:1522510919
[2018-03-31 23:42:02][debug] [sms]all num:10
[2018-03-31 23:42:02][debug] [sms]run num:10
[2018-03-31 23:42:02][debug] [sms]ok num:10
[2018-03-31 23:42:02][debug] [sms]no num:0
[2018-03-31 23:42:02][debug] [sms]run time:3
[2018-03-31 23:42:02][debug] [sms]end:1522510922
[2018-03-31 23:42:02][debug] [sms]page:https://bbs.bivfw.top/plugin.php?id=tom_tchongbao:ajax&act=nitice_sms_hb_run&site=1&tongcheng_id=147&hongbao_id=11&page=4
[2018-03-31 23:42:03][debug] [sms]hongbao id:11
[2018-03-31 23:42:03][debug] [sms]page:4
[2018-03-31 23:42:03][debug] [sms]client IP:118.89.52.235
[2018-03-31 23:42:03][debug] [sms]start:1522510923
[2018-03-31 23:42:05][debug] [sms]all num:10
[2018-03-31 23:42:05][debug] [sms]run num:9
[2018-03-31 23:42:05][debug] [sms]ok num:7
[2018-03-31 23:42:05][debug] [sms]no num:0
[2018-03-31 23:42:05][debug] [sms]run time:2
[2018-03-31 23:42:05][debug] [sms]end:1522510925
[2018-03-31 23:42:05][debug] [sms]page:https://bbs.bivfw.top/plugin.php?id=tom_tchongbao:ajax&act=nitice_sms_hb_run&site=1&tongcheng_id=147&hongbao_id=11&page=5
[2018-03-31 23:42:06][debug] [sms]hongbao id:11
[2018-03-31 23:42:06][debug] [sms]page:5
[2018-03-31 23:42:06][debug] [sms]client IP:118.89.52.235
[2018-03-31 23:42:06][debug] [sms]start:1522510926
[2018-03-31 23:42:09][debug] [sms]all num:10
[2018-03-31 23:42:09][debug] [sms]run num:10
[2018-03-31 23:42:09][debug] [sms]ok num:10
[2018-03-31 23:42:09][debug] [sms]no num:0
[2018-03-31 23:42:09][debug] [sms]run time:3
[2018-03-31 23:42:09][debug] [sms]end:1522510929
[2018-03-31 23:42:09][debug] [sms]page:https://bbs.bivfw.top/plugin.php?id=tom_tchongbao:ajax&act=nitice_sms_hb_run&site=1&tongcheng_id=147&hongbao_id=11&page=6
[2018-03-31 23:42:09][debug] [sms]hongbao id:11
[2018-03-31 23:42:09][debug] [sms]page:6
[2018-03-31 23:42:09][debug] [sms]client IP:118.89.52.235
[2018-03-31 23:42:09][debug] [sms]start:1522510929
[2018-03-31 23:42:12][debug] [sms]all num:10
[2018-03-31 23:42:12][debug] [sms]run num:10
[2018-03-31 23:42:12][debug] [sms]ok num:10
[2018-03-31 23:42:12][debug] [sms]no num:0
[2018-03-31 23:42:12][debug] [sms]run time:3
[2018-03-31 23:42:12][debug] [sms]end:1522510932
[2018-03-31 23:42:12][debug] [sms]page:https://bbs.bivfw.top/plugin.php?id=tom_tchongbao:ajax&act=nitice_sms_hb_run&site=1&tongcheng_id=147&hongbao_id=11&page=7
[2018-03-31 23:42:12][debug] [sms]hongbao id:11
[2018-03-31 23:42:12][debug] [sms]page:7
[2018-03-31 23:42:12][debug] [sms]client IP:118.89.52.235
[2018-03-31 23:42:12][debug] [sms]start:1522510932
[2018-03-31 23:42:15][debug] [sms]all num:10
[2018-03-31 23:42:15][debug] [sms]run num:10
[2018-03-31 23:42:15][debug] [sms]ok num:9
[2018-03-31 23:42:15][debug] [sms]no num:0
[2018-03-31 23:42:15][debug] [sms]run time:3
[2018-03-31 23:42:15][debug] [sms]end:1522510935
[2018-03-31 23:42:15][debug] [sms]page:https://bbs.bivfw.top/plugin.php?id=tom_tchongbao:ajax&act=nitice_sms_hb_run&site=1&tongcheng_id=147&hongbao_id=11&page=8
[2018-03-31 23:42:15][debug] [sms]hongbao id:11
[2018-03-31 23:42:15][debug] [sms]page:8
[2018-03-31 23:42:15][debug] [sms]client IP:118.89.52.235
[2018-03-31 23:42:15][debug] [sms]start:1522510935
[2018-03-31 23:42:18][debug] [sms]all num:10
[2018-03-31 23:42:18][debug] [sms]run num:10
[2018-03-31 23:42:18][debug] [sms]ok num:10
[2018-03-31 23:42:18][debug] [sms]no num:0
[2018-03-31 23:42:18][debug] [sms]run time:3
[2018-03-31 23:42:18][debug] [sms]end:1522510938
[2018-03-31 23:42:18][debug] [sms]page:https://bbs.bivfw.top/plugin.php?id=tom_tchongbao:ajax&act=nitice_sms_hb_run&site=1&tongcheng_id=147&hongbao_id=11&page=9
[2018-03-31 23:42:18][debug] [sms]hongbao id:11
[2018-03-31 23:42:18][debug] [sms]page:9
[2018-03-31 23:42:18][debug] [sms]client IP:118.89.52.235
[2018-03-31 23:42:18][debug] [sms]start:1522510938
[2018-03-31 23:42:21][debug] [sms]all num:10
[2018-03-31 23:42:21][debug] [sms]run num:10
[2018-03-31 23:42:21][debug] [sms]ok num:9
[2018-03-31 23:42:21][debug] [sms]no num:0
[2018-03-31 23:42:21][debug] [sms]run time:3
[2018-03-31 23:42:21][debug] [sms]end:1522510941
[2018-03-31 23:42:21][debug] [sms]page:https://bbs.bivfw.top/plugin.php?id=tom_tchongbao:ajax&act=nitice_sms_hb_run&site=1&tongcheng_id=147&hongbao_id=11&page=10
[2018-03-31 23:42:21][debug] [sms]hongbao id:11
[2018-03-31 23:42:21][debug] [sms]page:10
[2018-03-31 23:42:21][debug] [sms]client IP:118.89.52.235
[2018-03-31 23:42:21][debug] [sms]start:1522510941
[2018-03-31 23:42:24][debug] [sms]all num:10
[2018-03-31 23:42:24][debug] [sms]run num:10
[2018-03-31 23:42:24][debug] [sms]ok num:10
[2018-03-31 23:42:24][debug] [sms]no num:0
[2018-03-31 23:42:24][debug] [sms]run time:3
[2018-03-31 23:42:24][debug] [sms]end:1522510944
[2018-03-31 23:42:24][debug] [sms]page:https://bbs.bivfw.top/plugin.php?id=tom_tchongbao:ajax&act=nitice_sms_hb_run&site=1&tongcheng_id=147&hongbao_id=11&page=11
[2018-03-31 23:42:24][debug] [sms]hongbao id:11
[2018-03-31 23:42:24][debug] [sms]page:11
[2018-03-31 23:42:24][debug] [sms]client IP:118.89.52.235
[2018-03-31 23:42:24][debug] [sms]start:1522510944
[2018-03-31 23:42:27][debug] [sms]all num:10
[2018-03-31 23:42:27][debug] [sms]run num:10
[2018-03-31 23:42:27][debug] [sms]ok num:8
[2018-03-31 23:42:27][debug] [sms]no num:0
[2018-03-31 23:42:27][debug] [sms]run time:3
[2018-03-31 23:42:27][debug] [sms]end:1522510947
[2018-03-31 23:42:27][debug] [sms]page:https://bbs.bivfw.top/plugin.php?id=tom_tchongbao:ajax&act=nitice_sms_hb_run&site=1&tongcheng_id=147&hongbao_id=11&page=12
[2018-03-31 23:42:27][debug] [sms]hongbao id:11
[2018-03-31 23:42:27][debug] [sms]page:12
[2018-03-31 23:42:27][debug] [sms]client IP:118.89.52.235
[2018-03-31 23:42:27][debug] [sms]start:1522510947
[2018-03-31 23:42:30][debug] [sms]all num:10
[2018-03-31 23:42:30][debug] [sms]run num:10
[2018-03-31 23:42:30][debug] [sms]ok num:10
[2018-03-31 23:42:30][debug] [sms]no num:0
[2018-03-31 23:42:30][debug] [sms]run time:3
[2018-03-31 23:42:30][debug] [sms]end:1522510950
[2018-03-31 23:42:30][debug] [sms]page:https://bbs.bivfw.top/plugin.php?id=tom_tchongbao:ajax&act=nitice_sms_hb_run&site=1&tongcheng_id=147&hongbao_id=11&page=13
[2018-03-31 23:42:30][debug] [sms]hongbao id:11
[2018-03-31 23:42:30][debug] [sms]page:13
[2018-03-31 23:42:30][debug] [sms]client IP:118.89.52.235
[2018-03-31 23:42:30][debug] [sms]start:1522510950
[2018-03-31 23:42:33][debug] [sms]all num:10
[2018-03-31 23:42:33][debug] [sms]run num:10
[2018-03-31 23:42:33][debug] [sms]ok num:8
[2018-03-31 23:42:33][debug] [sms]no num:0
[2018-03-31 23:42:33][debug] [sms]run time:3
[2018-03-31 23:42:33][debug] [sms]end:1522510953
[2018-03-31 23:42:33][debug] [sms]page:https://bbs.bivfw.top/plugin.php?id=tom_tchongbao:ajax&act=nitice_sms_hb_run&site=1&tongcheng_id=147&hongbao_id=11&page=14
[2018-03-31 23:42:33][debug] [sms]hongbao id:11
[2018-03-31 23:42:33][debug] [sms]page:14
[2018-03-31 23:42:33][debug] [sms]client IP:118.89.52.235
[2018-03-31 23:42:33][debug] [sms]start:1522510953
[2018-03-31 23:42:36][debug] [sms]all num:10
[2018-03-31 23:42:36][debug] [sms]run num:9
[2018-03-31 23:42:36][debug] [sms]ok num:8
[2018-03-31 23:42:36][debug] [sms]no num:0
[2018-03-31 23:42:36][debug] [sms]run time:3
[2018-03-31 23:42:36][debug] [sms]end:1522510956
[2018-03-31 23:42:36][debug] [sms]page:https://bbs.bivfw.top/plugin.php?id=tom_tchongbao:ajax&act=nitice_sms_hb_run&site=1&tongcheng_id=147&hongbao_id=11&page=15
[2018-03-31 23:42:37][debug] [sms]hongbao id:11
[2018-03-31 23:42:37][debug] [sms]page:15
[2018-03-31 23:42:37][debug] [sms]client IP:118.89.52.235
[2018-03-31 23:42:37][debug] [sms]start:1522510957
[2018-03-31 23:42:39][debug] [sms]all num:10
[2018-03-31 23:42:39][debug] [sms]run num:10
[2018-03-31 23:42:39][debug] [sms]ok num:10
[2018-03-31 23:42:39][debug] [sms]no num:0
[2018-03-31 23:42:39][debug] [sms]run time:2
[2018-03-31 23:42:39][debug] [sms]end:1522510959
[2018-03-31 23:42:39][debug] [sms]page:https://bbs.bivfw.top/plugin.php?id=tom_tchongbao:ajax&act=nitice_sms_hb_run&site=1&tongcheng_id=147&hongbao_id=11&page=16
[2018-03-31 23:42:40][debug] [sms]hongbao id:11
[2018-03-31 23:42:40][debug] [sms]page:16
[2018-03-31 23:42:40][debug] [sms]client IP:118.89.52.235
[2018-03-31 23:42:40][debug] [sms]start:1522510960
[2018-03-31 23:42:42][debug] [sms]all num:10
[2018-03-31 23:42:42][debug] [sms]run num:10
[2018-03-31 23:42:42][debug] [sms]ok num:10
[2018-03-31 23:42:42][debug] [sms]no num:0
[2018-03-31 23:42:42][debug] [sms]run time:2
[2018-03-31 23:42:42][debug] [sms]end:1522510962
[2018-03-31 23:42:42][debug] [sms]page:https://bbs.bivfw.top/plugin.php?id=tom_tchongbao:ajax&act=nitice_sms_hb_run&site=1&tongcheng_id=147&hongbao_id=11&page=17
[2018-03-31 23:42:43][debug] [sms]hongbao id:11
[2018-03-31 23:42:43][debug] [sms]page:17
[2018-03-31 23:42:43][debug] [sms]client IP:118.89.52.235
[2018-03-31 23:42:43][debug] [sms]start:1522510963
[2018-03-31 23:42:45][debug] [sms]all num:10
[2018-03-31 23:42:45][debug] [sms]run num:10
[2018-03-31 23:42:45][debug] [sms]ok num:7
[2018-03-31 23:42:45][debug] [sms]no num:0
[2018-03-31 23:42:45][debug] [sms]run time:2
[2018-03-31 23:42:45][debug] [sms]end:1522510965
[2018-03-31 23:42:45][debug] [sms]page:https://bbs.bivfw.top/plugin.php?id=tom_tchongbao:ajax&act=nitice_sms_hb_run&site=1&tongcheng_id=147&hongbao_id=11&page=18
[2018-03-31 23:42:45][debug] [sms]hongbao id:11
[2018-03-31 23:42:45][debug] [sms]page:18
[2018-03-31 23:42:45][debug] [sms]client IP:118.89.52.235
[2018-03-31 23:42:45][debug] [sms]start:1522510965
[2018-03-31 23:42:48][debug] [sms]all num:10
[2018-03-31 23:42:48][debug] [sms]run num:10
[2018-03-31 23:42:48][debug] [sms]ok num:9
[2018-03-31 23:42:48][debug] [sms]no num:0
[2018-03-31 23:42:48][debug] [sms]run time:3
[2018-03-31 23:42:48][debug] [sms]end:1522510968
[2018-03-31 23:42:48][debug] [sms]page:https://bbs.bivfw.top/plugin.php?id=tom_tchongbao:ajax&act=nitice_sms_hb_run&site=1&tongcheng_id=147&hongbao_id=11&page=19
[2018-03-31 23:42:49][debug] [sms]hongbao id:11
[2018-03-31 23:42:49][debug] [sms]page:19
[2018-03-31 23:42:49][debug] [sms]client IP:118.89.52.235
[2018-03-31 23:42:49][debug] [sms]start:1522510969
[2018-03-31 23:42:51][debug] [sms]all num:10
[2018-03-31 23:42:51][debug] [sms]run num:10
[2018-03-31 23:42:51][debug] [sms]ok num:3
[2018-03-31 23:42:51][debug] [sms]no num:0
[2018-03-31 23:42:51][debug] [sms]run time:2
[2018-03-31 23:42:51][debug] [sms]end:1522510971
[2018-03-31 23:42:51][debug] [sms]page:https://bbs.bivfw.top/plugin.php?id=tom_tchongbao:ajax&act=nitice_sms_hb_run&site=1&tongcheng_id=147&hongbao_id=11&page=20
[2018-03-31 23:42:52][debug] [sms]hongbao id:11
[2018-03-31 23:42:52][debug] [sms]page:20
[2018-03-31 23:42:52][debug] [sms]client IP:118.89.52.235
[2018-03-31 23:42:52][debug] [sms]start:1522510972
[2018-03-31 23:42:55][debug] [sms]all num:10
[2018-03-31 23:42:55][debug] [sms]run num:10
[2018-03-31 23:42:55][debug] [sms]ok num:2
[2018-03-31 23:42:55][debug] [sms]no num:0
[2018-03-31 23:42:55][debug] [sms]run time:3
[2018-03-31 23:42:55][debug] [sms]end:1522510975
[2018-03-31 23:42:55][debug] [sms]page:https://bbs.bivfw.top/plugin.php?id=tom_tchongbao:ajax&act=nitice_sms_hb_run&site=1&tongcheng_id=147&hongbao_id=11&page=21
[2018-03-31 23:42:55][debug] [sms]hongbao id:11
[2018-03-31 23:42:55][debug] [sms]page:21
[2018-03-31 23:42:55][debug] [sms]client IP:118.89.52.235
[2018-03-31 23:42:55][debug] [sms]start:1522510975
[2018-03-31 23:42:58][debug] [sms]all num:10
[2018-03-31 23:42:58][debug] [sms]run num:10
[2018-03-31 23:42:58][debug] [sms]ok num:6
[2018-03-31 23:42:58][debug] [sms]no num:0
[2018-03-31 23:42:58][debug] [sms]run time:3
[2018-03-31 23:42:58][debug] [sms]end:1522510978
[2018-03-31 23:42:58][debug] [sms]page:https://bbs.bivfw.top/plugin.php?id=tom_tchongbao:ajax&act=nitice_sms_hb_run&site=1&tongcheng_id=147&hongbao_id=11&page=22
[2018-03-31 23:42:58][debug] [sms]hongbao id:11
[2018-03-31 23:42:58][debug] [sms]page:22
[2018-03-31 23:42:58][debug] [sms]client IP:118.89.52.235
[2018-03-31 23:42:58][debug] [sms]start:1522510978
[2018-03-31 23:43:01][debug] [sms]all num:10
[2018-03-31 23:43:01][debug] [sms]run num:10
[2018-03-31 23:43:01][debug] [sms]ok num:6
[2018-03-31 23:43:01][debug] [sms]no num:0
[2018-03-31 23:43:01][debug] [sms]run time:3
[2018-03-31 23:43:01][debug] [sms]end:1522510981
[2018-03-31 23:43:01][debug] [sms]page:https://bbs.bivfw.top/plugin.php?id=tom_tchongbao:ajax&act=nitice_sms_hb_run&site=1&tongcheng_id=147&hongbao_id=11&page=23
[2018-03-31 23:43:02][debug] [sms]hongbao id:11
[2018-03-31 23:43:02][debug] [sms]page:23
[2018-03-31 23:43:02][debug] [sms]client IP:118.89.52.235
[2018-03-31 23:43:02][debug] [sms]start:1522510982
[2018-03-31 23:43:04][debug] [sms]all num:10
[2018-03-31 23:43:04][debug] [sms]run num:10
[2018-03-31 23:43:04][debug] [sms]ok num:3
[2018-03-31 23:43:04][debug] [sms]no num:0
[2018-03-31 23:43:04][debug] [sms]run time:2
[2018-03-31 23:43:04][debug] [sms]end:1522510984
[2018-03-31 23:43:04][debug] [sms]page:https://bbs.bivfw.top/plugin.php?id=tom_tchongbao:ajax&act=nitice_sms_hb_run&site=1&tongcheng_id=147&hongbao_id=11&page=24
[2018-03-31 23:43:05][debug] [sms]hongbao id:11
[2018-03-31 23:43:05][debug] [sms]page:24
[2018-03-31 23:43:05][debug] [sms]client IP:118.89.52.235
[2018-03-31 23:43:05][debug] [sms]start:1522510985
[2018-03-31 23:43:07][debug] [sms]all num:10
[2018-03-31 23:43:07][debug] [sms]run num:10
[2018-03-31 23:43:07][debug] [sms]ok num:8
[2018-03-31 23:43:07][debug] [sms]no num:0
[2018-03-31 23:43:07][debug] [sms]run time:2
[2018-03-31 23:43:07][debug] [sms]end:1522510987
[2018-03-31 23:43:07][debug] [sms]page:https://bbs.bivfw.top/plugin.php?id=tom_tchongbao:ajax&act=nitice_sms_hb_run&site=1&tongcheng_id=147&hongbao_id=11&page=25
[2018-03-31 23:43:08][debug] [sms]hongbao id:11
[2018-03-31 23:43:08][debug] [sms]page:25
[2018-03-31 23:43:08][debug] [sms]client IP:118.89.52.235
[2018-03-31 23:43:08][debug] [sms]start:1522510988
[2018-03-31 23:43:10][debug] [sms]all num:10
[2018-03-31 23:43:10][debug] [sms]run num:10
[2018-03-31 23:43:10][debug] [sms]ok num:5
[2018-03-31 23:43:10][debug] [sms]no num:0
[2018-03-31 23:43:10][debug] [sms]run time:2
[2018-03-31 23:43:10][debug] [sms]end:1522510990
[2018-03-31 23:43:10][debug] [sms]page:https://bbs.bivfw.top/plugin.php?id=tom_tchongbao:ajax&act=nitice_sms_hb_run&site=1&tongcheng_id=147&hongbao_id=11&page=26
[2018-03-31 23:43:11][debug] [sms]hongbao id:11
[2018-03-31 23:43:11][debug] [sms]page:26
[2018-03-31 23:43:11][debug] [sms]client IP:118.89.52.235
[2018-03-31 23:43:11][debug] [sms]start:1522510991
[2018-03-31 23:43:13][debug] [sms]all num:10
[2018-03-31 23:43:13][debug] [sms]run num:10
[2018-03-31 23:43:13][debug] [sms]ok num:4
[2018-03-31 23:43:13][debug] [sms]no num:0
[2018-03-31 23:43:13][debug] [sms]run time:2
[2018-03-31 23:43:13][debug] [sms]end:1522510993
[2018-03-31 23:43:13][debug] [sms]page:https://bbs.bivfw.top/plugin.php?id=tom_tchongbao:ajax&act=nitice_sms_hb_run&site=1&tongcheng_id=147&hongbao_id=11&page=27
[2018-03-31 23:43:14][debug] [sms]hongbao id:11
[2018-03-31 23:43:14][debug] [sms]page:27
[2018-03-31 23:43:14][debug] [sms]client IP:118.89.52.235
[2018-03-31 23:43:14][debug] [sms]start:1522510994
[2018-03-31 23:43:17][debug] [sms]all num:10
[2018-03-31 23:43:17][debug] [sms]run num:10
[2018-03-31 23:43:17][debug] [sms]ok num:3
[2018-03-31 23:43:17][debug] [sms]no num:0
[2018-03-31 23:43:17][debug] [sms]run time:3
[2018-03-31 23:43:17][debug] [sms]end:1522510997
[2018-03-31 23:43:17][debug] [sms]page:https://bbs.bivfw.top/plugin.php?id=tom_tchongbao:ajax&act=nitice_sms_hb_run&site=1&tongcheng_id=147&hongbao_id=11&page=28
[2018-03-31 23:43:17][debug] [sms]hongbao id:11
[2018-03-31 23:43:17][debug] [sms]page:28
[2018-03-31 23:43:17][debug] [sms]client IP:118.89.52.235
[2018-03-31 23:43:17][debug] [sms]start:1522510997
[2018-03-31 23:43:19][debug] [sms]all num:9
[2018-03-31 23:43:19][debug] [sms]run num:9
[2018-03-31 23:43:19][debug] [sms]ok num:4
[2018-03-31 23:43:19][debug] [sms]no num:0
[2018-03-31 23:43:19][debug] [sms]run time:2
[2018-03-31 23:43:19][debug] [sms]end:1522510999
[2018-03-31 23:43:19][debug] [sms]page:https://bbs.bivfw.top/plugin.php?id=tom_tchongbao:ajax&act=nitice_sms_hb_run&site=1&tongcheng_id=147&hongbao_id=11&page=29
[2018-03-31 23:43:20][debug] [sms]hongbao id:11
[2018-03-31 23:43:20][debug] [sms]page:29
[2018-03-31 23:43:20][debug] [sms]client IP:118.89.52.235
[2018-03-31 23:43:20][debug] [sms]start:1522511000
[2018-03-31 23:43:20][debug] [sms]all num:0
[2018-03-31 23:43:20][debug] [sms]run num:0
[2018-03-31 23:43:20][debug] [sms]ok num:0
[2018-03-31 23:43:20][debug] [sms]no num:0
[2018-03-31 23:43:20][debug] [sms]run time:0
[2018-03-31 23:43:20][debug] [sms]end:1522511000
[2018-03-31 23:43:20][debug] [sms]over:1522511000
