[2018-07-02 11:53:12][debug] [sms]--------------------- new -------------------------
[2018-07-02 11:53:12][debug] [sms]hongbao id:47
[2018-07-02 11:53:12][debug] [sms]page:1
[2018-07-02 11:53:12][debug] [sms]client IP:118.89.52.235
[2018-07-02 11:53:12][debug] [sms]start:1530503592
[2018-07-02 11:53:16][debug] [sms]all num:10
[2018-07-02 11:53:16][debug] [sms]run num:10
[2018-07-02 11:53:16][debug] [sms]ok num:4
[2018-07-02 11:53:16][debug] [sms]no num:0
[2018-07-02 11:53:16][debug] [sms]run time:4
[2018-07-02 11:53:16][debug] [sms]end:1530503596
[2018-07-02 11:53:16][debug] [sms]page:https://bbs.bivfw.top/plugin.php?id=tom_tchongbao:ajax&act=nitice_sms_hb_run&site=1&tongcheng_id=386&hongbao_id=47&page=2
[2018-07-02 11:53:16][debug] [sms]hongbao id:47
[2018-07-02 11:53:16][debug] [sms]page:2
[2018-07-02 11:53:16][debug] [sms]client IP:118.89.52.235
[2018-07-02 11:53:16][debug] [sms]start:1530503596
[2018-07-02 11:53:19][debug] [sms]all num:10
[2018-07-02 11:53:19][debug] [sms]run num:10
[2018-07-02 11:53:19][debug] [sms]ok num:5
[2018-07-02 11:53:19][debug] [sms]no num:0
[2018-07-02 11:53:19][debug] [sms]run time:3
[2018-07-02 11:53:19][debug] [sms]end:1530503599
[2018-07-02 11:53:19][debug] [sms]page:https://bbs.bivfw.top/plugin.php?id=tom_tchongbao:ajax&act=nitice_sms_hb_run&site=1&tongcheng_id=386&hongbao_id=47&page=3
[2018-07-02 11:53:19][debug] [sms]hongbao id:47
[2018-07-02 11:53:19][debug] [sms]page:3
[2018-07-02 11:53:19][debug] [sms]client IP:118.89.52.235
[2018-07-02 11:53:19][debug] [sms]start:1530503599
[2018-07-02 11:53:23][debug] [sms]all num:10
[2018-07-02 11:53:23][debug] [sms]run num:10
[2018-07-02 11:53:23][debug] [sms]ok num:5
[2018-07-02 11:53:23][debug] [sms]no num:0
[2018-07-02 11:53:23][debug] [sms]run time:4
[2018-07-02 11:53:23][debug] [sms]end:1530503603
[2018-07-02 11:53:23][debug] [sms]page:https://bbs.bivfw.top/plugin.php?id=tom_tchongbao:ajax&act=nitice_sms_hb_run&site=1&tongcheng_id=386&hongbao_id=47&page=4
[2018-07-02 11:53:23][debug] [sms]hongbao id:47
[2018-07-02 11:53:23][debug] [sms]page:4
[2018-07-02 11:53:23][debug] [sms]client IP:118.89.52.235
[2018-07-02 11:53:23][debug] [sms]start:1530503603
[2018-07-02 11:53:26][debug] [sms]all num:10
[2018-07-02 11:53:26][debug] [sms]run num:10
[2018-07-02 11:53:26][debug] [sms]ok num:8
[2018-07-02 11:53:26][debug] [sms]no num:0
[2018-07-02 11:53:26][debug] [sms]run time:3
[2018-07-02 11:53:26][debug] [sms]end:1530503606
[2018-07-02 11:53:26][debug] [sms]page:https://bbs.bivfw.top/plugin.php?id=tom_tchongbao:ajax&act=nitice_sms_hb_run&site=1&tongcheng_id=386&hongbao_id=47&page=5
[2018-07-02 11:53:27][debug] [sms]hongbao id:47
[2018-07-02 11:53:27][debug] [sms]page:5
[2018-07-02 11:53:27][debug] [sms]client IP:118.89.52.235
[2018-07-02 11:53:27][debug] [sms]start:1530503607
[2018-07-02 11:53:30][debug] [sms]all num:10
[2018-07-02 11:53:30][debug] [sms]run num:10
[2018-07-02 11:53:30][debug] [sms]ok num:10
[2018-07-02 11:53:30][debug] [sms]no num:0
[2018-07-02 11:53:30][debug] [sms]run time:3
[2018-07-02 11:53:30][debug] [sms]end:1530503610
[2018-07-02 11:53:30][debug] [sms]page:https://bbs.bivfw.top/plugin.php?id=tom_tchongbao:ajax&act=nitice_sms_hb_run&site=1&tongcheng_id=386&hongbao_id=47&page=6
[2018-07-02 11:53:30][debug] [sms]hongbao id:47
[2018-07-02 11:53:30][debug] [sms]page:6
[2018-07-02 11:53:30][debug] [sms]client IP:118.89.52.235
[2018-07-02 11:53:30][debug] [sms]start:1530503610
[2018-07-02 11:53:33][debug] [sms]all num:10
[2018-07-02 11:53:33][debug] [sms]run num:10
[2018-07-02 11:53:33][debug] [sms]ok num:6
[2018-07-02 11:53:33][debug] [sms]no num:0
[2018-07-02 11:53:33][debug] [sms]run time:3
[2018-07-02 11:53:33][debug] [sms]end:1530503613
[2018-07-02 11:53:33][debug] [sms]page:https://bbs.bivfw.top/plugin.php?id=tom_tchongbao:ajax&act=nitice_sms_hb_run&site=1&tongcheng_id=386&hongbao_id=47&page=7
[2018-07-02 11:53:33][debug] [sms]hongbao id:47
[2018-07-02 11:53:33][debug] [sms]page:7
[2018-07-02 11:53:33][debug] [sms]client IP:118.89.52.235
[2018-07-02 11:53:33][debug] [sms]start:1530503613
[2018-07-02 11:53:36][debug] [sms]all num:10
[2018-07-02 11:53:36][debug] [sms]run num:10
[2018-07-02 11:53:36][debug] [sms]ok num:10
[2018-07-02 11:53:36][debug] [sms]no num:0
[2018-07-02 11:53:36][debug] [sms]run time:3
[2018-07-02 11:53:36][debug] [sms]end:1530503616
[2018-07-02 11:53:36][debug] [sms]page:https://bbs.bivfw.top/plugin.php?id=tom_tchongbao:ajax&act=nitice_sms_hb_run&site=1&tongcheng_id=386&hongbao_id=47&page=8
[2018-07-02 11:53:36][debug] [sms]hongbao id:47
[2018-07-02 11:53:36][debug] [sms]page:8
[2018-07-02 11:53:36][debug] [sms]client IP:118.89.52.235
[2018-07-02 11:53:36][debug] [sms]start:1530503616
[2018-07-02 11:53:39][debug] [sms]all num:10
[2018-07-02 11:53:39][debug] [sms]run num:10
[2018-07-02 11:53:39][debug] [sms]ok num:10
[2018-07-02 11:53:39][debug] [sms]no num:0
[2018-07-02 11:53:39][debug] [sms]run time:3
[2018-07-02 11:53:39][debug] [sms]end:1530503619
[2018-07-02 11:53:39][debug] [sms]page:https://bbs.bivfw.top/plugin.php?id=tom_tchongbao:ajax&act=nitice_sms_hb_run&site=1&tongcheng_id=386&hongbao_id=47&page=9
[2018-07-02 11:53:40][debug] [sms]hongbao id:47
[2018-07-02 11:53:40][debug] [sms]page:9
[2018-07-02 11:53:40][debug] [sms]client IP:118.89.52.235
[2018-07-02 11:53:40][debug] [sms]start:1530503620
[2018-07-02 11:53:43][debug] [sms]all num:10
[2018-07-02 11:53:43][debug] [sms]run num:10
[2018-07-02 11:53:43][debug] [sms]ok num:9
[2018-07-02 11:53:43][debug] [sms]no num:0
[2018-07-02 11:53:43][debug] [sms]run time:3
[2018-07-02 11:53:43][debug] [sms]end:1530503623
[2018-07-02 11:53:43][debug] [sms]page:https://bbs.bivfw.top/plugin.php?id=tom_tchongbao:ajax&act=nitice_sms_hb_run&site=1&tongcheng_id=386&hongbao_id=47&page=10
[2018-07-02 11:53:43][debug] [sms]hongbao id:47
[2018-07-02 11:53:43][debug] [sms]page:10
[2018-07-02 11:53:43][debug] [sms]client IP:118.89.52.235
[2018-07-02 11:53:43][debug] [sms]start:1530503623
[2018-07-02 11:53:46][debug] [sms]all num:10
[2018-07-02 11:53:46][debug] [sms]run num:10
[2018-07-02 11:53:46][debug] [sms]ok num:6
[2018-07-02 11:53:46][debug] [sms]no num:0
[2018-07-02 11:53:46][debug] [sms]run time:3
[2018-07-02 11:53:46][debug] [sms]end:1530503626
[2018-07-02 11:53:46][debug] [sms]page:https://bbs.bivfw.top/plugin.php?id=tom_tchongbao:ajax&act=nitice_sms_hb_run&site=1&tongcheng_id=386&hongbao_id=47&page=11
[2018-07-02 11:53:46][debug] [sms]hongbao id:47
[2018-07-02 11:53:46][debug] [sms]page:11
[2018-07-02 11:53:46][debug] [sms]client IP:118.89.52.235
[2018-07-02 11:53:46][debug] [sms]start:1530503626
[2018-07-02 11:53:49][debug] [sms]all num:10
[2018-07-02 11:53:49][debug] [sms]run num:10
[2018-07-02 11:53:49][debug] [sms]ok num:8
[2018-07-02 11:53:49][debug] [sms]no num:0
[2018-07-02 11:53:49][debug] [sms]run time:3
[2018-07-02 11:53:49][debug] [sms]end:1530503629
[2018-07-02 11:53:49][debug] [sms]page:https://bbs.bivfw.top/plugin.php?id=tom_tchongbao:ajax&act=nitice_sms_hb_run&site=1&tongcheng_id=386&hongbao_id=47&page=12
[2018-07-02 11:53:50][debug] [sms]hongbao id:47
[2018-07-02 11:53:50][debug] [sms]page:12
[2018-07-02 11:53:50][debug] [sms]client IP:118.89.52.235
[2018-07-02 11:53:50][debug] [sms]start:1530503630
[2018-07-02 11:53:53][debug] [sms]all num:10
[2018-07-02 11:53:53][debug] [sms]run num:10
[2018-07-02 11:53:53][debug] [sms]ok num:6
[2018-07-02 11:53:53][debug] [sms]no num:0
[2018-07-02 11:53:53][debug] [sms]run time:3
[2018-07-02 11:53:53][debug] [sms]end:1530503633
[2018-07-02 11:53:53][debug] [sms]page:https://bbs.bivfw.top/plugin.php?id=tom_tchongbao:ajax&act=nitice_sms_hb_run&site=1&tongcheng_id=386&hongbao_id=47&page=13
[2018-07-02 11:53:53][debug] [sms]hongbao id:47
[2018-07-02 11:53:53][debug] [sms]page:13
[2018-07-02 11:53:53][debug] [sms]client IP:118.89.52.235
[2018-07-02 11:53:53][debug] [sms]start:1530503633
[2018-07-02 11:53:56][debug] [sms]all num:10
[2018-07-02 11:53:56][debug] [sms]run num:10
[2018-07-02 11:53:56][debug] [sms]ok num:7
[2018-07-02 11:53:56][debug] [sms]no num:0
[2018-07-02 11:53:56][debug] [sms]run time:3
[2018-07-02 11:53:56][debug] [sms]end:1530503636
[2018-07-02 11:53:56][debug] [sms]page:https://bbs.bivfw.top/plugin.php?id=tom_tchongbao:ajax&act=nitice_sms_hb_run&site=1&tongcheng_id=386&hongbao_id=47&page=14
[2018-07-02 11:53:56][debug] [sms]hongbao id:47
[2018-07-02 11:53:56][debug] [sms]page:14
[2018-07-02 11:53:56][debug] [sms]client IP:118.89.52.235
[2018-07-02 11:53:56][debug] [sms]start:1530503636
[2018-07-02 11:53:59][debug] [sms]all num:10
[2018-07-02 11:53:59][debug] [sms]run num:10
[2018-07-02 11:53:59][debug] [sms]ok num:9
[2018-07-02 11:53:59][debug] [sms]no num:0
[2018-07-02 11:53:59][debug] [sms]run time:3
[2018-07-02 11:53:59][debug] [sms]end:1530503639
[2018-07-02 11:53:59][debug] [sms]page:https://bbs.bivfw.top/plugin.php?id=tom_tchongbao:ajax&act=nitice_sms_hb_run&site=1&tongcheng_id=386&hongbao_id=47&page=15
[2018-07-02 11:54:00][debug] [sms]hongbao id:47
[2018-07-02 11:54:00][debug] [sms]page:15
[2018-07-02 11:54:00][debug] [sms]client IP:118.89.52.235
[2018-07-02 11:54:00][debug] [sms]start:1530503640
[2018-07-02 11:54:03][debug] [sms]all num:10
[2018-07-02 11:54:03][debug] [sms]run num:10
[2018-07-02 11:54:03][debug] [sms]ok num:3
[2018-07-02 11:54:03][debug] [sms]no num:0
[2018-07-02 11:54:03][debug] [sms]run time:3
[2018-07-02 11:54:03][debug] [sms]end:1530503643
[2018-07-02 11:54:03][debug] [sms]page:https://bbs.bivfw.top/plugin.php?id=tom_tchongbao:ajax&act=nitice_sms_hb_run&site=1&tongcheng_id=386&hongbao_id=47&page=16
[2018-07-02 11:54:03][debug] [sms]hongbao id:47
[2018-07-02 11:54:03][debug] [sms]page:16
[2018-07-02 11:54:03][debug] [sms]client IP:118.89.52.235
[2018-07-02 11:54:03][debug] [sms]start:1530503643
[2018-07-02 11:54:06][debug] [sms]all num:10
[2018-07-02 11:54:06][debug] [sms]run num:10
[2018-07-02 11:54:06][debug] [sms]ok num:3
[2018-07-02 11:54:06][debug] [sms]no num:0
[2018-07-02 11:54:06][debug] [sms]run time:3
[2018-07-02 11:54:06][debug] [sms]end:1530503646
[2018-07-02 11:54:06][debug] [sms]page:https://bbs.bivfw.top/plugin.php?id=tom_tchongbao:ajax&act=nitice_sms_hb_run&site=1&tongcheng_id=386&hongbao_id=47&page=17
[2018-07-02 11:54:06][debug] [sms]hongbao id:47
[2018-07-02 11:54:06][debug] [sms]page:17
[2018-07-02 11:54:06][debug] [sms]client IP:118.89.52.235
[2018-07-02 11:54:06][debug] [sms]start:1530503646
[2018-07-02 11:54:09][debug] [sms]all num:10
[2018-07-02 11:54:09][debug] [sms]run num:10
[2018-07-02 11:54:09][debug] [sms]ok num:6
[2018-07-02 11:54:09][debug] [sms]no num:0
[2018-07-02 11:54:09][debug] [sms]run time:3
[2018-07-02 11:54:09][debug] [sms]end:1530503649
[2018-07-02 11:54:09][debug] [sms]page:https://bbs.bivfw.top/plugin.php?id=tom_tchongbao:ajax&act=nitice_sms_hb_run&site=1&tongcheng_id=386&hongbao_id=47&page=18
[2018-07-02 11:54:09][debug] [sms]hongbao id:47
[2018-07-02 11:54:09][debug] [sms]page:18
[2018-07-02 11:54:09][debug] [sms]client IP:118.89.52.235
[2018-07-02 11:54:09][debug] [sms]start:1530503649
[2018-07-02 11:54:12][debug] [sms]all num:10
[2018-07-02 11:54:12][debug] [sms]run num:10
[2018-07-02 11:54:12][debug] [sms]ok num:5
[2018-07-02 11:54:12][debug] [sms]no num:0
[2018-07-02 11:54:12][debug] [sms]run time:3
[2018-07-02 11:54:12][debug] [sms]end:1530503652
[2018-07-02 11:54:12][debug] [sms]page:https://bbs.bivfw.top/plugin.php?id=tom_tchongbao:ajax&act=nitice_sms_hb_run&site=1&tongcheng_id=386&hongbao_id=47&page=19
[2018-07-02 11:54:13][debug] [sms]hongbao id:47
[2018-07-02 11:54:13][debug] [sms]page:19
[2018-07-02 11:54:13][debug] [sms]client IP:118.89.52.235
[2018-07-02 11:54:13][debug] [sms]start:1530503653
[2018-07-02 11:54:16][debug] [sms]all num:10
[2018-07-02 11:54:16][debug] [sms]run num:10
[2018-07-02 11:54:16][debug] [sms]ok num:9
[2018-07-02 11:54:16][debug] [sms]no num:0
[2018-07-02 11:54:16][debug] [sms]run time:3
[2018-07-02 11:54:16][debug] [sms]end:1530503656
[2018-07-02 11:54:16][debug] [sms]page:https://bbs.bivfw.top/plugin.php?id=tom_tchongbao:ajax&act=nitice_sms_hb_run&site=1&tongcheng_id=386&hongbao_id=47&page=20
[2018-07-02 11:54:17][debug] [sms]hongbao id:47
[2018-07-02 11:54:17][debug] [sms]page:20
[2018-07-02 11:54:17][debug] [sms]client IP:118.89.52.235
[2018-07-02 11:54:17][debug] [sms]start:1530503657
[2018-07-02 11:54:21][debug] [sms]all num:10
[2018-07-02 11:54:21][debug] [sms]run num:10
[2018-07-02 11:54:21][debug] [sms]ok num:7
[2018-07-02 11:54:21][debug] [sms]no num:0
[2018-07-02 11:54:21][debug] [sms]run time:4
[2018-07-02 11:54:21][debug] [sms]end:1530503661
[2018-07-02 11:54:21][debug] [sms]page:https://bbs.bivfw.top/plugin.php?id=tom_tchongbao:ajax&act=nitice_sms_hb_run&site=1&tongcheng_id=386&hongbao_id=47&page=21
[2018-07-02 11:54:21][debug] [sms]hongbao id:47
[2018-07-02 11:54:21][debug] [sms]page:21
[2018-07-02 11:54:21][debug] [sms]client IP:118.89.52.235
[2018-07-02 11:54:21][debug] [sms]start:1530503661
[2018-07-02 11:54:26][debug] [sms]all num:10
[2018-07-02 11:54:26][debug] [sms]run num:10
[2018-07-02 11:54:26][debug] [sms]ok num:7
[2018-07-02 11:54:26][debug] [sms]no num:0
[2018-07-02 11:54:26][debug] [sms]run time:5
[2018-07-02 11:54:26][debug] [sms]end:1530503666
[2018-07-02 11:54:26][debug] [sms]page:https://bbs.bivfw.top/plugin.php?id=tom_tchongbao:ajax&act=nitice_sms_hb_run&site=1&tongcheng_id=386&hongbao_id=47&page=22
[2018-07-02 11:54:26][debug] [sms]hongbao id:47
[2018-07-02 11:54:26][debug] [sms]page:22
[2018-07-02 11:54:26][debug] [sms]client IP:118.89.52.235
[2018-07-02 11:54:26][debug] [sms]start:1530503666
[2018-07-02 11:54:29][debug] [sms]all num:10
[2018-07-02 11:54:29][debug] [sms]run num:10
[2018-07-02 11:54:29][debug] [sms]ok num:5
[2018-07-02 11:54:29][debug] [sms]no num:0
[2018-07-02 11:54:29][debug] [sms]run time:3
[2018-07-02 11:54:29][debug] [sms]end:1530503669
[2018-07-02 11:54:29][debug] [sms]page:https://bbs.bivfw.top/plugin.php?id=tom_tchongbao:ajax&act=nitice_sms_hb_run&site=1&tongcheng_id=386&hongbao_id=47&page=23
[2018-07-02 11:54:29][debug] [sms]hongbao id:47
[2018-07-02 11:54:29][debug] [sms]page:23
[2018-07-02 11:54:29][debug] [sms]client IP:118.89.52.235
[2018-07-02 11:54:29][debug] [sms]start:1530503669
[2018-07-02 11:54:33][debug] [sms]all num:10
[2018-07-02 11:54:33][debug] [sms]run num:10
[2018-07-02 11:54:33][debug] [sms]ok num:6
[2018-07-02 11:54:33][debug] [sms]no num:0
[2018-07-02 11:54:33][debug] [sms]run time:4
[2018-07-02 11:54:33][debug] [sms]end:1530503673
[2018-07-02 11:54:33][debug] [sms]page:https://bbs.bivfw.top/plugin.php?id=tom_tchongbao:ajax&act=nitice_sms_hb_run&site=1&tongcheng_id=386&hongbao_id=47&page=24
[2018-07-02 11:54:33][debug] [sms]hongbao id:47
[2018-07-02 11:54:33][debug] [sms]page:24
[2018-07-02 11:54:33][debug] [sms]client IP:118.89.52.235
[2018-07-02 11:54:33][debug] [sms]start:1530503673
[2018-07-02 11:54:36][debug] [sms]all num:10
[2018-07-02 11:54:36][debug] [sms]run num:10
[2018-07-02 11:54:36][debug] [sms]ok num:5
[2018-07-02 11:54:36][debug] [sms]no num:0
[2018-07-02 11:54:36][debug] [sms]run time:3
[2018-07-02 11:54:36][debug] [sms]end:1530503676
[2018-07-02 11:54:36][debug] [sms]page:https://bbs.bivfw.top/plugin.php?id=tom_tchongbao:ajax&act=nitice_sms_hb_run&site=1&tongcheng_id=386&hongbao_id=47&page=25
[2018-07-02 11:54:36][debug] [sms]hongbao id:47
[2018-07-02 11:54:36][debug] [sms]page:25
[2018-07-02 11:54:36][debug] [sms]client IP:118.89.52.235
[2018-07-02 11:54:36][debug] [sms]start:1530503676
[2018-07-02 11:54:40][debug] [sms]all num:10
[2018-07-02 11:54:40][debug] [sms]run num:10
[2018-07-02 11:54:40][debug] [sms]ok num:7
[2018-07-02 11:54:40][debug] [sms]no num:0
[2018-07-02 11:54:40][debug] [sms]run time:4
[2018-07-02 11:54:40][debug] [sms]end:1530503680
[2018-07-02 11:54:40][debug] [sms]page:https://bbs.bivfw.top/plugin.php?id=tom_tchongbao:ajax&act=nitice_sms_hb_run&site=1&tongcheng_id=386&hongbao_id=47&page=26
[2018-07-02 11:54:41][debug] [sms]hongbao id:47
[2018-07-02 11:54:41][debug] [sms]page:26
[2018-07-02 11:54:41][debug] [sms]client IP:118.89.52.235
[2018-07-02 11:54:41][debug] [sms]start:1530503681
[2018-07-02 11:54:45][debug] [sms]all num:10
[2018-07-02 11:54:45][debug] [sms]run num:10
[2018-07-02 11:54:45][debug] [sms]ok num:8
[2018-07-02 11:54:45][debug] [sms]no num:0
[2018-07-02 11:54:45][debug] [sms]run time:4
[2018-07-02 11:54:45][debug] [sms]end:1530503685
[2018-07-02 11:54:45][debug] [sms]page:https://bbs.bivfw.top/plugin.php?id=tom_tchongbao:ajax&act=nitice_sms_hb_run&site=1&tongcheng_id=386&hongbao_id=47&page=27
[2018-07-02 11:54:47][debug] [sms]hongbao id:47
[2018-07-02 11:54:47][debug] [sms]page:27
[2018-07-02 11:54:47][debug] [sms]client IP:118.89.52.235
[2018-07-02 11:54:47][debug] [sms]start:1530503687
[2018-07-02 11:54:50][debug] [sms]all num:10
[2018-07-02 11:54:50][debug] [sms]run num:10
[2018-07-02 11:54:50][debug] [sms]ok num:8
[2018-07-02 11:54:50][debug] [sms]no num:1
[2018-07-02 11:54:50][debug] [sms]run time:3
[2018-07-02 11:54:50][debug] [sms]end:1530503690
[2018-07-02 11:54:50][debug] [sms]page:https://bbs.bivfw.top/plugin.php?id=tom_tchongbao:ajax&act=nitice_sms_hb_run&site=1&tongcheng_id=386&hongbao_id=47&page=28
[2018-07-02 11:54:51][debug] [sms]hongbao id:47
[2018-07-02 11:54:51][debug] [sms]page:28
[2018-07-02 11:54:51][debug] [sms]client IP:118.89.52.235
[2018-07-02 11:54:51][debug] [sms]start:1530503691
[2018-07-02 11:54:55][debug] [sms]all num:10
[2018-07-02 11:54:55][debug] [sms]run num:10
[2018-07-02 11:54:55][debug] [sms]ok num:9
[2018-07-02 11:54:55][debug] [sms]no num:0
[2018-07-02 11:54:55][debug] [sms]run time:4
[2018-07-02 11:54:55][debug] [sms]end:1530503695
[2018-07-02 11:54:55][debug] [sms]page:https://bbs.bivfw.top/plugin.php?id=tom_tchongbao:ajax&act=nitice_sms_hb_run&site=1&tongcheng_id=386&hongbao_id=47&page=29
[2018-07-02 11:54:56][debug] [sms]hongbao id:47
[2018-07-02 11:54:56][debug] [sms]page:29
[2018-07-02 11:54:56][debug] [sms]client IP:118.89.52.235
[2018-07-02 11:54:56][debug] [sms]start:1530503696
[2018-07-02 11:55:00][debug] [sms]all num:10
[2018-07-02 11:55:00][debug] [sms]run num:10
[2018-07-02 11:55:00][debug] [sms]ok num:10
[2018-07-02 11:55:00][debug] [sms]no num:0
[2018-07-02 11:55:00][debug] [sms]run time:4
[2018-07-02 11:55:00][debug] [sms]end:1530503700
[2018-07-02 11:55:00][debug] [sms]page:https://bbs.bivfw.top/plugin.php?id=tom_tchongbao:ajax&act=nitice_sms_hb_run&site=1&tongcheng_id=386&hongbao_id=47&page=30
[2018-07-02 11:55:01][debug] [sms]hongbao id:47
[2018-07-02 11:55:01][debug] [sms]page:30
[2018-07-02 11:55:01][debug] [sms]client IP:118.89.52.235
[2018-07-02 11:55:01][debug] [sms]start:1530503701
[2018-07-02 11:55:04][debug] [sms]all num:10
[2018-07-02 11:55:04][debug] [sms]run num:10
[2018-07-02 11:55:04][debug] [sms]ok num:8
[2018-07-02 11:55:04][debug] [sms]no num:0
[2018-07-02 11:55:04][debug] [sms]run time:3
[2018-07-02 11:55:04][debug] [sms]end:1530503704
[2018-07-02 11:55:04][debug] [sms]page:https://bbs.bivfw.top/plugin.php?id=tom_tchongbao:ajax&act=nitice_sms_hb_run&site=1&tongcheng_id=386&hongbao_id=47&page=31
[2018-07-02 11:55:04][debug] [sms]hongbao id:47
[2018-07-02 11:55:04][debug] [sms]page:31
[2018-07-02 11:55:04][debug] [sms]client IP:118.89.52.235
[2018-07-02 11:55:04][debug] [sms]start:1530503704
[2018-07-02 11:55:07][debug] [sms]all num:10
[2018-07-02 11:55:07][debug] [sms]run num:10
[2018-07-02 11:55:07][debug] [sms]ok num:10
[2018-07-02 11:55:07][debug] [sms]no num:0
[2018-07-02 11:55:07][debug] [sms]run time:3
[2018-07-02 11:55:07][debug] [sms]end:1530503707
[2018-07-02 11:55:07][debug] [sms]page:https://bbs.bivfw.top/plugin.php?id=tom_tchongbao:ajax&act=nitice_sms_hb_run&site=1&tongcheng_id=386&hongbao_id=47&page=32
[2018-07-02 11:55:08][debug] [sms]hongbao id:47
[2018-07-02 11:55:08][debug] [sms]page:32
[2018-07-02 11:55:08][debug] [sms]client IP:118.89.52.235
[2018-07-02 11:55:08][debug] [sms]start:1530503708
[2018-07-02 11:55:11][debug] [sms]all num:10
[2018-07-02 11:55:11][debug] [sms]run num:10
[2018-07-02 11:55:11][debug] [sms]ok num:10
[2018-07-02 11:55:11][debug] [sms]no num:0
[2018-07-02 11:55:11][debug] [sms]run time:3
[2018-07-02 11:55:11][debug] [sms]end:1530503711
[2018-07-02 11:55:11][debug] [sms]page:https://bbs.bivfw.top/plugin.php?id=tom_tchongbao:ajax&act=nitice_sms_hb_run&site=1&tongcheng_id=386&hongbao_id=47&page=33
[2018-07-02 11:55:12][debug] [sms]hongbao id:47
[2018-07-02 11:55:12][debug] [sms]page:33
[2018-07-02 11:55:12][debug] [sms]client IP:118.89.52.235
[2018-07-02 11:55:12][debug] [sms]start:1530503712
[2018-07-02 11:55:16][debug] [sms]all num:10
[2018-07-02 11:55:16][debug] [sms]run num:10
[2018-07-02 11:55:16][debug] [sms]ok num:4
[2018-07-02 11:55:16][debug] [sms]no num:0
[2018-07-02 11:55:16][debug] [sms]run time:4
[2018-07-02 11:55:16][debug] [sms]end:1530503716
[2018-07-02 11:55:16][debug] [sms]page:https://bbs.bivfw.top/plugin.php?id=tom_tchongbao:ajax&act=nitice_sms_hb_run&site=1&tongcheng_id=386&hongbao_id=47&page=34
[2018-07-02 11:55:16][debug] [sms]hongbao id:47
[2018-07-02 11:55:16][debug] [sms]page:34
[2018-07-02 11:55:16][debug] [sms]client IP:118.89.52.235
[2018-07-02 11:55:16][debug] [sms]start:1530503716
[2018-07-02 11:55:21][debug] [sms]all num:10
[2018-07-02 11:55:21][debug] [sms]run num:10
[2018-07-02 11:55:21][debug] [sms]ok num:1
[2018-07-02 11:55:21][debug] [sms]no num:0
[2018-07-02 11:55:21][debug] [sms]run time:5
[2018-07-02 11:55:21][debug] [sms]end:1530503721
[2018-07-02 11:55:21][debug] [sms]page:https://bbs.bivfw.top/plugin.php?id=tom_tchongbao:ajax&act=nitice_sms_hb_run&site=1&tongcheng_id=386&hongbao_id=47&page=35
[2018-07-02 11:55:22][debug] [sms]hongbao id:47
[2018-07-02 11:55:22][debug] [sms]page:35
[2018-07-02 11:55:22][debug] [sms]client IP:118.89.52.235
[2018-07-02 11:55:22][debug] [sms]start:1530503722
[2018-07-02 11:55:28][debug] [sms]all num:10
[2018-07-02 11:55:28][debug] [sms]run num:10
[2018-07-02 11:55:28][debug] [sms]ok num:5
[2018-07-02 11:55:28][debug] [sms]no num:0
[2018-07-02 11:55:28][debug] [sms]run time:6
[2018-07-02 11:55:28][debug] [sms]end:1530503728
[2018-07-02 11:55:28][debug] [sms]page:https://bbs.bivfw.top/plugin.php?id=tom_tchongbao:ajax&act=nitice_sms_hb_run&site=1&tongcheng_id=386&hongbao_id=47&page=36
[2018-07-02 11:55:29][debug] [sms]hongbao id:47
[2018-07-02 11:55:29][debug] [sms]page:36
[2018-07-02 11:55:29][debug] [sms]client IP:118.89.52.235
[2018-07-02 11:55:29][debug] [sms]start:1530503729
[2018-07-02 11:55:32][debug] [sms]all num:10
[2018-07-02 11:55:32][debug] [sms]run num:10
[2018-07-02 11:55:32][debug] [sms]ok num:3
[2018-07-02 11:55:32][debug] [sms]no num:0
[2018-07-02 11:55:32][debug] [sms]run time:3
[2018-07-02 11:55:32][debug] [sms]end:1530503732
[2018-07-02 11:55:32][debug] [sms]page:https://bbs.bivfw.top/plugin.php?id=tom_tchongbao:ajax&act=nitice_sms_hb_run&site=1&tongcheng_id=386&hongbao_id=47&page=37
[2018-07-02 11:55:33][debug] [sms]hongbao id:47
[2018-07-02 11:55:33][debug] [sms]page:37
[2018-07-02 11:55:33][debug] [sms]client IP:118.89.52.235
[2018-07-02 11:55:33][debug] [sms]start:1530503733
[2018-07-02 11:55:38][debug] [sms]all num:10
[2018-07-02 11:55:38][debug] [sms]run num:10
[2018-07-02 11:55:38][debug] [sms]ok num:7
[2018-07-02 11:55:38][debug] [sms]no num:0
[2018-07-02 11:55:38][debug] [sms]run time:5
[2018-07-02 11:55:38][debug] [sms]end:1530503738
[2018-07-02 11:55:38][debug] [sms]page:https://bbs.bivfw.top/plugin.php?id=tom_tchongbao:ajax&act=nitice_sms_hb_run&site=1&tongcheng_id=386&hongbao_id=47&page=38
[2018-07-02 11:55:38][debug] [sms]hongbao id:47
[2018-07-02 11:55:38][debug] [sms]page:38
[2018-07-02 11:55:38][debug] [sms]client IP:118.89.52.235
[2018-07-02 11:55:38][debug] [sms]start:1530503738
[2018-07-02 11:55:43][debug] [sms]all num:10
[2018-07-02 11:55:43][debug] [sms]run num:9
[2018-07-02 11:55:43][debug] [sms]ok num:7
[2018-07-02 11:55:43][debug] [sms]no num:0
[2018-07-02 11:55:43][debug] [sms]run time:5
[2018-07-02 11:55:43][debug] [sms]end:1530503743
[2018-07-02 11:55:43][debug] [sms]page:https://bbs.bivfw.top/plugin.php?id=tom_tchongbao:ajax&act=nitice_sms_hb_run&site=1&tongcheng_id=386&hongbao_id=47&page=39
[2018-07-02 11:55:45][debug] [sms]hongbao id:47
[2018-07-02 11:55:45][debug] [sms]page:39
[2018-07-02 11:55:45][debug] [sms]client IP:118.89.52.235
[2018-07-02 11:55:45][debug] [sms]start:1530503745
[2018-07-02 11:55:49][debug] [sms]all num:10
[2018-07-02 11:55:49][debug] [sms]run num:10
[2018-07-02 11:55:49][debug] [sms]ok num:6
[2018-07-02 11:55:49][debug] [sms]no num:0
[2018-07-02 11:55:49][debug] [sms]run time:4
[2018-07-02 11:55:49][debug] [sms]end:1530503749
[2018-07-02 11:55:49][debug] [sms]page:https://bbs.bivfw.top/plugin.php?id=tom_tchongbao:ajax&act=nitice_sms_hb_run&site=1&tongcheng_id=386&hongbao_id=47&page=40
[2018-07-02 11:55:49][debug] [sms]hongbao id:47
[2018-07-02 11:55:49][debug] [sms]page:40
[2018-07-02 11:55:49][debug] [sms]client IP:118.89.52.235
[2018-07-02 11:55:49][debug] [sms]start:1530503749
[2018-07-02 11:55:53][debug] [sms]all num:10
[2018-07-02 11:55:53][debug] [sms]run num:10
[2018-07-02 11:55:53][debug] [sms]ok num:10
[2018-07-02 11:55:53][debug] [sms]no num:0
[2018-07-02 11:55:53][debug] [sms]run time:4
[2018-07-02 11:55:53][debug] [sms]end:1530503753
[2018-07-02 11:55:53][debug] [sms]page:https://bbs.bivfw.top/plugin.php?id=tom_tchongbao:ajax&act=nitice_sms_hb_run&site=1&tongcheng_id=386&hongbao_id=47&page=41
[2018-07-02 11:55:54][debug] [sms]hongbao id:47
[2018-07-02 11:55:54][debug] [sms]page:41
[2018-07-02 11:55:54][debug] [sms]client IP:118.89.52.235
[2018-07-02 11:55:54][debug] [sms]start:1530503754
[2018-07-02 11:55:58][debug] [sms]all num:10
[2018-07-02 11:55:58][debug] [sms]run num:10
[2018-07-02 11:55:58][debug] [sms]ok num:7
[2018-07-02 11:55:58][debug] [sms]no num:0
[2018-07-02 11:55:58][debug] [sms]run time:4
[2018-07-02 11:55:58][debug] [sms]end:1530503758
[2018-07-02 11:55:58][debug] [sms]page:https://bbs.bivfw.top/plugin.php?id=tom_tchongbao:ajax&act=nitice_sms_hb_run&site=1&tongcheng_id=386&hongbao_id=47&page=42
[2018-07-02 11:55:59][debug] [sms]hongbao id:47
[2018-07-02 11:55:59][debug] [sms]page:42
[2018-07-02 11:55:59][debug] [sms]client IP:118.89.52.235
[2018-07-02 11:55:59][debug] [sms]start:1530503759
[2018-07-02 11:56:03][debug] [sms]all num:10
[2018-07-02 11:56:03][debug] [sms]run num:10
[2018-07-02 11:56:03][debug] [sms]ok num:5
[2018-07-02 11:56:03][debug] [sms]no num:0
[2018-07-02 11:56:03][debug] [sms]run time:4
[2018-07-02 11:56:03][debug] [sms]end:1530503763
[2018-07-02 11:56:03][debug] [sms]page:https://bbs.bivfw.top/plugin.php?id=tom_tchongbao:ajax&act=nitice_sms_hb_run&site=1&tongcheng_id=386&hongbao_id=47&page=43
[2018-07-02 11:56:04][debug] [sms]hongbao id:47
[2018-07-02 11:56:04][debug] [sms]page:43
[2018-07-02 11:56:04][debug] [sms]client IP:118.89.52.235
[2018-07-02 11:56:04][debug] [sms]start:1530503764
[2018-07-02 11:56:07][debug] [sms]all num:10
[2018-07-02 11:56:07][debug] [sms]run num:10
[2018-07-02 11:56:07][debug] [sms]ok num:5
[2018-07-02 11:56:07][debug] [sms]no num:0
[2018-07-02 11:56:07][debug] [sms]run time:3
[2018-07-02 11:56:07][debug] [sms]end:1530503767
[2018-07-02 11:56:07][debug] [sms]page:https://bbs.bivfw.top/plugin.php?id=tom_tchongbao:ajax&act=nitice_sms_hb_run&site=1&tongcheng_id=386&hongbao_id=47&page=44
[2018-07-02 11:56:08][debug] [sms]hongbao id:47
[2018-07-02 11:56:08][debug] [sms]page:44
[2018-07-02 11:56:08][debug] [sms]client IP:118.89.52.235
[2018-07-02 11:56:08][debug] [sms]start:1530503768
[2018-07-02 11:56:13][debug] [sms]all num:10
[2018-07-02 11:56:13][debug] [sms]run num:10
[2018-07-02 11:56:13][debug] [sms]ok num:5
[2018-07-02 11:56:13][debug] [sms]no num:0
[2018-07-02 11:56:13][debug] [sms]run time:5
[2018-07-02 11:56:13][debug] [sms]end:1530503773
[2018-07-02 11:56:13][debug] [sms]page:https://bbs.bivfw.top/plugin.php?id=tom_tchongbao:ajax&act=nitice_sms_hb_run&site=1&tongcheng_id=386&hongbao_id=47&page=45
[2018-07-02 11:56:14][debug] [sms]hongbao id:47
[2018-07-02 11:56:14][debug] [sms]page:45
[2018-07-02 11:56:14][debug] [sms]client IP:118.89.52.235
[2018-07-02 11:56:14][debug] [sms]start:1530503774
[2018-07-02 11:56:17][debug] [sms]all num:10
[2018-07-02 11:56:17][debug] [sms]run num:10
[2018-07-02 11:56:17][debug] [sms]ok num:7
[2018-07-02 11:56:17][debug] [sms]no num:0
[2018-07-02 11:56:17][debug] [sms]run time:3
[2018-07-02 11:56:17][debug] [sms]end:1530503777
[2018-07-02 11:56:17][debug] [sms]page:https://bbs.bivfw.top/plugin.php?id=tom_tchongbao:ajax&act=nitice_sms_hb_run&site=1&tongcheng_id=386&hongbao_id=47&page=46
[2018-07-02 11:56:18][debug] [sms]hongbao id:47
[2018-07-02 11:56:18][debug] [sms]page:46
[2018-07-02 11:56:18][debug] [sms]client IP:118.89.52.235
[2018-07-02 11:56:18][debug] [sms]start:1530503778
[2018-07-02 11:56:21][debug] [sms]all num:10
[2018-07-02 11:56:21][debug] [sms]run num:10
[2018-07-02 11:56:21][debug] [sms]ok num:5
[2018-07-02 11:56:21][debug] [sms]no num:0
[2018-07-02 11:56:21][debug] [sms]run time:3
[2018-07-02 11:56:21][debug] [sms]end:1530503781
[2018-07-02 11:56:21][debug] [sms]page:https://bbs.bivfw.top/plugin.php?id=tom_tchongbao:ajax&act=nitice_sms_hb_run&site=1&tongcheng_id=386&hongbao_id=47&page=47
[2018-07-02 11:56:22][debug] [sms]hongbao id:47
[2018-07-02 11:56:22][debug] [sms]page:47
[2018-07-02 11:56:22][debug] [sms]client IP:118.89.52.235
[2018-07-02 11:56:22][debug] [sms]start:1530503782
[2018-07-02 11:56:26][debug] [sms]all num:10
[2018-07-02 11:56:26][debug] [sms]run num:10
[2018-07-02 11:56:26][debug] [sms]ok num:4
[2018-07-02 11:56:26][debug] [sms]no num:0
[2018-07-02 11:56:26][debug] [sms]run time:4
[2018-07-02 11:56:26][debug] [sms]end:1530503786
[2018-07-02 11:56:26][debug] [sms]page:https://bbs.bivfw.top/plugin.php?id=tom_tchongbao:ajax&act=nitice_sms_hb_run&site=1&tongcheng_id=386&hongbao_id=47&page=48
[2018-07-02 11:56:27][debug] [sms]hongbao id:47
[2018-07-02 11:56:27][debug] [sms]page:48
[2018-07-02 11:56:27][debug] [sms]client IP:118.89.52.235
[2018-07-02 11:56:27][debug] [sms]start:1530503787
[2018-07-02 11:56:30][debug] [sms]all num:10
[2018-07-02 11:56:30][debug] [sms]run num:10
[2018-07-02 11:56:30][debug] [sms]ok num:9
[2018-07-02 11:56:30][debug] [sms]no num:0
[2018-07-02 11:56:30][debug] [sms]run time:3
[2018-07-02 11:56:30][debug] [sms]end:1530503790
[2018-07-02 11:56:30][debug] [sms]page:https://bbs.bivfw.top/plugin.php?id=tom_tchongbao:ajax&act=nitice_sms_hb_run&site=1&tongcheng_id=386&hongbao_id=47&page=49
[2018-07-02 11:56:31][debug] [sms]hongbao id:47
[2018-07-02 11:56:31][debug] [sms]page:49
[2018-07-02 11:56:31][debug] [sms]client IP:118.89.52.235
[2018-07-02 11:56:31][debug] [sms]start:1530503791
[2018-07-02 11:56:35][debug] [sms]all num:10
[2018-07-02 11:56:35][debug] [sms]run num:10
[2018-07-02 11:56:35][debug] [sms]ok num:8
[2018-07-02 11:56:35][debug] [sms]no num:0
[2018-07-02 11:56:35][debug] [sms]run time:4
[2018-07-02 11:56:35][debug] [sms]end:1530503795
[2018-07-02 11:56:35][debug] [sms]page:https://bbs.bivfw.top/plugin.php?id=tom_tchongbao:ajax&act=nitice_sms_hb_run&site=1&tongcheng_id=386&hongbao_id=47&page=50
[2018-07-02 11:56:37][debug] [sms]hongbao id:47
[2018-07-02 11:56:37][debug] [sms]page:50
[2018-07-02 11:56:37][debug] [sms]client IP:118.89.52.235
[2018-07-02 11:56:37][debug] [sms]start:1530503797
[2018-07-02 11:56:41][debug] [sms]all num:10
[2018-07-02 11:56:41][debug] [sms]run num:10
[2018-07-02 11:56:41][debug] [sms]ok num:7
[2018-07-02 11:56:41][debug] [sms]no num:0
[2018-07-02 11:56:41][debug] [sms]run time:4
[2018-07-02 11:56:41][debug] [sms]end:1530503801
[2018-07-02 11:56:41][debug] [sms]page:https://bbs.bivfw.top/plugin.php?id=tom_tchongbao:ajax&act=nitice_sms_hb_run&site=1&tongcheng_id=386&hongbao_id=47&page=51
[2018-07-02 16:15:33][debug] [sms]--------------------- new -------------------------
[2018-07-02 16:15:33][debug] [sms]hongbao id:48
[2018-07-02 16:15:33][debug] [sms]page:1
[2018-07-02 16:15:33][debug] [sms]client IP:118.89.52.235
[2018-07-02 16:15:33][debug] [sms]start:1530519333
[2018-07-02 16:15:35][debug] [sms]all num:10
[2018-07-02 16:15:35][debug] [sms]run num:10
[2018-07-02 16:15:35][debug] [sms]ok num:2
[2018-07-02 16:15:35][debug] [sms]no num:0
[2018-07-02 16:15:35][debug] [sms]run time:2
[2018-07-02 16:15:35][debug] [sms]end:1530519335
[2018-07-02 16:15:35][debug] [sms]page:https://bbs.bivfw.top/plugin.php?id=tom_tchongbao:ajax&act=nitice_sms_hb_run&site=1&tongcheng_id=388&hongbao_id=48&page=2
[2018-07-02 16:15:35][debug] [sms]hongbao id:48
[2018-07-02 16:15:35][debug] [sms]page:2
[2018-07-02 16:15:35][debug] [sms]client IP:118.89.52.235
[2018-07-02 16:15:35][debug] [sms]start:1530519335
[2018-07-02 16:15:37][debug] [sms]all num:10
[2018-07-02 16:15:37][debug] [sms]run num:10
[2018-07-02 16:15:37][debug] [sms]ok num:1
[2018-07-02 16:15:37][debug] [sms]no num:0
[2018-07-02 16:15:37][debug] [sms]run time:2
[2018-07-02 16:15:37][debug] [sms]end:1530519337
[2018-07-02 16:15:37][debug] [sms]page:https://bbs.bivfw.top/plugin.php?id=tom_tchongbao:ajax&act=nitice_sms_hb_run&site=1&tongcheng_id=388&hongbao_id=48&page=3
[2018-07-02 16:15:37][debug] [sms]hongbao id:48
[2018-07-02 16:15:37][debug] [sms]page:3
[2018-07-02 16:15:37][debug] [sms]client IP:118.89.52.235
[2018-07-02 16:15:37][debug] [sms]start:1530519337
[2018-07-02 16:15:39][debug] [sms]all num:10
[2018-07-02 16:15:39][debug] [sms]run num:9
[2018-07-02 16:15:39][debug] [sms]ok num:2
[2018-07-02 16:15:39][debug] [sms]no num:0
[2018-07-02 16:15:39][debug] [sms]run time:2
[2018-07-02 16:15:39][debug] [sms]end:1530519339
[2018-07-02 16:15:39][debug] [sms]page:https://bbs.bivfw.top/plugin.php?id=tom_tchongbao:ajax&act=nitice_sms_hb_run&site=1&tongcheng_id=388&hongbao_id=48&page=4
[2018-07-02 16:15:39][debug] [sms]hongbao id:48
[2018-07-02 16:15:39][debug] [sms]page:4
[2018-07-02 16:15:39][debug] [sms]client IP:118.89.52.235
[2018-07-02 16:15:39][debug] [sms]start:1530519339
[2018-07-02 16:15:40][debug] [sms]all num:10
[2018-07-02 16:15:40][debug] [sms]run num:10
[2018-07-02 16:15:40][debug] [sms]ok num:0
[2018-07-02 16:15:40][debug] [sms]no num:0
[2018-07-02 16:15:40][debug] [sms]run time:1
[2018-07-02 16:15:40][debug] [sms]end:1530519340
[2018-07-02 16:15:40][debug] [sms]page:https://bbs.bivfw.top/plugin.php?id=tom_tchongbao:ajax&act=nitice_sms_hb_run&site=1&tongcheng_id=388&hongbao_id=48&page=5
[2018-07-02 16:15:41][debug] [sms]hongbao id:48
[2018-07-02 16:15:41][debug] [sms]page:5
[2018-07-02 16:15:41][debug] [sms]client IP:118.89.52.235
[2018-07-02 16:15:41][debug] [sms]start:1530519341
[2018-07-02 16:15:43][debug] [sms]all num:10
[2018-07-02 16:15:43][debug] [sms]run num:10
[2018-07-02 16:15:43][debug] [sms]ok num:2
[2018-07-02 16:15:43][debug] [sms]no num:0
[2018-07-02 16:15:43][debug] [sms]run time:2
[2018-07-02 16:15:43][debug] [sms]end:1530519343
[2018-07-02 16:15:43][debug] [sms]page:https://bbs.bivfw.top/plugin.php?id=tom_tchongbao:ajax&act=nitice_sms_hb_run&site=1&tongcheng_id=388&hongbao_id=48&page=6
[2018-07-02 16:15:43][debug] [sms]hongbao id:48
[2018-07-02 16:15:43][debug] [sms]page:6
[2018-07-02 16:15:43][debug] [sms]client IP:118.89.52.235
[2018-07-02 16:15:43][debug] [sms]start:1530519343
[2018-07-02 16:15:45][debug] [sms]all num:10
[2018-07-02 16:15:45][debug] [sms]run num:10
[2018-07-02 16:15:45][debug] [sms]ok num:0
[2018-07-02 16:15:45][debug] [sms]no num:0
[2018-07-02 16:15:45][debug] [sms]run time:2
[2018-07-02 16:15:45][debug] [sms]end:1530519345
[2018-07-02 16:15:45][debug] [sms]page:https://bbs.bivfw.top/plugin.php?id=tom_tchongbao:ajax&act=nitice_sms_hb_run&site=1&tongcheng_id=388&hongbao_id=48&page=7
[2018-07-02 16:15:45][debug] [sms]hongbao id:48
[2018-07-02 16:15:45][debug] [sms]page:7
[2018-07-02 16:15:45][debug] [sms]client IP:118.89.52.235
[2018-07-02 16:15:45][debug] [sms]start:1530519345
[2018-07-02 16:15:47][debug] [sms]all num:10
[2018-07-02 16:15:47][debug] [sms]run num:10
[2018-07-02 16:15:47][debug] [sms]ok num:4
[2018-07-02 16:15:47][debug] [sms]no num:0
[2018-07-02 16:15:47][debug] [sms]run time:2
[2018-07-02 16:15:47][debug] [sms]end:1530519347
[2018-07-02 16:15:47][debug] [sms]page:https://bbs.bivfw.top/plugin.php?id=tom_tchongbao:ajax&act=nitice_sms_hb_run&site=1&tongcheng_id=388&hongbao_id=48&page=8
[2018-07-02 16:15:47][debug] [sms]hongbao id:48
[2018-07-02 16:15:47][debug] [sms]page:8
[2018-07-02 16:15:47][debug] [sms]client IP:118.89.52.235
[2018-07-02 16:15:47][debug] [sms]start:1530519347
[2018-07-02 16:15:49][debug] [sms]all num:10
[2018-07-02 16:15:49][debug] [sms]run num:10
[2018-07-02 16:15:49][debug] [sms]ok num:2
[2018-07-02 16:15:49][debug] [sms]no num:0
[2018-07-02 16:15:49][debug] [sms]run time:2
[2018-07-02 16:15:49][debug] [sms]end:1530519349
[2018-07-02 16:15:49][debug] [sms]page:https://bbs.bivfw.top/plugin.php?id=tom_tchongbao:ajax&act=nitice_sms_hb_run&site=1&tongcheng_id=388&hongbao_id=48&page=9
[2018-07-02 16:15:49][debug] [sms]hongbao id:48
[2018-07-02 16:15:49][debug] [sms]page:9
[2018-07-02 16:15:49][debug] [sms]client IP:118.89.52.235
[2018-07-02 16:15:49][debug] [sms]start:1530519349
[2018-07-02 16:15:51][debug] [sms]all num:10
[2018-07-02 16:15:51][debug] [sms]run num:10
[2018-07-02 16:15:51][debug] [sms]ok num:1
[2018-07-02 16:15:51][debug] [sms]no num:0
[2018-07-02 16:15:51][debug] [sms]run time:2
[2018-07-02 16:15:51][debug] [sms]end:1530519351
[2018-07-02 16:15:51][debug] [sms]page:https://bbs.bivfw.top/plugin.php?id=tom_tchongbao:ajax&act=nitice_sms_hb_run&site=1&tongcheng_id=388&hongbao_id=48&page=10
[2018-07-02 16:15:51][debug] [sms]hongbao id:48
[2018-07-02 16:15:51][debug] [sms]page:10
[2018-07-02 16:15:51][debug] [sms]client IP:118.89.52.235
[2018-07-02 16:15:51][debug] [sms]start:1530519351
[2018-07-02 16:15:53][debug] [sms]all num:10
[2018-07-02 16:15:53][debug] [sms]run num:10
[2018-07-02 16:15:53][debug] [sms]ok num:1
[2018-07-02 16:15:53][debug] [sms]no num:0
[2018-07-02 16:15:53][debug] [sms]run time:2
[2018-07-02 16:15:53][debug] [sms]end:1530519353
[2018-07-02 16:15:53][debug] [sms]page:https://bbs.bivfw.top/plugin.php?id=tom_tchongbao:ajax&act=nitice_sms_hb_run&site=1&tongcheng_id=388&hongbao_id=48&page=11
[2018-07-02 16:15:53][debug] [sms]hongbao id:48
[2018-07-02 16:15:53][debug] [sms]page:11
[2018-07-02 16:15:53][debug] [sms]client IP:118.89.52.235
[2018-07-02 16:15:53][debug] [sms]start:1530519353
[2018-07-02 16:15:55][debug] [sms]all num:10
[2018-07-02 16:15:55][debug] [sms]run num:10
[2018-07-02 16:15:55][debug] [sms]ok num:2
[2018-07-02 16:15:55][debug] [sms]no num:0
[2018-07-02 16:15:55][debug] [sms]run time:2
[2018-07-02 16:15:55][debug] [sms]end:1530519355
[2018-07-02 16:15:55][debug] [sms]page:https://bbs.bivfw.top/plugin.php?id=tom_tchongbao:ajax&act=nitice_sms_hb_run&site=1&tongcheng_id=388&hongbao_id=48&page=12
[2018-07-02 16:15:55][debug] [sms]hongbao id:48
[2018-07-02 16:15:55][debug] [sms]page:12
[2018-07-02 16:15:55][debug] [sms]client IP:118.89.52.235
[2018-07-02 16:15:55][debug] [sms]start:1530519355
[2018-07-02 16:15:57][debug] [sms]all num:10
[2018-07-02 16:15:57][debug] [sms]run num:10
[2018-07-02 16:15:57][debug] [sms]ok num:2
[2018-07-02 16:15:57][debug] [sms]no num:0
[2018-07-02 16:15:57][debug] [sms]run time:2
[2018-07-02 16:15:57][debug] [sms]end:1530519357
[2018-07-02 16:15:57][debug] [sms]page:https://bbs.bivfw.top/plugin.php?id=tom_tchongbao:ajax&act=nitice_sms_hb_run&site=1&tongcheng_id=388&hongbao_id=48&page=13
[2018-07-02 16:15:57][debug] [sms]hongbao id:48
[2018-07-02 16:15:57][debug] [sms]page:13
[2018-07-02 16:15:57][debug] [sms]client IP:118.89.52.235
[2018-07-02 16:15:57][debug] [sms]start:1530519357
[2018-07-02 16:15:58][debug] [sms]all num:10
[2018-07-02 16:15:58][debug] [sms]run num:10
[2018-07-02 16:15:58][debug] [sms]ok num:1
[2018-07-02 16:15:58][debug] [sms]no num:0
[2018-07-02 16:15:58][debug] [sms]run time:1
[2018-07-02 16:15:58][debug] [sms]end:1530519358
[2018-07-02 16:15:58][debug] [sms]page:https://bbs.bivfw.top/plugin.php?id=tom_tchongbao:ajax&act=nitice_sms_hb_run&site=1&tongcheng_id=388&hongbao_id=48&page=14
[2018-07-02 16:15:59][debug] [sms]hongbao id:48
[2018-07-02 16:15:59][debug] [sms]page:14
[2018-07-02 16:15:59][debug] [sms]client IP:118.89.52.235
[2018-07-02 16:15:59][debug] [sms]start:1530519359
[2018-07-02 16:16:00][debug] [sms]all num:10
[2018-07-02 16:16:00][debug] [sms]run num:10
[2018-07-02 16:16:00][debug] [sms]ok num:2
[2018-07-02 16:16:00][debug] [sms]no num:0
[2018-07-02 16:16:00][debug] [sms]run time:1
[2018-07-02 16:16:00][debug] [sms]end:1530519360
[2018-07-02 16:16:00][debug] [sms]page:https://bbs.bivfw.top/plugin.php?id=tom_tchongbao:ajax&act=nitice_sms_hb_run&site=1&tongcheng_id=388&hongbao_id=48&page=15
[2018-07-02 16:16:01][debug] [sms]hongbao id:48
[2018-07-02 16:16:01][debug] [sms]page:15
[2018-07-02 16:16:01][debug] [sms]client IP:118.89.52.235
[2018-07-02 16:16:01][debug] [sms]start:1530519361
[2018-07-02 16:16:02][debug] [sms]all num:10
[2018-07-02 16:16:02][debug] [sms]run num:10
[2018-07-02 16:16:02][debug] [sms]ok num:3
[2018-07-02 16:16:02][debug] [sms]no num:0
[2018-07-02 16:16:02][debug] [sms]run time:1
[2018-07-02 16:16:02][debug] [sms]end:1530519362
[2018-07-02 16:16:02][debug] [sms]page:https://bbs.bivfw.top/plugin.php?id=tom_tchongbao:ajax&act=nitice_sms_hb_run&site=1&tongcheng_id=388&hongbao_id=48&page=16
[2018-07-02 16:16:03][debug] [sms]hongbao id:48
[2018-07-02 16:16:03][debug] [sms]page:16
[2018-07-02 16:16:03][debug] [sms]client IP:118.89.52.235
[2018-07-02 16:16:03][debug] [sms]start:1530519363
[2018-07-02 16:16:04][debug] [sms]all num:10
[2018-07-02 16:16:04][debug] [sms]run num:10
[2018-07-02 16:16:04][debug] [sms]ok num:3
[2018-07-02 16:16:04][debug] [sms]no num:0
[2018-07-02 16:16:04][debug] [sms]run time:1
[2018-07-02 16:16:04][debug] [sms]end:1530519364
[2018-07-02 16:16:04][debug] [sms]page:https://bbs.bivfw.top/plugin.php?id=tom_tchongbao:ajax&act=nitice_sms_hb_run&site=1&tongcheng_id=388&hongbao_id=48&page=17
[2018-07-02 16:16:04][debug] [sms]hongbao id:48
[2018-07-02 16:16:04][debug] [sms]page:17
[2018-07-02 16:16:04][debug] [sms]client IP:118.89.52.235
[2018-07-02 16:16:04][debug] [sms]start:1530519364
[2018-07-02 16:16:05][debug] [sms]all num:10
[2018-07-02 16:16:05][debug] [sms]run num:10
[2018-07-02 16:16:05][debug] [sms]ok num:0
[2018-07-02 16:16:05][debug] [sms]no num:0
[2018-07-02 16:16:05][debug] [sms]run time:1
[2018-07-02 16:16:05][debug] [sms]end:1530519365
[2018-07-02 16:16:05][debug] [sms]page:https://bbs.bivfw.top/plugin.php?id=tom_tchongbao:ajax&act=nitice_sms_hb_run&site=1&tongcheng_id=388&hongbao_id=48&page=18
[2018-07-02 16:16:06][debug] [sms]hongbao id:48
[2018-07-02 16:16:06][debug] [sms]page:18
[2018-07-02 16:16:06][debug] [sms]client IP:118.89.52.235
[2018-07-02 16:16:06][debug] [sms]start:1530519366
[2018-07-02 16:16:07][debug] [sms]all num:10
[2018-07-02 16:16:07][debug] [sms]run num:10
[2018-07-02 16:16:07][debug] [sms]ok num:1
[2018-07-02 16:16:07][debug] [sms]no num:0
[2018-07-02 16:16:07][debug] [sms]run time:1
[2018-07-02 16:16:07][debug] [sms]end:1530519367
[2018-07-02 16:16:07][debug] [sms]page:https://bbs.bivfw.top/plugin.php?id=tom_tchongbao:ajax&act=nitice_sms_hb_run&site=1&tongcheng_id=388&hongbao_id=48&page=19
[2018-07-02 16:16:08][debug] [sms]hongbao id:48
[2018-07-02 16:16:08][debug] [sms]page:19
[2018-07-02 16:16:08][debug] [sms]client IP:118.89.52.235
[2018-07-02 16:16:08][debug] [sms]start:1530519368
[2018-07-02 16:16:09][debug] [sms]all num:10
[2018-07-02 16:16:09][debug] [sms]run num:10
[2018-07-02 16:16:09][debug] [sms]ok num:1
[2018-07-02 16:16:09][debug] [sms]no num:0
[2018-07-02 16:16:09][debug] [sms]run time:1
[2018-07-02 16:16:09][debug] [sms]end:1530519369
[2018-07-02 16:16:09][debug] [sms]page:https://bbs.bivfw.top/plugin.php?id=tom_tchongbao:ajax&act=nitice_sms_hb_run&site=1&tongcheng_id=388&hongbao_id=48&page=20
[2018-07-02 16:16:09][debug] [sms]hongbao id:48
[2018-07-02 16:16:09][debug] [sms]page:20
[2018-07-02 16:16:09][debug] [sms]client IP:118.89.52.235
[2018-07-02 16:16:09][debug] [sms]start:1530519369
[2018-07-02 16:16:11][debug] [sms]all num:10
[2018-07-02 16:16:11][debug] [sms]run num:10
[2018-07-02 16:16:11][debug] [sms]ok num:2
[2018-07-02 16:16:11][debug] [sms]no num:0
[2018-07-02 16:16:11][debug] [sms]run time:2
[2018-07-02 16:16:11][debug] [sms]end:1530519371
[2018-07-02 16:16:11][debug] [sms]page:https://bbs.bivfw.top/plugin.php?id=tom_tchongbao:ajax&act=nitice_sms_hb_run&site=1&tongcheng_id=388&hongbao_id=48&page=21
[2018-07-02 16:16:11][debug] [sms]hongbao id:48
[2018-07-02 16:16:11][debug] [sms]page:21
[2018-07-02 16:16:11][debug] [sms]client IP:118.89.52.235
[2018-07-02 16:16:11][debug] [sms]start:1530519371
[2018-07-02 16:16:13][debug] [sms]all num:10
[2018-07-02 16:16:13][debug] [sms]run num:10
[2018-07-02 16:16:13][debug] [sms]ok num:1
[2018-07-02 16:16:13][debug] [sms]no num:0
[2018-07-02 16:16:13][debug] [sms]run time:2
[2018-07-02 16:16:13][debug] [sms]end:1530519373
[2018-07-02 16:16:13][debug] [sms]page:https://bbs.bivfw.top/plugin.php?id=tom_tchongbao:ajax&act=nitice_sms_hb_run&site=1&tongcheng_id=388&hongbao_id=48&page=22
[2018-07-02 16:16:13][debug] [sms]hongbao id:48
[2018-07-02 16:16:13][debug] [sms]page:22
[2018-07-02 16:16:13][debug] [sms]client IP:118.89.52.235
[2018-07-02 16:16:13][debug] [sms]start:1530519373
[2018-07-02 16:16:15][debug] [sms]all num:10
[2018-07-02 16:16:15][debug] [sms]run num:10
[2018-07-02 16:16:15][debug] [sms]ok num:6
[2018-07-02 16:16:15][debug] [sms]no num:0
[2018-07-02 16:16:15][debug] [sms]run time:2
[2018-07-02 16:16:15][debug] [sms]end:1530519375
[2018-07-02 16:16:15][debug] [sms]page:https://bbs.bivfw.top/plugin.php?id=tom_tchongbao:ajax&act=nitice_sms_hb_run&site=1&tongcheng_id=388&hongbao_id=48&page=23
[2018-07-02 16:16:15][debug] [sms]hongbao id:48
[2018-07-02 16:16:15][debug] [sms]page:23
[2018-07-02 16:16:15][debug] [sms]client IP:118.89.52.235
[2018-07-02 16:16:15][debug] [sms]start:1530519375
[2018-07-02 16:16:16][debug] [sms]all num:10
[2018-07-02 16:16:16][debug] [sms]run num:10
[2018-07-02 16:16:16][debug] [sms]ok num:0
[2018-07-02 16:16:16][debug] [sms]no num:0
[2018-07-02 16:16:16][debug] [sms]run time:1
[2018-07-02 16:16:16][debug] [sms]end:1530519376
[2018-07-02 16:16:16][debug] [sms]page:https://bbs.bivfw.top/plugin.php?id=tom_tchongbao:ajax&act=nitice_sms_hb_run&site=1&tongcheng_id=388&hongbao_id=48&page=24
[2018-07-02 16:16:17][debug] [sms]hongbao id:48
[2018-07-02 16:16:17][debug] [sms]page:24
[2018-07-02 16:16:17][debug] [sms]client IP:118.89.52.235
[2018-07-02 16:16:17][debug] [sms]start:1530519377
[2018-07-02 16:16:18][debug] [sms]all num:10
[2018-07-02 16:16:18][debug] [sms]run num:10
[2018-07-02 16:16:18][debug] [sms]ok num:2
[2018-07-02 16:16:18][debug] [sms]no num:0
[2018-07-02 16:16:18][debug] [sms]run time:1
[2018-07-02 16:16:18][debug] [sms]end:1530519378
[2018-07-02 16:16:18][debug] [sms]page:https://bbs.bivfw.top/plugin.php?id=tom_tchongbao:ajax&act=nitice_sms_hb_run&site=1&tongcheng_id=388&hongbao_id=48&page=25
[2018-07-02 16:16:19][debug] [sms]hongbao id:48
[2018-07-02 16:16:19][debug] [sms]page:25
[2018-07-02 16:16:19][debug] [sms]client IP:118.89.52.235
[2018-07-02 16:16:19][debug] [sms]start:1530519379
[2018-07-02 16:16:20][debug] [sms]all num:10
[2018-07-02 16:16:20][debug] [sms]run num:10
[2018-07-02 16:16:20][debug] [sms]ok num:1
[2018-07-02 16:16:20][debug] [sms]no num:0
[2018-07-02 16:16:20][debug] [sms]run time:1
[2018-07-02 16:16:20][debug] [sms]end:1530519380
[2018-07-02 16:16:20][debug] [sms]page:https://bbs.bivfw.top/plugin.php?id=tom_tchongbao:ajax&act=nitice_sms_hb_run&site=1&tongcheng_id=388&hongbao_id=48&page=26
[2018-07-02 16:16:21][debug] [sms]hongbao id:48
[2018-07-02 16:16:21][debug] [sms]page:26
[2018-07-02 16:16:21][debug] [sms]client IP:118.89.52.235
[2018-07-02 16:16:21][debug] [sms]start:1530519381
[2018-07-02 16:16:22][debug] [sms]all num:10
[2018-07-02 16:16:22][debug] [sms]run num:10
[2018-07-02 16:16:22][debug] [sms]ok num:1
[2018-07-02 16:16:22][debug] [sms]no num:0
[2018-07-02 16:16:22][debug] [sms]run time:1
[2018-07-02 16:16:22][debug] [sms]end:1530519382
[2018-07-02 16:16:22][debug] [sms]page:https://bbs.bivfw.top/plugin.php?id=tom_tchongbao:ajax&act=nitice_sms_hb_run&site=1&tongcheng_id=388&hongbao_id=48&page=27
[2018-07-02 16:16:23][debug] [sms]hongbao id:48
[2018-07-02 16:16:23][debug] [sms]page:27
[2018-07-02 16:16:23][debug] [sms]client IP:118.89.52.235
[2018-07-02 16:16:23][debug] [sms]start:1530519383
[2018-07-02 16:16:24][debug] [sms]all num:10
[2018-07-02 16:16:24][debug] [sms]run num:10
[2018-07-02 16:16:24][debug] [sms]ok num:0
[2018-07-02 16:16:24][debug] [sms]no num:0
[2018-07-02 16:16:24][debug] [sms]run time:1
[2018-07-02 16:16:24][debug] [sms]end:1530519384
[2018-07-02 16:16:24][debug] [sms]page:https://bbs.bivfw.top/plugin.php?id=tom_tchongbao:ajax&act=nitice_sms_hb_run&site=1&tongcheng_id=388&hongbao_id=48&page=28
[2018-07-02 16:16:24][debug] [sms]hongbao id:48
[2018-07-02 16:16:24][debug] [sms]page:28
[2018-07-02 16:16:24][debug] [sms]client IP:118.89.52.235
[2018-07-02 16:16:24][debug] [sms]start:1530519384
[2018-07-02 16:16:26][debug] [sms]all num:10
[2018-07-02 16:16:26][debug] [sms]run num:10
[2018-07-02 16:16:26][debug] [sms]ok num:3
[2018-07-02 16:16:26][debug] [sms]no num:0
[2018-07-02 16:16:26][debug] [sms]run time:2
[2018-07-02 16:16:26][debug] [sms]end:1530519386
[2018-07-02 16:16:26][debug] [sms]page:https://bbs.bivfw.top/plugin.php?id=tom_tchongbao:ajax&act=nitice_sms_hb_run&site=1&tongcheng_id=388&hongbao_id=48&page=29
[2018-07-02 16:16:26][debug] [sms]hongbao id:48
[2018-07-02 16:16:26][debug] [sms]page:29
[2018-07-02 16:16:26][debug] [sms]client IP:118.89.52.235
[2018-07-02 16:16:26][debug] [sms]start:1530519386
[2018-07-02 16:16:28][debug] [sms]all num:10
[2018-07-02 16:16:28][debug] [sms]run num:10
[2018-07-02 16:16:28][debug] [sms]ok num:1
[2018-07-02 16:16:28][debug] [sms]no num:0
[2018-07-02 16:16:28][debug] [sms]run time:2
[2018-07-02 16:16:28][debug] [sms]end:1530519388
[2018-07-02 16:16:28][debug] [sms]page:https://bbs.bivfw.top/plugin.php?id=tom_tchongbao:ajax&act=nitice_sms_hb_run&site=1&tongcheng_id=388&hongbao_id=48&page=30
[2018-07-02 16:16:28][debug] [sms]hongbao id:48
[2018-07-02 16:16:28][debug] [sms]page:30
[2018-07-02 16:16:28][debug] [sms]client IP:118.89.52.235
[2018-07-02 16:16:28][debug] [sms]start:1530519388
[2018-07-02 16:16:30][debug] [sms]all num:10
[2018-07-02 16:16:30][debug] [sms]run num:10
[2018-07-02 16:16:30][debug] [sms]ok num:2
[2018-07-02 16:16:30][debug] [sms]no num:0
[2018-07-02 16:16:30][debug] [sms]run time:2
[2018-07-02 16:16:30][debug] [sms]end:1530519390
[2018-07-02 16:16:30][debug] [sms]page:https://bbs.bivfw.top/plugin.php?id=tom_tchongbao:ajax&act=nitice_sms_hb_run&site=1&tongcheng_id=388&hongbao_id=48&page=31
[2018-07-02 16:16:30][debug] [sms]hongbao id:48
[2018-07-02 16:16:30][debug] [sms]page:31
[2018-07-02 16:16:30][debug] [sms]client IP:118.89.52.235
[2018-07-02 16:16:30][debug] [sms]start:1530519390
[2018-07-02 16:16:32][debug] [sms]all num:10
[2018-07-02 16:16:32][debug] [sms]run num:10
[2018-07-02 16:16:32][debug] [sms]ok num:1
[2018-07-02 16:16:32][debug] [sms]no num:0
[2018-07-02 16:16:32][debug] [sms]run time:2
[2018-07-02 16:16:32][debug] [sms]end:1530519392
[2018-07-02 16:16:32][debug] [sms]page:https://bbs.bivfw.top/plugin.php?id=tom_tchongbao:ajax&act=nitice_sms_hb_run&site=1&tongcheng_id=388&hongbao_id=48&page=32
[2018-07-02 16:16:32][debug] [sms]hongbao id:48
[2018-07-02 16:16:32][debug] [sms]page:32
[2018-07-02 16:16:32][debug] [sms]client IP:118.89.52.235
[2018-07-02 16:16:32][debug] [sms]start:1530519392
[2018-07-02 16:16:34][debug] [sms]all num:10
[2018-07-02 16:16:34][debug] [sms]run num:10
[2018-07-02 16:16:34][debug] [sms]ok num:2
[2018-07-02 16:16:34][debug] [sms]no num:0
[2018-07-02 16:16:34][debug] [sms]run time:2
[2018-07-02 16:16:34][debug] [sms]end:1530519394
[2018-07-02 16:16:34][debug] [sms]page:https://bbs.bivfw.top/plugin.php?id=tom_tchongbao:ajax&act=nitice_sms_hb_run&site=1&tongcheng_id=388&hongbao_id=48&page=33
[2018-07-02 16:16:34][debug] [sms]hongbao id:48
[2018-07-02 16:16:34][debug] [sms]page:33
[2018-07-02 16:16:34][debug] [sms]client IP:118.89.52.235
[2018-07-02 16:16:34][debug] [sms]start:1530519394
[2018-07-02 16:16:35][debug] [sms]all num:10
[2018-07-02 16:16:35][debug] [sms]run num:10
[2018-07-02 16:16:35][debug] [sms]ok num:1
[2018-07-02 16:16:35][debug] [sms]no num:0
[2018-07-02 16:16:35][debug] [sms]run time:1
[2018-07-02 16:16:35][debug] [sms]end:1530519395
[2018-07-02 16:16:35][debug] [sms]page:https://bbs.bivfw.top/plugin.php?id=tom_tchongbao:ajax&act=nitice_sms_hb_run&site=1&tongcheng_id=388&hongbao_id=48&page=34
[2018-07-02 16:16:36][debug] [sms]hongbao id:48
[2018-07-02 16:16:36][debug] [sms]page:34
[2018-07-02 16:16:36][debug] [sms]client IP:118.89.52.235
[2018-07-02 16:16:36][debug] [sms]start:1530519396
[2018-07-02 16:16:38][debug] [sms]all num:10
[2018-07-02 16:16:38][debug] [sms]run num:10
[2018-07-02 16:16:38][debug] [sms]ok num:3
[2018-07-02 16:16:38][debug] [sms]no num:0
[2018-07-02 16:16:38][debug] [sms]run time:2
[2018-07-02 16:16:38][debug] [sms]end:1530519398
[2018-07-02 16:16:38][debug] [sms]page:https://bbs.bivfw.top/plugin.php?id=tom_tchongbao:ajax&act=nitice_sms_hb_run&site=1&tongcheng_id=388&hongbao_id=48&page=35
[2018-07-02 16:16:38][debug] [sms]hongbao id:48
[2018-07-02 16:16:38][debug] [sms]page:35
[2018-07-02 16:16:38][debug] [sms]client IP:118.89.52.235
[2018-07-02 16:16:38][debug] [sms]start:1530519398
[2018-07-02 16:16:40][debug] [sms]all num:10
[2018-07-02 16:16:40][debug] [sms]run num:10
[2018-07-02 16:16:40][debug] [sms]ok num:2
[2018-07-02 16:16:40][debug] [sms]no num:0
[2018-07-02 16:16:40][debug] [sms]run time:2
[2018-07-02 16:16:40][debug] [sms]end:1530519400
[2018-07-02 16:16:40][debug] [sms]page:https://bbs.bivfw.top/plugin.php?id=tom_tchongbao:ajax&act=nitice_sms_hb_run&site=1&tongcheng_id=388&hongbao_id=48&page=36
[2018-07-02 16:16:40][debug] [sms]hongbao id:48
[2018-07-02 16:16:40][debug] [sms]page:36
[2018-07-02 16:16:40][debug] [sms]client IP:118.89.52.235
[2018-07-02 16:16:40][debug] [sms]start:1530519400
[2018-07-02 16:16:41][debug] [sms]all num:10
[2018-07-02 16:16:41][debug] [sms]run num:10
[2018-07-02 16:16:41][debug] [sms]ok num:1
[2018-07-02 16:16:41][debug] [sms]no num:0
[2018-07-02 16:16:41][debug] [sms]run time:1
[2018-07-02 16:16:41][debug] [sms]end:1530519401
[2018-07-02 16:16:41][debug] [sms]page:https://bbs.bivfw.top/plugin.php?id=tom_tchongbao:ajax&act=nitice_sms_hb_run&site=1&tongcheng_id=388&hongbao_id=48&page=37
[2018-07-02 16:16:42][debug] [sms]hongbao id:48
[2018-07-02 16:16:42][debug] [sms]page:37
[2018-07-02 16:16:42][debug] [sms]client IP:118.89.52.235
[2018-07-02 16:16:42][debug] [sms]start:1530519402
[2018-07-02 16:16:44][debug] [sms]all num:10
[2018-07-02 16:16:44][debug] [sms]run num:10
[2018-07-02 16:16:44][debug] [sms]ok num:5
[2018-07-02 16:16:44][debug] [sms]no num:0
[2018-07-02 16:16:44][debug] [sms]run time:2
[2018-07-02 16:16:44][debug] [sms]end:1530519404
[2018-07-02 16:16:44][debug] [sms]page:https://bbs.bivfw.top/plugin.php?id=tom_tchongbao:ajax&act=nitice_sms_hb_run&site=1&tongcheng_id=388&hongbao_id=48&page=38
[2018-07-02 16:16:44][debug] [sms]hongbao id:48
[2018-07-02 16:16:44][debug] [sms]page:38
[2018-07-02 16:16:44][debug] [sms]client IP:118.89.52.235
[2018-07-02 16:16:44][debug] [sms]start:1530519404
[2018-07-02 16:16:46][debug] [sms]all num:10
[2018-07-02 16:16:46][debug] [sms]run num:10
[2018-07-02 16:16:46][debug] [sms]ok num:3
[2018-07-02 16:16:46][debug] [sms]no num:0
[2018-07-02 16:16:46][debug] [sms]run time:2
[2018-07-02 16:16:46][debug] [sms]end:1530519406
[2018-07-02 16:16:46][debug] [sms]page:https://bbs.bivfw.top/plugin.php?id=tom_tchongbao:ajax&act=nitice_sms_hb_run&site=1&tongcheng_id=388&hongbao_id=48&page=39
[2018-07-02 16:16:46][debug] [sms]hongbao id:48
[2018-07-02 16:16:46][debug] [sms]page:39
[2018-07-02 16:16:46][debug] [sms]client IP:118.89.52.235
[2018-07-02 16:16:46][debug] [sms]start:1530519406
[2018-07-02 16:16:48][debug] [sms]all num:10
[2018-07-02 16:16:48][debug] [sms]run num:10
[2018-07-02 16:16:48][debug] [sms]ok num:4
[2018-07-02 16:16:48][debug] [sms]no num:0
[2018-07-02 16:16:48][debug] [sms]run time:2
[2018-07-02 16:16:48][debug] [sms]end:1530519408
[2018-07-02 16:16:48][debug] [sms]page:https://bbs.bivfw.top/plugin.php?id=tom_tchongbao:ajax&act=nitice_sms_hb_run&site=1&tongcheng_id=388&hongbao_id=48&page=40
[2018-07-02 16:16:49][debug] [sms]hongbao id:48
[2018-07-02 16:16:49][debug] [sms]page:40
[2018-07-02 16:16:49][debug] [sms]client IP:118.89.52.235
[2018-07-02 16:16:49][debug] [sms]start:1530519409
[2018-07-02 16:16:50][debug] [sms]all num:10
[2018-07-02 16:16:50][debug] [sms]run num:10
[2018-07-02 16:16:50][debug] [sms]ok num:0
[2018-07-02 16:16:50][debug] [sms]no num:0
[2018-07-02 16:16:50][debug] [sms]run time:1
[2018-07-02 16:16:50][debug] [sms]end:1530519410
[2018-07-02 16:16:50][debug] [sms]page:https://bbs.bivfw.top/plugin.php?id=tom_tchongbao:ajax&act=nitice_sms_hb_run&site=1&tongcheng_id=388&hongbao_id=48&page=41
[2018-07-02 16:16:51][debug] [sms]hongbao id:48
[2018-07-02 16:16:51][debug] [sms]page:41
[2018-07-02 16:16:51][debug] [sms]client IP:118.89.52.235
[2018-07-02 16:16:51][debug] [sms]start:1530519411
[2018-07-02 16:16:52][debug] [sms]all num:10
[2018-07-02 16:16:52][debug] [sms]run num:10
[2018-07-02 16:16:52][debug] [sms]ok num:0
[2018-07-02 16:16:52][debug] [sms]no num:0
[2018-07-02 16:16:52][debug] [sms]run time:1
[2018-07-02 16:16:52][debug] [sms]end:1530519412
[2018-07-02 16:16:52][debug] [sms]page:https://bbs.bivfw.top/plugin.php?id=tom_tchongbao:ajax&act=nitice_sms_hb_run&site=1&tongcheng_id=388&hongbao_id=48&page=42
[2018-07-02 16:16:53][debug] [sms]hongbao id:48
[2018-07-02 16:16:53][debug] [sms]page:42
[2018-07-02 16:16:53][debug] [sms]client IP:118.89.52.235
[2018-07-02 16:16:53][debug] [sms]start:1530519413
[2018-07-02 16:16:54][debug] [sms]all num:10
[2018-07-02 16:16:54][debug] [sms]run num:10
[2018-07-02 16:16:54][debug] [sms]ok num:1
[2018-07-02 16:16:54][debug] [sms]no num:0
[2018-07-02 16:16:54][debug] [sms]run time:1
[2018-07-02 16:16:54][debug] [sms]end:1530519414
[2018-07-02 16:16:54][debug] [sms]page:https://bbs.bivfw.top/plugin.php?id=tom_tchongbao:ajax&act=nitice_sms_hb_run&site=1&tongcheng_id=388&hongbao_id=48&page=43
[2018-07-02 16:16:55][debug] [sms]hongbao id:48
[2018-07-02 16:16:55][debug] [sms]page:43
[2018-07-02 16:16:55][debug] [sms]client IP:118.89.52.235
[2018-07-02 16:16:55][debug] [sms]start:1530519415
[2018-07-02 16:16:56][debug] [sms]all num:10
[2018-07-02 16:16:56][debug] [sms]run num:10
[2018-07-02 16:16:56][debug] [sms]ok num:2
[2018-07-02 16:16:56][debug] [sms]no num:0
[2018-07-02 16:16:56][debug] [sms]run time:1
[2018-07-02 16:16:56][debug] [sms]end:1530519416
[2018-07-02 16:16:56][debug] [sms]page:https://bbs.bivfw.top/plugin.php?id=tom_tchongbao:ajax&act=nitice_sms_hb_run&site=1&tongcheng_id=388&hongbao_id=48&page=44
[2018-07-02 16:16:56][debug] [sms]hongbao id:48
[2018-07-02 16:16:56][debug] [sms]page:44
[2018-07-02 16:16:56][debug] [sms]client IP:118.89.52.235
[2018-07-02 16:16:56][debug] [sms]start:1530519416
[2018-07-02 16:16:58][debug] [sms]all num:10
[2018-07-02 16:16:58][debug] [sms]run num:10
[2018-07-02 16:16:58][debug] [sms]ok num:3
[2018-07-02 16:16:58][debug] [sms]no num:0
[2018-07-02 16:16:58][debug] [sms]run time:2
[2018-07-02 16:16:58][debug] [sms]end:1530519418
[2018-07-02 16:16:58][debug] [sms]page:https://bbs.bivfw.top/plugin.php?id=tom_tchongbao:ajax&act=nitice_sms_hb_run&site=1&tongcheng_id=388&hongbao_id=48&page=45
[2018-07-02 16:16:58][debug] [sms]hongbao id:48
[2018-07-02 16:16:58][debug] [sms]page:45
[2018-07-02 16:16:58][debug] [sms]client IP:118.89.52.235
[2018-07-02 16:16:58][debug] [sms]start:1530519418
[2018-07-02 16:17:00][debug] [sms]all num:10
[2018-07-02 16:17:00][debug] [sms]run num:10
[2018-07-02 16:17:00][debug] [sms]ok num:3
[2018-07-02 16:17:00][debug] [sms]no num:0
[2018-07-02 16:17:00][debug] [sms]run time:2
[2018-07-02 16:17:00][debug] [sms]end:1530519420
[2018-07-02 16:17:00][debug] [sms]page:https://bbs.bivfw.top/plugin.php?id=tom_tchongbao:ajax&act=nitice_sms_hb_run&site=1&tongcheng_id=388&hongbao_id=48&page=46
[2018-07-02 16:17:00][debug] [sms]hongbao id:48
[2018-07-02 16:17:00][debug] [sms]page:46
[2018-07-02 16:17:00][debug] [sms]client IP:118.89.52.235
[2018-07-02 16:17:00][debug] [sms]start:1530519420
[2018-07-02 16:17:02][debug] [sms]all num:10
[2018-07-02 16:17:02][debug] [sms]run num:10
[2018-07-02 16:17:02][debug] [sms]ok num:1
[2018-07-02 16:17:02][debug] [sms]no num:0
[2018-07-02 16:17:02][debug] [sms]run time:2
[2018-07-02 16:17:02][debug] [sms]end:1530519422
[2018-07-02 16:17:02][debug] [sms]page:https://bbs.bivfw.top/plugin.php?id=tom_tchongbao:ajax&act=nitice_sms_hb_run&site=1&tongcheng_id=388&hongbao_id=48&page=47
[2018-07-02 16:17:02][debug] [sms]hongbao id:48
[2018-07-02 16:17:02][debug] [sms]page:47
[2018-07-02 16:17:02][debug] [sms]client IP:118.89.52.235
[2018-07-02 16:17:02][debug] [sms]start:1530519422
[2018-07-02 16:17:04][debug] [sms]all num:10
[2018-07-02 16:17:04][debug] [sms]run num:10
[2018-07-02 16:17:04][debug] [sms]ok num:2
[2018-07-02 16:17:04][debug] [sms]no num:0
[2018-07-02 16:17:04][debug] [sms]run time:2
[2018-07-02 16:17:04][debug] [sms]end:1530519424
[2018-07-02 16:17:04][debug] [sms]page:https://bbs.bivfw.top/plugin.php?id=tom_tchongbao:ajax&act=nitice_sms_hb_run&site=1&tongcheng_id=388&hongbao_id=48&page=48
[2018-07-02 16:17:04][debug] [sms]hongbao id:48
[2018-07-02 16:17:04][debug] [sms]page:48
[2018-07-02 16:17:04][debug] [sms]client IP:118.89.52.235
[2018-07-02 16:17:04][debug] [sms]start:1530519424
[2018-07-02 16:17:06][debug] [sms]all num:10
[2018-07-02 16:17:06][debug] [sms]run num:10
[2018-07-02 16:17:06][debug] [sms]ok num:4
[2018-07-02 16:17:06][debug] [sms]no num:0
[2018-07-02 16:17:06][debug] [sms]run time:2
[2018-07-02 16:17:06][debug] [sms]end:1530519426
[2018-07-02 16:17:06][debug] [sms]page:https://bbs.bivfw.top/plugin.php?id=tom_tchongbao:ajax&act=nitice_sms_hb_run&site=1&tongcheng_id=388&hongbao_id=48&page=49
[2018-07-02 16:17:06][debug] [sms]hongbao id:48
[2018-07-02 16:17:06][debug] [sms]page:49
[2018-07-02 16:17:06][debug] [sms]client IP:118.89.52.235
[2018-07-02 16:17:06][debug] [sms]start:1530519426
[2018-07-02 16:17:07][debug] [sms]all num:10
[2018-07-02 16:17:07][debug] [sms]run num:10
[2018-07-02 16:17:07][debug] [sms]ok num:2
[2018-07-02 16:17:07][debug] [sms]no num:0
[2018-07-02 16:17:07][debug] [sms]run time:1
[2018-07-02 16:17:07][debug] [sms]end:1530519427
[2018-07-02 16:17:07][debug] [sms]page:https://bbs.bivfw.top/plugin.php?id=tom_tchongbao:ajax&act=nitice_sms_hb_run&site=1&tongcheng_id=388&hongbao_id=48&page=50
[2018-07-02 16:17:08][debug] [sms]hongbao id:48
[2018-07-02 16:17:08][debug] [sms]page:50
[2018-07-02 16:17:08][debug] [sms]client IP:118.89.52.235
[2018-07-02 16:17:08][debug] [sms]start:1530519428
[2018-07-02 16:17:09][debug] [sms]all num:10
[2018-07-02 16:17:09][debug] [sms]run num:10
[2018-07-02 16:17:09][debug] [sms]ok num:0
[2018-07-02 16:17:09][debug] [sms]no num:0
[2018-07-02 16:17:09][debug] [sms]run time:1
[2018-07-02 16:17:09][debug] [sms]end:1530519429
[2018-07-02 16:17:09][debug] [sms]page:https://bbs.bivfw.top/plugin.php?id=tom_tchongbao:ajax&act=nitice_sms_hb_run&site=1&tongcheng_id=388&hongbao_id=48&page=51
[2018-07-02 16:17:09][debug] [sms]hongbao id:48
[2018-07-02 16:17:09][debug] [sms]page:51
[2018-07-02 16:17:09][debug] [sms]client IP:118.89.52.235
[2018-07-02 16:17:09][debug] [sms]start:1530519429
[2018-07-02 16:17:11][debug] [sms]all num:10
[2018-07-02 16:17:11][debug] [sms]run num:10
[2018-07-02 16:17:11][debug] [sms]ok num:0
[2018-07-02 16:17:11][debug] [sms]no num:0
[2018-07-02 16:17:11][debug] [sms]run time:2
[2018-07-02 16:17:11][debug] [sms]end:1530519431
[2018-07-02 16:17:11][debug] [sms]page:https://bbs.bivfw.top/plugin.php?id=tom_tchongbao:ajax&act=nitice_sms_hb_run&site=1&tongcheng_id=388&hongbao_id=48&page=52
[2018-07-02 16:17:11][debug] [sms]hongbao id:48
[2018-07-02 16:17:11][debug] [sms]page:52
[2018-07-02 16:17:11][debug] [sms]client IP:118.89.52.235
[2018-07-02 16:17:11][debug] [sms]start:1530519431
[2018-07-02 16:17:12][debug] [sms]all num:10
[2018-07-02 16:17:12][debug] [sms]run num:10
[2018-07-02 16:17:12][debug] [sms]ok num:1
[2018-07-02 16:17:12][debug] [sms]no num:0
[2018-07-02 16:17:12][debug] [sms]run time:1
[2018-07-02 16:17:12][debug] [sms]end:1530519432
[2018-07-02 16:17:12][debug] [sms]page:https://bbs.bivfw.top/plugin.php?id=tom_tchongbao:ajax&act=nitice_sms_hb_run&site=1&tongcheng_id=388&hongbao_id=48&page=53
[2018-07-02 16:17:12][debug] [sms]hongbao id:48
[2018-07-02 16:17:12][debug] [sms]page:53
[2018-07-02 16:17:12][debug] [sms]client IP:118.89.52.235
[2018-07-02 16:17:12][debug] [sms]start:1530519432
[2018-07-02 16:17:14][debug] [sms]all num:10
[2018-07-02 16:17:14][debug] [sms]run num:10
[2018-07-02 16:17:14][debug] [sms]ok num:3
[2018-07-02 16:17:14][debug] [sms]no num:0
[2018-07-02 16:17:14][debug] [sms]run time:2
[2018-07-02 16:17:14][debug] [sms]end:1530519434
[2018-07-02 16:17:14][debug] [sms]page:https://bbs.bivfw.top/plugin.php?id=tom_tchongbao:ajax&act=nitice_sms_hb_run&site=1&tongcheng_id=388&hongbao_id=48&page=54
[2018-07-02 16:17:15][debug] [sms]hongbao id:48
[2018-07-02 16:17:15][debug] [sms]page:54
[2018-07-02 16:17:15][debug] [sms]client IP:118.89.52.235
[2018-07-02 16:17:15][debug] [sms]start:1530519435
[2018-07-02 16:17:16][debug] [sms]all num:10
[2018-07-02 16:17:16][debug] [sms]run num:10
[2018-07-02 16:17:16][debug] [sms]ok num:1
[2018-07-02 16:17:16][debug] [sms]no num:0
[2018-07-02 16:17:16][debug] [sms]run time:1
[2018-07-02 16:17:16][debug] [sms]end:1530519436
[2018-07-02 16:17:16][debug] [sms]page:https://bbs.bivfw.top/plugin.php?id=tom_tchongbao:ajax&act=nitice_sms_hb_run&site=1&tongcheng_id=388&hongbao_id=48&page=55
[2018-07-02 16:17:16][debug] [sms]hongbao id:48
[2018-07-02 16:17:16][debug] [sms]page:55
[2018-07-02 16:17:16][debug] [sms]client IP:118.89.52.235
[2018-07-02 16:17:16][debug] [sms]start:1530519436
[2018-07-02 16:17:18][debug] [sms]all num:10
[2018-07-02 16:17:18][debug] [sms]run num:10
[2018-07-02 16:17:18][debug] [sms]ok num:2
[2018-07-02 16:17:18][debug] [sms]no num:0
[2018-07-02 16:17:18][debug] [sms]run time:2
[2018-07-02 16:17:18][debug] [sms]end:1530519438
[2018-07-02 16:17:18][debug] [sms]page:https://bbs.bivfw.top/plugin.php?id=tom_tchongbao:ajax&act=nitice_sms_hb_run&site=1&tongcheng_id=388&hongbao_id=48&page=56
[2018-07-02 16:17:18][debug] [sms]hongbao id:48
[2018-07-02 16:17:18][debug] [sms]page:56
[2018-07-02 16:17:18][debug] [sms]client IP:118.89.52.235
[2018-07-02 16:17:18][debug] [sms]start:1530519438
[2018-07-02 16:17:20][debug] [sms]all num:10
[2018-07-02 16:17:20][debug] [sms]run num:9
[2018-07-02 16:17:20][debug] [sms]ok num:0
[2018-07-02 16:17:20][debug] [sms]no num:0
[2018-07-02 16:17:20][debug] [sms]run time:2
[2018-07-02 16:17:20][debug] [sms]end:1530519440
[2018-07-02 16:17:20][debug] [sms]page:https://bbs.bivfw.top/plugin.php?id=tom_tchongbao:ajax&act=nitice_sms_hb_run&site=1&tongcheng_id=388&hongbao_id=48&page=57
[2018-07-02 16:17:20][debug] [sms]hongbao id:48
[2018-07-02 16:17:20][debug] [sms]page:57
[2018-07-02 16:17:20][debug] [sms]client IP:118.89.52.235
[2018-07-02 16:17:20][debug] [sms]start:1530519440
[2018-07-02 16:17:22][debug] [sms]all num:10
[2018-07-02 16:17:22][debug] [sms]run num:10
[2018-07-02 16:17:22][debug] [sms]ok num:0
[2018-07-02 16:17:22][debug] [sms]no num:0
[2018-07-02 16:17:22][debug] [sms]run time:2
[2018-07-02 16:17:22][debug] [sms]end:1530519442
[2018-07-02 16:17:22][debug] [sms]page:https://bbs.bivfw.top/plugin.php?id=tom_tchongbao:ajax&act=nitice_sms_hb_run&site=1&tongcheng_id=388&hongbao_id=48&page=58
[2018-07-02 16:17:22][debug] [sms]hongbao id:48
[2018-07-02 16:17:22][debug] [sms]page:58
[2018-07-02 16:17:22][debug] [sms]client IP:118.89.52.235
[2018-07-02 16:17:22][debug] [sms]start:1530519442
[2018-07-02 16:17:24][debug] [sms]all num:10
[2018-07-02 16:17:24][debug] [sms]run num:10
[2018-07-02 16:17:24][debug] [sms]ok num:1
[2018-07-02 16:17:24][debug] [sms]no num:0
[2018-07-02 16:17:24][debug] [sms]run time:2
[2018-07-02 16:17:24][debug] [sms]end:1530519444
[2018-07-02 16:17:24][debug] [sms]page:https://bbs.bivfw.top/plugin.php?id=tom_tchongbao:ajax&act=nitice_sms_hb_run&site=1&tongcheng_id=388&hongbao_id=48&page=59
[2018-07-02 16:17:24][debug] [sms]hongbao id:48
[2018-07-02 16:17:24][debug] [sms]page:59
[2018-07-02 16:17:24][debug] [sms]client IP:118.89.52.235
[2018-07-02 16:17:24][debug] [sms]start:1530519444
[2018-07-02 16:17:26][debug] [sms]all num:10
[2018-07-02 16:17:26][debug] [sms]run num:10
[2018-07-02 16:17:26][debug] [sms]ok num:3
[2018-07-02 16:17:26][debug] [sms]no num:0
[2018-07-02 16:17:26][debug] [sms]run time:2
[2018-07-02 16:17:26][debug] [sms]end:1530519446
[2018-07-02 16:17:26][debug] [sms]page:https://bbs.bivfw.top/plugin.php?id=tom_tchongbao:ajax&act=nitice_sms_hb_run&site=1&tongcheng_id=388&hongbao_id=48&page=60
[2018-07-02 16:17:27][debug] [sms]hongbao id:48
[2018-07-02 16:17:27][debug] [sms]page:60
[2018-07-02 16:17:27][debug] [sms]client IP:118.89.52.235
[2018-07-02 16:17:27][debug] [sms]start:1530519447
[2018-07-02 16:17:28][debug] [sms]all num:10
[2018-07-02 16:17:28][debug] [sms]run num:9
[2018-07-02 16:17:28][debug] [sms]ok num:0
[2018-07-02 16:17:28][debug] [sms]no num:0
[2018-07-02 16:17:28][debug] [sms]run time:1
[2018-07-02 16:17:28][debug] [sms]end:1530519448
[2018-07-02 16:17:28][debug] [sms]page:https://bbs.bivfw.top/plugin.php?id=tom_tchongbao:ajax&act=nitice_sms_hb_run&site=1&tongcheng_id=388&hongbao_id=48&page=61
[2018-07-02 16:17:28][debug] [sms]hongbao id:48
[2018-07-02 16:17:28][debug] [sms]page:61
[2018-07-02 16:17:28][debug] [sms]client IP:118.89.52.235
[2018-07-02 16:17:28][debug] [sms]start:1530519448
[2018-07-02 16:17:29][debug] [sms]all num:10
[2018-07-02 16:17:29][debug] [sms]run num:10
[2018-07-02 16:17:29][debug] [sms]ok num:1
[2018-07-02 16:17:29][debug] [sms]no num:0
[2018-07-02 16:17:29][debug] [sms]run time:1
[2018-07-02 16:17:29][debug] [sms]end:1530519449
[2018-07-02 16:17:29][debug] [sms]page:https://bbs.bivfw.top/plugin.php?id=tom_tchongbao:ajax&act=nitice_sms_hb_run&site=1&tongcheng_id=388&hongbao_id=48&page=62
[2018-07-02 16:17:30][debug] [sms]hongbao id:48
[2018-07-02 16:17:30][debug] [sms]page:62
[2018-07-02 16:17:30][debug] [sms]client IP:118.89.52.235
[2018-07-02 16:17:30][debug] [sms]start:1530519450
[2018-07-02 16:17:31][debug] [sms]all num:10
[2018-07-02 16:17:31][debug] [sms]run num:10
[2018-07-02 16:17:31][debug] [sms]ok num:2
[2018-07-02 16:17:31][debug] [sms]no num:0
[2018-07-02 16:17:31][debug] [sms]run time:1
[2018-07-02 16:17:31][debug] [sms]end:1530519451
[2018-07-02 16:17:31][debug] [sms]page:https://bbs.bivfw.top/plugin.php?id=tom_tchongbao:ajax&act=nitice_sms_hb_run&site=1&tongcheng_id=388&hongbao_id=48&page=63
[2018-07-02 16:17:32][debug] [sms]hongbao id:48
[2018-07-02 16:17:32][debug] [sms]page:63
[2018-07-02 16:17:32][debug] [sms]client IP:118.89.52.235
[2018-07-02 16:17:32][debug] [sms]start:1530519452
[2018-07-02 16:17:33][debug] [sms]all num:10
[2018-07-02 16:17:33][debug] [sms]run num:10
[2018-07-02 16:17:33][debug] [sms]ok num:3
[2018-07-02 16:17:33][debug] [sms]no num:0
[2018-07-02 16:17:33][debug] [sms]run time:1
[2018-07-02 16:17:33][debug] [sms]end:1530519453
[2018-07-02 16:17:33][debug] [sms]page:https://bbs.bivfw.top/plugin.php?id=tom_tchongbao:ajax&act=nitice_sms_hb_run&site=1&tongcheng_id=388&hongbao_id=48&page=64
[2018-07-02 16:17:33][debug] [sms]hongbao id:48
[2018-07-02 16:17:33][debug] [sms]page:64
[2018-07-02 16:17:33][debug] [sms]client IP:118.89.52.235
[2018-07-02 16:17:33][debug] [sms]start:1530519453
[2018-07-02 16:17:35][debug] [sms]all num:10
[2018-07-02 16:17:35][debug] [sms]run num:10
[2018-07-02 16:17:35][debug] [sms]ok num:0
[2018-07-02 16:17:35][debug] [sms]no num:0
[2018-07-02 16:17:35][debug] [sms]run time:2
[2018-07-02 16:17:35][debug] [sms]end:1530519455
[2018-07-02 16:17:35][debug] [sms]page:https://bbs.bivfw.top/plugin.php?id=tom_tchongbao:ajax&act=nitice_sms_hb_run&site=1&tongcheng_id=388&hongbao_id=48&page=65
[2018-07-02 16:17:35][debug] [sms]hongbao id:48
[2018-07-02 16:17:35][debug] [sms]page:65
[2018-07-02 16:17:35][debug] [sms]client IP:118.89.52.235
[2018-07-02 16:17:35][debug] [sms]start:1530519455
[2018-07-02 16:17:37][debug] [sms]all num:10
[2018-07-02 16:17:37][debug] [sms]run num:10
[2018-07-02 16:17:37][debug] [sms]ok num:0
[2018-07-02 16:17:37][debug] [sms]no num:0
[2018-07-02 16:17:37][debug] [sms]run time:2
[2018-07-02 16:17:37][debug] [sms]end:1530519457
[2018-07-02 16:17:37][debug] [sms]page:https://bbs.bivfw.top/plugin.php?id=tom_tchongbao:ajax&act=nitice_sms_hb_run&site=1&tongcheng_id=388&hongbao_id=48&page=66
[2018-07-02 16:17:37][debug] [sms]hongbao id:48
[2018-07-02 16:17:37][debug] [sms]page:66
[2018-07-02 16:17:37][debug] [sms]client IP:118.89.52.235
[2018-07-02 16:17:37][debug] [sms]start:1530519457
[2018-07-02 16:17:39][debug] [sms]all num:10
[2018-07-02 16:17:39][debug] [sms]run num:10
[2018-07-02 16:17:39][debug] [sms]ok num:0
[2018-07-02 16:17:39][debug] [sms]no num:0
[2018-07-02 16:17:39][debug] [sms]run time:2
[2018-07-02 16:17:39][debug] [sms]end:1530519459
[2018-07-02 16:17:39][debug] [sms]page:https://bbs.bivfw.top/plugin.php?id=tom_tchongbao:ajax&act=nitice_sms_hb_run&site=1&tongcheng_id=388&hongbao_id=48&page=67
[2018-07-02 16:17:39][debug] [sms]hongbao id:48
[2018-07-02 16:17:39][debug] [sms]page:67
[2018-07-02 16:17:39][debug] [sms]client IP:118.89.52.235
[2018-07-02 16:17:39][debug] [sms]start:1530519459
[2018-07-02 16:17:41][debug] [sms]all num:10
[2018-07-02 16:17:41][debug] [sms]run num:9
[2018-07-02 16:17:41][debug] [sms]ok num:1
[2018-07-02 16:17:41][debug] [sms]no num:0
[2018-07-02 16:17:41][debug] [sms]run time:2
[2018-07-02 16:17:41][debug] [sms]end:1530519461
[2018-07-02 16:17:41][debug] [sms]page:https://bbs.bivfw.top/plugin.php?id=tom_tchongbao:ajax&act=nitice_sms_hb_run&site=1&tongcheng_id=388&hongbao_id=48&page=68
[2018-07-02 16:17:41][debug] [sms]hongbao id:48
[2018-07-02 16:17:41][debug] [sms]page:68
[2018-07-02 16:17:41][debug] [sms]client IP:118.89.52.235
[2018-07-02 16:17:41][debug] [sms]start:1530519461
[2018-07-02 16:17:42][debug] [sms]all num:10
[2018-07-02 16:17:42][debug] [sms]run num:10
[2018-07-02 16:17:42][debug] [sms]ok num:0
[2018-07-02 16:17:42][debug] [sms]no num:0
[2018-07-02 16:17:42][debug] [sms]run time:1
[2018-07-02 16:17:42][debug] [sms]end:1530519462
[2018-07-02 16:17:42][debug] [sms]page:https://bbs.bivfw.top/plugin.php?id=tom_tchongbao:ajax&act=nitice_sms_hb_run&site=1&tongcheng_id=388&hongbao_id=48&page=69
[2018-07-02 16:17:43][debug] [sms]hongbao id:48
[2018-07-02 16:17:43][debug] [sms]page:69
[2018-07-02 16:17:43][debug] [sms]client IP:118.89.52.235
[2018-07-02 16:17:43][debug] [sms]start:1530519463
[2018-07-02 16:17:44][debug] [sms]all num:10
[2018-07-02 16:17:44][debug] [sms]run num:10
[2018-07-02 16:17:44][debug] [sms]ok num:2
[2018-07-02 16:17:44][debug] [sms]no num:0
[2018-07-02 16:17:44][debug] [sms]run time:1
[2018-07-02 16:17:44][debug] [sms]end:1530519464
[2018-07-02 16:17:44][debug] [sms]page:https://bbs.bivfw.top/plugin.php?id=tom_tchongbao:ajax&act=nitice_sms_hb_run&site=1&tongcheng_id=388&hongbao_id=48&page=70
[2018-07-02 16:17:45][debug] [sms]hongbao id:48
[2018-07-02 16:17:45][debug] [sms]page:70
[2018-07-02 16:17:45][debug] [sms]client IP:118.89.52.235
[2018-07-02 16:17:45][debug] [sms]start:1530519465
[2018-07-02 16:17:46][debug] [sms]all num:10
[2018-07-02 16:17:46][debug] [sms]run num:10
[2018-07-02 16:17:46][debug] [sms]ok num:0
[2018-07-02 16:17:46][debug] [sms]no num:0
[2018-07-02 16:17:46][debug] [sms]run time:1
[2018-07-02 16:17:46][debug] [sms]end:1530519466
[2018-07-02 16:17:46][debug] [sms]page:https://bbs.bivfw.top/plugin.php?id=tom_tchongbao:ajax&act=nitice_sms_hb_run&site=1&tongcheng_id=388&hongbao_id=48&page=71
[2018-07-02 16:17:47][debug] [sms]hongbao id:48
[2018-07-02 16:17:47][debug] [sms]page:71
[2018-07-02 16:17:47][debug] [sms]client IP:118.89.52.235
[2018-07-02 16:17:47][debug] [sms]start:1530519467
[2018-07-02 16:17:48][debug] [sms]all num:10
[2018-07-02 16:17:48][debug] [sms]run num:9
[2018-07-02 16:17:48][debug] [sms]ok num:0
[2018-07-02 16:17:48][debug] [sms]no num:0
[2018-07-02 16:17:48][debug] [sms]run time:1
[2018-07-02 16:17:48][debug] [sms]end:1530519468
[2018-07-02 16:17:48][debug] [sms]page:https://bbs.bivfw.top/plugin.php?id=tom_tchongbao:ajax&act=nitice_sms_hb_run&site=1&tongcheng_id=388&hongbao_id=48&page=72
[2018-07-02 16:17:48][debug] [sms]hongbao id:48
[2018-07-02 16:17:48][debug] [sms]page:72
[2018-07-02 16:17:48][debug] [sms]client IP:118.89.52.235
[2018-07-02 16:17:48][debug] [sms]start:1530519468
[2018-07-02 16:17:50][debug] [sms]all num:10
[2018-07-02 16:17:50][debug] [sms]run num:9
[2018-07-02 16:17:50][debug] [sms]ok num:1
[2018-07-02 16:17:50][debug] [sms]no num:0
[2018-07-02 16:17:50][debug] [sms]run time:2
[2018-07-02 16:17:50][debug] [sms]end:1530519470
[2018-07-02 16:17:50][debug] [sms]page:https://bbs.bivfw.top/plugin.php?id=tom_tchongbao:ajax&act=nitice_sms_hb_run&site=1&tongcheng_id=388&hongbao_id=48&page=73
[2018-07-02 16:17:50][debug] [sms]hongbao id:48
[2018-07-02 16:17:50][debug] [sms]page:73
[2018-07-02 16:17:50][debug] [sms]client IP:118.89.52.235
[2018-07-02 16:17:50][debug] [sms]start:1530519470
[2018-07-02 16:17:52][debug] [sms]all num:10
[2018-07-02 16:17:52][debug] [sms]run num:10
[2018-07-02 16:17:52][debug] [sms]ok num:0
[2018-07-02 16:17:52][debug] [sms]no num:0
[2018-07-02 16:17:52][debug] [sms]run time:2
[2018-07-02 16:17:52][debug] [sms]end:1530519472
[2018-07-02 16:17:52][debug] [sms]page:https://bbs.bivfw.top/plugin.php?id=tom_tchongbao:ajax&act=nitice_sms_hb_run&site=1&tongcheng_id=388&hongbao_id=48&page=74
[2018-07-02 16:17:52][debug] [sms]hongbao id:48
[2018-07-02 16:17:52][debug] [sms]page:74
[2018-07-02 16:17:52][debug] [sms]client IP:118.89.52.235
[2018-07-02 16:17:52][debug] [sms]start:1530519472
[2018-07-02 16:17:53][debug] [sms]all num:10
[2018-07-02 16:17:53][debug] [sms]run num:10
[2018-07-02 16:17:53][debug] [sms]ok num:1
[2018-07-02 16:17:53][debug] [sms]no num:0
[2018-07-02 16:17:53][debug] [sms]run time:1
[2018-07-02 16:17:53][debug] [sms]end:1530519473
[2018-07-02 16:17:53][debug] [sms]page:https://bbs.bivfw.top/plugin.php?id=tom_tchongbao:ajax&act=nitice_sms_hb_run&site=1&tongcheng_id=388&hongbao_id=48&page=75
[2018-07-02 16:17:54][debug] [sms]hongbao id:48
[2018-07-02 16:17:54][debug] [sms]page:75
[2018-07-02 16:17:54][debug] [sms]client IP:118.89.52.235
[2018-07-02 16:17:54][debug] [sms]start:1530519474
[2018-07-02 16:17:55][debug] [sms]all num:10
[2018-07-02 16:17:55][debug] [sms]run num:10
[2018-07-02 16:17:55][debug] [sms]ok num:1
[2018-07-02 16:17:55][debug] [sms]no num:0
[2018-07-02 16:17:55][debug] [sms]run time:1
[2018-07-02 16:17:55][debug] [sms]end:1530519475
[2018-07-02 16:17:55][debug] [sms]page:https://bbs.bivfw.top/plugin.php?id=tom_tchongbao:ajax&act=nitice_sms_hb_run&site=1&tongcheng_id=388&hongbao_id=48&page=76
[2018-07-02 16:17:55][debug] [sms]hongbao id:48
[2018-07-02 16:17:55][debug] [sms]page:76
[2018-07-02 16:17:55][debug] [sms]client IP:118.89.52.235
[2018-07-02 16:17:55][debug] [sms]start:1530519475
[2018-07-02 16:17:57][debug] [sms]all num:10
[2018-07-02 16:17:57][debug] [sms]run num:10
[2018-07-02 16:17:57][debug] [sms]ok num:0
[2018-07-02 16:17:57][debug] [sms]no num:0
[2018-07-02 16:17:57][debug] [sms]run time:2
[2018-07-02 16:17:57][debug] [sms]end:1530519477
[2018-07-02 16:17:57][debug] [sms]page:https://bbs.bivfw.top/plugin.php?id=tom_tchongbao:ajax&act=nitice_sms_hb_run&site=1&tongcheng_id=388&hongbao_id=48&page=77
[2018-07-02 16:17:57][debug] [sms]hongbao id:48
[2018-07-02 16:17:57][debug] [sms]page:77
[2018-07-02 16:17:57][debug] [sms]client IP:118.89.52.235
[2018-07-02 16:17:57][debug] [sms]start:1530519477
[2018-07-02 16:17:58][debug] [sms]all num:10
[2018-07-02 16:17:58][debug] [sms]run num:10
[2018-07-02 16:17:58][debug] [sms]ok num:0
[2018-07-02 16:17:58][debug] [sms]no num:0
[2018-07-02 16:17:58][debug] [sms]run time:1
[2018-07-02 16:17:58][debug] [sms]end:1530519478
[2018-07-02 16:17:58][debug] [sms]page:https://bbs.bivfw.top/plugin.php?id=tom_tchongbao:ajax&act=nitice_sms_hb_run&site=1&tongcheng_id=388&hongbao_id=48&page=78
[2018-07-02 16:17:59][debug] [sms]hongbao id:48
[2018-07-02 16:17:59][debug] [sms]page:78
[2018-07-02 16:17:59][debug] [sms]client IP:118.89.52.235
[2018-07-02 16:17:59][debug] [sms]start:1530519479
[2018-07-02 16:18:00][debug] [sms]all num:10
[2018-07-02 16:18:00][debug] [sms]run num:10
[2018-07-02 16:18:00][debug] [sms]ok num:0
[2018-07-02 16:18:00][debug] [sms]no num:0
[2018-07-02 16:18:00][debug] [sms]run time:1
[2018-07-02 16:18:00][debug] [sms]end:1530519480
[2018-07-02 16:18:00][debug] [sms]page:https://bbs.bivfw.top/plugin.php?id=tom_tchongbao:ajax&act=nitice_sms_hb_run&site=1&tongcheng_id=388&hongbao_id=48&page=79
[2018-07-02 16:18:00][debug] [sms]hongbao id:48
[2018-07-02 16:18:00][debug] [sms]page:79
[2018-07-02 16:18:00][debug] [sms]client IP:118.89.52.235
[2018-07-02 16:18:00][debug] [sms]start:1530519480
[2018-07-02 16:18:02][debug] [sms]all num:10
[2018-07-02 16:18:02][debug] [sms]run num:10
[2018-07-02 16:18:02][debug] [sms]ok num:2
[2018-07-02 16:18:02][debug] [sms]no num:0
[2018-07-02 16:18:02][debug] [sms]run time:2
[2018-07-02 16:18:02][debug] [sms]end:1530519482
[2018-07-02 16:18:02][debug] [sms]page:https://bbs.bivfw.top/plugin.php?id=tom_tchongbao:ajax&act=nitice_sms_hb_run&site=1&tongcheng_id=388&hongbao_id=48&page=80
[2018-07-02 16:18:02][debug] [sms]hongbao id:48
[2018-07-02 16:18:02][debug] [sms]page:80
[2018-07-02 16:18:02][debug] [sms]client IP:118.89.52.235
[2018-07-02 16:18:02][debug] [sms]start:1530519482
[2018-07-02 16:18:04][debug] [sms]all num:10
[2018-07-02 16:18:04][debug] [sms]run num:10
[2018-07-02 16:18:04][debug] [sms]ok num:0
[2018-07-02 16:18:04][debug] [sms]no num:0
[2018-07-02 16:18:04][debug] [sms]run time:2
[2018-07-02 16:18:04][debug] [sms]end:1530519484
[2018-07-02 16:18:04][debug] [sms]page:https://bbs.bivfw.top/plugin.php?id=tom_tchongbao:ajax&act=nitice_sms_hb_run&site=1&tongcheng_id=388&hongbao_id=48&page=81
[2018-07-02 16:18:04][debug] [sms]hongbao id:48
[2018-07-02 16:18:04][debug] [sms]page:81
[2018-07-02 16:18:04][debug] [sms]client IP:118.89.52.235
[2018-07-02 16:18:04][debug] [sms]start:1530519484
[2018-07-02 16:18:06][debug] [sms]all num:10
[2018-07-02 16:18:06][debug] [sms]run num:10
[2018-07-02 16:18:06][debug] [sms]ok num:0
[2018-07-02 16:18:06][debug] [sms]no num:0
[2018-07-02 16:18:06][debug] [sms]run time:2
[2018-07-02 16:18:06][debug] [sms]end:1530519486
[2018-07-02 16:18:06][debug] [sms]page:https://bbs.bivfw.top/plugin.php?id=tom_tchongbao:ajax&act=nitice_sms_hb_run&site=1&tongcheng_id=388&hongbao_id=48&page=82
[2018-07-02 16:18:06][debug] [sms]hongbao id:48
[2018-07-02 16:18:06][debug] [sms]page:82
[2018-07-02 16:18:06][debug] [sms]client IP:118.89.52.235
[2018-07-02 16:18:06][debug] [sms]start:1530519486
[2018-07-02 16:18:08][debug] [sms]all num:10
[2018-07-02 16:18:08][debug] [sms]run num:9
[2018-07-02 16:18:08][debug] [sms]ok num:0
[2018-07-02 16:18:08][debug] [sms]no num:0
[2018-07-02 16:18:08][debug] [sms]run time:2
[2018-07-02 16:18:08][debug] [sms]end:1530519488
[2018-07-02 16:18:08][debug] [sms]page:https://bbs.bivfw.top/plugin.php?id=tom_tchongbao:ajax&act=nitice_sms_hb_run&site=1&tongcheng_id=388&hongbao_id=48&page=83
[2018-07-02 16:18:08][debug] [sms]hongbao id:48
[2018-07-02 16:18:08][debug] [sms]page:83
[2018-07-02 16:18:08][debug] [sms]client IP:118.89.52.235
[2018-07-02 16:18:08][debug] [sms]start:1530519488
[2018-07-02 16:18:10][debug] [sms]all num:10
[2018-07-02 16:18:10][debug] [sms]run num:10
[2018-07-02 16:18:10][debug] [sms]ok num:2
[2018-07-02 16:18:10][debug] [sms]no num:0
[2018-07-02 16:18:10][debug] [sms]run time:2
[2018-07-02 16:18:10][debug] [sms]end:1530519490
[2018-07-02 16:18:10][debug] [sms]page:https://bbs.bivfw.top/plugin.php?id=tom_tchongbao:ajax&act=nitice_sms_hb_run&site=1&tongcheng_id=388&hongbao_id=48&page=84
[2018-07-02 16:18:10][debug] [sms]hongbao id:48
[2018-07-02 16:18:10][debug] [sms]page:84
[2018-07-02 16:18:10][debug] [sms]client IP:118.89.52.235
[2018-07-02 16:18:10][debug] [sms]start:1530519490
[2018-07-02 16:18:11][debug] [sms]all num:10
[2018-07-02 16:18:11][debug] [sms]run num:9
[2018-07-02 16:18:11][debug] [sms]ok num:0
[2018-07-02 16:18:11][debug] [sms]no num:0
[2018-07-02 16:18:11][debug] [sms]run time:1
[2018-07-02 16:18:11][debug] [sms]end:1530519491
[2018-07-02 16:18:11][debug] [sms]page:https://bbs.bivfw.top/plugin.php?id=tom_tchongbao:ajax&act=nitice_sms_hb_run&site=1&tongcheng_id=388&hongbao_id=48&page=85
[2018-07-02 16:18:11][debug] [sms]hongbao id:48
[2018-07-02 16:18:11][debug] [sms]page:85
[2018-07-02 16:18:11][debug] [sms]client IP:118.89.52.235
[2018-07-02 16:18:11][debug] [sms]start:1530519491
[2018-07-02 16:18:13][debug] [sms]all num:10
[2018-07-02 16:18:13][debug] [sms]run num:9
[2018-07-02 16:18:13][debug] [sms]ok num:1
[2018-07-02 16:18:13][debug] [sms]no num:0
[2018-07-02 16:18:13][debug] [sms]run time:2
[2018-07-02 16:18:13][debug] [sms]end:1530519493
[2018-07-02 16:18:13][debug] [sms]page:https://bbs.bivfw.top/plugin.php?id=tom_tchongbao:ajax&act=nitice_sms_hb_run&site=1&tongcheng_id=388&hongbao_id=48&page=86
[2018-07-02 16:18:13][debug] [sms]hongbao id:48
[2018-07-02 16:18:13][debug] [sms]page:86
[2018-07-02 16:18:13][debug] [sms]client IP:118.89.52.235
[2018-07-02 16:18:13][debug] [sms]start:1530519493
[2018-07-02 16:18:15][debug] [sms]all num:10
[2018-07-02 16:18:15][debug] [sms]run num:10
[2018-07-02 16:18:15][debug] [sms]ok num:1
[2018-07-02 16:18:15][debug] [sms]no num:0
[2018-07-02 16:18:15][debug] [sms]run time:2
[2018-07-02 16:18:15][debug] [sms]end:1530519495
[2018-07-02 16:18:15][debug] [sms]page:https://bbs.bivfw.top/plugin.php?id=tom_tchongbao:ajax&act=nitice_sms_hb_run&site=1&tongcheng_id=388&hongbao_id=48&page=87
[2018-07-02 16:18:15][debug] [sms]hongbao id:48
[2018-07-02 16:18:15][debug] [sms]page:87
[2018-07-02 16:18:15][debug] [sms]client IP:118.89.52.235
[2018-07-02 16:18:15][debug] [sms]start:1530519495
[2018-07-02 16:18:17][debug] [sms]all num:10
[2018-07-02 16:18:17][debug] [sms]run num:10
[2018-07-02 16:18:17][debug] [sms]ok num:0
[2018-07-02 16:18:17][debug] [sms]no num:0
[2018-07-02 16:18:17][debug] [sms]run time:2
[2018-07-02 16:18:17][debug] [sms]end:1530519497
[2018-07-02 16:18:17][debug] [sms]page:https://bbs.bivfw.top/plugin.php?id=tom_tchongbao:ajax&act=nitice_sms_hb_run&site=1&tongcheng_id=388&hongbao_id=48&page=88
[2018-07-02 16:18:17][debug] [sms]hongbao id:48
[2018-07-02 16:18:17][debug] [sms]page:88
[2018-07-02 16:18:17][debug] [sms]client IP:118.89.52.235
[2018-07-02 16:18:17][debug] [sms]start:1530519497
[2018-07-02 16:18:18][debug] [sms]all num:10
[2018-07-02 16:18:18][debug] [sms]run num:10
[2018-07-02 16:18:18][debug] [sms]ok num:0
[2018-07-02 16:18:18][debug] [sms]no num:0
[2018-07-02 16:18:18][debug] [sms]run time:1
[2018-07-02 16:18:18][debug] [sms]end:1530519498
[2018-07-02 16:18:18][debug] [sms]page:https://bbs.bivfw.top/plugin.php?id=tom_tchongbao:ajax&act=nitice_sms_hb_run&site=1&tongcheng_id=388&hongbao_id=48&page=89
[2018-07-02 16:18:18][debug] [sms]hongbao id:48
[2018-07-02 16:18:18][debug] [sms]page:89
[2018-07-02 16:18:18][debug] [sms]client IP:118.89.52.235
[2018-07-02 16:18:18][debug] [sms]start:1530519498
[2018-07-02 16:18:20][debug] [sms]all num:10
[2018-07-02 16:18:20][debug] [sms]run num:10
[2018-07-02 16:18:20][debug] [sms]ok num:0
[2018-07-02 16:18:20][debug] [sms]no num:0
[2018-07-02 16:18:20][debug] [sms]run time:2
[2018-07-02 16:18:20][debug] [sms]end:1530519500
[2018-07-02 16:18:20][debug] [sms]page:https://bbs.bivfw.top/plugin.php?id=tom_tchongbao:ajax&act=nitice_sms_hb_run&site=1&tongcheng_id=388&hongbao_id=48&page=90
[2018-07-02 16:18:20][debug] [sms]hongbao id:48
[2018-07-02 16:18:20][debug] [sms]page:90
[2018-07-02 16:18:20][debug] [sms]client IP:118.89.52.235
[2018-07-02 16:18:20][debug] [sms]start:1530519500
[2018-07-02 16:18:22][debug] [sms]all num:10
[2018-07-02 16:18:22][debug] [sms]run num:10
[2018-07-02 16:18:22][debug] [sms]ok num:0
[2018-07-02 16:18:22][debug] [sms]no num:0
[2018-07-02 16:18:22][debug] [sms]run time:2
[2018-07-02 16:18:22][debug] [sms]end:1530519502
[2018-07-02 16:18:22][debug] [sms]page:https://bbs.bivfw.top/plugin.php?id=tom_tchongbao:ajax&act=nitice_sms_hb_run&site=1&tongcheng_id=388&hongbao_id=48&page=91
[2018-07-02 16:18:22][debug] [sms]hongbao id:48
[2018-07-02 16:18:22][debug] [sms]page:91
[2018-07-02 16:18:22][debug] [sms]client IP:118.89.52.235
[2018-07-02 16:18:22][debug] [sms]start:1530519502
[2018-07-02 16:18:24][debug] [sms]all num:10
[2018-07-02 16:18:24][debug] [sms]run num:10
[2018-07-02 16:18:24][debug] [sms]ok num:1
[2018-07-02 16:18:24][debug] [sms]no num:0
[2018-07-02 16:18:24][debug] [sms]run time:2
[2018-07-02 16:18:24][debug] [sms]end:1530519504
[2018-07-02 16:18:24][debug] [sms]page:https://bbs.bivfw.top/plugin.php?id=tom_tchongbao:ajax&act=nitice_sms_hb_run&site=1&tongcheng_id=388&hongbao_id=48&page=92
[2018-07-02 16:18:24][debug] [sms]hongbao id:48
[2018-07-02 16:18:24][debug] [sms]page:92
[2018-07-02 16:18:24][debug] [sms]client IP:118.89.52.235
[2018-07-02 16:18:24][debug] [sms]start:1530519504
[2018-07-02 16:18:26][debug] [sms]all num:10
[2018-07-02 16:18:26][debug] [sms]run num:9
[2018-07-02 16:18:26][debug] [sms]ok num:1
[2018-07-02 16:18:26][debug] [sms]no num:0
[2018-07-02 16:18:26][debug] [sms]run time:2
[2018-07-02 16:18:26][debug] [sms]end:1530519506
[2018-07-02 16:18:26][debug] [sms]page:https://bbs.bivfw.top/plugin.php?id=tom_tchongbao:ajax&act=nitice_sms_hb_run&site=1&tongcheng_id=388&hongbao_id=48&page=93
[2018-07-02 16:18:26][debug] [sms]hongbao id:48
[2018-07-02 16:18:26][debug] [sms]page:93
[2018-07-02 16:18:26][debug] [sms]client IP:118.89.52.235
[2018-07-02 16:18:26][debug] [sms]start:1530519506
[2018-07-02 16:18:28][debug] [sms]all num:10
[2018-07-02 16:18:28][debug] [sms]run num:10
[2018-07-02 16:18:28][debug] [sms]ok num:1
[2018-07-02 16:18:28][debug] [sms]no num:0
[2018-07-02 16:18:28][debug] [sms]run time:2
[2018-07-02 16:18:28][debug] [sms]end:1530519508
[2018-07-02 16:18:28][debug] [sms]page:https://bbs.bivfw.top/plugin.php?id=tom_tchongbao:ajax&act=nitice_sms_hb_run&site=1&tongcheng_id=388&hongbao_id=48&page=94
[2018-07-02 16:18:28][debug] [sms]hongbao id:48
[2018-07-02 16:18:28][debug] [sms]page:94
[2018-07-02 16:18:28][debug] [sms]client IP:118.89.52.235
[2018-07-02 16:18:28][debug] [sms]start:1530519508
[2018-07-02 16:18:30][debug] [sms]all num:10
[2018-07-02 16:18:30][debug] [sms]run num:10
[2018-07-02 16:18:30][debug] [sms]ok num:2
[2018-07-02 16:18:30][debug] [sms]no num:0
[2018-07-02 16:18:30][debug] [sms]run time:2
[2018-07-02 16:18:30][debug] [sms]end:1530519510
[2018-07-02 16:18:30][debug] [sms]page:https://bbs.bivfw.top/plugin.php?id=tom_tchongbao:ajax&act=nitice_sms_hb_run&site=1&tongcheng_id=388&hongbao_id=48&page=95
[2018-07-02 16:18:30][debug] [sms]hongbao id:48
[2018-07-02 16:18:30][debug] [sms]page:95
[2018-07-02 16:18:30][debug] [sms]client IP:118.89.52.235
[2018-07-02 16:18:30][debug] [sms]start:1530519510
[2018-07-02 16:18:32][debug] [sms]all num:10
[2018-07-02 16:18:32][debug] [sms]run num:10
[2018-07-02 16:18:32][debug] [sms]ok num:1
[2018-07-02 16:18:32][debug] [sms]no num:0
[2018-07-02 16:18:32][debug] [sms]run time:2
[2018-07-02 16:18:32][debug] [sms]end:1530519512
[2018-07-02 16:18:32][debug] [sms]page:https://bbs.bivfw.top/plugin.php?id=tom_tchongbao:ajax&act=nitice_sms_hb_run&site=1&tongcheng_id=388&hongbao_id=48&page=96
[2018-07-02 16:18:32][debug] [sms]hongbao id:48
[2018-07-02 16:18:32][debug] [sms]page:96
[2018-07-02 16:18:32][debug] [sms]client IP:118.89.52.235
[2018-07-02 16:18:32][debug] [sms]start:1530519512
[2018-07-02 16:18:34][debug] [sms]all num:10
[2018-07-02 16:18:34][debug] [sms]run num:10
[2018-07-02 16:18:34][debug] [sms]ok num:2
[2018-07-02 16:18:34][debug] [sms]no num:0
[2018-07-02 16:18:34][debug] [sms]run time:2
[2018-07-02 16:18:34][debug] [sms]end:1530519514
[2018-07-02 16:18:34][debug] [sms]page:https://bbs.bivfw.top/plugin.php?id=tom_tchongbao:ajax&act=nitice_sms_hb_run&site=1&tongcheng_id=388&hongbao_id=48&page=97
[2018-07-02 16:18:34][debug] [sms]hongbao id:48
[2018-07-02 16:18:34][debug] [sms]page:97
[2018-07-02 16:18:34][debug] [sms]client IP:118.89.52.235
[2018-07-02 16:18:34][debug] [sms]start:1530519514
[2018-07-02 16:18:36][debug] [sms]all num:10
[2018-07-02 16:18:36][debug] [sms]run num:10
[2018-07-02 16:18:36][debug] [sms]ok num:2
[2018-07-02 16:18:36][debug] [sms]no num:0
[2018-07-02 16:18:36][debug] [sms]run time:2
[2018-07-02 16:18:36][debug] [sms]end:1530519516
[2018-07-02 16:18:36][debug] [sms]page:https://bbs.bivfw.top/plugin.php?id=tom_tchongbao:ajax&act=nitice_sms_hb_run&site=1&tongcheng_id=388&hongbao_id=48&page=98
[2018-07-02 16:18:36][debug] [sms]hongbao id:48
[2018-07-02 16:18:36][debug] [sms]page:98
[2018-07-02 16:18:36][debug] [sms]client IP:118.89.52.235
[2018-07-02 16:18:36][debug] [sms]start:1530519516
[2018-07-02 16:18:38][debug] [sms]all num:10
[2018-07-02 16:18:38][debug] [sms]run num:10
[2018-07-02 16:18:38][debug] [sms]ok num:0
[2018-07-02 16:18:38][debug] [sms]no num:0
[2018-07-02 16:18:38][debug] [sms]run time:2
[2018-07-02 16:18:38][debug] [sms]end:1530519518
[2018-07-02 16:18:38][debug] [sms]page:https://bbs.bivfw.top/plugin.php?id=tom_tchongbao:ajax&act=nitice_sms_hb_run&site=1&tongcheng_id=388&hongbao_id=48&page=99
[2018-07-02 16:18:38][debug] [sms]hongbao id:48
[2018-07-02 16:18:38][debug] [sms]page:99
[2018-07-02 16:18:38][debug] [sms]client IP:118.89.52.235
[2018-07-02 16:18:38][debug] [sms]start:1530519518
[2018-07-02 16:18:40][debug] [sms]all num:10
[2018-07-02 16:18:40][debug] [sms]run num:10
[2018-07-02 16:18:40][debug] [sms]ok num:0
[2018-07-02 16:18:40][debug] [sms]no num:0
[2018-07-02 16:18:40][debug] [sms]run time:2
[2018-07-02 16:18:40][debug] [sms]end:1530519520
[2018-07-02 16:18:40][debug] [sms]page:https://bbs.bivfw.top/plugin.php?id=tom_tchongbao:ajax&act=nitice_sms_hb_run&site=1&tongcheng_id=388&hongbao_id=48&page=100
[2018-07-02 16:18:40][debug] [sms]hongbao id:48
[2018-07-02 16:18:40][debug] [sms]page:100
[2018-07-02 16:18:40][debug] [sms]client IP:118.89.52.235
[2018-07-02 16:18:40][debug] [sms]start:1530519520
[2018-07-02 16:18:42][debug] [sms]all num:10
[2018-07-02 16:18:42][debug] [sms]run num:10
[2018-07-02 16:18:42][debug] [sms]ok num:0
[2018-07-02 16:18:42][debug] [sms]no num:0
[2018-07-02 16:18:42][debug] [sms]run time:2
[2018-07-02 16:18:42][debug] [sms]end:1530519522
[2018-07-02 16:18:42][debug] [sms]page:https://bbs.bivfw.top/plugin.php?id=tom_tchongbao:ajax&act=nitice_sms_hb_run&site=1&tongcheng_id=388&hongbao_id=48&page=101
[2018-07-02 16:18:42][debug] [sms]--------------------- over 101 -------------------------
