[2018-08-13 06:04:55][debug] [sms]--------------------- new -------------------------
[2018-08-13 06:04:55][debug] [sms]hongbao id:56
[2018-08-13 06:04:55][debug] [sms]page:1
[2018-08-13 06:04:55][debug] [sms]client IP:118.89.52.235
[2018-08-13 06:04:55][debug] [sms]start:1534111495
[2018-08-13 06:04:59][debug] [sms]all num:10
[2018-08-13 06:04:59][debug] [sms]run num:10
[2018-08-13 06:04:59][debug] [sms]ok num:8
[2018-08-13 06:04:59][debug] [sms]no num:0
[2018-08-13 06:04:59][debug] [sms]run time:4
[2018-08-13 06:04:59][debug] [sms]end:1534111499
[2018-08-13 06:04:59][debug] [sms]page:https://bbs.bivfw.top/plugin.php?id=tom_tchongbao:ajax&act=nitice_sms_hb_run&site=1&tongcheng_id=511&hongbao_id=56&page=2
[2018-08-13 06:04:59][debug] [sms]hongbao id:56
[2018-08-13 06:04:59][debug] [sms]page:2
[2018-08-13 06:04:59][debug] [sms]client IP:118.89.52.235
[2018-08-13 06:04:59][debug] [sms]start:1534111499
[2018-08-13 06:05:03][debug] [sms]all num:10
[2018-08-13 06:05:03][debug] [sms]run num:10
[2018-08-13 06:05:03][debug] [sms]ok num:8
[2018-08-13 06:05:03][debug] [sms]no num:0
[2018-08-13 06:05:03][debug] [sms]run time:4
[2018-08-13 06:05:03][debug] [sms]end:1534111503
[2018-08-13 06:05:03][debug] [sms]page:https://bbs.bivfw.top/plugin.php?id=tom_tchongbao:ajax&act=nitice_sms_hb_run&site=1&tongcheng_id=511&hongbao_id=56&page=3
[2018-08-13 06:05:03][debug] [sms]hongbao id:56
[2018-08-13 06:05:03][debug] [sms]page:3
[2018-08-13 06:05:03][debug] [sms]client IP:118.89.52.235
[2018-08-13 06:05:03][debug] [sms]start:1534111503
[2018-08-13 06:05:06][debug] [sms]all num:10
[2018-08-13 06:05:06][debug] [sms]run num:10
[2018-08-13 06:05:06][debug] [sms]ok num:8
[2018-08-13 06:05:06][debug] [sms]no num:0
[2018-08-13 06:05:06][debug] [sms]run time:3
[2018-08-13 06:05:06][debug] [sms]end:1534111506
[2018-08-13 06:05:06][debug] [sms]page:https://bbs.bivfw.top/plugin.php?id=tom_tchongbao:ajax&act=nitice_sms_hb_run&site=1&tongcheng_id=511&hongbao_id=56&page=4
[2018-08-13 06:05:06][debug] [sms]hongbao id:56
[2018-08-13 06:05:06][debug] [sms]page:4
[2018-08-13 06:05:06][debug] [sms]client IP:118.89.52.235
[2018-08-13 06:05:06][debug] [sms]start:1534111506
[2018-08-13 06:05:10][debug] [sms]all num:10
[2018-08-13 06:05:10][debug] [sms]run num:10
[2018-08-13 06:05:10][debug] [sms]ok num:4
[2018-08-13 06:05:10][debug] [sms]no num:0
[2018-08-13 06:05:10][debug] [sms]run time:4
[2018-08-13 06:05:10][debug] [sms]end:1534111510
[2018-08-13 06:05:10][debug] [sms]page:https://bbs.bivfw.top/plugin.php?id=tom_tchongbao:ajax&act=nitice_sms_hb_run&site=1&tongcheng_id=511&hongbao_id=56&page=5
[2018-08-13 06:05:10][debug] [sms]hongbao id:56
[2018-08-13 06:05:10][debug] [sms]page:5
[2018-08-13 06:05:10][debug] [sms]client IP:118.89.52.235
[2018-08-13 06:05:10][debug] [sms]start:1534111510
[2018-08-13 06:05:13][debug] [sms]all num:10
[2018-08-13 06:05:13][debug] [sms]run num:10
[2018-08-13 06:05:13][debug] [sms]ok num:7
[2018-08-13 06:05:13][debug] [sms]no num:0
[2018-08-13 06:05:13][debug] [sms]run time:3
[2018-08-13 06:05:13][debug] [sms]end:1534111513
[2018-08-13 06:05:13][debug] [sms]page:https://bbs.bivfw.top/plugin.php?id=tom_tchongbao:ajax&act=nitice_sms_hb_run&site=1&tongcheng_id=511&hongbao_id=56&page=6
[2018-08-13 06:05:14][debug] [sms]hongbao id:56
[2018-08-13 06:05:14][debug] [sms]page:6
[2018-08-13 06:05:14][debug] [sms]client IP:118.89.52.235
[2018-08-13 06:05:14][debug] [sms]start:1534111514
[2018-08-13 06:05:17][debug] [sms]all num:10
[2018-08-13 06:05:17][debug] [sms]run num:10
[2018-08-13 06:05:17][debug] [sms]ok num:7
[2018-08-13 06:05:17][debug] [sms]no num:0
[2018-08-13 06:05:17][debug] [sms]run time:3
[2018-08-13 06:05:17][debug] [sms]end:1534111517
[2018-08-13 06:05:17][debug] [sms]page:https://bbs.bivfw.top/plugin.php?id=tom_tchongbao:ajax&act=nitice_sms_hb_run&site=1&tongcheng_id=511&hongbao_id=56&page=7
[2018-08-13 06:05:17][debug] [sms]hongbao id:56
[2018-08-13 06:05:17][debug] [sms]page:7
[2018-08-13 06:05:17][debug] [sms]client IP:118.89.52.235
[2018-08-13 06:05:17][debug] [sms]start:1534111517
[2018-08-13 06:05:21][debug] [sms]all num:10
[2018-08-13 06:05:21][debug] [sms]run num:10
[2018-08-13 06:05:21][debug] [sms]ok num:8
[2018-08-13 06:05:21][debug] [sms]no num:0
[2018-08-13 06:05:21][debug] [sms]run time:4
[2018-08-13 06:05:21][debug] [sms]end:1534111521
[2018-08-13 06:05:21][debug] [sms]page:https://bbs.bivfw.top/plugin.php?id=tom_tchongbao:ajax&act=nitice_sms_hb_run&site=1&tongcheng_id=511&hongbao_id=56&page=8
[2018-08-13 06:05:21][debug] [sms]hongbao id:56
[2018-08-13 06:05:21][debug] [sms]page:8
[2018-08-13 06:05:21][debug] [sms]client IP:118.89.52.235
[2018-08-13 06:05:21][debug] [sms]start:1534111521
[2018-08-13 06:05:24][debug] [sms]all num:10
[2018-08-13 06:05:24][debug] [sms]run num:10
[2018-08-13 06:05:24][debug] [sms]ok num:5
[2018-08-13 06:05:24][debug] [sms]no num:0
[2018-08-13 06:05:24][debug] [sms]run time:3
[2018-08-13 06:05:24][debug] [sms]end:1534111524
[2018-08-13 06:05:24][debug] [sms]page:https://bbs.bivfw.top/plugin.php?id=tom_tchongbao:ajax&act=nitice_sms_hb_run&site=1&tongcheng_id=511&hongbao_id=56&page=9
[2018-08-13 06:05:24][debug] [sms]hongbao id:56
[2018-08-13 06:05:24][debug] [sms]page:9
[2018-08-13 06:05:24][debug] [sms]client IP:118.89.52.235
[2018-08-13 06:05:24][debug] [sms]start:1534111524
[2018-08-13 06:05:28][debug] [sms]all num:10
[2018-08-13 06:05:28][debug] [sms]run num:10
[2018-08-13 06:05:28][debug] [sms]ok num:8
[2018-08-13 06:05:28][debug] [sms]no num:0
[2018-08-13 06:05:28][debug] [sms]run time:4
[2018-08-13 06:05:28][debug] [sms]end:1534111528
[2018-08-13 06:05:28][debug] [sms]page:https://bbs.bivfw.top/plugin.php?id=tom_tchongbao:ajax&act=nitice_sms_hb_run&site=1&tongcheng_id=511&hongbao_id=56&page=10
[2018-08-13 06:05:28][debug] [sms]hongbao id:56
[2018-08-13 06:05:28][debug] [sms]page:10
[2018-08-13 06:05:28][debug] [sms]client IP:118.89.52.235
[2018-08-13 06:05:28][debug] [sms]start:1534111528
[2018-08-13 06:05:31][debug] [sms]all num:10
[2018-08-13 06:05:31][debug] [sms]run num:10
[2018-08-13 06:05:31][debug] [sms]ok num:7
[2018-08-13 06:05:31][debug] [sms]no num:0
[2018-08-13 06:05:31][debug] [sms]run time:3
[2018-08-13 06:05:31][debug] [sms]end:1534111531
[2018-08-13 06:05:31][debug] [sms]page:https://bbs.bivfw.top/plugin.php?id=tom_tchongbao:ajax&act=nitice_sms_hb_run&site=1&tongcheng_id=511&hongbao_id=56&page=11
[2018-08-13 06:05:31][debug] [sms]hongbao id:56
[2018-08-13 06:05:31][debug] [sms]page:11
[2018-08-13 06:05:31][debug] [sms]client IP:118.89.52.235
[2018-08-13 06:05:31][debug] [sms]start:1534111531
[2018-08-13 06:05:35][debug] [sms]all num:10
[2018-08-13 06:05:35][debug] [sms]run num:10
[2018-08-13 06:05:35][debug] [sms]ok num:7
[2018-08-13 06:05:35][debug] [sms]no num:0
[2018-08-13 06:05:35][debug] [sms]run time:4
[2018-08-13 06:05:35][debug] [sms]end:1534111535
[2018-08-13 06:05:35][debug] [sms]page:https://bbs.bivfw.top/plugin.php?id=tom_tchongbao:ajax&act=nitice_sms_hb_run&site=1&tongcheng_id=511&hongbao_id=56&page=12
[2018-08-13 06:05:35][debug] [sms]hongbao id:56
[2018-08-13 06:05:35][debug] [sms]page:12
[2018-08-13 06:05:35][debug] [sms]client IP:118.89.52.235
[2018-08-13 06:05:35][debug] [sms]start:1534111535
[2018-08-13 06:05:38][debug] [sms]all num:10
[2018-08-13 06:05:38][debug] [sms]run num:10
[2018-08-13 06:05:38][debug] [sms]ok num:10
[2018-08-13 06:05:38][debug] [sms]no num:0
[2018-08-13 06:05:38][debug] [sms]run time:3
[2018-08-13 06:05:38][debug] [sms]end:1534111538
[2018-08-13 06:05:38][debug] [sms]page:https://bbs.bivfw.top/plugin.php?id=tom_tchongbao:ajax&act=nitice_sms_hb_run&site=1&tongcheng_id=511&hongbao_id=56&page=13
[2018-08-13 06:05:38][debug] [sms]hongbao id:56
[2018-08-13 06:05:38][debug] [sms]page:13
[2018-08-13 06:05:38][debug] [sms]client IP:118.89.52.235
[2018-08-13 06:05:38][debug] [sms]start:1534111538
[2018-08-13 06:05:42][debug] [sms]all num:10
[2018-08-13 06:05:42][debug] [sms]run num:10
[2018-08-13 06:05:42][debug] [sms]ok num:9
[2018-08-13 06:05:42][debug] [sms]no num:0
[2018-08-13 06:05:42][debug] [sms]run time:4
[2018-08-13 06:05:42][debug] [sms]end:1534111542
[2018-08-13 06:05:42][debug] [sms]page:https://bbs.bivfw.top/plugin.php?id=tom_tchongbao:ajax&act=nitice_sms_hb_run&site=1&tongcheng_id=511&hongbao_id=56&page=14
[2018-08-13 06:05:42][debug] [sms]hongbao id:56
[2018-08-13 06:05:42][debug] [sms]page:14
[2018-08-13 06:05:42][debug] [sms]client IP:118.89.52.235
[2018-08-13 06:05:42][debug] [sms]start:1534111542
[2018-08-13 06:05:45][debug] [sms]all num:10
[2018-08-13 06:05:45][debug] [sms]run num:10
[2018-08-13 06:05:45][debug] [sms]ok num:10
[2018-08-13 06:05:45][debug] [sms]no num:0
[2018-08-13 06:05:45][debug] [sms]run time:3
[2018-08-13 06:05:45][debug] [sms]end:1534111545
[2018-08-13 06:05:45][debug] [sms]page:https://bbs.bivfw.top/plugin.php?id=tom_tchongbao:ajax&act=nitice_sms_hb_run&site=1&tongcheng_id=511&hongbao_id=56&page=15
[2018-08-13 06:05:45][debug] [sms]hongbao id:56
[2018-08-13 06:05:45][debug] [sms]page:15
[2018-08-13 06:05:45][debug] [sms]client IP:118.89.52.235
[2018-08-13 06:05:45][debug] [sms]start:1534111545
[2018-08-13 06:05:48][debug] [sms]all num:10
[2018-08-13 06:05:48][debug] [sms]run num:10
[2018-08-13 06:05:48][debug] [sms]ok num:10
[2018-08-13 06:05:48][debug] [sms]no num:0
[2018-08-13 06:05:48][debug] [sms]run time:3
[2018-08-13 06:05:48][debug] [sms]end:1534111548
[2018-08-13 06:05:48][debug] [sms]page:https://bbs.bivfw.top/plugin.php?id=tom_tchongbao:ajax&act=nitice_sms_hb_run&site=1&tongcheng_id=511&hongbao_id=56&page=16
[2018-08-13 06:05:48][debug] [sms]hongbao id:56
[2018-08-13 06:05:48][debug] [sms]page:16
[2018-08-13 06:05:48][debug] [sms]client IP:118.89.52.235
[2018-08-13 06:05:48][debug] [sms]start:1534111548
[2018-08-13 06:05:52][debug] [sms]all num:10
[2018-08-13 06:05:52][debug] [sms]run num:10
[2018-08-13 06:05:52][debug] [sms]ok num:10
[2018-08-13 06:05:52][debug] [sms]no num:0
[2018-08-13 06:05:52][debug] [sms]run time:4
[2018-08-13 06:05:52][debug] [sms]end:1534111552
[2018-08-13 06:05:52][debug] [sms]page:https://bbs.bivfw.top/plugin.php?id=tom_tchongbao:ajax&act=nitice_sms_hb_run&site=1&tongcheng_id=511&hongbao_id=56&page=17
[2018-08-13 06:05:52][debug] [sms]hongbao id:56
[2018-08-13 06:05:52][debug] [sms]page:17
[2018-08-13 06:05:52][debug] [sms]client IP:118.89.52.235
[2018-08-13 06:05:52][debug] [sms]start:1534111552
[2018-08-13 06:05:55][debug] [sms]all num:10
[2018-08-13 06:05:55][debug] [sms]run num:10
[2018-08-13 06:05:55][debug] [sms]ok num:10
[2018-08-13 06:05:55][debug] [sms]no num:0
[2018-08-13 06:05:55][debug] [sms]run time:3
[2018-08-13 06:05:55][debug] [sms]end:1534111555
[2018-08-13 06:05:55][debug] [sms]page:https://bbs.bivfw.top/plugin.php?id=tom_tchongbao:ajax&act=nitice_sms_hb_run&site=1&tongcheng_id=511&hongbao_id=56&page=18
[2018-08-13 06:05:55][debug] [sms]hongbao id:56
[2018-08-13 06:05:55][debug] [sms]page:18
[2018-08-13 06:05:55][debug] [sms]client IP:118.89.52.235
[2018-08-13 06:05:55][debug] [sms]start:1534111555
[2018-08-13 06:05:58][debug] [sms]all num:10
[2018-08-13 06:05:58][debug] [sms]run num:10
[2018-08-13 06:05:58][debug] [sms]ok num:10
[2018-08-13 06:05:58][debug] [sms]no num:0
[2018-08-13 06:05:58][debug] [sms]run time:3
[2018-08-13 06:05:58][debug] [sms]end:1534111558
[2018-08-13 06:05:58][debug] [sms]page:https://bbs.bivfw.top/plugin.php?id=tom_tchongbao:ajax&act=nitice_sms_hb_run&site=1&tongcheng_id=511&hongbao_id=56&page=19
[2018-08-13 06:05:58][debug] [sms]hongbao id:56
[2018-08-13 06:05:58][debug] [sms]page:19
[2018-08-13 06:05:58][debug] [sms]client IP:118.89.52.235
[2018-08-13 06:05:58][debug] [sms]start:1534111558
[2018-08-13 06:06:02][debug] [sms]all num:10
[2018-08-13 06:06:02][debug] [sms]run num:10
[2018-08-13 06:06:02][debug] [sms]ok num:10
[2018-08-13 06:06:02][debug] [sms]no num:0
[2018-08-13 06:06:02][debug] [sms]run time:4
[2018-08-13 06:06:02][debug] [sms]end:1534111562
[2018-08-13 06:06:02][debug] [sms]page:https://bbs.bivfw.top/plugin.php?id=tom_tchongbao:ajax&act=nitice_sms_hb_run&site=1&tongcheng_id=511&hongbao_id=56&page=20
[2018-08-13 06:06:02][debug] [sms]hongbao id:56
[2018-08-13 06:06:02][debug] [sms]page:20
[2018-08-13 06:06:02][debug] [sms]client IP:118.89.52.235
[2018-08-13 06:06:02][debug] [sms]start:1534111562
[2018-08-13 06:06:05][debug] [sms]all num:10
[2018-08-13 06:06:05][debug] [sms]run num:10
[2018-08-13 06:06:05][debug] [sms]ok num:10
[2018-08-13 06:06:05][debug] [sms]no num:0
[2018-08-13 06:06:05][debug] [sms]run time:3
[2018-08-13 06:06:05][debug] [sms]end:1534111565
[2018-08-13 06:06:05][debug] [sms]page:https://bbs.bivfw.top/plugin.php?id=tom_tchongbao:ajax&act=nitice_sms_hb_run&site=1&tongcheng_id=511&hongbao_id=56&page=21
[2018-08-13 06:06:05][debug] [sms]hongbao id:56
[2018-08-13 06:06:05][debug] [sms]page:21
[2018-08-13 06:06:05][debug] [sms]client IP:118.89.52.235
[2018-08-13 06:06:05][debug] [sms]start:1534111565
[2018-08-13 06:06:08][debug] [sms]all num:10
[2018-08-13 06:06:08][debug] [sms]run num:10
[2018-08-13 06:06:08][debug] [sms]ok num:10
[2018-08-13 06:06:08][debug] [sms]no num:0
[2018-08-13 06:06:08][debug] [sms]run time:3
[2018-08-13 06:06:08][debug] [sms]end:1534111568
[2018-08-13 06:06:08][debug] [sms]page:https://bbs.bivfw.top/plugin.php?id=tom_tchongbao:ajax&act=nitice_sms_hb_run&site=1&tongcheng_id=511&hongbao_id=56&page=22
[2018-08-13 06:06:08][debug] [sms]hongbao id:56
[2018-08-13 06:06:08][debug] [sms]page:22
[2018-08-13 06:06:08][debug] [sms]client IP:118.89.52.235
[2018-08-13 06:06:08][debug] [sms]start:1534111568
[2018-08-13 06:06:12][debug] [sms]all num:10
[2018-08-13 06:06:12][debug] [sms]run num:10
[2018-08-13 06:06:12][debug] [sms]ok num:10
[2018-08-13 06:06:12][debug] [sms]no num:0
[2018-08-13 06:06:12][debug] [sms]run time:4
[2018-08-13 06:06:12][debug] [sms]end:1534111572
[2018-08-13 06:06:12][debug] [sms]page:https://bbs.bivfw.top/plugin.php?id=tom_tchongbao:ajax&act=nitice_sms_hb_run&site=1&tongcheng_id=511&hongbao_id=56&page=23
[2018-08-13 06:06:12][debug] [sms]hongbao id:56
[2018-08-13 06:06:12][debug] [sms]page:23
[2018-08-13 06:06:12][debug] [sms]client IP:118.89.52.235
[2018-08-13 06:06:12][debug] [sms]start:1534111572
[2018-08-13 06:06:16][debug] [sms]all num:10
[2018-08-13 06:06:16][debug] [sms]run num:10
[2018-08-13 06:06:16][debug] [sms]ok num:10
[2018-08-13 06:06:16][debug] [sms]no num:0
[2018-08-13 06:06:16][debug] [sms]run time:4
[2018-08-13 06:06:16][debug] [sms]end:1534111576
[2018-08-13 06:06:16][debug] [sms]page:https://bbs.bivfw.top/plugin.php?id=tom_tchongbao:ajax&act=nitice_sms_hb_run&site=1&tongcheng_id=511&hongbao_id=56&page=24
[2018-08-13 06:06:16][debug] [sms]hongbao id:56
[2018-08-13 06:06:16][debug] [sms]page:24
[2018-08-13 06:06:16][debug] [sms]client IP:118.89.52.235
[2018-08-13 06:06:16][debug] [sms]start:1534111576
[2018-08-13 06:06:19][debug] [sms]all num:10
[2018-08-13 06:06:19][debug] [sms]run num:10
[2018-08-13 06:06:19][debug] [sms]ok num:10
[2018-08-13 06:06:19][debug] [sms]no num:0
[2018-08-13 06:06:19][debug] [sms]run time:3
[2018-08-13 06:06:19][debug] [sms]end:1534111579
[2018-08-13 06:06:19][debug] [sms]page:https://bbs.bivfw.top/plugin.php?id=tom_tchongbao:ajax&act=nitice_sms_hb_run&site=1&tongcheng_id=511&hongbao_id=56&page=25
[2018-08-13 06:06:19][debug] [sms]hongbao id:56
[2018-08-13 06:06:19][debug] [sms]page:25
[2018-08-13 06:06:19][debug] [sms]client IP:118.89.52.235
[2018-08-13 06:06:19][debug] [sms]start:1534111579
[2018-08-13 06:06:22][debug] [sms]all num:10
[2018-08-13 06:06:22][debug] [sms]run num:10
[2018-08-13 06:06:22][debug] [sms]ok num:9
[2018-08-13 06:06:22][debug] [sms]no num:0
[2018-08-13 06:06:22][debug] [sms]run time:3
[2018-08-13 06:06:22][debug] [sms]end:1534111582
[2018-08-13 06:06:22][debug] [sms]page:https://bbs.bivfw.top/plugin.php?id=tom_tchongbao:ajax&act=nitice_sms_hb_run&site=1&tongcheng_id=511&hongbao_id=56&page=26
[2018-08-13 06:06:22][debug] [sms]hongbao id:56
[2018-08-13 06:06:22][debug] [sms]page:26
[2018-08-13 06:06:22][debug] [sms]client IP:118.89.52.235
[2018-08-13 06:06:22][debug] [sms]start:1534111582
[2018-08-13 06:06:26][debug] [sms]all num:10
[2018-08-13 06:06:26][debug] [sms]run num:10
[2018-08-13 06:06:26][debug] [sms]ok num:6
[2018-08-13 06:06:26][debug] [sms]no num:0
[2018-08-13 06:06:26][debug] [sms]run time:4
[2018-08-13 06:06:26][debug] [sms]end:1534111586
[2018-08-13 06:06:26][debug] [sms]page:https://bbs.bivfw.top/plugin.php?id=tom_tchongbao:ajax&act=nitice_sms_hb_run&site=1&tongcheng_id=511&hongbao_id=56&page=27
[2018-08-13 06:06:26][debug] [sms]hongbao id:56
[2018-08-13 06:06:26][debug] [sms]page:27
[2018-08-13 06:06:26][debug] [sms]client IP:118.89.52.235
[2018-08-13 06:06:26][debug] [sms]start:1534111586
[2018-08-13 06:06:29][debug] [sms]all num:10
[2018-08-13 06:06:29][debug] [sms]run num:10
[2018-08-13 06:06:29][debug] [sms]ok num:4
[2018-08-13 06:06:29][debug] [sms]no num:0
[2018-08-13 06:06:29][debug] [sms]run time:3
[2018-08-13 06:06:29][debug] [sms]end:1534111589
[2018-08-13 06:06:29][debug] [sms]page:https://bbs.bivfw.top/plugin.php?id=tom_tchongbao:ajax&act=nitice_sms_hb_run&site=1&tongcheng_id=511&hongbao_id=56&page=28
[2018-08-13 06:06:29][debug] [sms]hongbao id:56
[2018-08-13 06:06:29][debug] [sms]page:28
[2018-08-13 06:06:29][debug] [sms]client IP:118.89.52.235
[2018-08-13 06:06:29][debug] [sms]start:1534111589
[2018-08-13 06:06:32][debug] [sms]all num:10
[2018-08-13 06:06:32][debug] [sms]run num:10
[2018-08-13 06:06:32][debug] [sms]ok num:6
[2018-08-13 06:06:32][debug] [sms]no num:0
[2018-08-13 06:06:32][debug] [sms]run time:3
[2018-08-13 06:06:32][debug] [sms]end:1534111592
[2018-08-13 06:06:32][debug] [sms]page:https://bbs.bivfw.top/plugin.php?id=tom_tchongbao:ajax&act=nitice_sms_hb_run&site=1&tongcheng_id=511&hongbao_id=56&page=29
[2018-08-13 06:06:33][debug] [sms]hongbao id:56
[2018-08-13 06:06:33][debug] [sms]page:29
[2018-08-13 06:06:33][debug] [sms]client IP:118.89.52.235
[2018-08-13 06:06:33][debug] [sms]start:1534111593
[2018-08-13 06:06:36][debug] [sms]all num:10
[2018-08-13 06:06:36][debug] [sms]run num:10
[2018-08-13 06:06:36][debug] [sms]ok num:9
[2018-08-13 06:06:36][debug] [sms]no num:0
[2018-08-13 06:06:36][debug] [sms]run time:3
[2018-08-13 06:06:36][debug] [sms]end:1534111596
[2018-08-13 06:06:36][debug] [sms]page:https://bbs.bivfw.top/plugin.php?id=tom_tchongbao:ajax&act=nitice_sms_hb_run&site=1&tongcheng_id=511&hongbao_id=56&page=30
[2018-08-13 06:06:36][debug] [sms]hongbao id:56
[2018-08-13 06:06:36][debug] [sms]page:30
[2018-08-13 06:06:36][debug] [sms]client IP:118.89.52.235
[2018-08-13 06:06:36][debug] [sms]start:1534111596
[2018-08-13 06:06:39][debug] [sms]all num:10
[2018-08-13 06:06:39][debug] [sms]run num:10
[2018-08-13 06:06:39][debug] [sms]ok num:9
[2018-08-13 06:06:39][debug] [sms]no num:0
[2018-08-13 06:06:39][debug] [sms]run time:3
[2018-08-13 06:06:39][debug] [sms]end:1534111599
[2018-08-13 06:06:39][debug] [sms]page:https://bbs.bivfw.top/plugin.php?id=tom_tchongbao:ajax&act=nitice_sms_hb_run&site=1&tongcheng_id=511&hongbao_id=56&page=31
[2018-08-13 06:06:40][debug] [sms]hongbao id:56
[2018-08-13 06:06:40][debug] [sms]page:31
[2018-08-13 06:06:40][debug] [sms]client IP:118.89.52.235
[2018-08-13 06:06:40][debug] [sms]start:1534111600
[2018-08-13 06:06:43][debug] [sms]all num:10
[2018-08-13 06:06:43][debug] [sms]run num:10
[2018-08-13 06:06:43][debug] [sms]ok num:3
[2018-08-13 06:06:43][debug] [sms]no num:0
[2018-08-13 06:06:43][debug] [sms]run time:3
[2018-08-13 06:06:43][debug] [sms]end:1534111603
[2018-08-13 06:06:43][debug] [sms]page:https://bbs.bivfw.top/plugin.php?id=tom_tchongbao:ajax&act=nitice_sms_hb_run&site=1&tongcheng_id=511&hongbao_id=56&page=32
[2018-08-13 06:06:43][debug] [sms]hongbao id:56
[2018-08-13 06:06:43][debug] [sms]page:32
[2018-08-13 06:06:43][debug] [sms]client IP:118.89.52.235
[2018-08-13 06:06:43][debug] [sms]start:1534111603
[2018-08-13 06:06:46][debug] [sms]all num:10
[2018-08-13 06:06:46][debug] [sms]run num:10
[2018-08-13 06:06:46][debug] [sms]ok num:5
[2018-08-13 06:06:46][debug] [sms]no num:0
[2018-08-13 06:06:46][debug] [sms]run time:3
[2018-08-13 06:06:46][debug] [sms]end:1534111606
[2018-08-13 06:06:46][debug] [sms]page:https://bbs.bivfw.top/plugin.php?id=tom_tchongbao:ajax&act=nitice_sms_hb_run&site=1&tongcheng_id=511&hongbao_id=56&page=33
[2018-08-13 06:06:46][debug] [sms]hongbao id:56
[2018-08-13 06:06:46][debug] [sms]page:33
[2018-08-13 06:06:46][debug] [sms]client IP:118.89.52.235
[2018-08-13 06:06:46][debug] [sms]start:1534111606
[2018-08-13 06:06:49][debug] [sms]all num:10
[2018-08-13 06:06:49][debug] [sms]run num:10
[2018-08-13 06:06:49][debug] [sms]ok num:5
[2018-08-13 06:06:49][debug] [sms]no num:0
[2018-08-13 06:06:49][debug] [sms]run time:3
[2018-08-13 06:06:49][debug] [sms]end:1534111609
[2018-08-13 06:06:49][debug] [sms]page:https://bbs.bivfw.top/plugin.php?id=tom_tchongbao:ajax&act=nitice_sms_hb_run&site=1&tongcheng_id=511&hongbao_id=56&page=34
[2018-08-13 06:06:50][debug] [sms]hongbao id:56
[2018-08-13 06:06:50][debug] [sms]page:34
[2018-08-13 06:06:50][debug] [sms]client IP:118.89.52.235
[2018-08-13 06:06:50][debug] [sms]start:1534111610
[2018-08-13 06:06:53][debug] [sms]all num:10
[2018-08-13 06:06:53][debug] [sms]run num:10
[2018-08-13 06:06:53][debug] [sms]ok num:6
[2018-08-13 06:06:53][debug] [sms]no num:0
[2018-08-13 06:06:53][debug] [sms]run time:3
[2018-08-13 06:06:53][debug] [sms]end:1534111613
[2018-08-13 06:06:53][debug] [sms]page:https://bbs.bivfw.top/plugin.php?id=tom_tchongbao:ajax&act=nitice_sms_hb_run&site=1&tongcheng_id=511&hongbao_id=56&page=35
[2018-08-13 06:06:53][debug] [sms]hongbao id:56
[2018-08-13 06:06:53][debug] [sms]page:35
[2018-08-13 06:06:53][debug] [sms]client IP:118.89.52.235
[2018-08-13 06:06:53][debug] [sms]start:1534111613
[2018-08-13 06:06:56][debug] [sms]all num:10
[2018-08-13 06:06:56][debug] [sms]run num:10
[2018-08-13 06:06:56][debug] [sms]ok num:1
[2018-08-13 06:06:56][debug] [sms]no num:0
[2018-08-13 06:06:56][debug] [sms]run time:3
[2018-08-13 06:06:56][debug] [sms]end:1534111616
[2018-08-13 06:06:56][debug] [sms]page:https://bbs.bivfw.top/plugin.php?id=tom_tchongbao:ajax&act=nitice_sms_hb_run&site=1&tongcheng_id=511&hongbao_id=56&page=36
[2018-08-13 06:06:56][debug] [sms]hongbao id:56
[2018-08-13 06:06:56][debug] [sms]page:36
[2018-08-13 06:06:56][debug] [sms]client IP:118.89.52.235
[2018-08-13 06:06:56][debug] [sms]start:1534111616
[2018-08-13 06:06:59][debug] [sms]all num:10
[2018-08-13 06:06:59][debug] [sms]run num:10
[2018-08-13 06:06:59][debug] [sms]ok num:6
[2018-08-13 06:06:59][debug] [sms]no num:0
[2018-08-13 06:06:59][debug] [sms]run time:3
[2018-08-13 06:06:59][debug] [sms]end:1534111619
[2018-08-13 06:06:59][debug] [sms]page:https://bbs.bivfw.top/plugin.php?id=tom_tchongbao:ajax&act=nitice_sms_hb_run&site=1&tongcheng_id=511&hongbao_id=56&page=37
[2018-08-13 06:06:59][debug] [sms]hongbao id:56
[2018-08-13 06:06:59][debug] [sms]page:37
[2018-08-13 06:06:59][debug] [sms]client IP:118.89.52.235
[2018-08-13 06:06:59][debug] [sms]start:1534111619
[2018-08-13 06:07:03][debug] [sms]all num:10
[2018-08-13 06:07:03][debug] [sms]run num:10
[2018-08-13 06:07:03][debug] [sms]ok num:8
[2018-08-13 06:07:03][debug] [sms]no num:0
[2018-08-13 06:07:03][debug] [sms]run time:4
[2018-08-13 06:07:03][debug] [sms]end:1534111623
[2018-08-13 06:07:03][debug] [sms]page:https://bbs.bivfw.top/plugin.php?id=tom_tchongbao:ajax&act=nitice_sms_hb_run&site=1&tongcheng_id=511&hongbao_id=56&page=38
[2018-08-13 06:07:04][debug] [sms]hongbao id:56
[2018-08-13 06:07:04][debug] [sms]page:38
[2018-08-13 06:07:04][debug] [sms]client IP:118.89.52.235
[2018-08-13 06:07:04][debug] [sms]start:1534111624
[2018-08-13 06:07:07][debug] [sms]all num:10
[2018-08-13 06:07:07][debug] [sms]run num:10
[2018-08-13 06:07:07][debug] [sms]ok num:3
[2018-08-13 06:07:07][debug] [sms]no num:0
[2018-08-13 06:07:07][debug] [sms]run time:3
[2018-08-13 06:07:07][debug] [sms]end:1534111627
[2018-08-13 06:07:07][debug] [sms]page:https://bbs.bivfw.top/plugin.php?id=tom_tchongbao:ajax&act=nitice_sms_hb_run&site=1&tongcheng_id=511&hongbao_id=56&page=39
[2018-08-13 06:07:07][debug] [sms]hongbao id:56
[2018-08-13 06:07:07][debug] [sms]page:39
[2018-08-13 06:07:07][debug] [sms]client IP:118.89.52.235
[2018-08-13 06:07:07][debug] [sms]start:1534111627
[2018-08-13 06:07:10][debug] [sms]all num:10
[2018-08-13 06:07:10][debug] [sms]run num:10
[2018-08-13 06:07:10][debug] [sms]ok num:1
[2018-08-13 06:07:10][debug] [sms]no num:0
[2018-08-13 06:07:10][debug] [sms]run time:3
[2018-08-13 06:07:10][debug] [sms]end:1534111630
[2018-08-13 06:07:10][debug] [sms]page:https://bbs.bivfw.top/plugin.php?id=tom_tchongbao:ajax&act=nitice_sms_hb_run&site=1&tongcheng_id=511&hongbao_id=56&page=40
[2018-08-13 06:07:10][debug] [sms]hongbao id:56
[2018-08-13 06:07:10][debug] [sms]page:40
[2018-08-13 06:07:10][debug] [sms]client IP:118.89.52.235
[2018-08-13 06:07:10][debug] [sms]start:1534111630
[2018-08-13 06:07:14][debug] [sms]all num:10
[2018-08-13 06:07:14][debug] [sms]run num:10
[2018-08-13 06:07:14][debug] [sms]ok num:6
[2018-08-13 06:07:14][debug] [sms]no num:0
[2018-08-13 06:07:14][debug] [sms]run time:4
[2018-08-13 06:07:14][debug] [sms]end:1534111634
[2018-08-13 06:07:14][debug] [sms]page:https://bbs.bivfw.top/plugin.php?id=tom_tchongbao:ajax&act=nitice_sms_hb_run&site=1&tongcheng_id=511&hongbao_id=56&page=41
[2018-08-13 06:07:14][debug] [sms]hongbao id:56
[2018-08-13 06:07:14][debug] [sms]page:41
[2018-08-13 06:07:14][debug] [sms]client IP:118.89.52.235
[2018-08-13 06:07:14][debug] [sms]start:1534111634
[2018-08-13 06:07:17][debug] [sms]all num:10
[2018-08-13 06:07:17][debug] [sms]run num:10
[2018-08-13 06:07:17][debug] [sms]ok num:5
[2018-08-13 06:07:17][debug] [sms]no num:0
[2018-08-13 06:07:17][debug] [sms]run time:3
[2018-08-13 06:07:17][debug] [sms]end:1534111637
[2018-08-13 06:07:17][debug] [sms]page:https://bbs.bivfw.top/plugin.php?id=tom_tchongbao:ajax&act=nitice_sms_hb_run&site=1&tongcheng_id=511&hongbao_id=56&page=42
[2018-08-13 06:07:17][debug] [sms]hongbao id:56
[2018-08-13 06:07:17][debug] [sms]page:42
[2018-08-13 06:07:17][debug] [sms]client IP:118.89.52.235
[2018-08-13 06:07:17][debug] [sms]start:1534111637
[2018-08-13 06:07:20][debug] [sms]all num:10
[2018-08-13 06:07:20][debug] [sms]run num:10
[2018-08-13 06:07:20][debug] [sms]ok num:7
[2018-08-13 06:07:20][debug] [sms]no num:0
[2018-08-13 06:07:20][debug] [sms]run time:3
[2018-08-13 06:07:20][debug] [sms]end:1534111640
[2018-08-13 06:07:20][debug] [sms]page:https://bbs.bivfw.top/plugin.php?id=tom_tchongbao:ajax&act=nitice_sms_hb_run&site=1&tongcheng_id=511&hongbao_id=56&page=43
[2018-08-13 06:07:20][debug] [sms]hongbao id:56
[2018-08-13 06:07:20][debug] [sms]page:43
[2018-08-13 06:07:20][debug] [sms]client IP:118.89.52.235
[2018-08-13 06:07:20][debug] [sms]start:1534111640
[2018-08-13 06:07:23][debug] [sms]all num:10
[2018-08-13 06:07:23][debug] [sms]run num:10
[2018-08-13 06:07:23][debug] [sms]ok num:8
[2018-08-13 06:07:23][debug] [sms]no num:0
[2018-08-13 06:07:23][debug] [sms]run time:3
[2018-08-13 06:07:23][debug] [sms]end:1534111643
[2018-08-13 06:07:23][debug] [sms]page:https://bbs.bivfw.top/plugin.php?id=tom_tchongbao:ajax&act=nitice_sms_hb_run&site=1&tongcheng_id=511&hongbao_id=56&page=44
[2018-08-13 06:07:24][debug] [sms]hongbao id:56
[2018-08-13 06:07:24][debug] [sms]page:44
[2018-08-13 06:07:24][debug] [sms]client IP:118.89.52.235
[2018-08-13 06:07:24][debug] [sms]start:1534111644
[2018-08-13 06:07:27][debug] [sms]all num:10
[2018-08-13 06:07:27][debug] [sms]run num:10
[2018-08-13 06:07:27][debug] [sms]ok num:6
[2018-08-13 06:07:27][debug] [sms]no num:0
[2018-08-13 06:07:27][debug] [sms]run time:3
[2018-08-13 06:07:27][debug] [sms]end:1534111647
[2018-08-13 06:07:27][debug] [sms]page:https://bbs.bivfw.top/plugin.php?id=tom_tchongbao:ajax&act=nitice_sms_hb_run&site=1&tongcheng_id=511&hongbao_id=56&page=45
[2018-08-13 06:07:27][debug] [sms]hongbao id:56
[2018-08-13 06:07:27][debug] [sms]page:45
[2018-08-13 06:07:27][debug] [sms]client IP:118.89.52.235
[2018-08-13 06:07:27][debug] [sms]start:1534111647
[2018-08-13 06:07:30][debug] [sms]all num:10
[2018-08-13 06:07:30][debug] [sms]run num:10
[2018-08-13 06:07:30][debug] [sms]ok num:5
[2018-08-13 06:07:30][debug] [sms]no num:0
[2018-08-13 06:07:30][debug] [sms]run time:3
[2018-08-13 06:07:30][debug] [sms]end:1534111650
[2018-08-13 06:07:30][debug] [sms]page:https://bbs.bivfw.top/plugin.php?id=tom_tchongbao:ajax&act=nitice_sms_hb_run&site=1&tongcheng_id=511&hongbao_id=56&page=46
[2018-08-13 06:07:31][debug] [sms]hongbao id:56
[2018-08-13 06:07:31][debug] [sms]page:46
[2018-08-13 06:07:31][debug] [sms]client IP:118.89.52.235
[2018-08-13 06:07:31][debug] [sms]start:1534111651
[2018-08-13 06:07:33][debug] [sms]all num:10
[2018-08-13 06:07:33][debug] [sms]run num:10
[2018-08-13 06:07:33][debug] [sms]ok num:8
[2018-08-13 06:07:33][debug] [sms]no num:0
[2018-08-13 06:07:33][debug] [sms]run time:2
[2018-08-13 06:07:33][debug] [sms]end:1534111653
[2018-08-13 06:07:33][debug] [sms]page:https://bbs.bivfw.top/plugin.php?id=tom_tchongbao:ajax&act=nitice_sms_hb_run&site=1&tongcheng_id=511&hongbao_id=56&page=47
[2018-08-13 06:07:33][debug] [sms]hongbao id:56
[2018-08-13 06:07:33][debug] [sms]page:47
[2018-08-13 06:07:33][debug] [sms]client IP:118.89.52.235
[2018-08-13 06:07:33][debug] [sms]start:1534111653
[2018-08-13 06:07:37][debug] [sms]all num:10
[2018-08-13 06:07:37][debug] [sms]run num:10
[2018-08-13 06:07:37][debug] [sms]ok num:10
[2018-08-13 06:07:37][debug] [sms]no num:0
[2018-08-13 06:07:37][debug] [sms]run time:4
[2018-08-13 06:07:37][debug] [sms]end:1534111657
[2018-08-13 06:07:37][debug] [sms]page:https://bbs.bivfw.top/plugin.php?id=tom_tchongbao:ajax&act=nitice_sms_hb_run&site=1&tongcheng_id=511&hongbao_id=56&page=48
[2018-08-13 06:07:37][debug] [sms]hongbao id:56
[2018-08-13 06:07:37][debug] [sms]page:48
[2018-08-13 06:07:37][debug] [sms]client IP:118.89.52.235
[2018-08-13 06:07:37][debug] [sms]start:1534111657
[2018-08-13 06:07:41][debug] [sms]all num:10
[2018-08-13 06:07:41][debug] [sms]run num:10
[2018-08-13 06:07:41][debug] [sms]ok num:9
[2018-08-13 06:07:41][debug] [sms]no num:0
[2018-08-13 06:07:41][debug] [sms]run time:4
[2018-08-13 06:07:41][debug] [sms]end:1534111661
[2018-08-13 06:07:41][debug] [sms]page:https://bbs.bivfw.top/plugin.php?id=tom_tchongbao:ajax&act=nitice_sms_hb_run&site=1&tongcheng_id=511&hongbao_id=56&page=49
[2018-08-13 06:07:41][debug] [sms]hongbao id:56
[2018-08-13 06:07:41][debug] [sms]page:49
[2018-08-13 06:07:41][debug] [sms]client IP:118.89.52.235
[2018-08-13 06:07:41][debug] [sms]start:1534111661
[2018-08-13 06:07:44][debug] [sms]all num:10
[2018-08-13 06:07:44][debug] [sms]run num:10
[2018-08-13 06:07:44][debug] [sms]ok num:5
[2018-08-13 06:07:44][debug] [sms]no num:0
[2018-08-13 06:07:44][debug] [sms]run time:3
[2018-08-13 06:07:44][debug] [sms]end:1534111664
[2018-08-13 06:07:44][debug] [sms]page:https://bbs.bivfw.top/plugin.php?id=tom_tchongbao:ajax&act=nitice_sms_hb_run&site=1&tongcheng_id=511&hongbao_id=56&page=50
[2018-08-13 06:07:44][debug] [sms]hongbao id:56
[2018-08-13 06:07:44][debug] [sms]page:50
[2018-08-13 06:07:44][debug] [sms]client IP:118.89.52.235
[2018-08-13 06:07:44][debug] [sms]start:1534111664
[2018-08-13 06:07:47][debug] [sms]all num:10
[2018-08-13 06:07:47][debug] [sms]run num:10
[2018-08-13 06:07:47][debug] [sms]ok num:3
[2018-08-13 06:07:47][debug] [sms]no num:0
[2018-08-13 06:07:47][debug] [sms]run time:3
[2018-08-13 06:07:47][debug] [sms]end:1534111667
[2018-08-13 06:07:47][debug] [sms]page:https://bbs.bivfw.top/plugin.php?id=tom_tchongbao:ajax&act=nitice_sms_hb_run&site=1&tongcheng_id=511&hongbao_id=56&page=51
[2018-08-13 06:07:47][debug] [sms]hongbao id:56
[2018-08-13 06:07:47][debug] [sms]page:51
[2018-08-13 06:07:47][debug] [sms]client IP:118.89.52.235
[2018-08-13 06:07:47][debug] [sms]start:1534111667
[2018-08-13 06:07:51][debug] [sms]all num:10
[2018-08-13 06:07:51][debug] [sms]run num:10
[2018-08-13 06:07:51][debug] [sms]ok num:7
[2018-08-13 06:07:51][debug] [sms]no num:0
[2018-08-13 06:07:51][debug] [sms]run time:4
[2018-08-13 06:07:51][debug] [sms]end:1534111671
[2018-08-13 06:07:51][debug] [sms]page:https://bbs.bivfw.top/plugin.php?id=tom_tchongbao:ajax&act=nitice_sms_hb_run&site=1&tongcheng_id=511&hongbao_id=56&page=52
[2018-08-13 06:07:51][debug] [sms]hongbao id:56
[2018-08-13 06:07:51][debug] [sms]page:52
[2018-08-13 06:07:51][debug] [sms]client IP:118.89.52.235
[2018-08-13 06:07:51][debug] [sms]start:1534111671
[2018-08-13 06:07:54][debug] [sms]all num:10
[2018-08-13 06:07:54][debug] [sms]run num:10
[2018-08-13 06:07:54][debug] [sms]ok num:1
[2018-08-13 06:07:54][debug] [sms]no num:0
[2018-08-13 06:07:54][debug] [sms]run time:3
[2018-08-13 06:07:54][debug] [sms]end:1534111674
[2018-08-13 06:07:54][debug] [sms]page:https://bbs.bivfw.top/plugin.php?id=tom_tchongbao:ajax&act=nitice_sms_hb_run&site=1&tongcheng_id=511&hongbao_id=56&page=53
[2018-08-13 06:07:54][debug] [sms]hongbao id:56
[2018-08-13 06:07:54][debug] [sms]page:53
[2018-08-13 06:07:54][debug] [sms]client IP:118.89.52.235
[2018-08-13 06:07:54][debug] [sms]start:1534111674
[2018-08-13 06:07:57][debug] [sms]all num:10
[2018-08-13 06:07:57][debug] [sms]run num:9
[2018-08-13 06:07:57][debug] [sms]ok num:0
[2018-08-13 06:07:57][debug] [sms]no num:0
[2018-08-13 06:07:57][debug] [sms]run time:3
[2018-08-13 06:07:57][debug] [sms]end:1534111677
[2018-08-13 06:07:57][debug] [sms]page:https://bbs.bivfw.top/plugin.php?id=tom_tchongbao:ajax&act=nitice_sms_hb_run&site=1&tongcheng_id=511&hongbao_id=56&page=54
[2018-08-13 06:07:57][debug] [sms]hongbao id:56
[2018-08-13 06:07:57][debug] [sms]page:54
[2018-08-13 06:07:57][debug] [sms]client IP:118.89.52.235
[2018-08-13 06:07:57][debug] [sms]start:1534111677
[2018-08-13 06:08:01][debug] [sms]all num:10
[2018-08-13 06:08:01][debug] [sms]run num:10
[2018-08-13 06:08:01][debug] [sms]ok num:6
[2018-08-13 06:08:01][debug] [sms]no num:0
[2018-08-13 06:08:01][debug] [sms]run time:4
[2018-08-13 06:08:01][debug] [sms]end:1534111681
[2018-08-13 06:08:01][debug] [sms]page:https://bbs.bivfw.top/plugin.php?id=tom_tchongbao:ajax&act=nitice_sms_hb_run&site=1&tongcheng_id=511&hongbao_id=56&page=55
[2018-08-13 06:08:01][debug] [sms]hongbao id:56
[2018-08-13 06:08:01][debug] [sms]page:55
[2018-08-13 06:08:01][debug] [sms]client IP:118.89.52.235
[2018-08-13 06:08:01][debug] [sms]start:1534111681
[2018-08-13 06:08:04][debug] [sms]all num:10
[2018-08-13 06:08:04][debug] [sms]run num:10
[2018-08-13 06:08:04][debug] [sms]ok num:4
[2018-08-13 06:08:04][debug] [sms]no num:0
[2018-08-13 06:08:04][debug] [sms]run time:3
[2018-08-13 06:08:04][debug] [sms]end:1534111684
[2018-08-13 06:08:04][debug] [sms]page:https://bbs.bivfw.top/plugin.php?id=tom_tchongbao:ajax&act=nitice_sms_hb_run&site=1&tongcheng_id=511&hongbao_id=56&page=56
[2018-08-13 06:08:05][debug] [sms]hongbao id:56
[2018-08-13 06:08:05][debug] [sms]page:56
[2018-08-13 06:08:05][debug] [sms]client IP:118.89.52.235
[2018-08-13 06:08:05][debug] [sms]start:1534111685
[2018-08-13 06:08:08][debug] [sms]all num:10
[2018-08-13 06:08:08][debug] [sms]run num:10
[2018-08-13 06:08:08][debug] [sms]ok num:5
[2018-08-13 06:08:08][debug] [sms]no num:0
[2018-08-13 06:08:08][debug] [sms]run time:3
[2018-08-13 06:08:08][debug] [sms]end:1534111688
[2018-08-13 06:08:08][debug] [sms]page:https://bbs.bivfw.top/plugin.php?id=tom_tchongbao:ajax&act=nitice_sms_hb_run&site=1&tongcheng_id=511&hongbao_id=56&page=57
[2018-08-13 06:08:09][debug] [sms]hongbao id:56
[2018-08-13 06:08:09][debug] [sms]page:57
[2018-08-13 06:08:09][debug] [sms]client IP:118.89.52.235
[2018-08-13 06:08:09][debug] [sms]start:1534111689
[2018-08-13 06:08:12][debug] [sms]all num:10
[2018-08-13 06:08:12][debug] [sms]run num:10
[2018-08-13 06:08:12][debug] [sms]ok num:5
[2018-08-13 06:08:12][debug] [sms]no num:0
[2018-08-13 06:08:12][debug] [sms]run time:3
[2018-08-13 06:08:12][debug] [sms]end:1534111692
[2018-08-13 06:08:12][debug] [sms]page:https://bbs.bivfw.top/plugin.php?id=tom_tchongbao:ajax&act=nitice_sms_hb_run&site=1&tongcheng_id=511&hongbao_id=56&page=58
[2018-08-13 06:08:12][debug] [sms]hongbao id:56
[2018-08-13 06:08:12][debug] [sms]page:58
[2018-08-13 06:08:12][debug] [sms]client IP:118.89.52.235
[2018-08-13 06:08:12][debug] [sms]start:1534111692
[2018-08-13 06:08:15][debug] [sms]all num:10
[2018-08-13 06:08:15][debug] [sms]run num:10
[2018-08-13 06:08:15][debug] [sms]ok num:6
[2018-08-13 06:08:15][debug] [sms]no num:0
[2018-08-13 06:08:15][debug] [sms]run time:3
[2018-08-13 06:08:15][debug] [sms]end:1534111695
[2018-08-13 06:08:15][debug] [sms]page:https://bbs.bivfw.top/plugin.php?id=tom_tchongbao:ajax&act=nitice_sms_hb_run&site=1&tongcheng_id=511&hongbao_id=56&page=59
[2018-08-13 06:08:15][debug] [sms]hongbao id:56
[2018-08-13 06:08:15][debug] [sms]page:59
[2018-08-13 06:08:15][debug] [sms]client IP:118.89.52.235
[2018-08-13 06:08:15][debug] [sms]start:1534111695
[2018-08-13 06:08:19][debug] [sms]all num:10
[2018-08-13 06:08:19][debug] [sms]run num:10
[2018-08-13 06:08:19][debug] [sms]ok num:9
[2018-08-13 06:08:19][debug] [sms]no num:0
[2018-08-13 06:08:19][debug] [sms]run time:4
[2018-08-13 06:08:19][debug] [sms]end:1534111699
[2018-08-13 06:08:19][debug] [sms]page:https://bbs.bivfw.top/plugin.php?id=tom_tchongbao:ajax&act=nitice_sms_hb_run&site=1&tongcheng_id=511&hongbao_id=56&page=60
[2018-08-13 06:08:19][debug] [sms]hongbao id:56
[2018-08-13 06:08:19][debug] [sms]page:60
[2018-08-13 06:08:19][debug] [sms]client IP:118.89.52.235
[2018-08-13 06:08:19][debug] [sms]start:1534111699
[2018-08-13 06:08:22][debug] [sms]all num:10
[2018-08-13 06:08:22][debug] [sms]run num:10
[2018-08-13 06:08:22][debug] [sms]ok num:10
[2018-08-13 06:08:22][debug] [sms]no num:0
[2018-08-13 06:08:22][debug] [sms]run time:3
[2018-08-13 06:08:22][debug] [sms]end:1534111702
[2018-08-13 06:08:22][debug] [sms]page:https://bbs.bivfw.top/plugin.php?id=tom_tchongbao:ajax&act=nitice_sms_hb_run&site=1&tongcheng_id=511&hongbao_id=56&page=61
[2018-08-13 06:08:22][debug] [sms]hongbao id:56
[2018-08-13 06:08:22][debug] [sms]page:61
[2018-08-13 06:08:22][debug] [sms]client IP:118.89.52.235
[2018-08-13 06:08:22][debug] [sms]start:1534111702
[2018-08-13 06:08:25][debug] [sms]all num:10
[2018-08-13 06:08:25][debug] [sms]run num:10
[2018-08-13 06:08:25][debug] [sms]ok num:6
[2018-08-13 06:08:25][debug] [sms]no num:0
[2018-08-13 06:08:25][debug] [sms]run time:3
[2018-08-13 06:08:25][debug] [sms]end:1534111705
[2018-08-13 06:08:25][debug] [sms]page:https://bbs.bivfw.top/plugin.php?id=tom_tchongbao:ajax&act=nitice_sms_hb_run&site=1&tongcheng_id=511&hongbao_id=56&page=62
[2018-08-13 06:08:25][debug] [sms]hongbao id:56
[2018-08-13 06:08:25][debug] [sms]page:62
[2018-08-13 06:08:25][debug] [sms]client IP:118.89.52.235
[2018-08-13 06:08:25][debug] [sms]start:1534111705
[2018-08-13 06:08:28][debug] [sms]all num:10
[2018-08-13 06:08:28][debug] [sms]run num:10
[2018-08-13 06:08:28][debug] [sms]ok num:2
[2018-08-13 06:08:28][debug] [sms]no num:0
[2018-08-13 06:08:28][debug] [sms]run time:3
[2018-08-13 06:08:28][debug] [sms]end:1534111708
[2018-08-13 06:08:28][debug] [sms]page:https://bbs.bivfw.top/plugin.php?id=tom_tchongbao:ajax&act=nitice_sms_hb_run&site=1&tongcheng_id=511&hongbao_id=56&page=63
[2018-08-13 06:08:28][debug] [sms]hongbao id:56
[2018-08-13 06:08:28][debug] [sms]page:63
[2018-08-13 06:08:28][debug] [sms]client IP:118.89.52.235
[2018-08-13 06:08:28][debug] [sms]start:1534111708
[2018-08-13 06:08:32][debug] [sms]all num:10
[2018-08-13 06:08:32][debug] [sms]run num:10
[2018-08-13 06:08:32][debug] [sms]ok num:5
[2018-08-13 06:08:32][debug] [sms]no num:0
[2018-08-13 06:08:32][debug] [sms]run time:4
[2018-08-13 06:08:32][debug] [sms]end:1534111712
[2018-08-13 06:08:32][debug] [sms]page:https://bbs.bivfw.top/plugin.php?id=tom_tchongbao:ajax&act=nitice_sms_hb_run&site=1&tongcheng_id=511&hongbao_id=56&page=64
[2018-08-13 06:08:32][debug] [sms]hongbao id:56
[2018-08-13 06:08:32][debug] [sms]page:64
[2018-08-13 06:08:32][debug] [sms]client IP:118.89.52.235
[2018-08-13 06:08:32][debug] [sms]start:1534111712
[2018-08-13 06:08:35][debug] [sms]all num:10
[2018-08-13 06:08:35][debug] [sms]run num:10
[2018-08-13 06:08:35][debug] [sms]ok num:5
[2018-08-13 06:08:35][debug] [sms]no num:0
[2018-08-13 06:08:35][debug] [sms]run time:3
[2018-08-13 06:08:35][debug] [sms]end:1534111715
[2018-08-13 06:08:35][debug] [sms]page:https://bbs.bivfw.top/plugin.php?id=tom_tchongbao:ajax&act=nitice_sms_hb_run&site=1&tongcheng_id=511&hongbao_id=56&page=65
[2018-08-13 06:08:35][debug] [sms]hongbao id:56
[2018-08-13 06:08:35][debug] [sms]page:65
[2018-08-13 06:08:35][debug] [sms]client IP:118.89.52.235
[2018-08-13 06:08:35][debug] [sms]start:1534111715
[2018-08-13 06:08:39][debug] [sms]all num:10
[2018-08-13 06:08:39][debug] [sms]run num:10
[2018-08-13 06:08:39][debug] [sms]ok num:1
[2018-08-13 06:08:39][debug] [sms]no num:0
[2018-08-13 06:08:39][debug] [sms]run time:4
[2018-08-13 06:08:39][debug] [sms]end:1534111719
[2018-08-13 06:08:39][debug] [sms]page:https://bbs.bivfw.top/plugin.php?id=tom_tchongbao:ajax&act=nitice_sms_hb_run&site=1&tongcheng_id=511&hongbao_id=56&page=66
[2018-08-13 06:08:39][debug] [sms]hongbao id:56
[2018-08-13 06:08:39][debug] [sms]page:66
[2018-08-13 06:08:39][debug] [sms]client IP:118.89.52.235
[2018-08-13 06:08:39][debug] [sms]start:1534111719
[2018-08-13 06:08:42][debug] [sms]all num:10
[2018-08-13 06:08:42][debug] [sms]run num:9
[2018-08-13 06:08:42][debug] [sms]ok num:5
[2018-08-13 06:08:42][debug] [sms]no num:0
[2018-08-13 06:08:42][debug] [sms]run time:3
[2018-08-13 06:08:42][debug] [sms]end:1534111722
[2018-08-13 06:08:42][debug] [sms]page:https://bbs.bivfw.top/plugin.php?id=tom_tchongbao:ajax&act=nitice_sms_hb_run&site=1&tongcheng_id=511&hongbao_id=56&page=67
[2018-08-13 06:08:42][debug] [sms]hongbao id:56
[2018-08-13 06:08:42][debug] [sms]page:67
[2018-08-13 06:08:42][debug] [sms]client IP:118.89.52.235
[2018-08-13 06:08:42][debug] [sms]start:1534111722
[2018-08-13 06:08:45][debug] [sms]all num:10
[2018-08-13 06:08:45][debug] [sms]run num:10
[2018-08-13 06:08:45][debug] [sms]ok num:4
[2018-08-13 06:08:45][debug] [sms]no num:0
[2018-08-13 06:08:45][debug] [sms]run time:3
[2018-08-13 06:08:45][debug] [sms]end:1534111725
[2018-08-13 06:08:45][debug] [sms]page:https://bbs.bivfw.top/plugin.php?id=tom_tchongbao:ajax&act=nitice_sms_hb_run&site=1&tongcheng_id=511&hongbao_id=56&page=68
[2018-08-13 06:08:45][debug] [sms]hongbao id:56
[2018-08-13 06:08:45][debug] [sms]page:68
[2018-08-13 06:08:45][debug] [sms]client IP:118.89.52.235
[2018-08-13 06:08:45][debug] [sms]start:1534111725
[2018-08-13 06:08:48][debug] [sms]all num:10
[2018-08-13 06:08:48][debug] [sms]run num:10
[2018-08-13 06:08:48][debug] [sms]ok num:4
[2018-08-13 06:08:48][debug] [sms]no num:0
[2018-08-13 06:08:48][debug] [sms]run time:3
[2018-08-13 06:08:48][debug] [sms]end:1534111728
[2018-08-13 06:08:48][debug] [sms]page:https://bbs.bivfw.top/plugin.php?id=tom_tchongbao:ajax&act=nitice_sms_hb_run&site=1&tongcheng_id=511&hongbao_id=56&page=69
[2018-08-13 06:08:48][debug] [sms]hongbao id:56
[2018-08-13 06:08:48][debug] [sms]page:69
[2018-08-13 06:08:48][debug] [sms]client IP:118.89.52.235
[2018-08-13 06:08:48][debug] [sms]start:1534111728
[2018-08-13 06:08:51][debug] [sms]all num:10
[2018-08-13 06:08:51][debug] [sms]run num:10
[2018-08-13 06:08:51][debug] [sms]ok num:2
[2018-08-13 06:08:51][debug] [sms]no num:0
[2018-08-13 06:08:51][debug] [sms]run time:3
[2018-08-13 06:08:51][debug] [sms]end:1534111731
[2018-08-13 06:08:51][debug] [sms]page:https://bbs.bivfw.top/plugin.php?id=tom_tchongbao:ajax&act=nitice_sms_hb_run&site=1&tongcheng_id=511&hongbao_id=56&page=70
[2018-08-13 06:08:52][debug] [sms]hongbao id:56
[2018-08-13 06:08:52][debug] [sms]page:70
[2018-08-13 06:08:52][debug] [sms]client IP:118.89.52.235
[2018-08-13 06:08:52][debug] [sms]start:1534111732
[2018-08-13 06:08:55][debug] [sms]all num:10
[2018-08-13 06:08:55][debug] [sms]run num:10
[2018-08-13 06:08:55][debug] [sms]ok num:3
[2018-08-13 06:08:55][debug] [sms]no num:0
[2018-08-13 06:08:55][debug] [sms]run time:3
[2018-08-13 06:08:55][debug] [sms]end:1534111735
[2018-08-13 06:08:55][debug] [sms]page:https://bbs.bivfw.top/plugin.php?id=tom_tchongbao:ajax&act=nitice_sms_hb_run&site=1&tongcheng_id=511&hongbao_id=56&page=71
[2018-08-13 06:08:56][debug] [sms]hongbao id:56
[2018-08-13 06:08:56][debug] [sms]page:71
[2018-08-13 06:08:56][debug] [sms]client IP:118.89.52.235
[2018-08-13 06:08:56][debug] [sms]start:1534111736
[2018-08-13 06:08:59][debug] [sms]all num:10
[2018-08-13 06:08:59][debug] [sms]run num:10
[2018-08-13 06:08:59][debug] [sms]ok num:0
[2018-08-13 06:08:59][debug] [sms]no num:0
[2018-08-13 06:08:59][debug] [sms]run time:3
[2018-08-13 06:08:59][debug] [sms]end:1534111739
[2018-08-13 06:08:59][debug] [sms]page:https://bbs.bivfw.top/plugin.php?id=tom_tchongbao:ajax&act=nitice_sms_hb_run&site=1&tongcheng_id=511&hongbao_id=56&page=72
[2018-08-13 06:09:00][debug] [sms]hongbao id:56
[2018-08-13 06:09:00][debug] [sms]page:72
[2018-08-13 06:09:00][debug] [sms]client IP:118.89.52.235
[2018-08-13 06:09:00][debug] [sms]start:1534111740
[2018-08-13 06:09:03][debug] [sms]all num:10
[2018-08-13 06:09:03][debug] [sms]run num:10
[2018-08-13 06:09:03][debug] [sms]ok num:0
[2018-08-13 06:09:03][debug] [sms]no num:0
[2018-08-13 06:09:03][debug] [sms]run time:3
[2018-08-13 06:09:03][debug] [sms]end:1534111743
[2018-08-13 06:09:03][debug] [sms]page:https://bbs.bivfw.top/plugin.php?id=tom_tchongbao:ajax&act=nitice_sms_hb_run&site=1&tongcheng_id=511&hongbao_id=56&page=73
[2018-08-13 06:09:03][debug] [sms]hongbao id:56
[2018-08-13 06:09:03][debug] [sms]page:73
[2018-08-13 06:09:03][debug] [sms]client IP:118.89.52.235
[2018-08-13 06:09:03][debug] [sms]start:1534111743
[2018-08-13 06:09:06][debug] [sms]all num:10
[2018-08-13 06:09:06][debug] [sms]run num:10
[2018-08-13 06:09:06][debug] [sms]ok num:2
[2018-08-13 06:09:06][debug] [sms]no num:0
[2018-08-13 06:09:06][debug] [sms]run time:3
[2018-08-13 06:09:06][debug] [sms]end:1534111746
[2018-08-13 06:09:06][debug] [sms]page:https://bbs.bivfw.top/plugin.php?id=tom_tchongbao:ajax&act=nitice_sms_hb_run&site=1&tongcheng_id=511&hongbao_id=56&page=74
[2018-08-13 06:09:07][debug] [sms]hongbao id:56
[2018-08-13 06:09:07][debug] [sms]page:74
[2018-08-13 06:09:07][debug] [sms]client IP:118.89.52.235
[2018-08-13 06:09:07][debug] [sms]start:1534111747
[2018-08-13 06:09:10][debug] [sms]all num:10
[2018-08-13 06:09:10][debug] [sms]run num:10
[2018-08-13 06:09:10][debug] [sms]ok num:4
[2018-08-13 06:09:10][debug] [sms]no num:0
[2018-08-13 06:09:10][debug] [sms]run time:3
[2018-08-13 06:09:10][debug] [sms]end:1534111750
[2018-08-13 06:09:10][debug] [sms]page:https://bbs.bivfw.top/plugin.php?id=tom_tchongbao:ajax&act=nitice_sms_hb_run&site=1&tongcheng_id=511&hongbao_id=56&page=75
[2018-08-13 06:09:10][debug] [sms]hongbao id:56
[2018-08-13 06:09:10][debug] [sms]page:75
[2018-08-13 06:09:10][debug] [sms]client IP:118.89.52.235
[2018-08-13 06:09:10][debug] [sms]start:1534111750
[2018-08-13 06:09:13][debug] [sms]all num:10
[2018-08-13 06:09:13][debug] [sms]run num:10
[2018-08-13 06:09:13][debug] [sms]ok num:3
[2018-08-13 06:09:13][debug] [sms]no num:0
[2018-08-13 06:09:13][debug] [sms]run time:3
[2018-08-13 06:09:13][debug] [sms]end:1534111753
[2018-08-13 06:09:13][debug] [sms]page:https://bbs.bivfw.top/plugin.php?id=tom_tchongbao:ajax&act=nitice_sms_hb_run&site=1&tongcheng_id=511&hongbao_id=56&page=76
[2018-08-13 06:09:14][debug] [sms]hongbao id:56
[2018-08-13 06:09:14][debug] [sms]page:76
[2018-08-13 06:09:14][debug] [sms]client IP:118.89.52.235
[2018-08-13 06:09:14][debug] [sms]start:1534111754
[2018-08-13 06:09:16][debug] [sms]all num:10
[2018-08-13 06:09:16][debug] [sms]run num:10
[2018-08-13 06:09:16][debug] [sms]ok num:3
[2018-08-13 06:09:16][debug] [sms]no num:0
[2018-08-13 06:09:16][debug] [sms]run time:2
[2018-08-13 06:09:16][debug] [sms]end:1534111756
[2018-08-13 06:09:16][debug] [sms]page:https://bbs.bivfw.top/plugin.php?id=tom_tchongbao:ajax&act=nitice_sms_hb_run&site=1&tongcheng_id=511&hongbao_id=56&page=77
[2018-08-13 06:09:17][debug] [sms]hongbao id:56
[2018-08-13 06:09:17][debug] [sms]page:77
[2018-08-13 06:09:17][debug] [sms]client IP:118.89.52.235
[2018-08-13 06:09:17][debug] [sms]start:1534111757
[2018-08-13 06:09:20][debug] [sms]all num:10
[2018-08-13 06:09:20][debug] [sms]run num:10
[2018-08-13 06:09:20][debug] [sms]ok num:7
[2018-08-13 06:09:20][debug] [sms]no num:0
[2018-08-13 06:09:20][debug] [sms]run time:3
[2018-08-13 06:09:20][debug] [sms]end:1534111760
[2018-08-13 06:09:20][debug] [sms]page:https://bbs.bivfw.top/plugin.php?id=tom_tchongbao:ajax&act=nitice_sms_hb_run&site=1&tongcheng_id=511&hongbao_id=56&page=78
[2018-08-13 06:09:20][debug] [sms]hongbao id:56
[2018-08-13 06:09:20][debug] [sms]page:78
[2018-08-13 06:09:20][debug] [sms]client IP:118.89.52.235
[2018-08-13 06:09:20][debug] [sms]start:1534111760
[2018-08-13 06:09:23][debug] [sms]all num:10
[2018-08-13 06:09:23][debug] [sms]run num:10
[2018-08-13 06:09:23][debug] [sms]ok num:6
[2018-08-13 06:09:23][debug] [sms]no num:0
[2018-08-13 06:09:23][debug] [sms]run time:3
[2018-08-13 06:09:23][debug] [sms]end:1534111763
[2018-08-13 06:09:23][debug] [sms]page:https://bbs.bivfw.top/plugin.php?id=tom_tchongbao:ajax&act=nitice_sms_hb_run&site=1&tongcheng_id=511&hongbao_id=56&page=79
[2018-08-13 06:09:23][debug] [sms]hongbao id:56
[2018-08-13 06:09:23][debug] [sms]page:79
[2018-08-13 06:09:23][debug] [sms]client IP:118.89.52.235
[2018-08-13 06:09:23][debug] [sms]start:1534111763
[2018-08-13 06:09:26][debug] [sms]all num:10
[2018-08-13 06:09:26][debug] [sms]run num:9
[2018-08-13 06:09:26][debug] [sms]ok num:1
[2018-08-13 06:09:26][debug] [sms]no num:0
[2018-08-13 06:09:26][debug] [sms]run time:3
[2018-08-13 06:09:26][debug] [sms]end:1534111766
[2018-08-13 06:09:26][debug] [sms]page:https://bbs.bivfw.top/plugin.php?id=tom_tchongbao:ajax&act=nitice_sms_hb_run&site=1&tongcheng_id=511&hongbao_id=56&page=80
[2018-08-13 06:09:27][debug] [sms]hongbao id:56
[2018-08-13 06:09:27][debug] [sms]page:80
[2018-08-13 06:09:27][debug] [sms]client IP:118.89.52.235
[2018-08-13 06:09:27][debug] [sms]start:1534111767
[2018-08-13 06:09:30][debug] [sms]all num:10
[2018-08-13 06:09:30][debug] [sms]run num:10
[2018-08-13 06:09:30][debug] [sms]ok num:0
[2018-08-13 06:09:30][debug] [sms]no num:0
[2018-08-13 06:09:30][debug] [sms]run time:3
[2018-08-13 06:09:30][debug] [sms]end:1534111770
[2018-08-13 06:09:30][debug] [sms]page:https://bbs.bivfw.top/plugin.php?id=tom_tchongbao:ajax&act=nitice_sms_hb_run&site=1&tongcheng_id=511&hongbao_id=56&page=81
[2018-08-13 06:09:30][debug] [sms]hongbao id:56
[2018-08-13 06:09:30][debug] [sms]page:81
[2018-08-13 06:09:30][debug] [sms]client IP:118.89.52.235
[2018-08-13 06:09:30][debug] [sms]start:1534111770
[2018-08-13 06:09:34][debug] [sms]all num:10
[2018-08-13 06:09:34][debug] [sms]run num:10
[2018-08-13 06:09:34][debug] [sms]ok num:9
[2018-08-13 06:09:34][debug] [sms]no num:0
[2018-08-13 06:09:34][debug] [sms]run time:4
[2018-08-13 06:09:34][debug] [sms]end:1534111774
[2018-08-13 06:09:34][debug] [sms]page:https://bbs.bivfw.top/plugin.php?id=tom_tchongbao:ajax&act=nitice_sms_hb_run&site=1&tongcheng_id=511&hongbao_id=56&page=82
[2018-08-13 06:09:34][debug] [sms]hongbao id:56
[2018-08-13 06:09:34][debug] [sms]page:82
[2018-08-13 06:09:34][debug] [sms]client IP:118.89.52.235
[2018-08-13 06:09:34][debug] [sms]start:1534111774
[2018-08-13 06:09:37][debug] [sms]all num:10
[2018-08-13 06:09:37][debug] [sms]run num:10
[2018-08-13 06:09:37][debug] [sms]ok num:6
[2018-08-13 06:09:37][debug] [sms]no num:0
[2018-08-13 06:09:37][debug] [sms]run time:3
[2018-08-13 06:09:37][debug] [sms]end:1534111777
[2018-08-13 06:09:37][debug] [sms]page:https://bbs.bivfw.top/plugin.php?id=tom_tchongbao:ajax&act=nitice_sms_hb_run&site=1&tongcheng_id=511&hongbao_id=56&page=83
[2018-08-13 06:09:38][debug] [sms]hongbao id:56
[2018-08-13 06:09:38][debug] [sms]page:83
[2018-08-13 06:09:38][debug] [sms]client IP:118.89.52.235
[2018-08-13 06:09:38][debug] [sms]start:1534111778
[2018-08-13 06:09:41][debug] [sms]all num:10
[2018-08-13 06:09:41][debug] [sms]run num:10
[2018-08-13 06:09:41][debug] [sms]ok num:1
[2018-08-13 06:09:41][debug] [sms]no num:0
[2018-08-13 06:09:41][debug] [sms]run time:3
[2018-08-13 06:09:41][debug] [sms]end:1534111781
[2018-08-13 06:09:41][debug] [sms]page:https://bbs.bivfw.top/plugin.php?id=tom_tchongbao:ajax&act=nitice_sms_hb_run&site=1&tongcheng_id=511&hongbao_id=56&page=84
[2018-08-13 06:09:41][debug] [sms]hongbao id:56
[2018-08-13 06:09:41][debug] [sms]page:84
[2018-08-13 06:09:41][debug] [sms]client IP:118.89.52.235
[2018-08-13 06:09:41][debug] [sms]start:1534111781
[2018-08-13 06:09:44][debug] [sms]all num:10
[2018-08-13 06:09:44][debug] [sms]run num:10
[2018-08-13 06:09:44][debug] [sms]ok num:1
[2018-08-13 06:09:44][debug] [sms]no num:0
[2018-08-13 06:09:44][debug] [sms]run time:3
[2018-08-13 06:09:44][debug] [sms]end:1534111784
[2018-08-13 06:09:44][debug] [sms]page:https://bbs.bivfw.top/plugin.php?id=tom_tchongbao:ajax&act=nitice_sms_hb_run&site=1&tongcheng_id=511&hongbao_id=56&page=85
[2018-08-13 06:09:44][debug] [sms]hongbao id:56
[2018-08-13 06:09:44][debug] [sms]page:85
[2018-08-13 06:09:44][debug] [sms]client IP:118.89.52.235
[2018-08-13 06:09:44][debug] [sms]start:1534111784
[2018-08-13 06:09:47][debug] [sms]all num:10
[2018-08-13 06:09:47][debug] [sms]run num:10
[2018-08-13 06:09:47][debug] [sms]ok num:0
[2018-08-13 06:09:47][debug] [sms]no num:0
[2018-08-13 06:09:47][debug] [sms]run time:3
[2018-08-13 06:09:47][debug] [sms]end:1534111787
[2018-08-13 06:09:47][debug] [sms]page:https://bbs.bivfw.top/plugin.php?id=tom_tchongbao:ajax&act=nitice_sms_hb_run&site=1&tongcheng_id=511&hongbao_id=56&page=86
[2018-08-13 06:09:47][debug] [sms]hongbao id:56
[2018-08-13 06:09:47][debug] [sms]page:86
[2018-08-13 06:09:47][debug] [sms]client IP:118.89.52.235
[2018-08-13 06:09:47][debug] [sms]start:1534111787
[2018-08-13 06:09:51][debug] [sms]all num:10
[2018-08-13 06:09:51][debug] [sms]run num:10
[2018-08-13 06:09:51][debug] [sms]ok num:0
[2018-08-13 06:09:51][debug] [sms]no num:0
[2018-08-13 06:09:51][debug] [sms]run time:4
[2018-08-13 06:09:51][debug] [sms]end:1534111791
[2018-08-13 06:09:51][debug] [sms]page:https://bbs.bivfw.top/plugin.php?id=tom_tchongbao:ajax&act=nitice_sms_hb_run&site=1&tongcheng_id=511&hongbao_id=56&page=87
[2018-08-13 06:09:51][debug] [sms]hongbao id:56
[2018-08-13 06:09:51][debug] [sms]page:87
[2018-08-13 06:09:51][debug] [sms]client IP:118.89.52.235
[2018-08-13 06:09:51][debug] [sms]start:1534111791
[2018-08-13 06:09:54][debug] [sms]all num:10
[2018-08-13 06:09:54][debug] [sms]run num:10
[2018-08-13 06:09:54][debug] [sms]ok num:1
[2018-08-13 06:09:54][debug] [sms]no num:0
[2018-08-13 06:09:54][debug] [sms]run time:3
[2018-08-13 06:09:54][debug] [sms]end:1534111794
[2018-08-13 06:09:54][debug] [sms]page:https://bbs.bivfw.top/plugin.php?id=tom_tchongbao:ajax&act=nitice_sms_hb_run&site=1&tongcheng_id=511&hongbao_id=56&page=88
[2018-08-13 06:09:54][debug] [sms]hongbao id:56
[2018-08-13 06:09:54][debug] [sms]page:88
[2018-08-13 06:09:54][debug] [sms]client IP:118.89.52.235
[2018-08-13 06:09:54][debug] [sms]start:1534111794
[2018-08-13 06:09:57][debug] [sms]all num:10
[2018-08-13 06:09:57][debug] [sms]run num:10
[2018-08-13 06:09:57][debug] [sms]ok num:6
[2018-08-13 06:09:57][debug] [sms]no num:0
[2018-08-13 06:09:57][debug] [sms]run time:3
[2018-08-13 06:09:57][debug] [sms]end:1534111797
[2018-08-13 06:09:57][debug] [sms]page:https://bbs.bivfw.top/plugin.php?id=tom_tchongbao:ajax&act=nitice_sms_hb_run&site=1&tongcheng_id=511&hongbao_id=56&page=89
[2018-08-13 06:09:58][debug] [sms]hongbao id:56
[2018-08-13 06:09:58][debug] [sms]page:89
[2018-08-13 06:09:58][debug] [sms]client IP:118.89.52.235
[2018-08-13 06:09:58][debug] [sms]start:1534111798
[2018-08-13 06:10:01][debug] [sms]all num:10
[2018-08-13 06:10:01][debug] [sms]run num:10
[2018-08-13 06:10:01][debug] [sms]ok num:4
[2018-08-13 06:10:01][debug] [sms]no num:0
[2018-08-13 06:10:01][debug] [sms]run time:3
[2018-08-13 06:10:01][debug] [sms]end:1534111801
[2018-08-13 06:10:01][debug] [sms]page:https://bbs.bivfw.top/plugin.php?id=tom_tchongbao:ajax&act=nitice_sms_hb_run&site=1&tongcheng_id=511&hongbao_id=56&page=90
[2018-08-13 06:10:01][debug] [sms]hongbao id:56
[2018-08-13 06:10:01][debug] [sms]page:90
[2018-08-13 06:10:01][debug] [sms]client IP:118.89.52.235
[2018-08-13 06:10:01][debug] [sms]start:1534111801
[2018-08-13 06:10:04][debug] [sms]all num:10
[2018-08-13 06:10:04][debug] [sms]run num:9
[2018-08-13 06:10:04][debug] [sms]ok num:1
[2018-08-13 06:10:04][debug] [sms]no num:0
[2018-08-13 06:10:04][debug] [sms]run time:3
[2018-08-13 06:10:04][debug] [sms]end:1534111804
[2018-08-13 06:10:04][debug] [sms]page:https://bbs.bivfw.top/plugin.php?id=tom_tchongbao:ajax&act=nitice_sms_hb_run&site=1&tongcheng_id=511&hongbao_id=56&page=91
[2018-08-13 06:10:04][debug] [sms]hongbao id:56
[2018-08-13 06:10:04][debug] [sms]page:91
[2018-08-13 06:10:04][debug] [sms]client IP:118.89.52.235
[2018-08-13 06:10:04][debug] [sms]start:1534111804
[2018-08-13 06:10:07][debug] [sms]all num:10
[2018-08-13 06:10:07][debug] [sms]run num:10
[2018-08-13 06:10:07][debug] [sms]ok num:3
[2018-08-13 06:10:07][debug] [sms]no num:0
[2018-08-13 06:10:07][debug] [sms]run time:3
[2018-08-13 06:10:07][debug] [sms]end:1534111807
[2018-08-13 06:10:07][debug] [sms]page:https://bbs.bivfw.top/plugin.php?id=tom_tchongbao:ajax&act=nitice_sms_hb_run&site=1&tongcheng_id=511&hongbao_id=56&page=92
[2018-08-13 06:10:08][debug] [sms]hongbao id:56
[2018-08-13 06:10:08][debug] [sms]page:92
[2018-08-13 06:10:08][debug] [sms]client IP:118.89.52.235
[2018-08-13 06:10:08][debug] [sms]start:1534111808
[2018-08-13 06:10:11][debug] [sms]all num:10
[2018-08-13 06:10:11][debug] [sms]run num:10
[2018-08-13 06:10:11][debug] [sms]ok num:2
[2018-08-13 06:10:11][debug] [sms]no num:0
[2018-08-13 06:10:11][debug] [sms]run time:3
[2018-08-13 06:10:11][debug] [sms]end:1534111811
[2018-08-13 06:10:11][debug] [sms]page:https://bbs.bivfw.top/plugin.php?id=tom_tchongbao:ajax&act=nitice_sms_hb_run&site=1&tongcheng_id=511&hongbao_id=56&page=93
[2018-08-13 06:10:11][debug] [sms]hongbao id:56
[2018-08-13 06:10:11][debug] [sms]page:93
[2018-08-13 06:10:11][debug] [sms]client IP:118.89.52.235
[2018-08-13 06:10:11][debug] [sms]start:1534111811
[2018-08-13 06:10:14][debug] [sms]all num:10
[2018-08-13 06:10:14][debug] [sms]run num:10
[2018-08-13 06:10:14][debug] [sms]ok num:5
[2018-08-13 06:10:14][debug] [sms]no num:0
[2018-08-13 06:10:14][debug] [sms]run time:3
[2018-08-13 06:10:14][debug] [sms]end:1534111814
[2018-08-13 06:10:14][debug] [sms]page:https://bbs.bivfw.top/plugin.php?id=tom_tchongbao:ajax&act=nitice_sms_hb_run&site=1&tongcheng_id=511&hongbao_id=56&page=94
[2018-08-13 06:10:14][debug] [sms]hongbao id:56
[2018-08-13 06:10:14][debug] [sms]page:94
[2018-08-13 06:10:14][debug] [sms]client IP:118.89.52.235
[2018-08-13 06:10:14][debug] [sms]start:1534111814
[2018-08-13 06:10:18][debug] [sms]all num:10
[2018-08-13 06:10:18][debug] [sms]run num:10
[2018-08-13 06:10:18][debug] [sms]ok num:8
[2018-08-13 06:10:18][debug] [sms]no num:0
[2018-08-13 06:10:18][debug] [sms]run time:4
[2018-08-13 06:10:18][debug] [sms]end:1534111818
[2018-08-13 06:10:18][debug] [sms]page:https://bbs.bivfw.top/plugin.php?id=tom_tchongbao:ajax&act=nitice_sms_hb_run&site=1&tongcheng_id=511&hongbao_id=56&page=95
[2018-08-13 06:10:18][debug] [sms]hongbao id:56
[2018-08-13 06:10:18][debug] [sms]page:95
[2018-08-13 06:10:18][debug] [sms]client IP:118.89.52.235
[2018-08-13 06:10:18][debug] [sms]start:1534111818
[2018-08-13 06:10:21][debug] [sms]all num:10
[2018-08-13 06:10:21][debug] [sms]run num:10
[2018-08-13 06:10:21][debug] [sms]ok num:5
[2018-08-13 06:10:21][debug] [sms]no num:0
[2018-08-13 06:10:21][debug] [sms]run time:3
[2018-08-13 06:10:21][debug] [sms]end:1534111821
[2018-08-13 06:10:21][debug] [sms]page:https://bbs.bivfw.top/plugin.php?id=tom_tchongbao:ajax&act=nitice_sms_hb_run&site=1&tongcheng_id=511&hongbao_id=56&page=96
[2018-08-13 06:10:21][debug] [sms]hongbao id:56
[2018-08-13 06:10:21][debug] [sms]page:96
[2018-08-13 06:10:21][debug] [sms]client IP:118.89.52.235
[2018-08-13 06:10:21][debug] [sms]start:1534111821
[2018-08-13 06:10:24][debug] [sms]all num:10
[2018-08-13 06:10:24][debug] [sms]run num:10
[2018-08-13 06:10:24][debug] [sms]ok num:1
[2018-08-13 06:10:24][debug] [sms]no num:0
[2018-08-13 06:10:24][debug] [sms]run time:3
[2018-08-13 06:10:24][debug] [sms]end:1534111824
[2018-08-13 06:10:24][debug] [sms]page:https://bbs.bivfw.top/plugin.php?id=tom_tchongbao:ajax&act=nitice_sms_hb_run&site=1&tongcheng_id=511&hongbao_id=56&page=97
[2018-08-13 06:10:24][debug] [sms]hongbao id:56
[2018-08-13 06:10:24][debug] [sms]page:97
[2018-08-13 06:10:24][debug] [sms]client IP:118.89.52.235
[2018-08-13 06:10:24][debug] [sms]start:1534111824
[2018-08-13 06:10:27][debug] [sms]all num:10
[2018-08-13 06:10:27][debug] [sms]run num:10
[2018-08-13 06:10:27][debug] [sms]ok num:1
[2018-08-13 06:10:27][debug] [sms]no num:0
[2018-08-13 06:10:27][debug] [sms]run time:3
[2018-08-13 06:10:27][debug] [sms]end:1534111827
[2018-08-13 06:10:27][debug] [sms]page:https://bbs.bivfw.top/plugin.php?id=tom_tchongbao:ajax&act=nitice_sms_hb_run&site=1&tongcheng_id=511&hongbao_id=56&page=98
[2018-08-13 06:10:28][debug] [sms]hongbao id:56
[2018-08-13 06:10:28][debug] [sms]page:98
[2018-08-13 06:10:28][debug] [sms]client IP:118.89.52.235
[2018-08-13 06:10:28][debug] [sms]start:1534111828
[2018-08-13 06:10:31][debug] [sms]all num:10
[2018-08-13 06:10:31][debug] [sms]run num:10
[2018-08-13 06:10:31][debug] [sms]ok num:0
[2018-08-13 06:10:31][debug] [sms]no num:0
[2018-08-13 06:10:31][debug] [sms]run time:3
[2018-08-13 06:10:31][debug] [sms]end:1534111831
[2018-08-13 06:10:31][debug] [sms]page:https://bbs.bivfw.top/plugin.php?id=tom_tchongbao:ajax&act=nitice_sms_hb_run&site=1&tongcheng_id=511&hongbao_id=56&page=99
[2018-08-13 06:10:31][debug] [sms]hongbao id:56
[2018-08-13 06:10:31][debug] [sms]page:99
[2018-08-13 06:10:31][debug] [sms]client IP:118.89.52.235
[2018-08-13 06:10:31][debug] [sms]start:1534111831
[2018-08-13 06:10:34][debug] [sms]all num:10
[2018-08-13 06:10:34][debug] [sms]run num:10
[2018-08-13 06:10:34][debug] [sms]ok num:2
[2018-08-13 06:10:34][debug] [sms]no num:0
[2018-08-13 06:10:34][debug] [sms]run time:3
[2018-08-13 06:10:34][debug] [sms]end:1534111834
[2018-08-13 06:10:34][debug] [sms]page:https://bbs.bivfw.top/plugin.php?id=tom_tchongbao:ajax&act=nitice_sms_hb_run&site=1&tongcheng_id=511&hongbao_id=56&page=100
[2018-08-13 06:10:34][debug] [sms]hongbao id:56
[2018-08-13 06:10:34][debug] [sms]page:100
[2018-08-13 06:10:34][debug] [sms]client IP:118.89.52.235
[2018-08-13 06:10:34][debug] [sms]start:1534111834
[2018-08-13 06:10:37][debug] [sms]all num:10
[2018-08-13 06:10:37][debug] [sms]run num:10
[2018-08-13 06:10:37][debug] [sms]ok num:1
[2018-08-13 06:10:37][debug] [sms]no num:0
[2018-08-13 06:10:37][debug] [sms]run time:3
[2018-08-13 06:10:37][debug] [sms]end:1534111837
[2018-08-13 06:10:37][debug] [sms]page:https://bbs.bivfw.top/plugin.php?id=tom_tchongbao:ajax&act=nitice_sms_hb_run&site=1&tongcheng_id=511&hongbao_id=56&page=101
[2018-08-13 06:10:37][debug] [sms]--------------------- over 101 -------------------------
