[2018-08-28 21:05:29][debug] [sms]--------------------- new -------------------------
[2018-08-28 21:05:29][debug] [sms]hongbao id:57
[2018-08-28 21:05:29][debug] [sms]page:1
[2018-08-28 21:05:29][debug] [sms]client IP:118.89.52.235
[2018-08-28 21:05:29][debug] [sms]start:1535461529
[2018-08-28 21:05:33][debug] [sms]all num:10
[2018-08-28 21:05:33][debug] [sms]run num:10
[2018-08-28 21:05:33][debug] [sms]ok num:10
[2018-08-28 21:05:33][debug] [sms]no num:0
[2018-08-28 21:05:33][debug] [sms]run time:4
[2018-08-28 21:05:33][debug] [sms]end:1535461533
[2018-08-28 21:05:33][debug] [sms]page:https://bbs.bivfw.top/plugin.php?id=tom_tchongbao:ajax&act=nitice_sms_hb_run&site=1&tongcheng_id=533&hongbao_id=57&page=2
[2018-08-28 21:05:33][debug] [sms]hongbao id:57
[2018-08-28 21:05:33][debug] [sms]page:2
[2018-08-28 21:05:33][debug] [sms]client IP:118.89.52.235
[2018-08-28 21:05:33][debug] [sms]start:1535461533
[2018-08-28 21:05:37][debug] [sms]all num:10
[2018-08-28 21:05:37][debug] [sms]run num:10
[2018-08-28 21:05:37][debug] [sms]ok num:6
[2018-08-28 21:05:37][debug] [sms]no num:0
[2018-08-28 21:05:37][debug] [sms]run time:4
[2018-08-28 21:05:37][debug] [sms]end:1535461537
[2018-08-28 21:05:37][debug] [sms]page:https://bbs.bivfw.top/plugin.php?id=tom_tchongbao:ajax&act=nitice_sms_hb_run&site=1&tongcheng_id=533&hongbao_id=57&page=3
[2018-08-28 21:05:37][debug] [sms]hongbao id:57
[2018-08-28 21:05:37][debug] [sms]page:3
[2018-08-28 21:05:37][debug] [sms]client IP:118.89.52.235
[2018-08-28 21:05:37][debug] [sms]start:1535461537
[2018-08-28 21:05:40][debug] [sms]all num:10
[2018-08-28 21:05:40][debug] [sms]run num:10
[2018-08-28 21:05:40][debug] [sms]ok num:8
[2018-08-28 21:05:40][debug] [sms]no num:0
[2018-08-28 21:05:40][debug] [sms]run time:3
[2018-08-28 21:05:40][debug] [sms]end:1535461540
[2018-08-28 21:05:40][debug] [sms]page:https://bbs.bivfw.top/plugin.php?id=tom_tchongbao:ajax&act=nitice_sms_hb_run&site=1&tongcheng_id=533&hongbao_id=57&page=4
[2018-08-28 21:05:40][debug] [sms]hongbao id:57
[2018-08-28 21:05:40][debug] [sms]page:4
[2018-08-28 21:05:40][debug] [sms]client IP:118.89.52.235
[2018-08-28 21:05:40][debug] [sms]start:1535461540
[2018-08-28 21:05:43][debug] [sms]all num:10
[2018-08-28 21:05:43][debug] [sms]run num:10
[2018-08-28 21:05:43][debug] [sms]ok num:6
[2018-08-28 21:05:43][debug] [sms]no num:0
[2018-08-28 21:05:43][debug] [sms]run time:3
[2018-08-28 21:05:43][debug] [sms]end:1535461543
[2018-08-28 21:05:43][debug] [sms]page:https://bbs.bivfw.top/plugin.php?id=tom_tchongbao:ajax&act=nitice_sms_hb_run&site=1&tongcheng_id=533&hongbao_id=57&page=5
[2018-08-28 21:05:43][debug] [sms]hongbao id:57
[2018-08-28 21:05:43][debug] [sms]page:5
[2018-08-28 21:05:43][debug] [sms]client IP:118.89.52.235
[2018-08-28 21:05:43][debug] [sms]start:1535461543
[2018-08-28 21:05:46][debug] [sms]all num:10
[2018-08-28 21:05:46][debug] [sms]run num:10
[2018-08-28 21:05:46][debug] [sms]ok num:9
[2018-08-28 21:05:46][debug] [sms]no num:0
[2018-08-28 21:05:46][debug] [sms]run time:3
[2018-08-28 21:05:46][debug] [sms]end:1535461546
[2018-08-28 21:05:46][debug] [sms]page:https://bbs.bivfw.top/plugin.php?id=tom_tchongbao:ajax&act=nitice_sms_hb_run&site=1&tongcheng_id=533&hongbao_id=57&page=6
[2018-08-28 21:05:47][debug] [sms]hongbao id:57
[2018-08-28 21:05:47][debug] [sms]page:6
[2018-08-28 21:05:47][debug] [sms]client IP:118.89.52.235
[2018-08-28 21:05:47][debug] [sms]start:1535461547
[2018-08-28 21:05:50][debug] [sms]all num:10
[2018-08-28 21:05:50][debug] [sms]run num:10
[2018-08-28 21:05:50][debug] [sms]ok num:6
[2018-08-28 21:05:50][debug] [sms]no num:0
[2018-08-28 21:05:50][debug] [sms]run time:3
[2018-08-28 21:05:50][debug] [sms]end:1535461550
[2018-08-28 21:05:50][debug] [sms]page:https://bbs.bivfw.top/plugin.php?id=tom_tchongbao:ajax&act=nitice_sms_hb_run&site=1&tongcheng_id=533&hongbao_id=57&page=7
[2018-08-28 21:05:50][debug] [sms]hongbao id:57
[2018-08-28 21:05:50][debug] [sms]page:7
[2018-08-28 21:05:50][debug] [sms]client IP:118.89.52.235
[2018-08-28 21:05:50][debug] [sms]start:1535461550
[2018-08-28 21:05:53][debug] [sms]all num:10
[2018-08-28 21:05:53][debug] [sms]run num:10
[2018-08-28 21:05:53][debug] [sms]ok num:8
[2018-08-28 21:05:53][debug] [sms]no num:0
[2018-08-28 21:05:53][debug] [sms]run time:3
[2018-08-28 21:05:53][debug] [sms]end:1535461553
[2018-08-28 21:05:53][debug] [sms]page:https://bbs.bivfw.top/plugin.php?id=tom_tchongbao:ajax&act=nitice_sms_hb_run&site=1&tongcheng_id=533&hongbao_id=57&page=8
[2018-08-28 21:05:53][debug] [sms]hongbao id:57
[2018-08-28 21:05:53][debug] [sms]page:8
[2018-08-28 21:05:53][debug] [sms]client IP:118.89.52.235
[2018-08-28 21:05:53][debug] [sms]start:1535461553
[2018-08-28 21:05:56][debug] [sms]all num:10
[2018-08-28 21:05:56][debug] [sms]run num:10
[2018-08-28 21:05:56][debug] [sms]ok num:8
[2018-08-28 21:05:56][debug] [sms]no num:0
[2018-08-28 21:05:56][debug] [sms]run time:3
[2018-08-28 21:05:56][debug] [sms]end:1535461556
[2018-08-28 21:05:56][debug] [sms]page:https://bbs.bivfw.top/plugin.php?id=tom_tchongbao:ajax&act=nitice_sms_hb_run&site=1&tongcheng_id=533&hongbao_id=57&page=9
[2018-08-28 21:05:56][debug] [sms]hongbao id:57
[2018-08-28 21:05:56][debug] [sms]page:9
[2018-08-28 21:05:56][debug] [sms]client IP:118.89.52.235
[2018-08-28 21:05:56][debug] [sms]start:1535461556
[2018-08-28 21:06:00][debug] [sms]all num:10
[2018-08-28 21:06:00][debug] [sms]run num:10
[2018-08-28 21:06:00][debug] [sms]ok num:5
[2018-08-28 21:06:00][debug] [sms]no num:0
[2018-08-28 21:06:00][debug] [sms]run time:4
[2018-08-28 21:06:00][debug] [sms]end:1535461560
[2018-08-28 21:06:00][debug] [sms]page:https://bbs.bivfw.top/plugin.php?id=tom_tchongbao:ajax&act=nitice_sms_hb_run&site=1&tongcheng_id=533&hongbao_id=57&page=10
[2018-08-28 21:06:00][debug] [sms]hongbao id:57
[2018-08-28 21:06:00][debug] [sms]page:10
[2018-08-28 21:06:00][debug] [sms]client IP:118.89.52.235
[2018-08-28 21:06:00][debug] [sms]start:1535461560
[2018-08-28 21:06:03][debug] [sms]all num:10
[2018-08-28 21:06:03][debug] [sms]run num:10
[2018-08-28 21:06:03][debug] [sms]ok num:6
[2018-08-28 21:06:03][debug] [sms]no num:0
[2018-08-28 21:06:03][debug] [sms]run time:3
[2018-08-28 21:06:03][debug] [sms]end:1535461563
[2018-08-28 21:06:03][debug] [sms]page:https://bbs.bivfw.top/plugin.php?id=tom_tchongbao:ajax&act=nitice_sms_hb_run&site=1&tongcheng_id=533&hongbao_id=57&page=11
[2018-08-28 21:06:03][debug] [sms]hongbao id:57
[2018-08-28 21:06:03][debug] [sms]page:11
[2018-08-28 21:06:03][debug] [sms]client IP:118.89.52.235
[2018-08-28 21:06:03][debug] [sms]start:1535461563
[2018-08-28 21:06:06][debug] [sms]all num:10
[2018-08-28 21:06:06][debug] [sms]run num:10
[2018-08-28 21:06:06][debug] [sms]ok num:9
[2018-08-28 21:06:06][debug] [sms]no num:0
[2018-08-28 21:06:06][debug] [sms]run time:3
[2018-08-28 21:06:06][debug] [sms]end:1535461566
[2018-08-28 21:06:06][debug] [sms]page:https://bbs.bivfw.top/plugin.php?id=tom_tchongbao:ajax&act=nitice_sms_hb_run&site=1&tongcheng_id=533&hongbao_id=57&page=12
[2018-08-28 21:06:06][debug] [sms]hongbao id:57
[2018-08-28 21:06:06][debug] [sms]page:12
[2018-08-28 21:06:06][debug] [sms]client IP:118.89.52.235
[2018-08-28 21:06:06][debug] [sms]start:1535461566
[2018-08-28 21:06:09][debug] [sms]all num:10
[2018-08-28 21:06:09][debug] [sms]run num:10
[2018-08-28 21:06:09][debug] [sms]ok num:5
[2018-08-28 21:06:09][debug] [sms]no num:0
[2018-08-28 21:06:09][debug] [sms]run time:3
[2018-08-28 21:06:09][debug] [sms]end:1535461569
[2018-08-28 21:06:09][debug] [sms]page:https://bbs.bivfw.top/plugin.php?id=tom_tchongbao:ajax&act=nitice_sms_hb_run&site=1&tongcheng_id=533&hongbao_id=57&page=13
[2018-08-28 21:06:10][debug] [sms]hongbao id:57
[2018-08-28 21:06:10][debug] [sms]page:13
[2018-08-28 21:06:10][debug] [sms]client IP:118.89.52.235
[2018-08-28 21:06:10][debug] [sms]start:1535461570
[2018-08-28 21:06:13][debug] [sms]all num:10
[2018-08-28 21:06:13][debug] [sms]run num:10
[2018-08-28 21:06:13][debug] [sms]ok num:8
[2018-08-28 21:06:13][debug] [sms]no num:0
[2018-08-28 21:06:13][debug] [sms]run time:3
[2018-08-28 21:06:13][debug] [sms]end:1535461573
[2018-08-28 21:06:13][debug] [sms]page:https://bbs.bivfw.top/plugin.php?id=tom_tchongbao:ajax&act=nitice_sms_hb_run&site=1&tongcheng_id=533&hongbao_id=57&page=14
[2018-08-28 21:06:13][debug] [sms]hongbao id:57
[2018-08-28 21:06:13][debug] [sms]page:14
[2018-08-28 21:06:13][debug] [sms]client IP:118.89.52.235
[2018-08-28 21:06:13][debug] [sms]start:1535461573
[2018-08-28 21:06:16][debug] [sms]all num:10
[2018-08-28 21:06:16][debug] [sms]run num:10
[2018-08-28 21:06:16][debug] [sms]ok num:7
[2018-08-28 21:06:16][debug] [sms]no num:0
[2018-08-28 21:06:16][debug] [sms]run time:3
[2018-08-28 21:06:16][debug] [sms]end:1535461576
[2018-08-28 21:06:16][debug] [sms]page:https://bbs.bivfw.top/plugin.php?id=tom_tchongbao:ajax&act=nitice_sms_hb_run&site=1&tongcheng_id=533&hongbao_id=57&page=15
[2018-08-28 21:06:16][debug] [sms]hongbao id:57
[2018-08-28 21:06:16][debug] [sms]page:15
[2018-08-28 21:06:16][debug] [sms]client IP:118.89.52.235
[2018-08-28 21:06:16][debug] [sms]start:1535461576
[2018-08-28 21:06:19][debug] [sms]all num:10
[2018-08-28 21:06:19][debug] [sms]run num:10
[2018-08-28 21:06:19][debug] [sms]ok num:4
[2018-08-28 21:06:19][debug] [sms]no num:0
[2018-08-28 21:06:19][debug] [sms]run time:3
[2018-08-28 21:06:19][debug] [sms]end:1535461579
[2018-08-28 21:06:19][debug] [sms]page:https://bbs.bivfw.top/plugin.php?id=tom_tchongbao:ajax&act=nitice_sms_hb_run&site=1&tongcheng_id=533&hongbao_id=57&page=16
[2018-08-28 21:06:19][debug] [sms]hongbao id:57
[2018-08-28 21:06:19][debug] [sms]page:16
[2018-08-28 21:06:19][debug] [sms]client IP:118.89.52.235
[2018-08-28 21:06:19][debug] [sms]start:1535461579
[2018-08-28 21:06:22][debug] [sms]all num:10
[2018-08-28 21:06:22][debug] [sms]run num:10
[2018-08-28 21:06:22][debug] [sms]ok num:6
[2018-08-28 21:06:22][debug] [sms]no num:0
[2018-08-28 21:06:22][debug] [sms]run time:3
[2018-08-28 21:06:22][debug] [sms]end:1535461582
[2018-08-28 21:06:22][debug] [sms]page:https://bbs.bivfw.top/plugin.php?id=tom_tchongbao:ajax&act=nitice_sms_hb_run&site=1&tongcheng_id=533&hongbao_id=57&page=17
[2018-08-28 21:06:23][debug] [sms]hongbao id:57
[2018-08-28 21:06:23][debug] [sms]page:17
[2018-08-28 21:06:23][debug] [sms]client IP:118.89.52.235
[2018-08-28 21:06:23][debug] [sms]start:1535461583
[2018-08-28 21:06:26][debug] [sms]all num:10
[2018-08-28 21:06:26][debug] [sms]run num:10
[2018-08-28 21:06:26][debug] [sms]ok num:8
[2018-08-28 21:06:26][debug] [sms]no num:0
[2018-08-28 21:06:26][debug] [sms]run time:3
[2018-08-28 21:06:26][debug] [sms]end:1535461586
[2018-08-28 21:06:26][debug] [sms]page:https://bbs.bivfw.top/plugin.php?id=tom_tchongbao:ajax&act=nitice_sms_hb_run&site=1&tongcheng_id=533&hongbao_id=57&page=18
[2018-08-28 21:06:26][debug] [sms]hongbao id:57
[2018-08-28 21:06:26][debug] [sms]page:18
[2018-08-28 21:06:26][debug] [sms]client IP:118.89.52.235
[2018-08-28 21:06:26][debug] [sms]start:1535461586
[2018-08-28 21:06:29][debug] [sms]all num:10
[2018-08-28 21:06:29][debug] [sms]run num:10
[2018-08-28 21:06:29][debug] [sms]ok num:7
[2018-08-28 21:06:29][debug] [sms]no num:0
[2018-08-28 21:06:29][debug] [sms]run time:3
[2018-08-28 21:06:29][debug] [sms]end:1535461589
[2018-08-28 21:06:29][debug] [sms]page:https://bbs.bivfw.top/plugin.php?id=tom_tchongbao:ajax&act=nitice_sms_hb_run&site=1&tongcheng_id=533&hongbao_id=57&page=19
[2018-08-28 21:06:29][debug] [sms]hongbao id:57
[2018-08-28 21:06:29][debug] [sms]page:19
[2018-08-28 21:06:29][debug] [sms]client IP:118.89.52.235
[2018-08-28 21:06:29][debug] [sms]start:1535461589
[2018-08-28 21:06:32][debug] [sms]all num:10
[2018-08-28 21:06:32][debug] [sms]run num:10
[2018-08-28 21:06:32][debug] [sms]ok num:7
[2018-08-28 21:06:32][debug] [sms]no num:0
[2018-08-28 21:06:32][debug] [sms]run time:3
[2018-08-28 21:06:32][debug] [sms]end:1535461592
[2018-08-28 21:06:32][debug] [sms]page:https://bbs.bivfw.top/plugin.php?id=tom_tchongbao:ajax&act=nitice_sms_hb_run&site=1&tongcheng_id=533&hongbao_id=57&page=20
[2018-08-28 21:06:33][debug] [sms]hongbao id:57
[2018-08-28 21:06:33][debug] [sms]page:20
[2018-08-28 21:06:33][debug] [sms]client IP:118.89.52.235
[2018-08-28 21:06:33][debug] [sms]start:1535461593
[2018-08-28 21:06:36][debug] [sms]all num:10
[2018-08-28 21:06:36][debug] [sms]run num:10
[2018-08-28 21:06:36][debug] [sms]ok num:7
[2018-08-28 21:06:36][debug] [sms]no num:0
[2018-08-28 21:06:36][debug] [sms]run time:3
[2018-08-28 21:06:36][debug] [sms]end:1535461596
[2018-08-28 21:06:36][debug] [sms]page:https://bbs.bivfw.top/plugin.php?id=tom_tchongbao:ajax&act=nitice_sms_hb_run&site=1&tongcheng_id=533&hongbao_id=57&page=21
[2018-08-28 21:06:36][debug] [sms]hongbao id:57
[2018-08-28 21:06:36][debug] [sms]page:21
[2018-08-28 21:06:36][debug] [sms]client IP:118.89.52.235
[2018-08-28 21:06:36][debug] [sms]start:1535461596
[2018-08-28 21:06:39][debug] [sms]all num:10
[2018-08-28 21:06:39][debug] [sms]run num:10
[2018-08-28 21:06:39][debug] [sms]ok num:8
[2018-08-28 21:06:39][debug] [sms]no num:0
[2018-08-28 21:06:39][debug] [sms]run time:3
[2018-08-28 21:06:39][debug] [sms]end:1535461599
[2018-08-28 21:06:39][debug] [sms]page:https://bbs.bivfw.top/plugin.php?id=tom_tchongbao:ajax&act=nitice_sms_hb_run&site=1&tongcheng_id=533&hongbao_id=57&page=22
[2018-08-28 21:06:39][debug] [sms]hongbao id:57
[2018-08-28 21:06:39][debug] [sms]page:22
[2018-08-28 21:06:39][debug] [sms]client IP:118.89.52.235
[2018-08-28 21:06:39][debug] [sms]start:1535461599
[2018-08-28 21:06:42][debug] [sms]all num:10
[2018-08-28 21:06:42][debug] [sms]run num:10
[2018-08-28 21:06:42][debug] [sms]ok num:4
[2018-08-28 21:06:42][debug] [sms]no num:0
[2018-08-28 21:06:42][debug] [sms]run time:3
[2018-08-28 21:06:42][debug] [sms]end:1535461602
[2018-08-28 21:06:42][debug] [sms]page:https://bbs.bivfw.top/plugin.php?id=tom_tchongbao:ajax&act=nitice_sms_hb_run&site=1&tongcheng_id=533&hongbao_id=57&page=23
[2018-08-28 21:06:42][debug] [sms]hongbao id:57
[2018-08-28 21:06:42][debug] [sms]page:23
[2018-08-28 21:06:42][debug] [sms]client IP:118.89.52.235
[2018-08-28 21:06:42][debug] [sms]start:1535461602
[2018-08-28 21:06:45][debug] [sms]all num:10
[2018-08-28 21:06:45][debug] [sms]run num:10
[2018-08-28 21:06:45][debug] [sms]ok num:8
[2018-08-28 21:06:45][debug] [sms]no num:0
[2018-08-28 21:06:45][debug] [sms]run time:3
[2018-08-28 21:06:45][debug] [sms]end:1535461605
[2018-08-28 21:06:45][debug] [sms]page:https://bbs.bivfw.top/plugin.php?id=tom_tchongbao:ajax&act=nitice_sms_hb_run&site=1&tongcheng_id=533&hongbao_id=57&page=24
[2018-08-28 21:06:45][debug] [sms]hongbao id:57
[2018-08-28 21:06:45][debug] [sms]page:24
[2018-08-28 21:06:45][debug] [sms]client IP:118.89.52.235
[2018-08-28 21:06:45][debug] [sms]start:1535461605
[2018-08-28 21:06:48][debug] [sms]all num:10
[2018-08-28 21:06:48][debug] [sms]run num:10
[2018-08-28 21:06:48][debug] [sms]ok num:8
[2018-08-28 21:06:48][debug] [sms]no num:0
[2018-08-28 21:06:48][debug] [sms]run time:3
[2018-08-28 21:06:48][debug] [sms]end:1535461608
[2018-08-28 21:06:48][debug] [sms]page:https://bbs.bivfw.top/plugin.php?id=tom_tchongbao:ajax&act=nitice_sms_hb_run&site=1&tongcheng_id=533&hongbao_id=57&page=25
[2018-08-28 21:06:49][debug] [sms]hongbao id:57
[2018-08-28 21:06:49][debug] [sms]page:25
[2018-08-28 21:06:49][debug] [sms]client IP:118.89.52.235
[2018-08-28 21:06:49][debug] [sms]start:1535461609
[2018-08-28 21:06:52][debug] [sms]all num:10
[2018-08-28 21:06:52][debug] [sms]run num:10
[2018-08-28 21:06:52][debug] [sms]ok num:7
[2018-08-28 21:06:52][debug] [sms]no num:0
[2018-08-28 21:06:52][debug] [sms]run time:3
[2018-08-28 21:06:52][debug] [sms]end:1535461612
[2018-08-28 21:06:52][debug] [sms]page:https://bbs.bivfw.top/plugin.php?id=tom_tchongbao:ajax&act=nitice_sms_hb_run&site=1&tongcheng_id=533&hongbao_id=57&page=26
[2018-08-28 21:06:52][debug] [sms]hongbao id:57
[2018-08-28 21:06:52][debug] [sms]page:26
[2018-08-28 21:06:52][debug] [sms]client IP:118.89.52.235
[2018-08-28 21:06:52][debug] [sms]start:1535461612
[2018-08-28 21:06:55][debug] [sms]all num:10
[2018-08-28 21:06:55][debug] [sms]run num:10
[2018-08-28 21:06:55][debug] [sms]ok num:9
[2018-08-28 21:06:55][debug] [sms]no num:0
[2018-08-28 21:06:55][debug] [sms]run time:3
[2018-08-28 21:06:55][debug] [sms]end:1535461615
[2018-08-28 21:06:55][debug] [sms]page:https://bbs.bivfw.top/plugin.php?id=tom_tchongbao:ajax&act=nitice_sms_hb_run&site=1&tongcheng_id=533&hongbao_id=57&page=27
[2018-08-28 21:06:55][debug] [sms]hongbao id:57
[2018-08-28 21:06:55][debug] [sms]page:27
[2018-08-28 21:06:55][debug] [sms]client IP:118.89.52.235
[2018-08-28 21:06:55][debug] [sms]start:1535461615
[2018-08-28 21:06:59][debug] [sms]all num:10
[2018-08-28 21:06:59][debug] [sms]run num:10
[2018-08-28 21:06:59][debug] [sms]ok num:10
[2018-08-28 21:06:59][debug] [sms]no num:0
[2018-08-28 21:06:59][debug] [sms]run time:4
[2018-08-28 21:06:59][debug] [sms]end:1535461619
[2018-08-28 21:06:59][debug] [sms]page:https://bbs.bivfw.top/plugin.php?id=tom_tchongbao:ajax&act=nitice_sms_hb_run&site=1&tongcheng_id=533&hongbao_id=57&page=28
[2018-08-28 21:06:59][debug] [sms]hongbao id:57
[2018-08-28 21:06:59][debug] [sms]page:28
[2018-08-28 21:06:59][debug] [sms]client IP:118.89.52.235
[2018-08-28 21:06:59][debug] [sms]start:1535461619
[2018-08-28 21:07:02][debug] [sms]all num:10
[2018-08-28 21:07:02][debug] [sms]run num:10
[2018-08-28 21:07:02][debug] [sms]ok num:10
[2018-08-28 21:07:02][debug] [sms]no num:0
[2018-08-28 21:07:02][debug] [sms]run time:3
[2018-08-28 21:07:02][debug] [sms]end:1535461622
[2018-08-28 21:07:02][debug] [sms]page:https://bbs.bivfw.top/plugin.php?id=tom_tchongbao:ajax&act=nitice_sms_hb_run&site=1&tongcheng_id=533&hongbao_id=57&page=29
[2018-08-28 21:07:02][debug] [sms]hongbao id:57
[2018-08-28 21:07:02][debug] [sms]page:29
[2018-08-28 21:07:02][debug] [sms]client IP:118.89.52.235
[2018-08-28 21:07:02][debug] [sms]start:1535461622
[2018-08-28 21:07:05][debug] [sms]all num:10
[2018-08-28 21:07:05][debug] [sms]run num:10
[2018-08-28 21:07:05][debug] [sms]ok num:9
[2018-08-28 21:07:05][debug] [sms]no num:0
[2018-08-28 21:07:05][debug] [sms]run time:3
[2018-08-28 21:07:05][debug] [sms]end:1535461625
[2018-08-28 21:07:05][debug] [sms]page:https://bbs.bivfw.top/plugin.php?id=tom_tchongbao:ajax&act=nitice_sms_hb_run&site=1&tongcheng_id=533&hongbao_id=57&page=30
[2018-08-28 21:07:06][debug] [sms]hongbao id:57
[2018-08-28 21:07:06][debug] [sms]page:30
[2018-08-28 21:07:06][debug] [sms]client IP:118.89.52.235
[2018-08-28 21:07:06][debug] [sms]start:1535461626
[2018-08-28 21:07:09][debug] [sms]all num:10
[2018-08-28 21:07:09][debug] [sms]run num:10
[2018-08-28 21:07:09][debug] [sms]ok num:9
[2018-08-28 21:07:09][debug] [sms]no num:0
[2018-08-28 21:07:09][debug] [sms]run time:3
[2018-08-28 21:07:09][debug] [sms]end:1535461629
[2018-08-28 21:07:09][debug] [sms]page:https://bbs.bivfw.top/plugin.php?id=tom_tchongbao:ajax&act=nitice_sms_hb_run&site=1&tongcheng_id=533&hongbao_id=57&page=31
[2018-08-28 21:07:09][debug] [sms]hongbao id:57
[2018-08-28 21:07:09][debug] [sms]page:31
[2018-08-28 21:07:09][debug] [sms]client IP:118.89.52.235
[2018-08-28 21:07:09][debug] [sms]start:1535461629
[2018-08-28 21:07:12][debug] [sms]all num:10
[2018-08-28 21:07:12][debug] [sms]run num:10
[2018-08-28 21:07:12][debug] [sms]ok num:10
[2018-08-28 21:07:12][debug] [sms]no num:0
[2018-08-28 21:07:12][debug] [sms]run time:3
[2018-08-28 21:07:12][debug] [sms]end:1535461632
[2018-08-28 21:07:12][debug] [sms]page:https://bbs.bivfw.top/plugin.php?id=tom_tchongbao:ajax&act=nitice_sms_hb_run&site=1&tongcheng_id=533&hongbao_id=57&page=32
[2018-08-28 21:07:12][debug] [sms]hongbao id:57
[2018-08-28 21:07:12][debug] [sms]page:32
[2018-08-28 21:07:12][debug] [sms]client IP:118.89.52.235
[2018-08-28 21:07:12][debug] [sms]start:1535461632
[2018-08-28 21:07:15][debug] [sms]all num:10
[2018-08-28 21:07:15][debug] [sms]run num:10
[2018-08-28 21:07:15][debug] [sms]ok num:9
[2018-08-28 21:07:15][debug] [sms]no num:0
[2018-08-28 21:07:15][debug] [sms]run time:3
[2018-08-28 21:07:15][debug] [sms]end:1535461635
[2018-08-28 21:07:15][debug] [sms]page:https://bbs.bivfw.top/plugin.php?id=tom_tchongbao:ajax&act=nitice_sms_hb_run&site=1&tongcheng_id=533&hongbao_id=57&page=33
[2018-08-28 21:07:15][debug] [sms]hongbao id:57
[2018-08-28 21:07:15][debug] [sms]page:33
[2018-08-28 21:07:15][debug] [sms]client IP:118.89.52.235
[2018-08-28 21:07:15][debug] [sms]start:1535461635
[2018-08-28 21:07:18][debug] [sms]all num:10
[2018-08-28 21:07:18][debug] [sms]run num:10
[2018-08-28 21:07:18][debug] [sms]ok num:10
[2018-08-28 21:07:18][debug] [sms]no num:0
[2018-08-28 21:07:18][debug] [sms]run time:3
[2018-08-28 21:07:18][debug] [sms]end:1535461638
[2018-08-28 21:07:18][debug] [sms]page:https://bbs.bivfw.top/plugin.php?id=tom_tchongbao:ajax&act=nitice_sms_hb_run&site=1&tongcheng_id=533&hongbao_id=57&page=34
[2018-08-28 21:07:18][debug] [sms]hongbao id:57
[2018-08-28 21:07:18][debug] [sms]page:34
[2018-08-28 21:07:18][debug] [sms]client IP:118.89.52.235
[2018-08-28 21:07:18][debug] [sms]start:1535461638
[2018-08-28 21:07:21][debug] [sms]all num:10
[2018-08-28 21:07:21][debug] [sms]run num:10
[2018-08-28 21:07:21][debug] [sms]ok num:10
[2018-08-28 21:07:21][debug] [sms]no num:0
[2018-08-28 21:07:21][debug] [sms]run time:3
[2018-08-28 21:07:21][debug] [sms]end:1535461641
[2018-08-28 21:07:21][debug] [sms]page:https://bbs.bivfw.top/plugin.php?id=tom_tchongbao:ajax&act=nitice_sms_hb_run&site=1&tongcheng_id=533&hongbao_id=57&page=35
[2018-08-28 21:07:21][debug] [sms]hongbao id:57
[2018-08-28 21:07:21][debug] [sms]page:35
[2018-08-28 21:07:21][debug] [sms]client IP:118.89.52.235
[2018-08-28 21:07:21][debug] [sms]start:1535461641
[2018-08-28 21:07:24][debug] [sms]all num:10
[2018-08-28 21:07:24][debug] [sms]run num:10
[2018-08-28 21:07:24][debug] [sms]ok num:10
[2018-08-28 21:07:24][debug] [sms]no num:0
[2018-08-28 21:07:24][debug] [sms]run time:3
[2018-08-28 21:07:24][debug] [sms]end:1535461644
[2018-08-28 21:07:24][debug] [sms]page:https://bbs.bivfw.top/plugin.php?id=tom_tchongbao:ajax&act=nitice_sms_hb_run&site=1&tongcheng_id=533&hongbao_id=57&page=36
[2018-08-28 21:07:24][debug] [sms]hongbao id:57
[2018-08-28 21:07:24][debug] [sms]page:36
[2018-08-28 21:07:24][debug] [sms]client IP:118.89.52.235
[2018-08-28 21:07:24][debug] [sms]start:1535461644
[2018-08-28 21:07:27][debug] [sms]all num:10
[2018-08-28 21:07:27][debug] [sms]run num:10
[2018-08-28 21:07:27][debug] [sms]ok num:10
[2018-08-28 21:07:27][debug] [sms]no num:0
[2018-08-28 21:07:27][debug] [sms]run time:3
[2018-08-28 21:07:27][debug] [sms]end:1535461647
[2018-08-28 21:07:27][debug] [sms]page:https://bbs.bivfw.top/plugin.php?id=tom_tchongbao:ajax&act=nitice_sms_hb_run&site=1&tongcheng_id=533&hongbao_id=57&page=37
[2018-08-28 21:07:28][debug] [sms]hongbao id:57
[2018-08-28 21:07:28][debug] [sms]page:37
[2018-08-28 21:07:28][debug] [sms]client IP:118.89.52.235
[2018-08-28 21:07:28][debug] [sms]start:1535461648
[2018-08-28 21:07:31][debug] [sms]all num:10
[2018-08-28 21:07:31][debug] [sms]run num:10
[2018-08-28 21:07:31][debug] [sms]ok num:9
[2018-08-28 21:07:31][debug] [sms]no num:0
[2018-08-28 21:07:31][debug] [sms]run time:3
[2018-08-28 21:07:31][debug] [sms]end:1535461651
[2018-08-28 21:07:31][debug] [sms]page:https://bbs.bivfw.top/plugin.php?id=tom_tchongbao:ajax&act=nitice_sms_hb_run&site=1&tongcheng_id=533&hongbao_id=57&page=38
[2018-08-28 21:07:31][debug] [sms]hongbao id:57
[2018-08-28 21:07:31][debug] [sms]page:38
[2018-08-28 21:07:31][debug] [sms]client IP:118.89.52.235
[2018-08-28 21:07:31][debug] [sms]start:1535461651
[2018-08-28 21:07:34][debug] [sms]all num:10
[2018-08-28 21:07:34][debug] [sms]run num:10
[2018-08-28 21:07:34][debug] [sms]ok num:4
[2018-08-28 21:07:34][debug] [sms]no num:0
[2018-08-28 21:07:34][debug] [sms]run time:3
[2018-08-28 21:07:34][debug] [sms]end:1535461654
[2018-08-28 21:07:34][debug] [sms]page:https://bbs.bivfw.top/plugin.php?id=tom_tchongbao:ajax&act=nitice_sms_hb_run&site=1&tongcheng_id=533&hongbao_id=57&page=39
[2018-08-28 21:07:34][debug] [sms]hongbao id:57
[2018-08-28 21:07:34][debug] [sms]page:39
[2018-08-28 21:07:34][debug] [sms]client IP:118.89.52.235
[2018-08-28 21:07:34][debug] [sms]start:1535461654
[2018-08-28 21:07:38][debug] [sms]all num:10
[2018-08-28 21:07:38][debug] [sms]run num:10
[2018-08-28 21:07:38][debug] [sms]ok num:5
[2018-08-28 21:07:38][debug] [sms]no num:0
[2018-08-28 21:07:38][debug] [sms]run time:4
[2018-08-28 21:07:38][debug] [sms]end:1535461658
[2018-08-28 21:07:38][debug] [sms]page:https://bbs.bivfw.top/plugin.php?id=tom_tchongbao:ajax&act=nitice_sms_hb_run&site=1&tongcheng_id=533&hongbao_id=57&page=40
[2018-08-28 21:07:38][debug] [sms]hongbao id:57
[2018-08-28 21:07:38][debug] [sms]page:40
[2018-08-28 21:07:38][debug] [sms]client IP:118.89.52.235
[2018-08-28 21:07:38][debug] [sms]start:1535461658
[2018-08-28 21:07:42][debug] [sms]all num:10
[2018-08-28 21:07:42][debug] [sms]run num:10
[2018-08-28 21:07:42][debug] [sms]ok num:6
[2018-08-28 21:07:42][debug] [sms]no num:0
[2018-08-28 21:07:42][debug] [sms]run time:4
[2018-08-28 21:07:42][debug] [sms]end:1535461662
[2018-08-28 21:07:42][debug] [sms]page:https://bbs.bivfw.top/plugin.php?id=tom_tchongbao:ajax&act=nitice_sms_hb_run&site=1&tongcheng_id=533&hongbao_id=57&page=41
[2018-08-28 21:07:43][debug] [sms]hongbao id:57
[2018-08-28 21:07:43][debug] [sms]page:41
[2018-08-28 21:07:43][debug] [sms]client IP:118.89.52.235
[2018-08-28 21:07:43][debug] [sms]start:1535461663
[2018-08-28 21:07:48][debug] [sms]all num:10
[2018-08-28 21:07:48][debug] [sms]run num:10
[2018-08-28 21:07:48][debug] [sms]ok num:3
[2018-08-28 21:07:48][debug] [sms]no num:0
[2018-08-28 21:07:48][debug] [sms]run time:5
[2018-08-28 21:07:48][debug] [sms]end:1535461668
[2018-08-28 21:07:48][debug] [sms]page:https://bbs.bivfw.top/plugin.php?id=tom_tchongbao:ajax&act=nitice_sms_hb_run&site=1&tongcheng_id=533&hongbao_id=57&page=42
[2018-08-28 21:07:48][debug] [sms]hongbao id:57
[2018-08-28 21:07:48][debug] [sms]page:42
[2018-08-28 21:07:48][debug] [sms]client IP:118.89.52.235
[2018-08-28 21:07:48][debug] [sms]start:1535461668
[2018-08-28 21:07:51][debug] [sms]all num:10
[2018-08-28 21:07:51][debug] [sms]run num:10
[2018-08-28 21:07:51][debug] [sms]ok num:7
[2018-08-28 21:07:51][debug] [sms]no num:0
[2018-08-28 21:07:51][debug] [sms]run time:3
[2018-08-28 21:07:51][debug] [sms]end:1535461671
[2018-08-28 21:07:51][debug] [sms]page:https://bbs.bivfw.top/plugin.php?id=tom_tchongbao:ajax&act=nitice_sms_hb_run&site=1&tongcheng_id=533&hongbao_id=57&page=43
[2018-08-28 21:07:52][debug] [sms]hongbao id:57
[2018-08-28 21:07:52][debug] [sms]page:43
[2018-08-28 21:07:52][debug] [sms]client IP:118.89.52.235
[2018-08-28 21:07:52][debug] [sms]start:1535461672
[2018-08-28 21:07:56][debug] [sms]all num:10
[2018-08-28 21:07:56][debug] [sms]run num:10
[2018-08-28 21:07:56][debug] [sms]ok num:8
[2018-08-28 21:07:56][debug] [sms]no num:0
[2018-08-28 21:07:56][debug] [sms]run time:4
[2018-08-28 21:07:56][debug] [sms]end:1535461676
[2018-08-28 21:07:56][debug] [sms]page:https://bbs.bivfw.top/plugin.php?id=tom_tchongbao:ajax&act=nitice_sms_hb_run&site=1&tongcheng_id=533&hongbao_id=57&page=44
[2018-08-28 21:07:57][debug] [sms]hongbao id:57
[2018-08-28 21:07:57][debug] [sms]page:44
[2018-08-28 21:07:57][debug] [sms]client IP:118.89.52.235
[2018-08-28 21:07:57][debug] [sms]start:1535461677
[2018-08-28 21:08:00][debug] [sms]all num:10
[2018-08-28 21:08:00][debug] [sms]run num:10
[2018-08-28 21:08:00][debug] [sms]ok num:10
[2018-08-28 21:08:00][debug] [sms]no num:0
[2018-08-28 21:08:00][debug] [sms]run time:3
[2018-08-28 21:08:00][debug] [sms]end:1535461680
[2018-08-28 21:08:00][debug] [sms]page:https://bbs.bivfw.top/plugin.php?id=tom_tchongbao:ajax&act=nitice_sms_hb_run&site=1&tongcheng_id=533&hongbao_id=57&page=45
[2018-08-28 21:08:00][debug] [sms]hongbao id:57
[2018-08-28 21:08:00][debug] [sms]page:45
[2018-08-28 21:08:00][debug] [sms]client IP:118.89.52.235
[2018-08-28 21:08:00][debug] [sms]start:1535461680
[2018-08-28 21:08:03][debug] [sms]all num:10
[2018-08-28 21:08:03][debug] [sms]run num:10
[2018-08-28 21:08:03][debug] [sms]ok num:9
[2018-08-28 21:08:03][debug] [sms]no num:0
[2018-08-28 21:08:03][debug] [sms]run time:3
[2018-08-28 21:08:03][debug] [sms]end:1535461683
[2018-08-28 21:08:03][debug] [sms]page:https://bbs.bivfw.top/plugin.php?id=tom_tchongbao:ajax&act=nitice_sms_hb_run&site=1&tongcheng_id=533&hongbao_id=57&page=46
[2018-08-28 21:08:03][debug] [sms]hongbao id:57
[2018-08-28 21:08:03][debug] [sms]page:46
[2018-08-28 21:08:03][debug] [sms]client IP:118.89.52.235
[2018-08-28 21:08:03][debug] [sms]start:1535461683
[2018-08-28 21:08:06][debug] [sms]all num:10
[2018-08-28 21:08:06][debug] [sms]run num:10
[2018-08-28 21:08:06][debug] [sms]ok num:10
[2018-08-28 21:08:06][debug] [sms]no num:0
[2018-08-28 21:08:06][debug] [sms]run time:3
[2018-08-28 21:08:06][debug] [sms]end:1535461686
[2018-08-28 21:08:06][debug] [sms]page:https://bbs.bivfw.top/plugin.php?id=tom_tchongbao:ajax&act=nitice_sms_hb_run&site=1&tongcheng_id=533&hongbao_id=57&page=47
[2018-08-28 21:08:07][debug] [sms]hongbao id:57
[2018-08-28 21:08:07][debug] [sms]page:47
[2018-08-28 21:08:07][debug] [sms]client IP:118.89.52.235
[2018-08-28 21:08:07][debug] [sms]start:1535461687
[2018-08-28 21:08:10][debug] [sms]all num:10
[2018-08-28 21:08:10][debug] [sms]run num:10
[2018-08-28 21:08:10][debug] [sms]ok num:2
[2018-08-28 21:08:10][debug] [sms]no num:0
[2018-08-28 21:08:10][debug] [sms]run time:3
[2018-08-28 21:08:10][debug] [sms]end:1535461690
[2018-08-28 21:08:10][debug] [sms]page:https://bbs.bivfw.top/plugin.php?id=tom_tchongbao:ajax&act=nitice_sms_hb_run&site=1&tongcheng_id=533&hongbao_id=57&page=48
[2018-08-28 21:08:10][debug] [sms]hongbao id:57
[2018-08-28 21:08:10][debug] [sms]page:48
[2018-08-28 21:08:10][debug] [sms]client IP:118.89.52.235
[2018-08-28 21:08:10][debug] [sms]start:1535461690
[2018-08-28 21:08:13][debug] [sms]all num:10
[2018-08-28 21:08:13][debug] [sms]run num:10
[2018-08-28 21:08:13][debug] [sms]ok num:3
[2018-08-28 21:08:13][debug] [sms]no num:0
[2018-08-28 21:08:13][debug] [sms]run time:3
[2018-08-28 21:08:13][debug] [sms]end:1535461693
[2018-08-28 21:08:13][debug] [sms]page:https://bbs.bivfw.top/plugin.php?id=tom_tchongbao:ajax&act=nitice_sms_hb_run&site=1&tongcheng_id=533&hongbao_id=57&page=49
[2018-08-28 21:08:13][debug] [sms]hongbao id:57
[2018-08-28 21:08:13][debug] [sms]page:49
[2018-08-28 21:08:13][debug] [sms]client IP:118.89.52.235
[2018-08-28 21:08:13][debug] [sms]start:1535461693
[2018-08-28 21:08:16][debug] [sms]all num:10
[2018-08-28 21:08:16][debug] [sms]run num:10
[2018-08-28 21:08:16][debug] [sms]ok num:9
[2018-08-28 21:08:16][debug] [sms]no num:0
[2018-08-28 21:08:16][debug] [sms]run time:3
[2018-08-28 21:08:16][debug] [sms]end:1535461696
[2018-08-28 21:08:16][debug] [sms]page:https://bbs.bivfw.top/plugin.php?id=tom_tchongbao:ajax&act=nitice_sms_hb_run&site=1&tongcheng_id=533&hongbao_id=57&page=50
[2018-08-28 21:08:17][debug] [sms]hongbao id:57
[2018-08-28 21:08:17][debug] [sms]page:50
[2018-08-28 21:08:17][debug] [sms]client IP:118.89.52.235
[2018-08-28 21:08:17][debug] [sms]start:1535461697
[2018-08-28 21:08:20][debug] [sms]all num:10
[2018-08-28 21:08:20][debug] [sms]run num:10
[2018-08-28 21:08:20][debug] [sms]ok num:4
[2018-08-28 21:08:20][debug] [sms]no num:0
[2018-08-28 21:08:20][debug] [sms]run time:3
[2018-08-28 21:08:20][debug] [sms]end:1535461700
[2018-08-28 21:08:20][debug] [sms]page:https://bbs.bivfw.top/plugin.php?id=tom_tchongbao:ajax&act=nitice_sms_hb_run&site=1&tongcheng_id=533&hongbao_id=57&page=51
[2018-08-28 21:08:20][debug] [sms]hongbao id:57
[2018-08-28 21:08:20][debug] [sms]page:51
[2018-08-28 21:08:20][debug] [sms]client IP:118.89.52.235
[2018-08-28 21:08:20][debug] [sms]start:1535461700
[2018-08-28 21:08:23][debug] [sms]all num:10
[2018-08-28 21:08:23][debug] [sms]run num:10
[2018-08-28 21:08:23][debug] [sms]ok num:4
[2018-08-28 21:08:23][debug] [sms]no num:0
[2018-08-28 21:08:23][debug] [sms]run time:3
[2018-08-28 21:08:23][debug] [sms]end:1535461703
[2018-08-28 21:08:23][debug] [sms]page:https://bbs.bivfw.top/plugin.php?id=tom_tchongbao:ajax&act=nitice_sms_hb_run&site=1&tongcheng_id=533&hongbao_id=57&page=52
[2018-08-28 21:08:24][debug] [sms]hongbao id:57
[2018-08-28 21:08:24][debug] [sms]page:52
[2018-08-28 21:08:24][debug] [sms]client IP:118.89.52.235
[2018-08-28 21:08:24][debug] [sms]start:1535461704
[2018-08-28 21:08:27][debug] [sms]all num:10
[2018-08-28 21:08:27][debug] [sms]run num:10
[2018-08-28 21:08:27][debug] [sms]ok num:5
[2018-08-28 21:08:27][debug] [sms]no num:0
[2018-08-28 21:08:27][debug] [sms]run time:3
[2018-08-28 21:08:27][debug] [sms]end:1535461707
[2018-08-28 21:08:27][debug] [sms]page:https://bbs.bivfw.top/plugin.php?id=tom_tchongbao:ajax&act=nitice_sms_hb_run&site=1&tongcheng_id=533&hongbao_id=57&page=53
[2018-08-28 21:08:27][debug] [sms]hongbao id:57
[2018-08-28 21:08:27][debug] [sms]page:53
[2018-08-28 21:08:27][debug] [sms]client IP:118.89.52.235
[2018-08-28 21:08:27][debug] [sms]start:1535461707
[2018-08-28 21:08:30][debug] [sms]all num:10
[2018-08-28 21:08:30][debug] [sms]run num:10
[2018-08-28 21:08:30][debug] [sms]ok num:3
[2018-08-28 21:08:30][debug] [sms]no num:0
[2018-08-28 21:08:30][debug] [sms]run time:3
[2018-08-28 21:08:30][debug] [sms]end:1535461710
[2018-08-28 21:08:30][debug] [sms]page:https://bbs.bivfw.top/plugin.php?id=tom_tchongbao:ajax&act=nitice_sms_hb_run&site=1&tongcheng_id=533&hongbao_id=57&page=54
[2018-08-28 21:08:30][debug] [sms]hongbao id:57
[2018-08-28 21:08:30][debug] [sms]page:54
[2018-08-28 21:08:30][debug] [sms]client IP:118.89.52.235
[2018-08-28 21:08:30][debug] [sms]start:1535461710
[2018-08-28 21:08:33][debug] [sms]all num:10
[2018-08-28 21:08:33][debug] [sms]run num:10
[2018-08-28 21:08:33][debug] [sms]ok num:4
[2018-08-28 21:08:33][debug] [sms]no num:0
[2018-08-28 21:08:33][debug] [sms]run time:3
[2018-08-28 21:08:33][debug] [sms]end:1535461713
[2018-08-28 21:08:33][debug] [sms]page:https://bbs.bivfw.top/plugin.php?id=tom_tchongbao:ajax&act=nitice_sms_hb_run&site=1&tongcheng_id=533&hongbao_id=57&page=55
[2018-08-28 21:08:33][debug] [sms]hongbao id:57
[2018-08-28 21:08:33][debug] [sms]page:55
[2018-08-28 21:08:33][debug] [sms]client IP:118.89.52.235
[2018-08-28 21:08:33][debug] [sms]start:1535461713
[2018-08-28 21:08:36][debug] [sms]all num:10
[2018-08-28 21:08:36][debug] [sms]run num:10
[2018-08-28 21:08:36][debug] [sms]ok num:6
[2018-08-28 21:08:36][debug] [sms]no num:0
[2018-08-28 21:08:36][debug] [sms]run time:3
[2018-08-28 21:08:36][debug] [sms]end:1535461716
[2018-08-28 21:08:36][debug] [sms]page:https://bbs.bivfw.top/plugin.php?id=tom_tchongbao:ajax&act=nitice_sms_hb_run&site=1&tongcheng_id=533&hongbao_id=57&page=56
[2018-08-28 21:08:36][debug] [sms]hongbao id:57
[2018-08-28 21:08:36][debug] [sms]page:56
[2018-08-28 21:08:36][debug] [sms]client IP:118.89.52.235
[2018-08-28 21:08:36][debug] [sms]start:1535461716
[2018-08-28 21:08:39][debug] [sms]all num:10
[2018-08-28 21:08:39][debug] [sms]run num:10
[2018-08-28 21:08:39][debug] [sms]ok num:1
[2018-08-28 21:08:39][debug] [sms]no num:0
[2018-08-28 21:08:39][debug] [sms]run time:3
[2018-08-28 21:08:39][debug] [sms]end:1535461719
[2018-08-28 21:08:39][debug] [sms]page:https://bbs.bivfw.top/plugin.php?id=tom_tchongbao:ajax&act=nitice_sms_hb_run&site=1&tongcheng_id=533&hongbao_id=57&page=57
[2018-08-28 21:08:39][debug] [sms]hongbao id:57
[2018-08-28 21:08:39][debug] [sms]page:57
[2018-08-28 21:08:39][debug] [sms]client IP:118.89.52.235
[2018-08-28 21:08:39][debug] [sms]start:1535461719
[2018-08-28 21:08:42][debug] [sms]all num:10
[2018-08-28 21:08:42][debug] [sms]run num:10
[2018-08-28 21:08:42][debug] [sms]ok num:3
[2018-08-28 21:08:42][debug] [sms]no num:0
[2018-08-28 21:08:42][debug] [sms]run time:3
[2018-08-28 21:08:42][debug] [sms]end:1535461722
[2018-08-28 21:08:42][debug] [sms]page:https://bbs.bivfw.top/plugin.php?id=tom_tchongbao:ajax&act=nitice_sms_hb_run&site=1&tongcheng_id=533&hongbao_id=57&page=58
[2018-08-28 21:08:43][debug] [sms]hongbao id:57
[2018-08-28 21:08:43][debug] [sms]page:58
[2018-08-28 21:08:43][debug] [sms]client IP:118.89.52.235
[2018-08-28 21:08:43][debug] [sms]start:1535461723
[2018-08-28 21:08:45][debug] [sms]all num:10
[2018-08-28 21:08:45][debug] [sms]run num:10
[2018-08-28 21:08:45][debug] [sms]ok num:5
[2018-08-28 21:08:45][debug] [sms]no num:0
[2018-08-28 21:08:45][debug] [sms]run time:2
[2018-08-28 21:08:45][debug] [sms]end:1535461725
[2018-08-28 21:08:45][debug] [sms]page:https://bbs.bivfw.top/plugin.php?id=tom_tchongbao:ajax&act=nitice_sms_hb_run&site=1&tongcheng_id=533&hongbao_id=57&page=59
[2018-08-28 21:08:46][debug] [sms]hongbao id:57
[2018-08-28 21:08:46][debug] [sms]page:59
[2018-08-28 21:08:46][debug] [sms]client IP:118.89.52.235
[2018-08-28 21:08:46][debug] [sms]start:1535461726
[2018-08-28 21:08:49][debug] [sms]all num:10
[2018-08-28 21:08:49][debug] [sms]run num:10
[2018-08-28 21:08:49][debug] [sms]ok num:7
[2018-08-28 21:08:49][debug] [sms]no num:0
[2018-08-28 21:08:49][debug] [sms]run time:3
[2018-08-28 21:08:49][debug] [sms]end:1535461729
[2018-08-28 21:08:49][debug] [sms]page:https://bbs.bivfw.top/plugin.php?id=tom_tchongbao:ajax&act=nitice_sms_hb_run&site=1&tongcheng_id=533&hongbao_id=57&page=60
[2018-08-28 21:08:49][debug] [sms]hongbao id:57
[2018-08-28 21:08:49][debug] [sms]page:60
[2018-08-28 21:08:49][debug] [sms]client IP:118.89.52.235
[2018-08-28 21:08:49][debug] [sms]start:1535461729
[2018-08-28 21:08:52][debug] [sms]all num:10
[2018-08-28 21:08:52][debug] [sms]run num:10
[2018-08-28 21:08:52][debug] [sms]ok num:9
[2018-08-28 21:08:52][debug] [sms]no num:0
[2018-08-28 21:08:52][debug] [sms]run time:3
[2018-08-28 21:08:52][debug] [sms]end:1535461732
[2018-08-28 21:08:52][debug] [sms]page:https://bbs.bivfw.top/plugin.php?id=tom_tchongbao:ajax&act=nitice_sms_hb_run&site=1&tongcheng_id=533&hongbao_id=57&page=61
[2018-08-28 21:08:52][debug] [sms]hongbao id:57
[2018-08-28 21:08:52][debug] [sms]page:61
[2018-08-28 21:08:52][debug] [sms]client IP:118.89.52.235
[2018-08-28 21:08:52][debug] [sms]start:1535461732
[2018-08-28 21:08:55][debug] [sms]all num:10
[2018-08-28 21:08:55][debug] [sms]run num:10
[2018-08-28 21:08:55][debug] [sms]ok num:2
[2018-08-28 21:08:55][debug] [sms]no num:0
[2018-08-28 21:08:55][debug] [sms]run time:3
[2018-08-28 21:08:55][debug] [sms]end:1535461735
[2018-08-28 21:08:55][debug] [sms]page:https://bbs.bivfw.top/plugin.php?id=tom_tchongbao:ajax&act=nitice_sms_hb_run&site=1&tongcheng_id=533&hongbao_id=57&page=62
[2018-08-28 21:08:55][debug] [sms]hongbao id:57
[2018-08-28 21:08:55][debug] [sms]page:62
[2018-08-28 21:08:55][debug] [sms]client IP:118.89.52.235
[2018-08-28 21:08:55][debug] [sms]start:1535461735
[2018-08-28 21:08:58][debug] [sms]all num:10
[2018-08-28 21:08:58][debug] [sms]run num:10
[2018-08-28 21:08:58][debug] [sms]ok num:8
[2018-08-28 21:08:58][debug] [sms]no num:0
[2018-08-28 21:08:58][debug] [sms]run time:3
[2018-08-28 21:08:58][debug] [sms]end:1535461738
[2018-08-28 21:08:58][debug] [sms]page:https://bbs.bivfw.top/plugin.php?id=tom_tchongbao:ajax&act=nitice_sms_hb_run&site=1&tongcheng_id=533&hongbao_id=57&page=63
[2018-08-28 21:08:59][debug] [sms]hongbao id:57
[2018-08-28 21:08:59][debug] [sms]page:63
[2018-08-28 21:08:59][debug] [sms]client IP:118.89.52.235
[2018-08-28 21:08:59][debug] [sms]start:1535461739
[2018-08-28 21:09:02][debug] [sms]all num:10
[2018-08-28 21:09:02][debug] [sms]run num:10
[2018-08-28 21:09:02][debug] [sms]ok num:10
[2018-08-28 21:09:02][debug] [sms]no num:0
[2018-08-28 21:09:02][debug] [sms]run time:3
[2018-08-28 21:09:02][debug] [sms]end:1535461742
[2018-08-28 21:09:02][debug] [sms]page:https://bbs.bivfw.top/plugin.php?id=tom_tchongbao:ajax&act=nitice_sms_hb_run&site=1&tongcheng_id=533&hongbao_id=57&page=64
[2018-08-28 21:09:02][debug] [sms]hongbao id:57
[2018-08-28 21:09:02][debug] [sms]page:64
[2018-08-28 21:09:02][debug] [sms]client IP:118.89.52.235
[2018-08-28 21:09:02][debug] [sms]start:1535461742
[2018-08-28 21:09:06][debug] [sms]all num:10
[2018-08-28 21:09:06][debug] [sms]run num:10
[2018-08-28 21:09:06][debug] [sms]ok num:7
[2018-08-28 21:09:06][debug] [sms]no num:0
[2018-08-28 21:09:06][debug] [sms]run time:4
[2018-08-28 21:09:06][debug] [sms]end:1535461746
[2018-08-28 21:09:06][debug] [sms]page:https://bbs.bivfw.top/plugin.php?id=tom_tchongbao:ajax&act=nitice_sms_hb_run&site=1&tongcheng_id=533&hongbao_id=57&page=65
[2018-08-28 21:09:06][debug] [sms]hongbao id:57
[2018-08-28 21:09:06][debug] [sms]page:65
[2018-08-28 21:09:06][debug] [sms]client IP:118.89.52.235
[2018-08-28 21:09:06][debug] [sms]start:1535461746
[2018-08-28 21:09:09][debug] [sms]all num:10
[2018-08-28 21:09:09][debug] [sms]run num:10
[2018-08-28 21:09:09][debug] [sms]ok num:3
[2018-08-28 21:09:09][debug] [sms]no num:0
[2018-08-28 21:09:09][debug] [sms]run time:3
[2018-08-28 21:09:09][debug] [sms]end:1535461749
[2018-08-28 21:09:09][debug] [sms]page:https://bbs.bivfw.top/plugin.php?id=tom_tchongbao:ajax&act=nitice_sms_hb_run&site=1&tongcheng_id=533&hongbao_id=57&page=66
[2018-08-28 21:09:09][debug] [sms]hongbao id:57
[2018-08-28 21:09:09][debug] [sms]page:66
[2018-08-28 21:09:09][debug] [sms]client IP:118.89.52.235
[2018-08-28 21:09:09][debug] [sms]start:1535461749
[2018-08-28 21:09:12][debug] [sms]all num:10
[2018-08-28 21:09:12][debug] [sms]run num:10
[2018-08-28 21:09:12][debug] [sms]ok num:7
[2018-08-28 21:09:12][debug] [sms]no num:0
[2018-08-28 21:09:12][debug] [sms]run time:3
[2018-08-28 21:09:12][debug] [sms]end:1535461752
[2018-08-28 21:09:12][debug] [sms]page:https://bbs.bivfw.top/plugin.php?id=tom_tchongbao:ajax&act=nitice_sms_hb_run&site=1&tongcheng_id=533&hongbao_id=57&page=67
[2018-08-28 21:09:12][debug] [sms]hongbao id:57
[2018-08-28 21:09:12][debug] [sms]page:67
[2018-08-28 21:09:12][debug] [sms]client IP:118.89.52.235
[2018-08-28 21:09:12][debug] [sms]start:1535461752
[2018-08-28 21:09:15][debug] [sms]all num:10
[2018-08-28 21:09:15][debug] [sms]run num:10
[2018-08-28 21:09:15][debug] [sms]ok num:0
[2018-08-28 21:09:15][debug] [sms]no num:0
[2018-08-28 21:09:15][debug] [sms]run time:3
[2018-08-28 21:09:15][debug] [sms]end:1535461755
[2018-08-28 21:09:15][debug] [sms]page:https://bbs.bivfw.top/plugin.php?id=tom_tchongbao:ajax&act=nitice_sms_hb_run&site=1&tongcheng_id=533&hongbao_id=57&page=68
[2018-08-28 21:09:16][debug] [sms]hongbao id:57
[2018-08-28 21:09:16][debug] [sms]page:68
[2018-08-28 21:09:16][debug] [sms]client IP:118.89.52.235
[2018-08-28 21:09:16][debug] [sms]start:1535461756
[2018-08-28 21:09:18][debug] [sms]all num:10
[2018-08-28 21:09:18][debug] [sms]run num:9
[2018-08-28 21:09:18][debug] [sms]ok num:2
[2018-08-28 21:09:18][debug] [sms]no num:0
[2018-08-28 21:09:18][debug] [sms]run time:2
[2018-08-28 21:09:18][debug] [sms]end:1535461758
[2018-08-28 21:09:18][debug] [sms]page:https://bbs.bivfw.top/plugin.php?id=tom_tchongbao:ajax&act=nitice_sms_hb_run&site=1&tongcheng_id=533&hongbao_id=57&page=69
[2018-08-28 21:09:18][debug] [sms]hongbao id:57
[2018-08-28 21:09:18][debug] [sms]page:69
[2018-08-28 21:09:18][debug] [sms]client IP:118.89.52.235
[2018-08-28 21:09:18][debug] [sms]start:1535461758
[2018-08-28 21:09:21][debug] [sms]all num:10
[2018-08-28 21:09:21][debug] [sms]run num:10
[2018-08-28 21:09:21][debug] [sms]ok num:3
[2018-08-28 21:09:21][debug] [sms]no num:0
[2018-08-28 21:09:21][debug] [sms]run time:3
[2018-08-28 21:09:21][debug] [sms]end:1535461761
[2018-08-28 21:09:21][debug] [sms]page:https://bbs.bivfw.top/plugin.php?id=tom_tchongbao:ajax&act=nitice_sms_hb_run&site=1&tongcheng_id=533&hongbao_id=57&page=70
[2018-08-28 21:09:22][debug] [sms]hongbao id:57
[2018-08-28 21:09:22][debug] [sms]page:70
[2018-08-28 21:09:22][debug] [sms]client IP:118.89.52.235
[2018-08-28 21:09:22][debug] [sms]start:1535461762
[2018-08-28 21:09:25][debug] [sms]all num:10
[2018-08-28 21:09:25][debug] [sms]run num:10
[2018-08-28 21:09:25][debug] [sms]ok num:4
[2018-08-28 21:09:25][debug] [sms]no num:0
[2018-08-28 21:09:25][debug] [sms]run time:3
[2018-08-28 21:09:25][debug] [sms]end:1535461765
[2018-08-28 21:09:25][debug] [sms]page:https://bbs.bivfw.top/plugin.php?id=tom_tchongbao:ajax&act=nitice_sms_hb_run&site=1&tongcheng_id=533&hongbao_id=57&page=71
[2018-08-28 21:09:25][debug] [sms]hongbao id:57
[2018-08-28 21:09:25][debug] [sms]page:71
[2018-08-28 21:09:25][debug] [sms]client IP:118.89.52.235
[2018-08-28 21:09:25][debug] [sms]start:1535461765
[2018-08-28 21:09:28][debug] [sms]all num:10
[2018-08-28 21:09:28][debug] [sms]run num:10
[2018-08-28 21:09:28][debug] [sms]ok num:5
[2018-08-28 21:09:28][debug] [sms]no num:0
[2018-08-28 21:09:28][debug] [sms]run time:3
[2018-08-28 21:09:28][debug] [sms]end:1535461768
[2018-08-28 21:09:28][debug] [sms]page:https://bbs.bivfw.top/plugin.php?id=tom_tchongbao:ajax&act=nitice_sms_hb_run&site=1&tongcheng_id=533&hongbao_id=57&page=72
[2018-08-28 21:09:28][debug] [sms]hongbao id:57
[2018-08-28 21:09:28][debug] [sms]page:72
[2018-08-28 21:09:28][debug] [sms]client IP:118.89.52.235
[2018-08-28 21:09:28][debug] [sms]start:1535461768
[2018-08-28 21:09:31][debug] [sms]all num:10
[2018-08-28 21:09:31][debug] [sms]run num:10
[2018-08-28 21:09:31][debug] [sms]ok num:7
[2018-08-28 21:09:31][debug] [sms]no num:0
[2018-08-28 21:09:31][debug] [sms]run time:3
[2018-08-28 21:09:31][debug] [sms]end:1535461771
[2018-08-28 21:09:31][debug] [sms]page:https://bbs.bivfw.top/plugin.php?id=tom_tchongbao:ajax&act=nitice_sms_hb_run&site=1&tongcheng_id=533&hongbao_id=57&page=73
[2018-08-28 21:09:32][debug] [sms]hongbao id:57
[2018-08-28 21:09:32][debug] [sms]page:73
[2018-08-28 21:09:32][debug] [sms]client IP:118.89.52.235
[2018-08-28 21:09:32][debug] [sms]start:1535461772
[2018-08-28 21:09:35][debug] [sms]all num:10
[2018-08-28 21:09:35][debug] [sms]run num:10
[2018-08-28 21:09:35][debug] [sms]ok num:10
[2018-08-28 21:09:35][debug] [sms]no num:0
[2018-08-28 21:09:35][debug] [sms]run time:3
[2018-08-28 21:09:35][debug] [sms]end:1535461775
[2018-08-28 21:09:35][debug] [sms]page:https://bbs.bivfw.top/plugin.php?id=tom_tchongbao:ajax&act=nitice_sms_hb_run&site=1&tongcheng_id=533&hongbao_id=57&page=74
[2018-08-28 21:09:35][debug] [sms]hongbao id:57
[2018-08-28 21:09:35][debug] [sms]page:74
[2018-08-28 21:09:35][debug] [sms]client IP:118.89.52.235
[2018-08-28 21:09:35][debug] [sms]start:1535461775
[2018-08-28 21:09:38][debug] [sms]all num:10
[2018-08-28 21:09:38][debug] [sms]run num:10
[2018-08-28 21:09:38][debug] [sms]ok num:5
[2018-08-28 21:09:38][debug] [sms]no num:0
[2018-08-28 21:09:38][debug] [sms]run time:3
[2018-08-28 21:09:38][debug] [sms]end:1535461778
[2018-08-28 21:09:38][debug] [sms]page:https://bbs.bivfw.top/plugin.php?id=tom_tchongbao:ajax&act=nitice_sms_hb_run&site=1&tongcheng_id=533&hongbao_id=57&page=75
[2018-08-28 21:09:38][debug] [sms]hongbao id:57
[2018-08-28 21:09:38][debug] [sms]page:75
[2018-08-28 21:09:38][debug] [sms]client IP:118.89.52.235
[2018-08-28 21:09:38][debug] [sms]start:1535461778
[2018-08-28 21:09:41][debug] [sms]all num:10
[2018-08-28 21:09:41][debug] [sms]run num:10
[2018-08-28 21:09:41][debug] [sms]ok num:3
[2018-08-28 21:09:41][debug] [sms]no num:0
[2018-08-28 21:09:41][debug] [sms]run time:3
[2018-08-28 21:09:41][debug] [sms]end:1535461781
[2018-08-28 21:09:41][debug] [sms]page:https://bbs.bivfw.top/plugin.php?id=tom_tchongbao:ajax&act=nitice_sms_hb_run&site=1&tongcheng_id=533&hongbao_id=57&page=76
[2018-08-28 21:09:41][debug] [sms]hongbao id:57
[2018-08-28 21:09:41][debug] [sms]page:76
[2018-08-28 21:09:41][debug] [sms]client IP:118.89.52.235
[2018-08-28 21:09:41][debug] [sms]start:1535461781
[2018-08-28 21:09:44][debug] [sms]all num:10
[2018-08-28 21:09:44][debug] [sms]run num:10
[2018-08-28 21:09:44][debug] [sms]ok num:5
[2018-08-28 21:09:44][debug] [sms]no num:0
[2018-08-28 21:09:44][debug] [sms]run time:3
[2018-08-28 21:09:44][debug] [sms]end:1535461784
[2018-08-28 21:09:44][debug] [sms]page:https://bbs.bivfw.top/plugin.php?id=tom_tchongbao:ajax&act=nitice_sms_hb_run&site=1&tongcheng_id=533&hongbao_id=57&page=77
[2018-08-28 21:09:45][debug] [sms]hongbao id:57
[2018-08-28 21:09:45][debug] [sms]page:77
[2018-08-28 21:09:45][debug] [sms]client IP:118.89.52.235
[2018-08-28 21:09:45][debug] [sms]start:1535461785
[2018-08-28 21:09:47][debug] [sms]all num:10
[2018-08-28 21:09:47][debug] [sms]run num:10
[2018-08-28 21:09:47][debug] [sms]ok num:5
[2018-08-28 21:09:47][debug] [sms]no num:0
[2018-08-28 21:09:47][debug] [sms]run time:2
[2018-08-28 21:09:47][debug] [sms]end:1535461787
[2018-08-28 21:09:47][debug] [sms]page:https://bbs.bivfw.top/plugin.php?id=tom_tchongbao:ajax&act=nitice_sms_hb_run&site=1&tongcheng_id=533&hongbao_id=57&page=78
[2018-08-28 21:09:48][debug] [sms]hongbao id:57
[2018-08-28 21:09:48][debug] [sms]page:78
[2018-08-28 21:09:48][debug] [sms]client IP:118.89.52.235
[2018-08-28 21:09:48][debug] [sms]start:1535461788
[2018-08-28 21:09:51][debug] [sms]all num:10
[2018-08-28 21:09:51][debug] [sms]run num:10
[2018-08-28 21:09:51][debug] [sms]ok num:1
[2018-08-28 21:09:51][debug] [sms]no num:0
[2018-08-28 21:09:51][debug] [sms]run time:3
[2018-08-28 21:09:51][debug] [sms]end:1535461791
[2018-08-28 21:09:51][debug] [sms]page:https://bbs.bivfw.top/plugin.php?id=tom_tchongbao:ajax&act=nitice_sms_hb_run&site=1&tongcheng_id=533&hongbao_id=57&page=79
[2018-08-28 21:09:51][debug] [sms]hongbao id:57
[2018-08-28 21:09:51][debug] [sms]page:79
[2018-08-28 21:09:51][debug] [sms]client IP:118.89.52.235
[2018-08-28 21:09:51][debug] [sms]start:1535461791
[2018-08-28 21:09:54][debug] [sms]all num:10
[2018-08-28 21:09:54][debug] [sms]run num:9
[2018-08-28 21:09:54][debug] [sms]ok num:3
[2018-08-28 21:09:54][debug] [sms]no num:0
[2018-08-28 21:09:54][debug] [sms]run time:3
[2018-08-28 21:09:54][debug] [sms]end:1535461794
[2018-08-28 21:09:54][debug] [sms]page:https://bbs.bivfw.top/plugin.php?id=tom_tchongbao:ajax&act=nitice_sms_hb_run&site=1&tongcheng_id=533&hongbao_id=57&page=80
[2018-08-28 21:09:54][debug] [sms]hongbao id:57
[2018-08-28 21:09:54][debug] [sms]page:80
[2018-08-28 21:09:54][debug] [sms]client IP:118.89.52.235
[2018-08-28 21:09:54][debug] [sms]start:1535461794
[2018-08-28 21:09:57][debug] [sms]all num:10
[2018-08-28 21:09:57][debug] [sms]run num:10
[2018-08-28 21:09:57][debug] [sms]ok num:5
[2018-08-28 21:09:57][debug] [sms]no num:0
[2018-08-28 21:09:57][debug] [sms]run time:3
[2018-08-28 21:09:57][debug] [sms]end:1535461797
[2018-08-28 21:09:57][debug] [sms]page:https://bbs.bivfw.top/plugin.php?id=tom_tchongbao:ajax&act=nitice_sms_hb_run&site=1&tongcheng_id=533&hongbao_id=57&page=81
[2018-08-28 21:09:57][debug] [sms]hongbao id:57
[2018-08-28 21:09:57][debug] [sms]page:81
[2018-08-28 21:09:57][debug] [sms]client IP:118.89.52.235
[2018-08-28 21:09:57][debug] [sms]start:1535461797
[2018-08-28 21:10:00][debug] [sms]all num:10
[2018-08-28 21:10:00][debug] [sms]run num:10
[2018-08-28 21:10:00][debug] [sms]ok num:3
[2018-08-28 21:10:00][debug] [sms]no num:0
[2018-08-28 21:10:00][debug] [sms]run time:3
[2018-08-28 21:10:00][debug] [sms]end:1535461800
[2018-08-28 21:10:00][debug] [sms]page:https://bbs.bivfw.top/plugin.php?id=tom_tchongbao:ajax&act=nitice_sms_hb_run&site=1&tongcheng_id=533&hongbao_id=57&page=82
[2018-08-28 21:10:00][debug] [sms]hongbao id:57
[2018-08-28 21:10:00][debug] [sms]page:82
[2018-08-28 21:10:00][debug] [sms]client IP:118.89.52.235
[2018-08-28 21:10:00][debug] [sms]start:1535461800
[2018-08-28 21:10:04][debug] [sms]all num:10
[2018-08-28 21:10:04][debug] [sms]run num:10
[2018-08-28 21:10:04][debug] [sms]ok num:3
[2018-08-28 21:10:04][debug] [sms]no num:0
[2018-08-28 21:10:04][debug] [sms]run time:4
[2018-08-28 21:10:04][debug] [sms]end:1535461804
[2018-08-28 21:10:04][debug] [sms]page:https://bbs.bivfw.top/plugin.php?id=tom_tchongbao:ajax&act=nitice_sms_hb_run&site=1&tongcheng_id=533&hongbao_id=57&page=83
[2018-08-28 21:10:04][debug] [sms]hongbao id:57
[2018-08-28 21:10:04][debug] [sms]page:83
[2018-08-28 21:10:04][debug] [sms]client IP:118.89.52.235
[2018-08-28 21:10:04][debug] [sms]start:1535461804
[2018-08-28 21:10:07][debug] [sms]all num:10
[2018-08-28 21:10:07][debug] [sms]run num:10
[2018-08-28 21:10:07][debug] [sms]ok num:1
[2018-08-28 21:10:07][debug] [sms]no num:0
[2018-08-28 21:10:07][debug] [sms]run time:3
[2018-08-28 21:10:07][debug] [sms]end:1535461807
[2018-08-28 21:10:07][debug] [sms]page:https://bbs.bivfw.top/plugin.php?id=tom_tchongbao:ajax&act=nitice_sms_hb_run&site=1&tongcheng_id=533&hongbao_id=57&page=84
[2018-08-28 21:10:07][debug] [sms]hongbao id:57
[2018-08-28 21:10:07][debug] [sms]page:84
[2018-08-28 21:10:07][debug] [sms]client IP:118.89.52.235
[2018-08-28 21:10:07][debug] [sms]start:1535461807
[2018-08-28 21:10:10][debug] [sms]all num:10
[2018-08-28 21:10:10][debug] [sms]run num:10
[2018-08-28 21:10:10][debug] [sms]ok num:0
[2018-08-28 21:10:10][debug] [sms]no num:0
[2018-08-28 21:10:10][debug] [sms]run time:3
[2018-08-28 21:10:10][debug] [sms]end:1535461810
[2018-08-28 21:10:10][debug] [sms]page:https://bbs.bivfw.top/plugin.php?id=tom_tchongbao:ajax&act=nitice_sms_hb_run&site=1&tongcheng_id=533&hongbao_id=57&page=85
[2018-08-28 21:10:10][debug] [sms]hongbao id:57
[2018-08-28 21:10:10][debug] [sms]page:85
[2018-08-28 21:10:10][debug] [sms]client IP:118.89.52.235
[2018-08-28 21:10:10][debug] [sms]start:1535461810
[2018-08-28 21:10:14][debug] [sms]all num:10
[2018-08-28 21:10:14][debug] [sms]run num:10
[2018-08-28 21:10:14][debug] [sms]ok num:0
[2018-08-28 21:10:14][debug] [sms]no num:0
[2018-08-28 21:10:14][debug] [sms]run time:4
[2018-08-28 21:10:14][debug] [sms]end:1535461814
[2018-08-28 21:10:14][debug] [sms]page:https://bbs.bivfw.top/plugin.php?id=tom_tchongbao:ajax&act=nitice_sms_hb_run&site=1&tongcheng_id=533&hongbao_id=57&page=86
[2018-08-28 21:10:14][debug] [sms]hongbao id:57
[2018-08-28 21:10:14][debug] [sms]page:86
[2018-08-28 21:10:14][debug] [sms]client IP:118.89.52.235
[2018-08-28 21:10:14][debug] [sms]start:1535461814
[2018-08-28 21:10:17][debug] [sms]all num:10
[2018-08-28 21:10:17][debug] [sms]run num:10
[2018-08-28 21:10:17][debug] [sms]ok num:5
[2018-08-28 21:10:17][debug] [sms]no num:0
[2018-08-28 21:10:17][debug] [sms]run time:3
[2018-08-28 21:10:17][debug] [sms]end:1535461817
[2018-08-28 21:10:17][debug] [sms]page:https://bbs.bivfw.top/plugin.php?id=tom_tchongbao:ajax&act=nitice_sms_hb_run&site=1&tongcheng_id=533&hongbao_id=57&page=87
[2018-08-28 21:10:18][debug] [sms]hongbao id:57
[2018-08-28 21:10:18][debug] [sms]page:87
[2018-08-28 21:10:18][debug] [sms]client IP:118.89.52.235
[2018-08-28 21:10:18][debug] [sms]start:1535461818
[2018-08-28 21:10:21][debug] [sms]all num:10
[2018-08-28 21:10:21][debug] [sms]run num:10
[2018-08-28 21:10:21][debug] [sms]ok num:2
[2018-08-28 21:10:21][debug] [sms]no num:0
[2018-08-28 21:10:21][debug] [sms]run time:3
[2018-08-28 21:10:21][debug] [sms]end:1535461821
[2018-08-28 21:10:21][debug] [sms]page:https://bbs.bivfw.top/plugin.php?id=tom_tchongbao:ajax&act=nitice_sms_hb_run&site=1&tongcheng_id=533&hongbao_id=57&page=88
[2018-08-28 21:10:21][debug] [sms]hongbao id:57
[2018-08-28 21:10:21][debug] [sms]page:88
[2018-08-28 21:10:21][debug] [sms]client IP:118.89.52.235
[2018-08-28 21:10:21][debug] [sms]start:1535461821
[2018-08-28 21:10:24][debug] [sms]all num:10
[2018-08-28 21:10:24][debug] [sms]run num:10
[2018-08-28 21:10:24][debug] [sms]ok num:4
[2018-08-28 21:10:24][debug] [sms]no num:0
[2018-08-28 21:10:24][debug] [sms]run time:3
[2018-08-28 21:10:24][debug] [sms]end:1535461824
[2018-08-28 21:10:24][debug] [sms]page:https://bbs.bivfw.top/plugin.php?id=tom_tchongbao:ajax&act=nitice_sms_hb_run&site=1&tongcheng_id=533&hongbao_id=57&page=89
[2018-08-28 21:10:24][debug] [sms]hongbao id:57
[2018-08-28 21:10:24][debug] [sms]page:89
[2018-08-28 21:10:24][debug] [sms]client IP:118.89.52.235
[2018-08-28 21:10:24][debug] [sms]start:1535461824
[2018-08-28 21:10:27][debug] [sms]all num:10
[2018-08-28 21:10:27][debug] [sms]run num:10
[2018-08-28 21:10:27][debug] [sms]ok num:7
[2018-08-28 21:10:27][debug] [sms]no num:0
[2018-08-28 21:10:27][debug] [sms]run time:3
[2018-08-28 21:10:27][debug] [sms]end:1535461827
[2018-08-28 21:10:27][debug] [sms]page:https://bbs.bivfw.top/plugin.php?id=tom_tchongbao:ajax&act=nitice_sms_hb_run&site=1&tongcheng_id=533&hongbao_id=57&page=90
[2018-08-28 21:10:27][debug] [sms]hongbao id:57
[2018-08-28 21:10:27][debug] [sms]page:90
[2018-08-28 21:10:27][debug] [sms]client IP:118.89.52.235
[2018-08-28 21:10:27][debug] [sms]start:1535461827
[2018-08-28 21:10:31][debug] [sms]all num:10
[2018-08-28 21:10:31][debug] [sms]run num:10
[2018-08-28 21:10:31][debug] [sms]ok num:5
[2018-08-28 21:10:31][debug] [sms]no num:0
[2018-08-28 21:10:31][debug] [sms]run time:4
[2018-08-28 21:10:31][debug] [sms]end:1535461831
[2018-08-28 21:10:31][debug] [sms]page:https://bbs.bivfw.top/plugin.php?id=tom_tchongbao:ajax&act=nitice_sms_hb_run&site=1&tongcheng_id=533&hongbao_id=57&page=91
[2018-08-28 21:10:31][debug] [sms]hongbao id:57
[2018-08-28 21:10:31][debug] [sms]page:91
[2018-08-28 21:10:31][debug] [sms]client IP:118.89.52.235
[2018-08-28 21:10:31][debug] [sms]start:1535461831
[2018-08-28 21:10:34][debug] [sms]all num:10
[2018-08-28 21:10:34][debug] [sms]run num:9
[2018-08-28 21:10:34][debug] [sms]ok num:0
[2018-08-28 21:10:34][debug] [sms]no num:0
[2018-08-28 21:10:34][debug] [sms]run time:3
[2018-08-28 21:10:34][debug] [sms]end:1535461834
[2018-08-28 21:10:34][debug] [sms]page:https://bbs.bivfw.top/plugin.php?id=tom_tchongbao:ajax&act=nitice_sms_hb_run&site=1&tongcheng_id=533&hongbao_id=57&page=92
[2018-08-28 21:10:34][debug] [sms]hongbao id:57
[2018-08-28 21:10:34][debug] [sms]page:92
[2018-08-28 21:10:34][debug] [sms]client IP:118.89.52.235
[2018-08-28 21:10:34][debug] [sms]start:1535461834
[2018-08-28 21:10:37][debug] [sms]all num:10
[2018-08-28 21:10:37][debug] [sms]run num:10
[2018-08-28 21:10:37][debug] [sms]ok num:1
[2018-08-28 21:10:37][debug] [sms]no num:0
[2018-08-28 21:10:37][debug] [sms]run time:3
[2018-08-28 21:10:37][debug] [sms]end:1535461837
[2018-08-28 21:10:37][debug] [sms]page:https://bbs.bivfw.top/plugin.php?id=tom_tchongbao:ajax&act=nitice_sms_hb_run&site=1&tongcheng_id=533&hongbao_id=57&page=93
[2018-08-28 21:10:37][debug] [sms]hongbao id:57
[2018-08-28 21:10:37][debug] [sms]page:93
[2018-08-28 21:10:37][debug] [sms]client IP:118.89.52.235
[2018-08-28 21:10:37][debug] [sms]start:1535461837
[2018-08-28 21:10:40][debug] [sms]all num:10
[2018-08-28 21:10:40][debug] [sms]run num:10
[2018-08-28 21:10:40][debug] [sms]ok num:8
[2018-08-28 21:10:40][debug] [sms]no num:0
[2018-08-28 21:10:40][debug] [sms]run time:3
[2018-08-28 21:10:40][debug] [sms]end:1535461840
[2018-08-28 21:10:40][debug] [sms]page:https://bbs.bivfw.top/plugin.php?id=tom_tchongbao:ajax&act=nitice_sms_hb_run&site=1&tongcheng_id=533&hongbao_id=57&page=94
[2018-08-28 21:10:40][debug] [sms]hongbao id:57
[2018-08-28 21:10:40][debug] [sms]page:94
[2018-08-28 21:10:40][debug] [sms]client IP:118.89.52.235
[2018-08-28 21:10:40][debug] [sms]start:1535461840
[2018-08-28 21:10:43][debug] [sms]all num:10
[2018-08-28 21:10:43][debug] [sms]run num:10
[2018-08-28 21:10:43][debug] [sms]ok num:5
[2018-08-28 21:10:43][debug] [sms]no num:0
[2018-08-28 21:10:43][debug] [sms]run time:3
[2018-08-28 21:10:43][debug] [sms]end:1535461843
[2018-08-28 21:10:43][debug] [sms]page:https://bbs.bivfw.top/plugin.php?id=tom_tchongbao:ajax&act=nitice_sms_hb_run&site=1&tongcheng_id=533&hongbao_id=57&page=95
[2018-08-28 21:10:43][debug] [sms]hongbao id:57
[2018-08-28 21:10:43][debug] [sms]page:95
[2018-08-28 21:10:43][debug] [sms]client IP:118.89.52.235
[2018-08-28 21:10:43][debug] [sms]start:1535461843
[2018-08-28 21:10:46][debug] [sms]all num:10
[2018-08-28 21:10:46][debug] [sms]run num:10
[2018-08-28 21:10:46][debug] [sms]ok num:2
[2018-08-28 21:10:46][debug] [sms]no num:0
[2018-08-28 21:10:46][debug] [sms]run time:3
[2018-08-28 21:10:46][debug] [sms]end:1535461846
[2018-08-28 21:10:46][debug] [sms]page:https://bbs.bivfw.top/plugin.php?id=tom_tchongbao:ajax&act=nitice_sms_hb_run&site=1&tongcheng_id=533&hongbao_id=57&page=96
[2018-08-28 21:10:46][debug] [sms]hongbao id:57
[2018-08-28 21:10:46][debug] [sms]page:96
[2018-08-28 21:10:46][debug] [sms]client IP:118.89.52.235
[2018-08-28 21:10:46][debug] [sms]start:1535461846
[2018-08-28 21:10:49][debug] [sms]all num:10
[2018-08-28 21:10:49][debug] [sms]run num:10
[2018-08-28 21:10:49][debug] [sms]ok num:0
[2018-08-28 21:10:49][debug] [sms]no num:0
[2018-08-28 21:10:49][debug] [sms]run time:3
[2018-08-28 21:10:49][debug] [sms]end:1535461849
[2018-08-28 21:10:49][debug] [sms]page:https://bbs.bivfw.top/plugin.php?id=tom_tchongbao:ajax&act=nitice_sms_hb_run&site=1&tongcheng_id=533&hongbao_id=57&page=97
[2018-08-28 21:10:49][debug] [sms]hongbao id:57
[2018-08-28 21:10:49][debug] [sms]page:97
[2018-08-28 21:10:49][debug] [sms]client IP:118.89.52.235
[2018-08-28 21:10:49][debug] [sms]start:1535461849
[2018-08-28 21:10:52][debug] [sms]all num:10
[2018-08-28 21:10:52][debug] [sms]run num:10
[2018-08-28 21:10:52][debug] [sms]ok num:0
[2018-08-28 21:10:52][debug] [sms]no num:0
[2018-08-28 21:10:52][debug] [sms]run time:3
[2018-08-28 21:10:52][debug] [sms]end:1535461852
[2018-08-28 21:10:52][debug] [sms]page:https://bbs.bivfw.top/plugin.php?id=tom_tchongbao:ajax&act=nitice_sms_hb_run&site=1&tongcheng_id=533&hongbao_id=57&page=98
[2018-08-28 21:10:53][debug] [sms]hongbao id:57
[2018-08-28 21:10:53][debug] [sms]page:98
[2018-08-28 21:10:53][debug] [sms]client IP:118.89.52.235
[2018-08-28 21:10:53][debug] [sms]start:1535461853
[2018-08-28 21:10:57][debug] [sms]all num:10
[2018-08-28 21:10:57][debug] [sms]run num:10
[2018-08-28 21:10:57][debug] [sms]ok num:0
[2018-08-28 21:10:57][debug] [sms]no num:0
[2018-08-28 21:10:57][debug] [sms]run time:4
[2018-08-28 21:10:57][debug] [sms]end:1535461857
[2018-08-28 21:10:57][debug] [sms]page:https://bbs.bivfw.top/plugin.php?id=tom_tchongbao:ajax&act=nitice_sms_hb_run&site=1&tongcheng_id=533&hongbao_id=57&page=99
[2018-08-28 21:10:57][debug] [sms]hongbao id:57
[2018-08-28 21:10:57][debug] [sms]page:99
[2018-08-28 21:10:57][debug] [sms]client IP:118.89.52.235
[2018-08-28 21:10:57][debug] [sms]start:1535461857
[2018-08-28 21:11:00][debug] [sms]all num:10
[2018-08-28 21:11:00][debug] [sms]run num:10
[2018-08-28 21:11:00][debug] [sms]ok num:3
[2018-08-28 21:11:00][debug] [sms]no num:0
[2018-08-28 21:11:00][debug] [sms]run time:3
[2018-08-28 21:11:00][debug] [sms]end:1535461860
[2018-08-28 21:11:00][debug] [sms]page:https://bbs.bivfw.top/plugin.php?id=tom_tchongbao:ajax&act=nitice_sms_hb_run&site=1&tongcheng_id=533&hongbao_id=57&page=100
[2018-08-28 21:11:00][debug] [sms]hongbao id:57
[2018-08-28 21:11:00][debug] [sms]page:100
[2018-08-28 21:11:00][debug] [sms]client IP:118.89.52.235
[2018-08-28 21:11:00][debug] [sms]start:1535461860
[2018-08-28 21:11:04][debug] [sms]all num:10
[2018-08-28 21:11:04][debug] [sms]run num:10
[2018-08-28 21:11:04][debug] [sms]ok num:5
[2018-08-28 21:11:04][debug] [sms]no num:0
[2018-08-28 21:11:04][debug] [sms]run time:4
[2018-08-28 21:11:04][debug] [sms]end:1535461864
[2018-08-28 21:11:04][debug] [sms]page:https://bbs.bivfw.top/plugin.php?id=tom_tchongbao:ajax&act=nitice_sms_hb_run&site=1&tongcheng_id=533&hongbao_id=57&page=101
[2018-08-28 21:11:04][debug] [sms]--------------------- over 101 -------------------------
