[2018-06-14 10:30:03][debug] [sms]--------------------- new -------------------------
[2018-06-14 10:30:03][debug] [sms]hongbao id:46
[2018-06-14 10:30:03][debug] [sms]page:1
[2018-06-14 10:30:03][debug] [sms]client IP:123.115.9.26
[2018-06-14 10:30:03][debug] [sms]start:1528943403
[2018-06-14 10:30:06][debug] [sms]all num:10
[2018-06-14 10:30:06][debug] [sms]run num:10
[2018-06-14 10:30:06][debug] [sms]ok num:8
[2018-06-14 10:30:06][debug] [sms]no num:0
[2018-06-14 10:30:06][debug] [sms]run time:3
[2018-06-14 10:30:06][debug] [sms]end:1528943406
[2018-06-14 10:30:06][debug] [sms]page:https://bbs.bivdg.top/plugin.php?id=tom_tchongbao:ajax&act=nitice_sms_hb_run&site=1&tongcheng_id=354&hongbao_id=46&page=2
[2018-06-14 10:30:07][debug] [sms]hongbao id:46
[2018-06-14 10:30:07][debug] [sms]page:2
[2018-06-14 10:30:07][debug] [sms]client IP:118.89.52.235
[2018-06-14 10:30:07][debug] [sms]start:1528943407
[2018-06-14 10:30:10][debug] [sms]all num:10
[2018-06-14 10:30:10][debug] [sms]run num:10
[2018-06-14 10:30:10][debug] [sms]ok num:9
[2018-06-14 10:30:10][debug] [sms]no num:0
[2018-06-14 10:30:10][debug] [sms]run time:3
[2018-06-14 10:30:10][debug] [sms]end:1528943410
[2018-06-14 10:30:10][debug] [sms]page:https://bbs.bivdg.top/plugin.php?id=tom_tchongbao:ajax&act=nitice_sms_hb_run&site=1&tongcheng_id=354&hongbao_id=46&page=3
[2018-06-14 10:30:10][debug] [sms]hongbao id:46
[2018-06-14 10:30:10][debug] [sms]page:3
[2018-06-14 10:30:10][debug] [sms]client IP:118.89.52.235
[2018-06-14 10:30:10][debug] [sms]start:1528943410
[2018-06-14 10:30:13][debug] [sms]all num:10
[2018-06-14 10:30:13][debug] [sms]run num:10
[2018-06-14 10:30:13][debug] [sms]ok num:6
[2018-06-14 10:30:13][debug] [sms]no num:0
[2018-06-14 10:30:13][debug] [sms]run time:3
[2018-06-14 10:30:13][debug] [sms]end:1528943413
[2018-06-14 10:30:13][debug] [sms]page:https://bbs.bivdg.top/plugin.php?id=tom_tchongbao:ajax&act=nitice_sms_hb_run&site=1&tongcheng_id=354&hongbao_id=46&page=4
[2018-06-14 10:30:14][debug] [sms]hongbao id:46
[2018-06-14 10:30:14][debug] [sms]page:4
[2018-06-14 10:30:14][debug] [sms]client IP:118.89.52.235
[2018-06-14 10:30:14][debug] [sms]start:1528943414
[2018-06-14 10:30:17][debug] [sms]all num:10
[2018-06-14 10:30:17][debug] [sms]run num:10
[2018-06-14 10:30:17][debug] [sms]ok num:4
[2018-06-14 10:30:17][debug] [sms]no num:0
[2018-06-14 10:30:17][debug] [sms]run time:3
[2018-06-14 10:30:17][debug] [sms]end:1528943417
[2018-06-14 10:30:17][debug] [sms]page:https://bbs.bivdg.top/plugin.php?id=tom_tchongbao:ajax&act=nitice_sms_hb_run&site=1&tongcheng_id=354&hongbao_id=46&page=5
[2018-06-14 10:30:17][debug] [sms]hongbao id:46
[2018-06-14 10:30:17][debug] [sms]page:5
[2018-06-14 10:30:17][debug] [sms]client IP:118.89.52.235
[2018-06-14 10:30:17][debug] [sms]start:1528943417
[2018-06-14 10:30:20][debug] [sms]all num:10
[2018-06-14 10:30:20][debug] [sms]run num:10
[2018-06-14 10:30:20][debug] [sms]ok num:5
[2018-06-14 10:30:20][debug] [sms]no num:0
[2018-06-14 10:30:20][debug] [sms]run time:3
[2018-06-14 10:30:20][debug] [sms]end:1528943420
[2018-06-14 10:30:20][debug] [sms]page:https://bbs.bivdg.top/plugin.php?id=tom_tchongbao:ajax&act=nitice_sms_hb_run&site=1&tongcheng_id=354&hongbao_id=46&page=6
[2018-06-14 10:30:20][debug] [sms]hongbao id:46
[2018-06-14 10:30:20][debug] [sms]page:6
[2018-06-14 10:30:20][debug] [sms]client IP:118.89.52.235
[2018-06-14 10:30:20][debug] [sms]start:1528943420
[2018-06-14 10:30:23][debug] [sms]all num:10
[2018-06-14 10:30:23][debug] [sms]run num:10
[2018-06-14 10:30:23][debug] [sms]ok num:5
[2018-06-14 10:30:23][debug] [sms]no num:0
[2018-06-14 10:30:23][debug] [sms]run time:3
[2018-06-14 10:30:23][debug] [sms]end:1528943423
[2018-06-14 10:30:23][debug] [sms]page:https://bbs.bivdg.top/plugin.php?id=tom_tchongbao:ajax&act=nitice_sms_hb_run&site=1&tongcheng_id=354&hongbao_id=46&page=7
[2018-06-14 10:30:24][debug] [sms]hongbao id:46
[2018-06-14 10:30:24][debug] [sms]page:7
[2018-06-14 10:30:24][debug] [sms]client IP:118.89.52.235
[2018-06-14 10:30:24][debug] [sms]start:1528943424
[2018-06-14 10:30:27][debug] [sms]all num:10
[2018-06-14 10:30:27][debug] [sms]run num:10
[2018-06-14 10:30:27][debug] [sms]ok num:8
[2018-06-14 10:30:27][debug] [sms]no num:0
[2018-06-14 10:30:27][debug] [sms]run time:3
[2018-06-14 10:30:27][debug] [sms]end:1528943427
[2018-06-14 10:30:27][debug] [sms]page:https://bbs.bivdg.top/plugin.php?id=tom_tchongbao:ajax&act=nitice_sms_hb_run&site=1&tongcheng_id=354&hongbao_id=46&page=8
[2018-06-14 10:30:27][debug] [sms]hongbao id:46
[2018-06-14 10:30:27][debug] [sms]page:8
[2018-06-14 10:30:27][debug] [sms]client IP:118.89.52.235
[2018-06-14 10:30:27][debug] [sms]start:1528943427
[2018-06-14 10:30:30][debug] [sms]all num:10
[2018-06-14 10:30:30][debug] [sms]run num:10
[2018-06-14 10:30:30][debug] [sms]ok num:4
[2018-06-14 10:30:30][debug] [sms]no num:0
[2018-06-14 10:30:30][debug] [sms]run time:3
[2018-06-14 10:30:30][debug] [sms]end:1528943430
[2018-06-14 10:30:30][debug] [sms]page:https://bbs.bivdg.top/plugin.php?id=tom_tchongbao:ajax&act=nitice_sms_hb_run&site=1&tongcheng_id=354&hongbao_id=46&page=9
[2018-06-14 10:30:31][debug] [sms]hongbao id:46
[2018-06-14 10:30:31][debug] [sms]page:9
[2018-06-14 10:30:31][debug] [sms]client IP:118.89.52.235
[2018-06-14 10:30:31][debug] [sms]start:1528943431
[2018-06-14 10:30:34][debug] [sms]all num:10
[2018-06-14 10:30:34][debug] [sms]run num:10
[2018-06-14 10:30:34][debug] [sms]ok num:9
[2018-06-14 10:30:34][debug] [sms]no num:0
[2018-06-14 10:30:34][debug] [sms]run time:3
[2018-06-14 10:30:34][debug] [sms]end:1528943434
[2018-06-14 10:30:34][debug] [sms]page:https://bbs.bivdg.top/plugin.php?id=tom_tchongbao:ajax&act=nitice_sms_hb_run&site=1&tongcheng_id=354&hongbao_id=46&page=10
[2018-06-14 10:30:35][debug] [sms]hongbao id:46
[2018-06-14 10:30:35][debug] [sms]page:10
[2018-06-14 10:30:35][debug] [sms]client IP:118.89.52.235
[2018-06-14 10:30:35][debug] [sms]start:1528943435
[2018-06-14 10:30:38][debug] [sms]all num:10
[2018-06-14 10:30:38][debug] [sms]run num:9
[2018-06-14 10:30:38][debug] [sms]ok num:7
[2018-06-14 10:30:38][debug] [sms]no num:0
[2018-06-14 10:30:38][debug] [sms]run time:3
[2018-06-14 10:30:38][debug] [sms]end:1528943438
[2018-06-14 10:30:38][debug] [sms]page:https://bbs.bivdg.top/plugin.php?id=tom_tchongbao:ajax&act=nitice_sms_hb_run&site=1&tongcheng_id=354&hongbao_id=46&page=11
[2018-06-14 10:30:38][debug] [sms]hongbao id:46
[2018-06-14 10:30:38][debug] [sms]page:11
[2018-06-14 10:30:38][debug] [sms]client IP:118.89.52.235
[2018-06-14 10:30:38][debug] [sms]start:1528943438
[2018-06-14 10:30:42][debug] [sms]all num:10
[2018-06-14 10:30:42][debug] [sms]run num:10
[2018-06-14 10:30:42][debug] [sms]ok num:10
[2018-06-14 10:30:42][debug] [sms]no num:0
[2018-06-14 10:30:42][debug] [sms]run time:4
[2018-06-14 10:30:42][debug] [sms]end:1528943442
[2018-06-14 10:30:42][debug] [sms]page:https://bbs.bivdg.top/plugin.php?id=tom_tchongbao:ajax&act=nitice_sms_hb_run&site=1&tongcheng_id=354&hongbao_id=46&page=12
[2018-06-14 10:30:42][debug] [sms]hongbao id:46
[2018-06-14 10:30:42][debug] [sms]page:12
[2018-06-14 10:30:42][debug] [sms]client IP:118.89.52.235
[2018-06-14 10:30:42][debug] [sms]start:1528943442
[2018-06-14 10:30:45][debug] [sms]all num:10
[2018-06-14 10:30:45][debug] [sms]run num:10
[2018-06-14 10:30:45][debug] [sms]ok num:8
[2018-06-14 10:30:45][debug] [sms]no num:0
[2018-06-14 10:30:45][debug] [sms]run time:3
[2018-06-14 10:30:45][debug] [sms]end:1528943445
[2018-06-14 10:30:45][debug] [sms]page:https://bbs.bivdg.top/plugin.php?id=tom_tchongbao:ajax&act=nitice_sms_hb_run&site=1&tongcheng_id=354&hongbao_id=46&page=13
[2018-06-14 10:30:45][debug] [sms]hongbao id:46
[2018-06-14 10:30:45][debug] [sms]page:13
[2018-06-14 10:30:45][debug] [sms]client IP:118.89.52.235
[2018-06-14 10:30:45][debug] [sms]start:1528943445
[2018-06-14 10:30:48][debug] [sms]all num:10
[2018-06-14 10:30:48][debug] [sms]run num:10
[2018-06-14 10:30:48][debug] [sms]ok num:8
[2018-06-14 10:30:48][debug] [sms]no num:0
[2018-06-14 10:30:48][debug] [sms]run time:3
[2018-06-14 10:30:48][debug] [sms]end:1528943448
[2018-06-14 10:30:48][debug] [sms]page:https://bbs.bivdg.top/plugin.php?id=tom_tchongbao:ajax&act=nitice_sms_hb_run&site=1&tongcheng_id=354&hongbao_id=46&page=14
[2018-06-14 10:30:48][debug] [sms]hongbao id:46
[2018-06-14 10:30:48][debug] [sms]page:14
[2018-06-14 10:30:48][debug] [sms]client IP:118.89.52.235
[2018-06-14 10:30:48][debug] [sms]start:1528943448
[2018-06-14 10:30:51][debug] [sms]all num:10
[2018-06-14 10:30:51][debug] [sms]run num:10
[2018-06-14 10:30:51][debug] [sms]ok num:8
[2018-06-14 10:30:51][debug] [sms]no num:0
[2018-06-14 10:30:51][debug] [sms]run time:3
[2018-06-14 10:30:51][debug] [sms]end:1528943451
[2018-06-14 10:30:51][debug] [sms]page:https://bbs.bivdg.top/plugin.php?id=tom_tchongbao:ajax&act=nitice_sms_hb_run&site=1&tongcheng_id=354&hongbao_id=46&page=15
[2018-06-14 10:30:51][debug] [sms]hongbao id:46
[2018-06-14 10:30:51][debug] [sms]page:15
[2018-06-14 10:30:51][debug] [sms]client IP:118.89.52.235
[2018-06-14 10:30:51][debug] [sms]start:1528943451
[2018-06-14 10:30:54][debug] [sms]all num:10
[2018-06-14 10:30:54][debug] [sms]run num:10
[2018-06-14 10:30:54][debug] [sms]ok num:10
[2018-06-14 10:30:54][debug] [sms]no num:0
[2018-06-14 10:30:54][debug] [sms]run time:3
[2018-06-14 10:30:54][debug] [sms]end:1528943454
[2018-06-14 10:30:54][debug] [sms]page:https://bbs.bivdg.top/plugin.php?id=tom_tchongbao:ajax&act=nitice_sms_hb_run&site=1&tongcheng_id=354&hongbao_id=46&page=16
[2018-06-14 10:30:54][debug] [sms]hongbao id:46
[2018-06-14 10:30:54][debug] [sms]page:16
[2018-06-14 10:30:54][debug] [sms]client IP:118.89.52.235
[2018-06-14 10:30:54][debug] [sms]start:1528943454
[2018-06-14 10:30:57][debug] [sms]all num:10
[2018-06-14 10:30:57][debug] [sms]run num:10
[2018-06-14 10:30:57][debug] [sms]ok num:10
[2018-06-14 10:30:57][debug] [sms]no num:0
[2018-06-14 10:30:57][debug] [sms]run time:3
[2018-06-14 10:30:57][debug] [sms]end:1528943457
[2018-06-14 10:30:57][debug] [sms]page:https://bbs.bivdg.top/plugin.php?id=tom_tchongbao:ajax&act=nitice_sms_hb_run&site=1&tongcheng_id=354&hongbao_id=46&page=17
[2018-06-14 10:30:58][debug] [sms]hongbao id:46
[2018-06-14 10:30:58][debug] [sms]page:17
[2018-06-14 10:30:58][debug] [sms]client IP:118.89.52.235
[2018-06-14 10:30:58][debug] [sms]start:1528943458
[2018-06-14 10:31:01][debug] [sms]all num:10
[2018-06-14 10:31:01][debug] [sms]run num:10
[2018-06-14 10:31:01][debug] [sms]ok num:10
[2018-06-14 10:31:01][debug] [sms]no num:0
[2018-06-14 10:31:01][debug] [sms]run time:3
[2018-06-14 10:31:01][debug] [sms]end:1528943461
[2018-06-14 10:31:01][debug] [sms]page:https://bbs.bivdg.top/plugin.php?id=tom_tchongbao:ajax&act=nitice_sms_hb_run&site=1&tongcheng_id=354&hongbao_id=46&page=18
[2018-06-14 10:31:01][debug] [sms]hongbao id:46
[2018-06-14 10:31:01][debug] [sms]page:18
[2018-06-14 10:31:01][debug] [sms]client IP:118.89.52.235
[2018-06-14 10:31:01][debug] [sms]start:1528943461
[2018-06-14 10:31:04][debug] [sms]all num:10
[2018-06-14 10:31:04][debug] [sms]run num:10
[2018-06-14 10:31:04][debug] [sms]ok num:9
[2018-06-14 10:31:04][debug] [sms]no num:0
[2018-06-14 10:31:04][debug] [sms]run time:3
[2018-06-14 10:31:04][debug] [sms]end:1528943464
[2018-06-14 10:31:04][debug] [sms]page:https://bbs.bivdg.top/plugin.php?id=tom_tchongbao:ajax&act=nitice_sms_hb_run&site=1&tongcheng_id=354&hongbao_id=46&page=19
[2018-06-14 10:31:05][debug] [sms]hongbao id:46
[2018-06-14 10:31:05][debug] [sms]page:19
[2018-06-14 10:31:05][debug] [sms]client IP:118.89.52.235
[2018-06-14 10:31:05][debug] [sms]start:1528943465
[2018-06-14 10:31:09][debug] [sms]all num:10
[2018-06-14 10:31:09][debug] [sms]run num:10
[2018-06-14 10:31:09][debug] [sms]ok num:9
[2018-06-14 10:31:09][debug] [sms]no num:1
[2018-06-14 10:31:09][debug] [sms]run time:4
[2018-06-14 10:31:09][debug] [sms]end:1528943469
[2018-06-14 10:31:09][debug] [sms]page:https://bbs.bivdg.top/plugin.php?id=tom_tchongbao:ajax&act=nitice_sms_hb_run&site=1&tongcheng_id=354&hongbao_id=46&page=20
[2018-06-14 10:31:10][debug] [sms]hongbao id:46
[2018-06-14 10:31:10][debug] [sms]page:20
[2018-06-14 10:31:10][debug] [sms]client IP:118.89.52.235
[2018-06-14 10:31:10][debug] [sms]start:1528943470
[2018-06-14 10:31:13][debug] [sms]all num:10
[2018-06-14 10:31:13][debug] [sms]run num:10
[2018-06-14 10:31:13][debug] [sms]ok num:4
[2018-06-14 10:31:13][debug] [sms]no num:0
[2018-06-14 10:31:13][debug] [sms]run time:3
[2018-06-14 10:31:13][debug] [sms]end:1528943473
[2018-06-14 10:31:13][debug] [sms]page:https://bbs.bivdg.top/plugin.php?id=tom_tchongbao:ajax&act=nitice_sms_hb_run&site=1&tongcheng_id=354&hongbao_id=46&page=21
[2018-06-14 10:31:14][debug] [sms]hongbao id:46
[2018-06-14 10:31:14][debug] [sms]page:21
[2018-06-14 10:31:14][debug] [sms]client IP:118.89.52.235
[2018-06-14 10:31:14][debug] [sms]start:1528943474
[2018-06-14 10:31:17][debug] [sms]all num:10
[2018-06-14 10:31:17][debug] [sms]run num:10
[2018-06-14 10:31:17][debug] [sms]ok num:9
[2018-06-14 10:31:17][debug] [sms]no num:0
[2018-06-14 10:31:17][debug] [sms]run time:3
[2018-06-14 10:31:17][debug] [sms]end:1528943477
[2018-06-14 10:31:17][debug] [sms]page:https://bbs.bivdg.top/plugin.php?id=tom_tchongbao:ajax&act=nitice_sms_hb_run&site=1&tongcheng_id=354&hongbao_id=46&page=22
[2018-06-14 10:31:19][debug] [sms]hongbao id:46
[2018-06-14 10:31:19][debug] [sms]page:22
[2018-06-14 10:31:19][debug] [sms]client IP:118.89.52.235
[2018-06-14 10:31:19][debug] [sms]start:1528943479
[2018-06-14 10:31:23][debug] [sms]all num:10
[2018-06-14 10:31:23][debug] [sms]run num:10
[2018-06-14 10:31:23][debug] [sms]ok num:8
[2018-06-14 10:31:23][debug] [sms]no num:0
[2018-06-14 10:31:23][debug] [sms]run time:4
[2018-06-14 10:31:23][debug] [sms]end:1528943483
[2018-06-14 10:31:23][debug] [sms]page:https://bbs.bivdg.top/plugin.php?id=tom_tchongbao:ajax&act=nitice_sms_hb_run&site=1&tongcheng_id=354&hongbao_id=46&page=23
[2018-06-14 10:31:25][debug] [sms]hongbao id:46
[2018-06-14 10:31:25][debug] [sms]page:23
[2018-06-14 10:31:25][debug] [sms]client IP:118.89.52.235
[2018-06-14 10:31:25][debug] [sms]start:1528943485
[2018-06-14 10:31:28][debug] [sms]all num:10
[2018-06-14 10:31:28][debug] [sms]run num:10
[2018-06-14 10:31:28][debug] [sms]ok num:6
[2018-06-14 10:31:28][debug] [sms]no num:0
[2018-06-14 10:31:28][debug] [sms]run time:3
[2018-06-14 10:31:28][debug] [sms]end:1528943488
[2018-06-14 10:31:28][debug] [sms]page:https://bbs.bivdg.top/plugin.php?id=tom_tchongbao:ajax&act=nitice_sms_hb_run&site=1&tongcheng_id=354&hongbao_id=46&page=24
[2018-06-14 10:31:30][debug] [sms]hongbao id:46
[2018-06-14 10:31:30][debug] [sms]page:24
[2018-06-14 10:31:30][debug] [sms]client IP:118.89.52.235
[2018-06-14 10:31:30][debug] [sms]start:1528943490
[2018-06-14 10:31:34][debug] [sms]all num:10
[2018-06-14 10:31:34][debug] [sms]run num:10
[2018-06-14 10:31:34][debug] [sms]ok num:8
[2018-06-14 10:31:34][debug] [sms]no num:0
[2018-06-14 10:31:34][debug] [sms]run time:4
[2018-06-14 10:31:34][debug] [sms]end:1528943494
[2018-06-14 10:31:34][debug] [sms]page:https://bbs.bivdg.top/plugin.php?id=tom_tchongbao:ajax&act=nitice_sms_hb_run&site=1&tongcheng_id=354&hongbao_id=46&page=25
[2018-06-14 10:31:35][debug] [sms]hongbao id:46
[2018-06-14 10:31:35][debug] [sms]page:25
[2018-06-14 10:31:35][debug] [sms]client IP:118.89.52.235
[2018-06-14 10:31:35][debug] [sms]start:1528943495
[2018-06-14 10:31:39][debug] [sms]all num:10
[2018-06-14 10:31:39][debug] [sms]run num:10
[2018-06-14 10:31:39][debug] [sms]ok num:8
[2018-06-14 10:31:39][debug] [sms]no num:0
[2018-06-14 10:31:39][debug] [sms]run time:4
[2018-06-14 10:31:39][debug] [sms]end:1528943499
[2018-06-14 10:31:39][debug] [sms]page:https://bbs.bivdg.top/plugin.php?id=tom_tchongbao:ajax&act=nitice_sms_hb_run&site=1&tongcheng_id=354&hongbao_id=46&page=26
[2018-06-14 10:31:40][debug] [sms]hongbao id:46
[2018-06-14 10:31:40][debug] [sms]page:26
[2018-06-14 10:31:40][debug] [sms]client IP:118.89.52.235
[2018-06-14 10:31:40][debug] [sms]start:1528943500
[2018-06-14 10:31:45][debug] [sms]all num:10
[2018-06-14 10:31:45][debug] [sms]run num:10
[2018-06-14 10:31:45][debug] [sms]ok num:5
[2018-06-14 10:31:45][debug] [sms]no num:0
[2018-06-14 10:31:45][debug] [sms]run time:5
[2018-06-14 10:31:45][debug] [sms]end:1528943505
[2018-06-14 10:31:45][debug] [sms]page:https://bbs.bivdg.top/plugin.php?id=tom_tchongbao:ajax&act=nitice_sms_hb_run&site=1&tongcheng_id=354&hongbao_id=46&page=27
[2018-06-14 10:31:46][debug] [sms]hongbao id:46
[2018-06-14 10:31:46][debug] [sms]page:27
[2018-06-14 10:31:46][debug] [sms]client IP:118.89.52.235
[2018-06-14 10:31:46][debug] [sms]start:1528943506
[2018-06-14 10:31:51][debug] [sms]all num:10
[2018-06-14 10:31:51][debug] [sms]run num:10
[2018-06-14 10:31:51][debug] [sms]ok num:8
[2018-06-14 10:31:51][debug] [sms]no num:0
[2018-06-14 10:31:51][debug] [sms]run time:5
[2018-06-14 10:31:51][debug] [sms]end:1528943511
[2018-06-14 10:31:51][debug] [sms]page:https://bbs.bivdg.top/plugin.php?id=tom_tchongbao:ajax&act=nitice_sms_hb_run&site=1&tongcheng_id=354&hongbao_id=46&page=28
[2018-06-14 10:31:51][debug] [sms]hongbao id:46
[2018-06-14 10:31:51][debug] [sms]page:28
[2018-06-14 10:31:51][debug] [sms]client IP:118.89.52.235
[2018-06-14 10:31:51][debug] [sms]start:1528943511
[2018-06-14 10:31:56][debug] [sms]all num:10
[2018-06-14 10:31:56][debug] [sms]run num:10
[2018-06-14 10:31:56][debug] [sms]ok num:5
[2018-06-14 10:31:56][debug] [sms]no num:0
[2018-06-14 10:31:56][debug] [sms]run time:5
[2018-06-14 10:31:56][debug] [sms]end:1528943516
[2018-06-14 10:31:56][debug] [sms]page:https://bbs.bivdg.top/plugin.php?id=tom_tchongbao:ajax&act=nitice_sms_hb_run&site=1&tongcheng_id=354&hongbao_id=46&page=29
[2018-06-14 10:31:56][debug] [sms]hongbao id:46
[2018-06-14 10:31:56][debug] [sms]page:29
[2018-06-14 10:31:56][debug] [sms]client IP:118.89.52.235
[2018-06-14 10:31:56][debug] [sms]start:1528943516
[2018-06-14 10:32:00][debug] [sms]all num:10
[2018-06-14 10:32:00][debug] [sms]run num:10
[2018-06-14 10:32:00][debug] [sms]ok num:8
[2018-06-14 10:32:00][debug] [sms]no num:0
[2018-06-14 10:32:00][debug] [sms]run time:4
[2018-06-14 10:32:00][debug] [sms]end:1528943520
[2018-06-14 10:32:00][debug] [sms]page:https://bbs.bivdg.top/plugin.php?id=tom_tchongbao:ajax&act=nitice_sms_hb_run&site=1&tongcheng_id=354&hongbao_id=46&page=30
[2018-06-14 10:32:00][debug] [sms]hongbao id:46
[2018-06-14 10:32:00][debug] [sms]page:30
[2018-06-14 10:32:00][debug] [sms]client IP:118.89.52.235
[2018-06-14 10:32:00][debug] [sms]start:1528943520
[2018-06-14 10:32:04][debug] [sms]all num:10
[2018-06-14 10:32:04][debug] [sms]run num:10
[2018-06-14 10:32:04][debug] [sms]ok num:9
[2018-06-14 10:32:04][debug] [sms]no num:0
[2018-06-14 10:32:04][debug] [sms]run time:4
[2018-06-14 10:32:04][debug] [sms]end:1528943524
[2018-06-14 10:32:04][debug] [sms]page:https://bbs.bivdg.top/plugin.php?id=tom_tchongbao:ajax&act=nitice_sms_hb_run&site=1&tongcheng_id=354&hongbao_id=46&page=31
[2018-06-14 10:32:05][debug] [sms]hongbao id:46
[2018-06-14 10:32:05][debug] [sms]page:31
[2018-06-14 10:32:05][debug] [sms]client IP:118.89.52.235
[2018-06-14 10:32:05][debug] [sms]start:1528943525
[2018-06-14 10:32:10][debug] [sms]all num:10
[2018-06-14 10:32:10][debug] [sms]run num:10
[2018-06-14 10:32:10][debug] [sms]ok num:8
[2018-06-14 10:32:10][debug] [sms]no num:0
[2018-06-14 10:32:10][debug] [sms]run time:5
[2018-06-14 10:32:10][debug] [sms]end:1528943530
[2018-06-14 10:32:10][debug] [sms]page:https://bbs.bivdg.top/plugin.php?id=tom_tchongbao:ajax&act=nitice_sms_hb_run&site=1&tongcheng_id=354&hongbao_id=46&page=32
[2018-06-14 10:32:10][debug] [sms]hongbao id:46
[2018-06-14 10:32:10][debug] [sms]page:32
[2018-06-14 10:32:10][debug] [sms]client IP:118.89.52.235
[2018-06-14 10:32:10][debug] [sms]start:1528943530
[2018-06-14 10:32:14][debug] [sms]all num:10
[2018-06-14 10:32:14][debug] [sms]run num:10
[2018-06-14 10:32:14][debug] [sms]ok num:9
[2018-06-14 10:32:14][debug] [sms]no num:0
[2018-06-14 10:32:14][debug] [sms]run time:4
[2018-06-14 10:32:14][debug] [sms]end:1528943534
[2018-06-14 10:32:14][debug] [sms]page:https://bbs.bivdg.top/plugin.php?id=tom_tchongbao:ajax&act=nitice_sms_hb_run&site=1&tongcheng_id=354&hongbao_id=46&page=33
[2018-06-14 10:32:14][debug] [sms]hongbao id:46
[2018-06-14 10:32:14][debug] [sms]page:33
[2018-06-14 10:32:14][debug] [sms]client IP:118.89.52.235
[2018-06-14 10:32:14][debug] [sms]start:1528943534
[2018-06-14 10:32:19][debug] [sms]all num:10
[2018-06-14 10:32:19][debug] [sms]run num:10
[2018-06-14 10:32:19][debug] [sms]ok num:3
[2018-06-14 10:32:19][debug] [sms]no num:0
[2018-06-14 10:32:19][debug] [sms]run time:5
[2018-06-14 10:32:19][debug] [sms]end:1528943539
[2018-06-14 10:32:19][debug] [sms]page:https://bbs.bivdg.top/plugin.php?id=tom_tchongbao:ajax&act=nitice_sms_hb_run&site=1&tongcheng_id=354&hongbao_id=46&page=34
[2018-06-14 10:32:19][debug] [sms]hongbao id:46
[2018-06-14 10:32:19][debug] [sms]page:34
[2018-06-14 10:32:19][debug] [sms]client IP:118.89.52.235
[2018-06-14 10:32:19][debug] [sms]start:1528943539
[2018-06-14 10:32:22][debug] [sms]all num:10
[2018-06-14 10:32:22][debug] [sms]run num:9
[2018-06-14 10:32:22][debug] [sms]ok num:2
[2018-06-14 10:32:22][debug] [sms]no num:0
[2018-06-14 10:32:22][debug] [sms]run time:3
[2018-06-14 10:32:22][debug] [sms]end:1528943542
[2018-06-14 10:32:22][debug] [sms]page:https://bbs.bivdg.top/plugin.php?id=tom_tchongbao:ajax&act=nitice_sms_hb_run&site=1&tongcheng_id=354&hongbao_id=46&page=35
[2018-06-14 10:32:23][debug] [sms]hongbao id:46
[2018-06-14 10:32:23][debug] [sms]page:35
[2018-06-14 10:32:23][debug] [sms]client IP:118.89.52.235
[2018-06-14 10:32:23][debug] [sms]start:1528943543
[2018-06-14 10:32:26][debug] [sms]all num:10
[2018-06-14 10:32:26][debug] [sms]run num:10
[2018-06-14 10:32:26][debug] [sms]ok num:1
[2018-06-14 10:32:26][debug] [sms]no num:0
[2018-06-14 10:32:26][debug] [sms]run time:3
[2018-06-14 10:32:26][debug] [sms]end:1528943546
[2018-06-14 10:32:26][debug] [sms]page:https://bbs.bivdg.top/plugin.php?id=tom_tchongbao:ajax&act=nitice_sms_hb_run&site=1&tongcheng_id=354&hongbao_id=46&page=36
[2018-06-14 10:32:28][debug] [sms]hongbao id:46
[2018-06-14 10:32:28][debug] [sms]page:36
[2018-06-14 10:32:28][debug] [sms]client IP:118.89.52.235
[2018-06-14 10:32:28][debug] [sms]start:1528943548
[2018-06-14 10:32:32][debug] [sms]all num:10
[2018-06-14 10:32:32][debug] [sms]run num:10
[2018-06-14 10:32:32][debug] [sms]ok num:3
[2018-06-14 10:32:32][debug] [sms]no num:0
[2018-06-14 10:32:32][debug] [sms]run time:4
[2018-06-14 10:32:32][debug] [sms]end:1528943552
[2018-06-14 10:32:32][debug] [sms]page:https://bbs.bivdg.top/plugin.php?id=tom_tchongbao:ajax&act=nitice_sms_hb_run&site=1&tongcheng_id=354&hongbao_id=46&page=37
[2018-06-14 10:32:33][debug] [sms]hongbao id:46
[2018-06-14 10:32:33][debug] [sms]page:37
[2018-06-14 10:32:33][debug] [sms]client IP:118.89.52.235
[2018-06-14 10:32:33][debug] [sms]start:1528943553
[2018-06-14 10:32:36][debug] [sms]all num:10
[2018-06-14 10:32:36][debug] [sms]run num:10
[2018-06-14 10:32:36][debug] [sms]ok num:5
[2018-06-14 10:32:36][debug] [sms]no num:0
[2018-06-14 10:32:36][debug] [sms]run time:3
[2018-06-14 10:32:36][debug] [sms]end:1528943556
[2018-06-14 10:32:36][debug] [sms]page:https://bbs.bivdg.top/plugin.php?id=tom_tchongbao:ajax&act=nitice_sms_hb_run&site=1&tongcheng_id=354&hongbao_id=46&page=38
[2018-06-14 10:32:36][debug] [sms]hongbao id:46
[2018-06-14 10:32:36][debug] [sms]page:38
[2018-06-14 10:32:36][debug] [sms]client IP:118.89.52.235
[2018-06-14 10:32:36][debug] [sms]start:1528943556
[2018-06-14 10:32:39][debug] [sms]all num:10
[2018-06-14 10:32:39][debug] [sms]run num:10
[2018-06-14 10:32:39][debug] [sms]ok num:6
[2018-06-14 10:32:39][debug] [sms]no num:0
[2018-06-14 10:32:39][debug] [sms]run time:3
[2018-06-14 10:32:39][debug] [sms]end:1528943559
[2018-06-14 10:32:40][debug] [sms]page:https://bbs.bivdg.top/plugin.php?id=tom_tchongbao:ajax&act=nitice_sms_hb_run&site=1&tongcheng_id=354&hongbao_id=46&page=39
[2018-06-14 10:32:40][debug] [sms]hongbao id:46
[2018-06-14 10:32:40][debug] [sms]page:39
[2018-06-14 10:32:40][debug] [sms]client IP:118.89.52.235
[2018-06-14 10:32:40][debug] [sms]start:1528943560
[2018-06-14 10:32:42][debug] [sms]all num:10
[2018-06-14 10:32:42][debug] [sms]run num:9
[2018-06-14 10:32:42][debug] [sms]ok num:7
[2018-06-14 10:32:42][debug] [sms]no num:0
[2018-06-14 10:32:42][debug] [sms]run time:2
[2018-06-14 10:32:42][debug] [sms]end:1528943562
[2018-06-14 10:32:42][debug] [sms]page:https://bbs.bivdg.top/plugin.php?id=tom_tchongbao:ajax&act=nitice_sms_hb_run&site=1&tongcheng_id=354&hongbao_id=46&page=40
[2018-06-14 10:32:43][debug] [sms]hongbao id:46
[2018-06-14 10:32:43][debug] [sms]page:40
[2018-06-14 10:32:43][debug] [sms]client IP:118.89.52.235
[2018-06-14 10:32:43][debug] [sms]start:1528943563
[2018-06-14 10:32:47][debug] [sms]all num:10
[2018-06-14 10:32:47][debug] [sms]run num:10
[2018-06-14 10:32:47][debug] [sms]ok num:3
[2018-06-14 10:32:47][debug] [sms]no num:0
[2018-06-14 10:32:47][debug] [sms]run time:4
[2018-06-14 10:32:47][debug] [sms]end:1528943567
[2018-06-14 10:32:47][debug] [sms]page:https://bbs.bivdg.top/plugin.php?id=tom_tchongbao:ajax&act=nitice_sms_hb_run&site=1&tongcheng_id=354&hongbao_id=46&page=41
[2018-06-14 10:32:47][debug] [sms]hongbao id:46
[2018-06-14 10:32:47][debug] [sms]page:41
[2018-06-14 10:32:47][debug] [sms]client IP:118.89.52.235
[2018-06-14 10:32:47][debug] [sms]start:1528943567
[2018-06-14 10:32:50][debug] [sms]all num:10
[2018-06-14 10:32:50][debug] [sms]run num:10
[2018-06-14 10:32:50][debug] [sms]ok num:2
[2018-06-14 10:32:50][debug] [sms]no num:0
[2018-06-14 10:32:50][debug] [sms]run time:3
[2018-06-14 10:32:50][debug] [sms]end:1528943570
[2018-06-14 10:32:50][debug] [sms]page:https://bbs.bivdg.top/plugin.php?id=tom_tchongbao:ajax&act=nitice_sms_hb_run&site=1&tongcheng_id=354&hongbao_id=46&page=42
[2018-06-14 10:32:50][debug] [sms]hongbao id:46
[2018-06-14 10:32:50][debug] [sms]page:42
[2018-06-14 10:32:50][debug] [sms]client IP:118.89.52.235
[2018-06-14 10:32:50][debug] [sms]start:1528943570
[2018-06-14 10:32:52][debug] [sms]all num:10
[2018-06-14 10:32:52][debug] [sms]run num:10
[2018-06-14 10:32:52][debug] [sms]ok num:5
[2018-06-14 10:32:52][debug] [sms]no num:0
[2018-06-14 10:32:52][debug] [sms]run time:2
[2018-06-14 10:32:52][debug] [sms]end:1528943572
[2018-06-14 10:32:52][debug] [sms]page:https://bbs.bivdg.top/plugin.php?id=tom_tchongbao:ajax&act=nitice_sms_hb_run&site=1&tongcheng_id=354&hongbao_id=46&page=43
[2018-06-14 10:32:53][debug] [sms]hongbao id:46
[2018-06-14 10:32:53][debug] [sms]page:43
[2018-06-14 10:32:53][debug] [sms]client IP:118.89.52.235
[2018-06-14 10:32:53][debug] [sms]start:1528943573
[2018-06-14 10:32:55][debug] [sms]all num:10
[2018-06-14 10:32:55][debug] [sms]run num:10
[2018-06-14 10:32:55][debug] [sms]ok num:6
[2018-06-14 10:32:55][debug] [sms]no num:0
[2018-06-14 10:32:55][debug] [sms]run time:2
[2018-06-14 10:32:55][debug] [sms]end:1528943575
[2018-06-14 10:32:55][debug] [sms]page:https://bbs.bivdg.top/plugin.php?id=tom_tchongbao:ajax&act=nitice_sms_hb_run&site=1&tongcheng_id=354&hongbao_id=46&page=44
[2018-06-14 10:32:56][debug] [sms]hongbao id:46
[2018-06-14 10:32:56][debug] [sms]page:44
[2018-06-14 10:32:56][debug] [sms]client IP:118.89.52.235
[2018-06-14 10:32:56][debug] [sms]start:1528943576
[2018-06-14 10:32:59][debug] [sms]all num:10
[2018-06-14 10:32:59][debug] [sms]run num:10
[2018-06-14 10:32:59][debug] [sms]ok num:3
[2018-06-14 10:32:59][debug] [sms]no num:0
[2018-06-14 10:32:59][debug] [sms]run time:3
[2018-06-14 10:32:59][debug] [sms]end:1528943579
[2018-06-14 10:32:59][debug] [sms]page:https://bbs.bivdg.top/plugin.php?id=tom_tchongbao:ajax&act=nitice_sms_hb_run&site=1&tongcheng_id=354&hongbao_id=46&page=45
[2018-06-14 10:32:59][debug] [sms]hongbao id:46
[2018-06-14 10:32:59][debug] [sms]page:45
[2018-06-14 10:32:59][debug] [sms]client IP:118.89.52.235
[2018-06-14 10:32:59][debug] [sms]start:1528943579
[2018-06-14 10:33:02][debug] [sms]all num:10
[2018-06-14 10:33:02][debug] [sms]run num:10
[2018-06-14 10:33:02][debug] [sms]ok num:3
[2018-06-14 10:33:02][debug] [sms]no num:0
[2018-06-14 10:33:02][debug] [sms]run time:3
[2018-06-14 10:33:02][debug] [sms]end:1528943582
[2018-06-14 10:33:02][debug] [sms]page:https://bbs.bivdg.top/plugin.php?id=tom_tchongbao:ajax&act=nitice_sms_hb_run&site=1&tongcheng_id=354&hongbao_id=46&page=46
[2018-06-14 10:33:02][debug] [sms]hongbao id:46
[2018-06-14 10:33:02][debug] [sms]page:46
[2018-06-14 10:33:02][debug] [sms]client IP:118.89.52.235
[2018-06-14 10:33:02][debug] [sms]start:1528943582
[2018-06-14 10:33:05][debug] [sms]all num:10
[2018-06-14 10:33:05][debug] [sms]run num:10
[2018-06-14 10:33:05][debug] [sms]ok num:5
[2018-06-14 10:33:05][debug] [sms]no num:0
[2018-06-14 10:33:05][debug] [sms]run time:3
[2018-06-14 10:33:05][debug] [sms]end:1528943585
[2018-06-14 10:33:05][debug] [sms]page:https://bbs.bivdg.top/plugin.php?id=tom_tchongbao:ajax&act=nitice_sms_hb_run&site=1&tongcheng_id=354&hongbao_id=46&page=47
[2018-06-14 10:33:06][debug] [sms]hongbao id:46
[2018-06-14 10:33:06][debug] [sms]page:47
[2018-06-14 10:33:06][debug] [sms]client IP:118.89.52.235
[2018-06-14 10:33:06][debug] [sms]start:1528943586
[2018-06-14 10:33:09][debug] [sms]all num:10
[2018-06-14 10:33:09][debug] [sms]run num:10
[2018-06-14 10:33:09][debug] [sms]ok num:2
[2018-06-14 10:33:09][debug] [sms]no num:0
[2018-06-14 10:33:09][debug] [sms]run time:3
[2018-06-14 10:33:09][debug] [sms]end:1528943589
[2018-06-14 10:33:09][debug] [sms]page:https://bbs.bivdg.top/plugin.php?id=tom_tchongbao:ajax&act=nitice_sms_hb_run&site=1&tongcheng_id=354&hongbao_id=46&page=48
[2018-06-14 10:33:09][debug] [sms]hongbao id:46
[2018-06-14 10:33:09][debug] [sms]page:48
[2018-06-14 10:33:09][debug] [sms]client IP:118.89.52.235
[2018-06-14 10:33:09][debug] [sms]start:1528943589
[2018-06-14 10:33:12][debug] [sms]all num:10
[2018-06-14 10:33:12][debug] [sms]run num:9
[2018-06-14 10:33:12][debug] [sms]ok num:2
[2018-06-14 10:33:12][debug] [sms]no num:0
[2018-06-14 10:33:12][debug] [sms]run time:3
[2018-06-14 10:33:12][debug] [sms]end:1528943592
[2018-06-14 10:33:12][debug] [sms]page:https://bbs.bivdg.top/plugin.php?id=tom_tchongbao:ajax&act=nitice_sms_hb_run&site=1&tongcheng_id=354&hongbao_id=46&page=49
[2018-06-14 10:33:12][debug] [sms]hongbao id:46
[2018-06-14 10:33:12][debug] [sms]page:49
[2018-06-14 10:33:12][debug] [sms]client IP:118.89.52.235
[2018-06-14 10:33:12][debug] [sms]start:1528943592
[2018-06-14 10:33:15][debug] [sms]all num:10
[2018-06-14 10:33:15][debug] [sms]run num:10
[2018-06-14 10:33:15][debug] [sms]ok num:5
[2018-06-14 10:33:15][debug] [sms]no num:0
[2018-06-14 10:33:15][debug] [sms]run time:3
[2018-06-14 10:33:15][debug] [sms]end:1528943595
[2018-06-14 10:33:15][debug] [sms]page:https://bbs.bivdg.top/plugin.php?id=tom_tchongbao:ajax&act=nitice_sms_hb_run&site=1&tongcheng_id=354&hongbao_id=46&page=50
[2018-06-14 10:33:15][debug] [sms]hongbao id:46
[2018-06-14 10:33:15][debug] [sms]page:50
[2018-06-14 10:33:15][debug] [sms]client IP:118.89.52.235
[2018-06-14 10:33:15][debug] [sms]start:1528943595
[2018-06-14 10:33:18][debug] [sms]all num:10
[2018-06-14 10:33:18][debug] [sms]run num:10
[2018-06-14 10:33:18][debug] [sms]ok num:6
[2018-06-14 10:33:18][debug] [sms]no num:0
[2018-06-14 10:33:18][debug] [sms]run time:3
[2018-06-14 10:33:18][debug] [sms]end:1528943598
[2018-06-14 10:33:18][debug] [sms]page:https://bbs.bivdg.top/plugin.php?id=tom_tchongbao:ajax&act=nitice_sms_hb_run&site=1&tongcheng_id=354&hongbao_id=46&page=51
[2018-06-14 10:33:18][debug] [sms]hongbao id:46
[2018-06-14 10:33:18][debug] [sms]page:51
[2018-06-14 10:33:18][debug] [sms]client IP:118.89.52.235
[2018-06-14 10:33:18][debug] [sms]start:1528943598
[2018-06-14 10:33:21][debug] [sms]all num:10
[2018-06-14 10:33:21][debug] [sms]run num:10
[2018-06-14 10:33:21][debug] [sms]ok num:2
[2018-06-14 10:33:21][debug] [sms]no num:0
[2018-06-14 10:33:21][debug] [sms]run time:3
[2018-06-14 10:33:21][debug] [sms]end:1528943601
[2018-06-14 10:33:21][debug] [sms]page:https://bbs.bivdg.top/plugin.php?id=tom_tchongbao:ajax&act=nitice_sms_hb_run&site=1&tongcheng_id=354&hongbao_id=46&page=52
[2018-06-14 10:33:21][debug] [sms]hongbao id:46
[2018-06-14 10:33:21][debug] [sms]page:52
[2018-06-14 10:33:21][debug] [sms]client IP:118.89.52.235
[2018-06-14 10:33:21][debug] [sms]start:1528943601
[2018-06-14 10:33:24][debug] [sms]all num:10
[2018-06-14 10:33:24][debug] [sms]run num:9
[2018-06-14 10:33:24][debug] [sms]ok num:2
[2018-06-14 10:33:24][debug] [sms]no num:0
[2018-06-14 10:33:24][debug] [sms]run time:3
[2018-06-14 10:33:24][debug] [sms]end:1528943604
[2018-06-14 10:33:24][debug] [sms]page:https://bbs.bivdg.top/plugin.php?id=tom_tchongbao:ajax&act=nitice_sms_hb_run&site=1&tongcheng_id=354&hongbao_id=46&page=53
[2018-06-14 10:33:24][debug] [sms]hongbao id:46
[2018-06-14 10:33:24][debug] [sms]page:53
[2018-06-14 10:33:24][debug] [sms]client IP:118.89.52.235
[2018-06-14 10:33:24][debug] [sms]start:1528943604
[2018-06-14 10:33:26][debug] [sms]all num:10
[2018-06-14 10:33:26][debug] [sms]run num:9
[2018-06-14 10:33:26][debug] [sms]ok num:5
[2018-06-14 10:33:26][debug] [sms]no num:0
[2018-06-14 10:33:26][debug] [sms]run time:2
[2018-06-14 10:33:26][debug] [sms]end:1528943606
[2018-06-14 10:33:26][debug] [sms]page:https://bbs.bivdg.top/plugin.php?id=tom_tchongbao:ajax&act=nitice_sms_hb_run&site=1&tongcheng_id=354&hongbao_id=46&page=54
[2018-06-14 10:33:27][debug] [sms]hongbao id:46
[2018-06-14 10:33:27][debug] [sms]page:54
[2018-06-14 10:33:27][debug] [sms]client IP:118.89.52.235
[2018-06-14 10:33:27][debug] [sms]start:1528943607
[2018-06-14 10:33:30][debug] [sms]all num:10
[2018-06-14 10:33:30][debug] [sms]run num:10
[2018-06-14 10:33:30][debug] [sms]ok num:1
[2018-06-14 10:33:30][debug] [sms]no num:0
[2018-06-14 10:33:30][debug] [sms]run time:3
[2018-06-14 10:33:30][debug] [sms]end:1528943610
[2018-06-14 10:33:30][debug] [sms]page:https://bbs.bivdg.top/plugin.php?id=tom_tchongbao:ajax&act=nitice_sms_hb_run&site=1&tongcheng_id=354&hongbao_id=46&page=55
[2018-06-14 10:33:30][debug] [sms]hongbao id:46
[2018-06-14 10:33:30][debug] [sms]page:55
[2018-06-14 10:33:30][debug] [sms]client IP:118.89.52.235
[2018-06-14 10:33:30][debug] [sms]start:1528943610
[2018-06-14 10:33:33][debug] [sms]all num:10
[2018-06-14 10:33:33][debug] [sms]run num:10
[2018-06-14 10:33:33][debug] [sms]ok num:1
[2018-06-14 10:33:33][debug] [sms]no num:0
[2018-06-14 10:33:33][debug] [sms]run time:3
[2018-06-14 10:33:33][debug] [sms]end:1528943613
[2018-06-14 10:33:33][debug] [sms]page:https://bbs.bivdg.top/plugin.php?id=tom_tchongbao:ajax&act=nitice_sms_hb_run&site=1&tongcheng_id=354&hongbao_id=46&page=56
[2018-06-14 10:33:33][debug] [sms]hongbao id:46
[2018-06-14 10:33:33][debug] [sms]page:56
[2018-06-14 10:33:33][debug] [sms]client IP:118.89.52.235
[2018-06-14 10:33:33][debug] [sms]start:1528943613
[2018-06-14 10:33:36][debug] [sms]all num:10
[2018-06-14 10:33:36][debug] [sms]run num:10
[2018-06-14 10:33:36][debug] [sms]ok num:6
[2018-06-14 10:33:36][debug] [sms]no num:0
[2018-06-14 10:33:36][debug] [sms]run time:3
[2018-06-14 10:33:36][debug] [sms]end:1528943616
[2018-06-14 10:33:36][debug] [sms]page:https://bbs.bivdg.top/plugin.php?id=tom_tchongbao:ajax&act=nitice_sms_hb_run&site=1&tongcheng_id=354&hongbao_id=46&page=57
[2018-06-14 10:33:36][debug] [sms]hongbao id:46
[2018-06-14 10:33:36][debug] [sms]page:57
[2018-06-14 10:33:36][debug] [sms]client IP:118.89.52.235
[2018-06-14 10:33:36][debug] [sms]start:1528943616
[2018-06-14 10:33:39][debug] [sms]all num:10
[2018-06-14 10:33:39][debug] [sms]run num:10
[2018-06-14 10:33:39][debug] [sms]ok num:4
[2018-06-14 10:33:39][debug] [sms]no num:0
[2018-06-14 10:33:39][debug] [sms]run time:3
[2018-06-14 10:33:39][debug] [sms]end:1528943619
[2018-06-14 10:33:39][debug] [sms]page:https://bbs.bivdg.top/plugin.php?id=tom_tchongbao:ajax&act=nitice_sms_hb_run&site=1&tongcheng_id=354&hongbao_id=46&page=58
[2018-06-14 10:33:39][debug] [sms]hongbao id:46
[2018-06-14 10:33:39][debug] [sms]page:58
[2018-06-14 10:33:39][debug] [sms]client IP:118.89.52.235
[2018-06-14 10:33:39][debug] [sms]start:1528943619
[2018-06-14 10:33:42][debug] [sms]all num:10
[2018-06-14 10:33:42][debug] [sms]run num:10
[2018-06-14 10:33:42][debug] [sms]ok num:2
[2018-06-14 10:33:42][debug] [sms]no num:0
[2018-06-14 10:33:42][debug] [sms]run time:3
[2018-06-14 10:33:42][debug] [sms]end:1528943622
[2018-06-14 10:33:42][debug] [sms]page:https://bbs.bivdg.top/plugin.php?id=tom_tchongbao:ajax&act=nitice_sms_hb_run&site=1&tongcheng_id=354&hongbao_id=46&page=59
[2018-06-14 10:33:42][debug] [sms]hongbao id:46
[2018-06-14 10:33:42][debug] [sms]page:59
[2018-06-14 10:33:42][debug] [sms]client IP:118.89.52.235
[2018-06-14 10:33:42][debug] [sms]start:1528943622
[2018-06-14 10:33:45][debug] [sms]all num:10
[2018-06-14 10:33:45][debug] [sms]run num:10
[2018-06-14 10:33:45][debug] [sms]ok num:1
[2018-06-14 10:33:45][debug] [sms]no num:0
[2018-06-14 10:33:45][debug] [sms]run time:3
[2018-06-14 10:33:45][debug] [sms]end:1528943625
[2018-06-14 10:33:45][debug] [sms]page:https://bbs.bivdg.top/plugin.php?id=tom_tchongbao:ajax&act=nitice_sms_hb_run&site=1&tongcheng_id=354&hongbao_id=46&page=60
[2018-06-14 10:33:46][debug] [sms]hongbao id:46
[2018-06-14 10:33:46][debug] [sms]page:60
[2018-06-14 10:33:46][debug] [sms]client IP:118.89.52.235
[2018-06-14 10:33:46][debug] [sms]start:1528943626
[2018-06-14 10:33:48][debug] [sms]all num:10
[2018-06-14 10:33:48][debug] [sms]run num:10
[2018-06-14 10:33:48][debug] [sms]ok num:5
[2018-06-14 10:33:48][debug] [sms]no num:0
[2018-06-14 10:33:48][debug] [sms]run time:2
[2018-06-14 10:33:48][debug] [sms]end:1528943628
[2018-06-14 10:33:48][debug] [sms]page:https://bbs.bivdg.top/plugin.php?id=tom_tchongbao:ajax&act=nitice_sms_hb_run&site=1&tongcheng_id=354&hongbao_id=46&page=61
[2018-06-14 10:33:49][debug] [sms]hongbao id:46
[2018-06-14 10:33:49][debug] [sms]page:61
[2018-06-14 10:33:49][debug] [sms]client IP:118.89.52.235
[2018-06-14 10:33:49][debug] [sms]start:1528943629
[2018-06-14 10:33:52][debug] [sms]all num:10
[2018-06-14 10:33:52][debug] [sms]run num:10
[2018-06-14 10:33:52][debug] [sms]ok num:2
[2018-06-14 10:33:52][debug] [sms]no num:0
[2018-06-14 10:33:52][debug] [sms]run time:3
[2018-06-14 10:33:52][debug] [sms]end:1528943632
[2018-06-14 10:33:52][debug] [sms]page:https://bbs.bivdg.top/plugin.php?id=tom_tchongbao:ajax&act=nitice_sms_hb_run&site=1&tongcheng_id=354&hongbao_id=46&page=62
[2018-06-14 10:33:52][debug] [sms]hongbao id:46
[2018-06-14 10:33:52][debug] [sms]page:62
[2018-06-14 10:33:52][debug] [sms]client IP:118.89.52.235
[2018-06-14 10:33:52][debug] [sms]start:1528943632
[2018-06-14 10:33:55][debug] [sms]all num:10
[2018-06-14 10:33:55][debug] [sms]run num:10
[2018-06-14 10:33:55][debug] [sms]ok num:2
[2018-06-14 10:33:55][debug] [sms]no num:0
[2018-06-14 10:33:55][debug] [sms]run time:3
[2018-06-14 10:33:55][debug] [sms]end:1528943635
[2018-06-14 10:33:55][debug] [sms]page:https://bbs.bivdg.top/plugin.php?id=tom_tchongbao:ajax&act=nitice_sms_hb_run&site=1&tongcheng_id=354&hongbao_id=46&page=63
[2018-06-14 10:33:55][debug] [sms]hongbao id:46
[2018-06-14 10:33:55][debug] [sms]page:63
[2018-06-14 10:33:55][debug] [sms]client IP:118.89.52.235
[2018-06-14 10:33:55][debug] [sms]start:1528943635
[2018-06-14 10:33:58][debug] [sms]all num:10
[2018-06-14 10:33:58][debug] [sms]run num:10
[2018-06-14 10:33:58][debug] [sms]ok num:2
[2018-06-14 10:33:58][debug] [sms]no num:0
[2018-06-14 10:33:58][debug] [sms]run time:3
[2018-06-14 10:33:58][debug] [sms]end:1528943638
[2018-06-14 10:33:58][debug] [sms]page:https://bbs.bivdg.top/plugin.php?id=tom_tchongbao:ajax&act=nitice_sms_hb_run&site=1&tongcheng_id=354&hongbao_id=46&page=64
[2018-06-14 10:33:58][debug] [sms]hongbao id:46
[2018-06-14 10:33:58][debug] [sms]page:64
[2018-06-14 10:33:58][debug] [sms]client IP:118.89.52.235
[2018-06-14 10:33:58][debug] [sms]start:1528943638
[2018-06-14 10:34:00][debug] [sms]all num:10
[2018-06-14 10:34:00][debug] [sms]run num:9
[2018-06-14 10:34:00][debug] [sms]ok num:2
[2018-06-14 10:34:00][debug] [sms]no num:0
[2018-06-14 10:34:00][debug] [sms]run time:2
[2018-06-14 10:34:00][debug] [sms]end:1528943640
[2018-06-14 10:34:00][debug] [sms]page:https://bbs.bivdg.top/plugin.php?id=tom_tchongbao:ajax&act=nitice_sms_hb_run&site=1&tongcheng_id=354&hongbao_id=46&page=65
[2018-06-14 10:34:01][debug] [sms]hongbao id:46
[2018-06-14 10:34:01][debug] [sms]page:65
[2018-06-14 10:34:01][debug] [sms]client IP:118.89.52.235
[2018-06-14 10:34:01][debug] [sms]start:1528943641
[2018-06-14 10:34:03][debug] [sms]all num:10
[2018-06-14 10:34:03][debug] [sms]run num:10
[2018-06-14 10:34:03][debug] [sms]ok num:3
[2018-06-14 10:34:03][debug] [sms]no num:0
[2018-06-14 10:34:03][debug] [sms]run time:2
[2018-06-14 10:34:03][debug] [sms]end:1528943643
[2018-06-14 10:34:03][debug] [sms]page:https://bbs.bivdg.top/plugin.php?id=tom_tchongbao:ajax&act=nitice_sms_hb_run&site=1&tongcheng_id=354&hongbao_id=46&page=66
[2018-06-14 10:34:04][debug] [sms]hongbao id:46
[2018-06-14 10:34:04][debug] [sms]page:66
[2018-06-14 10:34:04][debug] [sms]client IP:118.89.52.235
[2018-06-14 10:34:04][debug] [sms]start:1528943644
[2018-06-14 10:34:06][debug] [sms]all num:10
[2018-06-14 10:34:06][debug] [sms]run num:9
[2018-06-14 10:34:06][debug] [sms]ok num:3
[2018-06-14 10:34:06][debug] [sms]no num:0
[2018-06-14 10:34:06][debug] [sms]run time:2
[2018-06-14 10:34:06][debug] [sms]end:1528943646
[2018-06-14 10:34:06][debug] [sms]page:https://bbs.bivdg.top/plugin.php?id=tom_tchongbao:ajax&act=nitice_sms_hb_run&site=1&tongcheng_id=354&hongbao_id=46&page=67
[2018-06-14 10:34:06][debug] [sms]hongbao id:46
[2018-06-14 10:34:06][debug] [sms]page:67
[2018-06-14 10:34:06][debug] [sms]client IP:118.89.52.235
[2018-06-14 10:34:06][debug] [sms]start:1528943646
[2018-06-14 10:34:09][debug] [sms]all num:10
[2018-06-14 10:34:09][debug] [sms]run num:9
[2018-06-14 10:34:09][debug] [sms]ok num:2
[2018-06-14 10:34:09][debug] [sms]no num:0
[2018-06-14 10:34:09][debug] [sms]run time:3
[2018-06-14 10:34:09][debug] [sms]end:1528943649
[2018-06-14 10:34:09][debug] [sms]page:https://bbs.bivdg.top/plugin.php?id=tom_tchongbao:ajax&act=nitice_sms_hb_run&site=1&tongcheng_id=354&hongbao_id=46&page=68
[2018-06-14 10:34:09][debug] [sms]hongbao id:46
[2018-06-14 10:34:09][debug] [sms]page:68
[2018-06-14 10:34:09][debug] [sms]client IP:118.89.52.235
[2018-06-14 10:34:09][debug] [sms]start:1528943649
[2018-06-14 10:34:12][debug] [sms]all num:10
[2018-06-14 10:34:12][debug] [sms]run num:10
[2018-06-14 10:34:12][debug] [sms]ok num:2
[2018-06-14 10:34:12][debug] [sms]no num:0
[2018-06-14 10:34:12][debug] [sms]run time:3
[2018-06-14 10:34:12][debug] [sms]end:1528943652
[2018-06-14 10:34:12][debug] [sms]page:https://bbs.bivdg.top/plugin.php?id=tom_tchongbao:ajax&act=nitice_sms_hb_run&site=1&tongcheng_id=354&hongbao_id=46&page=69
[2018-06-14 10:34:12][debug] [sms]hongbao id:46
[2018-06-14 10:34:12][debug] [sms]page:69
[2018-06-14 10:34:12][debug] [sms]client IP:118.89.52.235
[2018-06-14 10:34:12][debug] [sms]start:1528943652
[2018-06-14 10:34:15][debug] [sms]all num:10
[2018-06-14 10:34:15][debug] [sms]run num:10
[2018-06-14 10:34:15][debug] [sms]ok num:3
[2018-06-14 10:34:15][debug] [sms]no num:0
[2018-06-14 10:34:15][debug] [sms]run time:3
[2018-06-14 10:34:15][debug] [sms]end:1528943655
[2018-06-14 10:34:15][debug] [sms]page:https://bbs.bivdg.top/plugin.php?id=tom_tchongbao:ajax&act=nitice_sms_hb_run&site=1&tongcheng_id=354&hongbao_id=46&page=70
[2018-06-14 10:34:15][debug] [sms]hongbao id:46
[2018-06-14 10:34:15][debug] [sms]page:70
[2018-06-14 10:34:15][debug] [sms]client IP:118.89.52.235
[2018-06-14 10:34:15][debug] [sms]start:1528943655
[2018-06-14 10:34:18][debug] [sms]all num:10
[2018-06-14 10:34:18][debug] [sms]run num:10
[2018-06-14 10:34:18][debug] [sms]ok num:3
[2018-06-14 10:34:18][debug] [sms]no num:0
[2018-06-14 10:34:18][debug] [sms]run time:3
[2018-06-14 10:34:18][debug] [sms]end:1528943658
[2018-06-14 10:34:18][debug] [sms]page:https://bbs.bivdg.top/plugin.php?id=tom_tchongbao:ajax&act=nitice_sms_hb_run&site=1&tongcheng_id=354&hongbao_id=46&page=71
[2018-06-14 10:34:19][debug] [sms]hongbao id:46
[2018-06-14 10:34:19][debug] [sms]page:71
[2018-06-14 10:34:19][debug] [sms]client IP:118.89.52.235
[2018-06-14 10:34:19][debug] [sms]start:1528943659
[2018-06-14 10:34:21][debug] [sms]all num:10
[2018-06-14 10:34:21][debug] [sms]run num:10
[2018-06-14 10:34:21][debug] [sms]ok num:3
[2018-06-14 10:34:21][debug] [sms]no num:0
[2018-06-14 10:34:21][debug] [sms]run time:2
[2018-06-14 10:34:21][debug] [sms]end:1528943661
[2018-06-14 10:34:21][debug] [sms]page:https://bbs.bivdg.top/plugin.php?id=tom_tchongbao:ajax&act=nitice_sms_hb_run&site=1&tongcheng_id=354&hongbao_id=46&page=72
[2018-06-14 10:34:22][debug] [sms]hongbao id:46
[2018-06-14 10:34:22][debug] [sms]page:72
[2018-06-14 10:34:22][debug] [sms]client IP:118.89.52.235
[2018-06-14 10:34:22][debug] [sms]start:1528943662
[2018-06-14 10:34:24][debug] [sms]all num:10
[2018-06-14 10:34:24][debug] [sms]run num:10
[2018-06-14 10:34:24][debug] [sms]ok num:0
[2018-06-14 10:34:24][debug] [sms]no num:0
[2018-06-14 10:34:24][debug] [sms]run time:2
[2018-06-14 10:34:24][debug] [sms]end:1528943664
[2018-06-14 10:34:24][debug] [sms]page:https://bbs.bivdg.top/plugin.php?id=tom_tchongbao:ajax&act=nitice_sms_hb_run&site=1&tongcheng_id=354&hongbao_id=46&page=73
[2018-06-14 10:34:25][debug] [sms]hongbao id:46
[2018-06-14 10:34:25][debug] [sms]page:73
[2018-06-14 10:34:25][debug] [sms]client IP:118.89.52.235
[2018-06-14 10:34:25][debug] [sms]start:1528943665
[2018-06-14 10:34:28][debug] [sms]all num:10
[2018-06-14 10:34:28][debug] [sms]run num:10
[2018-06-14 10:34:28][debug] [sms]ok num:2
[2018-06-14 10:34:28][debug] [sms]no num:0
[2018-06-14 10:34:28][debug] [sms]run time:3
[2018-06-14 10:34:28][debug] [sms]end:1528943668
[2018-06-14 10:34:28][debug] [sms]page:https://bbs.bivdg.top/plugin.php?id=tom_tchongbao:ajax&act=nitice_sms_hb_run&site=1&tongcheng_id=354&hongbao_id=46&page=74
[2018-06-14 10:34:28][debug] [sms]hongbao id:46
[2018-06-14 10:34:28][debug] [sms]page:74
[2018-06-14 10:34:28][debug] [sms]client IP:118.89.52.235
[2018-06-14 10:34:28][debug] [sms]start:1528943668
[2018-06-14 10:34:30][debug] [sms]all num:10
[2018-06-14 10:34:30][debug] [sms]run num:9
[2018-06-14 10:34:30][debug] [sms]ok num:2
[2018-06-14 10:34:30][debug] [sms]no num:0
[2018-06-14 10:34:30][debug] [sms]run time:2
[2018-06-14 10:34:30][debug] [sms]end:1528943670
[2018-06-14 10:34:30][debug] [sms]page:https://bbs.bivdg.top/plugin.php?id=tom_tchongbao:ajax&act=nitice_sms_hb_run&site=1&tongcheng_id=354&hongbao_id=46&page=75
[2018-06-14 10:34:31][debug] [sms]hongbao id:46
[2018-06-14 10:34:31][debug] [sms]page:75
[2018-06-14 10:34:31][debug] [sms]client IP:118.89.52.235
[2018-06-14 10:34:31][debug] [sms]start:1528943671
[2018-06-14 10:34:33][debug] [sms]all num:10
[2018-06-14 10:34:33][debug] [sms]run num:10
[2018-06-14 10:34:33][debug] [sms]ok num:2
[2018-06-14 10:34:33][debug] [sms]no num:0
[2018-06-14 10:34:33][debug] [sms]run time:2
[2018-06-14 10:34:33][debug] [sms]end:1528943673
[2018-06-14 10:34:33][debug] [sms]page:https://bbs.bivdg.top/plugin.php?id=tom_tchongbao:ajax&act=nitice_sms_hb_run&site=1&tongcheng_id=354&hongbao_id=46&page=76
[2018-06-14 10:34:34][debug] [sms]hongbao id:46
[2018-06-14 10:34:34][debug] [sms]page:76
[2018-06-14 10:34:34][debug] [sms]client IP:118.89.52.235
[2018-06-14 10:34:34][debug] [sms]start:1528943674
[2018-06-14 10:34:37][debug] [sms]all num:10
[2018-06-14 10:34:37][debug] [sms]run num:10
[2018-06-14 10:34:37][debug] [sms]ok num:5
[2018-06-14 10:34:37][debug] [sms]no num:0
[2018-06-14 10:34:37][debug] [sms]run time:3
[2018-06-14 10:34:37][debug] [sms]end:1528943677
[2018-06-14 10:34:37][debug] [sms]page:https://bbs.bivdg.top/plugin.php?id=tom_tchongbao:ajax&act=nitice_sms_hb_run&site=1&tongcheng_id=354&hongbao_id=46&page=77
[2018-06-14 10:34:37][debug] [sms]hongbao id:46
[2018-06-14 10:34:37][debug] [sms]page:77
[2018-06-14 10:34:37][debug] [sms]client IP:118.89.52.235
[2018-06-14 10:34:37][debug] [sms]start:1528943677
[2018-06-14 10:34:40][debug] [sms]all num:10
[2018-06-14 10:34:40][debug] [sms]run num:10
[2018-06-14 10:34:40][debug] [sms]ok num:6
[2018-06-14 10:34:40][debug] [sms]no num:0
[2018-06-14 10:34:40][debug] [sms]run time:3
[2018-06-14 10:34:40][debug] [sms]end:1528943680
[2018-06-14 10:34:40][debug] [sms]page:https://bbs.bivdg.top/plugin.php?id=tom_tchongbao:ajax&act=nitice_sms_hb_run&site=1&tongcheng_id=354&hongbao_id=46&page=78
[2018-06-14 10:34:40][debug] [sms]hongbao id:46
[2018-06-14 10:34:40][debug] [sms]page:78
[2018-06-14 10:34:40][debug] [sms]client IP:118.89.52.235
[2018-06-14 10:34:40][debug] [sms]start:1528943680
[2018-06-14 10:34:43][debug] [sms]all num:10
[2018-06-14 10:34:43][debug] [sms]run num:10
[2018-06-14 10:34:43][debug] [sms]ok num:2
[2018-06-14 10:34:43][debug] [sms]no num:0
[2018-06-14 10:34:43][debug] [sms]run time:3
[2018-06-14 10:34:43][debug] [sms]end:1528943683
[2018-06-14 10:34:43][debug] [sms]page:https://bbs.bivdg.top/plugin.php?id=tom_tchongbao:ajax&act=nitice_sms_hb_run&site=1&tongcheng_id=354&hongbao_id=46&page=79
[2018-06-14 10:34:44][debug] [sms]hongbao id:46
[2018-06-14 10:34:44][debug] [sms]page:79
[2018-06-14 10:34:44][debug] [sms]client IP:118.89.52.235
[2018-06-14 10:34:44][debug] [sms]start:1528943684
[2018-06-14 10:34:47][debug] [sms]all num:10
[2018-06-14 10:34:47][debug] [sms]run num:10
[2018-06-14 10:34:47][debug] [sms]ok num:5
[2018-06-14 10:34:47][debug] [sms]no num:0
[2018-06-14 10:34:47][debug] [sms]run time:3
[2018-06-14 10:34:47][debug] [sms]end:1528943687
[2018-06-14 10:34:47][debug] [sms]page:https://bbs.bivdg.top/plugin.php?id=tom_tchongbao:ajax&act=nitice_sms_hb_run&site=1&tongcheng_id=354&hongbao_id=46&page=80
[2018-06-14 10:34:47][debug] [sms]hongbao id:46
[2018-06-14 10:34:47][debug] [sms]page:80
[2018-06-14 10:34:47][debug] [sms]client IP:118.89.52.235
[2018-06-14 10:34:47][debug] [sms]start:1528943687
[2018-06-14 10:34:50][debug] [sms]all num:10
[2018-06-14 10:34:50][debug] [sms]run num:10
[2018-06-14 10:34:50][debug] [sms]ok num:4
[2018-06-14 10:34:50][debug] [sms]no num:0
[2018-06-14 10:34:50][debug] [sms]run time:3
[2018-06-14 10:34:50][debug] [sms]end:1528943690
[2018-06-14 10:34:50][debug] [sms]page:https://bbs.bivdg.top/plugin.php?id=tom_tchongbao:ajax&act=nitice_sms_hb_run&site=1&tongcheng_id=354&hongbao_id=46&page=81
[2018-06-14 10:34:51][debug] [sms]hongbao id:46
[2018-06-14 10:34:51][debug] [sms]page:81
[2018-06-14 10:34:51][debug] [sms]client IP:118.89.52.235
[2018-06-14 10:34:51][debug] [sms]start:1528943691
[2018-06-14 10:34:54][debug] [sms]all num:10
[2018-06-14 10:34:54][debug] [sms]run num:10
[2018-06-14 10:34:54][debug] [sms]ok num:1
[2018-06-14 10:34:54][debug] [sms]no num:0
[2018-06-14 10:34:54][debug] [sms]run time:3
[2018-06-14 10:34:54][debug] [sms]end:1528943694
[2018-06-14 10:34:54][debug] [sms]page:https://bbs.bivdg.top/plugin.php?id=tom_tchongbao:ajax&act=nitice_sms_hb_run&site=1&tongcheng_id=354&hongbao_id=46&page=82
[2018-06-14 10:34:54][debug] [sms]hongbao id:46
[2018-06-14 10:34:54][debug] [sms]page:82
[2018-06-14 10:34:54][debug] [sms]client IP:118.89.52.235
[2018-06-14 10:34:54][debug] [sms]start:1528943694
[2018-06-14 10:34:57][debug] [sms]all num:10
[2018-06-14 10:34:57][debug] [sms]run num:10
[2018-06-14 10:34:57][debug] [sms]ok num:1
[2018-06-14 10:34:57][debug] [sms]no num:0
[2018-06-14 10:34:57][debug] [sms]run time:3
[2018-06-14 10:34:57][debug] [sms]end:1528943697
[2018-06-14 10:34:57][debug] [sms]page:https://bbs.bivdg.top/plugin.php?id=tom_tchongbao:ajax&act=nitice_sms_hb_run&site=1&tongcheng_id=354&hongbao_id=46&page=83
[2018-06-14 10:34:57][debug] [sms]hongbao id:46
[2018-06-14 10:34:57][debug] [sms]page:83
[2018-06-14 10:34:57][debug] [sms]client IP:118.89.52.235
[2018-06-14 10:34:57][debug] [sms]start:1528943697
[2018-06-14 10:35:00][debug] [sms]all num:10
[2018-06-14 10:35:00][debug] [sms]run num:10
[2018-06-14 10:35:00][debug] [sms]ok num:2
[2018-06-14 10:35:00][debug] [sms]no num:0
[2018-06-14 10:35:00][debug] [sms]run time:3
[2018-06-14 10:35:00][debug] [sms]end:1528943700
[2018-06-14 10:35:00][debug] [sms]page:https://bbs.bivdg.top/plugin.php?id=tom_tchongbao:ajax&act=nitice_sms_hb_run&site=1&tongcheng_id=354&hongbao_id=46&page=84
[2018-06-14 10:35:00][debug] [sms]hongbao id:46
[2018-06-14 10:35:00][debug] [sms]page:84
[2018-06-14 10:35:00][debug] [sms]client IP:118.89.52.235
[2018-06-14 10:35:00][debug] [sms]start:1528943700
[2018-06-14 10:35:03][debug] [sms]all num:10
[2018-06-14 10:35:03][debug] [sms]run num:10
[2018-06-14 10:35:03][debug] [sms]ok num:2
[2018-06-14 10:35:03][debug] [sms]no num:0
[2018-06-14 10:35:03][debug] [sms]run time:3
[2018-06-14 10:35:03][debug] [sms]end:1528943703
[2018-06-14 10:35:03][debug] [sms]page:https://bbs.bivdg.top/plugin.php?id=tom_tchongbao:ajax&act=nitice_sms_hb_run&site=1&tongcheng_id=354&hongbao_id=46&page=85
[2018-06-14 10:35:04][debug] [sms]hongbao id:46
[2018-06-14 10:35:04][debug] [sms]page:85
[2018-06-14 10:35:04][debug] [sms]client IP:118.89.52.235
[2018-06-14 10:35:04][debug] [sms]start:1528943704
[2018-06-14 10:35:06][debug] [sms]all num:10
[2018-06-14 10:35:06][debug] [sms]run num:10
[2018-06-14 10:35:06][debug] [sms]ok num:3
[2018-06-14 10:35:06][debug] [sms]no num:0
[2018-06-14 10:35:06][debug] [sms]run time:2
[2018-06-14 10:35:06][debug] [sms]end:1528943706
[2018-06-14 10:35:06][debug] [sms]page:https://bbs.bivdg.top/plugin.php?id=tom_tchongbao:ajax&act=nitice_sms_hb_run&site=1&tongcheng_id=354&hongbao_id=46&page=86
[2018-06-14 10:35:07][debug] [sms]hongbao id:46
[2018-06-14 10:35:07][debug] [sms]page:86
[2018-06-14 10:35:07][debug] [sms]client IP:118.89.52.235
[2018-06-14 10:35:07][debug] [sms]start:1528943707
[2018-06-14 10:35:09][debug] [sms]all num:8
[2018-06-14 10:35:09][debug] [sms]run num:8
[2018-06-14 10:35:09][debug] [sms]ok num:1
[2018-06-14 10:35:09][debug] [sms]no num:0
[2018-06-14 10:35:09][debug] [sms]run time:2
[2018-06-14 10:35:09][debug] [sms]end:1528943709
[2018-06-14 10:35:09][debug] [sms]page:https://bbs.bivdg.top/plugin.php?id=tom_tchongbao:ajax&act=nitice_sms_hb_run&site=1&tongcheng_id=354&hongbao_id=46&page=87
[2018-06-14 10:35:09][debug] [sms]hongbao id:46
[2018-06-14 10:35:09][debug] [sms]page:87
[2018-06-14 10:35:09][debug] [sms]client IP:118.89.52.235
[2018-06-14 10:35:09][debug] [sms]start:1528943709
[2018-06-14 10:35:09][debug] [sms]all num:0
[2018-06-14 10:35:09][debug] [sms]run num:0
[2018-06-14 10:35:09][debug] [sms]ok num:0
[2018-06-14 10:35:09][debug] [sms]no num:0
[2018-06-14 10:35:09][debug] [sms]run time:0
[2018-06-14 10:35:09][debug] [sms]end:1528943709
[2018-06-14 10:35:09][debug] [sms]over:1528943709
